[ 2017-08-30T09:52:15+08:00 ] 110.249.130.170 /index.php/server/user/login
INFO: [ app_init ] --START--
INFO: Run Behavior\BuildLiteBehavior [ RunTime:0.000020s ]
INFO: [ app_init ] --END-- [ RunTime:0.001950s ]
INFO: [ app_begin ] --START--
INFO: Run Behavior\ReadHtmlCacheBehavior [ RunTime:0.002840s ]
INFO: [ app_begin ] --END-- [ RunTime:0.002930s ]
NOTIC: [8] A session had already been started - ignoring session_start() D:\wm\ThinkPHP\Common\functions.php 第 1263 行.
SQL: SHOW COLUMNS FROM `et_shop` [ RunTime:0.0610s ]
SQL: SELECT `shopid` FROM `et_shop` WHERE `phone` = '15230868185' AND `password` = 'bc13ec4937f9a6a5a8bd5e02bbcc14c1' LIMIT 1   [ RunTime:0.0003s ]

[ 2017-08-30T09:52:17+08:00 ] 123.182.240.6 /index.php/server/order/norderlist
INFO: [ app_init ] --START--
INFO: Run Behavior\BuildLiteBehavior [ RunTime:0.000049s ]
INFO: [ app_init ] --END-- [ RunTime:0.000408s ]
INFO: [ app_begin ] --START--
INFO: Run Behavior\ReadHtmlCacheBehavior [ RunTime:0.000498s ]
INFO: [ app_begin ] --END-- [ RunTime:0.000553s ]
NOTIC: [8] A session had already been started - ignoring session_start() D:\wm\ThinkPHP\Common\functions.php 第 1263 行.
SQL: SHOW COLUMNS FROM `et_orders` [ RunTime:0.0033s ]
SQL: SELECT * FROM `et_orders` WHERE `state` = 1  [ RunTime:0.0034s ]
SQL: UPDATE `et_orders` SET `statu`='1' WHERE `orderid` = '1503993880' [ RunTime:0.0717s ]
SQL: SHOW COLUMNS FROM `et_mingxi` [ RunTime:0.0376s ]
SQL: SELECT * FROM `et_mingxi` WHERE `orderid` = '1503993880' LIMIT 1   [ RunTime:0.2394s ]
SQL: UPDATE `et_mingxi` SET `flag`='2' WHERE `orderid` = '1503993880' [ RunTime:0.0264s ]
SQL: SELECT * FROM `et_orders` WHERE `state` IN ('1','2') AND `shopid` = 45 AND `statu` = 2  [ RunTime:0.0016s ]

[ 2017-08-30T09:52:57+08:00 ] 123.182.240.6 /index.php/server/user/shopmesa
INFO: [ app_init ] --START--
INFO: Run Behavior\BuildLiteBehavior [ RunTime:0.000016s ]
INFO: [ app_init ] --END-- [ RunTime:0.000364s ]
INFO: [ app_begin ] --START--
INFO: Run Behavior\ReadHtmlCacheBehavior [ RunTime:0.000533s ]
INFO: [ app_begin ] --END-- [ RunTime:0.000592s ]
NOTIC: [8] A session had already been started - ignoring session_start() D:\wm\ThinkPHP\Common\functions.php 第 1263 行.
SQL: SHOW COLUMNS FROM `et_shopmessage` [ RunTime:0.0023s ]
SQL: SELECT `content`,`gotime`,`long`,`maxprice`,`maxlong`,`lkmoney`,`shophead`,`shopphoto`,`shopname`,`state`,`coordinate`,`detailed_address`,`mobile` FROM `et_shopmessage` WHERE `shopid` = 45 LIMIT 1   [ RunTime:0.0004s ]
SQL: SHOW COLUMNS FROM `et_mingxi` [ RunTime:0.0315s ]
SQL: SELECT * FROM `et_mingxi` WHERE `addtime` BETWEEN '2017-08-30 00:00:00' AND '2017-08-30 09:52:57' AND `shopid` = 45 AND `flag` = 1  [ RunTime:0.0005s ]
SQL: SHOW COLUMNS FROM `et_orders` [ RunTime:0.0024s ]
SQL: SELECT * FROM `et_orders` WHERE `addtime` BETWEEN '2017-08-30 00:00:00' AND '2017-08-30 09:52:57' AND `state` IN ('3','4','5') AND `shopid` = 45  [ RunTime:0.0008s ]

[ 2017-08-30T09:53:07+08:00 ] 123.182.240.6 /index.php/server/user/shopmesa
INFO: [ app_init ] --START--
INFO: Run Behavior\BuildLiteBehavior [ RunTime:0.000018s ]
INFO: [ app_init ] --END-- [ RunTime:0.000362s ]
INFO: [ app_begin ] --START--
INFO: Run Behavior\ReadHtmlCacheBehavior [ RunTime:0.000523s ]
INFO: [ app_begin ] --END-- [ RunTime:0.000579s ]
NOTIC: [8] A session had already been started - ignoring session_start() D:\wm\ThinkPHP\Common\functions.php 第 1263 行.
SQL: SHOW COLUMNS FROM `et_shopmessage` [ RunTime:0.0034s ]
SQL: SELECT `content`,`gotime`,`long`,`maxprice`,`maxlong`,`lkmoney`,`shophead`,`shopphoto`,`shopname`,`state`,`coordinate`,`detailed_address`,`mobile` FROM `et_shopmessage` WHERE `shopid` = 45 LIMIT 1   [ RunTime:0.0006s ]
SQL: SHOW COLUMNS FROM `et_mingxi` [ RunTime:0.0022s ]
SQL: SELECT * FROM `et_mingxi` WHERE `addtime` BETWEEN '2017-08-30 00:00:00' AND '2017-08-30 09:53:07' AND `shopid` = 45 AND `flag` = 1  [ RunTime:0.0005s ]
SQL: SHOW COLUMNS FROM `et_orders` [ RunTime:0.0020s ]
SQL: SELECT * FROM `et_orders` WHERE `addtime` BETWEEN '2017-08-30 00:00:00' AND '2017-08-30 09:53:07' AND `state` IN ('3','4','5') AND `shopid` = 45  [ RunTime:0.0008s ]

[ 2017-08-30T09:53:14+08:00 ] 123.182.240.6 /index.php/server/user/shopmesa
INFO: [ app_init ] --START--
INFO: Run Behavior\BuildLiteBehavior [ RunTime:0.000016s ]
INFO: [ app_init ] --END-- [ RunTime:0.000343s ]
INFO: [ app_begin ] --START--
INFO: Run Behavior\ReadHtmlCacheBehavior [ RunTime:0.000469s ]
INFO: [ app_begin ] --END-- [ RunTime:0.000523s ]
NOTIC: [8] A session had already been started - ignoring session_start() D:\wm\ThinkPHP\Common\functions.php 第 1263 行.
SQL: SHOW COLUMNS FROM `et_shopmessage` [ RunTime:0.0031s ]
SQL: SELECT `content`,`gotime`,`long`,`maxprice`,`maxlong`,`lkmoney`,`shophead`,`shopphoto`,`shopname`,`state`,`coordinate`,`detailed_address`,`mobile` FROM `et_shopmessage` WHERE `shopid` = 45 LIMIT 1   [ RunTime:0.0003s ]
SQL: SHOW COLUMNS FROM `et_mingxi` [ RunTime:0.0023s ]
SQL: SELECT * FROM `et_mingxi` WHERE `addtime` BETWEEN '2017-08-30 00:00:00' AND '2017-08-30 09:53:14' AND `shopid` = 45 AND `flag` = 1  [ RunTime:0.0005s ]
SQL: SHOW COLUMNS FROM `et_orders` [ RunTime:0.0443s ]
SQL: SELECT * FROM `et_orders` WHERE `addtime` BETWEEN '2017-08-30 00:00:00' AND '2017-08-30 09:53:14' AND `state` IN ('3','4','5') AND `shopid` = 45  [ RunTime:0.0009s ]

[ 2017-08-30T09:56:13+08:00 ] 110.249.130.170 /index.php/server/user/shopmesa
INFO: [ app_init ] --START--
INFO: Run Behavior\BuildLiteBehavior [ RunTime:0.000019s ]
INFO: [ app_init ] --END-- [ RunTime:0.000415s ]
INFO: [ app_begin ] --START--
INFO: Run Behavior\ReadHtmlCacheBehavior [ RunTime:0.000490s ]
INFO: [ app_begin ] --END-- [ RunTime:0.000546s ]
NOTIC: [8] A session had already been started - ignoring session_start() D:\wm\ThinkPHP\Common\functions.php 第 1263 行.
SQL: SHOW COLUMNS FROM `et_shopmessage` [ RunTime:0.0519s ]
SQL: SELECT `content`,`gotime`,`long`,`maxprice`,`maxlong`,`lkmoney`,`shophead`,`shopphoto`,`shopname`,`state`,`coordinate`,`detailed_address`,`mobile` FROM `et_shopmessage` WHERE `shopid` = 45 LIMIT 1   [ RunTime:0.0003s ]
SQL: SHOW COLUMNS FROM `et_mingxi` [ RunTime:0.0023s ]
SQL: SELECT * FROM `et_mingxi` WHERE `addtime` BETWEEN '2017-08-30 00:00:00' AND '2017-08-30 09:56:13' AND `shopid` = 45 AND `flag` = 1  [ RunTime:0.0005s ]
SQL: SHOW COLUMNS FROM `et_orders` [ RunTime:0.0028s ]
SQL: SELECT * FROM `et_orders` WHERE `addtime` BETWEEN '2017-08-30 00:00:00' AND '2017-08-30 09:56:13' AND `state` IN ('3','4','5') AND `shopid` = 45  [ RunTime:0.0008s ]

[ 2017-08-30T10:10:03+08:00 ] 120.20.231.71 /index.php/server/order/norderlist
INFO: [ app_init ] --START--
INFO: Run Behavior\BuildLiteBehavior [ RunTime:0.000017s ]
INFO: [ app_init ] --END-- [ RunTime:0.000319s ]
INFO: [ app_begin ] --START--
INFO: Run Behavior\ReadHtmlCacheBehavior [ RunTime:0.000478s ]
INFO: [ app_begin ] --END-- [ RunTime:0.000533s ]
NOTIC: [8] A session had already been started - ignoring session_start() D:\wm\ThinkPHP\Common\functions.php 第 1263 行.
SQL: SHOW COLUMNS FROM `et_orders` [ RunTime:0.0289s ]
SQL: SELECT * FROM `et_orders` WHERE `state` = 1  [ RunTime:0.0048s ]
SQL: SELECT * FROM `et_orders` WHERE `state` IN ('1','2') AND `shopid` = 42 AND `statu` = 2  [ RunTime:0.0014s ]

[ 2017-08-30T10:10:45+08:00 ] 120.20.231.71 /index.php/server/user/shopmesa
INFO: [ app_init ] --START--
INFO: Run Behavior\BuildLiteBehavior [ RunTime:0.000021s ]
INFO: [ app_init ] --END-- [ RunTime:0.000313s ]
INFO: [ app_begin ] --START--
INFO: Run Behavior\ReadHtmlCacheBehavior [ RunTime:0.000503s ]
INFO: [ app_begin ] --END-- [ RunTime:0.000556s ]
NOTIC: [8] A session had already been started - ignoring session_start() D:\wm\ThinkPHP\Common\functions.php 第 1263 行.
SQL: SHOW COLUMNS FROM `et_shopmessage` [ RunTime:0.0035s ]
SQL: SELECT `content`,`gotime`,`long`,`maxprice`,`maxlong`,`lkmoney`,`shophead`,`shopphoto`,`shopname`,`state`,`coordinate`,`detailed_address`,`mobile` FROM `et_shopmessage` WHERE `shopid` = 42 LIMIT 1   [ RunTime:0.0004s ]
SQL: SHOW COLUMNS FROM `et_mingxi` [ RunTime:0.0017s ]
SQL: SELECT * FROM `et_mingxi` WHERE `addtime` BETWEEN '2017-08-30 00:00:00' AND '2017-08-30 10:10:45' AND `shopid` = 42 AND `flag` = 1  [ RunTime:0.0004s ]
SQL: SHOW COLUMNS FROM `et_orders` [ RunTime:0.0028s ]
SQL: SELECT * FROM `et_orders` WHERE `addtime` BETWEEN '2017-08-30 00:00:00' AND '2017-08-30 10:10:45' AND `state` IN ('3','4','5') AND `shopid` = 42  [ RunTime:0.0009s ]

[ 2017-08-30T10:10:54+08:00 ] 120.20.231.71 /index.php/server/user/shopmesa
INFO: [ app_init ] --START--
INFO: Run Behavior\BuildLiteBehavior [ RunTime:0.000021s ]
INFO: [ app_init ] --END-- [ RunTime:0.000310s ]
INFO: [ app_begin ] --START--
INFO: Run Behavior\ReadHtmlCacheBehavior [ RunTime:0.000483s ]
INFO: [ app_begin ] --END-- [ RunTime:0.000537s ]
NOTIC: [8] A session had already been started - ignoring session_start() D:\wm\ThinkPHP\Common\functions.php 第 1263 行.
SQL: SHOW COLUMNS FROM `et_shopmessage` [ RunTime:0.0036s ]
SQL: SELECT `content`,`gotime`,`long`,`maxprice`,`maxlong`,`lkmoney`,`shophead`,`shopphoto`,`shopname`,`state`,`coordinate`,`detailed_address`,`mobile` FROM `et_shopmessage` WHERE `shopid` = 42 LIMIT 1   [ RunTime:0.0004s ]
SQL: SHOW COLUMNS FROM `et_mingxi` [ RunTime:0.0022s ]
SQL: SELECT * FROM `et_mingxi` WHERE `addtime` BETWEEN '2017-08-30 00:00:00' AND '2017-08-30 10:10:54' AND `shopid` = 42 AND `flag` = 1  [ RunTime:0.0005s ]
SQL: SHOW COLUMNS FROM `et_orders` [ RunTime:0.0022s ]
SQL: SELECT * FROM `et_orders` WHERE `addtime` BETWEEN '2017-08-30 00:00:00' AND '2017-08-30 10:10:54' AND `state` IN ('3','4','5') AND `shopid` = 42  [ RunTime:0.0010s ]

[ 2017-08-30T10:11:17+08:00 ] 120.20.231.71 /index.php/server/user/veri_mobile
INFO: [ app_init ] --START--
INFO: Run Behavior\BuildLiteBehavior [ RunTime:0.000024s ]
INFO: [ app_init ] --END-- [ RunTime:0.000489s ]
INFO: [ app_begin ] --START--
INFO: Run Behavior\ReadHtmlCacheBehavior [ RunTime:0.000725s ]
INFO: [ app_begin ] --END-- [ RunTime:0.000803s ]
NOTIC: [8] A session had already been started - ignoring session_start() D:\wm\ThinkPHP\Common\functions.php 第 1263 行.
SQL: SHOW COLUMNS FROM `et_shop` [ RunTime:0.0036s ]
SQL: SELECT `shopid` FROM `et_shop` WHERE `phone` = 452451156 LIMIT 1   [ RunTime:0.0003s ]

[ 2017-08-30T10:22:02+08:00 ] 120.20.231.71 /index.php/server/user/login
INFO: [ app_init ] --START--
INFO: Run Behavior\BuildLiteBehavior [ RunTime:0.000028s ]
INFO: [ app_init ] --END-- [ RunTime:0.000500s ]
INFO: [ app_begin ] --START--
INFO: Run Behavior\ReadHtmlCacheBehavior [ RunTime:0.000999s ]
INFO: [ app_begin ] --END-- [ RunTime:0.001080s ]
NOTIC: [8] A session had already been started - ignoring session_start() D:\wm\ThinkPHP\Common\functions.php 第 1263 行.
SQL: SHOW COLUMNS FROM `et_shop` [ RunTime:0.0164s ]
SQL: SELECT `shopid` FROM `et_shop` WHERE `phone` = '13889711156' AND `password` = 'c86bc570d5ef0f50e4f1bcda6567fe97' LIMIT 1   [ RunTime:0.0003s ]

[ 2017-08-30T10:22:05+08:00 ] 120.20.231.71 /index.php/server/user/shopmesa
INFO: [ app_init ] --START--
INFO: Run Behavior\BuildLiteBehavior [ RunTime:0.000017s ]
INFO: [ app_init ] --END-- [ RunTime:0.000328s ]
INFO: [ app_begin ] --START--
INFO: Run Behavior\ReadHtmlCacheBehavior [ RunTime:0.000545s ]
INFO: [ app_begin ] --END-- [ RunTime:0.000599s ]
NOTIC: [8] A session had already been started - ignoring session_start() D:\wm\ThinkPHP\Common\functions.php 第 1263 行.
SQL: SHOW COLUMNS FROM `et_shopmessage` [ RunTime:0.0023s ]
SQL: SELECT `content`,`gotime`,`long`,`maxprice`,`maxlong`,`lkmoney`,`shophead`,`shopphoto`,`shopname`,`state`,`coordinate`,`detailed_address`,`mobile` FROM `et_shopmessage` WHERE `shopid` = 42 LIMIT 1   [ RunTime:0.0004s ]
SQL: SHOW COLUMNS FROM `et_mingxi` [ RunTime:0.0020s ]
SQL: SELECT * FROM `et_mingxi` WHERE `addtime` BETWEEN '2017-08-30 00:00:00' AND '2017-08-30 10:22:05' AND `shopid` = 42 AND `flag` = 1  [ RunTime:0.0004s ]
SQL: SHOW COLUMNS FROM `et_orders` [ RunTime:0.0020s ]
SQL: SELECT * FROM `et_orders` WHERE `addtime` BETWEEN '2017-08-30 00:00:00' AND '2017-08-30 10:22:05' AND `state` IN ('3','4','5') AND `shopid` = 42  [ RunTime:0.0008s ]

[ 2017-08-30T10:22:10+08:00 ] 120.20.231.71 /index.php/server/user/shopmesa
INFO: [ app_init ] --START--
INFO: Run Behavior\BuildLiteBehavior [ RunTime:0.000023s ]
INFO: [ app_init ] --END-- [ RunTime:0.000332s ]
INFO: [ app_begin ] --START--
INFO: Run Behavior\ReadHtmlCacheBehavior [ RunTime:0.000478s ]
INFO: [ app_begin ] --END-- [ RunTime:0.000531s ]
NOTIC: [8] A session had already been started - ignoring session_start() D:\wm\ThinkPHP\Common\functions.php 第 1263 行.
SQL: SHOW COLUMNS FROM `et_shopmessage` [ RunTime:0.0037s ]
SQL: SELECT `content`,`gotime`,`long`,`maxprice`,`maxlong`,`lkmoney`,`shophead`,`shopphoto`,`shopname`,`state`,`coordinate`,`detailed_address`,`mobile` FROM `et_shopmessage` WHERE `shopid` = 42 LIMIT 1   [ RunTime:0.0005s ]
SQL: SHOW COLUMNS FROM `et_mingxi` [ RunTime:0.0027s ]
SQL: SELECT * FROM `et_mingxi` WHERE `addtime` BETWEEN '2017-08-30 00:00:00' AND '2017-08-30 10:22:10' AND `shopid` = 42 AND `flag` = 1  [ RunTime:0.0007s ]
SQL: SHOW COLUMNS FROM `et_orders` [ RunTime:0.0032s ]
SQL: SELECT * FROM `et_orders` WHERE `addtime` BETWEEN '2017-08-30 00:00:00' AND '2017-08-30 10:22:10' AND `state` IN ('3','4','5') AND `shopid` = 42  [ RunTime:0.0012s ]

[ 2017-08-30T10:23:54+08:00 ] 120.20.231.71 /index.php/server/order/norderlist
INFO: [ app_init ] --START--
INFO: Run Behavior\BuildLiteBehavior [ RunTime:0.000016s ]
INFO: [ app_init ] --END-- [ RunTime:0.000297s ]
INFO: [ app_begin ] --START--
INFO: Run Behavior\ReadHtmlCacheBehavior [ RunTime:0.000429s ]
INFO: [ app_begin ] --END-- [ RunTime:0.000492s ]
NOTIC: [8] A session had already been started - ignoring session_start() D:\wm\ThinkPHP\Common\functions.php 第 1263 行.
SQL: SHOW COLUMNS FROM `et_orders` [ RunTime:0.0028s ]
SQL: SELECT * FROM `et_orders` WHERE `state` = 1  [ RunTime:0.0032s ]
SQL: SELECT * FROM `et_orders` WHERE `state` IN ('1','2') AND `shopid` = 42 AND `statu` = 2  [ RunTime:0.0009s ]
SQL: SHOW COLUMNS FROM `et_ordergoods` [ RunTime:0.0020s ]
SQL: SELECT * FROM `et_ordergoods` WHERE `orderid` = '1504059804'  [ RunTime:0.0008s ]
SQL: SHOW COLUMNS FROM `et_shopgoods` [ RunTime:0.0018s ]
SQL: SELECT `goodsname`,`goodsprice` FROM `et_shopgoods` WHERE `goodsid` = 232 LIMIT 1   [ RunTime:0.0003s ]

[ 2017-08-30T10:25:44+08:00 ] 120.20.231.71 /index.php/server/order/todayorderlist
INFO: [ app_init ] --START--
INFO: Run Behavior\BuildLiteBehavior [ RunTime:0.000017s ]
INFO: [ app_init ] --END-- [ RunTime:0.000353s ]
INFO: [ app_begin ] --START--
INFO: Run Behavior\ReadHtmlCacheBehavior [ RunTime:0.000486s ]
INFO: [ app_begin ] --END-- [ RunTime:0.000542s ]
NOTIC: [8] A session had already been started - ignoring session_start() D:\wm\ThinkPHP\Common\functions.php 第 1263 行.
NOTIC: [8] Undefined index: page D:\wm\Application\Server\Controller\OrderController.class.php 第 197 行.
SQL: SHOW COLUMNS FROM `et_orders` [ RunTime:0.0024s ]
NOTIC: [8] Undefined index: limit D:\wm\ThinkPHP\Library\Think\Db\Driver.class.php 第 961 行.
SQL: SELECT * FROM `et_orders` WHERE `addtime` BETWEEN '2017-08-30 00:00:00' AND '2017-08-30 10:25:44' AND `state` IN ('3','4','5') AND `shopid` = 42 ORDER BY addtime desc LIMIT 0,20   [ RunTime:0.0006s ]

[ 2017-08-30T10:26:35+08:00 ] 211.27.222.209 /index.php/server/user/veri_mobile
INFO: [ app_init ] --START--
INFO: Run Behavior\BuildLiteBehavior [ RunTime:0.000016s ]
INFO: [ app_init ] --END-- [ RunTime:0.000369s ]
INFO: [ app_begin ] --START--
INFO: Run Behavior\ReadHtmlCacheBehavior [ RunTime:0.000565s ]
INFO: [ app_begin ] --END-- [ RunTime:0.000628s ]
NOTIC: [8] A session had already been started - ignoring session_start() D:\wm\ThinkPHP\Common\functions.php 第 1263 行.
SQL: SHOW COLUMNS FROM `et_shop` [ RunTime:0.0035s ]
SQL: SELECT `shopid` FROM `et_shop` WHERE `phone` = 403537867 LIMIT 1   [ RunTime:0.0004s ]

[ 2017-08-30T10:27:07+08:00 ] 211.27.222.209 /index.php/server/user/veri_mobile
INFO: [ app_init ] --START--
INFO: Run Behavior\BuildLiteBehavior [ RunTime:0.000026s ]
INFO: [ app_init ] --END-- [ RunTime:0.000567s ]
INFO: [ app_begin ] --START--
INFO: Run Behavior\ReadHtmlCacheBehavior [ RunTime:0.000681s ]
INFO: [ app_begin ] --END-- [ RunTime:0.000758s ]
NOTIC: [8] A session had already been started - ignoring session_start() D:\wm\ThinkPHP\Common\functions.php 第 1263 行.
SQL: SHOW COLUMNS FROM `et_shop` [ RunTime:0.0030s ]
SQL: SELECT `shopid` FROM `et_shop` WHERE `phone` = 416798295 LIMIT 1   [ RunTime:0.0004s ]

[ 2017-08-30T10:28:35+08:00 ] 211.27.222.209 /index.php/server/user/login
INFO: [ app_init ] --START--
INFO: Run Behavior\BuildLiteBehavior [ RunTime:0.000023s ]
INFO: [ app_init ] --END-- [ RunTime:0.000497s ]
INFO: [ app_begin ] --START--
INFO: Run Behavior\ReadHtmlCacheBehavior [ RunTime:0.000650s ]
INFO: [ app_begin ] --END-- [ RunTime:0.000765s ]
NOTIC: [8] A session had already been started - ignoring session_start() D:\wm\ThinkPHP\Common\functions.php 第 1263 行.
SQL: SHOW COLUMNS FROM `et_shop` [ RunTime:0.0033s ]
SQL: SELECT `shopid` FROM `et_shop` WHERE `phone` = '13889711156' AND `password` = 'c86bc570d5ef0f50e4f1bcda6567fe97' LIMIT 1   [ RunTime:0.0003s ]

[ 2017-08-30T10:28:57+08:00 ] 211.27.222.209 /index.php/server/user/login
INFO: [ app_init ] --START--
INFO: Run Behavior\BuildLiteBehavior [ RunTime:0.000016s ]
INFO: [ app_init ] --END-- [ RunTime:0.000372s ]
INFO: [ app_begin ] --START--
INFO: Run Behavior\ReadHtmlCacheBehavior [ RunTime:0.000617s ]
INFO: [ app_begin ] --END-- [ RunTime:0.000671s ]
NOTIC: [8] A session had already been started - ignoring session_start() D:\wm\ThinkPHP\Common\functions.php 第 1263 行.
SQL: SHOW COLUMNS FROM `et_shop` [ RunTime:0.0029s ]
SQL: SELECT `shopid` FROM `et_shop` WHERE `phone` = '13889711156' AND `password` = 'c86bc570d5ef0f50e4f1bcda6567fe97' LIMIT 1   [ RunTime:0.0003s ]

[ 2017-08-30T10:29:34+08:00 ] 211.27.222.209 /index.php/server/user/login
INFO: [ app_init ] --START--
INFO: Run Behavior\BuildLiteBehavior [ RunTime:0.000019s ]
INFO: [ app_init ] --END-- [ RunTime:0.000402s ]
INFO: [ app_begin ] --START--
INFO: Run Behavior\ReadHtmlCacheBehavior [ RunTime:0.000480s ]
INFO: [ app_begin ] --END-- [ RunTime:0.000543s ]
NOTIC: [8] A session had already been started - ignoring session_start() D:\wm\ThinkPHP\Common\functions.php 第 1263 行.
SQL: SHOW COLUMNS FROM `et_shop` [ RunTime:0.0034s ]
SQL: SELECT `shopid` FROM `et_shop` WHERE `phone` = '13889711156' AND `password` = 'c86bc570d5ef0f50e4f1bcda6567fe97' LIMIT 1   [ RunTime:0.0004s ]

[ 2017-08-30T10:30:01+08:00 ] 211.27.222.209 /index.php/server/order/norderlist
INFO: [ app_init ] --START--
INFO: Run Behavior\BuildLiteBehavior [ RunTime:0.000016s ]
INFO: [ app_init ] --END-- [ RunTime:0.000321s ]
INFO: [ app_begin ] --START--
INFO: Run Behavior\ReadHtmlCacheBehavior [ RunTime:0.000443s ]
INFO: [ app_begin ] --END-- [ RunTime:0.000495s ]
NOTIC: [8] A session had already been started - ignoring session_start() D:\wm\ThinkPHP\Common\functions.php 第 1263 行.
SQL: SHOW COLUMNS FROM `et_orders` [ RunTime:0.0039s ]
SQL: SELECT * FROM `et_orders` WHERE `state` = 1  [ RunTime:0.0041s ]
SQL: SELECT * FROM `et_orders` WHERE `state` IN ('1','2') AND `shopid` = 42 AND `statu` = 2  [ RunTime:0.0015s ]
SQL: SHOW COLUMNS FROM `et_ordergoods` [ RunTime:0.0032s ]
SQL: SELECT * FROM `et_ordergoods` WHERE `orderid` = '1504059804'  [ RunTime:0.0009s ]
SQL: SHOW COLUMNS FROM `et_shopgoods` [ RunTime:0.0025s ]
SQL: SELECT `goodsname`,`goodsprice` FROM `et_shopgoods` WHERE `goodsid` = 232 LIMIT 1   [ RunTime:0.0003s ]

[ 2017-08-30T10:30:02+08:00 ] 211.27.222.209 /index.php/server/shop/categorylist
INFO: [ app_init ] --START--
INFO: Run Behavior\BuildLiteBehavior [ RunTime:0.000017s ]
INFO: [ app_init ] --END-- [ RunTime:0.000326s ]
INFO: [ app_begin ] --START--
INFO: Run Behavior\ReadHtmlCacheBehavior [ RunTime:0.000462s ]
INFO: [ app_begin ] --END-- [ RunTime:0.000523s ]
NOTIC: [8] A session had already been started - ignoring session_start() D:\wm\ThinkPHP\Common\functions.php 第 1263 行.
SQL: SHOW COLUMNS FROM `et_category` [ RunTime:0.0031s ]
SQL: SELECT `cid`,`cname` FROM `et_category` WHERE `shopid` = 42  [ RunTime:0.0004s ]
SQL: SHOW COLUMNS FROM `et_shopgoods` [ RunTime:0.0462s ]
SQL: SELECT * FROM `et_shopgoods` WHERE `shopid` = 42 AND `cid` = 160  [ RunTime:0.0007s ]
SQL: SELECT * FROM `et_shopgoods` WHERE `shopid` = 42 AND `cid` = 161  [ RunTime:0.0005s ]
SQL: SELECT * FROM `et_shopgoods` WHERE `shopid` = 42 AND `cid` = 162  [ RunTime:0.0004s ]

[ 2017-08-30T10:30:02+08:00 ] 211.27.222.209 /index.php/server/shop/categorylist
INFO: [ app_init ] --START--
INFO: Run Behavior\BuildLiteBehavior [ RunTime:0.000016s ]
INFO: [ app_init ] --END-- [ RunTime:0.000339s ]
INFO: [ app_begin ] --START--
INFO: Run Behavior\ReadHtmlCacheBehavior [ RunTime:0.000499s ]
INFO: [ app_begin ] --END-- [ RunTime:0.000596s ]
NOTIC: [8] A session had already been started - ignoring session_start() D:\wm\ThinkPHP\Common\functions.php 第 1263 行.
SQL: SHOW COLUMNS FROM `et_category` [ RunTime:0.0029s ]
SQL: SELECT `cid`,`cname` FROM `et_category` WHERE `shopid` = 42  [ RunTime:0.0004s ]
SQL: SHOW COLUMNS FROM `et_shopgoods` [ RunTime:0.0034s ]
SQL: SELECT * FROM `et_shopgoods` WHERE `shopid` = 42 AND `cid` = 160  [ RunTime:0.0006s ]
SQL: SELECT * FROM `et_shopgoods` WHERE `shopid` = 42 AND `cid` = 161  [ RunTime:0.0004s ]
SQL: SELECT * FROM `et_shopgoods` WHERE `shopid` = 42 AND `cid` = 162  [ RunTime:0.0004s ]

[ 2017-08-30T10:30:03+08:00 ] 211.27.222.209 /index.php/server/order/norderlist
INFO: [ app_init ] --START--
INFO: Run Behavior\BuildLiteBehavior [ RunTime:0.000017s ]
INFO: [ app_init ] --END-- [ RunTime:0.000432s ]
INFO: [ app_begin ] --START--
INFO: Run Behavior\ReadHtmlCacheBehavior [ RunTime:0.000457s ]
INFO: [ app_begin ] --END-- [ RunTime:0.000511s ]
NOTIC: [8] A session had already been started - ignoring session_start() D:\wm\ThinkPHP\Common\functions.php 第 1263 行.
SQL: SHOW COLUMNS FROM `et_orders` [ RunTime:0.0036s ]
SQL: SELECT * FROM `et_orders` WHERE `state` = 1  [ RunTime:0.0041s ]
SQL: SELECT * FROM `et_orders` WHERE `state` IN ('1','2') AND `shopid` = 42 AND `statu` = 2  [ RunTime:0.0018s ]
SQL: SHOW COLUMNS FROM `et_ordergoods` [ RunTime:0.0037s ]
SQL: SELECT * FROM `et_ordergoods` WHERE `orderid` = '1504059804'  [ RunTime:0.0015s ]
SQL: SHOW COLUMNS FROM `et_shopgoods` [ RunTime:0.0020s ]
SQL: SELECT `goodsname`,`goodsprice` FROM `et_shopgoods` WHERE `goodsid` = 232 LIMIT 1   [ RunTime:0.0003s ]

[ 2017-08-30T10:30:04+08:00 ] 211.27.222.209 /index.php/server/evaluate/pingjialist
INFO: [ app_init ] --START--
INFO: Run Behavior\BuildLiteBehavior [ RunTime:0.000016s ]
INFO: [ app_init ] --END-- [ RunTime:0.000371s ]
INFO: [ app_begin ] --START--
INFO: Run Behavior\ReadHtmlCacheBehavior [ RunTime:0.000491s ]
INFO: [ app_begin ] --END-- [ RunTime:0.000555s ]
NOTIC: [8] A session had already been started - ignoring session_start() D:\wm\ThinkPHP\Common\functions.php 第 1263 行.
SQL: SHOW COLUMNS FROM `et_evaluate` [ RunTime:0.0027s ]
SQL: SELECT * FROM `et_evaluate` WHERE `shopid` = 42 LIMIT 0,8   [ RunTime:0.0004s ]
SQL: SHOW COLUMNS FROM `et_user` [ RunTime:0.0022s ]
SQL: SELECT `uid`,`username`,`head_photo` FROM `et_user` WHERE `uid` = 47 LIMIT 1   [ RunTime:0.0003s ]
SQL: SHOW COLUMNS FROM `et_backevaluate` [ RunTime:0.0020s ]
SQL: SELECT `backpingjia` FROM `et_backevaluate` WHERE `shopid` = 42 AND `uid` = 47 AND `eid` = 46 LIMIT 1   [ RunTime:0.0002s ]
SQL: SELECT `uid`,`username`,`head_photo` FROM `et_user` WHERE `uid` = 47 LIMIT 1   [ RunTime:0.0002s ]
SQL: SELECT `backpingjia` FROM `et_backevaluate` WHERE `shopid` = 42 AND `uid` = 47 AND `eid` = 47 LIMIT 1   [ RunTime:0.0002s ]
SQL: SELECT `uid`,`username`,`head_photo` FROM `et_user` WHERE `uid` = 47 LIMIT 1   [ RunTime:0.0002s ]
SQL: SELECT `backpingjia` FROM `et_backevaluate` WHERE `shopid` = 42 AND `uid` = 47 AND `eid` = 48 LIMIT 1   [ RunTime:0.0002s ]

[ 2017-08-30T10:30:05+08:00 ] 211.27.222.209 /index.php/server/user/shopmesa
INFO: [ app_init ] --START--
INFO: Run Behavior\BuildLiteBehavior [ RunTime:0.000016s ]
INFO: [ app_init ] --END-- [ RunTime:0.000303s ]
INFO: [ app_begin ] --START--
INFO: Run Behavior\ReadHtmlCacheBehavior [ RunTime:0.000464s ]
INFO: [ app_begin ] --END-- [ RunTime:0.000517s ]
NOTIC: [8] A session had already been started - ignoring session_start() D:\wm\ThinkPHP\Common\functions.php 第 1263 行.
SQL: SHOW COLUMNS FROM `et_shopmessage` [ RunTime:0.0018s ]
SQL: SELECT `content`,`gotime`,`long`,`maxprice`,`maxlong`,`lkmoney`,`shophead`,`shopphoto`,`shopname`,`state`,`coordinate`,`detailed_address`,`mobile` FROM `et_shopmessage` WHERE `shopid` = 42 LIMIT 1   [ RunTime:0.0003s ]
SQL: SHOW COLUMNS FROM `et_mingxi` [ RunTime:0.0024s ]
SQL: SELECT * FROM `et_mingxi` WHERE `addtime` BETWEEN '2017-08-30 00:00:00' AND '2017-08-30 10:30:05' AND `shopid` = 42 AND `flag` = 1  [ RunTime:0.0005s ]
SQL: SHOW COLUMNS FROM `et_orders` [ RunTime:0.0024s ]
SQL: SELECT * FROM `et_orders` WHERE `addtime` BETWEEN '2017-08-30 00:00:00' AND '2017-08-30 10:30:05' AND `state` IN ('3','4','5') AND `shopid` = 42  [ RunTime:0.0008s ]

[ 2017-08-30T10:30:13+08:00 ] 211.27.222.209 /index.php/server/order/mingxi
INFO: [ app_init ] --START--
INFO: Run Behavior\BuildLiteBehavior [ RunTime:0.000015s ]
INFO: [ app_init ] --END-- [ RunTime:0.000309s ]
INFO: [ app_begin ] --START--
INFO: Run Behavior\ReadHtmlCacheBehavior [ RunTime:0.000433s ]
INFO: [ app_begin ] --END-- [ RunTime:0.000485s ]
NOTIC: [8] A session had already been started - ignoring session_start() D:\wm\ThinkPHP\Common\functions.php 第 1263 行.
SQL: SHOW COLUMNS FROM `et_mingxi` [ RunTime:0.0024s ]
SQL: SELECT * FROM `et_mingxi` WHERE `shopid` = 42 AND `flag` = 1 ORDER BY addtime desc LIMIT 0,8   [ RunTime:0.2262s ]

[ 2017-08-30T10:30:16+08:00 ] 211.27.222.209 /index.php/server/order/mingxi
INFO: [ app_init ] --START--
INFO: Run Behavior\BuildLiteBehavior [ RunTime:0.000016s ]
INFO: [ app_init ] --END-- [ RunTime:0.000407s ]
INFO: [ app_begin ] --START--
INFO: Run Behavior\ReadHtmlCacheBehavior [ RunTime:0.000507s ]
INFO: [ app_begin ] --END-- [ RunTime:0.000563s ]
NOTIC: [8] A session had already been started - ignoring session_start() D:\wm\ThinkPHP\Common\functions.php 第 1263 行.
SQL: SHOW COLUMNS FROM `et_mingxi` [ RunTime:0.0021s ]
SQL: SELECT * FROM `et_mingxi` WHERE `shopid` = 42 AND `flag` = 1 ORDER BY addtime desc LIMIT 8,8   [ RunTime:0.0005s ]

[ 2017-08-30T10:30:18+08:00 ] 211.27.222.209 /index.php/server/order/mingxi
INFO: [ app_init ] --START--
INFO: Run Behavior\BuildLiteBehavior [ RunTime:0.000017s ]
INFO: [ app_init ] --END-- [ RunTime:0.000355s ]
INFO: [ app_begin ] --START--
INFO: Run Behavior\ReadHtmlCacheBehavior [ RunTime:0.000485s ]
INFO: [ app_begin ] --END-- [ RunTime:0.000540s ]
NOTIC: [8] A session had already been started - ignoring session_start() D:\wm\ThinkPHP\Common\functions.php 第 1263 行.
SQL: SHOW COLUMNS FROM `et_mingxi` [ RunTime:0.0031s ]
SQL: SELECT * FROM `et_mingxi` WHERE `shopid` = 42 AND `flag` = 1 ORDER BY addtime desc LIMIT 16,8   [ RunTime:0.0365s ]

[ 2017-08-30T10:30:19+08:00 ] 211.27.222.209 /index.php/server/user/shopmesa
INFO: [ app_init ] --START--
INFO: Run Behavior\BuildLiteBehavior [ RunTime:0.000018s ]
INFO: [ app_init ] --END-- [ RunTime:0.000380s ]
INFO: [ app_begin ] --START--
INFO: Run Behavior\ReadHtmlCacheBehavior [ RunTime:0.000485s ]
INFO: [ app_begin ] --END-- [ RunTime:0.000545s ]
NOTIC: [8] A session had already been started - ignoring session_start() D:\wm\ThinkPHP\Common\functions.php 第 1263 行.
SQL: SHOW COLUMNS FROM `et_shopmessage` [ RunTime:0.0031s ]
SQL: SELECT `content`,`gotime`,`long`,`maxprice`,`maxlong`,`lkmoney`,`shophead`,`shopphoto`,`shopname`,`state`,`coordinate`,`detailed_address`,`mobile` FROM `et_shopmessage` WHERE `shopid` = 42 LIMIT 1   [ RunTime:0.0003s ]
SQL: SHOW COLUMNS FROM `et_mingxi` [ RunTime:0.0017s ]
SQL: SELECT * FROM `et_mingxi` WHERE `addtime` BETWEEN '2017-08-30 00:00:00' AND '2017-08-30 10:30:19' AND `shopid` = 42 AND `flag` = 1  [ RunTime:0.0005s ]
SQL: SHOW COLUMNS FROM `et_orders` [ RunTime:0.0392s ]
SQL: SELECT * FROM `et_orders` WHERE `addtime` BETWEEN '2017-08-30 00:00:00' AND '2017-08-30 10:30:19' AND `state` IN ('3','4','5') AND `shopid` = 42  [ RunTime:0.0011s ]

[ 2017-08-30T10:30:19+08:00 ] 211.27.222.209 /index.php/server/order/norderlist
INFO: [ app_init ] --START--
INFO: Run Behavior\BuildLiteBehavior [ RunTime:0.000018s ]
INFO: [ app_init ] --END-- [ RunTime:0.000326s ]
INFO: [ app_begin ] --START--
INFO: Run Behavior\ReadHtmlCacheBehavior [ RunTime:0.000439s ]
INFO: [ app_begin ] --END-- [ RunTime:0.000501s ]
NOTIC: [8] A session had already been started - ignoring session_start() D:\wm\ThinkPHP\Common\functions.php 第 1263 行.
SQL: SHOW COLUMNS FROM `et_orders` [ RunTime:0.0035s ]
SQL: SELECT * FROM `et_orders` WHERE `state` = 1  [ RunTime:0.0033s ]
SQL: SELECT * FROM `et_orders` WHERE `state` IN ('1','2') AND `shopid` = 42 AND `statu` = 2  [ RunTime:0.0010s ]
SQL: SHOW COLUMNS FROM `et_ordergoods` [ RunTime:0.0024s ]
SQL: SELECT * FROM `et_ordergoods` WHERE `orderid` = '1504059804'  [ RunTime:0.0009s ]
SQL: SHOW COLUMNS FROM `et_shopgoods` [ RunTime:0.0027s ]
SQL: SELECT `goodsname`,`goodsprice` FROM `et_shopgoods` WHERE `goodsid` = 232 LIMIT 1   [ RunTime:0.0004s ]

[ 2017-08-30T10:30:20+08:00 ] 211.27.222.209 /index.php/server/user/shopmesa
INFO: [ app_init ] --START--
INFO: Run Behavior\BuildLiteBehavior [ RunTime:0.000018s ]
INFO: [ app_init ] --END-- [ RunTime:0.000395s ]
INFO: [ app_begin ] --START--
INFO: Run Behavior\ReadHtmlCacheBehavior [ RunTime:0.000480s ]
INFO: [ app_begin ] --END-- [ RunTime:0.000550s ]
NOTIC: [8] A session had already been started - ignoring session_start() D:\wm\ThinkPHP\Common\functions.php 第 1263 行.
SQL: SHOW COLUMNS FROM `et_shopmessage` [ RunTime:0.0033s ]
SQL: SELECT `content`,`gotime`,`long`,`maxprice`,`maxlong`,`lkmoney`,`shophead`,`shopphoto`,`shopname`,`state`,`coordinate`,`detailed_address`,`mobile` FROM `et_shopmessage` WHERE `shopid` = 42 LIMIT 1   [ RunTime:0.0003s ]
SQL: SHOW COLUMNS FROM `et_mingxi` [ RunTime:0.0020s ]
SQL: SELECT * FROM `et_mingxi` WHERE `addtime` BETWEEN '2017-08-30 00:00:00' AND '2017-08-30 10:30:20' AND `shopid` = 42 AND `flag` = 1  [ RunTime:0.0006s ]
SQL: SHOW COLUMNS FROM `et_orders` [ RunTime:0.0021s ]
SQL: SELECT * FROM `et_orders` WHERE `addtime` BETWEEN '2017-08-30 00:00:00' AND '2017-08-30 10:30:20' AND `state` IN ('3','4','5') AND `shopid` = 42  [ RunTime:0.0009s ]

[ 2017-08-30T10:30:28+08:00 ] 211.27.222.209 /index.php/server/shop/categorylist
INFO: [ app_init ] --START--
INFO: Run Behavior\BuildLiteBehavior [ RunTime:0.000018s ]
INFO: [ app_init ] --END-- [ RunTime:0.000332s ]
INFO: [ app_begin ] --START--
INFO: Run Behavior\ReadHtmlCacheBehavior [ RunTime:0.000509s ]
INFO: [ app_begin ] --END-- [ RunTime:0.000564s ]
NOTIC: [8] A session had already been started - ignoring session_start() D:\wm\ThinkPHP\Common\functions.php 第 1263 行.
SQL: SHOW COLUMNS FROM `et_category` [ RunTime:0.0031s ]
SQL: SELECT `cid`,`cname` FROM `et_category` WHERE `shopid` = 42  [ RunTime:0.0003s ]
SQL: SHOW COLUMNS FROM `et_shopgoods` [ RunTime:0.0015s ]
SQL: SELECT * FROM `et_shopgoods` WHERE `shopid` = 42 AND `cid` = 160  [ RunTime:0.0004s ]
SQL: SELECT * FROM `et_shopgoods` WHERE `shopid` = 42 AND `cid` = 161  [ RunTime:0.0003s ]
SQL: SELECT * FROM `et_shopgoods` WHERE `shopid` = 42 AND `cid` = 162  [ RunTime:0.0004s ]

[ 2017-08-30T10:30:31+08:00 ] 211.27.222.209 /index.php/server/shop/categorylist
INFO: [ app_init ] --START--
INFO: Run Behavior\BuildLiteBehavior [ RunTime:0.000020s ]
INFO: [ app_init ] --END-- [ RunTime:0.000320s ]
INFO: [ app_begin ] --START--
INFO: Run Behavior\ReadHtmlCacheBehavior [ RunTime:0.000476s ]
INFO: [ app_begin ] --END-- [ RunTime:0.000548s ]
NOTIC: [8] A session had already been started - ignoring session_start() D:\wm\ThinkPHP\Common\functions.php 第 1263 行.
SQL: SHOW COLUMNS FROM `et_category` [ RunTime:0.0018s ]
SQL: SELECT `cid`,`cname` FROM `et_category` WHERE `shopid` = 42  [ RunTime:0.0004s ]
SQL: SHOW COLUMNS FROM `et_shopgoods` [ RunTime:0.0029s ]
SQL: SELECT * FROM `et_shopgoods` WHERE `shopid` = 42 AND `cid` = 160  [ RunTime:0.0004s ]
SQL: SELECT * FROM `et_shopgoods` WHERE `shopid` = 42 AND `cid` = 161  [ RunTime:0.0003s ]
SQL: SELECT * FROM `et_shopgoods` WHERE `shopid` = 42 AND `cid` = 162  [ RunTime:0.0003s ]

[ 2017-08-30T10:30:32+08:00 ] 211.27.222.209 /index.php/server/order/norderlist
INFO: [ app_init ] --START--
INFO: Run Behavior\BuildLiteBehavior [ RunTime:0.000020s ]
INFO: [ app_init ] --END-- [ RunTime:0.000377s ]
INFO: [ app_begin ] --START--
INFO: Run Behavior\ReadHtmlCacheBehavior [ RunTime:0.000469s ]
INFO: [ app_begin ] --END-- [ RunTime:0.000521s ]
NOTIC: [8] A session had already been started - ignoring session_start() D:\wm\ThinkPHP\Common\functions.php 第 1263 行.
SQL: SHOW COLUMNS FROM `et_orders` [ RunTime:0.0035s ]
SQL: SELECT * FROM `et_orders` WHERE `state` = 1  [ RunTime:0.0033s ]
SQL: SELECT * FROM `et_orders` WHERE `state` IN ('1','2') AND `shopid` = 42 AND `statu` = 2  [ RunTime:0.0009s ]
SQL: SHOW COLUMNS FROM `et_ordergoods` [ RunTime:0.0295s ]
SQL: SELECT * FROM `et_ordergoods` WHERE `orderid` = '1504059804'  [ RunTime:0.0010s ]
SQL: SHOW COLUMNS FROM `et_shopgoods` [ RunTime:0.0025s ]
SQL: SELECT `goodsname`,`goodsprice` FROM `et_shopgoods` WHERE `goodsid` = 232 LIMIT 1   [ RunTime:0.0003s ]

[ 2017-08-30T10:30:34+08:00 ] 211.27.222.209 /index.php/server/order/todayorderlist
INFO: [ app_init ] --START--
INFO: Run Behavior\BuildLiteBehavior [ RunTime:0.000016s ]
INFO: [ app_init ] --END-- [ RunTime:0.000322s ]
INFO: [ app_begin ] --START--
INFO: Run Behavior\ReadHtmlCacheBehavior [ RunTime:0.000433s ]
INFO: [ app_begin ] --END-- [ RunTime:0.000493s ]
NOTIC: [8] A session had already been started - ignoring session_start() D:\wm\ThinkPHP\Common\functions.php 第 1263 行.
NOTIC: [8] Undefined index: page D:\wm\Application\Server\Controller\OrderController.class.php 第 197 行.
SQL: SHOW COLUMNS FROM `et_orders` [ RunTime:0.0027s ]
NOTIC: [8] Undefined index: limit D:\wm\ThinkPHP\Library\Think\Db\Driver.class.php 第 961 行.
SQL: SELECT * FROM `et_orders` WHERE `addtime` BETWEEN '2017-08-30 00:00:00' AND '2017-08-30 10:30:34' AND `state` IN ('3','4','5') AND `shopid` = 42 ORDER BY addtime desc LIMIT 0,20   [ RunTime:0.0006s ]

[ 2017-08-30T10:30:37+08:00 ] 211.27.222.209 /index.php/server/order/norderlist
INFO: [ app_init ] --START--
INFO: Run Behavior\BuildLiteBehavior [ RunTime:0.000017s ]
INFO: [ app_init ] --END-- [ RunTime:0.000294s ]
INFO: [ app_begin ] --START--
INFO: Run Behavior\ReadHtmlCacheBehavior [ RunTime:0.000419s ]
INFO: [ app_begin ] --END-- [ RunTime:0.000474s ]
NOTIC: [8] A session had already been started - ignoring session_start() D:\wm\ThinkPHP\Common\functions.php 第 1263 行.
SQL: SHOW COLUMNS FROM `et_orders` [ RunTime:0.0023s ]
SQL: SELECT * FROM `et_orders` WHERE `state` = 1  [ RunTime:0.0043s ]
SQL: SELECT * FROM `et_orders` WHERE `state` IN ('1','2') AND `shopid` = 42 AND `statu` = 2  [ RunTime:0.0009s ]
SQL: SHOW COLUMNS FROM `et_ordergoods` [ RunTime:0.0028s ]
SQL: SELECT * FROM `et_ordergoods` WHERE `orderid` = '1504059804'  [ RunTime:0.0009s ]
SQL: SHOW COLUMNS FROM `et_shopgoods` [ RunTime:0.0022s ]
SQL: SELECT `goodsname`,`goodsprice` FROM `et_shopgoods` WHERE `goodsid` = 232 LIMIT 1   [ RunTime:0.0003s ]

[ 2017-08-30T10:30:47+08:00 ] 110.249.130.170 /index.php/server/order/norderlist
INFO: [ app_init ] --START--
INFO: Run Behavior\BuildLiteBehavior [ RunTime:0.000023s ]
INFO: [ app_init ] --END-- [ RunTime:0.000451s ]
INFO: [ app_begin ] --START--
INFO: Run Behavior\ReadHtmlCacheBehavior [ RunTime:0.000710s ]
INFO: [ app_begin ] --END-- [ RunTime:0.000790s ]
NOTIC: [8] A session had already been started - ignoring session_start() D:\wm\ThinkPHP\Common\functions.php 第 1263 行.
SQL: SHOW COLUMNS FROM `et_orders` [ RunTime:0.0600s ]
SQL: SELECT * FROM `et_orders` WHERE `state` = 1  [ RunTime:0.0071s ]
SQL: SELECT * FROM `et_orders` WHERE `state` IN ('1','2') AND `shopid` = 44 AND `statu` = 2  [ RunTime:0.0029s ]

[ 2017-08-30T10:30:47+08:00 ] 110.249.130.170 /index.php/server/order/yorderlist
INFO: [ app_init ] --START--
INFO: Run Behavior\BuildLiteBehavior [ RunTime:0.000019s ]
INFO: [ app_init ] --END-- [ RunTime:0.000304s ]
INFO: [ app_begin ] --START--
INFO: Run Behavior\ReadHtmlCacheBehavior [ RunTime:0.000459s ]
INFO: [ app_begin ] --END-- [ RunTime:0.000512s ]
NOTIC: [8] A session had already been started - ignoring session_start() D:\wm\ThinkPHP\Common\functions.php 第 1263 行.
SQL: SHOW COLUMNS FROM `et_orders` [ RunTime:0.0697s ]
SQL: SELECT * FROM `et_orders` WHERE `state` = 1  [ RunTime:0.0065s ]
SQL: SELECT * FROM `et_orders` WHERE `statu` = 2 AND `state` IN ('3','4','5') AND `shopid` = 44 ORDER BY addtime desc LIMIT 0,8   [ RunTime:0.0010s ]
SQL: SHOW COLUMNS FROM `et_ordergoods` [ RunTime:0.0286s ]
SQL: SELECT * FROM `et_ordergoods` WHERE `orderid` = '1502770928'  [ RunTime:0.0009s ]
SQL: SHOW COLUMNS FROM `et_shopgoods` [ RunTime:0.0018s ]
SQL: SELECT `goodsname`,`goodsprice` FROM `et_shopgoods` WHERE `goodsid` = 237 LIMIT 1   [ RunTime:0.0002s ]
SQL: SELECT * FROM `et_ordergoods` WHERE `orderid` = '1502770830'  [ RunTime:0.0009s ]
SQL: SELECT `goodsname`,`goodsprice` FROM `et_shopgoods` WHERE `goodsid` = 237 LIMIT 1   [ RunTime:0.0002s ]
SQL: SELECT * FROM `et_ordergoods` WHERE `orderid` = '1502770464'  [ RunTime:0.0007s ]
SQL: SELECT `goodsname`,`goodsprice` FROM `et_shopgoods` WHERE `goodsid` = 237 LIMIT 1   [ RunTime:0.0002s ]
SQL: SELECT * FROM `et_ordergoods` WHERE `orderid` = '1502770098'  [ RunTime:0.0008s ]
SQL: SELECT `goodsname`,`goodsprice` FROM `et_shopgoods` WHERE `goodsid` = 237 LIMIT 1   [ RunTime:0.0002s ]
SQL: SELECT * FROM `et_ordergoods` WHERE `orderid` = '1502769398'  [ RunTime:0.0009s ]
SQL: SELECT `goodsname`,`goodsprice` FROM `et_shopgoods` WHERE `goodsid` = 237 LIMIT 1   [ RunTime:0.0002s ]

[ 2017-08-30T10:31:16+08:00 ] 211.27.222.209 /index.php/server/order/backorder
INFO: [ app_init ] --START--
INFO: Run Behavior\BuildLiteBehavior [ RunTime:0.000023s ]
INFO: [ app_init ] --END-- [ RunTime:0.000436s ]
INFO: [ app_begin ] --START--
INFO: Run Behavior\ReadHtmlCacheBehavior [ RunTime:0.000692s ]
INFO: [ app_begin ] --END-- [ RunTime:0.000778s ]
NOTIC: [8] A session had already been started - ignoring session_start() D:\wm\ThinkPHP\Common\functions.php 第 1263 行.
SQL: SHOW COLUMNS FROM `et_orders` [ RunTime:0.0028s ]
SQL: SELECT * FROM `et_orders` WHERE `orderid` = '1504059804' LIMIT 1   [ RunTime:0.0005s ]
SQL: UPDATE `et_orders` SET `statu`='1' WHERE `orderid` = '1504059804' [ RunTime:0.0266s ]
SQL: SHOW COLUMNS FROM `et_mingxi` [ RunTime:0.0026s ]
SQL: SELECT * FROM `et_mingxi` WHERE `orderid` = '1504059804' LIMIT 1   [ RunTime:0.0005s ]
SQL: UPDATE `et_mingxi` SET `flag`='2' WHERE `orderid` = '1504059804' [ RunTime:0.0504s ]

[ 2017-08-30T10:31:19+08:00 ] 211.27.222.209 /index.php/server/order/norderlist
INFO: [ app_init ] --START--
INFO: Run Behavior\BuildLiteBehavior [ RunTime:0.000022s ]
INFO: [ app_init ] --END-- [ RunTime:0.000402s ]
INFO: [ app_begin ] --START--
INFO: Run Behavior\ReadHtmlCacheBehavior [ RunTime:0.000661s ]
INFO: [ app_begin ] --END-- [ RunTime:0.000733s ]
NOTIC: [8] A session had already been started - ignoring session_start() D:\wm\ThinkPHP\Common\functions.php 第 1263 行.
SQL: SHOW COLUMNS FROM `et_orders` [ RunTime:0.0170s ]
SQL: SELECT * FROM `et_orders` WHERE `state` = 1  [ RunTime:0.0031s ]
SQL: SELECT * FROM `et_orders` WHERE `state` IN ('1','2') AND `shopid` = 42 AND `statu` = 2  [ RunTime:0.0009s ]

[ 2017-08-30T10:31:20+08:00 ] 211.27.222.209 /index.php/server/order/norderlist
INFO: [ app_init ] --START--
INFO: Run Behavior\BuildLiteBehavior [ RunTime:0.000018s ]
INFO: [ app_init ] --END-- [ RunTime:0.000313s ]
INFO: [ app_begin ] --START--
INFO: Run Behavior\ReadHtmlCacheBehavior [ RunTime:0.000503s ]
INFO: [ app_begin ] --END-- [ RunTime:0.000564s ]
NOTIC: [8] A session had already been started - ignoring session_start() D:\wm\ThinkPHP\Common\functions.php 第 1263 行.
SQL: SHOW COLUMNS FROM `et_orders` [ RunTime:0.0025s ]
SQL: SELECT * FROM `et_orders` WHERE `state` = 1  [ RunTime:0.0032s ]
SQL: SELECT * FROM `et_orders` WHERE `state` IN ('1','2') AND `shopid` = 42 AND `statu` = 2  [ RunTime:0.0009s ]

[ 2017-08-30T10:31:21+08:00 ] 211.27.222.209 /index.php/server/shop/categorylist
INFO: [ app_init ] --START--
INFO: Run Behavior\BuildLiteBehavior [ RunTime:0.000020s ]
INFO: [ app_init ] --END-- [ RunTime:0.000294s ]
INFO: [ app_begin ] --START--
INFO: Run Behavior\ReadHtmlCacheBehavior [ RunTime:0.000405s ]
INFO: [ app_begin ] --END-- [ RunTime:0.000458s ]
NOTIC: [8] A session had already been started - ignoring session_start() D:\wm\ThinkPHP\Common\functions.php 第 1263 行.
SQL: SHOW COLUMNS FROM `et_category` [ RunTime:0.0028s ]
SQL: SELECT `cid`,`cname` FROM `et_category` WHERE `shopid` = 42  [ RunTime:0.0003s ]
SQL: SHOW COLUMNS FROM `et_shopgoods` [ RunTime:0.0022s ]
SQL: SELECT * FROM `et_shopgoods` WHERE `shopid` = 42 AND `cid` = 160  [ RunTime:0.0004s ]
SQL: SELECT * FROM `et_shopgoods` WHERE `shopid` = 42 AND `cid` = 161  [ RunTime:0.0003s ]
SQL: SELECT * FROM `et_shopgoods` WHERE `shopid` = 42 AND `cid` = 162  [ RunTime:0.0003s ]

[ 2017-08-30T10:37:03+08:00 ] 110.249.130.170 /index.php/server/user/login
INFO: [ app_init ] --START--
INFO: Run Behavior\BuildLiteBehavior [ RunTime:0.000023s ]
INFO: [ app_init ] --END-- [ RunTime:0.000443s ]
INFO: [ app_begin ] --START--
INFO: Run Behavior\ReadHtmlCacheBehavior [ RunTime:0.000670s ]
INFO: [ app_begin ] --END-- [ RunTime:0.000751s ]
NOTIC: [8] A session had already been started - ignoring session_start() D:\wm\ThinkPHP\Common\functions.php 第 1263 行.
SQL: SHOW COLUMNS FROM `et_shop` [ RunTime:0.0300s ]
SQL: SELECT `shopid` FROM `et_shop` WHERE `phone` = '15230868185' AND `password` = 'bc13ec4937f9a6a5a8bd5e02bbcc14c1' LIMIT 1   [ RunTime:0.0005s ]

[ 2017-08-30T10:37:04+08:00 ] 110.249.130.170 /index.php/server/order/norderlist
INFO: [ app_init ] --START--
INFO: Run Behavior\BuildLiteBehavior [ RunTime:0.000021s ]
INFO: [ app_init ] --END-- [ RunTime:0.000415s ]
INFO: [ app_begin ] --START--
INFO: Run Behavior\ReadHtmlCacheBehavior [ RunTime:0.000602s ]
INFO: [ app_begin ] --END-- [ RunTime:0.000670s ]
NOTIC: [8] A session had already been started - ignoring session_start() D:\wm\ThinkPHP\Common\functions.php 第 1263 行.
SQL: SHOW COLUMNS FROM `et_orders` [ RunTime:0.0202s ]
SQL: SELECT * FROM `et_orders` WHERE `state` = 1  [ RunTime:0.0033s ]
SQL: SELECT * FROM `et_orders` WHERE `state` IN ('1','2') AND `shopid` = 45 AND `statu` = 2  [ RunTime:0.0011s ]

[ 2017-08-30T10:37:04+08:00 ] 110.249.130.170 /index.php/server/order/yorderlist
INFO: [ app_init ] --START--
INFO: Run Behavior\BuildLiteBehavior [ RunTime:0.000015s ]
INFO: [ app_init ] --END-- [ RunTime:0.000310s ]
INFO: [ app_begin ] --START--
INFO: Run Behavior\ReadHtmlCacheBehavior [ RunTime:0.000482s ]
INFO: [ app_begin ] --END-- [ RunTime:0.000540s ]
NOTIC: [8] A session had already been started - ignoring session_start() D:\wm\ThinkPHP\Common\functions.php 第 1263 行.
SQL: SHOW COLUMNS FROM `et_orders` [ RunTime:0.0033s ]
SQL: SELECT * FROM `et_orders` WHERE `state` = 1  [ RunTime:0.0029s ]
SQL: SELECT * FROM `et_orders` WHERE `statu` = 2 AND `state` IN ('3','4','5') AND `shopid` = 45 ORDER BY addtime desc LIMIT 0,8   [ RunTime:0.0010s ]
SQL: SHOW COLUMNS FROM `et_ordergoods` [ RunTime:0.0029s ]
SQL: SELECT * FROM `et_ordergoods` WHERE `orderid` = '1503471851'  [ RunTime:0.0009s ]
SQL: SHOW COLUMNS FROM `et_shopgoods` [ RunTime:0.0018s ]
SQL: SELECT `goodsname`,`goodsprice` FROM `et_shopgoods` WHERE `goodsid` = 236 LIMIT 1   [ RunTime:0.0002s ]
SQL: SELECT * FROM `et_ordergoods` WHERE `orderid` = '1503471826'  [ RunTime:0.0007s ]
SQL: SELECT `goodsname`,`goodsprice` FROM `et_shopgoods` WHERE `goodsid` = 236 LIMIT 1   [ RunTime:0.0002s ]
SQL: SELECT * FROM `et_ordergoods` WHERE `orderid` = '1503471794'  [ RunTime:0.0008s ]
SQL: SELECT `goodsname`,`goodsprice` FROM `et_shopgoods` WHERE `goodsid` = 236 LIMIT 1   [ RunTime:0.0002s ]
SQL: SELECT * FROM `et_ordergoods` WHERE `orderid` = '1503471625'  [ RunTime:0.0008s ]
SQL: SELECT `goodsname`,`goodsprice` FROM `et_shopgoods` WHERE `goodsid` = 236 LIMIT 1   [ RunTime:0.0002s ]
SQL: SELECT * FROM `et_ordergoods` WHERE `orderid` = '1503471093'  [ RunTime:0.0008s ]
SQL: SELECT `goodsname`,`goodsprice` FROM `et_shopgoods` WHERE `goodsid` = 236 LIMIT 1   [ RunTime:0.0002s ]
SQL: SELECT * FROM `et_ordergoods` WHERE `orderid` = '1503470879'  [ RunTime:0.0010s ]
SQL: SELECT `goodsname`,`goodsprice` FROM `et_shopgoods` WHERE `goodsid` = 236 LIMIT 1   [ RunTime:0.0002s ]
SQL: SELECT * FROM `et_ordergoods` WHERE `orderid` = '1503470393'  [ RunTime:0.0007s ]
SQL: SELECT `goodsname`,`goodsprice` FROM `et_shopgoods` WHERE `goodsid` = 236 LIMIT 1   [ RunTime:0.0002s ]
SQL: SELECT * FROM `et_ordergoods` WHERE `orderid` = '1503468970'  [ RunTime:0.0008s ]
SQL: SELECT `goodsname`,`goodsprice` FROM `et_shopgoods` WHERE `goodsid` = 236 LIMIT 1   [ RunTime:0.0002s ]

[ 2017-08-30T10:39:06+08:00 ] 110.249.130.170 /index.php/server/order/norderlist
INFO: [ app_init ] --START--
INFO: Run Behavior\BuildLiteBehavior [ RunTime:0.000023s ]
INFO: [ app_init ] --END-- [ RunTime:0.000369s ]
INFO: [ app_begin ] --START--
INFO: Run Behavior\ReadHtmlCacheBehavior [ RunTime:0.000514s ]
INFO: [ app_begin ] --END-- [ RunTime:0.000604s ]
NOTIC: [8] A session had already been started - ignoring session_start() D:\wm\ThinkPHP\Common\functions.php 第 1263 行.

[ 2017-08-30T10:39:23+08:00 ] 110.249.130.170 /index.php/server/user/login
INFO: [ app_init ] --START--
INFO: Run Behavior\BuildLiteBehavior [ RunTime:0.000016s ]
INFO: [ app_init ] --END-- [ RunTime:0.000350s ]
INFO: [ app_begin ] --START--
INFO: Run Behavior\ReadHtmlCacheBehavior [ RunTime:0.000483s ]
INFO: [ app_begin ] --END-- [ RunTime:0.000536s ]
NOTIC: [8] A session had already been started - ignoring session_start() D:\wm\ThinkPHP\Common\functions.php 第 1263 行.
SQL: SHOW COLUMNS FROM `et_shop` [ RunTime:0.0204s ]
SQL: SELECT `shopid` FROM `et_shop` WHERE `phone` = '15230868185' AND `password` = 'bc13ec4937f9a6a5a8bd5e02bbcc14c1' LIMIT 1   [ RunTime:0.0004s ]

[ 2017-08-30T10:39:24+08:00 ] 110.249.130.170 /index.php/server/user/shopmesa
INFO: [ app_init ] --START--
INFO: Run Behavior\BuildLiteBehavior [ RunTime:0.000025s ]
INFO: [ app_init ] --END-- [ RunTime:0.000532s ]
INFO: [ app_begin ] --START--
INFO: Run Behavior\ReadHtmlCacheBehavior [ RunTime:0.000760s ]
INFO: [ app_begin ] --END-- [ RunTime:0.000839s ]
NOTIC: [8] A session had already been started - ignoring session_start() D:\wm\ThinkPHP\Common\functions.php 第 1263 行.
SQL: SHOW COLUMNS FROM `et_shopmessage` [ RunTime:0.0029s ]
SQL: SELECT `content`,`gotime`,`long`,`maxprice`,`maxlong`,`lkmoney`,`shophead`,`shopphoto`,`shopname`,`state`,`coordinate`,`detailed_address`,`mobile` FROM `et_shopmessage` WHERE `shopid` = 45 LIMIT 1   [ RunTime:0.0003s ]
SQL: SHOW COLUMNS FROM `et_mingxi` [ RunTime:0.0158s ]
SQL: SELECT * FROM `et_mingxi` WHERE `addtime` BETWEEN '2017-08-30 00:00:00' AND '2017-08-30 10:39:24' AND `shopid` = 45 AND `flag` = 1  [ RunTime:0.0009s ]
SQL: SHOW COLUMNS FROM `et_orders` [ RunTime:0.0029s ]
SQL: SELECT * FROM `et_orders` WHERE `addtime` BETWEEN '2017-08-30 00:00:00' AND '2017-08-30 10:39:24' AND `state` IN ('3','4','5') AND `shopid` = 45  [ RunTime:0.0008s ]

[ 2017-08-30T10:39:25+08:00 ] 110.249.130.170 /index.php/server/order/norderlist
INFO: [ app_init ] --START--
INFO: Run Behavior\BuildLiteBehavior [ RunTime:0.000048s ]
INFO: [ app_init ] --END-- [ RunTime:0.000371s ]
INFO: [ app_begin ] --START--
INFO: Run Behavior\ReadHtmlCacheBehavior [ RunTime:0.000595s ]
INFO: [ app_begin ] --END-- [ RunTime:0.000660s ]
NOTIC: [8] A session had already been started - ignoring session_start() D:\wm\ThinkPHP\Common\functions.php 第 1263 行.
SQL: SHOW COLUMNS FROM `et_orders` [ RunTime:0.0030s ]
SQL: SELECT * FROM `et_orders` WHERE `state` = 1  [ RunTime:0.0031s ]
SQL: SELECT * FROM `et_orders` WHERE `state` IN ('1','2') AND `shopid` = 45 AND `statu` = 2  [ RunTime:0.0009s ]

[ 2017-08-30T10:39:26+08:00 ] 110.249.130.170 /index.php/server/order/todayorderlist
INFO: [ app_init ] --START--
INFO: Run Behavior\BuildLiteBehavior [ RunTime:0.000017s ]
INFO: [ app_init ] --END-- [ RunTime:0.000315s ]
INFO: [ app_begin ] --START--
INFO: Run Behavior\ReadHtmlCacheBehavior [ RunTime:0.000440s ]
INFO: [ app_begin ] --END-- [ RunTime:0.000497s ]
NOTIC: [8] A session had already been started - ignoring session_start() D:\wm\ThinkPHP\Common\functions.php 第 1263 行.
NOTIC: [8] Undefined index: page D:\wm\Application\Server\Controller\OrderController.class.php 第 197 行.
SQL: SHOW COLUMNS FROM `et_orders` [ RunTime:0.0029s ]
NOTIC: [8] Undefined index: limit D:\wm\ThinkPHP\Library\Think\Db\Driver.class.php 第 961 行.
SQL: SELECT * FROM `et_orders` WHERE `addtime` BETWEEN '2017-08-30 00:00:00' AND '2017-08-30 10:39:26' AND `state` IN ('3','4','5') AND `shopid` = 45 ORDER BY addtime desc LIMIT 0,20   [ RunTime:0.0006s ]

[ 2017-08-30T10:39:30+08:00 ] 110.249.130.170 /index.php/server/order/norderlist
INFO: [ app_init ] --START--
INFO: Run Behavior\BuildLiteBehavior [ RunTime:0.000023s ]
INFO: [ app_init ] --END-- [ RunTime:0.000408s ]
INFO: [ app_begin ] --START--
INFO: Run Behavior\ReadHtmlCacheBehavior [ RunTime:0.000504s ]
INFO: [ app_begin ] --END-- [ RunTime:0.000562s ]
NOTIC: [8] A session had already been started - ignoring session_start() D:\wm\ThinkPHP\Common\functions.php 第 1263 行.
SQL: SHOW COLUMNS FROM `et_orders` [ RunTime:0.0033s ]
SQL: SELECT * FROM `et_orders` WHERE `state` = 1  [ RunTime:0.0031s ]
SQL: SELECT * FROM `et_orders` WHERE `state` IN ('1','2') AND `shopid` = 45 AND `statu` = 2  [ RunTime:0.0010s ]

[ 2017-08-30T10:39:31+08:00 ] 110.249.130.170 /index.php/server/order/todayorderlist
INFO: [ app_init ] --START--
INFO: Run Behavior\BuildLiteBehavior [ RunTime:0.000023s ]
INFO: [ app_init ] --END-- [ RunTime:0.000416s ]
INFO: [ app_begin ] --START--
INFO: Run Behavior\ReadHtmlCacheBehavior [ RunTime:0.000587s ]
INFO: [ app_begin ] --END-- [ RunTime:0.000648s ]
NOTIC: [8] A session had already been started - ignoring session_start() D:\wm\ThinkPHP\Common\functions.php 第 1263 行.
NOTIC: [8] Undefined index: page D:\wm\Application\Server\Controller\OrderController.class.php 第 197 行.
SQL: SHOW COLUMNS FROM `et_orders` [ RunTime:0.0037s ]
NOTIC: [8] Undefined index: limit D:\wm\ThinkPHP\Library\Think\Db\Driver.class.php 第 961 行.
SQL: SELECT * FROM `et_orders` WHERE `addtime` BETWEEN '2017-08-30 00:00:00' AND '2017-08-30 10:39:31' AND `state` IN ('3','4','5') AND `shopid` = 45 ORDER BY addtime desc LIMIT 0,20   [ RunTime:0.0012s ]

[ 2017-08-30T10:39:32+08:00 ] 110.249.130.170 /index.php/server/order/norderlist
INFO: [ app_init ] --START--
INFO: Run Behavior\BuildLiteBehavior [ RunTime:0.000018s ]
INFO: [ app_init ] --END-- [ RunTime:0.000385s ]
INFO: [ app_begin ] --START--
INFO: Run Behavior\ReadHtmlCacheBehavior [ RunTime:0.000482s ]
INFO: [ app_begin ] --END-- [ RunTime:0.000542s ]
NOTIC: [8] A session had already been started - ignoring session_start() D:\wm\ThinkPHP\Common\functions.php 第 1263 行.
SQL: SHOW COLUMNS FROM `et_orders` [ RunTime:0.0032s ]
SQL: SELECT * FROM `et_orders` WHERE `state` = 1  [ RunTime:0.0050s ]
SQL: SELECT * FROM `et_orders` WHERE `state` IN ('1','2') AND `shopid` = 45 AND `statu` = 2  [ RunTime:0.0016s ]

[ 2017-08-30T10:39:32+08:00 ] 110.249.130.170 /index.php/server/order/todayorderlist
INFO: [ app_init ] --START--
INFO: Run Behavior\BuildLiteBehavior [ RunTime:0.000017s ]
INFO: [ app_init ] --END-- [ RunTime:0.000307s ]
INFO: [ app_begin ] --START--
INFO: Run Behavior\ReadHtmlCacheBehavior [ RunTime:0.000458s ]
INFO: [ app_begin ] --END-- [ RunTime:0.000513s ]
NOTIC: [8] A session had already been started - ignoring session_start() D:\wm\ThinkPHP\Common\functions.php 第 1263 行.
NOTIC: [8] Undefined index: page D:\wm\Application\Server\Controller\OrderController.class.php 第 197 行.
SQL: SHOW COLUMNS FROM `et_orders` [ RunTime:0.0034s ]
NOTIC: [8] Undefined index: limit D:\wm\ThinkPHP\Library\Think\Db\Driver.class.php 第 961 行.
SQL: SELECT * FROM `et_orders` WHERE `addtime` BETWEEN '2017-08-30 00:00:00' AND '2017-08-30 10:39:32' AND `state` IN ('3','4','5') AND `shopid` = 45 ORDER BY addtime desc LIMIT 0,20   [ RunTime:0.0011s ]

[ 2017-08-30T10:39:33+08:00 ] 110.249.130.170 /index.php/server/order/todayorderlist
INFO: [ app_init ] --START--
INFO: Run Behavior\BuildLiteBehavior [ RunTime:0.000016s ]
INFO: [ app_init ] --END-- [ RunTime:0.000289s ]
INFO: [ app_begin ] --START--
INFO: Run Behavior\ReadHtmlCacheBehavior [ RunTime:0.000418s ]
INFO: [ app_begin ] --END-- [ RunTime:0.000487s ]
NOTIC: [8] A session had already been started - ignoring session_start() D:\wm\ThinkPHP\Common\functions.php 第 1263 行.
NOTIC: [8] Undefined index: page D:\wm\Application\Server\Controller\OrderController.class.php 第 197 行.
SQL: SHOW COLUMNS FROM `et_orders` [ RunTime:0.0024s ]
NOTIC: [8] Undefined index: limit D:\wm\ThinkPHP\Library\Think\Db\Driver.class.php 第 961 行.
SQL: SELECT * FROM `et_orders` WHERE `addtime` BETWEEN '2017-08-30 00:00:00' AND '2017-08-30 10:39:33' AND `state` IN ('3','4','5') AND `shopid` = 45 ORDER BY addtime desc LIMIT 0,20   [ RunTime:0.0006s ]

[ 2017-08-30T10:58:44+08:00 ] 110.249.130.170 /index.php/server/order/norderlist
INFO: [ app_init ] --START--
INFO: Run Behavior\BuildLiteBehavior [ RunTime:0.000022s ]
INFO: [ app_init ] --END-- [ RunTime:0.002502s ]
INFO: [ app_begin ] --START--
INFO: Run Behavior\ReadHtmlCacheBehavior [ RunTime:0.002249s ]
INFO: [ app_begin ] --END-- [ RunTime:0.002305s ]
NOTIC: [8] A session had already been started - ignoring session_start() D:\wm\ThinkPHP\Common\functions.php 第 1263 行.

[ 2017-08-30T10:58:44+08:00 ] 110.249.130.170 /index.php/server/order/yorderlist
INFO: [ app_init ] --START--
INFO: Run Behavior\BuildLiteBehavior [ RunTime:0.000020s ]
INFO: [ app_init ] --END-- [ RunTime:0.003274s ]
INFO: [ app_begin ] --START--
INFO: Run Behavior\ReadHtmlCacheBehavior [ RunTime:0.002609s ]
INFO: [ app_begin ] --END-- [ RunTime:0.002671s ]
NOTIC: [8] A session had already been started - ignoring session_start() D:\wm\ThinkPHP\Common\functions.php 第 1263 行.

[ 2017-08-30T10:59:57+08:00 ] 110.249.130.170 /index.php/server/user/shopmesa
INFO: [ app_init ] --START--
INFO: Run Behavior\BuildLiteBehavior [ RunTime:0.000016s ]
INFO: [ app_init ] --END-- [ RunTime:0.000375s ]
INFO: [ app_begin ] --START--
INFO: Run Behavior\ReadHtmlCacheBehavior [ RunTime:0.000489s ]
INFO: [ app_begin ] --END-- [ RunTime:0.000587s ]
NOTIC: [8] A session had already been started - ignoring session_start() D:\wm\ThinkPHP\Common\functions.php 第 1263 行.

[ 2017-08-30T11:00:05+08:00 ] 110.249.130.170 /index.php/server/user/login
INFO: [ app_init ] --START--
INFO: Run Behavior\BuildLiteBehavior [ RunTime:0.000019s ]
INFO: [ app_init ] --END-- [ RunTime:0.000338s ]
INFO: [ app_begin ] --START--
INFO: Run Behavior\ReadHtmlCacheBehavior [ RunTime:0.000475s ]
INFO: [ app_begin ] --END-- [ RunTime:0.000528s ]
NOTIC: [8] A session had already been started - ignoring session_start() D:\wm\ThinkPHP\Common\functions.php 第 1263 行.
SQL: SHOW COLUMNS FROM `et_shop` [ RunTime:0.0451s ]
SQL: SELECT `shopid` FROM `et_shop` WHERE `phone` = '15230868185' AND `password` = 'bc13ec4937f9a6a5a8bd5e02bbcc14c1' LIMIT 1   [ RunTime:0.0004s ]

[ 2017-08-30T11:00:06+08:00 ] 110.249.130.170 /index.php/server/order/norderlist
INFO: [ app_init ] --START--
INFO: Run Behavior\BuildLiteBehavior [ RunTime:0.000017s ]
INFO: [ app_init ] --END-- [ RunTime:0.000542s ]
INFO: [ app_begin ] --START--
INFO: Run Behavior\ReadHtmlCacheBehavior [ RunTime:0.000536s ]
INFO: [ app_begin ] --END-- [ RunTime:0.000597s ]
NOTIC: [8] A session had already been started - ignoring session_start() D:\wm\ThinkPHP\Common\functions.php 第 1263 行.
SQL: SHOW COLUMNS FROM `et_orders` [ RunTime:0.0023s ]
SQL: SELECT * FROM `et_orders` WHERE `state` = 1  [ RunTime:0.0056s ]
SQL: SELECT * FROM `et_orders` WHERE `state` IN ('1','2') AND `shopid` = 45 AND `statu` = 2  [ RunTime:0.0010s ]

[ 2017-08-30T11:00:06+08:00 ] 110.249.130.170 /index.php/server/order/yorderlist
INFO: [ app_init ] --START--
INFO: Run Behavior\BuildLiteBehavior [ RunTime:0.000050s ]
INFO: [ app_init ] --END-- [ RunTime:0.000359s ]
INFO: [ app_begin ] --START--
INFO: Run Behavior\ReadHtmlCacheBehavior [ RunTime:0.000483s ]
INFO: [ app_begin ] --END-- [ RunTime:0.000535s ]
NOTIC: [8] A session had already been started - ignoring session_start() D:\wm\ThinkPHP\Common\functions.php 第 1263 行.
SQL: SHOW COLUMNS FROM `et_orders` [ RunTime:0.0406s ]
SQL: SELECT * FROM `et_orders` WHERE `state` = 1  [ RunTime:0.0031s ]
SQL: SELECT * FROM `et_orders` WHERE `statu` = 2 AND `state` IN ('3','4','5') AND `shopid` = 45 AND `states` = 1 ORDER BY addtime desc LIMIT 0,8   [ RunTime:0.0008s ]
SQL: SHOW COLUMNS FROM `et_ordergoods` [ RunTime:0.0365s ]
SQL: SELECT * FROM `et_ordergoods` WHERE `orderid` = '1503471851'  [ RunTime:0.0010s ]
SQL: SHOW COLUMNS FROM `et_shopgoods` [ RunTime:0.0022s ]
SQL: SELECT `goodsname`,`goodsprice` FROM `et_shopgoods` WHERE `goodsid` = 236 LIMIT 1   [ RunTime:0.0003s ]
SQL: SELECT * FROM `et_ordergoods` WHERE `orderid` = '1503471826'  [ RunTime:0.0009s ]
SQL: SELECT `goodsname`,`goodsprice` FROM `et_shopgoods` WHERE `goodsid` = 236 LIMIT 1   [ RunTime:0.0002s ]
SQL: SELECT * FROM `et_ordergoods` WHERE `orderid` = '1503471794'  [ RunTime:0.0008s ]
SQL: SELECT `goodsname`,`goodsprice` FROM `et_shopgoods` WHERE `goodsid` = 236 LIMIT 1   [ RunTime:0.0002s ]
SQL: SELECT * FROM `et_ordergoods` WHERE `orderid` = '1503471625'  [ RunTime:0.0008s ]
SQL: SELECT `goodsname`,`goodsprice` FROM `et_shopgoods` WHERE `goodsid` = 236 LIMIT 1   [ RunTime:0.0003s ]
SQL: SELECT * FROM `et_ordergoods` WHERE `orderid` = '1503471093'  [ RunTime:0.0008s ]
SQL: SELECT `goodsname`,`goodsprice` FROM `et_shopgoods` WHERE `goodsid` = 236 LIMIT 1   [ RunTime:0.0002s ]
SQL: SELECT * FROM `et_ordergoods` WHERE `orderid` = '1503470879'  [ RunTime:0.0009s ]
SQL: SELECT `goodsname`,`goodsprice` FROM `et_shopgoods` WHERE `goodsid` = 236 LIMIT 1   [ RunTime:0.0002s ]
SQL: SELECT * FROM `et_ordergoods` WHERE `orderid` = '1503470393'  [ RunTime:0.0007s ]
SQL: SELECT `goodsname`,`goodsprice` FROM `et_shopgoods` WHERE `goodsid` = 236 LIMIT 1   [ RunTime:0.0002s ]
SQL: SELECT * FROM `et_ordergoods` WHERE `orderid` = '1503468970'  [ RunTime:0.0008s ]
SQL: SELECT `goodsname`,`goodsprice` FROM `et_shopgoods` WHERE `goodsid` = 236 LIMIT 1   [ RunTime:0.0002s ]

[ 2017-08-30T11:00:07+08:00 ] 110.249.130.170 /index.php/server/user/shopmesa
INFO: [ app_init ] --START--
INFO: Run Behavior\BuildLiteBehavior [ RunTime:0.000017s ]
INFO: [ app_init ] --END-- [ RunTime:0.000304s ]
INFO: [ app_begin ] --START--
INFO: Run Behavior\ReadHtmlCacheBehavior [ RunTime:0.000431s ]
INFO: [ app_begin ] --END-- [ RunTime:0.000485s ]
NOTIC: [8] A session had already been started - ignoring session_start() D:\wm\ThinkPHP\Common\functions.php 第 1263 行.
SQL: SHOW COLUMNS FROM `et_shopmessage` [ RunTime:0.0025s ]
SQL: SELECT `content`,`gotime`,`long`,`maxprice`,`maxlong`,`lkmoney`,`shophead`,`shopphoto`,`shopname`,`state`,`coordinate`,`detailed_address`,`mobile` FROM `et_shopmessage` WHERE `shopid` = 45 LIMIT 1   [ RunTime:0.0003s ]
SQL: SHOW COLUMNS FROM `et_mingxi` [ RunTime:0.0023s ]
SQL: SELECT * FROM `et_mingxi` WHERE `addtime` BETWEEN '2017-08-30 00:00:00' AND '2017-08-30 11:00:07' AND `shopid` = 45 AND `flag` = 1  [ RunTime:0.0004s ]
SQL: SHOW COLUMNS FROM `et_orders` [ RunTime:0.0019s ]
SQL: SELECT * FROM `et_orders` WHERE `addtime` BETWEEN '2017-08-30 00:00:00' AND '2017-08-30 11:00:07' AND `state` IN ('3','4','5') AND `shopid` = 45  [ RunTime:0.0009s ]

[ 2017-08-30T11:22:31+08:00 ] 110.249.130.170 /index.php/server/user/login
INFO: [ app_init ] --START--
INFO: Run Behavior\BuildLiteBehavior [ RunTime:0.000086s ]
INFO: [ app_init ] --END-- [ RunTime:0.002199s ]
INFO: [ app_begin ] --START--
INFO: Run Behavior\ReadHtmlCacheBehavior [ RunTime:0.002944s ]
INFO: [ app_begin ] --END-- [ RunTime:0.003027s ]
NOTIC: [8] A session had already been started - ignoring session_start() D:\wm\ThinkPHP\Common\functions.php 第 1263 行.
SQL: SHOW COLUMNS FROM `et_shop` [ RunTime:0.0179s ]
SQL: SELECT `shopid` FROM `et_shop` WHERE `phone` = '15239868185' AND `password` = 'bc13ec4937f9a6a5a8bd5e02bbcc14c1' LIMIT 1   [ RunTime:0.0004s ]

[ 2017-08-30T11:22:39+08:00 ] 110.249.130.170 /index.php/server/user/login
INFO: [ app_init ] --START--
INFO: Run Behavior\BuildLiteBehavior [ RunTime:0.000015s ]
INFO: [ app_init ] --END-- [ RunTime:0.000351s ]
INFO: [ app_begin ] --START--
INFO: Run Behavior\ReadHtmlCacheBehavior [ RunTime:0.000450s ]
INFO: [ app_begin ] --END-- [ RunTime:0.000503s ]
NOTIC: [8] A session had already been started - ignoring session_start() D:\wm\ThinkPHP\Common\functions.php 第 1263 行.
SQL: SHOW COLUMNS FROM `et_shop` [ RunTime:0.0572s ]
SQL: SELECT `shopid` FROM `et_shop` WHERE `phone` = '15230868185' AND `password` = 'bc13ec4937f9a6a5a8bd5e02bbcc14c1' LIMIT 1   [ RunTime:0.0004s ]

[ 2017-08-30T11:23:49+08:00 ] 110.249.130.170 /index.php/server/order/norderlist
INFO: [ app_init ] --START--
INFO: Run Behavior\BuildLiteBehavior [ RunTime:0.000017s ]
INFO: [ app_init ] --END-- [ RunTime:0.000342s ]
INFO: [ app_begin ] --START--
INFO: Run Behavior\ReadHtmlCacheBehavior [ RunTime:0.000552s ]
INFO: [ app_begin ] --END-- [ RunTime:0.000611s ]
NOTIC: [8] A session had already been started - ignoring session_start() D:\wm\ThinkPHP\Common\functions.php 第 1263 行.

[ 2017-08-30T11:24:14+08:00 ] 110.249.130.170 /index.php/server/user/login
INFO: [ app_init ] --START--
INFO: Run Behavior\BuildLiteBehavior [ RunTime:0.000015s ]
INFO: [ app_init ] --END-- [ RunTime:0.000392s ]
INFO: [ app_begin ] --START--
INFO: Run Behavior\ReadHtmlCacheBehavior [ RunTime:0.000449s ]
INFO: [ app_begin ] --END-- [ RunTime:0.000502s ]
NOTIC: [8] A session had already been started - ignoring session_start() D:\wm\ThinkPHP\Common\functions.php 第 1263 行.
SQL: SHOW COLUMNS FROM `et_shop` [ RunTime:0.0339s ]
SQL: SELECT `shopid` FROM `et_shop` WHERE `phone` = '15230868185' AND `password` = 'bc13ec4937f9a6a5a8bd5e02bbcc14c1' LIMIT 1   [ RunTime:0.0003s ]

[ 2017-08-30T11:24:15+08:00 ] 110.249.130.170 /index.php/server/user/shopmesa
INFO: [ app_init ] --START--
INFO: Run Behavior\BuildLiteBehavior [ RunTime:0.000016s ]
INFO: [ app_init ] --END-- [ RunTime:0.000309s ]
INFO: [ app_begin ] --START--
INFO: Run Behavior\ReadHtmlCacheBehavior [ RunTime:0.000463s ]
INFO: [ app_begin ] --END-- [ RunTime:0.000520s ]
NOTIC: [8] A session had already been started - ignoring session_start() D:\wm\ThinkPHP\Common\functions.php 第 1263 行.
SQL: SHOW COLUMNS FROM `et_shopmessage` [ RunTime:0.0236s ]
SQL: SELECT `content`,`gotime`,`long`,`maxprice`,`maxlong`,`lkmoney`,`shophead`,`shopphoto`,`shopname`,`state`,`coordinate`,`detailed_address`,`mobile` FROM `et_shopmessage` WHERE `shopid` = 45 LIMIT 1   [ RunTime:0.0004s ]
SQL: SHOW COLUMNS FROM `et_mingxi` [ RunTime:0.0023s ]
SQL: SELECT * FROM `et_mingxi` WHERE `addtime` BETWEEN '2017-08-30 00:00:00' AND '2017-08-30 11:24:15' AND `shopid` = 45 AND `flag` = 1  [ RunTime:0.0007s ]
SQL: SHOW COLUMNS FROM `et_orders` [ RunTime:0.0400s ]
SQL: SELECT * FROM `et_orders` WHERE `addtime` BETWEEN '2017-08-30 00:00:00' AND '2017-08-30 11:24:15' AND `state` IN ('3','4','5') AND `shopid` = 45  [ RunTime:0.0011s ]

[ 2017-08-30T11:24:17+08:00 ] 110.249.130.170 /index.php/server/order/norderlist
INFO: [ app_init ] --START--
INFO: Run Behavior\BuildLiteBehavior [ RunTime:0.000015s ]
INFO: [ app_init ] --END-- [ RunTime:0.000284s ]
INFO: [ app_begin ] --START--
INFO: Run Behavior\ReadHtmlCacheBehavior [ RunTime:0.000442s ]
INFO: [ app_begin ] --END-- [ RunTime:0.000505s ]
NOTIC: [8] A session had already been started - ignoring session_start() D:\wm\ThinkPHP\Common\functions.php 第 1263 行.
SQL: SHOW COLUMNS FROM `et_orders` [ RunTime:0.0057s ]
SQL: SELECT * FROM `et_orders` WHERE `state` = 1  [ RunTime:0.0030s ]
SQL: SELECT * FROM `et_orders` WHERE `state` IN ('1','2') AND `shopid` = 45 AND `statu` = 2  [ RunTime:0.0008s ]

[ 2017-08-30T11:24:18+08:00 ] 110.249.130.170 /index.php/server/order/yorderlist
INFO: [ app_init ] --START--
INFO: Run Behavior\BuildLiteBehavior [ RunTime:0.000016s ]
INFO: [ app_init ] --END-- [ RunTime:0.000282s ]
INFO: [ app_begin ] --START--
INFO: Run Behavior\ReadHtmlCacheBehavior [ RunTime:0.000522s ]
INFO: [ app_begin ] --END-- [ RunTime:0.000588s ]
NOTIC: [8] A session had already been started - ignoring session_start() D:\wm\ThinkPHP\Common\functions.php 第 1263 行.
NOTIC: [8] Undefined index: page D:\wm\Application\Server\Controller\OrderController.class.php 第 70 行.
SQL: SHOW COLUMNS FROM `et_orders` [ RunTime:0.0022s ]
SQL: SELECT * FROM `et_orders` WHERE `state` = 1  [ RunTime:0.0028s ]
NOTIC: [8] Undefined index: limit D:\wm\ThinkPHP\Library\Think\Db\Driver.class.php 第 961 行.
SQL: SELECT * FROM `et_orders` WHERE `statu` = 2 AND `state` IN ('3','4','5') AND `shopid` = 45 AND `states` = 1 ORDER BY addtime desc LIMIT 0,20   [ RunTime:0.0718s ]
SQL: SHOW COLUMNS FROM `et_ordergoods` [ RunTime:0.0024s ]
SQL: SELECT * FROM `et_ordergoods` WHERE `orderid` = '1503471851'  [ RunTime:0.0008s ]
SQL: SHOW COLUMNS FROM `et_shopgoods` [ RunTime:0.0019s ]
SQL: SELECT `goodsname`,`goodsprice` FROM `et_shopgoods` WHERE `goodsid` = 236 LIMIT 1   [ RunTime:0.0003s ]
SQL: SELECT * FROM `et_ordergoods` WHERE `orderid` = '1503471826'  [ RunTime:0.0008s ]
SQL: SELECT `goodsname`,`goodsprice` FROM `et_shopgoods` WHERE `goodsid` = 236 LIMIT 1   [ RunTime:0.0002s ]
SQL: SELECT * FROM `et_ordergoods` WHERE `orderid` = '1503471794'  [ RunTime:0.0008s ]
SQL: SELECT `goodsname`,`goodsprice` FROM `et_shopgoods` WHERE `goodsid` = 236 LIMIT 1   [ RunTime:0.0002s ]
SQL: SELECT * FROM `et_ordergoods` WHERE `orderid` = '1503471625'  [ RunTime:0.0009s ]
SQL: SELECT `goodsname`,`goodsprice` FROM `et_shopgoods` WHERE `goodsid` = 236 LIMIT 1   [ RunTime:0.0002s ]
SQL: SELECT * FROM `et_ordergoods` WHERE `orderid` = '1503471093'  [ RunTime:0.0008s ]
SQL: SELECT `goodsname`,`goodsprice` FROM `et_shopgoods` WHERE `goodsid` = 236 LIMIT 1   [ RunTime:0.0002s ]
SQL: SELECT * FROM `et_ordergoods` WHERE `orderid` = '1503470879'  [ RunTime:0.0009s ]
SQL: SELECT `goodsname`,`goodsprice` FROM `et_shopgoods` WHERE `goodsid` = 236 LIMIT 1   [ RunTime:0.0003s ]
SQL: SELECT * FROM `et_ordergoods` WHERE `orderid` = '1503470393'  [ RunTime:0.0012s ]
SQL: SELECT `goodsname`,`goodsprice` FROM `et_shopgoods` WHERE `goodsid` = 236 LIMIT 1   [ RunTime:0.0002s ]
SQL: SELECT * FROM `et_ordergoods` WHERE `orderid` = '1503468970'  [ RunTime:0.0008s ]
SQL: SELECT `goodsname`,`goodsprice` FROM `et_shopgoods` WHERE `goodsid` = 236 LIMIT 1   [ RunTime:0.0002s ]
SQL: SELECT * FROM `et_ordergoods` WHERE `orderid` = '1503468815'  [ RunTime:0.0007s ]
SQL: SELECT `goodsname`,`goodsprice` FROM `et_shopgoods` WHERE `goodsid` = 236 LIMIT 1   [ RunTime:0.0002s ]
SQL: SELECT * FROM `et_ordergoods` WHERE `orderid` = '1503468783'  [ RunTime:0.0008s ]
SQL: SELECT `goodsname`,`goodsprice` FROM `et_shopgoods` WHERE `goodsid` = 236 LIMIT 1   [ RunTime:0.0002s ]
SQL: SELECT * FROM `et_ordergoods` WHERE `orderid` = '1503468743'  [ RunTime:0.0008s ]
SQL: SELECT `goodsname`,`goodsprice` FROM `et_shopgoods` WHERE `goodsid` = 236 LIMIT 1   [ RunTime:0.0003s ]
SQL: SELECT * FROM `et_ordergoods` WHERE `orderid` = '1503468676'  [ RunTime:0.0007s ]
SQL: SELECT `goodsname`,`goodsprice` FROM `et_shopgoods` WHERE `goodsid` = 236 LIMIT 1   [ RunTime:0.0003s ]
SQL: SELECT * FROM `et_ordergoods` WHERE `orderid` = '1503468538'  [ RunTime:0.0008s ]
SQL: SELECT `goodsname`,`goodsprice` FROM `et_shopgoods` WHERE `goodsid` = 236 LIMIT 1   [ RunTime:0.0002s ]
SQL: SELECT * FROM `et_ordergoods` WHERE `orderid` = '1503468507'  [ RunTime:0.0008s ]
SQL: SELECT `goodsname`,`goodsprice` FROM `et_shopgoods` WHERE `goodsid` = 236 LIMIT 1   [ RunTime:0.0002s ]
SQL: SELECT * FROM `et_ordergoods` WHERE `orderid` = '1503388799'  [ RunTime:0.0008s ]
SQL: SELECT `goodsname`,`goodsprice` FROM `et_shopgoods` WHERE `goodsid` = 236 LIMIT 1   [ RunTime:0.0002s ]
SQL: SELECT * FROM `et_ordergoods` WHERE `orderid` = '1503388650'  [ RunTime:0.0008s ]
SQL: SELECT `goodsname`,`goodsprice` FROM `et_shopgoods` WHERE `goodsid` = 236 LIMIT 1   [ RunTime:0.0002s ]
SQL: SELECT * FROM `et_ordergoods` WHERE `orderid` = '1503388475'  [ RunTime:0.0009s ]
SQL: SELECT `goodsname`,`goodsprice` FROM `et_shopgoods` WHERE `goodsid` = 236 LIMIT 1   [ RunTime:0.0002s ]
SQL: SELECT * FROM `et_ordergoods` WHERE `orderid` = '1503388396'  [ RunTime:0.0009s ]
SQL: SELECT `goodsname`,`goodsprice` FROM `et_shopgoods` WHERE `goodsid` = 236 LIMIT 1   [ RunTime:0.0002s ]
SQL: SELECT * FROM `et_ordergoods` WHERE `orderid` = '1502954577'  [ RunTime:0.0008s ]
SQL: SELECT `goodsname`,`goodsprice` FROM `et_shopgoods` WHERE `goodsid` = 236 LIMIT 1   [ RunTime:0.0002s ]
SQL: SELECT * FROM `et_ordergoods` WHERE `orderid` = '1502953334'  [ RunTime:0.0009s ]
SQL: SELECT `goodsname`,`goodsprice` FROM `et_shopgoods` WHERE `goodsid` = 236 LIMIT 1   [ RunTime:0.0002s ]

[ 2017-08-30T11:25:13+08:00 ] 110.249.130.170 /index.php/server/order/norderlist
INFO: [ app_init ] --START--
INFO: Run Behavior\BuildLiteBehavior [ RunTime:0.000028s ]
INFO: [ app_init ] --END-- [ RunTime:0.000444s ]
INFO: [ app_begin ] --START--
INFO: Run Behavior\ReadHtmlCacheBehavior [ RunTime:0.000503s ]
INFO: [ app_begin ] --END-- [ RunTime:0.000624s ]
NOTIC: [8] A session had already been started - ignoring session_start() D:\wm\ThinkPHP\Common\functions.php 第 1263 行.
SQL: SHOW COLUMNS FROM `et_orders` [ RunTime:0.0036s ]
SQL: SELECT * FROM `et_orders` WHERE `state` = 1  [ RunTime:0.0051s ]
SQL: SELECT * FROM `et_orders` WHERE `state` IN ('1','2') AND `shopid` = 45 AND `statu` = 2  [ RunTime:0.0015s ]

[ 2017-08-30T11:25:16+08:00 ] 110.249.130.170 /index.php/server/order/yorderlist
INFO: [ app_init ] --START--
INFO: Run Behavior\BuildLiteBehavior [ RunTime:0.000050s ]
INFO: [ app_init ] --END-- [ RunTime:0.000351s ]
INFO: [ app_begin ] --START--
INFO: Run Behavior\ReadHtmlCacheBehavior [ RunTime:0.000499s ]
INFO: [ app_begin ] --END-- [ RunTime:0.000559s ]
NOTIC: [8] A session had already been started - ignoring session_start() D:\wm\ThinkPHP\Common\functions.php 第 1263 行.
NOTIC: [8] Undefined index: page D:\wm\Application\Server\Controller\OrderController.class.php 第 70 行.
SQL: SHOW COLUMNS FROM `et_orders` [ RunTime:0.0445s ]
SQL: SELECT * FROM `et_orders` WHERE `state` = 1  [ RunTime:0.0030s ]
NOTIC: [8] Undefined index: limit D:\wm\ThinkPHP\Library\Think\Db\Driver.class.php 第 961 行.
SQL: SELECT * FROM `et_orders` WHERE `statu` = 2 AND `state` IN ('3','4','5') AND `shopid` = 45 AND `states` = 1 ORDER BY addtime desc LIMIT 0,20   [ RunTime:0.0230s ]
SQL: SHOW COLUMNS FROM `et_ordergoods` [ RunTime:0.0025s ]
SQL: SELECT * FROM `et_ordergoods` WHERE `orderid` = '1503471851'  [ RunTime:0.0010s ]
SQL: SHOW COLUMNS FROM `et_shopgoods` [ RunTime:0.0020s ]
SQL: SELECT `goodsname`,`goodsprice` FROM `et_shopgoods` WHERE `goodsid` = 236 LIMIT 1   [ RunTime:0.0003s ]
SQL: SELECT * FROM `et_ordergoods` WHERE `orderid` = '1503471826'  [ RunTime:0.0008s ]
SQL: SELECT `goodsname`,`goodsprice` FROM `et_shopgoods` WHERE `goodsid` = 236 LIMIT 1   [ RunTime:0.0003s ]
SQL: SELECT * FROM `et_ordergoods` WHERE `orderid` = '1503471794'  [ RunTime:0.0009s ]
SQL: SELECT `goodsname`,`goodsprice` FROM `et_shopgoods` WHERE `goodsid` = 236 LIMIT 1   [ RunTime:0.0003s ]
SQL: SELECT * FROM `et_ordergoods` WHERE `orderid` = '1503471625'  [ RunTime:0.0008s ]
SQL: SELECT `goodsname`,`goodsprice` FROM `et_shopgoods` WHERE `goodsid` = 236 LIMIT 1   [ RunTime:0.0002s ]
SQL: SELECT * FROM `et_ordergoods` WHERE `orderid` = '1503471093'  [ RunTime:0.0009s ]
SQL: SELECT `goodsname`,`goodsprice` FROM `et_shopgoods` WHERE `goodsid` = 236 LIMIT 1   [ RunTime:0.0002s ]
SQL: SELECT * FROM `et_ordergoods` WHERE `orderid` = '1503470879'  [ RunTime:0.0008s ]
SQL: SELECT `goodsname`,`goodsprice` FROM `et_shopgoods` WHERE `goodsid` = 236 LIMIT 1   [ RunTime:0.0002s ]
SQL: SELECT * FROM `et_ordergoods` WHERE `orderid` = '1503470393'  [ RunTime:0.0009s ]
SQL: SELECT `goodsname`,`goodsprice` FROM `et_shopgoods` WHERE `goodsid` = 236 LIMIT 1   [ RunTime:0.0002s ]
SQL: SELECT * FROM `et_ordergoods` WHERE `orderid` = '1503468970'  [ RunTime:0.0008s ]
SQL: SELECT `goodsname`,`goodsprice` FROM `et_shopgoods` WHERE `goodsid` = 236 LIMIT 1   [ RunTime:0.0002s ]
SQL: SELECT * FROM `et_ordergoods` WHERE `orderid` = '1503468815'  [ RunTime:0.0009s ]
SQL: SELECT `goodsname`,`goodsprice` FROM `et_shopgoods` WHERE `goodsid` = 236 LIMIT 1   [ RunTime:0.0002s ]
SQL: SELECT * FROM `et_ordergoods` WHERE `orderid` = '1503468783'  [ RunTime:0.0009s ]
SQL: SELECT `goodsname`,`goodsprice` FROM `et_shopgoods` WHERE `goodsid` = 236 LIMIT 1   [ RunTime:0.0003s ]
SQL: SELECT * FROM `et_ordergoods` WHERE `orderid` = '1503468743'  [ RunTime:0.0008s ]
SQL: SELECT `goodsname`,`goodsprice` FROM `et_shopgoods` WHERE `goodsid` = 236 LIMIT 1   [ RunTime:0.0002s ]
SQL: SELECT * FROM `et_ordergoods` WHERE `orderid` = '1503468676'  [ RunTime:0.0008s ]
SQL: SELECT `goodsname`,`goodsprice` FROM `et_shopgoods` WHERE `goodsid` = 236 LIMIT 1   [ RunTime:0.0002s ]
SQL: SELECT * FROM `et_ordergoods` WHERE `orderid` = '1503468538'  [ RunTime:0.0008s ]
SQL: SELECT `goodsname`,`goodsprice` FROM `et_shopgoods` WHERE `goodsid` = 236 LIMIT 1   [ RunTime:0.0003s ]
SQL: SELECT * FROM `et_ordergoods` WHERE `orderid` = '1503468507'  [ RunTime:0.0009s ]
SQL: SELECT `goodsname`,`goodsprice` FROM `et_shopgoods` WHERE `goodsid` = 236 LIMIT 1   [ RunTime:0.0002s ]
SQL: SELECT * FROM `et_ordergoods` WHERE `orderid` = '1503388799'  [ RunTime:0.0010s ]
SQL: SELECT `goodsname`,`goodsprice` FROM `et_shopgoods` WHERE `goodsid` = 236 LIMIT 1   [ RunTime:0.0003s ]
SQL: SELECT * FROM `et_ordergoods` WHERE `orderid` = '1503388650'  [ RunTime:0.0008s ]
SQL: SELECT `goodsname`,`goodsprice` FROM `et_shopgoods` WHERE `goodsid` = 236 LIMIT 1   [ RunTime:0.0002s ]
SQL: SELECT * FROM `et_ordergoods` WHERE `orderid` = '1503388475'  [ RunTime:0.0009s ]
SQL: SELECT `goodsname`,`goodsprice` FROM `et_shopgoods` WHERE `goodsid` = 236 LIMIT 1   [ RunTime:0.0002s ]
SQL: SELECT * FROM `et_ordergoods` WHERE `orderid` = '1503388396'  [ RunTime:0.0007s ]
SQL: SELECT `goodsname`,`goodsprice` FROM `et_shopgoods` WHERE `goodsid` = 236 LIMIT 1   [ RunTime:0.0002s ]
SQL: SELECT * FROM `et_ordergoods` WHERE `orderid` = '1502954577'  [ RunTime:0.0008s ]
SQL: SELECT `goodsname`,`goodsprice` FROM `et_shopgoods` WHERE `goodsid` = 236 LIMIT 1   [ RunTime:0.0002s ]
SQL: SELECT * FROM `et_ordergoods` WHERE `orderid` = '1502953334'  [ RunTime:0.0009s ]
SQL: SELECT `goodsname`,`goodsprice` FROM `et_shopgoods` WHERE `goodsid` = 236 LIMIT 1   [ RunTime:0.0002s ]

[ 2017-08-30T11:29:50+08:00 ] 123.182.240.6 /index.php/server/user/shopmesa
INFO: [ app_init ] --START--
INFO: Run Behavior\BuildLiteBehavior [ RunTime:0.000022s ]
INFO: [ app_init ] --END-- [ RunTime:0.000355s ]
INFO: [ app_begin ] --START--
INFO: Run Behavior\ReadHtmlCacheBehavior [ RunTime:0.000463s ]
INFO: [ app_begin ] --END-- [ RunTime:0.000523s ]
NOTIC: [8] A session had already been started - ignoring session_start() D:\wm\ThinkPHP\Common\functions.php 第 1263 行.

[ 2017-08-30T12:40:24+08:00 ] 119.147.207.152 /index.php/server/order/mingxi
INFO: [ app_init ] --START--
INFO: Run Behavior\BuildLiteBehavior [ RunTime:0.000024s ]
INFO: [ app_init ] --END-- [ RunTime:0.002282s ]
INFO: [ app_begin ] --START--
INFO: Run Behavior\ReadHtmlCacheBehavior [ RunTime:0.002758s ]
INFO: [ app_begin ] --END-- [ RunTime:0.002826s ]
NOTIC: [8] A session had already been started - ignoring session_start() D:\wm\ThinkPHP\Common\functions.php 第 1263 行.
INFO: [ app_end ] --START--
INFO: Run Behavior\ShowPageTraceBehavior [ RunTime:0.014628s ]
INFO: [ app_end ] --END-- [ RunTime:0.014755s ]

[ 2017-08-30T13:19:35+08:00 ] 112.90.82.236 /index.php/server/evaluate/pingjialist
INFO: [ app_init ] --START--
INFO: Run Behavior\BuildLiteBehavior [ RunTime:0.000019s ]
INFO: [ app_init ] --END-- [ RunTime:0.001918s ]
INFO: [ app_begin ] --START--
INFO: Run Behavior\ReadHtmlCacheBehavior [ RunTime:0.002264s ]
INFO: [ app_begin ] --END-- [ RunTime:0.002319s ]
NOTIC: [8] A session had already been started - ignoring session_start() D:\wm\ThinkPHP\Common\functions.php 第 1263 行.
INFO: [ app_end ] --START--
INFO: Run Behavior\ShowPageTraceBehavior [ RunTime:0.024460s ]
INFO: [ app_end ] --END-- [ RunTime:0.024597s ]

[ 2017-08-30T13:20:32+08:00 ] 14.17.3.64 /index.php/server/order/backorder
INFO: [ app_init ] --START--
INFO: Run Behavior\BuildLiteBehavior [ RunTime:0.000016s ]
INFO: [ app_init ] --END-- [ RunTime:0.000285s ]
INFO: [ app_begin ] --START--
INFO: Run Behavior\ReadHtmlCacheBehavior [ RunTime:0.000422s ]
INFO: [ app_begin ] --END-- [ RunTime:0.000483s ]
NOTIC: [8] A session had already been started - ignoring session_start() D:\wm\ThinkPHP\Common\functions.php 第 1263 行.
INFO: [ app_end ] --START--
INFO: Run Behavior\ShowPageTraceBehavior [ RunTime:0.000716s ]
INFO: [ app_end ] --END-- [ RunTime:0.000807s ]

[ 2017-08-30T14:33:45+08:00 ] 183.57.53.222 /index.php/server/order/yorderlist
INFO: [ app_init ] --START--
INFO: Run Behavior\BuildLiteBehavior [ RunTime:0.000019s ]
INFO: [ app_init ] --END-- [ RunTime:0.002507s ]
INFO: [ app_begin ] --START--
INFO: Run Behavior\ReadHtmlCacheBehavior [ RunTime:0.003261s ]
INFO: [ app_begin ] --END-- [ RunTime:0.003316s ]
NOTIC: [8] A session had already been started - ignoring session_start() D:\wm\ThinkPHP\Common\functions.php 第 1263 行.
INFO: [ app_end ] --START--
INFO: Run Behavior\ShowPageTraceBehavior [ RunTime:0.013356s ]
INFO: [ app_end ] --END-- [ RunTime:0.013457s ]

[ 2017-08-30T14:54:20+08:00 ] 112.90.82.236 /index.php/server/user/shopmesa
INFO: [ app_init ] --START--
INFO: Run Behavior\BuildLiteBehavior [ RunTime:0.000028s ]
INFO: [ app_init ] --END-- [ RunTime:0.001892s ]
INFO: [ app_begin ] --START--
INFO: Run Behavior\ReadHtmlCacheBehavior [ RunTime:0.002504s ]
INFO: [ app_begin ] --END-- [ RunTime:0.002589s ]
NOTIC: [8] A session had already been started - ignoring session_start() D:\wm\ThinkPHP\Common\functions.php 第 1263 行.
INFO: [ app_end ] --START--
INFO: Run Behavior\ShowPageTraceBehavior [ RunTime:0.001971s ]
INFO: [ app_end ] --END-- [ RunTime:0.002065s ]

