[ 2017-08-05T07:57:11+08:00 ] 60.1.122.221 /index.php/server/order/norderlist
INFO: [ app_init ] --START--
INFO: Run Behavior\BuildLiteBehavior [ RunTime:0.000019s ]
INFO: [ app_init ] --END-- [ RunTime:0.000424s ]
INFO: [ app_begin ] --START--
INFO: Run Behavior\ReadHtmlCacheBehavior [ RunTime:0.000596s ]
INFO: [ app_begin ] --END-- [ RunTime:0.000662s ]
NOTIC: [8] A session had already been started - ignoring session_start() D:\wm\ThinkPHP\Common\functions.php 第 1263 行.
SQL: SHOW COLUMNS FROM `et_orders` [ RunTime:0.0035s ]
SQL: SELECT * FROM `et_orders` WHERE `state` = 1  [ RunTime:0.0015s ]
SQL: SELECT * FROM `et_orders` WHERE `state` IN ('1','2') AND `shopid` = 40 AND `statu` = 2  [ RunTime:0.0004s ]

[ 2017-08-05T07:57:12+08:00 ] 60.1.122.221 /index.php/server/evaluate/pingjialist
INFO: [ app_init ] --START--
INFO: Run Behavior\BuildLiteBehavior [ RunTime:0.000020s ]
INFO: [ app_init ] --END-- [ RunTime:0.000430s ]
INFO: [ app_begin ] --START--
INFO: Run Behavior\ReadHtmlCacheBehavior [ RunTime:0.000582s ]
INFO: [ app_begin ] --END-- [ RunTime:0.000654s ]
NOTIC: [8] A session had already been started - ignoring session_start() D:\wm\ThinkPHP\Common\functions.php 第 1263 行.
SQL: SHOW COLUMNS FROM `et_evaluate` [ RunTime:0.0025s ]
SQL: SELECT * FROM `et_evaluate` WHERE `shopid` = 40 LIMIT 0,8   [ RunTime:0.0004s ]

[ 2017-08-05T07:57:14+08:00 ] 60.1.122.221 /index.php/server/user/shopmesa
INFO: [ app_init ] --START--
INFO: Run Behavior\BuildLiteBehavior [ RunTime:0.000018s ]
INFO: [ app_init ] --END-- [ RunTime:0.000359s ]
INFO: [ app_begin ] --START--
INFO: Run Behavior\ReadHtmlCacheBehavior [ RunTime:0.000443s ]
INFO: [ app_begin ] --END-- [ RunTime:0.000502s ]
NOTIC: [8] A session had already been started - ignoring session_start() D:\wm\ThinkPHP\Common\functions.php 第 1263 行.
SQL: SHOW COLUMNS FROM `et_shopmessage` [ RunTime:0.0022s ]
SQL: SELECT `content`,`gotime`,`long`,`maxprice`,`maxlong`,`lkmoney`,`shophead`,`shopphoto`,`shopname`,`state`,`coordinate`,`detailed_address`,`mobile` FROM `et_shopmessage` WHERE `shopid` = 40 LIMIT 1   [ RunTime:0.0490s ]

[ 2017-08-05T07:57:26+08:00 ] 60.1.122.221 /index.php/server/user/shopmesa
INFO: [ app_init ] --START--
INFO: Run Behavior\BuildLiteBehavior [ RunTime:0.000024s ]
INFO: [ app_init ] --END-- [ RunTime:0.000476s ]
INFO: [ app_begin ] --START--
INFO: Run Behavior\ReadHtmlCacheBehavior [ RunTime:0.000424s ]
INFO: [ app_begin ] --END-- [ RunTime:0.000482s ]
NOTIC: [8] A session had already been started - ignoring session_start() D:\wm\ThinkPHP\Common\functions.php 第 1263 行.
SQL: SHOW COLUMNS FROM `et_shopmessage` [ RunTime:0.0034s ]
SQL: SELECT `content`,`gotime`,`long`,`maxprice`,`maxlong`,`lkmoney`,`shophead`,`shopphoto`,`shopname`,`state`,`coordinate`,`detailed_address`,`mobile` FROM `et_shopmessage` WHERE `shopid` = 40 LIMIT 1   [ RunTime:0.0003s ]

[ 2017-08-05T07:57:35+08:00 ] 60.1.122.221 /index.php/server/user/shopmesa
INFO: [ app_init ] --START--
INFO: Run Behavior\BuildLiteBehavior [ RunTime:0.000016s ]
INFO: [ app_init ] --END-- [ RunTime:0.000373s ]
INFO: [ app_begin ] --START--
INFO: Run Behavior\ReadHtmlCacheBehavior [ RunTime:0.000387s ]
INFO: [ app_begin ] --END-- [ RunTime:0.000441s ]
NOTIC: [8] A session had already been started - ignoring session_start() D:\wm\ThinkPHP\Common\functions.php 第 1263 行.
SQL: SHOW COLUMNS FROM `et_shopmessage` [ RunTime:0.0025s ]
SQL: SELECT `content`,`gotime`,`long`,`maxprice`,`maxlong`,`lkmoney`,`shophead`,`shopphoto`,`shopname`,`state`,`coordinate`,`detailed_address`,`mobile` FROM `et_shopmessage` WHERE `shopid` = 40 LIMIT 1   [ RunTime:0.0003s ]

[ 2017-08-05T07:57:36+08:00 ] 60.1.122.221 /index.php/server/shop/categorylist
INFO: [ app_init ] --START--
INFO: Run Behavior\BuildLiteBehavior [ RunTime:0.000027s ]
INFO: [ app_init ] --END-- [ RunTime:0.000818s ]
INFO: [ app_begin ] --START--
INFO: Run Behavior\ReadHtmlCacheBehavior [ RunTime:0.000644s ]
INFO: [ app_begin ] --END-- [ RunTime:0.000700s ]
NOTIC: [8] A session had already been started - ignoring session_start() D:\wm\ThinkPHP\Common\functions.php 第 1263 行.
SQL: SHOW COLUMNS FROM `et_category` [ RunTime:0.0031s ]
SQL: SELECT `cid`,`cname` FROM `et_category` WHERE `shopid` = 40  [ RunTime:0.0005s ]
SQL: SHOW COLUMNS FROM `et_shopgoods` [ RunTime:0.0305s ]
SQL: SELECT * FROM `et_shopgoods` WHERE `shopid` = 40 AND `cid` = 153  [ RunTime:0.0004s ]

[ 2017-08-05T07:57:38+08:00 ] 60.1.122.221 /index.php/server/shop/menugoods
INFO: [ app_init ] --START--
INFO: Run Behavior\BuildLiteBehavior [ RunTime:0.000020s ]
INFO: [ app_init ] --END-- [ RunTime:0.000435s ]
INFO: [ app_begin ] --START--
INFO: Run Behavior\ReadHtmlCacheBehavior [ RunTime:0.000492s ]
INFO: [ app_begin ] --END-- [ RunTime:0.000550s ]
NOTIC: [8] A session had already been started - ignoring session_start() D:\wm\ThinkPHP\Common\functions.php 第 1263 行.
SQL: SHOW COLUMNS FROM `et_shopgoods` [ RunTime:0.0046s ]
SQL: SELECT * FROM `et_shopgoods` WHERE `shopid` = 40 AND `cid` = 153  [ RunTime:0.0007s ]

[ 2017-08-05T07:57:38+08:00 ] 60.1.122.221 /index.php/server/shop/categorylist
INFO: [ app_init ] --START--
INFO: Run Behavior\BuildLiteBehavior [ RunTime:0.000023s ]
INFO: [ app_init ] --END-- [ RunTime:0.000584s ]
INFO: [ app_begin ] --START--
INFO: Run Behavior\ReadHtmlCacheBehavior [ RunTime:0.000625s ]
INFO: [ app_begin ] --END-- [ RunTime:0.000701s ]
NOTIC: [8] A session had already been started - ignoring session_start() D:\wm\ThinkPHP\Common\functions.php 第 1263 行.
SQL: SHOW COLUMNS FROM `et_category` [ RunTime:0.0038s ]
SQL: SELECT `cid`,`cname` FROM `et_category` WHERE `shopid` = 40  [ RunTime:0.0004s ]
SQL: SHOW COLUMNS FROM `et_shopgoods` [ RunTime:0.0024s ]
SQL: SELECT * FROM `et_shopgoods` WHERE `shopid` = 40 AND `cid` = 153  [ RunTime:0.0004s ]

[ 2017-08-05T07:57:40+08:00 ] 60.1.122.221 /index.php/server/order/norderlist
INFO: [ app_init ] --START--
INFO: Run Behavior\BuildLiteBehavior [ RunTime:0.000032s ]
INFO: [ app_init ] --END-- [ RunTime:0.000453s ]
INFO: [ app_begin ] --START--
INFO: Run Behavior\ReadHtmlCacheBehavior [ RunTime:0.000563s ]
INFO: [ app_begin ] --END-- [ RunTime:0.000629s ]
NOTIC: [8] A session had already been started - ignoring session_start() D:\wm\ThinkPHP\Common\functions.php 第 1263 行.
SQL: SHOW COLUMNS FROM `et_orders` [ RunTime:0.0038s ]
SQL: SELECT * FROM `et_orders` WHERE `state` = 1  [ RunTime:0.0015s ]
SQL: SELECT * FROM `et_orders` WHERE `state` IN ('1','2') AND `shopid` = 40 AND `statu` = 2  [ RunTime:0.0005s ]

[ 2017-08-05T07:57:41+08:00 ] 60.1.122.221 /index.php/server/order/todayorderlist
INFO: [ app_init ] --START--
INFO: Run Behavior\BuildLiteBehavior [ RunTime:0.000023s ]
INFO: [ app_init ] --END-- [ RunTime:0.000387s ]
INFO: [ app_begin ] --START--
INFO: Run Behavior\ReadHtmlCacheBehavior [ RunTime:0.000430s ]
INFO: [ app_begin ] --END-- [ RunTime:0.000484s ]
NOTIC: [8] A session had already been started - ignoring session_start() D:\wm\ThinkPHP\Common\functions.php 第 1263 行.
NOTIC: [8] Undefined index: page D:\wm\Application\Server\Controller\OrderController.class.php 第 197 行.
SQL: SHOW COLUMNS FROM `et_orders` [ RunTime:0.0025s ]
NOTIC: [8] Undefined index: limit D:\wm\ThinkPHP\Library\Think\Db\Driver.class.php 第 961 行.
SQL: SELECT * FROM `et_orders` WHERE `addtime` BETWEEN '2017-08-05 00:00:00' AND '2017-08-05 07:57:41' AND `state` IN ('3','4','5') AND `shopid` = 40 ORDER BY addtime desc LIMIT 0,20   [ RunTime:0.0472s ]

[ 2017-08-05T10:11:53+08:00 ] 113.108.10.5 /index.php/server/evaluate/pingjialist
INFO: [ app_init ] --START--
INFO: Run Behavior\BuildLiteBehavior [ RunTime:0.000018s ]
INFO: [ app_init ] --END-- [ RunTime:0.000358s ]
INFO: [ app_begin ] --START--
INFO: Run Behavior\ReadHtmlCacheBehavior [ RunTime:0.000492s ]
INFO: [ app_begin ] --END-- [ RunTime:0.000542s ]
NOTIC: [8] A session had already been started - ignoring session_start() D:\wm\ThinkPHP\Common\functions.php 第 1263 行.
INFO: [ app_end ] --START--
INFO: Run Behavior\ShowPageTraceBehavior [ RunTime:0.014042s ]
INFO: [ app_end ] --END-- [ RunTime:0.014122s ]

[ 2017-08-05T10:46:55+08:00 ] 183.57.53.197 /index.php/server/shop/menugoods
INFO: [ app_init ] --START--
INFO: Run Behavior\BuildLiteBehavior [ RunTime:0.000022s ]
INFO: [ app_init ] --END-- [ RunTime:0.000357s ]
INFO: [ app_begin ] --START--
INFO: Run Behavior\ReadHtmlCacheBehavior [ RunTime:0.000417s ]
INFO: [ app_begin ] --END-- [ RunTime:0.000481s ]
NOTIC: [8] A session had already been started - ignoring session_start() D:\wm\ThinkPHP\Common\functions.php 第 1263 行.
INFO: [ app_end ] --START--
INFO: Run Behavior\ShowPageTraceBehavior [ RunTime:0.000471s ]
INFO: [ app_end ] --END-- [ RunTime:0.000540s ]

[ 2017-08-05T14:36:40+08:00 ] 123.182.240.6 /index.php/server/order/norderlist
INFO: [ app_init ] --START--
INFO: Run Behavior\BuildLiteBehavior [ RunTime:0.000019s ]
INFO: [ app_init ] --END-- [ RunTime:0.000382s ]
INFO: [ app_begin ] --START--
INFO: Run Behavior\ReadHtmlCacheBehavior [ RunTime:0.000578s ]
INFO: [ app_begin ] --END-- [ RunTime:0.000645s ]
NOTIC: [8] A session had already been started - ignoring session_start() D:\wm\ThinkPHP\Common\functions.php 第 1263 行.
SQL: SHOW COLUMNS FROM `et_orders` [ RunTime:0.0853s ]
SQL: SELECT * FROM `et_orders` WHERE `state` = 1  [ RunTime:0.1164s ]
SQL: SELECT * FROM `et_orders` WHERE `state` IN ('1','2') AND `shopid` = 39 AND `statu` = 2  [ RunTime:0.0008s ]

[ 2017-08-05T14:36:41+08:00 ] 123.182.240.6 /index.php/server/order/yorderlist
INFO: [ app_init ] --START--
INFO: Run Behavior\BuildLiteBehavior [ RunTime:0.000019s ]
INFO: [ app_init ] --END-- [ RunTime:0.000425s ]
INFO: [ app_begin ] --START--
INFO: Run Behavior\ReadHtmlCacheBehavior [ RunTime:0.000517s ]
INFO: [ app_begin ] --END-- [ RunTime:0.000581s ]
NOTIC: [8] A session had already been started - ignoring session_start() D:\wm\ThinkPHP\Common\functions.php 第 1263 行.
SQL: SHOW COLUMNS FROM `et_orders` [ RunTime:0.0174s ]
SQL: SELECT * FROM `et_orders` WHERE `state` = 1  [ RunTime:0.0016s ]
SQL: SELECT * FROM `et_orders` WHERE `statu` = 2 AND `state` IN ('3','4','5') AND `shopid` = 39 ORDER BY addtime desc LIMIT 0,8   [ RunTime:0.0638s ]
SQL: SHOW COLUMNS FROM `et_ordergoods` [ RunTime:0.3440s ]
SQL: SELECT * FROM `et_ordergoods` WHERE `orderid` = '1501578215'  [ RunTime:0.1573s ]
SQL: SHOW COLUMNS FROM `et_shopgoods` [ RunTime:0.0038s ]
SQL: SELECT `goodsname`,`goodsprice` FROM `et_shopgoods` WHERE `goodsid` = 200 LIMIT 1   [ RunTime:0.0340s ]
SQL: SELECT `goodsname`,`goodsprice` FROM `et_shopgoods` WHERE `goodsid` = 201 LIMIT 1   [ RunTime:0.0499s ]
SQL: SELECT * FROM `et_ordergoods` WHERE `orderid` = '1501551305'  [ RunTime:0.0015s ]
SQL: SELECT `goodsname`,`goodsprice` FROM `et_shopgoods` WHERE `goodsid` = 194 LIMIT 1   [ RunTime:0.0281s ]
SQL: SELECT `goodsname`,`goodsprice` FROM `et_shopgoods` WHERE `goodsid` = 200 LIMIT 1   [ RunTime:0.0003s ]
SQL: SELECT `goodsname`,`goodsprice` FROM `et_shopgoods` WHERE `goodsid` = 201 LIMIT 1   [ RunTime:0.0002s ]
SQL: SELECT `goodsname`,`goodsprice` FROM `et_shopgoods` WHERE `goodsid` = 202 LIMIT 1   [ RunTime:0.0301s ]

[ 2017-08-05T14:36:41+08:00 ] 124.239.137.28 /index.php/server/order/norderlist
INFO: [ app_init ] --START--
INFO: Run Behavior\BuildLiteBehavior [ RunTime:0.000018s ]
INFO: [ app_init ] --END-- [ RunTime:0.000403s ]
INFO: [ app_begin ] --START--
INFO: Run Behavior\ReadHtmlCacheBehavior [ RunTime:0.000753s ]
INFO: [ app_begin ] --END-- [ RunTime:0.000815s ]
NOTIC: [8] A session had already been started - ignoring session_start() D:\wm\ThinkPHP\Common\functions.php 第 1263 行.
SQL: SHOW COLUMNS FROM `et_orders` [ RunTime:0.0035s ]
SQL: SELECT * FROM `et_orders` WHERE `state` = 1  [ RunTime:0.0013s ]
SQL: SELECT * FROM `et_orders` WHERE `state` IN ('1','2') AND `shopid` = 39 AND `statu` = 2  [ RunTime:0.0004s ]

[ 2017-08-05T14:36:42+08:00 ] 110.249.130.170 /index.php/server/order/norderlist
INFO: [ app_init ] --START--
INFO: Run Behavior\BuildLiteBehavior [ RunTime:0.000016s ]
INFO: [ app_init ] --END-- [ RunTime:0.000354s ]
INFO: [ app_begin ] --START--
INFO: Run Behavior\ReadHtmlCacheBehavior [ RunTime:0.000599s ]
INFO: [ app_begin ] --END-- [ RunTime:0.000662s ]
NOTIC: [8] A session had already been started - ignoring session_start() D:\wm\ThinkPHP\Common\functions.php 第 1263 行.
SQL: SHOW COLUMNS FROM `et_orders` [ RunTime:0.0022s ]
SQL: SELECT * FROM `et_orders` WHERE `state` = 1  [ RunTime:0.0010s ]
SQL: SELECT * FROM `et_orders` WHERE `state` IN ('1','2') AND `shopid` = 39 AND `statu` = 2  [ RunTime:0.0006s ]

[ 2017-08-05T14:36:42+08:00 ] 110.249.130.170 /index.php/server/order/norderlist
INFO: [ app_init ] --START--
INFO: Run Behavior\BuildLiteBehavior [ RunTime:0.000017s ]
INFO: [ app_init ] --END-- [ RunTime:0.000327s ]
INFO: [ app_begin ] --START--
INFO: Run Behavior\ReadHtmlCacheBehavior [ RunTime:0.000491s ]
INFO: [ app_begin ] --END-- [ RunTime:0.000577s ]
NOTIC: [8] A session had already been started - ignoring session_start() D:\wm\ThinkPHP\Common\functions.php 第 1263 行.
SQL: SHOW COLUMNS FROM `et_orders` [ RunTime:0.0022s ]
SQL: SELECT * FROM `et_orders` WHERE `state` = 1  [ RunTime:0.0012s ]
SQL: SELECT * FROM `et_orders` WHERE `state` IN ('1','2') AND `shopid` = 39 AND `statu` = 2  [ RunTime:0.0004s ]

[ 2017-08-05T14:36:42+08:00 ] 110.249.130.170 /index.php/server/order/norderlist
INFO: [ app_init ] --START--
INFO: Run Behavior\BuildLiteBehavior [ RunTime:0.000019s ]
INFO: [ app_init ] --END-- [ RunTime:0.000400s ]
INFO: [ app_begin ] --START--
INFO: Run Behavior\ReadHtmlCacheBehavior [ RunTime:0.000509s ]
INFO: [ app_begin ] --END-- [ RunTime:0.000576s ]
NOTIC: [8] A session had already been started - ignoring session_start() D:\wm\ThinkPHP\Common\functions.php 第 1263 行.
SQL: SHOW COLUMNS FROM `et_orders` [ RunTime:0.0026s ]
SQL: SELECT * FROM `et_orders` WHERE `state` = 1  [ RunTime:0.0013s ]
SQL: SELECT * FROM `et_orders` WHERE `state` IN ('1','2') AND `shopid` = 39 AND `statu` = 2  [ RunTime:0.0005s ]

[ 2017-08-05T14:36:42+08:00 ] 110.249.130.170 /index.php/server/order/norderlist
INFO: [ app_init ] --START--
INFO: Run Behavior\BuildLiteBehavior [ RunTime:0.000018s ]
INFO: [ app_init ] --END-- [ RunTime:0.000380s ]
INFO: [ app_begin ] --START--
INFO: Run Behavior\ReadHtmlCacheBehavior [ RunTime:0.000549s ]
INFO: [ app_begin ] --END-- [ RunTime:0.000604s ]
NOTIC: [8] A session had already been started - ignoring session_start() D:\wm\ThinkPHP\Common\functions.php 第 1263 行.
SQL: SHOW COLUMNS FROM `et_orders` [ RunTime:0.0021s ]
SQL: SELECT * FROM `et_orders` WHERE `state` = 1  [ RunTime:0.0012s ]
SQL: SELECT * FROM `et_orders` WHERE `state` IN ('1','2') AND `shopid` = 39 AND `statu` = 2  [ RunTime:0.0005s ]

[ 2017-08-05T14:36:42+08:00 ] 110.249.130.170 /index.php/server/order/norderlist
INFO: [ app_init ] --START--
INFO: Run Behavior\BuildLiteBehavior [ RunTime:0.000015s ]
INFO: [ app_init ] --END-- [ RunTime:0.000285s ]
INFO: [ app_begin ] --START--
INFO: Run Behavior\ReadHtmlCacheBehavior [ RunTime:0.000423s ]
INFO: [ app_begin ] --END-- [ RunTime:0.000477s ]
NOTIC: [8] A session had already been started - ignoring session_start() D:\wm\ThinkPHP\Common\functions.php 第 1263 行.
SQL: SHOW COLUMNS FROM `et_orders` [ RunTime:0.0026s ]
SQL: SELECT * FROM `et_orders` WHERE `state` = 1  [ RunTime:0.0010s ]
SQL: SELECT * FROM `et_orders` WHERE `state` IN ('1','2') AND `shopid` = 39 AND `statu` = 2  [ RunTime:0.0004s ]

[ 2017-08-05T14:36:43+08:00 ] 110.249.130.170 /index.php/server/shop/categorylist
INFO: [ app_init ] --START--
INFO: Run Behavior\BuildLiteBehavior [ RunTime:0.000025s ]
INFO: [ app_init ] --END-- [ RunTime:0.000439s ]
INFO: [ app_begin ] --START--
INFO: Run Behavior\ReadHtmlCacheBehavior [ RunTime:0.000682s ]
INFO: [ app_begin ] --END-- [ RunTime:0.000763s ]
NOTIC: [8] A session had already been started - ignoring session_start() D:\wm\ThinkPHP\Common\functions.php 第 1263 行.
SQL: SHOW COLUMNS FROM `et_category` [ RunTime:0.0019s ]
SQL: SELECT `cid`,`cname` FROM `et_category` WHERE `shopid` = 39  [ RunTime:0.0003s ]
SQL: SHOW COLUMNS FROM `et_shopgoods` [ RunTime:0.0023s ]
SQL: SELECT * FROM `et_shopgoods` WHERE `shopid` = 39 AND `cid` = 149  [ RunTime:0.0004s ]
SQL: SELECT * FROM `et_shopgoods` WHERE `shopid` = 39 AND `cid` = 150  [ RunTime:0.0004s ]
SQL: SELECT * FROM `et_shopgoods` WHERE `shopid` = 39 AND `cid` = 151  [ RunTime:0.0003s ]

[ 2017-08-05T14:36:45+08:00 ] 110.249.130.170 /index.php/server/order/norderlist
INFO: [ app_init ] --START--
INFO: Run Behavior\BuildLiteBehavior [ RunTime:0.000026s ]
INFO: [ app_init ] --END-- [ RunTime:0.000483s ]
INFO: [ app_begin ] --START--
INFO: Run Behavior\ReadHtmlCacheBehavior [ RunTime:0.000932s ]
INFO: [ app_begin ] --END-- [ RunTime:0.001006s ]
NOTIC: [8] A session had already been started - ignoring session_start() D:\wm\ThinkPHP\Common\functions.php 第 1263 行.
SQL: SHOW COLUMNS FROM `et_orders` [ RunTime:0.0026s ]
SQL: SELECT * FROM `et_orders` WHERE `state` = 1  [ RunTime:0.0012s ]
SQL: SELECT * FROM `et_orders` WHERE `state` IN ('1','2') AND `shopid` = 39 AND `statu` = 2  [ RunTime:0.0005s ]

[ 2017-08-05T14:36:52+08:00 ] 110.249.130.170 /index.php/server/order/yorderlist
INFO: [ app_init ] --START--
INFO: Run Behavior\BuildLiteBehavior [ RunTime:0.000017s ]
INFO: [ app_init ] --END-- [ RunTime:0.000328s ]
INFO: [ app_begin ] --START--
INFO: Run Behavior\ReadHtmlCacheBehavior [ RunTime:0.000457s ]
INFO: [ app_begin ] --END-- [ RunTime:0.000513s ]
NOTIC: [8] A session had already been started - ignoring session_start() D:\wm\ThinkPHP\Common\functions.php 第 1263 行.
SQL: SHOW COLUMNS FROM `et_orders` [ RunTime:0.0049s ]
SQL: SELECT * FROM `et_orders` WHERE `state` = 1  [ RunTime:0.0012s ]
SQL: SELECT * FROM `et_orders` WHERE `statu` = 2 AND `state` IN ('3','4','5') AND `shopid` = 39 ORDER BY addtime desc LIMIT 0,8   [ RunTime:0.0004s ]
SQL: SHOW COLUMNS FROM `et_ordergoods` [ RunTime:0.0019s ]
SQL: SELECT * FROM `et_ordergoods` WHERE `orderid` = '1501578215'  [ RunTime:0.0007s ]
SQL: SHOW COLUMNS FROM `et_shopgoods` [ RunTime:0.0023s ]
SQL: SELECT `goodsname`,`goodsprice` FROM `et_shopgoods` WHERE `goodsid` = 200 LIMIT 1   [ RunTime:0.0006s ]
SQL: SELECT `goodsname`,`goodsprice` FROM `et_shopgoods` WHERE `goodsid` = 201 LIMIT 1   [ RunTime:0.0003s ]
SQL: SELECT * FROM `et_ordergoods` WHERE `orderid` = '1501551305'  [ RunTime:0.0011s ]
SQL: SELECT `goodsname`,`goodsprice` FROM `et_shopgoods` WHERE `goodsid` = 194 LIMIT 1   [ RunTime:0.0003s ]
SQL: SELECT `goodsname`,`goodsprice` FROM `et_shopgoods` WHERE `goodsid` = 200 LIMIT 1   [ RunTime:0.0003s ]
SQL: SELECT `goodsname`,`goodsprice` FROM `et_shopgoods` WHERE `goodsid` = 201 LIMIT 1   [ RunTime:0.0003s ]
SQL: SELECT `goodsname`,`goodsprice` FROM `et_shopgoods` WHERE `goodsid` = 202 LIMIT 1   [ RunTime:0.0003s ]

[ 2017-08-05T14:36:52+08:00 ] 110.249.130.170 /index.php/server/order/norderlist
INFO: [ app_init ] --START--
INFO: Run Behavior\BuildLiteBehavior [ RunTime:0.000016s ]
INFO: [ app_init ] --END-- [ RunTime:0.000294s ]
INFO: [ app_begin ] --START--
INFO: Run Behavior\ReadHtmlCacheBehavior [ RunTime:0.000443s ]
INFO: [ app_begin ] --END-- [ RunTime:0.000501s ]
NOTIC: [8] A session had already been started - ignoring session_start() D:\wm\ThinkPHP\Common\functions.php 第 1263 行.
SQL: SHOW COLUMNS FROM `et_orders` [ RunTime:0.0022s ]
SQL: SELECT * FROM `et_orders` WHERE `state` = 1  [ RunTime:0.0706s ]
SQL: SELECT * FROM `et_orders` WHERE `state` IN ('1','2') AND `shopid` = 39 AND `statu` = 2  [ RunTime:0.0007s ]

[ 2017-08-05T14:36:53+08:00 ] 110.249.130.170 /index.php/server/shop/categorylist
INFO: [ app_init ] --START--
INFO: Run Behavior\BuildLiteBehavior [ RunTime:0.000023s ]
INFO: [ app_init ] --END-- [ RunTime:0.000469s ]
INFO: [ app_begin ] --START--
INFO: Run Behavior\ReadHtmlCacheBehavior [ RunTime:0.000807s ]
INFO: [ app_begin ] --END-- [ RunTime:0.000885s ]
NOTIC: [8] A session had already been started - ignoring session_start() D:\wm\ThinkPHP\Common\functions.php 第 1263 行.
SQL: SHOW COLUMNS FROM `et_category` [ RunTime:0.0033s ]
SQL: SELECT `cid`,`cname` FROM `et_category` WHERE `shopid` = 39  [ RunTime:0.0004s ]
SQL: SHOW COLUMNS FROM `et_shopgoods` [ RunTime:0.0022s ]
SQL: SELECT * FROM `et_shopgoods` WHERE `shopid` = 39 AND `cid` = 149  [ RunTime:0.0006s ]
SQL: SELECT * FROM `et_shopgoods` WHERE `shopid` = 39 AND `cid` = 150  [ RunTime:0.0004s ]
SQL: SELECT * FROM `et_shopgoods` WHERE `shopid` = 39 AND `cid` = 151  [ RunTime:0.0005s ]

[ 2017-08-05T14:37:04+08:00 ] 110.249.130.170 /index.php/server/order/norderlist
INFO: [ app_init ] --START--
INFO: Run Behavior\BuildLiteBehavior [ RunTime:0.000029s ]
INFO: [ app_init ] --END-- [ RunTime:0.000574s ]
INFO: [ app_begin ] --START--
INFO: Run Behavior\ReadHtmlCacheBehavior [ RunTime:0.000781s ]
INFO: [ app_begin ] --END-- [ RunTime:0.000859s ]
NOTIC: [8] A session had already been started - ignoring session_start() D:\wm\ThinkPHP\Common\functions.php 第 1263 行.
SQL: SHOW COLUMNS FROM `et_orders` [ RunTime:0.0649s ]
SQL: SELECT * FROM `et_orders` WHERE `state` = 1  [ RunTime:0.0015s ]
SQL: SELECT * FROM `et_orders` WHERE `state` IN ('1','2') AND `shopid` = 39 AND `statu` = 2  [ RunTime:0.0006s ]

[ 2017-08-05T14:37:04+08:00 ] 110.249.130.170 /index.php/server/order/yorderlist
INFO: [ app_init ] --START--
INFO: Run Behavior\BuildLiteBehavior [ RunTime:0.000020s ]
INFO: [ app_init ] --END-- [ RunTime:0.000420s ]
INFO: [ app_begin ] --START--
INFO: Run Behavior\ReadHtmlCacheBehavior [ RunTime:0.000530s ]
INFO: [ app_begin ] --END-- [ RunTime:0.000611s ]
NOTIC: [8] A session had already been started - ignoring session_start() D:\wm\ThinkPHP\Common\functions.php 第 1263 行.
SQL: SHOW COLUMNS FROM `et_orders` [ RunTime:0.0029s ]
SQL: SELECT * FROM `et_orders` WHERE `state` = 1  [ RunTime:0.0016s ]
SQL: SELECT * FROM `et_orders` WHERE `statu` = 2 AND `state` IN ('3','4','5') AND `shopid` = 39 ORDER BY addtime desc LIMIT 0,8   [ RunTime:0.0007s ]
SQL: SHOW COLUMNS FROM `et_ordergoods` [ RunTime:0.0021s ]
SQL: SELECT * FROM `et_ordergoods` WHERE `orderid` = '1501578215'  [ RunTime:0.0009s ]
SQL: SHOW COLUMNS FROM `et_shopgoods` [ RunTime:0.0033s ]
SQL: SELECT `goodsname`,`goodsprice` FROM `et_shopgoods` WHERE `goodsid` = 200 LIMIT 1   [ RunTime:0.0003s ]
SQL: SELECT `goodsname`,`goodsprice` FROM `et_shopgoods` WHERE `goodsid` = 201 LIMIT 1   [ RunTime:0.0002s ]
SQL: SELECT * FROM `et_ordergoods` WHERE `orderid` = '1501551305'  [ RunTime:0.0007s ]
SQL: SELECT `goodsname`,`goodsprice` FROM `et_shopgoods` WHERE `goodsid` = 194 LIMIT 1   [ RunTime:0.0002s ]
SQL: SELECT `goodsname`,`goodsprice` FROM `et_shopgoods` WHERE `goodsid` = 200 LIMIT 1   [ RunTime:0.0002s ]
SQL: SELECT `goodsname`,`goodsprice` FROM `et_shopgoods` WHERE `goodsid` = 201 LIMIT 1   [ RunTime:0.0002s ]
SQL: SELECT `goodsname`,`goodsprice` FROM `et_shopgoods` WHERE `goodsid` = 202 LIMIT 1   [ RunTime:0.0002s ]

[ 2017-08-05T14:37:06+08:00 ] 110.249.130.170 /index.php/server/shop/categorylist
INFO: [ app_init ] --START--
INFO: Run Behavior\BuildLiteBehavior [ RunTime:0.000016s ]
INFO: [ app_init ] --END-- [ RunTime:0.000380s ]
INFO: [ app_begin ] --START--
INFO: Run Behavior\ReadHtmlCacheBehavior [ RunTime:0.000826s ]
INFO: [ app_begin ] --END-- [ RunTime:0.000906s ]
NOTIC: [8] A session had already been started - ignoring session_start() D:\wm\ThinkPHP\Common\functions.php 第 1263 行.
SQL: SHOW COLUMNS FROM `et_category` [ RunTime:0.0038s ]
SQL: SELECT `cid`,`cname` FROM `et_category` WHERE `shopid` = 39  [ RunTime:0.0004s ]
SQL: SHOW COLUMNS FROM `et_shopgoods` [ RunTime:0.0028s ]
SQL: SELECT * FROM `et_shopgoods` WHERE `shopid` = 39 AND `cid` = 149  [ RunTime:0.0005s ]
SQL: SELECT * FROM `et_shopgoods` WHERE `shopid` = 39 AND `cid` = 150  [ RunTime:0.0004s ]
SQL: SELECT * FROM `et_shopgoods` WHERE `shopid` = 39 AND `cid` = 151  [ RunTime:0.0004s ]

[ 2017-08-05T14:37:12+08:00 ] 110.249.130.170 /index.php/server/evaluate/pingjialist
INFO: [ app_init ] --START--
INFO: Run Behavior\BuildLiteBehavior [ RunTime:0.000025s ]
INFO: [ app_init ] --END-- [ RunTime:0.000426s ]
INFO: [ app_begin ] --START--
INFO: Run Behavior\ReadHtmlCacheBehavior [ RunTime:0.000699s ]
INFO: [ app_begin ] --END-- [ RunTime:0.000781s ]
NOTIC: [8] A session had already been started - ignoring session_start() D:\wm\ThinkPHP\Common\functions.php 第 1263 行.
SQL: SHOW COLUMNS FROM `et_evaluate` [ RunTime:0.0020s ]
SQL: SELECT * FROM `et_evaluate` WHERE `shopid` = 39 LIMIT 0,8   [ RunTime:0.0004s ]
SQL: SHOW COLUMNS FROM `et_user` [ RunTime:0.0018s ]
SQL: SELECT `uid`,`username`,`head_photo` FROM `et_user` WHERE `uid` = 25 LIMIT 1   [ RunTime:0.0003s ]
SQL: SHOW COLUMNS FROM `et_backevaluate` [ RunTime:0.0028s ]
SQL: SELECT `backpingjia` FROM `et_backevaluate` WHERE `shopid` = 39 AND `uid` = 25 AND `eid` = 42 LIMIT 1   [ RunTime:0.0004s ]
SQL: SELECT `uid`,`username`,`head_photo` FROM `et_user` WHERE `uid` = 25 LIMIT 1   [ RunTime:0.0002s ]
SQL: SELECT `backpingjia` FROM `et_backevaluate` WHERE `shopid` = 39 AND `uid` = 25 AND `eid` = 43 LIMIT 1   [ RunTime:0.0002s ]
SQL: SELECT `uid`,`username`,`head_photo` FROM `et_user` WHERE `uid` = 25 LIMIT 1   [ RunTime:0.0002s ]
SQL: SELECT `backpingjia` FROM `et_backevaluate` WHERE `shopid` = 39 AND `uid` = 25 AND `eid` = 44 LIMIT 1   [ RunTime:0.0002s ]

[ 2017-08-05T14:37:14+08:00 ] 110.249.130.170 /index.php/server/user/shopmesa
INFO: [ app_init ] --START--
INFO: Run Behavior\BuildLiteBehavior [ RunTime:0.000019s ]
INFO: [ app_init ] --END-- [ RunTime:0.000365s ]
INFO: [ app_begin ] --START--
INFO: Run Behavior\ReadHtmlCacheBehavior [ RunTime:0.000507s ]
INFO: [ app_begin ] --END-- [ RunTime:0.000583s ]
NOTIC: [8] A session had already been started - ignoring session_start() D:\wm\ThinkPHP\Common\functions.php 第 1263 行.
SQL: SHOW COLUMNS FROM `et_shopmessage` [ RunTime:0.0036s ]
SQL: SELECT `content`,`gotime`,`long`,`maxprice`,`maxlong`,`lkmoney`,`shophead`,`shopphoto`,`shopname`,`state`,`coordinate`,`detailed_address`,`mobile` FROM `et_shopmessage` WHERE `shopid` = 39 LIMIT 1   [ RunTime:0.0003s ]
SQL: SHOW COLUMNS FROM `et_mingxi` [ RunTime:0.0018s ]
SQL: SELECT * FROM `et_mingxi` WHERE `addtime` BETWEEN '2017-08-05 00:00:00' AND '2017-08-05 14:37:14' AND `shopid` = 39 AND `flag` = 1  [ RunTime:0.0003s ]
SQL: SHOW COLUMNS FROM `et_orders` [ RunTime:0.0029s ]
SQL: SELECT * FROM `et_orders` WHERE `addtime` BETWEEN '2017-08-05 00:00:00' AND '2017-08-05 14:37:14' AND `state` IN ('3','4','5') AND `shopid` = 39  [ RunTime:0.0005s ]

[ 2017-08-05T14:37:18+08:00 ] 110.249.130.170 /index.php/server/user/editstate
INFO: [ app_init ] --START--
INFO: Run Behavior\BuildLiteBehavior [ RunTime:0.000017s ]
INFO: [ app_init ] --END-- [ RunTime:0.000370s ]
INFO: [ app_begin ] --START--
INFO: Run Behavior\ReadHtmlCacheBehavior [ RunTime:0.000513s ]
INFO: [ app_begin ] --END-- [ RunTime:0.000569s ]
NOTIC: [8] A session had already been started - ignoring session_start() D:\wm\ThinkPHP\Common\functions.php 第 1263 行.
SQL: SHOW COLUMNS FROM `et_shopmessage` [ RunTime:0.0034s ]
SQL: UPDATE `et_shopmessage` SET `state`='1' WHERE `shopid` = 39 [ RunTime:0.0513s ]

[ 2017-08-05T14:37:18+08:00 ] 110.249.130.170 /index.php/server/user/editstate
INFO: [ app_init ] --START--
INFO: Run Behavior\BuildLiteBehavior [ RunTime:0.000016s ]
INFO: [ app_init ] --END-- [ RunTime:0.000329s ]
INFO: [ app_begin ] --START--
INFO: Run Behavior\ReadHtmlCacheBehavior [ RunTime:0.000383s ]
INFO: [ app_begin ] --END-- [ RunTime:0.000445s ]
NOTIC: [8] A session had already been started - ignoring session_start() D:\wm\ThinkPHP\Common\functions.php 第 1263 行.
SQL: SHOW COLUMNS FROM `et_shopmessage` [ RunTime:0.0024s ]
SQL: UPDATE `et_shopmessage` SET `state`='2' WHERE `shopid` = 39 [ RunTime:0.0065s ]

[ 2017-08-05T14:37:19+08:00 ] 110.249.130.170 /index.php/server/user/editstate
INFO: [ app_init ] --START--
INFO: Run Behavior\BuildLiteBehavior [ RunTime:0.000021s ]
INFO: [ app_init ] --END-- [ RunTime:0.000553s ]
INFO: [ app_begin ] --START--
INFO: Run Behavior\ReadHtmlCacheBehavior [ RunTime:0.000502s ]
INFO: [ app_begin ] --END-- [ RunTime:0.000557s ]
NOTIC: [8] A session had already been started - ignoring session_start() D:\wm\ThinkPHP\Common\functions.php 第 1263 行.
SQL: SHOW COLUMNS FROM `et_shopmessage` [ RunTime:0.0022s ]
SQL: UPDATE `et_shopmessage` SET `state`='1' WHERE `shopid` = 39 [ RunTime:0.0068s ]

[ 2017-08-05T14:37:26+08:00 ] 110.249.130.170 /index.php/server/evaluate/pingjialist
INFO: [ app_init ] --START--
INFO: Run Behavior\BuildLiteBehavior [ RunTime:0.000018s ]
INFO: [ app_init ] --END-- [ RunTime:0.000387s ]
INFO: [ app_begin ] --START--
INFO: Run Behavior\ReadHtmlCacheBehavior [ RunTime:0.000449s ]
INFO: [ app_begin ] --END-- [ RunTime:0.000508s ]
NOTIC: [8] A session had already been started - ignoring session_start() D:\wm\ThinkPHP\Common\functions.php 第 1263 行.
SQL: SHOW COLUMNS FROM `et_evaluate` [ RunTime:0.0047s ]
SQL: SELECT * FROM `et_evaluate` WHERE `shopid` = 39 LIMIT 0,8   [ RunTime:0.0006s ]
SQL: SHOW COLUMNS FROM `et_user` [ RunTime:0.0021s ]
SQL: SELECT `uid`,`username`,`head_photo` FROM `et_user` WHERE `uid` = 25 LIMIT 1   [ RunTime:0.0003s ]
SQL: SHOW COLUMNS FROM `et_backevaluate` [ RunTime:0.0046s ]
SQL: SELECT `backpingjia` FROM `et_backevaluate` WHERE `shopid` = 39 AND `uid` = 25 AND `eid` = 42 LIMIT 1   [ RunTime:0.0006s ]
SQL: SELECT `uid`,`username`,`head_photo` FROM `et_user` WHERE `uid` = 25 LIMIT 1   [ RunTime:0.0004s ]
SQL: SELECT `backpingjia` FROM `et_backevaluate` WHERE `shopid` = 39 AND `uid` = 25 AND `eid` = 43 LIMIT 1   [ RunTime:0.0003s ]
SQL: SELECT `uid`,`username`,`head_photo` FROM `et_user` WHERE `uid` = 25 LIMIT 1   [ RunTime:0.0003s ]
SQL: SELECT `backpingjia` FROM `et_backevaluate` WHERE `shopid` = 39 AND `uid` = 25 AND `eid` = 44 LIMIT 1   [ RunTime:0.0003s ]

[ 2017-08-05T14:37:26+08:00 ] 110.249.130.170 /index.php/server/shop/categorylist
INFO: [ app_init ] --START--
INFO: Run Behavior\BuildLiteBehavior [ RunTime:0.000027s ]
INFO: [ app_init ] --END-- [ RunTime:0.000605s ]
INFO: [ app_begin ] --START--
INFO: Run Behavior\ReadHtmlCacheBehavior [ RunTime:0.000768s ]
INFO: [ app_begin ] --END-- [ RunTime:0.000845s ]
NOTIC: [8] A session had already been started - ignoring session_start() D:\wm\ThinkPHP\Common\functions.php 第 1263 行.
SQL: SHOW COLUMNS FROM `et_category` [ RunTime:0.0035s ]
SQL: SELECT `cid`,`cname` FROM `et_category` WHERE `shopid` = 39  [ RunTime:0.0004s ]
SQL: SHOW COLUMNS FROM `et_shopgoods` [ RunTime:0.0022s ]
SQL: SELECT * FROM `et_shopgoods` WHERE `shopid` = 39 AND `cid` = 149  [ RunTime:0.0005s ]
SQL: SELECT * FROM `et_shopgoods` WHERE `shopid` = 39 AND `cid` = 150  [ RunTime:0.0003s ]
SQL: SELECT * FROM `et_shopgoods` WHERE `shopid` = 39 AND `cid` = 151  [ RunTime:0.0003s ]

[ 2017-08-05T14:37:26+08:00 ] 110.249.130.170 /index.php/server/user/shopmesa
INFO: [ app_init ] --START--
INFO: Run Behavior\BuildLiteBehavior [ RunTime:0.000018s ]
INFO: [ app_init ] --END-- [ RunTime:0.000351s ]
INFO: [ app_begin ] --START--
INFO: Run Behavior\ReadHtmlCacheBehavior [ RunTime:0.000490s ]
INFO: [ app_begin ] --END-- [ RunTime:0.000543s ]
NOTIC: [8] A session had already been started - ignoring session_start() D:\wm\ThinkPHP\Common\functions.php 第 1263 行.
SQL: SHOW COLUMNS FROM `et_shopmessage` [ RunTime:0.0034s ]
SQL: SELECT `content`,`gotime`,`long`,`maxprice`,`maxlong`,`lkmoney`,`shophead`,`shopphoto`,`shopname`,`state`,`coordinate`,`detailed_address`,`mobile` FROM `et_shopmessage` WHERE `shopid` = 39 LIMIT 1   [ RunTime:0.0004s ]
SQL: SHOW COLUMNS FROM `et_mingxi` [ RunTime:0.0021s ]
SQL: SELECT * FROM `et_mingxi` WHERE `addtime` BETWEEN '2017-08-05 00:00:00' AND '2017-08-05 14:37:26' AND `shopid` = 39 AND `flag` = 1  [ RunTime:0.0003s ]
SQL: SHOW COLUMNS FROM `et_orders` [ RunTime:0.0020s ]
SQL: SELECT * FROM `et_orders` WHERE `addtime` BETWEEN '2017-08-05 00:00:00' AND '2017-08-05 14:37:26' AND `state` IN ('3','4','5') AND `shopid` = 39  [ RunTime:0.0006s ]

[ 2017-08-05T14:37:28+08:00 ] 110.249.130.170 /index.php/server/user/shopmesa
INFO: [ app_init ] --START--
INFO: Run Behavior\BuildLiteBehavior [ RunTime:0.000030s ]
INFO: [ app_init ] --END-- [ RunTime:0.000404s ]
INFO: [ app_begin ] --START--
INFO: Run Behavior\ReadHtmlCacheBehavior [ RunTime:0.000723s ]
INFO: [ app_begin ] --END-- [ RunTime:0.000819s ]
NOTIC: [8] A session had already been started - ignoring session_start() D:\wm\ThinkPHP\Common\functions.php 第 1263 行.
SQL: SHOW COLUMNS FROM `et_shopmessage` [ RunTime:0.0033s ]
SQL: SELECT `content`,`gotime`,`long`,`maxprice`,`maxlong`,`lkmoney`,`shophead`,`shopphoto`,`shopname`,`state`,`coordinate`,`detailed_address`,`mobile` FROM `et_shopmessage` WHERE `shopid` = 39 LIMIT 1   [ RunTime:0.0007s ]
SQL: SHOW COLUMNS FROM `et_mingxi` [ RunTime:0.0036s ]
SQL: SELECT * FROM `et_mingxi` WHERE `addtime` BETWEEN '2017-08-05 00:00:00' AND '2017-08-05 14:37:28' AND `shopid` = 39 AND `flag` = 1  [ RunTime:0.0007s ]
SQL: SHOW COLUMNS FROM `et_orders` [ RunTime:0.0037s ]
SQL: SELECT * FROM `et_orders` WHERE `addtime` BETWEEN '2017-08-05 00:00:00' AND '2017-08-05 14:37:28' AND `state` IN ('3','4','5') AND `shopid` = 39  [ RunTime:0.0006s ]

[ 2017-08-05T14:37:28+08:00 ] 110.249.130.170 /index.php/server/shop/categorylist
INFO: [ app_init ] --START--
INFO: Run Behavior\BuildLiteBehavior [ RunTime:0.000018s ]
INFO: [ app_init ] --END-- [ RunTime:0.000305s ]
INFO: [ app_begin ] --START--
INFO: Run Behavior\ReadHtmlCacheBehavior [ RunTime:0.000638s ]
INFO: [ app_begin ] --END-- [ RunTime:0.000707s ]
NOTIC: [8] A session had already been started - ignoring session_start() D:\wm\ThinkPHP\Common\functions.php 第 1263 行.
SQL: SHOW COLUMNS FROM `et_category` [ RunTime:0.0025s ]
SQL: SELECT `cid`,`cname` FROM `et_category` WHERE `shopid` = 39  [ RunTime:0.0003s ]
SQL: SHOW COLUMNS FROM `et_shopgoods` [ RunTime:0.0027s ]
SQL: SELECT * FROM `et_shopgoods` WHERE `shopid` = 39 AND `cid` = 149  [ RunTime:0.0007s ]
SQL: SELECT * FROM `et_shopgoods` WHERE `shopid` = 39 AND `cid` = 150  [ RunTime:0.0004s ]
SQL: SELECT * FROM `et_shopgoods` WHERE `shopid` = 39 AND `cid` = 151  [ RunTime:0.0004s ]

[ 2017-08-05T14:37:28+08:00 ] 110.249.130.170 /index.php/server/evaluate/pingjialist
INFO: [ app_init ] --START--
INFO: Run Behavior\BuildLiteBehavior [ RunTime:0.000019s ]
INFO: [ app_init ] --END-- [ RunTime:0.000508s ]
INFO: [ app_begin ] --START--
INFO: Run Behavior\ReadHtmlCacheBehavior [ RunTime:0.000586s ]
INFO: [ app_begin ] --END-- [ RunTime:0.000642s ]
NOTIC: [8] A session had already been started - ignoring session_start() D:\wm\ThinkPHP\Common\functions.php 第 1263 行.
SQL: SHOW COLUMNS FROM `et_evaluate` [ RunTime:0.0231s ]
SQL: SELECT * FROM `et_evaluate` WHERE `shopid` = 39 LIMIT 0,8   [ RunTime:0.0004s ]
SQL: SHOW COLUMNS FROM `et_user` [ RunTime:0.0018s ]
SQL: SELECT `uid`,`username`,`head_photo` FROM `et_user` WHERE `uid` = 25 LIMIT 1   [ RunTime:0.0002s ]
SQL: SHOW COLUMNS FROM `et_backevaluate` [ RunTime:0.0027s ]
SQL: SELECT `backpingjia` FROM `et_backevaluate` WHERE `shopid` = 39 AND `uid` = 25 AND `eid` = 42 LIMIT 1   [ RunTime:0.0003s ]
SQL: SELECT `uid`,`username`,`head_photo` FROM `et_user` WHERE `uid` = 25 LIMIT 1   [ RunTime:0.0002s ]
SQL: SELECT `backpingjia` FROM `et_backevaluate` WHERE `shopid` = 39 AND `uid` = 25 AND `eid` = 43 LIMIT 1   [ RunTime:0.0003s ]
SQL: SELECT `uid`,`username`,`head_photo` FROM `et_user` WHERE `uid` = 25 LIMIT 1   [ RunTime:0.0002s ]
SQL: SELECT `backpingjia` FROM `et_backevaluate` WHERE `shopid` = 39 AND `uid` = 25 AND `eid` = 44 LIMIT 1   [ RunTime:0.0002s ]

[ 2017-08-05T14:37:30+08:00 ] 110.249.130.170 /index.php/server/evaluate/pingjialist
INFO: [ app_init ] --START--
INFO: Run Behavior\BuildLiteBehavior [ RunTime:0.000025s ]
INFO: [ app_init ] --END-- [ RunTime:0.000402s ]
INFO: [ app_begin ] --START--
INFO: Run Behavior\ReadHtmlCacheBehavior [ RunTime:0.000600s ]
INFO: [ app_begin ] --END-- [ RunTime:0.000670s ]
NOTIC: [8] A session had already been started - ignoring session_start() D:\wm\ThinkPHP\Common\functions.php 第 1263 行.
SQL: SHOW COLUMNS FROM `et_evaluate` [ RunTime:0.0039s ]
SQL: SELECT * FROM `et_evaluate` WHERE `shopid` = 39 LIMIT 0,8   [ RunTime:0.0005s ]
SQL: SHOW COLUMNS FROM `et_user` [ RunTime:0.0026s ]
SQL: SELECT `uid`,`username`,`head_photo` FROM `et_user` WHERE `uid` = 25 LIMIT 1   [ RunTime:0.0004s ]
SQL: SHOW COLUMNS FROM `et_backevaluate` [ RunTime:0.0050s ]
SQL: SELECT `backpingjia` FROM `et_backevaluate` WHERE `shopid` = 39 AND `uid` = 25 AND `eid` = 42 LIMIT 1   [ RunTime:0.0005s ]
SQL: SELECT `uid`,`username`,`head_photo` FROM `et_user` WHERE `uid` = 25 LIMIT 1   [ RunTime:0.0006s ]
SQL: SELECT `backpingjia` FROM `et_backevaluate` WHERE `shopid` = 39 AND `uid` = 25 AND `eid` = 43 LIMIT 1   [ RunTime:0.0003s ]
SQL: SELECT `uid`,`username`,`head_photo` FROM `et_user` WHERE `uid` = 25 LIMIT 1   [ RunTime:0.0003s ]
SQL: SELECT `backpingjia` FROM `et_backevaluate` WHERE `shopid` = 39 AND `uid` = 25 AND `eid` = 44 LIMIT 1   [ RunTime:0.0003s ]

[ 2017-08-05T14:37:30+08:00 ] 110.249.130.170 /index.php/server/shop/categorylist
INFO: [ app_init ] --START--
INFO: Run Behavior\BuildLiteBehavior [ RunTime:0.000016s ]
INFO: [ app_init ] --END-- [ RunTime:0.000427s ]
INFO: [ app_begin ] --START--
INFO: Run Behavior\ReadHtmlCacheBehavior [ RunTime:0.000414s ]
INFO: [ app_begin ] --END-- [ RunTime:0.000469s ]
NOTIC: [8] A session had already been started - ignoring session_start() D:\wm\ThinkPHP\Common\functions.php 第 1263 行.
SQL: SHOW COLUMNS FROM `et_category` [ RunTime:0.0028s ]
SQL: SELECT `cid`,`cname` FROM `et_category` WHERE `shopid` = 39  [ RunTime:0.0003s ]
SQL: SHOW COLUMNS FROM `et_shopgoods` [ RunTime:0.0017s ]
SQL: SELECT * FROM `et_shopgoods` WHERE `shopid` = 39 AND `cid` = 149  [ RunTime:0.0005s ]
SQL: SELECT * FROM `et_shopgoods` WHERE `shopid` = 39 AND `cid` = 150  [ RunTime:0.0004s ]
SQL: SELECT * FROM `et_shopgoods` WHERE `shopid` = 39 AND `cid` = 151  [ RunTime:0.0003s ]

[ 2017-08-05T14:37:30+08:00 ] 110.249.130.170 /index.php/server/user/shopmesa
INFO: [ app_init ] --START--
INFO: Run Behavior\BuildLiteBehavior [ RunTime:0.000025s ]
INFO: [ app_init ] --END-- [ RunTime:0.000519s ]
INFO: [ app_begin ] --START--
INFO: Run Behavior\ReadHtmlCacheBehavior [ RunTime:0.000511s ]
INFO: [ app_begin ] --END-- [ RunTime:0.000564s ]
NOTIC: [8] A session had already been started - ignoring session_start() D:\wm\ThinkPHP\Common\functions.php 第 1263 行.
SQL: SHOW COLUMNS FROM `et_shopmessage` [ RunTime:0.0020s ]
SQL: SELECT `content`,`gotime`,`long`,`maxprice`,`maxlong`,`lkmoney`,`shophead`,`shopphoto`,`shopname`,`state`,`coordinate`,`detailed_address`,`mobile` FROM `et_shopmessage` WHERE `shopid` = 39 LIMIT 1   [ RunTime:0.0003s ]
SQL: SHOW COLUMNS FROM `et_mingxi` [ RunTime:0.0023s ]
SQL: SELECT * FROM `et_mingxi` WHERE `addtime` BETWEEN '2017-08-05 00:00:00' AND '2017-08-05 14:37:30' AND `shopid` = 39 AND `flag` = 1  [ RunTime:0.0003s ]
SQL: SHOW COLUMNS FROM `et_orders` [ RunTime:0.0024s ]
SQL: SELECT * FROM `et_orders` WHERE `addtime` BETWEEN '2017-08-05 00:00:00' AND '2017-08-05 14:37:30' AND `state` IN ('3','4','5') AND `shopid` = 39  [ RunTime:0.0004s ]

[ 2017-08-05T14:37:31+08:00 ] 110.249.130.170 /index.php/server/user/shopmesa
INFO: [ app_init ] --START--
INFO: Run Behavior\BuildLiteBehavior [ RunTime:0.000064s ]
INFO: [ app_init ] --END-- [ RunTime:0.000355s ]
INFO: [ app_begin ] --START--
INFO: Run Behavior\ReadHtmlCacheBehavior [ RunTime:0.000480s ]
INFO: [ app_begin ] --END-- [ RunTime:0.000532s ]
NOTIC: [8] A session had already been started - ignoring session_start() D:\wm\ThinkPHP\Common\functions.php 第 1263 行.
SQL: SHOW COLUMNS FROM `et_shopmessage` [ RunTime:0.0031s ]
SQL: SELECT `content`,`gotime`,`long`,`maxprice`,`maxlong`,`lkmoney`,`shophead`,`shopphoto`,`shopname`,`state`,`coordinate`,`detailed_address`,`mobile` FROM `et_shopmessage` WHERE `shopid` = 39 LIMIT 1   [ RunTime:0.0004s ]
SQL: SHOW COLUMNS FROM `et_mingxi` [ RunTime:0.0024s ]
SQL: SELECT * FROM `et_mingxi` WHERE `addtime` BETWEEN '2017-08-05 00:00:00' AND '2017-08-05 14:37:31' AND `shopid` = 39 AND `flag` = 1  [ RunTime:0.0003s ]
SQL: SHOW COLUMNS FROM `et_orders` [ RunTime:0.0026s ]
SQL: SELECT * FROM `et_orders` WHERE `addtime` BETWEEN '2017-08-05 00:00:00' AND '2017-08-05 14:37:31' AND `state` IN ('3','4','5') AND `shopid` = 39  [ RunTime:0.0005s ]

[ 2017-08-05T14:37:31+08:00 ] 110.249.130.170 /index.php/server/evaluate/pingjialist
INFO: [ app_init ] --START--
INFO: Run Behavior\BuildLiteBehavior [ RunTime:0.000046s ]
INFO: [ app_init ] --END-- [ RunTime:0.000309s ]
INFO: [ app_begin ] --START--
INFO: Run Behavior\ReadHtmlCacheBehavior [ RunTime:0.000445s ]
INFO: [ app_begin ] --END-- [ RunTime:0.000496s ]
NOTIC: [8] A session had already been started - ignoring session_start() D:\wm\ThinkPHP\Common\functions.php 第 1263 行.
SQL: SHOW COLUMNS FROM `et_evaluate` [ RunTime:0.0031s ]
SQL: SELECT * FROM `et_evaluate` WHERE `shopid` = 39 LIMIT 0,8   [ RunTime:0.0005s ]
SQL: SHOW COLUMNS FROM `et_user` [ RunTime:0.0026s ]
SQL: SELECT `uid`,`username`,`head_photo` FROM `et_user` WHERE `uid` = 25 LIMIT 1   [ RunTime:0.0003s ]
SQL: SHOW COLUMNS FROM `et_backevaluate` [ RunTime:0.0024s ]
SQL: SELECT `backpingjia` FROM `et_backevaluate` WHERE `shopid` = 39 AND `uid` = 25 AND `eid` = 42 LIMIT 1   [ RunTime:0.0004s ]
SQL: SELECT `uid`,`username`,`head_photo` FROM `et_user` WHERE `uid` = 25 LIMIT 1   [ RunTime:0.0003s ]
SQL: SELECT `backpingjia` FROM `et_backevaluate` WHERE `shopid` = 39 AND `uid` = 25 AND `eid` = 43 LIMIT 1   [ RunTime:0.0003s ]
SQL: SELECT `uid`,`username`,`head_photo` FROM `et_user` WHERE `uid` = 25 LIMIT 1   [ RunTime:0.0003s ]
SQL: SELECT `backpingjia` FROM `et_backevaluate` WHERE `shopid` = 39 AND `uid` = 25 AND `eid` = 44 LIMIT 1   [ RunTime:0.0003s ]

[ 2017-08-05T14:37:31+08:00 ] 110.249.130.170 /index.php/server/shop/categorylist
INFO: [ app_init ] --START--
INFO: Run Behavior\BuildLiteBehavior [ RunTime:0.000035s ]
INFO: [ app_init ] --END-- [ RunTime:0.000489s ]
INFO: [ app_begin ] --START--
INFO: Run Behavior\ReadHtmlCacheBehavior [ RunTime:0.000748s ]
INFO: [ app_begin ] --END-- [ RunTime:0.000838s ]
NOTIC: [8] A session had already been started - ignoring session_start() D:\wm\ThinkPHP\Common\functions.php 第 1263 行.
SQL: SHOW COLUMNS FROM `et_category` [ RunTime:0.0025s ]
SQL: SELECT `cid`,`cname` FROM `et_category` WHERE `shopid` = 39  [ RunTime:0.0004s ]
SQL: SHOW COLUMNS FROM `et_shopgoods` [ RunTime:0.0024s ]
SQL: SELECT * FROM `et_shopgoods` WHERE `shopid` = 39 AND `cid` = 149  [ RunTime:0.0004s ]
SQL: SELECT * FROM `et_shopgoods` WHERE `shopid` = 39 AND `cid` = 150  [ RunTime:0.0004s ]
SQL: SELECT * FROM `et_shopgoods` WHERE `shopid` = 39 AND `cid` = 151  [ RunTime:0.0002s ]

[ 2017-08-05T14:37:33+08:00 ] 110.249.130.170 /index.php/server/shop/categorylist
INFO: [ app_init ] --START--
INFO: Run Behavior\BuildLiteBehavior [ RunTime:0.000029s ]
INFO: [ app_init ] --END-- [ RunTime:0.000539s ]
INFO: [ app_begin ] --START--
INFO: Run Behavior\ReadHtmlCacheBehavior [ RunTime:0.000810s ]
INFO: [ app_begin ] --END-- [ RunTime:0.000946s ]
NOTIC: [8] A session had already been started - ignoring session_start() D:\wm\ThinkPHP\Common\functions.php 第 1263 行.
SQL: SHOW COLUMNS FROM `et_category` [ RunTime:0.0030s ]
SQL: SELECT `cid`,`cname` FROM `et_category` WHERE `shopid` = 39  [ RunTime:0.0003s ]
SQL: SHOW COLUMNS FROM `et_shopgoods` [ RunTime:0.0020s ]
SQL: SELECT * FROM `et_shopgoods` WHERE `shopid` = 39 AND `cid` = 149  [ RunTime:0.0005s ]
SQL: SELECT * FROM `et_shopgoods` WHERE `shopid` = 39 AND `cid` = 150  [ RunTime:0.0003s ]
SQL: SELECT * FROM `et_shopgoods` WHERE `shopid` = 39 AND `cid` = 151  [ RunTime:0.0003s ]

[ 2017-08-05T14:37:33+08:00 ] 110.249.130.170 /index.php/server/evaluate/pingjialist
INFO: [ app_init ] --START--
INFO: Run Behavior\BuildLiteBehavior [ RunTime:0.000065s ]
INFO: [ app_init ] --END-- [ RunTime:0.000417s ]
INFO: [ app_begin ] --START--
INFO: Run Behavior\ReadHtmlCacheBehavior [ RunTime:0.000623s ]
INFO: [ app_begin ] --END-- [ RunTime:0.000691s ]
NOTIC: [8] A session had already been started - ignoring session_start() D:\wm\ThinkPHP\Common\functions.php 第 1263 行.
SQL: SHOW COLUMNS FROM `et_evaluate` [ RunTime:0.0038s ]
SQL: SELECT * FROM `et_evaluate` WHERE `shopid` = 39 LIMIT 0,8   [ RunTime:0.0005s ]
SQL: SHOW COLUMNS FROM `et_user` [ RunTime:0.0021s ]
SQL: SELECT `uid`,`username`,`head_photo` FROM `et_user` WHERE `uid` = 25 LIMIT 1   [ RunTime:0.0003s ]
SQL: SHOW COLUMNS FROM `et_backevaluate` [ RunTime:0.0028s ]
SQL: SELECT `backpingjia` FROM `et_backevaluate` WHERE `shopid` = 39 AND `uid` = 25 AND `eid` = 42 LIMIT 1   [ RunTime:0.0003s ]
SQL: SELECT `uid`,`username`,`head_photo` FROM `et_user` WHERE `uid` = 25 LIMIT 1   [ RunTime:0.0002s ]
SQL: SELECT `backpingjia` FROM `et_backevaluate` WHERE `shopid` = 39 AND `uid` = 25 AND `eid` = 43 LIMIT 1   [ RunTime:0.0002s ]
SQL: SELECT `uid`,`username`,`head_photo` FROM `et_user` WHERE `uid` = 25 LIMIT 1   [ RunTime:0.0002s ]
SQL: SELECT `backpingjia` FROM `et_backevaluate` WHERE `shopid` = 39 AND `uid` = 25 AND `eid` = 44 LIMIT 1   [ RunTime:0.0002s ]

[ 2017-08-05T14:37:33+08:00 ] 110.249.130.170 /index.php/server/user/shopmesa
INFO: [ app_init ] --START--
INFO: Run Behavior\BuildLiteBehavior [ RunTime:0.000025s ]
INFO: [ app_init ] --END-- [ RunTime:0.000446s ]
INFO: [ app_begin ] --START--
INFO: Run Behavior\ReadHtmlCacheBehavior [ RunTime:0.000511s ]
INFO: [ app_begin ] --END-- [ RunTime:0.000578s ]
NOTIC: [8] A session had already been started - ignoring session_start() D:\wm\ThinkPHP\Common\functions.php 第 1263 行.
SQL: SHOW COLUMNS FROM `et_shopmessage` [ RunTime:0.0035s ]
SQL: SELECT `content`,`gotime`,`long`,`maxprice`,`maxlong`,`lkmoney`,`shophead`,`shopphoto`,`shopname`,`state`,`coordinate`,`detailed_address`,`mobile` FROM `et_shopmessage` WHERE `shopid` = 39 LIMIT 1   [ RunTime:0.0004s ]
SQL: SHOW COLUMNS FROM `et_mingxi` [ RunTime:0.0324s ]
SQL: SELECT * FROM `et_mingxi` WHERE `addtime` BETWEEN '2017-08-05 00:00:00' AND '2017-08-05 14:37:33' AND `shopid` = 39 AND `flag` = 1  [ RunTime:0.0003s ]
SQL: SHOW COLUMNS FROM `et_orders` [ RunTime:0.0021s ]
SQL: SELECT * FROM `et_orders` WHERE `addtime` BETWEEN '2017-08-05 00:00:00' AND '2017-08-05 14:37:33' AND `state` IN ('3','4','5') AND `shopid` = 39  [ RunTime:0.0005s ]

[ 2017-08-05T14:37:33+08:00 ] 110.249.130.170 /index.php/server/user/shopmesa
INFO: [ app_init ] --START--
INFO: Run Behavior\BuildLiteBehavior [ RunTime:0.000027s ]
INFO: [ app_init ] --END-- [ RunTime:0.000527s ]
INFO: [ app_begin ] --START--
INFO: Run Behavior\ReadHtmlCacheBehavior [ RunTime:0.000479s ]
INFO: [ app_begin ] --END-- [ RunTime:0.000534s ]
NOTIC: [8] A session had already been started - ignoring session_start() D:\wm\ThinkPHP\Common\functions.php 第 1263 行.
SQL: SHOW COLUMNS FROM `et_shopmessage` [ RunTime:0.0033s ]
SQL: SELECT `content`,`gotime`,`long`,`maxprice`,`maxlong`,`lkmoney`,`shophead`,`shopphoto`,`shopname`,`state`,`coordinate`,`detailed_address`,`mobile` FROM `et_shopmessage` WHERE `shopid` = 39 LIMIT 1   [ RunTime:0.0004s ]
SQL: SHOW COLUMNS FROM `et_mingxi` [ RunTime:0.0022s ]
SQL: SELECT * FROM `et_mingxi` WHERE `addtime` BETWEEN '2017-08-05 00:00:00' AND '2017-08-05 14:37:33' AND `shopid` = 39 AND `flag` = 1  [ RunTime:0.0003s ]
SQL: SHOW COLUMNS FROM `et_orders` [ RunTime:0.0018s ]
SQL: SELECT * FROM `et_orders` WHERE `addtime` BETWEEN '2017-08-05 00:00:00' AND '2017-08-05 14:37:33' AND `state` IN ('3','4','5') AND `shopid` = 39  [ RunTime:0.0005s ]

[ 2017-08-05T14:37:35+08:00 ] 110.249.130.170 /index.php/server/shop/categorylist
INFO: [ app_init ] --START--
INFO: Run Behavior\BuildLiteBehavior [ RunTime:0.000017s ]
INFO: [ app_init ] --END-- [ RunTime:0.000487s ]
INFO: [ app_begin ] --START--
INFO: Run Behavior\ReadHtmlCacheBehavior [ RunTime:0.000437s ]
INFO: [ app_begin ] --END-- [ RunTime:0.000498s ]
NOTIC: [8] A session had already been started - ignoring session_start() D:\wm\ThinkPHP\Common\functions.php 第 1263 行.
SQL: SHOW COLUMNS FROM `et_category` [ RunTime:0.2705s ]
SQL: SELECT `cid`,`cname` FROM `et_category` WHERE `shopid` = 39  [ RunTime:0.0005s ]
SQL: SHOW COLUMNS FROM `et_shopgoods` [ RunTime:0.0028s ]
SQL: SELECT * FROM `et_shopgoods` WHERE `shopid` = 39 AND `cid` = 149  [ RunTime:0.0004s ]
SQL: SELECT * FROM `et_shopgoods` WHERE `shopid` = 39 AND `cid` = 150  [ RunTime:0.0005s ]
SQL: SELECT * FROM `et_shopgoods` WHERE `shopid` = 39 AND `cid` = 151  [ RunTime:0.0002s ]

[ 2017-08-05T14:37:35+08:00 ] 110.249.130.170 /index.php/server/user/shopmesa
INFO: [ app_init ] --START--
INFO: Run Behavior\BuildLiteBehavior [ RunTime:0.000019s ]
INFO: [ app_init ] --END-- [ RunTime:0.000350s ]
INFO: [ app_begin ] --START--
INFO: Run Behavior\ReadHtmlCacheBehavior [ RunTime:0.000378s ]
INFO: [ app_begin ] --END-- [ RunTime:0.000463s ]
NOTIC: [8] A session had already been started - ignoring session_start() D:\wm\ThinkPHP\Common\functions.php 第 1263 行.
SQL: SHOW COLUMNS FROM `et_shopmessage` [ RunTime:0.0019s ]
SQL: SELECT `content`,`gotime`,`long`,`maxprice`,`maxlong`,`lkmoney`,`shophead`,`shopphoto`,`shopname`,`state`,`coordinate`,`detailed_address`,`mobile` FROM `et_shopmessage` WHERE `shopid` = 39 LIMIT 1   [ RunTime:0.0004s ]
SQL: SHOW COLUMNS FROM `et_mingxi` [ RunTime:0.0024s ]
SQL: SELECT * FROM `et_mingxi` WHERE `addtime` BETWEEN '2017-08-05 00:00:00' AND '2017-08-05 14:37:35' AND `shopid` = 39 AND `flag` = 1  [ RunTime:0.0003s ]
SQL: SHOW COLUMNS FROM `et_orders` [ RunTime:0.0027s ]
SQL: SELECT * FROM `et_orders` WHERE `addtime` BETWEEN '2017-08-05 00:00:00' AND '2017-08-05 14:37:35' AND `state` IN ('3','4','5') AND `shopid` = 39  [ RunTime:0.0004s ]

[ 2017-08-05T14:37:35+08:00 ] 110.249.130.170 /index.php/server/evaluate/pingjialist
INFO: [ app_init ] --START--
INFO: Run Behavior\BuildLiteBehavior [ RunTime:0.000019s ]
INFO: [ app_init ] --END-- [ RunTime:0.000423s ]
INFO: [ app_begin ] --START--
INFO: Run Behavior\ReadHtmlCacheBehavior [ RunTime:0.000565s ]
INFO: [ app_begin ] --END-- [ RunTime:0.000620s ]
NOTIC: [8] A session had already been started - ignoring session_start() D:\wm\ThinkPHP\Common\functions.php 第 1263 行.
SQL: SHOW COLUMNS FROM `et_evaluate` [ RunTime:0.0041s ]
SQL: SELECT * FROM `et_evaluate` WHERE `shopid` = 39 LIMIT 0,8   [ RunTime:0.0004s ]
SQL: SHOW COLUMNS FROM `et_user` [ RunTime:0.0029s ]
SQL: SELECT `uid`,`username`,`head_photo` FROM `et_user` WHERE `uid` = 25 LIMIT 1   [ RunTime:0.0004s ]
SQL: SHOW COLUMNS FROM `et_backevaluate` [ RunTime:0.0026s ]
SQL: SELECT `backpingjia` FROM `et_backevaluate` WHERE `shopid` = 39 AND `uid` = 25 AND `eid` = 42 LIMIT 1   [ RunTime:0.0005s ]
SQL: SELECT `uid`,`username`,`head_photo` FROM `et_user` WHERE `uid` = 25 LIMIT 1   [ RunTime:0.0003s ]
SQL: SELECT `backpingjia` FROM `et_backevaluate` WHERE `shopid` = 39 AND `uid` = 25 AND `eid` = 43 LIMIT 1   [ RunTime:0.0003s ]
SQL: SELECT `uid`,`username`,`head_photo` FROM `et_user` WHERE `uid` = 25 LIMIT 1   [ RunTime:0.0003s ]
SQL: SELECT `backpingjia` FROM `et_backevaluate` WHERE `shopid` = 39 AND `uid` = 25 AND `eid` = 44 LIMIT 1   [ RunTime:0.0002s ]

[ 2017-08-05T14:37:35+08:00 ] 110.249.130.170 /index.php/server/order/mingxi
INFO: [ app_init ] --START--
INFO: Run Behavior\BuildLiteBehavior [ RunTime:0.000026s ]
INFO: [ app_init ] --END-- [ RunTime:0.000497s ]
INFO: [ app_begin ] --START--
INFO: Run Behavior\ReadHtmlCacheBehavior [ RunTime:0.000695s ]
INFO: [ app_begin ] --END-- [ RunTime:0.000754s ]
NOTIC: [8] A session had already been started - ignoring session_start() D:\wm\ThinkPHP\Common\functions.php 第 1263 行.
SQL: SHOW COLUMNS FROM `et_mingxi` [ RunTime:0.0037s ]
SQL: SELECT * FROM `et_mingxi` WHERE `shopid` = 39 AND `flag` = 1 ORDER BY addtime desc LIMIT 0,8   [ RunTime:0.0636s ]

[ 2017-08-05T14:37:36+08:00 ] 110.249.130.170 /index.php/server/user/shopmesa
INFO: [ app_init ] --START--
INFO: Run Behavior\BuildLiteBehavior [ RunTime:0.000018s ]
INFO: [ app_init ] --END-- [ RunTime:0.000308s ]
INFO: [ app_begin ] --START--
INFO: Run Behavior\ReadHtmlCacheBehavior [ RunTime:0.000432s ]
INFO: [ app_begin ] --END-- [ RunTime:0.000494s ]
NOTIC: [8] A session had already been started - ignoring session_start() D:\wm\ThinkPHP\Common\functions.php 第 1263 行.
SQL: SHOW COLUMNS FROM `et_shopmessage` [ RunTime:0.0048s ]
SQL: SELECT `content`,`gotime`,`long`,`maxprice`,`maxlong`,`lkmoney`,`shophead`,`shopphoto`,`shopname`,`state`,`coordinate`,`detailed_address`,`mobile` FROM `et_shopmessage` WHERE `shopid` = 39 LIMIT 1   [ RunTime:0.0005s ]
SQL: SHOW COLUMNS FROM `et_mingxi` [ RunTime:0.0028s ]
SQL: SELECT * FROM `et_mingxi` WHERE `addtime` BETWEEN '2017-08-05 00:00:00' AND '2017-08-05 14:37:36' AND `shopid` = 39 AND `flag` = 1  [ RunTime:0.0005s ]
SQL: SHOW COLUMNS FROM `et_orders` [ RunTime:0.0029s ]
SQL: SELECT * FROM `et_orders` WHERE `addtime` BETWEEN '2017-08-05 00:00:00' AND '2017-08-05 14:37:36' AND `state` IN ('3','4','5') AND `shopid` = 39  [ RunTime:0.0007s ]

[ 2017-08-05T14:37:42+08:00 ] 110.249.130.170 /index.php/server/evaluate/pingjialist
INFO: [ app_init ] --START--
INFO: Run Behavior\BuildLiteBehavior [ RunTime:0.000022s ]
INFO: [ app_init ] --END-- [ RunTime:0.000708s ]
INFO: [ app_begin ] --START--
INFO: Run Behavior\ReadHtmlCacheBehavior [ RunTime:0.000508s ]
INFO: [ app_begin ] --END-- [ RunTime:0.000566s ]
NOTIC: [8] A session had already been started - ignoring session_start() D:\wm\ThinkPHP\Common\functions.php 第 1263 行.
SQL: SHOW COLUMNS FROM `et_evaluate` [ RunTime:0.0041s ]
SQL: SELECT * FROM `et_evaluate` WHERE `shopid` = 39 LIMIT 0,8   [ RunTime:0.0004s ]
SQL: SHOW COLUMNS FROM `et_user` [ RunTime:0.0286s ]
SQL: SELECT `uid`,`username`,`head_photo` FROM `et_user` WHERE `uid` = 25 LIMIT 1   [ RunTime:0.0004s ]
SQL: SHOW COLUMNS FROM `et_backevaluate` [ RunTime:0.0025s ]
SQL: SELECT `backpingjia` FROM `et_backevaluate` WHERE `shopid` = 39 AND `uid` = 25 AND `eid` = 42 LIMIT 1   [ RunTime:0.0003s ]
SQL: SELECT `uid`,`username`,`head_photo` FROM `et_user` WHERE `uid` = 25 LIMIT 1   [ RunTime:0.0002s ]
SQL: SELECT `backpingjia` FROM `et_backevaluate` WHERE `shopid` = 39 AND `uid` = 25 AND `eid` = 43 LIMIT 1   [ RunTime:0.0002s ]
SQL: SELECT `uid`,`username`,`head_photo` FROM `et_user` WHERE `uid` = 25 LIMIT 1   [ RunTime:0.0002s ]
SQL: SELECT `backpingjia` FROM `et_backevaluate` WHERE `shopid` = 39 AND `uid` = 25 AND `eid` = 44 LIMIT 1   [ RunTime:0.0002s ]

[ 2017-08-05T14:37:42+08:00 ] 110.249.130.170 /index.php/server/shop/categorylist
INFO: [ app_init ] --START--
INFO: Run Behavior\BuildLiteBehavior [ RunTime:0.000029s ]
INFO: [ app_init ] --END-- [ RunTime:0.000430s ]
INFO: [ app_begin ] --START--
INFO: Run Behavior\ReadHtmlCacheBehavior [ RunTime:0.000635s ]
INFO: [ app_begin ] --END-- [ RunTime:0.000711s ]
NOTIC: [8] A session had already been started - ignoring session_start() D:\wm\ThinkPHP\Common\functions.php 第 1263 行.
SQL: SHOW COLUMNS FROM `et_category` [ RunTime:0.0028s ]
SQL: SELECT `cid`,`cname` FROM `et_category` WHERE `shopid` = 39  [ RunTime:0.0004s ]
SQL: SHOW COLUMNS FROM `et_shopgoods` [ RunTime:0.0023s ]
SQL: SELECT * FROM `et_shopgoods` WHERE `shopid` = 39 AND `cid` = 149  [ RunTime:0.0004s ]
SQL: SELECT * FROM `et_shopgoods` WHERE `shopid` = 39 AND `cid` = 150  [ RunTime:0.0003s ]
SQL: SELECT * FROM `et_shopgoods` WHERE `shopid` = 39 AND `cid` = 151  [ RunTime:0.0002s ]

[ 2017-08-05T14:37:42+08:00 ] 110.249.130.170 /index.php/server/user/shopmesa
INFO: [ app_init ] --START--
INFO: Run Behavior\BuildLiteBehavior [ RunTime:0.000016s ]
INFO: [ app_init ] --END-- [ RunTime:0.000289s ]
INFO: [ app_begin ] --START--
INFO: Run Behavior\ReadHtmlCacheBehavior [ RunTime:0.000418s ]
INFO: [ app_begin ] --END-- [ RunTime:0.000471s ]
NOTIC: [8] A session had already been started - ignoring session_start() D:\wm\ThinkPHP\Common\functions.php 第 1263 行.
SQL: SHOW COLUMNS FROM `et_shopmessage` [ RunTime:0.0030s ]
SQL: SELECT `content`,`gotime`,`long`,`maxprice`,`maxlong`,`lkmoney`,`shophead`,`shopphoto`,`shopname`,`state`,`coordinate`,`detailed_address`,`mobile` FROM `et_shopmessage` WHERE `shopid` = 39 LIMIT 1   [ RunTime:0.0003s ]
SQL: SHOW COLUMNS FROM `et_mingxi` [ RunTime:0.0018s ]
SQL: SELECT * FROM `et_mingxi` WHERE `addtime` BETWEEN '2017-08-05 00:00:00' AND '2017-08-05 14:37:42' AND `shopid` = 39 AND `flag` = 1  [ RunTime:0.0004s ]
SQL: SHOW COLUMNS FROM `et_orders` [ RunTime:0.0023s ]
SQL: SELECT * FROM `et_orders` WHERE `addtime` BETWEEN '2017-08-05 00:00:00' AND '2017-08-05 14:37:42' AND `state` IN ('3','4','5') AND `shopid` = 39  [ RunTime:0.0004s ]

[ 2017-08-05T17:10:08+08:00 ] 112.90.82.236 /index.php/server/user/shopmesa
INFO: [ app_init ] --START--
INFO: Run Behavior\BuildLiteBehavior [ RunTime:0.000083s ]
INFO: [ app_init ] --END-- [ RunTime:0.000668s ]
INFO: [ app_begin ] --START--
INFO: Run Behavior\ReadHtmlCacheBehavior [ RunTime:0.000638s ]
INFO: [ app_begin ] --END-- [ RunTime:0.000732s ]
NOTIC: [8] A session had already been started - ignoring session_start() D:\wm\ThinkPHP\Common\functions.php 第 1263 行.
INFO: [ app_end ] --START--
INFO: Run Behavior\ShowPageTraceBehavior [ RunTime:0.000736s ]
INFO: [ app_end ] --END-- [ RunTime:0.000816s ]

[ 2017-08-05T17:45:48+08:00 ] 14.17.3.65 /index.php/server/order/mingxi
INFO: [ app_init ] --START--
INFO: Run Behavior\BuildLiteBehavior [ RunTime:0.000017s ]
INFO: [ app_init ] --END-- [ RunTime:0.000350s ]
INFO: [ app_begin ] --START--
INFO: Run Behavior\ReadHtmlCacheBehavior [ RunTime:0.000566s ]
INFO: [ app_begin ] --END-- [ RunTime:0.000620s ]
NOTIC: [8] A session had already been started - ignoring session_start() D:\wm\ThinkPHP\Common\functions.php 第 1263 行.
INFO: [ app_end ] --START--
INFO: Run Behavior\ShowPageTraceBehavior [ RunTime:0.000543s ]
INFO: [ app_end ] --END-- [ RunTime:0.000612s ]

[ 2017-08-05T18:19:09+08:00 ] 113.108.10.5 /index.php/server/user/editstate
INFO: [ app_init ] --START--
INFO: Run Behavior\BuildLiteBehavior [ RunTime:0.000026s ]
INFO: [ app_init ] --END-- [ RunTime:0.000530s ]
INFO: [ app_begin ] --START--
INFO: Run Behavior\ReadHtmlCacheBehavior [ RunTime:0.000590s ]
INFO: [ app_begin ] --END-- [ RunTime:0.000654s ]
NOTIC: [8] A session had already been started - ignoring session_start() D:\wm\ThinkPHP\Common\functions.php 第 1263 行.
INFO: [ app_end ] --START--
INFO: Run Behavior\ShowPageTraceBehavior [ RunTime:0.000689s ]
INFO: [ app_end ] --END-- [ RunTime:0.000766s ]

[ 2017-08-05T18:21:39+08:00 ] 14.17.3.64 /index.php/server/order/yorderlist
INFO: [ app_init ] --START--
INFO: Run Behavior\BuildLiteBehavior [ RunTime:0.000016s ]
INFO: [ app_init ] --END-- [ RunTime:0.000398s ]
INFO: [ app_begin ] --START--
INFO: Run Behavior\ReadHtmlCacheBehavior [ RunTime:0.000491s ]
INFO: [ app_begin ] --END-- [ RunTime:0.000546s ]
NOTIC: [8] A session had already been started - ignoring session_start() D:\wm\ThinkPHP\Common\functions.php 第 1263 行.
INFO: [ app_end ] --START--
INFO: Run Behavior\ShowPageTraceBehavior [ RunTime:0.000532s ]
INFO: [ app_end ] --END-- [ RunTime:0.000589s ]

