[ 2017-07-15T10:20:22+08:00 ] 124.239.137.26 /index.php/server/user/veri_mobile
INFO: [ app_init ] --START--
INFO: Run Behavior\BuildLiteBehavior [ RunTime:0.000041s ]
INFO: [ app_init ] --END-- [ RunTime:0.027001s ]
INFO: [ app_begin ] --START--
INFO: Run Behavior\ReadHtmlCacheBehavior [ RunTime:0.003942s ]
INFO: [ app_begin ] --END-- [ RunTime:0.004077s ]
NOTIC: [8] A session had already been started - ignoring session_start() D:\wm\ThinkPHP\Common\functions.php 第 1263 行.
NOTIC: [8] Undefined variable: mobile D:\wm\Application\Server\Controller\UserController.class.php 第 95 行.

[ 2017-07-15T10:22:21+08:00 ] 110.249.130.170 /index.php/server/user/veri_mobile
INFO: [ app_init ] --START--
INFO: Run Behavior\BuildLiteBehavior [ RunTime:0.000015s ]
INFO: [ app_init ] --END-- [ RunTime:0.000363s ]
INFO: [ app_begin ] --START--
INFO: Run Behavior\ReadHtmlCacheBehavior [ RunTime:0.000478s ]
INFO: [ app_begin ] --END-- [ RunTime:0.000531s ]
NOTIC: [8] A session had already been started - ignoring session_start() D:\wm\ThinkPHP\Common\functions.php 第 1263 行.
NOTIC: [8] Undefined variable: mobile D:\wm\Application\Server\Controller\UserController.class.php 第 95 行.

[ 2017-07-15T10:24:16+08:00 ] 110.249.130.170 /index.php/server/user/register
INFO: [ app_init ] --START--
INFO: Run Behavior\BuildLiteBehavior [ RunTime:0.000017s ]
INFO: [ app_init ] --END-- [ RunTime:0.000440s ]
INFO: [ app_begin ] --START--
INFO: Run Behavior\ReadHtmlCacheBehavior [ RunTime:0.000702s ]
INFO: [ app_begin ] --END-- [ RunTime:0.000780s ]
NOTIC: [8] A session had already been started - ignoring session_start() D:\wm\ThinkPHP\Common\functions.php 第 1263 行.
NOTIC: [8] Undefined index: password D:\wm\Application\Server\Controller\UserController.class.php 第 18 行.
SQL: SHOW COLUMNS FROM `et_shop` [ RunTime:0.2900s ]
SQL: SELECT `shopid` FROM `et_shop` WHERE `phone` = '15230868185' LIMIT 1   [ RunTime:0.1996s ]

[ 2017-07-15T10:24:45+08:00 ] 110.249.130.170 /index.php/server/user/register
INFO: [ app_init ] --START--
INFO: Run Behavior\BuildLiteBehavior [ RunTime:0.000028s ]
INFO: [ app_init ] --END-- [ RunTime:0.000490s ]
INFO: [ app_begin ] --START--
INFO: Run Behavior\ReadHtmlCacheBehavior [ RunTime:0.000840s ]
INFO: [ app_begin ] --END-- [ RunTime:0.000919s ]
NOTIC: [8] A session had already been started - ignoring session_start() D:\wm\ThinkPHP\Common\functions.php 第 1263 行.
NOTIC: [8] Undefined index: password D:\wm\Application\Server\Controller\UserController.class.php 第 18 行.
SQL: SHOW COLUMNS FROM `et_shop` [ RunTime:0.0024s ]
SQL: SELECT `shopid` FROM `et_shop` WHERE `phone` = '1573116118' LIMIT 1   [ RunTime:0.0003s ]
ERR: 1048:Column 'password' cannot be null
 [ SQL语句 ] : INSERT INTO `et_shop` (`phone`,`password`,`flag`,`addtime`) VALUES ('1573116118',NULL,'1','2017-07-15 10:24:45')
ERR: 1048:Column 'password' cannot be null
 [ SQL语句 ] : INSERT INTO `et_shop` (`phone`,`password`,`flag`,`addtime`) VALUES ('1573116118',NULL,'1','2017-07-15 10:24:45')

[ 2017-07-15T10:25:04+08:00 ] 110.249.130.170 /index.php/server/user/register
INFO: [ app_init ] --START--
INFO: Run Behavior\BuildLiteBehavior [ RunTime:0.000021s ]
INFO: [ app_init ] --END-- [ RunTime:0.000354s ]
INFO: [ app_begin ] --START--
INFO: Run Behavior\ReadHtmlCacheBehavior [ RunTime:0.000851s ]
INFO: [ app_begin ] --END-- [ RunTime:0.000933s ]
NOTIC: [8] A session had already been started - ignoring session_start() D:\wm\ThinkPHP\Common\functions.php 第 1263 行.
NOTIC: [8] Undefined index: password D:\wm\Application\Server\Controller\UserController.class.php 第 18 行.
SQL: SHOW COLUMNS FROM `et_shop` [ RunTime:0.0026s ]
SQL: SELECT `shopid` FROM `et_shop` WHERE `phone` = '15733116318' LIMIT 1   [ RunTime:0.0004s ]
ERR: 1048:Column 'password' cannot be null
 [ SQL语句 ] : INSERT INTO `et_shop` (`phone`,`password`,`flag`,`addtime`) VALUES ('15733116318',NULL,'1','2017-07-15 10:25:04')
ERR: 1048:Column 'password' cannot be null
 [ SQL语句 ] : INSERT INTO `et_shop` (`phone`,`password`,`flag`,`addtime`) VALUES ('15733116318',NULL,'1','2017-07-15 10:25:04')

[ 2017-07-15T10:25:13+08:00 ] 110.249.130.170 /index.php/server/user/register
INFO: [ app_init ] --START--
INFO: Run Behavior\BuildLiteBehavior [ RunTime:0.000016s ]
INFO: [ app_init ] --END-- [ RunTime:0.000387s ]
INFO: [ app_begin ] --START--
INFO: Run Behavior\ReadHtmlCacheBehavior [ RunTime:0.000618s ]
INFO: [ app_begin ] --END-- [ RunTime:0.000679s ]
NOTIC: [8] A session had already been started - ignoring session_start() D:\wm\ThinkPHP\Common\functions.php 第 1263 行.
NOTIC: [8] Undefined index: password D:\wm\Application\Server\Controller\UserController.class.php 第 18 行.
SQL: SHOW COLUMNS FROM `et_shop` [ RunTime:0.0021s ]
SQL: SELECT `shopid` FROM `et_shop` WHERE `phone` = '15733116318' LIMIT 1   [ RunTime:0.0003s ]
ERR: 1048:Column 'password' cannot be null
 [ SQL语句 ] : INSERT INTO `et_shop` (`phone`,`password`,`flag`,`addtime`) VALUES ('15733116318',NULL,'1','2017-07-15 10:25:13')
ERR: 1048:Column 'password' cannot be null
 [ SQL语句 ] : INSERT INTO `et_shop` (`phone`,`password`,`flag`,`addtime`) VALUES ('15733116318',NULL,'1','2017-07-15 10:25:13')

[ 2017-07-15T10:26:35+08:00 ] 110.249.130.170 /index.php/server/user/veri_mobile
INFO: [ app_init ] --START--
INFO: Run Behavior\BuildLiteBehavior [ RunTime:0.000016s ]
INFO: [ app_init ] --END-- [ RunTime:0.000322s ]
INFO: [ app_begin ] --START--
INFO: Run Behavior\ReadHtmlCacheBehavior [ RunTime:0.000537s ]
INFO: [ app_begin ] --END-- [ RunTime:0.000603s ]
NOTIC: [8] A session had already been started - ignoring session_start() D:\wm\ThinkPHP\Common\functions.php 第 1263 行.
SQL: SHOW COLUMNS FROM `et_shop` [ RunTime:0.0251s ]
SQL: SELECT `shopid` FROM `et_shop` WHERE `phone` = 15232196785 LIMIT 1   [ RunTime:0.0004s ]

[ 2017-07-15T10:26:40+08:00 ] 110.249.130.170 /index.php/server/user/veri_mobile
INFO: [ app_init ] --START--
INFO: Run Behavior\BuildLiteBehavior [ RunTime:0.000026s ]
INFO: [ app_init ] --END-- [ RunTime:0.000685s ]
INFO: [ app_begin ] --START--
INFO: Run Behavior\ReadHtmlCacheBehavior [ RunTime:0.000759s ]
INFO: [ app_begin ] --END-- [ RunTime:0.000841s ]
NOTIC: [8] A session had already been started - ignoring session_start() D:\wm\ThinkPHP\Common\functions.php 第 1263 行.
SQL: SHOW COLUMNS FROM `et_shop` [ RunTime:0.0037s ]
SQL: SELECT `shopid` FROM `et_shop` WHERE `phone` = 15232196785 LIMIT 1   [ RunTime:0.0003s ]

[ 2017-07-15T10:28:45+08:00 ] 110.249.130.170 /index.php/server/user/veri_mobile
INFO: [ app_init ] --START--
INFO: Run Behavior\BuildLiteBehavior [ RunTime:0.000018s ]
INFO: [ app_init ] --END-- [ RunTime:0.000346s ]
INFO: [ app_begin ] --START--
INFO: Run Behavior\ReadHtmlCacheBehavior [ RunTime:0.000711s ]
INFO: [ app_begin ] --END-- [ RunTime:0.000792s ]
NOTIC: [8] A session had already been started - ignoring session_start() D:\wm\ThinkPHP\Common\functions.php 第 1263 行.
SQL: SHOW COLUMNS FROM `et_shop` [ RunTime:0.0032s ]
SQL: SELECT `shopid` FROM `et_shop` WHERE `phone` = 18633045435 LIMIT 1   [ RunTime:0.0004s ]

[ 2017-07-15T10:45:45+08:00 ] 110.249.130.170 /index.php/server/user/veri_mobile
INFO: [ app_init ] --START--
INFO: Run Behavior\BuildLiteBehavior [ RunTime:0.000018s ]
INFO: [ app_init ] --END-- [ RunTime:0.000363s ]
INFO: [ app_begin ] --START--
INFO: Run Behavior\ReadHtmlCacheBehavior [ RunTime:0.000603s ]
INFO: [ app_begin ] --END-- [ RunTime:0.000659s ]
NOTIC: [8] A session had already been started - ignoring session_start() D:\wm\ThinkPHP\Common\functions.php 第 1263 行.
SQL: SHOW COLUMNS FROM `et_shop` [ RunTime:0.0030s ]
SQL: SELECT `shopid` FROM `et_shop` WHERE `phone` = 18633045435 LIMIT 1   [ RunTime:0.0003s ]

[ 2017-07-15T10:46:23+08:00 ] 110.249.130.170 /index.php/server/user/register
INFO: [ app_init ] --START--
INFO: Run Behavior\BuildLiteBehavior [ RunTime:0.000024s ]
INFO: [ app_init ] --END-- [ RunTime:0.000436s ]
INFO: [ app_begin ] --START--
INFO: Run Behavior\ReadHtmlCacheBehavior [ RunTime:0.000538s ]
INFO: [ app_begin ] --END-- [ RunTime:0.000611s ]
NOTIC: [8] A session had already been started - ignoring session_start() D:\wm\ThinkPHP\Common\functions.php 第 1263 行.
SQL: SHOW COLUMNS FROM `et_shop` [ RunTime:0.0034s ]
SQL: SELECT `shopid` FROM `et_shop` WHERE `phone` = '18633045435' LIMIT 1   [ RunTime:0.0005s ]
SQL: INSERT INTO `et_shop` (`phone`,`password`,`flag`,`addtime`) VALUES ('18633045435','b5168c01b7a015aa1472e8283d9b05fe','1','2017-07-15 10:46:23') [ RunTime:0.2070s ]

[ 2017-07-15T10:58:34+08:00 ] 110.249.130.170 /index.php/server/user/login
INFO: [ app_init ] --START--
INFO: Run Behavior\BuildLiteBehavior [ RunTime:0.000017s ]
INFO: [ app_init ] --END-- [ RunTime:0.000362s ]
INFO: [ app_begin ] --START--
INFO: Run Behavior\ReadHtmlCacheBehavior [ RunTime:0.000637s ]
INFO: [ app_begin ] --END-- [ RunTime:0.000701s ]
NOTIC: [8] A session had already been started - ignoring session_start() D:\wm\ThinkPHP\Common\functions.php 第 1263 行.
SQL: SHOW COLUMNS FROM `et_user` [ RunTime:0.0029s ]
ERR: 1054:Unknown column 'shopid' in 'field list'
 [ SQL语句 ] : SELECT `shopid` FROM `et_user` WHERE `password` = 'b5168c01b7a015aa1472e8283d9b05fe' LIMIT 1  
ERR: 1054:Unknown column 'shopid' in 'field list'
 [ SQL语句 ] : SELECT `shopid` FROM `et_user` WHERE `password` = 'b5168c01b7a015aa1472e8283d9b05fe' LIMIT 1  

[ 2017-07-15T10:58:45+08:00 ] 110.249.130.170 /index.php/server/user/login
INFO: [ app_init ] --START--
INFO: Run Behavior\BuildLiteBehavior [ RunTime:0.000019s ]
INFO: [ app_init ] --END-- [ RunTime:0.000424s ]
INFO: [ app_begin ] --START--
INFO: Run Behavior\ReadHtmlCacheBehavior [ RunTime:0.000570s ]
INFO: [ app_begin ] --END-- [ RunTime:0.000633s ]
NOTIC: [8] A session had already been started - ignoring session_start() D:\wm\ThinkPHP\Common\functions.php 第 1263 行.
SQL: SHOW COLUMNS FROM `et_user` [ RunTime:0.0025s ]
ERR: 1054:Unknown column 'shopid' in 'field list'
 [ SQL语句 ] : SELECT `shopid` FROM `et_user` WHERE `password` = 'b5168c01b7a015aa1472e8283d9b05fe' LIMIT 1  
ERR: 1054:Unknown column 'shopid' in 'field list'
 [ SQL语句 ] : SELECT `shopid` FROM `et_user` WHERE `password` = 'b5168c01b7a015aa1472e8283d9b05fe' LIMIT 1  

[ 2017-07-15T11:21:49+08:00 ] 110.249.130.170 /index.php/server/user/login
INFO: [ app_init ] --START--
INFO: Run Behavior\BuildLiteBehavior [ RunTime:0.000024s ]
INFO: [ app_init ] --END-- [ RunTime:0.000477s ]
INFO: [ app_begin ] --START--
INFO: Run Behavior\ReadHtmlCacheBehavior [ RunTime:0.000711s ]
INFO: [ app_begin ] --END-- [ RunTime:0.000794s ]
NOTIC: [8] A session had already been started - ignoring session_start() D:\wm\ThinkPHP\Common\functions.php 第 1263 行.
SQL: SHOW COLUMNS FROM `et_user` [ RunTime:0.0019s ]
ERR: 1054:Unknown column 'shopid' in 'field list'
 [ SQL语句 ] : SELECT `shopid` FROM `et_user` WHERE `password` = 'b5168c01b7a015aa1472e8283d9b05fe' LIMIT 1  
ERR: 1054:Unknown column 'shopid' in 'field list'
 [ SQL语句 ] : SELECT `shopid` FROM `et_user` WHERE `password` = 'b5168c01b7a015aa1472e8283d9b05fe' LIMIT 1  

[ 2017-07-15T11:22:10+08:00 ] 110.249.130.170 /index.php/server/user/login
INFO: [ app_init ] --START--
INFO: Run Behavior\BuildLiteBehavior [ RunTime:0.000018s ]
INFO: [ app_init ] --END-- [ RunTime:0.000414s ]
INFO: [ app_begin ] --START--
INFO: Run Behavior\ReadHtmlCacheBehavior [ RunTime:0.000520s ]
INFO: [ app_begin ] --END-- [ RunTime:0.000583s ]
NOTIC: [8] A session had already been started - ignoring session_start() D:\wm\ThinkPHP\Common\functions.php 第 1263 行.
SQL: SHOW COLUMNS FROM `et_user` [ RunTime:0.0026s ]
ERR: 1054:Unknown column 'shopid' in 'field list'
 [ SQL语句 ] : SELECT `shopid` FROM `et_user` WHERE `password` = 'b5168c01b7a015aa1472e8283d9b05fe' LIMIT 1  
ERR: 1054:Unknown column 'shopid' in 'field list'
 [ SQL语句 ] : SELECT `shopid` FROM `et_user` WHERE `password` = 'b5168c01b7a015aa1472e8283d9b05fe' LIMIT 1  

[ 2017-07-15T11:22:46+08:00 ] 110.249.130.170 /index.php/server/user/login
INFO: [ app_init ] --START--
INFO: Run Behavior\BuildLiteBehavior [ RunTime:0.000019s ]
INFO: [ app_init ] --END-- [ RunTime:0.000360s ]
INFO: [ app_begin ] --START--
INFO: Run Behavior\ReadHtmlCacheBehavior [ RunTime:0.000601s ]
INFO: [ app_begin ] --END-- [ RunTime:0.000667s ]
NOTIC: [8] A session had already been started - ignoring session_start() D:\wm\ThinkPHP\Common\functions.php 第 1263 行.
SQL: SHOW COLUMNS FROM `et_user` [ RunTime:0.0035s ]
ERR: 1054:Unknown column 'shopid' in 'field list'
 [ SQL语句 ] : SELECT `shopid` FROM `et_user` WHERE `password` = 'b5168c01b7a015aa1472e8283d9b05fe' LIMIT 1  
ERR: 1054:Unknown column 'shopid' in 'field list'
 [ SQL语句 ] : SELECT `shopid` FROM `et_user` WHERE `password` = 'b5168c01b7a015aa1472e8283d9b05fe' LIMIT 1  

[ 2017-07-15T11:29:25+08:00 ] 110.249.130.170 /index.php/server/user/login
INFO: [ app_init ] --START--
INFO: Run Behavior\BuildLiteBehavior [ RunTime:0.000018s ]
INFO: [ app_init ] --END-- [ RunTime:0.000349s ]
INFO: [ app_begin ] --START--
INFO: Run Behavior\ReadHtmlCacheBehavior [ RunTime:0.000639s ]
INFO: [ app_begin ] --END-- [ RunTime:0.000698s ]
NOTIC: [8] A session had already been started - ignoring session_start() D:\wm\ThinkPHP\Common\functions.php 第 1263 行.
SQL: SHOW COLUMNS FROM `et_shop` [ RunTime:0.0031s ]
SQL: SELECT `shopid` FROM `et_shop` WHERE `phone` = '18633045435' AND `password` = 'b5168c01b7a015aa1472e8283d9b05fe' LIMIT 1   [ RunTime:0.0004s ]

[ 2017-07-15T11:53:16+08:00 ] 110.249.130.170 /index.php/server/user/login
INFO: [ app_init ] --START--
INFO: Run Behavior\BuildLiteBehavior [ RunTime:0.000018s ]
INFO: [ app_init ] --END-- [ RunTime:0.000344s ]
INFO: [ app_begin ] --START--
INFO: Run Behavior\ReadHtmlCacheBehavior [ RunTime:0.000535s ]
INFO: [ app_begin ] --END-- [ RunTime:0.000624s ]
NOTIC: [8] A session had already been started - ignoring session_start() D:\wm\ThinkPHP\Common\functions.php 第 1263 行.
SQL: SHOW COLUMNS FROM `et_shop` [ RunTime:0.0027s ]
SQL: SELECT `shopid` FROM `et_shop` WHERE `phone` = '18633045435' AND `password` = 'b5168c01b7a015aa1472e8283d9b05fe' LIMIT 1   [ RunTime:0.0003s ]

[ 2017-07-15T11:58:05+08:00 ] 110.249.130.170 /index.php/server/user/shopmesa
INFO: [ app_init ] --START--
INFO: Run Behavior\BuildLiteBehavior [ RunTime:0.000019s ]
INFO: [ app_init ] --END-- [ RunTime:0.000431s ]
INFO: [ app_begin ] --START--
INFO: Run Behavior\ReadHtmlCacheBehavior [ RunTime:0.000570s ]
INFO: [ app_begin ] --END-- [ RunTime:0.000632s ]
NOTIC: [8] A session had already been started - ignoring session_start() D:\wm\ThinkPHP\Common\functions.php 第 1263 行.
SQL: SHOW COLUMNS FROM `et_shopmessage` [ RunTime:0.0503s ]
SQL: SELECT `shophead`,`shopname`,`coordinate` FROM `et_shopmessage` WHERE `shopid` = 12 LIMIT 1   [ RunTime:0.0004s ]

[ 2017-07-15T11:58:21+08:00 ] 110.249.130.170 /index.php/server/user/shopmesa
INFO: [ app_init ] --START--
INFO: Run Behavior\BuildLiteBehavior [ RunTime:0.000031s ]
INFO: [ app_init ] --END-- [ RunTime:0.000430s ]
INFO: [ app_begin ] --START--
INFO: Run Behavior\ReadHtmlCacheBehavior [ RunTime:0.000762s ]
INFO: [ app_begin ] --END-- [ RunTime:0.000843s ]
NOTIC: [8] A session had already been started - ignoring session_start() D:\wm\ThinkPHP\Common\functions.php 第 1263 行.
SQL: SHOW COLUMNS FROM `et_shopmessage` [ RunTime:0.0026s ]
SQL: SELECT `shophead`,`shopname`,`coordinate` FROM `et_shopmessage` WHERE `shopid` = 12 LIMIT 1   [ RunTime:0.0004s ]

[ 2017-07-15T12:27:18+08:00 ] 110.249.130.170 /index.php/server/user/shopmesa
INFO: [ app_init ] --START--
INFO: Run Behavior\BuildLiteBehavior [ RunTime:0.000029s ]
INFO: [ app_init ] --END-- [ RunTime:0.000493s ]
INFO: [ app_begin ] --START--
INFO: Run Behavior\ReadHtmlCacheBehavior [ RunTime:0.000694s ]
INFO: [ app_begin ] --END-- [ RunTime:0.000762s ]
NOTIC: [8] A session had already been started - ignoring session_start() D:\wm\ThinkPHP\Common\functions.php 第 1263 行.
SQL: SHOW COLUMNS FROM `et_shopmessage` [ RunTime:0.0039s ]
SQL: SELECT `shophead`,`shopname`,`coordinate` FROM `et_shopmessage` WHERE `shopid` = 12 LIMIT 1   [ RunTime:0.0003s ]

[ 2017-07-15T12:27:27+08:00 ] 110.249.130.170 /index.php/server/user/shopmesa
INFO: [ app_init ] --START--
INFO: Run Behavior\BuildLiteBehavior [ RunTime:0.000027s ]
INFO: [ app_init ] --END-- [ RunTime:0.000526s ]
INFO: [ app_begin ] --START--
INFO: Run Behavior\ReadHtmlCacheBehavior [ RunTime:0.000676s ]
INFO: [ app_begin ] --END-- [ RunTime:0.000770s ]
NOTIC: [8] A session had already been started - ignoring session_start() D:\wm\ThinkPHP\Common\functions.php 第 1263 行.
SQL: SHOW COLUMNS FROM `et_shopmessage` [ RunTime:0.0305s ]
SQL: SELECT `shophead`,`shopname`,`coordinate` FROM `et_shopmessage` WHERE `shopid` = 12 LIMIT 1   [ RunTime:0.0003s ]

[ 2017-07-15T14:11:57+08:00 ] 110.249.130.170 /index.php/server/user/shopmesa
INFO: [ app_init ] --START--
INFO: Run Behavior\BuildLiteBehavior [ RunTime:0.000017s ]
INFO: [ app_init ] --END-- [ RunTime:0.000333s ]
INFO: [ app_begin ] --START--
INFO: Run Behavior\ReadHtmlCacheBehavior [ RunTime:0.000742s ]
INFO: [ app_begin ] --END-- [ RunTime:0.000799s ]
NOTIC: [8] A session had already been started - ignoring session_start() D:\wm\ThinkPHP\Common\functions.php 第 1263 行.
SQL: SHOW COLUMNS FROM `et_shopmessage` [ RunTime:0.0023s ]
SQL: SELECT `shophead`,`shopname`,`coordinate` FROM `et_shopmessage` WHERE `shopid` = 12 LIMIT 1   [ RunTime:0.0004s ]

[ 2017-07-15T14:12:11+08:00 ] 110.249.130.170 /index.php/server/user/shopmesa
INFO: [ app_init ] --START--
INFO: Run Behavior\BuildLiteBehavior [ RunTime:0.000027s ]
INFO: [ app_init ] --END-- [ RunTime:0.000421s ]
INFO: [ app_begin ] --START--
INFO: Run Behavior\ReadHtmlCacheBehavior [ RunTime:0.000862s ]
INFO: [ app_begin ] --END-- [ RunTime:0.000944s ]
NOTIC: [8] A session had already been started - ignoring session_start() D:\wm\ThinkPHP\Common\functions.php 第 1263 行.
SQL: SHOW COLUMNS FROM `et_shopmessage` [ RunTime:0.0030s ]
SQL: SELECT `shophead`,`shopname`,`coordinate` FROM `et_shopmessage` WHERE `shopid` = 12 LIMIT 1   [ RunTime:0.0003s ]

[ 2017-07-15T14:21:49+08:00 ] 101.226.33.201 /index.php/server
INFO: [ app_init ] --START--
INFO: Run Behavior\BuildLiteBehavior [ RunTime:0.000016s ]
INFO: [ app_init ] --END-- [ RunTime:0.000305s ]
INFO: [ app_begin ] --START--
INFO: Run Behavior\ReadHtmlCacheBehavior [ RunTime:0.000560s ]
INFO: [ app_begin ] --END-- [ RunTime:0.000621s ]
NOTIC: [8] A session had already been started - ignoring session_start() D:\wm\ThinkPHP\Common\functions.php 第 1263 行.
ERR: 无法加载控制器:Index

[ 2017-07-15T14:30:27+08:00 ] 101.226.65.108 /index.php/server
INFO: [ app_init ] --START--
INFO: Run Behavior\BuildLiteBehavior [ RunTime:0.000024s ]
INFO: [ app_init ] --END-- [ RunTime:0.000436s ]
INFO: [ app_begin ] --START--
INFO: Run Behavior\ReadHtmlCacheBehavior [ RunTime:0.000594s ]
INFO: [ app_begin ] --END-- [ RunTime:0.000658s ]
NOTIC: [8] A session had already been started - ignoring session_start() D:\wm\ThinkPHP\Common\functions.php 第 1263 行.
ERR: 无法加载控制器:Index

[ 2017-07-15T14:54:38+08:00 ] 123.182.240.6 /index.php/server/user/shopmesa
INFO: [ app_init ] --START--
INFO: Run Behavior\BuildLiteBehavior [ RunTime:0.000022s ]
INFO: [ app_init ] --END-- [ RunTime:0.000392s ]
INFO: [ app_begin ] --START--
INFO: Run Behavior\ReadHtmlCacheBehavior [ RunTime:0.000504s ]
INFO: [ app_begin ] --END-- [ RunTime:0.000584s ]
NOTIC: [8] A session had already been started - ignoring session_start() D:\wm\ThinkPHP\Common\functions.php 第 1263 行.
SQL: SHOW COLUMNS FROM `et_shopmessage` [ RunTime:0.0030s ]
SQL: SELECT `shophead`,`shopname`,`coordinate` FROM `et_shopmessage` WHERE `shopid` = 12 LIMIT 1   [ RunTime:0.0003s ]

[ 2017-07-15T14:59:08+08:00 ] 110.249.130.170 /index.php/server/user/shopmesa
INFO: [ app_init ] --START--
INFO: Run Behavior\BuildLiteBehavior [ RunTime:0.000027s ]
INFO: [ app_init ] --END-- [ RunTime:0.000485s ]
INFO: [ app_begin ] --START--
INFO: Run Behavior\ReadHtmlCacheBehavior [ RunTime:0.000865s ]
INFO: [ app_begin ] --END-- [ RunTime:0.000956s ]
NOTIC: [8] A session had already been started - ignoring session_start() D:\wm\ThinkPHP\Common\functions.php 第 1263 行.
SQL: SHOW COLUMNS FROM `et_shopmessage` [ RunTime:0.0070s ]
SQL: SELECT `shophead`,`shopname`,`coordinate` FROM `et_shopmessage` WHERE `shopid` = 12 LIMIT 1   [ RunTime:0.0009s ]

[ 2017-07-15T14:59:14+08:00 ] 110.249.130.170 /index.php/server/user/shopmesa
INFO: [ app_init ] --START--
INFO: Run Behavior\BuildLiteBehavior [ RunTime:0.000018s ]
INFO: [ app_init ] --END-- [ RunTime:0.000359s ]
INFO: [ app_begin ] --START--
INFO: Run Behavior\ReadHtmlCacheBehavior [ RunTime:0.000632s ]
INFO: [ app_begin ] --END-- [ RunTime:0.000694s ]
NOTIC: [8] A session had already been started - ignoring session_start() D:\wm\ThinkPHP\Common\functions.php 第 1263 行.
SQL: SHOW COLUMNS FROM `et_shopmessage` [ RunTime:0.0663s ]
SQL: SELECT `shophead`,`shopname`,`coordinate` FROM `et_shopmessage` WHERE `shopid` = 12 LIMIT 1   [ RunTime:0.0004s ]

[ 2017-07-15T15:06:11+08:00 ] 110.249.130.170 /index.php/server/user/shopmesa
INFO: [ app_init ] --START--
INFO: Run Behavior\BuildLiteBehavior [ RunTime:0.000022s ]
INFO: [ app_init ] --END-- [ RunTime:0.003145s ]
INFO: [ app_begin ] --START--
INFO: Run Behavior\ReadHtmlCacheBehavior [ RunTime:0.002707s ]
INFO: [ app_begin ] --END-- [ RunTime:0.002797s ]
NOTIC: [8] A session had already been started - ignoring session_start() D:\wm\ThinkPHP\Common\functions.php 第 1263 行.
SQL: SHOW COLUMNS FROM `et_shopmessage` [ RunTime:0.0020s ]
SQL: SELECT `shophead`,`shopname`,`coordinate` FROM `et_shopmessage` WHERE `shopid` = 12 LIMIT 1   [ RunTime:0.0003s ]

[ 2017-07-15T15:06:17+08:00 ] 110.249.130.170 /index.php/server/user/shopmesa
INFO: [ app_init ] --START--
INFO: Run Behavior\BuildLiteBehavior [ RunTime:0.000025s ]
INFO: [ app_init ] --END-- [ RunTime:0.000402s ]
INFO: [ app_begin ] --START--
INFO: Run Behavior\ReadHtmlCacheBehavior [ RunTime:0.000510s ]
INFO: [ app_begin ] --END-- [ RunTime:0.000569s ]
NOTIC: [8] A session had already been started - ignoring session_start() D:\wm\ThinkPHP\Common\functions.php 第 1263 行.
SQL: SHOW COLUMNS FROM `et_shopmessage` [ RunTime:0.0034s ]
SQL: SELECT `shophead`,`shopname`,`coordinate` FROM `et_shopmessage` WHERE `shopid` = 12 LIMIT 1   [ RunTime:0.0005s ]

[ 2017-07-15T15:08:46+08:00 ] 124.239.137.25 /index.php/server/user/shopmesa
INFO: [ app_init ] --START--
INFO: Run Behavior\BuildLiteBehavior [ RunTime:0.000029s ]
INFO: [ app_init ] --END-- [ RunTime:0.000466s ]
INFO: [ app_begin ] --START--
INFO: Run Behavior\ReadHtmlCacheBehavior [ RunTime:0.000558s ]
INFO: [ app_begin ] --END-- [ RunTime:0.000619s ]
NOTIC: [8] A session had already been started - ignoring session_start() D:\wm\ThinkPHP\Common\functions.php 第 1263 行.
SQL: SHOW COLUMNS FROM `et_shopmessage` [ RunTime:0.0349s ]
SQL: SELECT `shophead`,`shopname`,`coordinate` FROM `et_shopmessage` WHERE `shopid` = 12 LIMIT 1   [ RunTime:0.0003s ]

[ 2017-07-15T15:10:21+08:00 ] 110.249.130.170 /index.php/server/user/shopmesa
INFO: [ app_init ] --START--
INFO: Run Behavior\BuildLiteBehavior [ RunTime:0.000016s ]
INFO: [ app_init ] --END-- [ RunTime:0.000348s ]
INFO: [ app_begin ] --START--
INFO: Run Behavior\ReadHtmlCacheBehavior [ RunTime:0.000658s ]
INFO: [ app_begin ] --END-- [ RunTime:0.000721s ]
NOTIC: [8] A session had already been started - ignoring session_start() D:\wm\ThinkPHP\Common\functions.php 第 1263 行.
SQL: SHOW COLUMNS FROM `et_shopmessage` [ RunTime:0.0184s ]
SQL: SELECT `shophead`,`shopname`,`coordinate` FROM `et_shopmessage` WHERE `shopid` = 12 LIMIT 1   [ RunTime:0.0005s ]

[ 2017-07-15T15:10:23+08:00 ] 110.249.130.170 /index.php/server/user/shopmesa
INFO: [ app_init ] --START--
INFO: Run Behavior\BuildLiteBehavior [ RunTime:0.000024s ]
INFO: [ app_init ] --END-- [ RunTime:0.000503s ]
INFO: [ app_begin ] --START--
INFO: Run Behavior\ReadHtmlCacheBehavior [ RunTime:0.000521s ]
INFO: [ app_begin ] --END-- [ RunTime:0.000580s ]
NOTIC: [8] A session had already been started - ignoring session_start() D:\wm\ThinkPHP\Common\functions.php 第 1263 行.
SQL: SHOW COLUMNS FROM `et_shopmessage` [ RunTime:0.0026s ]
SQL: SELECT `shophead`,`shopname`,`coordinate` FROM `et_shopmessage` WHERE `shopid` = 12 LIMIT 1   [ RunTime:0.0002s ]

[ 2017-07-15T15:12:29+08:00 ] 110.249.130.170 /index.php/server/user/shopmesa
INFO: [ app_init ] --START--
INFO: Run Behavior\BuildLiteBehavior [ RunTime:0.000016s ]
INFO: [ app_init ] --END-- [ RunTime:0.000325s ]
INFO: [ app_begin ] --START--
INFO: Run Behavior\ReadHtmlCacheBehavior [ RunTime:0.000574s ]
INFO: [ app_begin ] --END-- [ RunTime:0.000629s ]
NOTIC: [8] A session had already been started - ignoring session_start() D:\wm\ThinkPHP\Common\functions.php 第 1263 行.
SQL: SHOW COLUMNS FROM `et_shopmessage` [ RunTime:0.0313s ]
SQL: SELECT `shophead`,`shopname`,`coordinate` FROM `et_shopmessage` WHERE `shopid` = 12 LIMIT 1   [ RunTime:0.0004s ]

[ 2017-07-15T15:18:01+08:00 ] 110.249.130.170 /index.php/server/user/shopmesa
INFO: [ app_init ] --START--
INFO: Run Behavior\BuildLiteBehavior [ RunTime:0.000018s ]
INFO: [ app_init ] --END-- [ RunTime:0.000563s ]
INFO: [ app_begin ] --START--
INFO: Run Behavior\ReadHtmlCacheBehavior [ RunTime:0.000610s ]
INFO: [ app_begin ] --END-- [ RunTime:0.000670s ]
NOTIC: [8] A session had already been started - ignoring session_start() D:\wm\ThinkPHP\Common\functions.php 第 1263 行.
SQL: SHOW COLUMNS FROM `et_shopmessage` [ RunTime:0.0049s ]
SQL: SELECT `shophead`,`shopname`,`coordinate` FROM `et_shopmessage` WHERE `shopid` = 12 LIMIT 1   [ RunTime:0.0005s ]

[ 2017-07-15T15:18:04+08:00 ] 110.249.130.170 /index.php/server/user/shopmesa
INFO: [ app_init ] --START--
INFO: Run Behavior\BuildLiteBehavior [ RunTime:0.000017s ]
INFO: [ app_init ] --END-- [ RunTime:0.000350s ]
INFO: [ app_begin ] --START--
INFO: Run Behavior\ReadHtmlCacheBehavior [ RunTime:0.000583s ]
INFO: [ app_begin ] --END-- [ RunTime:0.000653s ]
NOTIC: [8] A session had already been started - ignoring session_start() D:\wm\ThinkPHP\Common\functions.php 第 1263 行.
SQL: SHOW COLUMNS FROM `et_shopmessage` [ RunTime:0.0027s ]
SQL: SELECT `shophead`,`shopname`,`coordinate` FROM `et_shopmessage` WHERE `shopid` = 12 LIMIT 1   [ RunTime:0.0004s ]

[ 2017-07-15T15:36:44+08:00 ] 110.249.130.170 /index.php/server/user/shopmesa
INFO: [ app_init ] --START--
INFO: Run Behavior\BuildLiteBehavior [ RunTime:0.000019s ]
INFO: [ app_init ] --END-- [ RunTime:0.000359s ]
INFO: [ app_begin ] --START--
INFO: Run Behavior\ReadHtmlCacheBehavior [ RunTime:0.000636s ]
INFO: [ app_begin ] --END-- [ RunTime:0.000705s ]
NOTIC: [8] A session had already been started - ignoring session_start() D:\wm\ThinkPHP\Common\functions.php 第 1263 行.
SQL: SHOW COLUMNS FROM `et_shopmessage` [ RunTime:0.0320s ]
SQL: SELECT `shophead`,`shopname`,`coordinate` FROM `et_shopmessage` WHERE `shopid` = 12 LIMIT 1   [ RunTime:0.0003s ]

[ 2017-07-15T15:36:47+08:00 ] 110.249.130.170 /index.php/server/user/shopmesa
INFO: [ app_init ] --START--
INFO: Run Behavior\BuildLiteBehavior [ RunTime:0.000022s ]
INFO: [ app_init ] --END-- [ RunTime:0.000563s ]
INFO: [ app_begin ] --START--
INFO: Run Behavior\ReadHtmlCacheBehavior [ RunTime:0.000573s ]
INFO: [ app_begin ] --END-- [ RunTime:0.000633s ]
NOTIC: [8] A session had already been started - ignoring session_start() D:\wm\ThinkPHP\Common\functions.php 第 1263 行.
SQL: SHOW COLUMNS FROM `et_shopmessage` [ RunTime:0.0038s ]
SQL: SELECT `shophead`,`shopname`,`coordinate` FROM `et_shopmessage` WHERE `shopid` = 12 LIMIT 1   [ RunTime:0.0004s ]

[ 2017-07-15T18:16:01+08:00 ] 163.177.90.152 /index.php/server/user/shopmesa
INFO: [ app_init ] --START--
INFO: Run Behavior\BuildLiteBehavior [ RunTime:0.000033s ]
INFO: [ app_init ] --END-- [ RunTime:0.002767s ]
INFO: [ app_begin ] --START--
INFO: Run Behavior\ReadHtmlCacheBehavior [ RunTime:0.002711s ]
INFO: [ app_begin ] --END-- [ RunTime:0.002836s ]
NOTIC: [8] A session had already been started - ignoring session_start() D:\wm\ThinkPHP\Common\functions.php 第 1263 行.
INFO: [ app_end ] --START--
INFO: Run Behavior\ShowPageTraceBehavior [ RunTime:0.016654s ]
INFO: [ app_end ] --END-- [ RunTime:0.016751s ]

