[ 2017-06-28T09:43:15+08:00 ] 192.168.0.115 /index.php/server/user/editstate
INFO: [ app_init ] --START--
INFO: Run Behavior\BuildLiteBehavior [ RunTime:0.000000s ]
INFO: [ app_init ] --END-- [ RunTime:0.001000s ]
INFO: [ app_begin ] --START--
INFO: Run Behavior\ReadHtmlCacheBehavior [ RunTime:0.001000s ]
INFO: [ app_begin ] --END-- [ RunTime:0.001000s ]
NOTIC: [8] Undefined index: token D:\phpStudy\WWW\tp\Application\Server\Controller\UserController.class.php 第 350 行.
SQL: SHOW COLUMNS FROM `et_shopmessage` [ RunTime:0.0060s ]
SQL: UPDATE `et_shopmessage` SET `state`='2' WHERE `shopid` = 1 [ RunTime:0.0680s ]

[ 2017-06-28T09:43:31+08:00 ] 192.168.0.115 /index.php/server/user/editstate
INFO: [ app_init ] --START--
INFO: Run Behavior\BuildLiteBehavior [ RunTime:0.000000s ]
INFO: [ app_init ] --END-- [ RunTime:0.000000s ]
INFO: [ app_begin ] --START--
INFO: Run Behavior\ReadHtmlCacheBehavior [ RunTime:0.001000s ]
INFO: [ app_begin ] --END-- [ RunTime:0.001000s ]
NOTIC: [8] Undefined index: token D:\phpStudy\WWW\tp\Application\Server\Controller\UserController.class.php 第 350 行.
SQL: SHOW COLUMNS FROM `et_shopmessage` [ RunTime:0.0030s ]
SQL: UPDATE `et_shopmessage` SET `state`='1' WHERE `shopid` = 1 [ RunTime:0.0680s ]

[ 2017-06-28T10:17:57+08:00 ] 192.168.0.115 /index.php/server/user/addrenzheng
INFO: [ app_init ] --START--
INFO: Run Behavior\BuildLiteBehavior [ RunTime:0.001000s ]
INFO: [ app_init ] --END-- [ RunTime:0.001000s ]
INFO: [ app_begin ] --START--
INFO: Run Behavior\ReadHtmlCacheBehavior [ RunTime:0.002000s ]
INFO: [ app_begin ] --END-- [ RunTime:0.002000s ]
NOTIC: [8] Undefined index: token D:\phpStudy\WWW\tp\Application\Server\Controller\UserController.class.php 第 377 行.
SQL: SHOW COLUMNS FROM `et_shopmessage` [ RunTime:0.0040s ]
SQL: INSERT INTO `et_shopmessage` (`shopname`,`mobile`,`coordinate`,`addtime`) VALUES ('dasdfafd','134132141','12312,1231213','2017-06-28 10:17:57') [ RunTime:0.0360s ]

[ 2017-06-28T10:18:56+08:00 ] 192.168.0.115 /index.php/server/user/addrenzheng
INFO: [ app_init ] --START--
INFO: Run Behavior\BuildLiteBehavior [ RunTime:0.000000s ]
INFO: [ app_init ] --END-- [ RunTime:0.000000s ]
INFO: [ app_begin ] --START--
INFO: Run Behavior\ReadHtmlCacheBehavior [ RunTime:0.001000s ]
INFO: [ app_begin ] --END-- [ RunTime:0.001000s ]
NOTIC: [8] Undefined index: token D:\phpStudy\WWW\tp\Application\Server\Controller\UserController.class.php 第 377 行.
SQL: SHOW COLUMNS FROM `et_shopmessage` [ RunTime:0.0050s ]
SQL: INSERT INTO `et_shopmessage` (`shopid`,`shopname`,`mobile`,`coordinate`,`addtime`) VALUES ('1','dasdfafd','134132141','12312,1231213','2017-06-28 10:18:56') [ RunTime:0.0930s ]

[ 2017-06-28T10:40:29+08:00 ] 192.168.0.115 /index.php/server/order/yorderlist
INFO: [ app_init ] --START--
INFO: Run Behavior\BuildLiteBehavior [ RunTime:0.000000s ]
INFO: [ app_init ] --END-- [ RunTime:0.002000s ]
INFO: [ app_begin ] --START--
INFO: Run Behavior\ReadHtmlCacheBehavior [ RunTime:0.000000s ]
INFO: [ app_begin ] --END-- [ RunTime:0.000000s ]
NOTIC: [8] Undefined index: token D:\phpStudy\WWW\tp\Application\Server\Controller\OrderController.class.php 第 51 行.
SQL: SHOW COLUMNS FROM `et_orders` [ RunTime:0.0030s ]
SQL: SELECT * FROM `et_orders` WHERE `state` IN ('3','4','5') AND `shopid` = 1 ORDER BY addtime desc LIMIT 0,8   [ RunTime:0.0010s ]
SQL: SHOW COLUMNS FROM `et_ordergoods` [ RunTime:0.0640s ]
SQL: SELECT * FROM `et_ordergoods` WHERE `orderid` = '157331163181498199068'  [ RunTime:0.0000s ]
SQL: SHOW COLUMNS FROM `et_shopgoods` [ RunTime:0.0120s ]
SQL: SELECT `goodsname`,`goodsprice` FROM `et_shopgoods` WHERE `goodsid` = 1 LIMIT 1   [ RunTime:0.0000s ]
SQL: SELECT `goodsname`,`goodsprice` FROM `et_shopgoods` WHERE `goodsid` = 2 LIMIT 1   [ RunTime:0.0010s ]
SQL: SELECT * FROM `et_ordergoods` WHERE `orderid` = '157331163181498198936'  [ RunTime:0.0000s ]
SQL: SELECT `goodsname`,`goodsprice` FROM `et_shopgoods` WHERE `goodsid` = 1 LIMIT 1   [ RunTime:0.0000s ]
SQL: SELECT `goodsname`,`goodsprice` FROM `et_shopgoods` WHERE `goodsid` = 2 LIMIT 1   [ RunTime:0.0000s ]
SQL: SELECT `goodsname`,`goodsprice` FROM `et_shopgoods` WHERE `goodsid` = 3 LIMIT 1   [ RunTime:0.0000s ]

[ 2017-06-28T11:09:15+08:00 ] 192.168.0.115 /index.php/server/order/addorder
INFO: [ app_init ] --START--
INFO: Run Behavior\BuildLiteBehavior [ RunTime:0.000000s ]
INFO: [ app_init ] --END-- [ RunTime:0.001000s ]
INFO: [ app_begin ] --START--
INFO: Run Behavior\ReadHtmlCacheBehavior [ RunTime:0.001000s ]
INFO: [ app_begin ] --END-- [ RunTime:0.001000s ]
ERR: 非法操作:addorder

[ 2017-06-28T11:30:01+08:00 ] 192.168.0.115 /index.php/server/order/mingxi
INFO: [ app_init ] --START--
INFO: Run Behavior\BuildLiteBehavior [ RunTime:0.000000s ]
INFO: [ app_init ] --END-- [ RunTime:0.001000s ]
INFO: [ app_begin ] --START--
INFO: Run Behavior\ReadHtmlCacheBehavior [ RunTime:0.000000s ]
INFO: [ app_begin ] --END-- [ RunTime:0.000000s ]
NOTIC: [8] Undefined index: token D:\phpStudy\WWW\tp\Application\Server\Controller\OrderController.class.php 第 86 行.
SQL: SHOW COLUMNS FROM `et_mingxi` [ RunTime:0.0040s ]
SQL: SELECT * FROM `et_mingxi` WHERE `shopid` = 1 ORDER BY addtime desc LIMIT 0,8   [ RunTime:0.0010s ]

[ 2017-06-28T11:40:45+08:00 ] 192.168.0.115 /index.php/server/order/mingxi
INFO: [ app_init ] --START--
INFO: Run Behavior\BuildLiteBehavior [ RunTime:0.000000s ]
INFO: [ app_init ] --END-- [ RunTime:0.001000s ]
INFO: [ app_begin ] --START--
INFO: Run Behavior\ReadHtmlCacheBehavior [ RunTime:0.001000s ]
INFO: [ app_begin ] --END-- [ RunTime:0.001000s ]
NOTIC: [8] Undefined index: token D:\phpStudy\WWW\tp\Application\Server\Controller\OrderController.class.php 第 86 行.
SQL: SHOW COLUMNS FROM `et_mingxi` [ RunTime:0.0030s ]
SQL: SELECT * FROM `et_mingxi` WHERE `shopid` = 1 ORDER BY addtime desc LIMIT 0,8   [ RunTime:0.0000s ]

[ 2017-06-28T11:42:39+08:00 ] 192.168.0.115 /index.php/server/order/deletemingxi
INFO: [ app_init ] --START--
INFO: Run Behavior\BuildLiteBehavior [ RunTime:0.000000s ]
INFO: [ app_init ] --END-- [ RunTime:0.001000s ]
INFO: [ app_begin ] --START--
INFO: Run Behavior\ReadHtmlCacheBehavior [ RunTime:0.000000s ]
INFO: [ app_begin ] --END-- [ RunTime:0.000000s ]
NOTIC: [8] Undefined index: token D:\phpStudy\WWW\tp\Application\Server\Controller\OrderController.class.php 第 107 行.
NOTIC: [8] Undefined variable: shopid D:\phpStudy\WWW\tp\Application\Server\Controller\OrderController.class.php 第 108 行.
SQL: SHOW COLUMNS FROM `et_mingxi` [ RunTime:0.0030s ]
ERR: Think\Model:delte方法不存在！

[ 2017-06-28T11:42:55+08:00 ] 192.168.0.115 /index.php/server/order/deletemingxi
INFO: [ app_init ] --START--
INFO: Run Behavior\BuildLiteBehavior [ RunTime:0.000000s ]
INFO: [ app_init ] --END-- [ RunTime:0.001000s ]
INFO: [ app_begin ] --START--
INFO: Run Behavior\ReadHtmlCacheBehavior [ RunTime:0.001000s ]
INFO: [ app_begin ] --END-- [ RunTime:0.001000s ]
NOTIC: [8] Undefined index: token D:\phpStudy\WWW\tp\Application\Server\Controller\OrderController.class.php 第 107 行.
NOTIC: [8] Undefined variable: shopid D:\phpStudy\WWW\tp\Application\Server\Controller\OrderController.class.php 第 108 行.
SQL: SHOW COLUMNS FROM `et_mingxi` [ RunTime:0.0040s ]
SQL: DELETE FROM `et_mingxi` WHERE `id` IN ('1','2','3') [ RunTime:0.0980s ]

[ 2017-06-28T11:52:35+08:00 ] 192.168.0.115 /index.php/server/order/todaymingxi
INFO: [ app_init ] --START--
INFO: Run Behavior\BuildLiteBehavior [ RunTime:0.000000s ]
INFO: [ app_init ] --END-- [ RunTime:0.001000s ]
INFO: [ app_begin ] --START--
INFO: Run Behavior\ReadHtmlCacheBehavior [ RunTime:0.001001s ]
INFO: [ app_begin ] --END-- [ RunTime:0.001001s ]
INFO: [ app_end ] --START--
INFO: Run Behavior\ShowPageTraceBehavior [ RunTime:0.000000s ]
INFO: [ app_end ] --END-- [ RunTime:0.000000s ]

[ 2017-06-28T11:53:04+08:00 ] 192.168.0.115 /index.php/server/order/todaymingxi
INFO: [ app_init ] --START--
INFO: Run Behavior\BuildLiteBehavior [ RunTime:0.000000s ]
INFO: [ app_init ] --END-- [ RunTime:0.000000s ]
INFO: [ app_begin ] --START--
INFO: Run Behavior\ReadHtmlCacheBehavior [ RunTime:0.001000s ]
INFO: [ app_begin ] --END-- [ RunTime:0.001000s ]
NOTIC: [8] Undefined index: shopid D:\phpStudy\WWW\tp\Application\Server\Controller\OrderController.class.php 第 127 行.

[ 2017-06-28T11:53:28+08:00 ] 192.168.0.115 /index.php/server/order/todaymingxi
INFO: [ app_init ] --START--
INFO: Run Behavior\BuildLiteBehavior [ RunTime:0.000000s ]
INFO: [ app_init ] --END-- [ RunTime:0.001000s ]
INFO: [ app_begin ] --START--
INFO: Run Behavior\ReadHtmlCacheBehavior [ RunTime:0.001000s ]
INFO: [ app_begin ] --END-- [ RunTime:0.001000s ]
NOTIC: [8] Undefined index: shopid D:\phpStudy\WWW\tp\Application\Server\Controller\OrderController.class.php 第 127 行.

[ 2017-06-28T11:53:41+08:00 ] 192.168.0.115 /index.php/server/order/todaymingxi
INFO: [ app_init ] --START--
INFO: Run Behavior\BuildLiteBehavior [ RunTime:0.001000s ]
INFO: [ app_init ] --END-- [ RunTime:0.001000s ]
INFO: [ app_begin ] --START--
INFO: Run Behavior\ReadHtmlCacheBehavior [ RunTime:0.001000s ]
INFO: [ app_begin ] --END-- [ RunTime:0.001000s ]
NOTIC: [8] Undefined index: shopid D:\phpStudy\WWW\tp\Application\Server\Controller\OrderController.class.php 第 127 行.

[ 2017-06-28T11:55:00+08:00 ] 192.168.0.115 /index.php/server/order/todaymingxi
INFO: [ app_init ] --START--
INFO: Run Behavior\BuildLiteBehavior [ RunTime:0.000000s ]
INFO: [ app_init ] --END-- [ RunTime:0.001000s ]
INFO: [ app_begin ] --START--
INFO: Run Behavior\ReadHtmlCacheBehavior [ RunTime:0.001000s ]
INFO: [ app_begin ] --END-- [ RunTime:0.001000s ]
NOTIC: [8] Undefined index: shopid D:\phpStudy\WWW\tp\Application\Server\Controller\OrderController.class.php 第 127 行.

[ 2017-06-28T11:55:58+08:00 ] 192.168.0.115 /index.php/server/order/todaymingxi
INFO: [ app_init ] --START--
INFO: Run Behavior\BuildLiteBehavior [ RunTime:0.000000s ]
INFO: [ app_init ] --END-- [ RunTime:0.000000s ]
INFO: [ app_begin ] --START--
INFO: Run Behavior\ReadHtmlCacheBehavior [ RunTime:0.001000s ]
INFO: [ app_begin ] --END-- [ RunTime:0.001000s ]
NOTIC: [8] Undefined index: shopid D:\phpStudy\WWW\tp\Application\Server\Controller\OrderController.class.php 第 127 行.

[ 2017-06-28T12:00:56+08:00 ] 192.168.0.115 /index.php/server/order/todaymingxi
INFO: [ app_init ] --START--
INFO: Run Behavior\BuildLiteBehavior [ RunTime:0.000000s ]
INFO: [ app_init ] --END-- [ RunTime:0.001000s ]
INFO: [ app_begin ] --START--
INFO: Run Behavior\ReadHtmlCacheBehavior [ RunTime:0.001000s ]
INFO: [ app_begin ] --END-- [ RunTime:0.001000s ]
NOTIC: [8] Undefined index: shopid D:\phpStudy\WWW\tp\Application\Server\Controller\OrderController.class.php 第 127 行.
NOTIC: [8] Undefined index: token D:\phpStudy\WWW\tp\Application\Server\Controller\OrderController.class.php 第 130 行.
SQL: SHOW COLUMNS FROM `et_mingxi` [ RunTime:0.0040s ]
ERR: 1064:You have an error in your SQL syntax; check the manual that corresponds to your MySQL server version for the right syntax to use near 'between ) AND (  1498579200,1498622456 )' at line 1
 [ SQL语句 ] : SELECT * FROM `et_mingxi` WHERE (  between ) AND (  1498579200,1498622456 ) 
ERR: 1064:You have an error in your SQL syntax; check the manual that corresponds to your MySQL server version for the right syntax to use near 'between ) AND (  1498579200,1498622456 )' at line 1
 [ SQL语句 ] : SELECT * FROM `et_mingxi` WHERE (  between ) AND (  1498579200,1498622456 ) 

[ 2017-06-28T12:02:49+08:00 ] 192.168.0.115 /index.php/server/order/todaymingxi
INFO: [ app_init ] --START--
INFO: Run Behavior\BuildLiteBehavior [ RunTime:0.000000s ]
INFO: [ app_init ] --END-- [ RunTime:0.001000s ]
INFO: [ app_begin ] --START--
INFO: Run Behavior\ReadHtmlCacheBehavior [ RunTime:0.001000s ]
INFO: [ app_begin ] --END-- [ RunTime:0.001000s ]
NOTIC: [8] Undefined index: shopid D:\phpStudy\WWW\tp\Application\Server\Controller\OrderController.class.php 第 127 行.
NOTIC: [8] Undefined index: token D:\phpStudy\WWW\tp\Application\Server\Controller\OrderController.class.php 第 130 行.
SQL: SHOW COLUMNS FROM `et_mingxi` [ RunTime:0.0040s ]
ERR: 1064:You have an error in your SQL syntax; check the manual that corresponds to your MySQL server version for the right syntax to use near 'between ) AND (  1498579200,1498622569 ) )' at line 1
 [ SQL语句 ] : SELECT * FROM `et_mingxi` WHERE (  addtime ) AND (  (  between ) AND (  1498579200,1498622569 ) ) 
ERR: 1064:You have an error in your SQL syntax; check the manual that corresponds to your MySQL server version for the right syntax to use near 'between ) AND (  1498579200,1498622569 ) )' at line 1
 [ SQL语句 ] : SELECT * FROM `et_mingxi` WHERE (  addtime ) AND (  (  between ) AND (  1498579200,1498622569 ) ) 

[ 2017-06-28T12:02:54+08:00 ] 192.168.0.115 /index.php/server/order/todaymingxi
INFO: [ app_init ] --START--
INFO: Run Behavior\BuildLiteBehavior [ RunTime:0.000000s ]
INFO: [ app_init ] --END-- [ RunTime:0.000000s ]
INFO: [ app_begin ] --START--
INFO: Run Behavior\ReadHtmlCacheBehavior [ RunTime:0.001000s ]
INFO: [ app_begin ] --END-- [ RunTime:0.001000s ]
NOTIC: [8] Undefined index: shopid D:\phpStudy\WWW\tp\Application\Server\Controller\OrderController.class.php 第 127 行.
NOTIC: [8] Undefined index: token D:\phpStudy\WWW\tp\Application\Server\Controller\OrderController.class.php 第 130 行.
SQL: SHOW COLUMNS FROM `et_mingxi` [ RunTime:0.0040s ]
ERR: 1064:You have an error in your SQL syntax; check the manual that corresponds to your MySQL server version for the right syntax to use near 'between ) AND (  1498579200,1498622574 ) )' at line 1
 [ SQL语句 ] : SELECT * FROM `et_mingxi` WHERE (  addtime ) AND (  (  between ) AND (  1498579200,1498622574 ) ) 
ERR: 1064:You have an error in your SQL syntax; check the manual that corresponds to your MySQL server version for the right syntax to use near 'between ) AND (  1498579200,1498622574 ) )' at line 1
 [ SQL语句 ] : SELECT * FROM `et_mingxi` WHERE (  addtime ) AND (  (  between ) AND (  1498579200,1498622574 ) ) 

[ 2017-06-28T12:08:38+08:00 ] 192.168.0.115 /index.php/server/order/todaymingxi
INFO: [ app_init ] --START--
INFO: Run Behavior\BuildLiteBehavior [ RunTime:0.000000s ]
INFO: [ app_init ] --END-- [ RunTime:0.000000s ]
INFO: [ app_begin ] --START--
INFO: Run Behavior\ReadHtmlCacheBehavior [ RunTime:0.001000s ]
INFO: [ app_begin ] --END-- [ RunTime:0.001000s ]
NOTIC: [8] Undefined index: shopid D:\phpStudy\WWW\tp\Application\Server\Controller\OrderController.class.php 第 127 行.
NOTIC: [8] Undefined index: token D:\phpStudy\WWW\tp\Application\Server\Controller\OrderController.class.php 第 130 行.
NOTIC: [2] Cannot use a scalar value as an array D:\phpStudy\WWW\tp\Application\Server\Controller\OrderController.class.php 第 135 行.
SQL: SHOW COLUMNS FROM `et_mingxi` [ RunTime:0.0030s ]
NOTIC: [2] Invalid argument supplied for foreach() D:\phpStudy\WWW\tp\ThinkPHP\Library\Think\Db\Driver.class.php 第 504 行.
SQL: SELECT * FROM `et_mingxi`  [ RunTime:0.0000s ]

[ 2017-06-28T12:09:08+08:00 ] 192.168.0.115 /index.php/server/order/todaymingxi
INFO: [ app_init ] --START--
INFO: Run Behavior\BuildLiteBehavior [ RunTime:0.000000s ]
INFO: [ app_init ] --END-- [ RunTime:0.000000s ]
INFO: [ app_begin ] --START--
INFO: Run Behavior\ReadHtmlCacheBehavior [ RunTime:0.001000s ]
INFO: [ app_begin ] --END-- [ RunTime:0.001000s ]
NOTIC: [8] Undefined index: shopid D:\phpStudy\WWW\tp\Application\Server\Controller\OrderController.class.php 第 127 行.
NOTIC: [8] Undefined index: token D:\phpStudy\WWW\tp\Application\Server\Controller\OrderController.class.php 第 130 行.
SQL: SHOW COLUMNS FROM `et_mingxi` [ RunTime:0.0050s ]
SQL: SELECT * FROM `et_mingxi` WHERE `addtime` BETWEEN '1498579200' AND '1498622948'  [ RunTime:0.0340s ]

[ 2017-06-28T12:09:13+08:00 ] 192.168.0.115 /index.php/server/order/todaymingxi
INFO: [ app_init ] --START--
INFO: Run Behavior\BuildLiteBehavior [ RunTime:0.000000s ]
INFO: [ app_init ] --END-- [ RunTime:0.001000s ]
INFO: [ app_begin ] --START--
INFO: Run Behavior\ReadHtmlCacheBehavior [ RunTime:0.001000s ]
INFO: [ app_begin ] --END-- [ RunTime:0.001000s ]
NOTIC: [8] Undefined index: shopid D:\phpStudy\WWW\tp\Application\Server\Controller\OrderController.class.php 第 127 行.
NOTIC: [8] Undefined index: token D:\phpStudy\WWW\tp\Application\Server\Controller\OrderController.class.php 第 130 行.
SQL: SHOW COLUMNS FROM `et_mingxi` [ RunTime:0.0050s ]
SQL: SELECT * FROM `et_mingxi` WHERE `addtime` BETWEEN '1498579200' AND '1498622953'  [ RunTime:0.0010s ]

[ 2017-06-28T12:10:59+08:00 ] 192.168.0.115 /index.php/server/order/todaymingxi
INFO: [ app_init ] --START--
INFO: Run Behavior\BuildLiteBehavior [ RunTime:0.000000s ]
INFO: [ app_init ] --END-- [ RunTime:0.001000s ]
INFO: [ app_begin ] --START--
INFO: Run Behavior\ReadHtmlCacheBehavior [ RunTime:0.000000s ]
INFO: [ app_begin ] --END-- [ RunTime:0.000000s ]
NOTIC: [8] Undefined index: shopid D:\phpStudy\WWW\tp\Application\Server\Controller\OrderController.class.php 第 127 行.
NOTIC: [8] Undefined index: token D:\phpStudy\WWW\tp\Application\Server\Controller\OrderController.class.php 第 130 行.
SQL: SHOW COLUMNS FROM `et_mingxi` [ RunTime:0.0060s ]
SQL: SELECT * FROM `et_mingxi` WHERE `addtime` BETWEEN '1498623059' AND '1498579200'  [ RunTime:0.0000s ]

[ 2017-06-28T12:12:05+08:00 ] 192.168.0.115 /index.php/server/order/todaymingxi
INFO: [ app_init ] --START--
INFO: Run Behavior\BuildLiteBehavior [ RunTime:0.000000s ]
INFO: [ app_init ] --END-- [ RunTime:0.001000s ]
INFO: [ app_begin ] --START--
INFO: Run Behavior\ReadHtmlCacheBehavior [ RunTime:0.000000s ]
INFO: [ app_begin ] --END-- [ RunTime:0.000000s ]
NOTIC: [8] Undefined index: shopid D:\phpStudy\WWW\tp\Application\Server\Controller\OrderController.class.php 第 127 行.

[ 2017-06-28T12:12:38+08:00 ] 192.168.0.115 /index.php/server/order/todaymingxi
INFO: [ app_init ] --START--
INFO: Run Behavior\BuildLiteBehavior [ RunTime:0.000000s ]
INFO: [ app_init ] --END-- [ RunTime:0.000000s ]
INFO: [ app_begin ] --START--
INFO: Run Behavior\ReadHtmlCacheBehavior [ RunTime:0.001000s ]
INFO: [ app_begin ] --END-- [ RunTime:0.001000s ]
NOTIC: [8] Undefined index: shopid D:\phpStudy\WWW\tp\Application\Server\Controller\OrderController.class.php 第 127 行.
NOTIC: [8] Undefined index: token D:\phpStudy\WWW\tp\Application\Server\Controller\OrderController.class.php 第 132 行.
SQL: SHOW COLUMNS FROM `et_mingxi` [ RunTime:0.0030s ]
SQL: SELECT * FROM `et_mingxi` WHERE `addtime` BETWEEN '1498579200' AND '1498623125'  [ RunTime:0.0000s ]

[ 2017-06-28T12:16:23+08:00 ] 192.168.0.115 /index.php/server/order/todaymingxi
INFO: [ app_init ] --START--
INFO: Run Behavior\BuildLiteBehavior [ RunTime:0.000000s ]
INFO: [ app_init ] --END-- [ RunTime:0.001000s ]
INFO: [ app_begin ] --START--
INFO: Run Behavior\ReadHtmlCacheBehavior [ RunTime:0.001000s ]
INFO: [ app_begin ] --END-- [ RunTime:0.001000s ]
NOTIC: [8] Undefined index: shopid D:\phpStudy\WWW\tp\Application\Server\Controller\OrderController.class.php 第 127 行.
NOTIC: [8] Undefined index: token D:\phpStudy\WWW\tp\Application\Server\Controller\OrderController.class.php 第 132 行.
SQL: SHOW COLUMNS FROM `et_mingxi` [ RunTime:0.0030s ]
ERR: 表达式错误:'between',1498579200,1498623383

[ 2017-06-28T12:17:22+08:00 ] 192.168.0.115 /index.php/server/order/todaymingxi
INFO: [ app_init ] --START--
INFO: Run Behavior\BuildLiteBehavior [ RunTime:0.000000s ]
INFO: [ app_init ] --END-- [ RunTime:0.001000s ]
INFO: [ app_begin ] --START--
INFO: Run Behavior\ReadHtmlCacheBehavior [ RunTime:0.000000s ]
INFO: [ app_begin ] --END-- [ RunTime:0.000000s ]
NOTIC: [8] Undefined index: shopid D:\phpStudy\WWW\tp\Application\Server\Controller\OrderController.class.php 第 127 行.
NOTIC: [8] Undefined index: token D:\phpStudy\WWW\tp\Application\Server\Controller\OrderController.class.php 第 132 行.
SQL: SHOW COLUMNS FROM `et_mingxi` [ RunTime:0.0030s ]
SQL: SELECT * FROM `et_mingxi` WHERE `addtime` BETWEEN '$time' AND '$now'  [ RunTime:0.0000s ]

[ 2017-06-28T12:17:49+08:00 ] 192.168.0.115 /index.php/server/order/todaymingxi
INFO: [ app_init ] --START--
INFO: Run Behavior\BuildLiteBehavior [ RunTime:0.000000s ]
INFO: [ app_init ] --END-- [ RunTime:0.001000s ]
INFO: [ app_begin ] --START--
INFO: Run Behavior\ReadHtmlCacheBehavior [ RunTime:0.000000s ]
INFO: [ app_begin ] --END-- [ RunTime:0.000000s ]
NOTIC: [8] Undefined index: shopid D:\phpStudy\WWW\tp\Application\Server\Controller\OrderController.class.php 第 127 行.
NOTIC: [8] Undefined index: token D:\phpStudy\WWW\tp\Application\Server\Controller\OrderController.class.php 第 132 行.
SQL: SHOW COLUMNS FROM `et_mingxi` [ RunTime:0.0030s ]
SQL: SELECT * FROM `et_mingxi` WHERE `addtime` BETWEEN '$time' AND '$now'  [ RunTime:0.0000s ]

[ 2017-06-28T12:19:25+08:00 ] 192.168.0.115 /index.php/server/order/todaymingxi
INFO: [ app_init ] --START--
INFO: Run Behavior\BuildLiteBehavior [ RunTime:0.000000s ]
INFO: [ app_init ] --END-- [ RunTime:0.001000s ]
INFO: [ app_begin ] --START--
INFO: Run Behavior\ReadHtmlCacheBehavior [ RunTime:0.002000s ]
INFO: [ app_begin ] --END-- [ RunTime:0.002000s ]
NOTIC: [8] Undefined index: shopid D:\phpStudy\WWW\tp\Application\Server\Controller\OrderController.class.php 第 127 行.
NOTIC: [8] Undefined index: token D:\phpStudy\WWW\tp\Application\Server\Controller\OrderController.class.php 第 132 行.
SQL: SHOW COLUMNS FROM `et_mingxi` [ RunTime:0.0020s ]
SQL: SELECT * FROM `et_mingxi` WHERE `addtime` BETWEEN '$time' AND '$now' AND `shopid` = null  [ RunTime:0.0000s ]

[ 2017-06-28T12:19:38+08:00 ] 192.168.0.115 /index.php/server/order/todaymingxi
INFO: [ app_init ] --START--
INFO: Run Behavior\BuildLiteBehavior [ RunTime:0.000000s ]
INFO: [ app_init ] --END-- [ RunTime:0.001001s ]
INFO: [ app_begin ] --START--
INFO: Run Behavior\ReadHtmlCacheBehavior [ RunTime:0.000000s ]
INFO: [ app_begin ] --END-- [ RunTime:0.000000s ]
NOTIC: [8] Undefined index: shopid D:\phpStudy\WWW\tp\Application\Server\Controller\OrderController.class.php 第 127 行.
NOTIC: [8] Undefined index: token D:\phpStudy\WWW\tp\Application\Server\Controller\OrderController.class.php 第 132 行.
SQL: SHOW COLUMNS FROM `et_mingxi` [ RunTime:0.0040s ]
SQL: SELECT * FROM `et_mingxi` WHERE `shopid` = null  [ RunTime:0.0000s ]

[ 2017-06-28T12:19:43+08:00 ] 192.168.0.115 /index.php/server/order/todaymingxi
INFO: [ app_init ] --START--
INFO: Run Behavior\BuildLiteBehavior [ RunTime:0.000000s ]
INFO: [ app_init ] --END-- [ RunTime:0.001000s ]
INFO: [ app_begin ] --START--
INFO: Run Behavior\ReadHtmlCacheBehavior [ RunTime:0.001000s ]
INFO: [ app_begin ] --END-- [ RunTime:0.001000s ]
NOTIC: [8] Undefined index: token D:\phpStudy\WWW\tp\Application\Server\Controller\OrderController.class.php 第 132 行.
SQL: SHOW COLUMNS FROM `et_mingxi` [ RunTime:0.0030s ]
SQL: SELECT * FROM `et_mingxi` WHERE `shopid` = 1  [ RunTime:0.0000s ]

[ 2017-06-28T12:19:53+08:00 ] 192.168.0.115 /index.php/server/order/todaymingxi
INFO: [ app_init ] --START--
INFO: Run Behavior\BuildLiteBehavior [ RunTime:0.000000s ]
INFO: [ app_init ] --END-- [ RunTime:0.001000s ]
INFO: [ app_begin ] --START--
INFO: Run Behavior\ReadHtmlCacheBehavior [ RunTime:0.000000s ]
INFO: [ app_begin ] --END-- [ RunTime:0.001000s ]
NOTIC: [8] Undefined index: token D:\phpStudy\WWW\tp\Application\Server\Controller\OrderController.class.php 第 132 行.
SQL: SHOW COLUMNS FROM `et_mingxi` [ RunTime:0.0270s ]
SQL: SELECT * FROM `et_mingxi` WHERE `addtime` BETWEEN '$time' AND '$now' AND `shopid` = 1  [ RunTime:0.0000s ]

[ 2017-06-28T12:22:23+08:00 ] 192.168.0.115 /index.php/server/order/todaymingxi
INFO: [ app_init ] --START--
INFO: Run Behavior\BuildLiteBehavior [ RunTime:0.000000s ]
INFO: [ app_init ] --END-- [ RunTime:0.000000s ]
INFO: [ app_begin ] --START--
INFO: Run Behavior\ReadHtmlCacheBehavior [ RunTime:0.001000s ]
INFO: [ app_begin ] --END-- [ RunTime:0.001000s ]
NOTIC: [8] Undefined index: token D:\phpStudy\WWW\tp\Application\Server\Controller\OrderController.class.php 第 132 行.
SQL: SHOW COLUMNS FROM `et_mingxi` [ RunTime:0.0030s ]
ERR: 1064:You have an error in your SQL syntax; check the manual that corresponds to your MySQL server version for the right syntax to use near 'addtime <1498623743AND shopid =1 )' at line 1
 [ SQL语句 ] : SELECT * FROM `et_mingxi` WHERE ( addtime >1498579200AND addtime <1498623743AND shopid =1 ) 
ERR: 1064:You have an error in your SQL syntax; check the manual that corresponds to your MySQL server version for the right syntax to use near 'addtime <1498623743AND shopid =1 )' at line 1
 [ SQL语句 ] : SELECT * FROM `et_mingxi` WHERE ( addtime >1498579200AND addtime <1498623743AND shopid =1 ) 

[ 2017-06-28T12:24:01+08:00 ] 192.168.0.115 /index.php/server/order/todaymingxi
INFO: [ app_init ] --START--
INFO: Run Behavior\BuildLiteBehavior [ RunTime:0.000000s ]
INFO: [ app_init ] --END-- [ RunTime:0.001000s ]
INFO: [ app_begin ] --START--
INFO: Run Behavior\ReadHtmlCacheBehavior [ RunTime:0.000000s ]
INFO: [ app_begin ] --END-- [ RunTime:0.000000s ]
NOTIC: [8] Undefined variable: time D:\phpStudy\WWW\tp\Application\Server\Controller\OrderController.class.php 第 129 行.
NOTIC: [8] Undefined index: token D:\phpStudy\WWW\tp\Application\Server\Controller\OrderController.class.php 第 132 行.
SQL: SHOW COLUMNS FROM `et_mingxi` [ RunTime:0.0040s ]
ERR: 1064:You have an error in your SQL syntax; check the manual that corresponds to your MySQL server version for the right syntax to use near '08:00;00AND addtime <2017-06-28 12:24:00AND shopid =1 )' at line 1
 [ SQL语句 ] : SELECT * FROM `et_mingxi` WHERE ( addtime >1970-01-01 08:00;00AND addtime <2017-06-28 12:24:00AND shopid =1 ) 
ERR: 1064:You have an error in your SQL syntax; check the manual that corresponds to your MySQL server version for the right syntax to use near '08:00;00AND addtime <2017-06-28 12:24:00AND shopid =1 )' at line 1
 [ SQL语句 ] : SELECT * FROM `et_mingxi` WHERE ( addtime >1970-01-01 08:00;00AND addtime <2017-06-28 12:24:00AND shopid =1 ) 

[ 2017-06-28T12:24:33+08:00 ] 192.168.0.115 /index.php/server/order/todaymingxi
INFO: [ app_init ] --START--
INFO: Run Behavior\BuildLiteBehavior [ RunTime:0.000000s ]
INFO: [ app_init ] --END-- [ RunTime:0.001000s ]
INFO: [ app_begin ] --START--
INFO: Run Behavior\ReadHtmlCacheBehavior [ RunTime:0.001000s ]
INFO: [ app_begin ] --END-- [ RunTime:0.001000s ]
NOTIC: [8] Undefined variable: time D:\phpStudy\WWW\tp\Application\Server\Controller\OrderController.class.php 第 129 行.
NOTIC: [8] Undefined index: token D:\phpStudy\WWW\tp\Application\Server\Controller\OrderController.class.php 第 132 行.
SQL: SHOW COLUMNS FROM `et_mingxi` [ RunTime:0.0030s ]
SQL: SELECT * FROM `et_mingxi` WHERE `addtime` BETWEEN '$time' AND '$now'  [ RunTime:0.0010s ]

[ 2017-06-28T12:25:42+08:00 ] 192.168.0.115 /index.php/server/order/todaymingxi
INFO: [ app_init ] --START--
INFO: Run Behavior\BuildLiteBehavior [ RunTime:0.000000s ]
INFO: [ app_init ] --END-- [ RunTime:0.001000s ]
INFO: [ app_begin ] --START--
INFO: Run Behavior\ReadHtmlCacheBehavior [ RunTime:0.001001s ]
INFO: [ app_begin ] --END-- [ RunTime:0.001001s ]
NOTIC: [8] Undefined variable: time D:\phpStudy\WWW\tp\Application\Server\Controller\OrderController.class.php 第 129 行.
NOTIC: [8] Undefined index: token D:\phpStudy\WWW\tp\Application\Server\Controller\OrderController.class.php 第 132 行.
SQL: SHOW COLUMNS FROM `et_mingxi` [ RunTime:0.0030s ]
ERR: 1064:You have an error in your SQL syntax; check the manual that corresponds to your MySQL server version for the right syntax to use near '08:00;00 )' at line 1
 [ SQL语句 ] : SELECT * FROM `et_mingxi` WHERE ( addtime >1970-01-01 08:00;00 ) 
ERR: 1064:You have an error in your SQL syntax; check the manual that corresponds to your MySQL server version for the right syntax to use near '08:00;00 )' at line 1
 [ SQL语句 ] : SELECT * FROM `et_mingxi` WHERE ( addtime >1970-01-01 08:00;00 ) 

[ 2017-06-28T12:26:18+08:00 ] 192.168.0.115 /index.php/server/order/todaymingxi
INFO: [ app_init ] --START--
INFO: Run Behavior\BuildLiteBehavior [ RunTime:0.000000s ]
INFO: [ app_init ] --END-- [ RunTime:0.001000s ]
INFO: [ app_begin ] --START--
INFO: Run Behavior\ReadHtmlCacheBehavior [ RunTime:0.001000s ]
INFO: [ app_begin ] --END-- [ RunTime:0.001000s ]
NOTIC: [8] Undefined index: token D:\phpStudy\WWW\tp\Application\Server\Controller\OrderController.class.php 第 132 行.
SQL: SHOW COLUMNS FROM `et_mingxi` [ RunTime:0.0030s ]
SQL: SELECT * FROM `et_mingxi` WHERE `addtime` BETWEEN '$time' AND '$now'  [ RunTime:0.0010s ]

[ 2017-06-28T12:26:27+08:00 ] 192.168.0.115 /index.php/server/order/todaymingxi
INFO: [ app_init ] --START--
INFO: Run Behavior\BuildLiteBehavior [ RunTime:0.000000s ]
INFO: [ app_init ] --END-- [ RunTime:0.001000s ]
INFO: [ app_begin ] --START--
INFO: Run Behavior\ReadHtmlCacheBehavior [ RunTime:0.000000s ]
INFO: [ app_begin ] --END-- [ RunTime:0.000000s ]
NOTIC: [8] Undefined index: token D:\phpStudy\WWW\tp\Application\Server\Controller\OrderController.class.php 第 132 行.
SQL: SHOW COLUMNS FROM `et_mingxi` [ RunTime:0.0030s ]
ERR: 1064:You have an error in your SQL syntax; check the manual that corresponds to your MySQL server version for the right syntax to use near '00:00;00 )' at line 1
 [ SQL语句 ] : SELECT * FROM `et_mingxi` WHERE ( addtime >2017-06-28 00:00;00 ) 
ERR: 1064:You have an error in your SQL syntax; check the manual that corresponds to your MySQL server version for the right syntax to use near '00:00;00 )' at line 1
 [ SQL语句 ] : SELECT * FROM `et_mingxi` WHERE ( addtime >2017-06-28 00:00;00 ) 

[ 2017-06-28T12:26:41+08:00 ] 192.168.0.115 /index.php/server/order/todaymingxi
INFO: [ app_init ] --START--
INFO: Run Behavior\BuildLiteBehavior [ RunTime:0.000000s ]
INFO: [ app_init ] --END-- [ RunTime:0.000000s ]
INFO: [ app_begin ] --START--
INFO: Run Behavior\ReadHtmlCacheBehavior [ RunTime:0.001000s ]
INFO: [ app_begin ] --END-- [ RunTime:0.001000s ]
NOTIC: [8] Undefined index: token D:\phpStudy\WWW\tp\Application\Server\Controller\OrderController.class.php 第 132 行.
SQL: SHOW COLUMNS FROM `et_mingxi` [ RunTime:0.0050s ]
ERR: 1064:You have an error in your SQL syntax; check the manual that corresponds to your MySQL server version for the right syntax to use near '00:00:00 )' at line 1
 [ SQL语句 ] : SELECT * FROM `et_mingxi` WHERE ( addtime >2017-06-28 00:00:00 ) 
ERR: 1064:You have an error in your SQL syntax; check the manual that corresponds to your MySQL server version for the right syntax to use near '00:00:00 )' at line 1
 [ SQL语句 ] : SELECT * FROM `et_mingxi` WHERE ( addtime >2017-06-28 00:00:00 ) 

[ 2017-06-28T12:37:41+08:00 ] 192.168.0.115 /index.php/server/order/todaymingxi
INFO: [ app_init ] --START--
INFO: Run Behavior\BuildLiteBehavior [ RunTime:0.000000s ]
INFO: [ app_init ] --END-- [ RunTime:0.001000s ]
INFO: [ app_begin ] --START--
INFO: Run Behavior\ReadHtmlCacheBehavior [ RunTime:0.000000s ]
INFO: [ app_begin ] --END-- [ RunTime:0.001000s ]
NOTIC: [8] Undefined index: token D:\phpStudy\WWW\tp\Application\Server\Controller\OrderController.class.php 第 132 行.
SQL: SHOW COLUMNS FROM `et_mingxi` [ RunTime:0.0220s ]
SQL: SELECT * FROM `et_mingxi` WHERE `addtime` BETWEEN '2017-06-28 00:00:00' AND '2017-06-28 12:37:41'  [ RunTime:0.0010s ]

[ 2017-06-28T13:28:56+08:00 ] 192.168.0.115 /index.php/server/order/todaymingxi
INFO: [ app_init ] --START--
INFO: Run Behavior\BuildLiteBehavior [ RunTime:0.000000s ]
INFO: [ app_init ] --END-- [ RunTime:0.000000s ]
INFO: [ app_begin ] --START--
INFO: Run Behavior\ReadHtmlCacheBehavior [ RunTime:0.000000s ]
INFO: [ app_begin ] --END-- [ RunTime:0.000000s ]
NOTIC: [8] Undefined index: token D:\phpStudy\WWW\tp\Application\Server\Controller\OrderController.class.php 第 132 行.
SQL: SHOW COLUMNS FROM `et_mingxi` [ RunTime:0.0040s ]
SQL: SELECT * FROM `et_mingxi` WHERE `addtime` BETWEEN '2017-06-28 00:00:00' AND '2017-06-28 13:28:56' AND `shopid` = 1  [ RunTime:0.0000s ]

[ 2017-06-28T13:29:00+08:00 ] 192.168.0.115 /index.php/server/order/todaymingxi
INFO: [ app_init ] --START--
INFO: Run Behavior\BuildLiteBehavior [ RunTime:0.000000s ]
INFO: [ app_init ] --END-- [ RunTime:0.000000s ]
INFO: [ app_begin ] --START--
INFO: Run Behavior\ReadHtmlCacheBehavior [ RunTime:0.000000s ]
INFO: [ app_begin ] --END-- [ RunTime:0.000000s ]
NOTIC: [8] Undefined index: token D:\phpStudy\WWW\tp\Application\Server\Controller\OrderController.class.php 第 132 行.
SQL: SHOW COLUMNS FROM `et_mingxi` [ RunTime:0.0030s ]
SQL: SELECT * FROM `et_mingxi` WHERE `addtime` BETWEEN '2017-06-28 00:00:00' AND '2017-06-28 13:29:00' AND `shopid` = 2  [ RunTime:0.0000s ]

[ 2017-06-28T13:45:09+08:00 ] 192.168.0.115 /index.php/server/order/todayorderlist
INFO: [ app_init ] --START--
INFO: Run Behavior\BuildLiteBehavior [ RunTime:0.000000s ]
INFO: [ app_init ] --END-- [ RunTime:0.001000s ]
INFO: [ app_begin ] --START--
INFO: Run Behavior\ReadHtmlCacheBehavior [ RunTime:0.001000s ]
INFO: [ app_begin ] --END-- [ RunTime:0.001000s ]
NOTIC: [8] Undefined index: token D:\phpStudy\WWW\tp\Application\Server\Controller\OrderController.class.php 第 157 行.
NOTIC: [8] Undefined variable: time D:\phpStudy\WWW\tp\Application\Server\Controller\OrderController.class.php 第 163 行.
NOTIC: [8] Undefined variable: now D:\phpStudy\WWW\tp\Application\Server\Controller\OrderController.class.php 第 163 行.
SQL: SHOW COLUMNS FROM `et_orders` [ RunTime:0.0040s ]
SQL: SELECT * FROM `et_orders` WHERE `addtime` BETWEEN null AND null AND `state` IN ('3','4','5') AND `shopid` = 1 ORDER BY addtime desc LIMIT 0,8   [ RunTime:0.0010s ]
INFO: [ app_end ] --START--
INFO: Run Behavior\ShowPageTraceBehavior [ RunTime:0.001000s ]
INFO: [ app_end ] --END-- [ RunTime:0.001000s ]

[ 2017-06-28T13:45:36+08:00 ] 192.168.0.115 /index.php/server/order/todayorderlist
INFO: [ app_init ] --START--
INFO: Run Behavior\BuildLiteBehavior [ RunTime:0.000000s ]
INFO: [ app_init ] --END-- [ RunTime:0.000000s ]
INFO: [ app_begin ] --START--
INFO: Run Behavior\ReadHtmlCacheBehavior [ RunTime:0.001000s ]
INFO: [ app_begin ] --END-- [ RunTime:0.001000s ]
NOTIC: [8] Undefined index: token D:\phpStudy\WWW\tp\Application\Server\Controller\OrderController.class.php 第 157 行.
NOTIC: [8] Undefined variable: time D:\phpStudy\WWW\tp\Application\Server\Controller\OrderController.class.php 第 163 行.
NOTIC: [8] Undefined variable: now D:\phpStudy\WWW\tp\Application\Server\Controller\OrderController.class.php 第 163 行.
SQL: SHOW COLUMNS FROM `et_orders` [ RunTime:0.0030s ]
SQL: SELECT * FROM `et_orders` WHERE `addtime` BETWEEN null AND null AND `state` IN ('3','4','5') AND `shopid` = 1 ORDER BY addtime desc LIMIT 0,8   [ RunTime:0.0000s ]
INFO: [ app_end ] --START--
INFO: Run Behavior\ShowPageTraceBehavior [ RunTime:0.001000s ]
INFO: [ app_end ] --END-- [ RunTime:0.001000s ]

[ 2017-06-28T13:45:41+08:00 ] 192.168.0.115 /index.php/server/order/todayorderlist
INFO: [ app_init ] --START--
INFO: Run Behavior\BuildLiteBehavior [ RunTime:0.000000s ]
INFO: [ app_init ] --END-- [ RunTime:0.000000s ]
INFO: [ app_begin ] --START--
INFO: Run Behavior\ReadHtmlCacheBehavior [ RunTime:0.001001s ]
INFO: [ app_begin ] --END-- [ RunTime:0.001001s ]
NOTIC: [8] Undefined index: token D:\phpStudy\WWW\tp\Application\Server\Controller\OrderController.class.php 第 157 行.
NOTIC: [8] Undefined variable: time D:\phpStudy\WWW\tp\Application\Server\Controller\OrderController.class.php 第 163 行.
NOTIC: [8] Undefined variable: now D:\phpStudy\WWW\tp\Application\Server\Controller\OrderController.class.php 第 163 行.
SQL: SHOW COLUMNS FROM `et_orders` [ RunTime:0.0030s ]
SQL: SELECT * FROM `et_orders` WHERE `addtime` BETWEEN null AND null AND `state` IN ('3','4','5') AND `shopid` = 1 ORDER BY addtime desc LIMIT 0,8   [ RunTime:0.0000s ]
INFO: [ app_end ] --START--
INFO: Run Behavior\ShowPageTraceBehavior [ RunTime:0.001001s ]
INFO: [ app_end ] --END-- [ RunTime:0.002001s ]

[ 2017-06-28T13:46:49+08:00 ] 192.168.0.115 /index.php/server/order/todayorderlist
INFO: [ app_init ] --START--
INFO: Run Behavior\BuildLiteBehavior [ RunTime:0.000000s ]
INFO: [ app_init ] --END-- [ RunTime:0.001000s ]
INFO: [ app_begin ] --START--
INFO: Run Behavior\ReadHtmlCacheBehavior [ RunTime:0.001000s ]
INFO: [ app_begin ] --END-- [ RunTime:0.001000s ]
NOTIC: [8] Undefined index: token D:\phpStudy\WWW\tp\Application\Server\Controller\OrderController.class.php 第 157 行.
NOTIC: [8] Undefined variable: time D:\phpStudy\WWW\tp\Application\Server\Controller\OrderController.class.php 第 163 行.
NOTIC: [8] Undefined variable: now D:\phpStudy\WWW\tp\Application\Server\Controller\OrderController.class.php 第 163 行.
SQL: SHOW COLUMNS FROM `et_orders` [ RunTime:0.0030s ]
SQL: SELECT * FROM `et_orders` WHERE `addtime` BETWEEN null AND null AND `shopid` = 1 ORDER BY addtime desc LIMIT 0,8   [ RunTime:0.0000s ]

[ 2017-06-28T13:47:21+08:00 ] 192.168.0.115 /index.php/server/order/todayorderlist
INFO: [ app_init ] --START--
INFO: Run Behavior\BuildLiteBehavior [ RunTime:0.000000s ]
INFO: [ app_init ] --END-- [ RunTime:0.001000s ]
INFO: [ app_begin ] --START--
INFO: Run Behavior\ReadHtmlCacheBehavior [ RunTime:0.001000s ]
INFO: [ app_begin ] --END-- [ RunTime:0.001000s ]
NOTIC: [8] Undefined index: token D:\phpStudy\WWW\tp\Application\Server\Controller\OrderController.class.php 第 157 行.
SQL: SHOW COLUMNS FROM `et_orders` [ RunTime:0.0030s ]
SQL: SELECT * FROM `et_orders` WHERE `addtime` BETWEEN '2017-06-28 00:00:00' AND '2017-06-28 13:47:21' AND `shopid` = 1 ORDER BY addtime desc LIMIT 0,8   [ RunTime:0.0000s ]

[ 2017-06-28T13:48:07+08:00 ] 192.168.0.115 /index.php/server/order/todayorderlist
INFO: [ app_init ] --START--
INFO: Run Behavior\BuildLiteBehavior [ RunTime:0.000000s ]
INFO: [ app_init ] --END-- [ RunTime:0.001000s ]
INFO: [ app_begin ] --START--
INFO: Run Behavior\ReadHtmlCacheBehavior [ RunTime:0.001000s ]
INFO: [ app_begin ] --END-- [ RunTime:0.001000s ]
NOTIC: [8] Undefined index: token D:\phpStudy\WWW\tp\Application\Server\Controller\OrderController.class.php 第 160 行.
SQL: SHOW COLUMNS FROM `et_orders` [ RunTime:0.0040s ]
SQL: SELECT * FROM `et_orders` WHERE `addtime` BETWEEN '2017-06-28 00:00:00' AND '2017-06-28 13:48:07' AND `state` IN ('3','4','5') AND `shopid` = 1 ORDER BY addtime desc LIMIT 0,8   [ RunTime:0.0000s ]
SQL: SHOW COLUMNS FROM `et_ordergoods` [ RunTime:0.0030s ]
SQL: SELECT * FROM `et_ordergoods` WHERE `orderid` = '157331163181498620037'  [ RunTime:0.0000s ]
SQL: SELECT * FROM `et_ordergoods` WHERE `orderid` = '157331163181498619874'  [ RunTime:0.0000s ]
SQL: SELECT * FROM `et_ordergoods` WHERE `orderid` = '157331163181498619871'  [ RunTime:0.0010s ]
SQL: SELECT * FROM `et_ordergoods` WHERE `orderid` = '157331163181498619605'  [ RunTime:0.0000s ]
SQL: SHOW COLUMNS FROM `et_shopgoods` [ RunTime:0.0040s ]
SQL: SELECT `goodsname`,`goodsprice` FROM `et_shopgoods` WHERE `goodsid` = 1 LIMIT 1   [ RunTime:0.0010s ]
SQL: SELECT `goodsname`,`goodsprice` FROM `et_shopgoods` WHERE `goodsid` = 2 LIMIT 1   [ RunTime:0.0000s ]
INFO: [ app_end ] --START--
INFO: Run Behavior\ShowPageTraceBehavior [ RunTime:0.001000s ]
INFO: [ app_end ] --END-- [ RunTime:0.001000s ]

[ 2017-06-28T14:01:13+08:00 ] 192.168.0.115 /index.php/server/user/renzheng
INFO: [ app_init ] --START--
INFO: Run Behavior\BuildLiteBehavior [ RunTime:0.000000s ]
INFO: [ app_init ] --END-- [ RunTime:0.000000s ]
INFO: [ app_begin ] --START--
INFO: Run Behavior\ReadHtmlCacheBehavior [ RunTime:0.001000s ]
INFO: [ app_begin ] --END-- [ RunTime:0.001000s ]
NOTIC: [8] Undefined index: token D:\phpStudy\WWW\tp\Application\Server\Controller\UserController.class.php 第 405 行.
SQL: SHOW COLUMNS FROM `et_shopmessage` [ RunTime:0.0080s ]
SQL: SELECT * FROM `et_shopmessage` WHERE `shopid` = 1 LIMIT 1   [ RunTime:0.0010s ]

[ 2017-06-28T14:09:10+08:00 ] 192.168.0.115 /index.php/server/user/renzheng
INFO: [ app_init ] --START--
INFO: Run Behavior\BuildLiteBehavior [ RunTime:0.000000s ]
INFO: [ app_init ] --END-- [ RunTime:0.001000s ]
INFO: [ app_begin ] --START--
INFO: Run Behavior\ReadHtmlCacheBehavior [ RunTime:0.002001s ]
INFO: [ app_begin ] --END-- [ RunTime:0.002001s ]
NOTIC: [8] Undefined index: token D:\phpStudy\WWW\tp\Application\Server\Controller\UserController.class.php 第 405 行.
SQL: SHOW COLUMNS FROM `et_shopmessage` [ RunTime:0.0040s ]
SQL: SELECT `shopname`,`state`,`mobile`,`coordinate` FROM `et_shopmessage` WHERE `shopid` = 1 LIMIT 1   [ RunTime:0.0000s ]

[ 2017-06-28T14:30:02+08:00 ] 192.168.0.115 /index.php/server/user/out
INFO: [ app_init ] --START--
INFO: Run Behavior\BuildLiteBehavior [ RunTime:0.000000s ]
INFO: [ app_init ] --END-- [ RunTime:0.001000s ]
INFO: [ app_begin ] --START--
INFO: Run Behavior\ReadHtmlCacheBehavior [ RunTime:0.001000s ]
INFO: [ app_begin ] --END-- [ RunTime:0.001000s ]
NOTIC: [8] Undefined index: token D:\phpStudy\WWW\tp\Application\Server\Controller\UserController.class.php 第 426 行.
SQL: SHOW COLUMNS FROM `et_shopmessage` [ RunTime:0.0030s ]

[ 2017-06-28T14:30:22+08:00 ] 192.168.0.115 /index.php/server/user/out
INFO: [ app_init ] --START--
INFO: Run Behavior\BuildLiteBehavior [ RunTime:0.000000s ]
INFO: [ app_init ] --END-- [ RunTime:0.001000s ]
INFO: [ app_begin ] --START--
INFO: Run Behavior\ReadHtmlCacheBehavior [ RunTime:0.001000s ]
INFO: [ app_begin ] --END-- [ RunTime:0.001000s ]
NOTIC: [8] Undefined index: token D:\phpStudy\WWW\tp\Application\Server\Controller\UserController.class.php 第 426 行.
SQL: SHOW COLUMNS FROM `et_shopmessage` [ RunTime:0.0030s ]
SQL: UPDATE `et_shopmessage` SET `state`='4' WHERE `shopid` = 1 [ RunTime:0.0800s ]

[ 2017-06-28T14:31:11+08:00 ] 192.168.0.115 /index.php/server/user/out
INFO: [ app_init ] --START--
INFO: Run Behavior\BuildLiteBehavior [ RunTime:0.000000s ]
INFO: [ app_init ] --END-- [ RunTime:0.001000s ]
INFO: [ app_begin ] --START--
INFO: Run Behavior\ReadHtmlCacheBehavior [ RunTime:0.001000s ]
INFO: [ app_begin ] --END-- [ RunTime:0.001000s ]
NOTIC: [8] Undefined index: token D:\phpStudy\WWW\tp\Application\Server\Controller\UserController.class.php 第 426 行.
SQL: SHOW COLUMNS FROM `et_shopmessage` [ RunTime:0.0030s ]
SQL: UPDATE `et_shopmessage` SET `state`='4' WHERE `shopid` = 1 [ RunTime:0.0760s ]

[ 2017-06-28T14:31:32+08:00 ] 192.168.0.115 /index.php/server/user/out
INFO: [ app_init ] --START--
INFO: Run Behavior\BuildLiteBehavior [ RunTime:0.000000s ]
INFO: [ app_init ] --END-- [ RunTime:0.000000s ]
INFO: [ app_begin ] --START--
INFO: Run Behavior\ReadHtmlCacheBehavior [ RunTime:0.001000s ]
INFO: [ app_begin ] --END-- [ RunTime:0.001000s ]
NOTIC: [8] Undefined index: token D:\phpStudy\WWW\tp\Application\Server\Controller\UserController.class.php 第 426 行.
SQL: SHOW COLUMNS FROM `et_shopmessage` [ RunTime:0.0040s ]
SQL: UPDATE `et_shopmessage` SET `state`='4' WHERE `shopid` = 1 [ RunTime:0.0920s ]

[ 2017-06-28T14:33:04+08:00 ] 192.168.0.115 /index.php/server/user/backmessage
INFO: [ app_init ] --START--
INFO: Run Behavior\BuildLiteBehavior [ RunTime:0.000000s ]
INFO: [ app_init ] --END-- [ RunTime:0.001001s ]
INFO: [ app_begin ] --START--
INFO: Run Behavior\ReadHtmlCacheBehavior [ RunTime:0.000000s ]
INFO: [ app_begin ] --END-- [ RunTime:0.000000s ]
NOTIC: [8] Undefined index: token D:\phpStudy\WWW\tp\Application\Server\Controller\UserController.class.php 第 451 行.
SQL: SHOW COLUMNS FROM `et_backmessage` [ RunTime:0.0030s ]
SQL: INSERT INTO `et_backmessage` (`shopid`,`backmessage`,`addtime`) VALUES ('1','asdfasdfasdfasdfas','2017-06-28 14:33:04') [ RunTime:0.0880s ]

[ 2017-06-28T14:42:18+08:00 ] 192.168.0.115 /index.php/server/user/shopmesa
INFO: [ app_init ] --START--
INFO: Run Behavior\BuildLiteBehavior [ RunTime:0.000000s ]
INFO: [ app_init ] --END-- [ RunTime:0.000000s ]
INFO: [ app_begin ] --START--
INFO: Run Behavior\ReadHtmlCacheBehavior [ RunTime:0.001000s ]
INFO: [ app_begin ] --END-- [ RunTime:0.001000s ]
NOTIC: [8] Undefined index: token D:\phpStudy\WWW\tp\Application\Server\Controller\UserController.class.php 第 494 行.
SQL: SHOW COLUMNS FROM `et_shopmessage` [ RunTime:0.0040s ]
SQL: SELECT * FROM `et_shopmessage` WHERE `shopid` = 1 LIMIT 1   [ RunTime:0.0000s ]
SQL: SHOW COLUMNS FROM `et_mingxi` [ RunTime:0.0050s ]
SQL: SELECT * FROM `et_mingxi` WHERE `addtime` BETWEEN '2017-06-28 00:00:00' AND '2017-06-28 14:42:18' AND `shopid` = 1  [ RunTime:0.0000s ]
INFO: [ app_end ] --START--
INFO: Run Behavior\ShowPageTraceBehavior [ RunTime:0.000000s ]
INFO: [ app_end ] --END-- [ RunTime:0.000000s ]

[ 2017-06-28T14:43:25+08:00 ] 192.168.0.115 /index.php/server/user/shopmesa
INFO: [ app_init ] --START--
INFO: Run Behavior\BuildLiteBehavior [ RunTime:0.000000s ]
INFO: [ app_init ] --END-- [ RunTime:0.001000s ]
INFO: [ app_begin ] --START--
INFO: Run Behavior\ReadHtmlCacheBehavior [ RunTime:0.000000s ]
INFO: [ app_begin ] --END-- [ RunTime:0.000000s ]
NOTIC: [8] Undefined index: token D:\phpStudy\WWW\tp\Application\Server\Controller\UserController.class.php 第 494 行.
SQL: SHOW COLUMNS FROM `et_shopmessage` [ RunTime:0.0030s ]
SQL: SELECT * FROM `et_shopmessage` WHERE `shopid` = 1 LIMIT 1   [ RunTime:0.0010s ]
SQL: SHOW COLUMNS FROM `et_mingxi` [ RunTime:0.0030s ]
SQL: SELECT * FROM `et_mingxi` WHERE `addtime` BETWEEN '2017-06-28 00:00:00' AND '2017-06-28 14:43:25' AND `shopid` = 1  [ RunTime:0.0000s ]
INFO: [ app_end ] --START--
INFO: Run Behavior\ShowPageTraceBehavior [ RunTime:0.001000s ]
INFO: [ app_end ] --END-- [ RunTime:0.001000s ]

[ 2017-06-28T14:53:41+08:00 ] 192.168.0.115 /index.php/server/user/shopmesa
INFO: [ app_init ] --START--
INFO: Run Behavior\BuildLiteBehavior [ RunTime:0.000000s ]
INFO: [ app_init ] --END-- [ RunTime:0.001000s ]
INFO: [ app_begin ] --START--
INFO: Run Behavior\ReadHtmlCacheBehavior [ RunTime:0.001000s ]
INFO: [ app_begin ] --END-- [ RunTime:0.001000s ]
NOTIC: [8] Undefined index: token D:\phpStudy\WWW\tp\Application\Server\Controller\UserController.class.php 第 494 行.
SQL: SHOW COLUMNS FROM `et_shopmessage` [ RunTime:0.0030s ]
SQL: SELECT * FROM `et_shopmessage` WHERE `shopid` = 1 LIMIT 1   [ RunTime:0.0010s ]
SQL: SHOW COLUMNS FROM `et_mingxi` [ RunTime:0.0030s ]
SQL: SELECT * FROM `et_mingxi` WHERE `addtime` BETWEEN '2017-06-28 00:00:00' AND '2017-06-28 14:53:41' AND `shopid` = 1  [ RunTime:0.0000s ]
SQL: SHOW COLUMNS FROM `et_orders` [ RunTime:0.0050s ]
SQL: SELECT * FROM `et_orders` WHERE `addtime` BETWEEN '2017-06-28 00:00:00' AND '2017-06-28 14:53:41' AND `state` IN ('3','4','5') AND `shopid` = 1  [ RunTime:0.0010s ]
INFO: [ app_end ] --START--
INFO: Run Behavior\ShowPageTraceBehavior [ RunTime:0.001000s ]
INFO: [ app_end ] --END-- [ RunTime:0.001000s ]

[ 2017-06-28T14:55:30+08:00 ] 192.168.0.115 /index.php/server/user/shopmesa
INFO: [ app_init ] --START--
INFO: Run Behavior\BuildLiteBehavior [ RunTime:0.000000s ]
INFO: [ app_init ] --END-- [ RunTime:0.001000s ]
INFO: [ app_begin ] --START--
INFO: Run Behavior\ReadHtmlCacheBehavior [ RunTime:0.001000s ]
INFO: [ app_begin ] --END-- [ RunTime:0.001000s ]
NOTIC: [8] Undefined index: token D:\phpStudy\WWW\tp\Application\Server\Controller\UserController.class.php 第 494 行.
SQL: SHOW COLUMNS FROM `et_shopmessage` [ RunTime:0.0040s ]
SQL: SELECT * FROM `et_shopmessage` WHERE `shopid` = 1 LIMIT 1   [ RunTime:0.0000s ]
SQL: SHOW COLUMNS FROM `et_mingxi` [ RunTime:0.0040s ]
SQL: SELECT * FROM `et_mingxi` WHERE `addtime` BETWEEN '2017-06-28 00:00:00' AND '2017-06-28 14:55:30' AND `shopid` = 1  [ RunTime:0.0000s ]
SQL: SHOW COLUMNS FROM `et_orders` [ RunTime:0.0040s ]
SQL: SELECT * FROM `et_orders` WHERE `addtime` BETWEEN '2017-06-28 00:00:00' AND '2017-06-28 14:55:30' AND `state` IN ('3','4','5') AND `shopid` = 1  [ RunTime:0.0010s ]
INFO: [ app_end ] --START--
INFO: Run Behavior\ShowPageTraceBehavior [ RunTime:0.001000s ]
INFO: [ app_end ] --END-- [ RunTime:0.001000s ]

[ 2017-06-28T14:56:07+08:00 ] 192.168.0.115 /index.php/server/user/shopmesa
INFO: [ app_init ] --START--
INFO: Run Behavior\BuildLiteBehavior [ RunTime:0.000000s ]
INFO: [ app_init ] --END-- [ RunTime:0.001000s ]
INFO: [ app_begin ] --START--
INFO: Run Behavior\ReadHtmlCacheBehavior [ RunTime:0.000000s ]
INFO: [ app_begin ] --END-- [ RunTime:0.000000s ]
NOTIC: [8] Undefined index: token D:\phpStudy\WWW\tp\Application\Server\Controller\UserController.class.php 第 494 行.
SQL: SHOW COLUMNS FROM `et_shopmessage` [ RunTime:0.0040s ]
SQL: SELECT * FROM `et_shopmessage` WHERE `shopid` = 1 LIMIT 1   [ RunTime:0.0000s ]
SQL: SHOW COLUMNS FROM `et_mingxi` [ RunTime:0.0030s ]
SQL: SELECT * FROM `et_mingxi` WHERE `addtime` BETWEEN '2017-06-28 00:00:00' AND '2017-06-28 14:56:07' AND `shopid` = 1  [ RunTime:0.0000s ]
INFO: [ app_end ] --START--
INFO: Run Behavior\ShowPageTraceBehavior [ RunTime:0.001000s ]
INFO: [ app_end ] --END-- [ RunTime:0.001000s ]

[ 2017-06-28T14:58:29+08:00 ] 192.168.0.115 /index.php/server/user/shopmesa
INFO: [ app_init ] --START--
INFO: Run Behavior\BuildLiteBehavior [ RunTime:0.000000s ]
INFO: [ app_init ] --END-- [ RunTime:0.001000s ]
INFO: [ app_begin ] --START--
INFO: Run Behavior\ReadHtmlCacheBehavior [ RunTime:0.001000s ]
INFO: [ app_begin ] --END-- [ RunTime:0.001000s ]
NOTIC: [8] Undefined index: token D:\phpStudy\WWW\tp\Application\Server\Controller\UserController.class.php 第 494 行.
SQL: SHOW COLUMNS FROM `et_shopmessage` [ RunTime:0.0030s ]
SQL: SELECT * FROM `et_shopmessage` WHERE `shopid` = 1 LIMIT 1   [ RunTime:0.0000s ]
SQL: SHOW COLUMNS FROM `et_mingxi` [ RunTime:0.0040s ]
SQL: SELECT * FROM `et_mingxi` WHERE `addtime` BETWEEN '2017-06-28 00:00:00' AND '2017-06-28 14:58:29' AND `shopid` = 1  [ RunTime:0.0010s ]
SQL: SHOW COLUMNS FROM `et_orders` [ RunTime:0.0050s ]
SQL: SELECT * FROM `et_orders` WHERE `addtime` BETWEEN '2017-06-28 00:00:00' AND '2017-06-28 14:58:29' AND `state` IN ('3','4','5') AND `shopid` = 1  [ RunTime:0.0000s ]
INFO: [ app_end ] --START--
INFO: Run Behavior\ShowPageTraceBehavior [ RunTime:0.000000s ]
INFO: [ app_end ] --END-- [ RunTime:0.001000s ]

[ 2017-06-28T15:06:43+08:00 ] 192.168.0.115 /index.php/server/user/shopmesa
INFO: [ app_init ] --START--
INFO: Run Behavior\BuildLiteBehavior [ RunTime:0.000000s ]
INFO: [ app_init ] --END-- [ RunTime:0.001000s ]
INFO: [ app_begin ] --START--
INFO: Run Behavior\ReadHtmlCacheBehavior [ RunTime:0.001000s ]
INFO: [ app_begin ] --END-- [ RunTime:0.002000s ]
NOTIC: [8] Undefined index: token D:\phpStudy\WWW\tp\Application\Server\Controller\UserController.class.php 第 494 行.
SQL: SHOW COLUMNS FROM `et_shopmessage` [ RunTime:0.0030s ]
SQL: SELECT `shophead`,`shopname`,`coordinate` FROM `et_shopmessage` WHERE `shopid` = 1 LIMIT 1   [ RunTime:0.0010s ]
SQL: SHOW COLUMNS FROM `et_mingxi` [ RunTime:0.0030s ]
SQL: SELECT * FROM `et_mingxi` WHERE `addtime` BETWEEN '2017-06-28 00:00:00' AND '2017-06-28 15:06:43' AND `shopid` = 1  [ RunTime:0.0000s ]
SQL: SHOW COLUMNS FROM `et_orders` [ RunTime:0.0040s ]
SQL: SELECT * FROM `et_orders` WHERE `addtime` BETWEEN '2017-06-28 00:00:00' AND '2017-06-28 15:06:43' AND `state` IN ('3','4','5') AND `shopid` = 1  [ RunTime:0.0000s ]

[ 2017-06-28T15:39:12+08:00 ] 192.168.0.115 /index.php/server/evaluete/pingjialist
INFO: [ app_init ] --START--
INFO: Run Behavior\BuildLiteBehavior [ RunTime:0.000000s ]
INFO: [ app_init ] --END-- [ RunTime:0.000000s ]
INFO: [ app_begin ] --START--
INFO: Run Behavior\ReadHtmlCacheBehavior [ RunTime:0.001000s ]
INFO: [ app_begin ] --END-- [ RunTime:0.001000s ]
ERR: 无法加载控制器:Evaluete

[ 2017-06-28T15:39:38+08:00 ] 192.168.0.115 /index.php/server/evaluete/pingjialist
INFO: [ app_init ] --START--
INFO: Run Behavior\BuildLiteBehavior [ RunTime:0.000000s ]
INFO: [ app_init ] --END-- [ RunTime:0.001000s ]
INFO: [ app_begin ] --START--
INFO: Run Behavior\ReadHtmlCacheBehavior [ RunTime:0.001001s ]
INFO: [ app_begin ] --END-- [ RunTime:0.001001s ]
ERR: 无法加载控制器:Evaluete

[ 2017-06-28T15:39:41+08:00 ] 192.168.0.115 /index.php/server/evaluate/pingjialist
INFO: [ app_init ] --START--
INFO: Run Behavior\BuildLiteBehavior [ RunTime:0.000000s ]
INFO: [ app_init ] --END-- [ RunTime:0.001000s ]
INFO: [ app_begin ] --START--
INFO: Run Behavior\ReadHtmlCacheBehavior [ RunTime:0.000000s ]
INFO: [ app_begin ] --END-- [ RunTime:0.000000s ]
NOTIC: [8] Undefined index: token D:\phpStudy\WWW\tp\Application\Server\Controller\EvaluateController.class.php 第 45 行.
NOTIC: [8] Undefined variable: userid D:\phpStudy\WWW\tp\Application\Server\Controller\EvaluateController.class.php 第 46 行.
SQL: SHOW COLUMNS FROM `et_evaluate` [ RunTime:0.0040s ]
SQL: SELECT * FROM `et_evaluate` WHERE `shopid` = 1 LIMIT 0,8   [ RunTime:0.0010s ]

[ 2017-06-28T15:45:55+08:00 ] 192.168.0.115 /index.php/server/evaluate/pingjialist
INFO: [ app_init ] --START--
INFO: Run Behavior\BuildLiteBehavior [ RunTime:0.000000s ]
INFO: [ app_init ] --END-- [ RunTime:0.000000s ]
INFO: [ app_begin ] --START--
INFO: Run Behavior\ReadHtmlCacheBehavior [ RunTime:0.001000s ]
INFO: [ app_begin ] --END-- [ RunTime:0.001000s ]
NOTIC: [8] Undefined index: token D:\phpStudy\WWW\tp\Application\Server\Controller\EvaluateController.class.php 第 45 行.
NOTIC: [8] Undefined variable: userid D:\phpStudy\WWW\tp\Application\Server\Controller\EvaluateController.class.php 第 46 行.
SQL: SHOW COLUMNS FROM `et_evaluate` [ RunTime:0.0030s ]
SQL: SELECT * FROM `et_evaluate` WHERE `shopid` = 1 LIMIT 0,8   [ RunTime:0.0000s ]
SQL: SHOW COLUMNS FROM `et_backevaluate` [ RunTime:0.0030s ]
SQL: SELECT `backpingjia` FROM `et_backevaluate` WHERE `shopid` = 1 AND `uid` = 1 LIMIT 1   [ RunTime:0.0010s ]
SQL: SELECT `backpingjia` FROM `et_backevaluate` WHERE `shopid` = 1 AND `uid` = 2 LIMIT 1   [ RunTime:0.0000s ]
SQL: SELECT `backpingjia` FROM `et_backevaluate` WHERE `shopid` = 1 AND `uid` = 2 LIMIT 1   [ RunTime:0.0000s ]
SQL: SELECT `backpingjia` FROM `et_backevaluate` WHERE `shopid` = 1 AND `uid` = 4 LIMIT 1   [ RunTime:0.0010s ]
INFO: [ app_end ] --START--
INFO: Run Behavior\ShowPageTraceBehavior [ RunTime:0.000000s ]
INFO: [ app_end ] --END-- [ RunTime:0.001000s ]

[ 2017-06-28T15:47:00+08:00 ] 192.168.0.115 /index.php/server/evaluate/pingjialist
INFO: [ app_init ] --START--
INFO: Run Behavior\BuildLiteBehavior [ RunTime:0.001000s ]
INFO: [ app_init ] --END-- [ RunTime:0.002000s ]
INFO: [ app_begin ] --START--
INFO: Run Behavior\ReadHtmlCacheBehavior [ RunTime:0.000000s ]
INFO: [ app_begin ] --END-- [ RunTime:0.001000s ]
NOTIC: [8] Undefined index: token D:\phpStudy\WWW\tp\Application\Server\Controller\EvaluateController.class.php 第 45 行.
NOTIC: [8] Undefined variable: userid D:\phpStudy\WWW\tp\Application\Server\Controller\EvaluateController.class.php 第 46 行.
SQL: SHOW COLUMNS FROM `et_evaluate` [ RunTime:0.0040s ]
SQL: SELECT * FROM `et_evaluate` WHERE `shopid` = 1 LIMIT 0,8   [ RunTime:0.0000s ]
SQL: SHOW COLUMNS FROM `et_backevaluate` [ RunTime:0.0040s ]
SQL: SELECT `backpingjia` FROM `et_backevaluate` WHERE `shopid` = 1 AND `uid` = 1 LIMIT 1   [ RunTime:0.0010s ]
SQL: SELECT `backpingjia` FROM `et_backevaluate` WHERE `shopid` = 1 AND `uid` = 2 LIMIT 1   [ RunTime:0.0000s ]
SQL: SELECT `backpingjia` FROM `et_backevaluate` WHERE `shopid` = 1 AND `uid` = 2 LIMIT 1   [ RunTime:0.0010s ]
SQL: SELECT `backpingjia` FROM `et_backevaluate` WHERE `shopid` = 1 AND `uid` = 4 LIMIT 1   [ RunTime:0.0000s ]
INFO: [ app_end ] --START--
INFO: Run Behavior\ShowPageTraceBehavior [ RunTime:0.001000s ]
INFO: [ app_end ] --END-- [ RunTime:0.001000s ]

[ 2017-06-28T15:47:19+08:00 ] 192.168.0.115 /index.php/server/evaluate/pingjialist
INFO: [ app_init ] --START--
INFO: Run Behavior\BuildLiteBehavior [ RunTime:0.000000s ]
INFO: [ app_init ] --END-- [ RunTime:0.001000s ]
INFO: [ app_begin ] --START--
INFO: Run Behavior\ReadHtmlCacheBehavior [ RunTime:0.001000s ]
INFO: [ app_begin ] --END-- [ RunTime:0.001000s ]
NOTIC: [8] Undefined index: token D:\phpStudy\WWW\tp\Application\Server\Controller\EvaluateController.class.php 第 45 行.
NOTIC: [8] Undefined variable: userid D:\phpStudy\WWW\tp\Application\Server\Controller\EvaluateController.class.php 第 46 行.
SQL: SHOW COLUMNS FROM `et_evaluate` [ RunTime:0.0030s ]
SQL: SELECT * FROM `et_evaluate` WHERE `shopid` = 1 LIMIT 0,8   [ RunTime:0.0000s ]
SQL: SHOW COLUMNS FROM `et_backevaluate` [ RunTime:0.0050s ]
SQL: SELECT `backpingjia` FROM `et_backevaluate` WHERE `shopid` = 1 AND `uid` = 1 LIMIT 1   [ RunTime:0.0010s ]
SQL: SELECT `backpingjia` FROM `et_backevaluate` WHERE `shopid` = 1 AND `uid` = 2 LIMIT 1   [ RunTime:0.0000s ]
SQL: SELECT `backpingjia` FROM `et_backevaluate` WHERE `shopid` = 1 AND `uid` = 2 LIMIT 1   [ RunTime:0.0000s ]
SQL: SELECT `backpingjia` FROM `et_backevaluate` WHERE `shopid` = 1 AND `uid` = 4 LIMIT 1   [ RunTime:0.0010s ]
NOTIC: [8] Undefined variable: info D:\phpStudy\WWW\tp\Application\Server\Controller\EvaluateController.class.php 第 60 行.

[ 2017-06-28T15:48:05+08:00 ] 192.168.0.115 /index.php/server/evaluate/pingjialist
INFO: [ app_init ] --START--
INFO: Run Behavior\BuildLiteBehavior [ RunTime:0.000000s ]
INFO: [ app_init ] --END-- [ RunTime:0.001000s ]
INFO: [ app_begin ] --START--
INFO: Run Behavior\ReadHtmlCacheBehavior [ RunTime:0.001000s ]
INFO: [ app_begin ] --END-- [ RunTime:0.001000s ]
NOTIC: [8] Undefined index: token D:\phpStudy\WWW\tp\Application\Server\Controller\EvaluateController.class.php 第 45 行.
NOTIC: [8] Undefined variable: userid D:\phpStudy\WWW\tp\Application\Server\Controller\EvaluateController.class.php 第 46 行.
SQL: SHOW COLUMNS FROM `et_evaluate` [ RunTime:0.0040s ]
SQL: SELECT * FROM `et_evaluate` WHERE `shopid` = 1 LIMIT 0,8   [ RunTime:0.0000s ]
SQL: SHOW COLUMNS FROM `et_backevaluate` [ RunTime:0.0080s ]
SQL: SELECT `backpingjia` FROM `et_backevaluate` WHERE `shopid` = 1 AND `uid` = 1 LIMIT 1   [ RunTime:0.0000s ]
SQL: SELECT `backpingjia` FROM `et_backevaluate` WHERE `shopid` = 1 AND `uid` = 2 LIMIT 1   [ RunTime:0.0010s ]
SQL: SELECT `backpingjia` FROM `et_backevaluate` WHERE `shopid` = 1 AND `uid` = 2 LIMIT 1   [ RunTime:0.0000s ]
SQL: SELECT `backpingjia` FROM `et_backevaluate` WHERE `shopid` = 1 AND `uid` = 4 LIMIT 1   [ RunTime:0.0010s ]

[ 2017-06-28T15:51:48+08:00 ] 192.168.0.115 /index.php/server/evaluate/pingjialist
INFO: [ app_init ] --START--
INFO: Run Behavior\BuildLiteBehavior [ RunTime:0.000000s ]
INFO: [ app_init ] --END-- [ RunTime:0.000000s ]
INFO: [ app_begin ] --START--
INFO: Run Behavior\ReadHtmlCacheBehavior [ RunTime:0.000000s ]
INFO: [ app_begin ] --END-- [ RunTime:0.001000s ]
NOTIC: [8] Undefined index: page D:\phpStudy\WWW\tp\Application\Server\Controller\EvaluateController.class.php 第 44 行.
NOTIC: [8] Undefined index: token D:\phpStudy\WWW\tp\Application\Server\Controller\EvaluateController.class.php 第 45 行.
NOTIC: [8] Undefined variable: userid D:\phpStudy\WWW\tp\Application\Server\Controller\EvaluateController.class.php 第 46 行.
SQL: SHOW COLUMNS FROM `et_evaluate` [ RunTime:0.0040s ]
NOTIC: [8] Undefined index: limit D:\phpStudy\WWW\tp\ThinkPHP\Library\Think\Db\Driver.class.php 第 961 行.
SQL: SELECT * FROM `et_evaluate` WHERE `shopid` = 1 LIMIT 0,20   [ RunTime:0.0000s ]
SQL: SHOW COLUMNS FROM `et_backevaluate` [ RunTime:0.0030s ]
SQL: SELECT `backpingjia` FROM `et_backevaluate` WHERE `shopid` = 1 AND `uid` = 1 LIMIT 1   [ RunTime:0.0000s ]
SQL: SELECT `backpingjia` FROM `et_backevaluate` WHERE `shopid` = 1 AND `uid` = 2 LIMIT 1   [ RunTime:0.0000s ]
SQL: SELECT `backpingjia` FROM `et_backevaluate` WHERE `shopid` = 1 AND `uid` = 2 LIMIT 1   [ RunTime:0.0000s ]
SQL: SELECT `backpingjia` FROM `et_backevaluate` WHERE `shopid` = 1 AND `uid` = 4 LIMIT 1   [ RunTime:0.0000s ]

[ 2017-06-28T15:52:46+08:00 ] 192.168.0.115 /index.php/server/evaluate/backpingjia
INFO: [ app_init ] --START--
INFO: Run Behavior\BuildLiteBehavior [ RunTime:0.000000s ]
INFO: [ app_init ] --END-- [ RunTime:0.000000s ]
INFO: [ app_begin ] --START--
INFO: Run Behavior\ReadHtmlCacheBehavior [ RunTime:0.001000s ]
INFO: [ app_begin ] --END-- [ RunTime:0.001000s ]
NOTIC: [8] Undefined index: token D:\phpStudy\WWW\tp\Application\Server\Controller\EvaluateController.class.php 第 18 行.
SQL: SHOW COLUMNS FROM `et_backevaluate` [ RunTime:0.0040s ]
SQL: INSERT INTO `et_backevaluate` (`uid`,`shopid`,`backpingjia`,`backtime`) VALUES ('2','1','sadfasdfasdfa12341dvasd','2017-06-28 15:52:46') [ RunTime:0.1270s ]

[ 2017-06-28T15:53:19+08:00 ] 192.168.0.115 /index.php/server/evaluate/pingjialist
INFO: [ app_init ] --START--
INFO: Run Behavior\BuildLiteBehavior [ RunTime:0.000000s ]
INFO: [ app_init ] --END-- [ RunTime:0.001001s ]
INFO: [ app_begin ] --START--
INFO: Run Behavior\ReadHtmlCacheBehavior [ RunTime:0.001000s ]
INFO: [ app_begin ] --END-- [ RunTime:0.001000s ]
NOTIC: [8] Undefined index: page D:\phpStudy\WWW\tp\Application\Server\Controller\EvaluateController.class.php 第 44 行.
NOTIC: [8] Undefined index: token D:\phpStudy\WWW\tp\Application\Server\Controller\EvaluateController.class.php 第 45 行.
NOTIC: [8] Undefined variable: userid D:\phpStudy\WWW\tp\Application\Server\Controller\EvaluateController.class.php 第 46 行.
SQL: SHOW COLUMNS FROM `et_evaluate` [ RunTime:0.0060s ]
NOTIC: [8] Undefined index: limit D:\phpStudy\WWW\tp\ThinkPHP\Library\Think\Db\Driver.class.php 第 961 行.
SQL: SELECT * FROM `et_evaluate` WHERE `shopid` = 1 LIMIT 0,20   [ RunTime:0.0000s ]
SQL: SHOW COLUMNS FROM `et_backevaluate` [ RunTime:0.0040s ]
SQL: SELECT `backpingjia` FROM `et_backevaluate` WHERE `shopid` = 1 AND `uid` = 1 LIMIT 1   [ RunTime:0.0010s ]
SQL: SELECT `backpingjia` FROM `et_backevaluate` WHERE `shopid` = 1 AND `uid` = 2 LIMIT 1   [ RunTime:0.0000s ]
SQL: SELECT `backpingjia` FROM `et_backevaluate` WHERE `shopid` = 1 AND `uid` = 2 LIMIT 1   [ RunTime:0.0020s ]
SQL: SELECT `backpingjia` FROM `et_backevaluate` WHERE `shopid` = 1 AND `uid` = 4 LIMIT 1   [ RunTime:0.0020s ]

[ 2017-06-28T15:59:33+08:00 ] 192.168.0.115 /index.php/server/evaluate/pingjialist
INFO: [ app_init ] --START--
INFO: Run Behavior\BuildLiteBehavior [ RunTime:0.000000s ]
INFO: [ app_init ] --END-- [ RunTime:0.000000s ]
INFO: [ app_begin ] --START--
INFO: Run Behavior\ReadHtmlCacheBehavior [ RunTime:0.000000s ]
INFO: [ app_begin ] --END-- [ RunTime:0.001000s ]
NOTIC: [8] Undefined index: page D:\phpStudy\WWW\tp\Application\Server\Controller\EvaluateController.class.php 第 45 行.
NOTIC: [8] Undefined index: token D:\phpStudy\WWW\tp\Application\Server\Controller\EvaluateController.class.php 第 46 行.
NOTIC: [8] Undefined variable: userid D:\phpStudy\WWW\tp\Application\Server\Controller\EvaluateController.class.php 第 47 行.
SQL: SHOW COLUMNS FROM `et_evaluate` [ RunTime:0.0040s ]
NOTIC: [8] Undefined index: limit D:\phpStudy\WWW\tp\ThinkPHP\Library\Think\Db\Driver.class.php 第 961 行.
SQL: SELECT * FROM `et_evaluate` WHERE `shopid` = 1 LIMIT 0,20   [ RunTime:0.0000s ]
SQL: SHOW COLUMNS FROM `et_backevaluate` [ RunTime:0.0020s ]
SQL: SELECT `backpingjia` FROM `et_backevaluate` WHERE `shopid` = 1 AND `uid` = 1 AND `eid` = 1 LIMIT 1   [ RunTime:0.0000s ]
SQL: SELECT `backpingjia` FROM `et_backevaluate` WHERE `shopid` = 1 AND `uid` = 2 AND `eid` = 2 LIMIT 1   [ RunTime:0.0000s ]
SQL: SELECT `backpingjia` FROM `et_backevaluate` WHERE `shopid` = 1 AND `uid` = 2 AND `eid` = 3 LIMIT 1   [ RunTime:0.0000s ]
SQL: SELECT `backpingjia` FROM `et_backevaluate` WHERE `shopid` = 1 AND `uid` = 4 AND `eid` = 5 LIMIT 1   [ RunTime:0.0000s ]

[ 2017-06-28T16:00:13+08:00 ] 192.168.0.115 /index.php/server/evaluate/pingjialist
INFO: [ app_init ] --START--
INFO: Run Behavior\BuildLiteBehavior [ RunTime:0.000000s ]
INFO: [ app_init ] --END-- [ RunTime:0.000000s ]
INFO: [ app_begin ] --START--
INFO: Run Behavior\ReadHtmlCacheBehavior [ RunTime:0.001000s ]
INFO: [ app_begin ] --END-- [ RunTime:0.001000s ]
NOTIC: [8] Undefined index: page D:\phpStudy\WWW\tp\Application\Server\Controller\EvaluateController.class.php 第 45 行.
NOTIC: [8] Undefined index: token D:\phpStudy\WWW\tp\Application\Server\Controller\EvaluateController.class.php 第 46 行.
NOTIC: [8] Undefined variable: userid D:\phpStudy\WWW\tp\Application\Server\Controller\EvaluateController.class.php 第 47 行.
SQL: SHOW COLUMNS FROM `et_evaluate` [ RunTime:0.0040s ]
NOTIC: [8] Undefined index: limit D:\phpStudy\WWW\tp\ThinkPHP\Library\Think\Db\Driver.class.php 第 961 行.
SQL: SELECT * FROM `et_evaluate` WHERE `shopid` = 1 LIMIT 0,20   [ RunTime:0.0010s ]
SQL: SHOW COLUMNS FROM `et_backevaluate` [ RunTime:0.0030s ]
SQL: SELECT `backpingjia` FROM `et_backevaluate` WHERE `shopid` = 1 AND `uid` = 1 AND `eid` = 1 LIMIT 1   [ RunTime:0.0000s ]
SQL: SELECT `backpingjia` FROM `et_backevaluate` WHERE `shopid` = 1 AND `uid` = 2 AND `eid` = 2 LIMIT 1   [ RunTime:0.0010s ]
SQL: SELECT `backpingjia` FROM `et_backevaluate` WHERE `shopid` = 1 AND `uid` = 2 AND `eid` = 3 LIMIT 1   [ RunTime:0.0000s ]
SQL: SELECT `backpingjia` FROM `et_backevaluate` WHERE `shopid` = 1 AND `uid` = 4 AND `eid` = 5 LIMIT 1   [ RunTime:0.0000s ]

[ 2017-06-28T16:20:59+08:00 ] 192.168.0.115 /index.php/server/evaluate/pingjialist
INFO: [ app_init ] --START--
INFO: Run Behavior\BuildLiteBehavior [ RunTime:0.000000s ]
INFO: [ app_init ] --END-- [ RunTime:0.001000s ]
INFO: [ app_begin ] --START--
INFO: Run Behavior\ReadHtmlCacheBehavior [ RunTime:0.001000s ]
INFO: [ app_begin ] --END-- [ RunTime:0.001000s ]
NOTIC: [8] Undefined index: page D:\phpStudy\WWW\tp\Application\Server\Controller\EvaluateController.class.php 第 46 行.
NOTIC: [8] Undefined index: token D:\phpStudy\WWW\tp\Application\Server\Controller\EvaluateController.class.php 第 47 行.
NOTIC: [8] Undefined variable: userid D:\phpStudy\WWW\tp\Application\Server\Controller\EvaluateController.class.php 第 48 行.
SQL: SHOW COLUMNS FROM `et_evaluate` [ RunTime:0.0050s ]
NOTIC: [8] Undefined index: limit D:\phpStudy\WWW\tp\ThinkPHP\Library\Think\Db\Driver.class.php 第 961 行.
SQL: SELECT * FROM `et_evaluate` WHERE `shopid` = 1 LIMIT 0,20   [ RunTime:0.0010s ]
SQL: SHOW COLUMNS FROM `et_user` [ RunTime:0.0050s ]
SQL: SELECT `username`,`head_photo` FROM `et_user` WHERE `uid` = 1 LIMIT 1   [ RunTime:0.0010s ]
SQL: SHOW COLUMNS FROM `et_backevaluate` [ RunTime:0.0050s ]
SQL: SELECT `backpingjia` FROM `et_backevaluate` WHERE `shopid` = 1 AND `uid` = 1 AND `eid` = 1 LIMIT 1   [ RunTime:0.0010s ]
SQL: SELECT `username`,`head_photo` FROM `et_user` WHERE `uid` = 2 LIMIT 1   [ RunTime:0.0010s ]
SQL: SELECT `backpingjia` FROM `et_backevaluate` WHERE `shopid` = 1 AND `uid` = 2 AND `eid` = 2 LIMIT 1   [ RunTime:0.0000s ]
SQL: SELECT `username`,`head_photo` FROM `et_user` WHERE `uid` = 2 LIMIT 1   [ RunTime:0.0000s ]
SQL: SELECT `backpingjia` FROM `et_backevaluate` WHERE `shopid` = 1 AND `uid` = 2 AND `eid` = 3 LIMIT 1   [ RunTime:0.0010s ]
SQL: SELECT `username`,`head_photo` FROM `et_user` WHERE `uid` = 4 LIMIT 1   [ RunTime:0.0000s ]
SQL: SELECT `backpingjia` FROM `et_backevaluate` WHERE `shopid` = 1 AND `uid` = 4 AND `eid` = 5 LIMIT 1   [ RunTime:0.0000s ]
INFO: [ app_end ] --START--
INFO: Run Behavior\ShowPageTraceBehavior [ RunTime:0.001000s ]
INFO: [ app_end ] --END-- [ RunTime:0.001000s ]

[ 2017-06-28T16:21:24+08:00 ] 192.168.0.115 /index.php/server/evaluate/pingjialist
INFO: [ app_init ] --START--
INFO: Run Behavior\BuildLiteBehavior [ RunTime:0.000000s ]
INFO: [ app_init ] --END-- [ RunTime:0.001000s ]
INFO: [ app_begin ] --START--
INFO: Run Behavior\ReadHtmlCacheBehavior [ RunTime:0.000000s ]
INFO: [ app_begin ] --END-- [ RunTime:0.000000s ]
NOTIC: [8] Undefined index: page D:\phpStudy\WWW\tp\Application\Server\Controller\EvaluateController.class.php 第 46 行.
NOTIC: [8] Undefined index: token D:\phpStudy\WWW\tp\Application\Server\Controller\EvaluateController.class.php 第 47 行.
NOTIC: [8] Undefined variable: userid D:\phpStudy\WWW\tp\Application\Server\Controller\EvaluateController.class.php 第 48 行.
SQL: SHOW COLUMNS FROM `et_evaluate` [ RunTime:0.0060s ]
NOTIC: [8] Undefined index: limit D:\phpStudy\WWW\tp\ThinkPHP\Library\Think\Db\Driver.class.php 第 961 行.
SQL: SELECT * FROM `et_evaluate` WHERE `shopid` = 1 LIMIT 0,20   [ RunTime:0.0010s ]
SQL: SHOW COLUMNS FROM `et_user` [ RunTime:0.0070s ]
SQL: SELECT `username`,`head_photo` FROM `et_user` WHERE `uid` = 1 LIMIT 1   [ RunTime:0.0010s ]
SQL: SHOW COLUMNS FROM `et_backevaluate` [ RunTime:0.0040s ]
SQL: SELECT `backpingjia` FROM `et_backevaluate` WHERE `shopid` = 1 AND `uid` = 1 AND `eid` = 1 LIMIT 1   [ RunTime:0.0000s ]
SQL: SELECT `username`,`head_photo` FROM `et_user` WHERE `uid` = 2 LIMIT 1   [ RunTime:0.0010s ]
SQL: SELECT `backpingjia` FROM `et_backevaluate` WHERE `shopid` = 1 AND `uid` = 2 AND `eid` = 2 LIMIT 1   [ RunTime:0.0000s ]
SQL: SELECT `username`,`head_photo` FROM `et_user` WHERE `uid` = 2 LIMIT 1   [ RunTime:0.0000s ]
SQL: SELECT `backpingjia` FROM `et_backevaluate` WHERE `shopid` = 1 AND `uid` = 2 AND `eid` = 3 LIMIT 1   [ RunTime:0.0000s ]
SQL: SELECT `username`,`head_photo` FROM `et_user` WHERE `uid` = 4 LIMIT 1   [ RunTime:0.0000s ]
SQL: SELECT `backpingjia` FROM `et_backevaluate` WHERE `shopid` = 1 AND `uid` = 4 AND `eid` = 5 LIMIT 1   [ RunTime:0.0000s ]
INFO: [ app_end ] --START--
INFO: Run Behavior\ShowPageTraceBehavior [ RunTime:0.001000s ]
INFO: [ app_end ] --END-- [ RunTime:0.001000s ]

[ 2017-06-28T16:28:02+08:00 ] 192.168.0.115 /index.php/server/evaluate/pingjialist
INFO: [ app_init ] --START--
INFO: Run Behavior\BuildLiteBehavior [ RunTime:0.000000s ]
INFO: [ app_init ] --END-- [ RunTime:0.001000s ]
INFO: [ app_begin ] --START--
INFO: Run Behavior\ReadHtmlCacheBehavior [ RunTime:0.001000s ]
INFO: [ app_begin ] --END-- [ RunTime:0.001000s ]
NOTIC: [8] Undefined index: page D:\phpStudy\WWW\tp\Application\Server\Controller\EvaluateController.class.php 第 46 行.
NOTIC: [8] Undefined index: token D:\phpStudy\WWW\tp\Application\Server\Controller\EvaluateController.class.php 第 47 行.
NOTIC: [8] Undefined variable: userid D:\phpStudy\WWW\tp\Application\Server\Controller\EvaluateController.class.php 第 48 行.
SQL: SHOW COLUMNS FROM `et_evaluate` [ RunTime:0.0030s ]
NOTIC: [8] Undefined index: limit D:\phpStudy\WWW\tp\ThinkPHP\Library\Think\Db\Driver.class.php 第 961 行.
SQL: SELECT * FROM `et_evaluate` WHERE `shopid` = 1 LIMIT 0,20   [ RunTime:0.0000s ]
SQL: SHOW COLUMNS FROM `et_user` [ RunTime:0.0040s ]
SQL: SELECT `username`,`head_photo` FROM `et_user` WHERE `uid` = 1 LIMIT 1   [ RunTime:0.0000s ]
SQL: SHOW COLUMNS FROM `et_backevaluate` [ RunTime:0.0030s ]
SQL: SELECT `backpingjia` FROM `et_backevaluate` WHERE `shopid` = 1 AND `uid` = 1 AND `eid` = 1 LIMIT 1   [ RunTime:0.0000s ]
SQL: SELECT `username`,`head_photo` FROM `et_user` WHERE `uid` = 2 LIMIT 1   [ RunTime:0.0000s ]
SQL: SELECT `backpingjia` FROM `et_backevaluate` WHERE `shopid` = 1 AND `uid` = 2 AND `eid` = 2 LIMIT 1   [ RunTime:0.0000s ]
SQL: SELECT `username`,`head_photo` FROM `et_user` WHERE `uid` = 2 LIMIT 1   [ RunTime:0.0000s ]
SQL: SELECT `backpingjia` FROM `et_backevaluate` WHERE `shopid` = 1 AND `uid` = 2 AND `eid` = 3 LIMIT 1   [ RunTime:0.0000s ]
SQL: SELECT `username`,`head_photo` FROM `et_user` WHERE `uid` = 4 LIMIT 1   [ RunTime:0.0010s ]
SQL: SELECT `backpingjia` FROM `et_backevaluate` WHERE `shopid` = 1 AND `uid` = 4 AND `eid` = 5 LIMIT 1   [ RunTime:0.0000s ]

