[ 2017-10-05T08:13:15+08:00 ] 125.168.152.245 /index.php/server/user/editstate
INFO: [ app_init ] --START--
INFO: Run Behavior\BuildLiteBehavior [ RunTime:0.000018s ]
INFO: [ app_init ] --END-- [ RunTime:0.000322s ]
INFO: [ app_begin ] --START--
INFO: Run Behavior\ReadHtmlCacheBehavior [ RunTime:0.000529s ]
INFO: [ app_begin ] --END-- [ RunTime:0.000589s ]
NOTIC: [8] A session had already been started - ignoring session_start() D:\wm\ThinkPHP\Common\functions.php 第 1263 行.
SQL: SHOW COLUMNS FROM `et_shopmessage` [ RunTime:0.0029s ]
SQL: UPDATE `et_shopmessage` SET `state`='1' WHERE `shopid` = 51 [ RunTime:0.0098s ]

[ 2017-10-05T09:54:55+08:00 ] 120.20.130.114 /index.php/server/user/shopmesa
INFO: [ app_init ] --START--
INFO: Run Behavior\BuildLiteBehavior [ RunTime:0.000016s ]
INFO: [ app_init ] --END-- [ RunTime:0.000345s ]
INFO: [ app_begin ] --START--
INFO: Run Behavior\ReadHtmlCacheBehavior [ RunTime:0.000490s ]
INFO: [ app_begin ] --END-- [ RunTime:0.000544s ]
NOTIC: [8] A session had already been started - ignoring session_start() D:\wm\ThinkPHP\Common\functions.php 第 1263 行.
SQL: SHOW COLUMNS FROM `et_shopmessage` [ RunTime:0.0020s ]
SQL: SELECT `content`,`gotime`,`long`,`maxprice`,`maxlong`,`lkmoney`,`shophead`,`shopphoto`,`shopname`,`state`,`coordinate`,`detailed_address`,`mobile` FROM `et_shopmessage` WHERE `shopid` = 52 LIMIT 1   [ RunTime:0.0004s ]
SQL: SHOW COLUMNS FROM `et_mingxi` [ RunTime:0.0014s ]
SQL: SELECT * FROM `et_mingxi` WHERE `addtime` BETWEEN '2017-10-05 00:00:00' AND '2017-10-05 09:54:55' AND `shopid` = 52 AND `flag` = 1  [ RunTime:0.0005s ]
SQL: SHOW COLUMNS FROM `et_orders` [ RunTime:0.0023s ]
SQL: SELECT * FROM `et_orders` WHERE `addtime` BETWEEN '2017-10-05 00:00:00' AND '2017-10-05 09:54:55' AND `state` IN ('3','4','5') AND `shopid` = 52  [ RunTime:0.0009s ]

[ 2017-10-05T09:54:55+08:00 ] 120.20.130.114 /index.php/server/shop/categorylist
INFO: [ app_init ] --START--
INFO: Run Behavior\BuildLiteBehavior [ RunTime:0.000015s ]
INFO: [ app_init ] --END-- [ RunTime:0.000303s ]
INFO: [ app_begin ] --START--
INFO: Run Behavior\ReadHtmlCacheBehavior [ RunTime:0.000522s ]
INFO: [ app_begin ] --END-- [ RunTime:0.000575s ]
NOTIC: [8] A session had already been started - ignoring session_start() D:\wm\ThinkPHP\Common\functions.php 第 1263 行.
SQL: SHOW COLUMNS FROM `et_category` [ RunTime:0.0026s ]
SQL: SELECT `cid`,`cname` FROM `et_category` WHERE `shopid` = 52  [ RunTime:0.0003s ]
SQL: SHOW COLUMNS FROM `et_shopgoods` [ RunTime:0.0019s ]
SQL: SELECT * FROM `et_shopgoods` WHERE `shopid` = 52 AND `cid` = 188  [ RunTime:0.0014s ]
SQL: SELECT * FROM `et_shopgoods` WHERE `shopid` = 52 AND `cid` = 239  [ RunTime:0.0013s ]
SQL: SELECT * FROM `et_shopgoods` WHERE `shopid` = 52 AND `cid` = 240  [ RunTime:0.0014s ]
SQL: SELECT * FROM `et_shopgoods` WHERE `shopid` = 52 AND `cid` = 249  [ RunTime:0.0012s ]
SQL: SELECT * FROM `et_shopgoods` WHERE `shopid` = 52 AND `cid` = 250  [ RunTime:0.0012s ]
SQL: SELECT * FROM `et_shopgoods` WHERE `shopid` = 52 AND `cid` = 252  [ RunTime:0.0012s ]
SQL: SELECT * FROM `et_shopgoods` WHERE `shopid` = 52 AND `cid` = 253  [ RunTime:0.0012s ]
SQL: SELECT * FROM `et_shopgoods` WHERE `shopid` = 52 AND `cid` = 254  [ RunTime:0.0011s ]
SQL: SELECT * FROM `et_shopgoods` WHERE `shopid` = 52 AND `cid` = 255  [ RunTime:0.0012s ]
SQL: SELECT * FROM `et_shopgoods` WHERE `shopid` = 52 AND `cid` = 278  [ RunTime:0.0012s ]

[ 2017-10-05T09:54:55+08:00 ] 120.20.130.114 /index.php/server/evaluate/pingjialist
INFO: [ app_init ] --START--
INFO: Run Behavior\BuildLiteBehavior [ RunTime:0.000015s ]
INFO: [ app_init ] --END-- [ RunTime:0.000299s ]
INFO: [ app_begin ] --START--
INFO: Run Behavior\ReadHtmlCacheBehavior [ RunTime:0.000468s ]
INFO: [ app_begin ] --END-- [ RunTime:0.000518s ]
NOTIC: [8] A session had already been started - ignoring session_start() D:\wm\ThinkPHP\Common\functions.php 第 1263 行.
SQL: SHOW COLUMNS FROM `et_evaluate` [ RunTime:0.0029s ]
SQL: SELECT * FROM `et_evaluate` WHERE `shopid` = 52 LIMIT 0,8   [ RunTime:0.0004s ]

[ 2017-10-05T09:54:55+08:00 ] 120.20.130.114 /index.php/server/user/shopmesa
INFO: [ app_init ] --START--
INFO: Run Behavior\BuildLiteBehavior [ RunTime:0.000017s ]
INFO: [ app_init ] --END-- [ RunTime:0.000375s ]
INFO: [ app_begin ] --START--
INFO: Run Behavior\ReadHtmlCacheBehavior [ RunTime:0.000523s ]
INFO: [ app_begin ] --END-- [ RunTime:0.000611s ]
NOTIC: [8] A session had already been started - ignoring session_start() D:\wm\ThinkPHP\Common\functions.php 第 1263 行.
SQL: SHOW COLUMNS FROM `et_shopmessage` [ RunTime:0.0025s ]
SQL: SELECT `content`,`gotime`,`long`,`maxprice`,`maxlong`,`lkmoney`,`shophead`,`shopphoto`,`shopname`,`state`,`coordinate`,`detailed_address`,`mobile` FROM `et_shopmessage` WHERE `shopid` = 52 LIMIT 1   [ RunTime:0.0003s ]
SQL: SHOW COLUMNS FROM `et_mingxi` [ RunTime:0.0025s ]
SQL: SELECT * FROM `et_mingxi` WHERE `addtime` BETWEEN '2017-10-05 00:00:00' AND '2017-10-05 09:54:55' AND `shopid` = 52 AND `flag` = 1  [ RunTime:0.0005s ]
SQL: SHOW COLUMNS FROM `et_orders` [ RunTime:0.0017s ]
SQL: SELECT * FROM `et_orders` WHERE `addtime` BETWEEN '2017-10-05 00:00:00' AND '2017-10-05 09:54:55' AND `state` IN ('3','4','5') AND `shopid` = 52  [ RunTime:0.0010s ]

[ 2017-10-05T09:54:55+08:00 ] 120.20.130.114 /index.php/server/evaluate/pingjialist
INFO: [ app_init ] --START--
INFO: Run Behavior\BuildLiteBehavior [ RunTime:0.000016s ]
INFO: [ app_init ] --END-- [ RunTime:0.000324s ]
INFO: [ app_begin ] --START--
INFO: Run Behavior\ReadHtmlCacheBehavior [ RunTime:0.000450s ]
INFO: [ app_begin ] --END-- [ RunTime:0.000502s ]
NOTIC: [8] A session had already been started - ignoring session_start() D:\wm\ThinkPHP\Common\functions.php 第 1263 行.
SQL: SHOW COLUMNS FROM `et_evaluate` [ RunTime:0.0027s ]
SQL: SELECT * FROM `et_evaluate` WHERE `shopid` = 52 LIMIT 0,8   [ RunTime:0.0004s ]

[ 2017-10-05T09:55:02+08:00 ] 120.20.130.114 /index.php/server/user/editstate
INFO: [ app_init ] --START--
INFO: Run Behavior\BuildLiteBehavior [ RunTime:0.000020s ]
INFO: [ app_init ] --END-- [ RunTime:0.000476s ]
INFO: [ app_begin ] --START--
INFO: Run Behavior\ReadHtmlCacheBehavior [ RunTime:0.000865s ]
INFO: [ app_begin ] --END-- [ RunTime:0.000929s ]
NOTIC: [8] A session had already been started - ignoring session_start() D:\wm\ThinkPHP\Common\functions.php 第 1263 行.
SQL: SHOW COLUMNS FROM `et_shopmessage` [ RunTime:0.0030s ]
SQL: UPDATE `et_shopmessage` SET `state`='1' WHERE `shopid` = 52 [ RunTime:0.0100s ]

[ 2017-10-05T15:29:28+08:00 ] 129.127.113.20 /index.php/server/order/norderlist
INFO: [ app_init ] --START--
INFO: Run Behavior\BuildLiteBehavior [ RunTime:0.000026s ]
INFO: [ app_init ] --END-- [ RunTime:0.000450s ]
INFO: [ app_begin ] --START--
INFO: Run Behavior\ReadHtmlCacheBehavior [ RunTime:0.000595s ]
INFO: [ app_begin ] --END-- [ RunTime:0.000661s ]
NOTIC: [8] A session had already been started - ignoring session_start() D:\wm\ThinkPHP\Common\functions.php 第 1263 行.
SQL: SHOW COLUMNS FROM `et_orders` [ RunTime:0.0032s ]
SQL: SELECT * FROM `et_orders` WHERE `state` IN ('1','2') AND `shopid` = 50 AND `statu` = 2  [ RunTime:0.0011s ]

[ 2017-10-05T15:29:31+08:00 ] 129.127.113.20 /index.php/server/user/shopmesa
INFO: [ app_init ] --START--
INFO: Run Behavior\BuildLiteBehavior [ RunTime:0.000017s ]
INFO: [ app_init ] --END-- [ RunTime:0.000354s ]
INFO: [ app_begin ] --START--
INFO: Run Behavior\ReadHtmlCacheBehavior [ RunTime:0.000511s ]
INFO: [ app_begin ] --END-- [ RunTime:0.000563s ]
NOTIC: [8] A session had already been started - ignoring session_start() D:\wm\ThinkPHP\Common\functions.php 第 1263 行.
SQL: SHOW COLUMNS FROM `et_shopmessage` [ RunTime:0.0024s ]
SQL: SELECT `content`,`gotime`,`long`,`maxprice`,`maxlong`,`lkmoney`,`shophead`,`shopphoto`,`shopname`,`state`,`coordinate`,`detailed_address`,`mobile` FROM `et_shopmessage` WHERE `shopid` = 50 LIMIT 1   [ RunTime:0.0003s ]
SQL: SHOW COLUMNS FROM `et_mingxi` [ RunTime:0.0023s ]
SQL: SELECT * FROM `et_mingxi` WHERE `addtime` BETWEEN '2017-10-05 00:00:00' AND '2017-10-05 15:29:31' AND `shopid` = 50 AND `flag` = 1  [ RunTime:0.0005s ]
SQL: SHOW COLUMNS FROM `et_orders` [ RunTime:0.0025s ]
SQL: SELECT * FROM `et_orders` WHERE `addtime` BETWEEN '2017-10-05 00:00:00' AND '2017-10-05 15:29:31' AND `state` IN ('3','4','5') AND `shopid` = 50  [ RunTime:0.0010s ]

[ 2017-10-05T15:29:35+08:00 ] 129.127.113.20 /index.php/server/user/editstate
INFO: [ app_init ] --START--
INFO: Run Behavior\BuildLiteBehavior [ RunTime:0.000018s ]
INFO: [ app_init ] --END-- [ RunTime:0.000337s ]
INFO: [ app_begin ] --START--
INFO: Run Behavior\ReadHtmlCacheBehavior [ RunTime:0.000507s ]
INFO: [ app_begin ] --END-- [ RunTime:0.000562s ]
NOTIC: [8] A session had already been started - ignoring session_start() D:\wm\ThinkPHP\Common\functions.php 第 1263 行.
SQL: SHOW COLUMNS FROM `et_shopmessage` [ RunTime:0.0031s ]
SQL: UPDATE `et_shopmessage` SET `state`='1' WHERE `shopid` = 50 [ RunTime:1.2701s ]

[ 2017-10-05T19:19:57+08:00 ] 125.168.152.245 /index.php/server/user/editstate
INFO: [ app_init ] --START--
INFO: Run Behavior\BuildLiteBehavior [ RunTime:0.000017s ]
INFO: [ app_init ] --END-- [ RunTime:0.000385s ]
INFO: [ app_begin ] --START--
INFO: Run Behavior\ReadHtmlCacheBehavior [ RunTime:0.000530s ]
INFO: [ app_begin ] --END-- [ RunTime:0.000586s ]
NOTIC: [8] A session had already been started - ignoring session_start() D:\wm\ThinkPHP\Common\functions.php 第 1263 行.
SQL: SHOW COLUMNS FROM `et_shopmessage` [ RunTime:0.0025s ]
SQL: UPDATE `et_shopmessage` SET `state`='2' WHERE `shopid` = 51 [ RunTime:0.0065s ]

[ 2017-10-05T21:06:38+08:00 ] 183.198.227.31 /index.php/server/user/login
INFO: [ app_init ] --START--
INFO: Run Behavior\BuildLiteBehavior [ RunTime:0.000021s ]
INFO: [ app_init ] --END-- [ RunTime:0.000360s ]
INFO: [ app_begin ] --START--
INFO: Run Behavior\ReadHtmlCacheBehavior [ RunTime:0.000547s ]
INFO: [ app_begin ] --END-- [ RunTime:0.000605s ]
NOTIC: [8] A session had already been started - ignoring session_start() D:\wm\ThinkPHP\Common\functions.php 第 1263 行.
SQL: SHOW COLUMNS FROM `et_shop` [ RunTime:0.0041s ]
SQL: SELECT `shopid` FROM `et_shop` WHERE `phone` = '15230868185' AND `password` = 'bc13ec4937f9a6a5a8bd5e02bbcc14c1' LIMIT 1   [ RunTime:0.0004s ]

[ 2017-10-05T21:06:39+08:00 ] 183.198.227.31 /index.php/server/order/norderlist
INFO: [ app_init ] --START--
INFO: Run Behavior\BuildLiteBehavior [ RunTime:0.000017s ]
INFO: [ app_init ] --END-- [ RunTime:0.000450s ]
INFO: [ app_begin ] --START--
INFO: Run Behavior\ReadHtmlCacheBehavior [ RunTime:0.000517s ]
INFO: [ app_begin ] --END-- [ RunTime:0.000581s ]
NOTIC: [8] A session had already been started - ignoring session_start() D:\wm\ThinkPHP\Common\functions.php 第 1263 行.
SQL: SHOW COLUMNS FROM `et_orders` [ RunTime:0.0031s ]
SQL: SELECT * FROM `et_orders` WHERE `state` IN ('1','2') AND `shopid` = 45 AND `statu` = 2  [ RunTime:0.0011s ]

[ 2017-10-05T21:06:39+08:00 ] 183.198.227.31 /index.php/server/order/yorderlist
INFO: [ app_init ] --START--
INFO: Run Behavior\BuildLiteBehavior [ RunTime:0.000017s ]
INFO: [ app_init ] --END-- [ RunTime:0.000359s ]
INFO: [ app_begin ] --START--
INFO: Run Behavior\ReadHtmlCacheBehavior [ RunTime:0.000516s ]
INFO: [ app_begin ] --END-- [ RunTime:0.000571s ]
NOTIC: [8] A session had already been started - ignoring session_start() D:\wm\ThinkPHP\Common\functions.php 第 1263 行.
SQL: SHOW COLUMNS FROM `et_orders` [ RunTime:0.0031s ]
SQL: SELECT * FROM `et_orders` WHERE ( (statu = 2 and state in (3,4,5)) or (statu in (1,3) and state in (1,2)) ) AND `shopid` = 45 AND `states` = 1 ORDER BY addtime desc LIMIT 0,8   [ RunTime:0.0009s ]
SQL: SHOW COLUMNS FROM `et_ordergoods` [ RunTime:0.0026s ]
SQL: SELECT * FROM `et_ordergoods` WHERE `orderid` = '0405689791506070721'  [ RunTime:0.0010s ]
SQL: SHOW COLUMNS FROM `et_shopgoods` [ RunTime:0.0025s ]
SQL: SELECT `goodsname`,`goodsprice` FROM `et_shopgoods` WHERE `goodsid` = 236 LIMIT 1   [ RunTime:0.0002s ]
SQL: SELECT * FROM `et_ordergoods` WHERE `orderid` = '0405689791506070710'  [ RunTime:0.0009s ]
SQL: SELECT `goodsname`,`goodsprice` FROM `et_shopgoods` WHERE `goodsid` = 236 LIMIT 1   [ RunTime:0.0002s ]
SQL: SELECT * FROM `et_ordergoods` WHERE `orderid` = '0405689791506070675'  [ RunTime:0.0009s ]
SQL: SELECT `goodsname`,`goodsprice` FROM `et_shopgoods` WHERE `goodsid` = 236 LIMIT 1   [ RunTime:0.0002s ]
SQL: SELECT * FROM `et_ordergoods` WHERE `orderid` = '0405689791506069002'  [ RunTime:0.0008s ]
SQL: SELECT `goodsname`,`goodsprice` FROM `et_shopgoods` WHERE `goodsid` = 236 LIMIT 1   [ RunTime:0.0002s ]
SQL: SELECT * FROM `et_ordergoods` WHERE `orderid` = '0405689791505989058'  [ RunTime:0.0009s ]
SQL: SELECT `goodsname`,`goodsprice` FROM `et_shopgoods` WHERE `goodsid` = 236 LIMIT 1   [ RunTime:0.0002s ]
SQL: SELECT * FROM `et_ordergoods` WHERE `orderid` = '0405689791505988949'  [ RunTime:0.0008s ]
SQL: SELECT `goodsname`,`goodsprice` FROM `et_shopgoods` WHERE `goodsid` = 236 LIMIT 1   [ RunTime:0.0002s ]
SQL: SELECT * FROM `et_ordergoods` WHERE `orderid` = '152308681851505983098'  [ RunTime:0.0009s ]
SQL: SELECT `goodsname`,`goodsprice` FROM `et_shopgoods` WHERE `goodsid` = 236 LIMIT 1   [ RunTime:0.0002s ]
SQL: SELECT `goodsname`,`goodsprice` FROM `et_shopgoods` WHERE `goodsid` = 264 LIMIT 1   [ RunTime:0.0002s ]
SQL: SELECT `goodsname`,`goodsprice` FROM `et_shopgoods` WHERE `goodsid` = 527 LIMIT 1   [ RunTime:0.0002s ]
SQL: SELECT * FROM `et_ordergoods` WHERE `orderid` = '0405689791505983006'  [ RunTime:0.0009s ]
SQL: SELECT `goodsname`,`goodsprice` FROM `et_shopgoods` WHERE `goodsid` = 236 LIMIT 1   [ RunTime:0.0002s ]
SQL: SELECT `goodsname`,`goodsprice` FROM `et_shopgoods` WHERE `goodsid` = 264 LIMIT 1   [ RunTime:0.0002s ]

[ 2017-10-05T21:06:41+08:00 ] 183.198.227.31 /index.php/server/user/shopmesa
INFO: [ app_init ] --START--
INFO: Run Behavior\BuildLiteBehavior [ RunTime:0.000016s ]
INFO: [ app_init ] --END-- [ RunTime:0.000328s ]
INFO: [ app_begin ] --START--
INFO: Run Behavior\ReadHtmlCacheBehavior [ RunTime:0.000726s ]
INFO: [ app_begin ] --END-- [ RunTime:0.000792s ]
NOTIC: [8] A session had already been started - ignoring session_start() D:\wm\ThinkPHP\Common\functions.php 第 1263 行.
SQL: SHOW COLUMNS FROM `et_shopmessage` [ RunTime:0.0035s ]
SQL: SELECT `content`,`gotime`,`long`,`maxprice`,`maxlong`,`lkmoney`,`shophead`,`shopphoto`,`shopname`,`state`,`coordinate`,`detailed_address`,`mobile` FROM `et_shopmessage` WHERE `shopid` = 45 LIMIT 1   [ RunTime:0.0004s ]

[ 2017-10-05T21:07:10+08:00 ] 183.198.227.31 /index.php/server/user/shopmesa
INFO: [ app_init ] --START--
INFO: Run Behavior\BuildLiteBehavior [ RunTime:0.000016s ]
INFO: [ app_init ] --END-- [ RunTime:0.000317s ]
INFO: [ app_begin ] --START--
INFO: Run Behavior\ReadHtmlCacheBehavior [ RunTime:0.000510s ]
INFO: [ app_begin ] --END-- [ RunTime:0.000565s ]
NOTIC: [8] A session had already been started - ignoring session_start() D:\wm\ThinkPHP\Common\functions.php 第 1263 行.
SQL: SHOW COLUMNS FROM `et_shopmessage` [ RunTime:0.0035s ]
SQL: SELECT `content`,`gotime`,`long`,`maxprice`,`maxlong`,`lkmoney`,`shophead`,`shopphoto`,`shopname`,`state`,`coordinate`,`detailed_address`,`mobile` FROM `et_shopmessage` WHERE `shopid` = 45 LIMIT 1   [ RunTime:0.0003s ]

[ 2017-10-05T21:09:42+08:00 ] 183.198.227.31 /index.php/server/user/shopmesa
INFO: [ app_init ] --START--
INFO: Run Behavior\BuildLiteBehavior [ RunTime:0.000015s ]
INFO: [ app_init ] --END-- [ RunTime:0.000356s ]
INFO: [ app_begin ] --START--
INFO: Run Behavior\ReadHtmlCacheBehavior [ RunTime:0.000506s ]
INFO: [ app_begin ] --END-- [ RunTime:0.000558s ]
NOTIC: [8] A session had already been started - ignoring session_start() D:\wm\ThinkPHP\Common\functions.php 第 1263 行.
SQL: SHOW COLUMNS FROM `et_shopmessage` [ RunTime:0.0019s ]
SQL: SELECT `content`,`gotime`,`long`,`maxprice`,`maxlong`,`lkmoney`,`shophead`,`shopphoto`,`shopname`,`state`,`coordinate`,`detailed_address`,`mobile` FROM `et_shopmessage` WHERE `shopid` = 45 LIMIT 1   [ RunTime:0.0003s ]

[ 2017-10-05T21:10:44+08:00 ] 183.198.227.31 /index.php/server/user/logout
INFO: [ app_init ] --START--
INFO: Run Behavior\BuildLiteBehavior [ RunTime:0.000017s ]
INFO: [ app_init ] --END-- [ RunTime:0.000389s ]
INFO: [ app_begin ] --START--
INFO: Run Behavior\ReadHtmlCacheBehavior [ RunTime:0.000568s ]
INFO: [ app_begin ] --END-- [ RunTime:0.000628s ]
NOTIC: [8] A session had already been started - ignoring session_start() D:\wm\ThinkPHP\Common\functions.php 第 1263 行.
SQL: SHOW COLUMNS FROM `et_shopmessage` [ RunTime:0.0020s ]
SQL: SELECT * FROM `et_shopmessage` WHERE `shopid` = 45 LIMIT 1   [ RunTime:0.0003s ]
INFO: [ app_end ] --START--
INFO: Run Behavior\ShowPageTraceBehavior [ RunTime:0.000579s ]
INFO: [ app_end ] --END-- [ RunTime:0.000627s ]

[ 2017-10-05T21:10:55+08:00 ] 183.198.227.31 /index.php/server/user/logout
INFO: [ app_init ] --START--
INFO: Run Behavior\BuildLiteBehavior [ RunTime:0.000017s ]
INFO: [ app_init ] --END-- [ RunTime:0.000321s ]
INFO: [ app_begin ] --START--
INFO: Run Behavior\ReadHtmlCacheBehavior [ RunTime:0.000496s ]
INFO: [ app_begin ] --END-- [ RunTime:0.000565s ]
NOTIC: [8] A session had already been started - ignoring session_start() D:\wm\ThinkPHP\Common\functions.php 第 1263 行.
SQL: SHOW COLUMNS FROM `et_shopmessage` [ RunTime:0.0034s ]
SQL: SELECT * FROM `et_shopmessage` WHERE `shopid` = 45 LIMIT 1   [ RunTime:0.0004s ]
INFO: [ app_end ] --START--
INFO: Run Behavior\ShowPageTraceBehavior [ RunTime:0.000584s ]
INFO: [ app_end ] --END-- [ RunTime:0.000636s ]

[ 2017-10-05T21:11:08+08:00 ] 183.198.227.31 /index.php/server/user/logout
INFO: [ app_init ] --START--
INFO: Run Behavior\BuildLiteBehavior [ RunTime:0.000016s ]
INFO: [ app_init ] --END-- [ RunTime:0.000317s ]
INFO: [ app_begin ] --START--
INFO: Run Behavior\ReadHtmlCacheBehavior [ RunTime:0.000469s ]
INFO: [ app_begin ] --END-- [ RunTime:0.000522s ]
NOTIC: [8] A session had already been started - ignoring session_start() D:\wm\ThinkPHP\Common\functions.php 第 1263 行.
SQL: SHOW COLUMNS FROM `et_shopmessage` [ RunTime:0.0024s ]
SQL: SELECT * FROM `et_shopmessage` WHERE `shopid` = 45 LIMIT 1   [ RunTime:0.0004s ]
INFO: [ app_end ] --START--
INFO: Run Behavior\ShowPageTraceBehavior [ RunTime:0.000644s ]
INFO: [ app_end ] --END-- [ RunTime:0.000703s ]

[ 2017-10-05T21:11:16+08:00 ] 183.198.227.31 /index.php/server/user/logout
INFO: [ app_init ] --START--
INFO: Run Behavior\BuildLiteBehavior [ RunTime:0.000015s ]
INFO: [ app_init ] --END-- [ RunTime:0.000308s ]
INFO: [ app_begin ] --START--
INFO: Run Behavior\ReadHtmlCacheBehavior [ RunTime:0.000520s ]
INFO: [ app_begin ] --END-- [ RunTime:0.000592s ]
NOTIC: [8] A session had already been started - ignoring session_start() D:\wm\ThinkPHP\Common\functions.php 第 1263 行.
SQL: SHOW COLUMNS FROM `et_shopmessage` [ RunTime:0.0021s ]
SQL: SELECT * FROM `et_shopmessage` WHERE `shopid` = 45 LIMIT 1   [ RunTime:0.0003s ]
INFO: [ app_end ] --START--
INFO: Run Behavior\ShowPageTraceBehavior [ RunTime:0.000533s ]
INFO: [ app_end ] --END-- [ RunTime:0.000582s ]

[ 2017-10-05T21:11:32+08:00 ] 183.198.227.31 /index.php/server/user/logout
INFO: [ app_init ] --START--
INFO: Run Behavior\BuildLiteBehavior [ RunTime:0.000019s ]
INFO: [ app_init ] --END-- [ RunTime:0.000333s ]
INFO: [ app_begin ] --START--
INFO: Run Behavior\ReadHtmlCacheBehavior [ RunTime:0.000607s ]
INFO: [ app_begin ] --END-- [ RunTime:0.000661s ]
NOTIC: [8] A session had already been started - ignoring session_start() D:\wm\ThinkPHP\Common\functions.php 第 1263 行.
SQL: SHOW COLUMNS FROM `et_shopmessage` [ RunTime:0.0026s ]
SQL: SELECT * FROM `et_shopmessage` WHERE `shopid` = 45 LIMIT 1   [ RunTime:0.0005s ]
INFO: [ app_end ] --START--
INFO: Run Behavior\ShowPageTraceBehavior [ RunTime:0.000960s ]
INFO: [ app_end ] --END-- [ RunTime:0.001038s ]

[ 2017-10-05T21:11:44+08:00 ] 183.198.227.31 /index.php/server/user/logout
INFO: [ app_init ] --START--
INFO: Run Behavior\BuildLiteBehavior [ RunTime:0.000025s ]
INFO: [ app_init ] --END-- [ RunTime:0.000421s ]
INFO: [ app_begin ] --START--
INFO: Run Behavior\ReadHtmlCacheBehavior [ RunTime:0.000609s ]
INFO: [ app_begin ] --END-- [ RunTime:0.000665s ]
NOTIC: [8] A session had already been started - ignoring session_start() D:\wm\ThinkPHP\Common\functions.php 第 1263 行.
SQL: SHOW COLUMNS FROM `et_shopmessage` [ RunTime:0.0030s ]
SQL: SELECT * FROM `et_shopmessage` WHERE `shopid` = 45 LIMIT 1   [ RunTime:0.0003s ]
INFO: [ app_end ] --START--
INFO: Run Behavior\ShowPageTraceBehavior [ RunTime:0.000640s ]
INFO: [ app_end ] --END-- [ RunTime:0.000688s ]

[ 2017-10-05T21:11:46+08:00 ] 183.198.227.31 /index.php/server/user/logout
INFO: [ app_init ] --START--
INFO: Run Behavior\BuildLiteBehavior [ RunTime:0.000015s ]
INFO: [ app_init ] --END-- [ RunTime:0.000347s ]
INFO: [ app_begin ] --START--
INFO: Run Behavior\ReadHtmlCacheBehavior [ RunTime:0.000498s ]
INFO: [ app_begin ] --END-- [ RunTime:0.000550s ]
NOTIC: [8] A session had already been started - ignoring session_start() D:\wm\ThinkPHP\Common\functions.php 第 1263 行.
SQL: SHOW COLUMNS FROM `et_shopmessage` [ RunTime:0.0031s ]
SQL: SELECT * FROM `et_shopmessage` WHERE `shopid` = 45 LIMIT 1   [ RunTime:0.0003s ]
INFO: [ app_end ] --START--
INFO: Run Behavior\ShowPageTraceBehavior [ RunTime:0.000619s ]
INFO: [ app_end ] --END-- [ RunTime:0.000669s ]

[ 2017-10-05T21:11:46+08:00 ] 183.198.227.31 /index.php/server/user/logout
INFO: [ app_init ] --START--
INFO: Run Behavior\BuildLiteBehavior [ RunTime:0.000023s ]
INFO: [ app_init ] --END-- [ RunTime:0.000349s ]
INFO: [ app_begin ] --START--
INFO: Run Behavior\ReadHtmlCacheBehavior [ RunTime:0.000570s ]
INFO: [ app_begin ] --END-- [ RunTime:0.000634s ]
NOTIC: [8] A session had already been started - ignoring session_start() D:\wm\ThinkPHP\Common\functions.php 第 1263 行.
SQL: SHOW COLUMNS FROM `et_shopmessage` [ RunTime:0.0023s ]
SQL: SELECT * FROM `et_shopmessage` WHERE `shopid` = 45 LIMIT 1   [ RunTime:0.0003s ]
INFO: [ app_end ] --START--
INFO: Run Behavior\ShowPageTraceBehavior [ RunTime:0.000701s ]
INFO: [ app_end ] --END-- [ RunTime:0.000752s ]

[ 2017-10-05T21:11:46+08:00 ] 183.198.227.31 /index.php/server/user/logout
INFO: [ app_init ] --START--
INFO: Run Behavior\BuildLiteBehavior [ RunTime:0.000016s ]
INFO: [ app_init ] --END-- [ RunTime:0.000324s ]
INFO: [ app_begin ] --START--
INFO: Run Behavior\ReadHtmlCacheBehavior [ RunTime:0.000525s ]
INFO: [ app_begin ] --END-- [ RunTime:0.000586s ]
NOTIC: [8] A session had already been started - ignoring session_start() D:\wm\ThinkPHP\Common\functions.php 第 1263 行.
SQL: SHOW COLUMNS FROM `et_shopmessage` [ RunTime:0.0026s ]
SQL: SELECT * FROM `et_shopmessage` WHERE `shopid` = 45 LIMIT 1   [ RunTime:0.0003s ]
INFO: [ app_end ] --START--
INFO: Run Behavior\ShowPageTraceBehavior [ RunTime:0.000678s ]
INFO: [ app_end ] --END-- [ RunTime:0.000740s ]

[ 2017-10-05T21:11:46+08:00 ] 183.198.227.31 /index.php/server/user/logout
INFO: [ app_init ] --START--
INFO: Run Behavior\BuildLiteBehavior [ RunTime:0.000016s ]
INFO: [ app_init ] --END-- [ RunTime:0.000331s ]
INFO: [ app_begin ] --START--
INFO: Run Behavior\ReadHtmlCacheBehavior [ RunTime:0.000555s ]
INFO: [ app_begin ] --END-- [ RunTime:0.000608s ]
NOTIC: [8] A session had already been started - ignoring session_start() D:\wm\ThinkPHP\Common\functions.php 第 1263 行.
SQL: SHOW COLUMNS FROM `et_shopmessage` [ RunTime:0.0024s ]
SQL: SELECT * FROM `et_shopmessage` WHERE `shopid` = 45 LIMIT 1   [ RunTime:0.0003s ]
INFO: [ app_end ] --START--
INFO: Run Behavior\ShowPageTraceBehavior [ RunTime:0.000621s ]
INFO: [ app_end ] --END-- [ RunTime:0.000669s ]

[ 2017-10-05T21:11:46+08:00 ] 183.198.227.31 /index.php/server/user/logout
INFO: [ app_init ] --START--
INFO: Run Behavior\BuildLiteBehavior [ RunTime:0.000016s ]
INFO: [ app_init ] --END-- [ RunTime:0.000355s ]
INFO: [ app_begin ] --START--
INFO: Run Behavior\ReadHtmlCacheBehavior [ RunTime:0.000523s ]
INFO: [ app_begin ] --END-- [ RunTime:0.000576s ]
NOTIC: [8] A session had already been started - ignoring session_start() D:\wm\ThinkPHP\Common\functions.php 第 1263 行.
SQL: SHOW COLUMNS FROM `et_shopmessage` [ RunTime:0.0025s ]
SQL: SELECT * FROM `et_shopmessage` WHERE `shopid` = 45 LIMIT 1   [ RunTime:0.0003s ]
INFO: [ app_end ] --START--
INFO: Run Behavior\ShowPageTraceBehavior [ RunTime:0.000581s ]
INFO: [ app_end ] --END-- [ RunTime:0.000629s ]

[ 2017-10-05T21:15:10+08:00 ] 183.198.227.31 /index.php/server/user/login
INFO: [ app_init ] --START--
INFO: Run Behavior\BuildLiteBehavior [ RunTime:0.000021s ]
INFO: [ app_init ] --END-- [ RunTime:0.000463s ]
INFO: [ app_begin ] --START--
INFO: Run Behavior\ReadHtmlCacheBehavior [ RunTime:0.000576s ]
INFO: [ app_begin ] --END-- [ RunTime:0.000631s ]
NOTIC: [8] A session had already been started - ignoring session_start() D:\wm\ThinkPHP\Common\functions.php 第 1263 行.
SQL: SHOW COLUMNS FROM `et_shop` [ RunTime:0.0025s ]
SQL: SELECT `shopid` FROM `et_shop` WHERE `phone` = '17180196582' AND `password` = 'bbf8c7f9d9e373b69aeb953b5f87b730' LIMIT 1   [ RunTime:0.0003s ]

[ 2017-10-05T21:15:14+08:00 ] 183.198.227.31 /index.php/server/user/login
INFO: [ app_init ] --START--
INFO: Run Behavior\BuildLiteBehavior [ RunTime:0.000017s ]
INFO: [ app_init ] --END-- [ RunTime:0.000405s ]
INFO: [ app_begin ] --START--
INFO: Run Behavior\ReadHtmlCacheBehavior [ RunTime:0.000555s ]
INFO: [ app_begin ] --END-- [ RunTime:0.000610s ]
NOTIC: [8] A session had already been started - ignoring session_start() D:\wm\ThinkPHP\Common\functions.php 第 1263 行.
SQL: SHOW COLUMNS FROM `et_shop` [ RunTime:0.0028s ]
SQL: SELECT `shopid` FROM `et_shop` WHERE `phone` = '17180196582' AND `password` = '32b2243ec88e532ba45c006478f35a7e' LIMIT 1   [ RunTime:0.0003s ]

[ 2017-10-05T21:15:19+08:00 ] 183.198.227.31 /index.php/server/user/login
INFO: [ app_init ] --START--
INFO: Run Behavior\BuildLiteBehavior [ RunTime:0.000024s ]
INFO: [ app_init ] --END-- [ RunTime:0.000438s ]
INFO: [ app_begin ] --START--
INFO: Run Behavior\ReadHtmlCacheBehavior [ RunTime:0.000635s ]
INFO: [ app_begin ] --END-- [ RunTime:0.000699s ]
NOTIC: [8] A session had already been started - ignoring session_start() D:\wm\ThinkPHP\Common\functions.php 第 1263 行.
SQL: SHOW COLUMNS FROM `et_shop` [ RunTime:0.0026s ]
SQL: SELECT `shopid` FROM `et_shop` WHERE `phone` = '17180196582' AND `password` = 'bc13ec4937f9a6a5a8bd5e02bbcc14c1' LIMIT 1   [ RunTime:0.0003s ]

[ 2017-10-05T21:15:35+08:00 ] 183.198.227.31 /index.php/server/user/login
INFO: [ app_init ] --START--
INFO: Run Behavior\BuildLiteBehavior [ RunTime:0.000019s ]
INFO: [ app_init ] --END-- [ RunTime:0.000498s ]
INFO: [ app_begin ] --START--
INFO: Run Behavior\ReadHtmlCacheBehavior [ RunTime:0.000546s ]
INFO: [ app_begin ] --END-- [ RunTime:0.000611s ]
NOTIC: [8] A session had already been started - ignoring session_start() D:\wm\ThinkPHP\Common\functions.php 第 1263 行.
SQL: SHOW COLUMNS FROM `et_shop` [ RunTime:0.0032s ]
SQL: SELECT `shopid` FROM `et_shop` WHERE `phone` = '17180196582' AND `password` = '58a2e4591e270d890c2ba8f7c3121028' LIMIT 1   [ RunTime:0.0004s ]

[ 2017-10-05T21:15:47+08:00 ] 183.198.227.31 /index.php/server/user/login
INFO: [ app_init ] --START--
INFO: Run Behavior\BuildLiteBehavior [ RunTime:0.000017s ]
INFO: [ app_init ] --END-- [ RunTime:0.000355s ]
INFO: [ app_begin ] --START--
INFO: Run Behavior\ReadHtmlCacheBehavior [ RunTime:0.000552s ]
INFO: [ app_begin ] --END-- [ RunTime:0.000616s ]
NOTIC: [8] A session had already been started - ignoring session_start() D:\wm\ThinkPHP\Common\functions.php 第 1263 行.
SQL: SHOW COLUMNS FROM `et_shop` [ RunTime:0.0029s ]
SQL: SELECT `shopid` FROM `et_shop` WHERE `phone` = '17180196582' AND `password` = '32b2243ec88e532ba45c006478f35a7e' LIMIT 1   [ RunTime:0.0003s ]

[ 2017-10-05T21:16:33+08:00 ] 183.198.227.31 /index.php/server/user/login
INFO: [ app_init ] --START--
INFO: Run Behavior\BuildLiteBehavior [ RunTime:0.000018s ]
INFO: [ app_init ] --END-- [ RunTime:0.000410s ]
INFO: [ app_begin ] --START--
INFO: Run Behavior\ReadHtmlCacheBehavior [ RunTime:0.000538s ]
INFO: [ app_begin ] --END-- [ RunTime:0.000602s ]
NOTIC: [8] A session had already been started - ignoring session_start() D:\wm\ThinkPHP\Common\functions.php 第 1263 行.
SQL: SHOW COLUMNS FROM `et_shop` [ RunTime:0.0026s ]
SQL: SELECT `shopid` FROM `et_shop` WHERE `phone` = '17180136582' AND `password` = '32b2243ec88e532ba45c006478f35a7e' LIMIT 1   [ RunTime:0.0003s ]

[ 2017-10-05T21:16:34+08:00 ] 183.198.227.31 /index.php/server/order/norderlist
INFO: [ app_init ] --START--
INFO: Run Behavior\BuildLiteBehavior [ RunTime:0.000021s ]
INFO: [ app_init ] --END-- [ RunTime:0.000406s ]
INFO: [ app_begin ] --START--
INFO: Run Behavior\ReadHtmlCacheBehavior [ RunTime:0.002333s ]
INFO: [ app_begin ] --END-- [ RunTime:0.002401s ]
NOTIC: [8] A session had already been started - ignoring session_start() D:\wm\ThinkPHP\Common\functions.php 第 1263 行.
SQL: SHOW COLUMNS FROM `et_orders` [ RunTime:0.0033s ]
SQL: SELECT * FROM `et_orders` WHERE `state` IN ('1','2') AND `shopid` = 13 AND `statu` = 2  [ RunTime:0.0013s ]
SQL: SHOW COLUMNS FROM `et_ordergoods` [ RunTime:0.0028s ]
SQL: SELECT * FROM `et_ordergoods` WHERE `orderid` = '1234561505961870'  [ RunTime:0.0010s ]
SQL: SHOW COLUMNS FROM `et_shopgoods` [ RunTime:0.0024s ]
SQL: SELECT `goodsname`,`goodsprice` FROM `et_shopgoods` WHERE `goodsid` = 146 LIMIT 1   [ RunTime:0.0003s ]
SQL: SELECT * FROM `et_ordergoods` WHERE `orderid` = '1234561505962849'  [ RunTime:0.0009s ]
SQL: SELECT `goodsname`,`goodsprice` FROM `et_shopgoods` WHERE `goodsid` = 151 LIMIT 1   [ RunTime:0.0002s ]
SQL: SELECT * FROM `et_ordergoods` WHERE `orderid` = '1505270711'  [ RunTime:0.0010s ]
SQL: SELECT `goodsname`,`goodsprice` FROM `et_shopgoods` WHERE `goodsid` = 146 LIMIT 1   [ RunTime:0.0002s ]
SQL: SELECT * FROM `et_ordergoods` WHERE `orderid` = '15230861505962917'  [ RunTime:0.0009s ]
SQL: SELECT `goodsname`,`goodsprice` FROM `et_shopgoods` WHERE `goodsid` = 151 LIMIT 1   [ RunTime:0.0002s ]
SQL: SELECT `goodsname`,`goodsprice` FROM `et_shopgoods` WHERE `goodsid` = 152 LIMIT 1   [ RunTime:1.0886s ]

[ 2017-10-05T21:16:35+08:00 ] 183.198.227.31 /index.php/server/order/yorderlist
INFO: [ app_init ] --START--
INFO: Run Behavior\BuildLiteBehavior [ RunTime:0.000015s ]
INFO: [ app_init ] --END-- [ RunTime:0.000311s ]
INFO: [ app_begin ] --START--
INFO: Run Behavior\ReadHtmlCacheBehavior [ RunTime:0.000475s ]
INFO: [ app_begin ] --END-- [ RunTime:0.000527s ]
NOTIC: [8] A session had already been started - ignoring session_start() D:\wm\ThinkPHP\Common\functions.php 第 1263 行.
SQL: SHOW COLUMNS FROM `et_orders` [ RunTime:0.0028s ]
SQL: SELECT * FROM `et_orders` WHERE ( (statu = 2 and state in (3,4,5)) or (statu in (1,3) and state in (1,2)) ) AND `shopid` = 13 AND `states` = 1 ORDER BY addtime desc LIMIT 0,8   [ RunTime:0.3600s ]
SQL: SHOW COLUMNS FROM `et_ordergoods` [ RunTime:0.0056s ]
SQL: SELECT * FROM `et_ordergoods` WHERE `orderid` = '1505271941'  [ RunTime:0.0013s ]
SQL: SHOW COLUMNS FROM `et_shopgoods` [ RunTime:0.0046s ]
SQL: SELECT `goodsname`,`goodsprice` FROM `et_shopgoods` WHERE `goodsid` = 146 LIMIT 1   [ RunTime:0.0003s ]
SQL: SELECT * FROM `et_ordergoods` WHERE `orderid` = '1505271859'  [ RunTime:0.0011s ]
SQL: SELECT `goodsname`,`goodsprice` FROM `et_shopgoods` WHERE `goodsid` = 146 LIMIT 1   [ RunTime:0.0002s ]
SQL: SELECT * FROM `et_ordergoods` WHERE `orderid` = '1505271622'  [ RunTime:0.0011s ]
SQL: SELECT `goodsname`,`goodsprice` FROM `et_shopgoods` WHERE `goodsid` = 146 LIMIT 1   [ RunTime:0.0003s ]
SQL: SELECT * FROM `et_ordergoods` WHERE `orderid` = '1505270583'  [ RunTime:0.0011s ]
SQL: SELECT `goodsname`,`goodsprice` FROM `et_shopgoods` WHERE `goodsid` = 146 LIMIT 1   [ RunTime:0.0002s ]
SQL: SELECT * FROM `et_ordergoods` WHERE `orderid` = '1505270276'  [ RunTime:0.0011s ]
SQL: SELECT `goodsname`,`goodsprice` FROM `et_shopgoods` WHERE `goodsid` = 146 LIMIT 1   [ RunTime:0.0002s ]
SQL: SELECT * FROM `et_ordergoods` WHERE `orderid` = '1505270047'  [ RunTime:0.0010s ]
SQL: SELECT `goodsname`,`goodsprice` FROM `et_shopgoods` WHERE `goodsid` = 146 LIMIT 1   [ RunTime:0.0003s ]
SQL: SELECT `goodsname`,`goodsprice` FROM `et_shopgoods` WHERE `goodsid` = 151 LIMIT 1   [ RunTime:0.0002s ]
SQL: SELECT * FROM `et_ordergoods` WHERE `orderid` = '1505269845'  [ RunTime:0.0010s ]
SQL: SELECT `goodsname`,`goodsprice` FROM `et_shopgoods` WHERE `goodsid` = 146 LIMIT 1   [ RunTime:0.0002s ]
SQL: SELECT * FROM `et_ordergoods` WHERE `orderid` = '1505183785'  [ RunTime:0.0011s ]
SQL: SELECT `goodsname`,`goodsprice` FROM `et_shopgoods` WHERE `goodsid` = 146 LIMIT 1   [ RunTime:0.0002s ]

[ 2017-10-05T21:16:36+08:00 ] 183.198.227.31 /index.php/server/user/shopmesa
INFO: [ app_init ] --START--
INFO: Run Behavior\BuildLiteBehavior [ RunTime:0.000024s ]
INFO: [ app_init ] --END-- [ RunTime:0.000407s ]
INFO: [ app_begin ] --START--
INFO: Run Behavior\ReadHtmlCacheBehavior [ RunTime:0.000569s ]
INFO: [ app_begin ] --END-- [ RunTime:0.000622s ]
NOTIC: [8] A session had already been started - ignoring session_start() D:\wm\ThinkPHP\Common\functions.php 第 1263 行.
SQL: SHOW COLUMNS FROM `et_shopmessage` [ RunTime:0.0026s ]
SQL: SELECT `content`,`gotime`,`long`,`maxprice`,`maxlong`,`lkmoney`,`shophead`,`shopphoto`,`shopname`,`state`,`coordinate`,`detailed_address`,`mobile` FROM `et_shopmessage` WHERE `shopid` = 13 LIMIT 1   [ RunTime:0.0003s ]
SQL: SHOW COLUMNS FROM `et_mingxi` [ RunTime:0.0018s ]
SQL: SELECT * FROM `et_mingxi` WHERE `addtime` BETWEEN '2017-10-05 00:00:00' AND '2017-10-05 21:16:36' AND `shopid` = 13 AND `flag` = 1  [ RunTime:0.0006s ]
SQL: SHOW COLUMNS FROM `et_orders` [ RunTime:0.0026s ]
SQL: SELECT * FROM `et_orders` WHERE `addtime` BETWEEN '2017-10-05 00:00:00' AND '2017-10-05 21:16:36' AND `state` IN ('3','4','5') AND `shopid` = 13  [ RunTime:0.0011s ]

[ 2017-10-05T21:16:46+08:00 ] 183.198.227.31 /index.php/server/user/shopmesa
INFO: [ app_init ] --START--
INFO: Run Behavior\BuildLiteBehavior [ RunTime:0.000016s ]
INFO: [ app_init ] --END-- [ RunTime:0.000324s ]
INFO: [ app_begin ] --START--
INFO: Run Behavior\ReadHtmlCacheBehavior [ RunTime:0.000507s ]
INFO: [ app_begin ] --END-- [ RunTime:0.000562s ]
NOTIC: [8] A session had already been started - ignoring session_start() D:\wm\ThinkPHP\Common\functions.php 第 1263 行.
SQL: SHOW COLUMNS FROM `et_shopmessage` [ RunTime:0.0021s ]
SQL: SELECT `content`,`gotime`,`long`,`maxprice`,`maxlong`,`lkmoney`,`shophead`,`shopphoto`,`shopname`,`state`,`coordinate`,`detailed_address`,`mobile` FROM `et_shopmessage` WHERE `shopid` = 13 LIMIT 1   [ RunTime:0.0003s ]
SQL: SHOW COLUMNS FROM `et_mingxi` [ RunTime:0.0023s ]
SQL: SELECT * FROM `et_mingxi` WHERE `addtime` BETWEEN '2017-10-05 00:00:00' AND '2017-10-05 21:16:46' AND `shopid` = 13 AND `flag` = 1  [ RunTime:0.0005s ]
SQL: SHOW COLUMNS FROM `et_orders` [ RunTime:0.0024s ]
SQL: SELECT * FROM `et_orders` WHERE `addtime` BETWEEN '2017-10-05 00:00:00' AND '2017-10-05 21:16:46' AND `state` IN ('3','4','5') AND `shopid` = 13  [ RunTime:0.0010s ]

[ 2017-10-05T21:16:49+08:00 ] 183.198.227.31 /index.php/server/user/shopmesa
INFO: [ app_init ] --START--
INFO: Run Behavior\BuildLiteBehavior [ RunTime:0.000017s ]
INFO: [ app_init ] --END-- [ RunTime:0.000393s ]
INFO: [ app_begin ] --START--
INFO: Run Behavior\ReadHtmlCacheBehavior [ RunTime:0.000633s ]
INFO: [ app_begin ] --END-- [ RunTime:0.000687s ]
NOTIC: [8] A session had already been started - ignoring session_start() D:\wm\ThinkPHP\Common\functions.php 第 1263 行.
SQL: SHOW COLUMNS FROM `et_shopmessage` [ RunTime:0.0044s ]
SQL: SELECT `content`,`gotime`,`long`,`maxprice`,`maxlong`,`lkmoney`,`shophead`,`shopphoto`,`shopname`,`state`,`coordinate`,`detailed_address`,`mobile` FROM `et_shopmessage` WHERE `shopid` = 13 LIMIT 1   [ RunTime:0.0003s ]
SQL: SHOW COLUMNS FROM `et_mingxi` [ RunTime:0.0025s ]
SQL: SELECT * FROM `et_mingxi` WHERE `addtime` BETWEEN '2017-10-05 00:00:00' AND '2017-10-05 21:16:49' AND `shopid` = 13 AND `flag` = 1  [ RunTime:0.0005s ]
SQL: SHOW COLUMNS FROM `et_orders` [ RunTime:0.0029s ]
SQL: SELECT * FROM `et_orders` WHERE `addtime` BETWEEN '2017-10-05 00:00:00' AND '2017-10-05 21:16:49' AND `state` IN ('3','4','5') AND `shopid` = 13  [ RunTime:0.0011s ]

[ 2017-10-05T21:18:39+08:00 ] 183.198.227.31 /index.php/server/user/shopmesa
INFO: [ app_init ] --START--
INFO: Run Behavior\BuildLiteBehavior [ RunTime:0.000026s ]
INFO: [ app_init ] --END-- [ RunTime:0.000332s ]
INFO: [ app_begin ] --START--
INFO: Run Behavior\ReadHtmlCacheBehavior [ RunTime:0.000598s ]
INFO: [ app_begin ] --END-- [ RunTime:0.000675s ]
NOTIC: [8] A session had already been started - ignoring session_start() D:\wm\ThinkPHP\Common\functions.php 第 1263 行.
SQL: SHOW COLUMNS FROM `et_shopmessage` [ RunTime:0.0047s ]
SQL: SELECT `content`,`gotime`,`long`,`maxprice`,`maxlong`,`lkmoney`,`shophead`,`shopphoto`,`shopname`,`state`,`coordinate`,`detailed_address`,`mobile` FROM `et_shopmessage` WHERE `shopid` = 13 LIMIT 1   [ RunTime:0.0005s ]
SQL: SHOW COLUMNS FROM `et_mingxi` [ RunTime:0.0030s ]
SQL: SELECT * FROM `et_mingxi` WHERE `addtime` BETWEEN '2017-10-05 00:00:00' AND '2017-10-05 21:18:39' AND `shopid` = 13 AND `flag` = 1  [ RunTime:0.0008s ]
SQL: SHOW COLUMNS FROM `et_orders` [ RunTime:0.0027s ]
SQL: SELECT * FROM `et_orders` WHERE `addtime` BETWEEN '2017-10-05 00:00:00' AND '2017-10-05 21:18:39' AND `state` IN ('3','4','5') AND `shopid` = 13  [ RunTime:0.0018s ]

[ 2017-10-05T21:18:40+08:00 ] 183.198.227.31 /index.php/server/order/mingxi
INFO: [ app_init ] --START--
INFO: Run Behavior\BuildLiteBehavior [ RunTime:0.000018s ]
INFO: [ app_init ] --END-- [ RunTime:0.000326s ]
INFO: [ app_begin ] --START--
INFO: Run Behavior\ReadHtmlCacheBehavior [ RunTime:0.000608s ]
INFO: [ app_begin ] --END-- [ RunTime:0.000671s ]
NOTIC: [8] A session had already been started - ignoring session_start() D:\wm\ThinkPHP\Common\functions.php 第 1263 行.
SQL: SHOW COLUMNS FROM `et_mingxi` [ RunTime:0.0049s ]
SQL: SELECT * FROM `et_mingxi` WHERE `shopid` = 13 AND `flag` = 1 ORDER BY addtime desc LIMIT 0,8   [ RunTime:0.0009s ]

[ 2017-10-05T21:18:42+08:00 ] 183.198.227.31 /index.php/server/user/shopmesa
INFO: [ app_init ] --START--
INFO: Run Behavior\BuildLiteBehavior [ RunTime:0.000017s ]
INFO: [ app_init ] --END-- [ RunTime:0.000333s ]
INFO: [ app_begin ] --START--
INFO: Run Behavior\ReadHtmlCacheBehavior [ RunTime:0.000520s ]
INFO: [ app_begin ] --END-- [ RunTime:0.000574s ]
NOTIC: [8] A session had already been started - ignoring session_start() D:\wm\ThinkPHP\Common\functions.php 第 1263 行.
SQL: SHOW COLUMNS FROM `et_shopmessage` [ RunTime:0.0032s ]
SQL: SELECT `content`,`gotime`,`long`,`maxprice`,`maxlong`,`lkmoney`,`shophead`,`shopphoto`,`shopname`,`state`,`coordinate`,`detailed_address`,`mobile` FROM `et_shopmessage` WHERE `shopid` = 13 LIMIT 1   [ RunTime:0.0003s ]
SQL: SHOW COLUMNS FROM `et_mingxi` [ RunTime:0.0021s ]
SQL: SELECT * FROM `et_mingxi` WHERE `addtime` BETWEEN '2017-10-05 00:00:00' AND '2017-10-05 21:18:42' AND `shopid` = 13 AND `flag` = 1  [ RunTime:0.0004s ]
SQL: SHOW COLUMNS FROM `et_orders` [ RunTime:0.0025s ]
SQL: SELECT * FROM `et_orders` WHERE `addtime` BETWEEN '2017-10-05 00:00:00' AND '2017-10-05 21:18:42' AND `state` IN ('3','4','5') AND `shopid` = 13  [ RunTime:0.0011s ]

[ 2017-10-05T21:18:43+08:00 ] 183.198.227.31 /index.php/server/user/shopmesa
INFO: [ app_init ] --START--
INFO: Run Behavior\BuildLiteBehavior [ RunTime:0.000016s ]
INFO: [ app_init ] --END-- [ RunTime:0.000291s ]
INFO: [ app_begin ] --START--
INFO: Run Behavior\ReadHtmlCacheBehavior [ RunTime:0.000433s ]
INFO: [ app_begin ] --END-- [ RunTime:0.000487s ]
NOTIC: [8] A session had already been started - ignoring session_start() D:\wm\ThinkPHP\Common\functions.php 第 1263 行.
SQL: SHOW COLUMNS FROM `et_shopmessage` [ RunTime:0.0025s ]
SQL: SELECT `content`,`gotime`,`long`,`maxprice`,`maxlong`,`lkmoney`,`shophead`,`shopphoto`,`shopname`,`state`,`coordinate`,`detailed_address`,`mobile` FROM `et_shopmessage` WHERE `shopid` = 13 LIMIT 1   [ RunTime:0.0003s ]
SQL: SHOW COLUMNS FROM `et_mingxi` [ RunTime:0.0028s ]
SQL: SELECT * FROM `et_mingxi` WHERE `addtime` BETWEEN '2017-10-05 00:00:00' AND '2017-10-05 21:18:43' AND `shopid` = 13 AND `flag` = 1  [ RunTime:0.0005s ]
SQL: SHOW COLUMNS FROM `et_orders` [ RunTime:0.0028s ]
SQL: SELECT * FROM `et_orders` WHERE `addtime` BETWEEN '2017-10-05 00:00:00' AND '2017-10-05 21:18:43' AND `state` IN ('3','4','5') AND `shopid` = 13  [ RunTime:0.0011s ]

[ 2017-10-05T21:18:45+08:00 ] 183.198.227.31 /index.php/server/user/shopmesa
INFO: [ app_init ] --START--
INFO: Run Behavior\BuildLiteBehavior [ RunTime:0.000024s ]
INFO: [ app_init ] --END-- [ RunTime:0.000394s ]
INFO: [ app_begin ] --START--
INFO: Run Behavior\ReadHtmlCacheBehavior [ RunTime:0.000631s ]
INFO: [ app_begin ] --END-- [ RunTime:0.000701s ]
NOTIC: [8] A session had already been started - ignoring session_start() D:\wm\ThinkPHP\Common\functions.php 第 1263 行.
SQL: SHOW COLUMNS FROM `et_shopmessage` [ RunTime:0.0044s ]
SQL: SELECT `content`,`gotime`,`long`,`maxprice`,`maxlong`,`lkmoney`,`shophead`,`shopphoto`,`shopname`,`state`,`coordinate`,`detailed_address`,`mobile` FROM `et_shopmessage` WHERE `shopid` = 13 LIMIT 1   [ RunTime:0.0004s ]
SQL: SHOW COLUMNS FROM `et_mingxi` [ RunTime:0.0029s ]
SQL: SELECT * FROM `et_mingxi` WHERE `addtime` BETWEEN '2017-10-05 00:00:00' AND '2017-10-05 21:18:45' AND `shopid` = 13 AND `flag` = 1  [ RunTime:0.0006s ]
SQL: SHOW COLUMNS FROM `et_orders` [ RunTime:0.0035s ]
SQL: SELECT * FROM `et_orders` WHERE `addtime` BETWEEN '2017-10-05 00:00:00' AND '2017-10-05 21:18:45' AND `state` IN ('3','4','5') AND `shopid` = 13  [ RunTime:0.0017s ]

[ 2017-10-05T21:18:47+08:00 ] 183.198.227.31 /index.php/server/user/shopmesa
INFO: [ app_init ] --START--
INFO: Run Behavior\BuildLiteBehavior [ RunTime:0.000028s ]
INFO: [ app_init ] --END-- [ RunTime:0.000439s ]
INFO: [ app_begin ] --START--
INFO: Run Behavior\ReadHtmlCacheBehavior [ RunTime:0.001053s ]
INFO: [ app_begin ] --END-- [ RunTime:0.001123s ]
NOTIC: [8] A session had already been started - ignoring session_start() D:\wm\ThinkPHP\Common\functions.php 第 1263 行.
SQL: SHOW COLUMNS FROM `et_shopmessage` [ RunTime:0.0023s ]
SQL: SELECT `content`,`gotime`,`long`,`maxprice`,`maxlong`,`lkmoney`,`shophead`,`shopphoto`,`shopname`,`state`,`coordinate`,`detailed_address`,`mobile` FROM `et_shopmessage` WHERE `shopid` = 13 LIMIT 1   [ RunTime:0.0004s ]
SQL: SHOW COLUMNS FROM `et_mingxi` [ RunTime:0.0028s ]
SQL: SELECT * FROM `et_mingxi` WHERE `addtime` BETWEEN '2017-10-05 00:00:00' AND '2017-10-05 21:18:47' AND `shopid` = 13 AND `flag` = 1  [ RunTime:0.0005s ]
SQL: SHOW COLUMNS FROM `et_orders` [ RunTime:0.0023s ]
SQL: SELECT * FROM `et_orders` WHERE `addtime` BETWEEN '2017-10-05 00:00:00' AND '2017-10-05 21:18:47' AND `state` IN ('3','4','5') AND `shopid` = 13  [ RunTime:0.0010s ]

[ 2017-10-05T21:19:01+08:00 ] 183.198.227.31 /index.php/server/shop/editlmoney
INFO: [ app_init ] --START--
INFO: Run Behavior\BuildLiteBehavior [ RunTime:0.000076s ]
INFO: [ app_init ] --END-- [ RunTime:0.000477s ]
INFO: [ app_begin ] --START--
INFO: Run Behavior\ReadHtmlCacheBehavior [ RunTime:0.000504s ]
INFO: [ app_begin ] --END-- [ RunTime:0.000561s ]
NOTIC: [8] A session had already been started - ignoring session_start() D:\wm\ThinkPHP\Common\functions.php 第 1263 行.
ERR: 非法操作:editlmoney

[ 2017-10-05T21:20:35+08:00 ] 183.198.227.31 /index.php/server/order/norderlist
INFO: [ app_init ] --START--
INFO: Run Behavior\BuildLiteBehavior [ RunTime:0.000022s ]
INFO: [ app_init ] --END-- [ RunTime:0.000379s ]
INFO: [ app_begin ] --START--
INFO: Run Behavior\ReadHtmlCacheBehavior [ RunTime:0.000792s ]
INFO: [ app_begin ] --END-- [ RunTime:0.000882s ]
NOTIC: [8] A session had already been started - ignoring session_start() D:\wm\ThinkPHP\Common\functions.php 第 1263 行.
SQL: SHOW COLUMNS FROM `et_orders` [ RunTime:0.0038s ]
SQL: SELECT * FROM `et_orders` WHERE `state` IN ('1','2') AND `shopid` = 13 AND `statu` = 2  [ RunTime:0.0014s ]
SQL: SHOW COLUMNS FROM `et_ordergoods` [ RunTime:0.0048s ]
SQL: SELECT * FROM `et_ordergoods` WHERE `orderid` = '1234561505961870'  [ RunTime:0.0009s ]
SQL: SHOW COLUMNS FROM `et_shopgoods` [ RunTime:0.0025s ]
SQL: SELECT `goodsname`,`goodsprice` FROM `et_shopgoods` WHERE `goodsid` = 146 LIMIT 1   [ RunTime:0.0002s ]
SQL: SELECT * FROM `et_ordergoods` WHERE `orderid` = '1234561505962849'  [ RunTime:0.0009s ]
SQL: SELECT `goodsname`,`goodsprice` FROM `et_shopgoods` WHERE `goodsid` = 151 LIMIT 1   [ RunTime:0.0002s ]
SQL: SELECT * FROM `et_ordergoods` WHERE `orderid` = '1505270711'  [ RunTime:0.0009s ]
SQL: SELECT `goodsname`,`goodsprice` FROM `et_shopgoods` WHERE `goodsid` = 146 LIMIT 1   [ RunTime:0.0002s ]
SQL: SELECT * FROM `et_ordergoods` WHERE `orderid` = '15230861505962917'  [ RunTime:0.0009s ]
SQL: SELECT `goodsname`,`goodsprice` FROM `et_shopgoods` WHERE `goodsid` = 151 LIMIT 1   [ RunTime:0.0002s ]
SQL: SELECT `goodsname`,`goodsprice` FROM `et_shopgoods` WHERE `goodsid` = 152 LIMIT 1   [ RunTime:0.0002s ]

[ 2017-10-05T21:20:35+08:00 ] 183.198.227.31 /index.php/server/order/yorderlist
INFO: [ app_init ] --START--
INFO: Run Behavior\BuildLiteBehavior [ RunTime:0.000053s ]
INFO: [ app_init ] --END-- [ RunTime:0.000363s ]
INFO: [ app_begin ] --START--
INFO: Run Behavior\ReadHtmlCacheBehavior [ RunTime:0.000606s ]
INFO: [ app_begin ] --END-- [ RunTime:0.000661s ]
NOTIC: [8] A session had already been started - ignoring session_start() D:\wm\ThinkPHP\Common\functions.php 第 1263 行.
SQL: SHOW COLUMNS FROM `et_orders` [ RunTime:0.0084s ]
SQL: SELECT * FROM `et_orders` WHERE ( (statu = 2 and state in (3,4,5)) or (statu in (1,3) and state in (1,2)) ) AND `shopid` = 13 AND `states` = 1 ORDER BY addtime desc LIMIT 0,8   [ RunTime:0.0547s ]
SQL: SHOW COLUMNS FROM `et_ordergoods` [ RunTime:0.3507s ]
SQL: SELECT * FROM `et_ordergoods` WHERE `orderid` = '1505271941'  [ RunTime:0.0014s ]
SQL: SHOW COLUMNS FROM `et_shopgoods` [ RunTime:0.0034s ]
SQL: SELECT `goodsname`,`goodsprice` FROM `et_shopgoods` WHERE `goodsid` = 146 LIMIT 1   [ RunTime:0.0003s ]
SQL: SELECT * FROM `et_ordergoods` WHERE `orderid` = '1505271859'  [ RunTime:0.0011s ]
SQL: SELECT `goodsname`,`goodsprice` FROM `et_shopgoods` WHERE `goodsid` = 146 LIMIT 1   [ RunTime:0.0003s ]
SQL: SELECT * FROM `et_ordergoods` WHERE `orderid` = '1505271622'  [ RunTime:0.0010s ]
SQL: SELECT `goodsname`,`goodsprice` FROM `et_shopgoods` WHERE `goodsid` = 146 LIMIT 1   [ RunTime:0.0002s ]
SQL: SELECT * FROM `et_ordergoods` WHERE `orderid` = '1505270583'  [ RunTime:0.0010s ]
SQL: SELECT `goodsname`,`goodsprice` FROM `et_shopgoods` WHERE `goodsid` = 146 LIMIT 1   [ RunTime:0.0002s ]
SQL: SELECT * FROM `et_ordergoods` WHERE `orderid` = '1505270276'  [ RunTime:0.0011s ]
SQL: SELECT `goodsname`,`goodsprice` FROM `et_shopgoods` WHERE `goodsid` = 146 LIMIT 1   [ RunTime:0.0002s ]
SQL: SELECT * FROM `et_ordergoods` WHERE `orderid` = '1505270047'  [ RunTime:0.0011s ]
SQL: SELECT `goodsname`,`goodsprice` FROM `et_shopgoods` WHERE `goodsid` = 146 LIMIT 1   [ RunTime:0.0002s ]
SQL: SELECT `goodsname`,`goodsprice` FROM `et_shopgoods` WHERE `goodsid` = 151 LIMIT 1   [ RunTime:0.0002s ]
SQL: SELECT * FROM `et_ordergoods` WHERE `orderid` = '1505269845'  [ RunTime:0.0011s ]
SQL: SELECT `goodsname`,`goodsprice` FROM `et_shopgoods` WHERE `goodsid` = 146 LIMIT 1   [ RunTime:0.0004s ]
SQL: SELECT * FROM `et_ordergoods` WHERE `orderid` = '1505183785'  [ RunTime:0.0013s ]
SQL: SELECT `goodsname`,`goodsprice` FROM `et_shopgoods` WHERE `goodsid` = 146 LIMIT 1   [ RunTime:0.0002s ]

[ 2017-10-05T21:20:38+08:00 ] 183.198.227.31 /index.php/server/user/shopmesa
INFO: [ app_init ] --START--
INFO: Run Behavior\BuildLiteBehavior [ RunTime:0.000017s ]
INFO: [ app_init ] --END-- [ RunTime:0.000346s ]
INFO: [ app_begin ] --START--
INFO: Run Behavior\ReadHtmlCacheBehavior [ RunTime:0.000494s ]
INFO: [ app_begin ] --END-- [ RunTime:0.000553s ]
NOTIC: [8] A session had already been started - ignoring session_start() D:\wm\ThinkPHP\Common\functions.php 第 1263 行.
SQL: SHOW COLUMNS FROM `et_shopmessage` [ RunTime:0.0029s ]
SQL: SELECT `content`,`gotime`,`long`,`maxprice`,`maxlong`,`lkmoney`,`shophead`,`shopphoto`,`shopname`,`state`,`coordinate`,`detailed_address`,`mobile` FROM `et_shopmessage` WHERE `shopid` = 13 LIMIT 1   [ RunTime:0.0004s ]
SQL: SHOW COLUMNS FROM `et_mingxi` [ RunTime:0.0026s ]
SQL: SELECT * FROM `et_mingxi` WHERE `addtime` BETWEEN '2017-10-05 00:00:00' AND '2017-10-05 21:20:38' AND `shopid` = 13 AND `flag` = 1  [ RunTime:0.0005s ]
SQL: SHOW COLUMNS FROM `et_orders` [ RunTime:0.0018s ]
SQL: SELECT * FROM `et_orders` WHERE `addtime` BETWEEN '2017-10-05 00:00:00' AND '2017-10-05 21:20:38' AND `state` IN ('3','4','5') AND `shopid` = 13  [ RunTime:0.0010s ]

[ 2017-10-05T21:23:28+08:00 ] 183.198.227.31 /index.php/server/order/norderlist
INFO: [ app_init ] --START--
INFO: Run Behavior\BuildLiteBehavior [ RunTime:0.000021s ]
INFO: [ app_init ] --END-- [ RunTime:0.000409s ]
INFO: [ app_begin ] --START--
INFO: Run Behavior\ReadHtmlCacheBehavior [ RunTime:0.000555s ]
INFO: [ app_begin ] --END-- [ RunTime:0.000622s ]
NOTIC: [8] A session had already been started - ignoring session_start() D:\wm\ThinkPHP\Common\functions.php 第 1263 行.
SQL: SHOW COLUMNS FROM `et_orders` [ RunTime:0.0085s ]
SQL: SELECT * FROM `et_orders` WHERE `state` IN ('1','2') AND `shopid` = 13 AND `statu` = 2  [ RunTime:0.0016s ]
SQL: SHOW COLUMNS FROM `et_ordergoods` [ RunTime:0.0041s ]
SQL: SELECT * FROM `et_ordergoods` WHERE `orderid` = '1234561505961870'  [ RunTime:0.0015s ]
SQL: SHOW COLUMNS FROM `et_shopgoods` [ RunTime:0.0042s ]
SQL: SELECT `goodsname`,`goodsprice` FROM `et_shopgoods` WHERE `goodsid` = 146 LIMIT 1   [ RunTime:0.0013s ]
SQL: SELECT * FROM `et_ordergoods` WHERE `orderid` = '1234561505962849'  [ RunTime:0.0012s ]
SQL: SELECT `goodsname`,`goodsprice` FROM `et_shopgoods` WHERE `goodsid` = 151 LIMIT 1   [ RunTime:0.0012s ]
SQL: SELECT * FROM `et_ordergoods` WHERE `orderid` = '1505270711'  [ RunTime:0.0012s ]
SQL: SELECT `goodsname`,`goodsprice` FROM `et_shopgoods` WHERE `goodsid` = 146 LIMIT 1   [ RunTime:0.0013s ]
SQL: SELECT * FROM `et_ordergoods` WHERE `orderid` = '15230861505962917'  [ RunTime:0.0012s ]
SQL: SELECT `goodsname`,`goodsprice` FROM `et_shopgoods` WHERE `goodsid` = 151 LIMIT 1   [ RunTime:0.0012s ]
SQL: SELECT `goodsname`,`goodsprice` FROM `et_shopgoods` WHERE `goodsid` = 152 LIMIT 1   [ RunTime:0.0006s ]

[ 2017-10-05T21:23:28+08:00 ] 183.198.227.31 /index.php/server/order/yorderlist
INFO: [ app_init ] --START--
INFO: Run Behavior\BuildLiteBehavior [ RunTime:0.000026s ]
INFO: [ app_init ] --END-- [ RunTime:0.000475s ]
INFO: [ app_begin ] --START--
INFO: Run Behavior\ReadHtmlCacheBehavior [ RunTime:0.000677s ]
INFO: [ app_begin ] --END-- [ RunTime:0.000744s ]
NOTIC: [8] A session had already been started - ignoring session_start() D:\wm\ThinkPHP\Common\functions.php 第 1263 行.
SQL: SHOW COLUMNS FROM `et_orders` [ RunTime:0.0030s ]
SQL: SELECT * FROM `et_orders` WHERE ( (statu = 2 and state in (3,4,5)) or (statu in (1,3) and state in (1,2)) ) AND `shopid` = 13 AND `states` = 1 ORDER BY addtime desc LIMIT 0,8   [ RunTime:0.0018s ]
SQL: SHOW COLUMNS FROM `et_ordergoods` [ RunTime:0.0060s ]
SQL: SELECT * FROM `et_ordergoods` WHERE `orderid` = '1505271941'  [ RunTime:0.0013s ]
SQL: SHOW COLUMNS FROM `et_shopgoods` [ RunTime:0.0073s ]
SQL: SELECT `goodsname`,`goodsprice` FROM `et_shopgoods` WHERE `goodsid` = 146 LIMIT 1   [ RunTime:0.0005s ]
SQL: SELECT * FROM `et_ordergoods` WHERE `orderid` = '1505271859'  [ RunTime:0.0015s ]
SQL: SELECT `goodsname`,`goodsprice` FROM `et_shopgoods` WHERE `goodsid` = 146 LIMIT 1   [ RunTime:0.0012s ]
SQL: SELECT * FROM `et_ordergoods` WHERE `orderid` = '1505271622'  [ RunTime:0.0013s ]
SQL: SELECT `goodsname`,`goodsprice` FROM `et_shopgoods` WHERE `goodsid` = 146 LIMIT 1   [ RunTime:0.0011s ]
SQL: SELECT * FROM `et_ordergoods` WHERE `orderid` = '1505270583'  [ RunTime:0.0013s ]
SQL: SELECT `goodsname`,`goodsprice` FROM `et_shopgoods` WHERE `goodsid` = 146 LIMIT 1   [ RunTime:0.0012s ]
SQL: SELECT * FROM `et_ordergoods` WHERE `orderid` = '1505270276'  [ RunTime:0.0012s ]
SQL: SELECT `goodsname`,`goodsprice` FROM `et_shopgoods` WHERE `goodsid` = 146 LIMIT 1   [ RunTime:0.0005s ]
SQL: SELECT * FROM `et_ordergoods` WHERE `orderid` = '1505270047'  [ RunTime:0.0041s ]
SQL: SELECT `goodsname`,`goodsprice` FROM `et_shopgoods` WHERE `goodsid` = 146 LIMIT 1   [ RunTime:0.0004s ]
SQL: SELECT `goodsname`,`goodsprice` FROM `et_shopgoods` WHERE `goodsid` = 151 LIMIT 1   [ RunTime:0.0002s ]
SQL: SELECT * FROM `et_ordergoods` WHERE `orderid` = '1505269845'  [ RunTime:0.0010s ]
SQL: SELECT `goodsname`,`goodsprice` FROM `et_shopgoods` WHERE `goodsid` = 146 LIMIT 1   [ RunTime:0.0002s ]
SQL: SELECT * FROM `et_ordergoods` WHERE `orderid` = '1505183785'  [ RunTime:0.0010s ]
SQL: SELECT `goodsname`,`goodsprice` FROM `et_shopgoods` WHERE `goodsid` = 146 LIMIT 1   [ RunTime:0.0002s ]

[ 2017-10-05T21:23:30+08:00 ] 183.198.227.31 /index.php/server/user/shopmesa
INFO: [ app_init ] --START--
INFO: Run Behavior\BuildLiteBehavior [ RunTime:0.000023s ]
INFO: [ app_init ] --END-- [ RunTime:0.000438s ]
INFO: [ app_begin ] --START--
INFO: Run Behavior\ReadHtmlCacheBehavior [ RunTime:0.000547s ]
INFO: [ app_begin ] --END-- [ RunTime:0.000614s ]
NOTIC: [8] A session had already been started - ignoring session_start() D:\wm\ThinkPHP\Common\functions.php 第 1263 行.
SQL: SHOW COLUMNS FROM `et_shopmessage` [ RunTime:0.0033s ]
SQL: SELECT `content`,`gotime`,`long`,`maxprice`,`maxlong`,`lkmoney`,`shophead`,`shopphoto`,`shopname`,`state`,`coordinate`,`detailed_address`,`mobile` FROM `et_shopmessage` WHERE `shopid` = 13 LIMIT 1   [ RunTime:0.0003s ]
SQL: SHOW COLUMNS FROM `et_mingxi` [ RunTime:0.0018s ]
SQL: SELECT * FROM `et_mingxi` WHERE `addtime` BETWEEN '2017-10-05 00:00:00' AND '2017-10-05 21:23:30' AND `shopid` = 13 AND `flag` = 1  [ RunTime:0.0005s ]
SQL: SHOW COLUMNS FROM `et_orders` [ RunTime:0.0027s ]
SQL: SELECT * FROM `et_orders` WHERE `addtime` BETWEEN '2017-10-05 00:00:00' AND '2017-10-05 21:23:30' AND `state` IN ('3','4','5') AND `shopid` = 13  [ RunTime:0.0011s ]

[ 2017-10-05T21:23:32+08:00 ] 183.198.227.31 /index.php/server/user/shopmesa
INFO: [ app_init ] --START--
INFO: Run Behavior\BuildLiteBehavior [ RunTime:0.000026s ]
INFO: [ app_init ] --END-- [ RunTime:0.000497s ]
INFO: [ app_begin ] --START--
INFO: Run Behavior\ReadHtmlCacheBehavior [ RunTime:0.000712s ]
INFO: [ app_begin ] --END-- [ RunTime:0.000793s ]
NOTIC: [8] A session had already been started - ignoring session_start() D:\wm\ThinkPHP\Common\functions.php 第 1263 行.
SQL: SHOW COLUMNS FROM `et_shopmessage` [ RunTime:0.0034s ]
SQL: SELECT `content`,`gotime`,`long`,`maxprice`,`maxlong`,`lkmoney`,`shophead`,`shopphoto`,`shopname`,`state`,`coordinate`,`detailed_address`,`mobile` FROM `et_shopmessage` WHERE `shopid` = 13 LIMIT 1   [ RunTime:0.0003s ]
SQL: SHOW COLUMNS FROM `et_mingxi` [ RunTime:0.0030s ]
SQL: SELECT * FROM `et_mingxi` WHERE `addtime` BETWEEN '2017-10-05 00:00:00' AND '2017-10-05 21:23:32' AND `shopid` = 13 AND `flag` = 1  [ RunTime:0.0006s ]
SQL: SHOW COLUMNS FROM `et_orders` [ RunTime:0.0034s ]
SQL: SELECT * FROM `et_orders` WHERE `addtime` BETWEEN '2017-10-05 00:00:00' AND '2017-10-05 21:23:32' AND `state` IN ('3','4','5') AND `shopid` = 13  [ RunTime:0.0018s ]

[ 2017-10-05T21:23:38+08:00 ] 183.198.227.31 /index.php/server/shop/editlmoney
INFO: [ app_init ] --START--
INFO: Run Behavior\BuildLiteBehavior [ RunTime:0.000016s ]
INFO: [ app_init ] --END-- [ RunTime:0.000351s ]
INFO: [ app_begin ] --START--
INFO: Run Behavior\ReadHtmlCacheBehavior [ RunTime:0.000492s ]
INFO: [ app_begin ] --END-- [ RunTime:0.000544s ]
NOTIC: [8] A session had already been started - ignoring session_start() D:\wm\ThinkPHP\Common\functions.php 第 1263 行.
ERR: 非法操作:editlmoney

[ 2017-10-05T21:25:18+08:00 ] 183.198.227.31 /index.php/server/user/shopmesa
INFO: [ app_init ] --START--
INFO: Run Behavior\BuildLiteBehavior [ RunTime:0.000016s ]
INFO: [ app_init ] --END-- [ RunTime:0.000307s ]
INFO: [ app_begin ] --START--
INFO: Run Behavior\ReadHtmlCacheBehavior [ RunTime:0.000480s ]
INFO: [ app_begin ] --END-- [ RunTime:0.000550s ]
NOTIC: [8] A session had already been started - ignoring session_start() D:\wm\ThinkPHP\Common\functions.php 第 1263 行.
SQL: SHOW COLUMNS FROM `et_shopmessage` [ RunTime:0.0034s ]
SQL: SELECT `content`,`gotime`,`long`,`maxprice`,`maxlong`,`lkmoney`,`shophead`,`shopphoto`,`shopname`,`state`,`coordinate`,`detailed_address`,`mobile` FROM `et_shopmessage` WHERE `shopid` = 13 LIMIT 1   [ RunTime:0.0004s ]
SQL: SHOW COLUMNS FROM `et_mingxi` [ RunTime:0.0030s ]
SQL: SELECT * FROM `et_mingxi` WHERE `addtime` BETWEEN '2017-10-05 00:00:00' AND '2017-10-05 21:25:18' AND `shopid` = 13 AND `flag` = 1  [ RunTime:0.0005s ]
SQL: SHOW COLUMNS FROM `et_orders` [ RunTime:0.0024s ]
SQL: SELECT * FROM `et_orders` WHERE `addtime` BETWEEN '2017-10-05 00:00:00' AND '2017-10-05 21:25:18' AND `state` IN ('3','4','5') AND `shopid` = 13  [ RunTime:0.0011s ]

[ 2017-10-05T21:25:24+08:00 ] 183.198.227.31 /index.php/server/user/editlong
INFO: [ app_init ] --START--
INFO: Run Behavior\BuildLiteBehavior [ RunTime:0.000017s ]
INFO: [ app_init ] --END-- [ RunTime:0.000337s ]
INFO: [ app_begin ] --START--
INFO: Run Behavior\ReadHtmlCacheBehavior [ RunTime:0.000438s ]
INFO: [ app_begin ] --END-- [ RunTime:0.000489s ]
NOTIC: [8] A session had already been started - ignoring session_start() D:\wm\ThinkPHP\Common\functions.php 第 1263 行.
SQL: SHOW COLUMNS FROM `et_shopmessage` [ RunTime:0.0023s ]
SQL: UPDATE `et_shopmessage` SET `long`='2000' WHERE `shopid` = 13 [ RunTime:0.6772s ]

[ 2017-10-05T21:26:02+08:00 ] 183.198.227.31 /index.php/server/order/norderlist
INFO: [ app_init ] --START--
INFO: Run Behavior\BuildLiteBehavior [ RunTime:0.000017s ]
INFO: [ app_init ] --END-- [ RunTime:0.000379s ]
INFO: [ app_begin ] --START--
INFO: Run Behavior\ReadHtmlCacheBehavior [ RunTime:0.000477s ]
INFO: [ app_begin ] --END-- [ RunTime:0.000534s ]
NOTIC: [8] A session had already been started - ignoring session_start() D:\wm\ThinkPHP\Common\functions.php 第 1263 行.
SQL: SHOW COLUMNS FROM `et_orders` [ RunTime:0.0086s ]
SQL: SELECT * FROM `et_orders` WHERE `state` IN ('1','2') AND `shopid` = 13 AND `statu` = 2  [ RunTime:0.0014s ]
SQL: SHOW COLUMNS FROM `et_ordergoods` [ RunTime:0.0044s ]
SQL: SELECT * FROM `et_ordergoods` WHERE `orderid` = '1234561505961870'  [ RunTime:0.0013s ]
SQL: SHOW COLUMNS FROM `et_shopgoods` [ RunTime:0.0035s ]
SQL: SELECT `goodsname`,`goodsprice` FROM `et_shopgoods` WHERE `goodsid` = 146 LIMIT 1   [ RunTime:0.0012s ]
SQL: SELECT * FROM `et_ordergoods` WHERE `orderid` = '1234561505962849'  [ RunTime:0.0012s ]
SQL: SELECT `goodsname`,`goodsprice` FROM `et_shopgoods` WHERE `goodsid` = 151 LIMIT 1   [ RunTime:0.0012s ]
SQL: SELECT * FROM `et_ordergoods` WHERE `orderid` = '1505270711'  [ RunTime:0.0012s ]
SQL: SELECT `goodsname`,`goodsprice` FROM `et_shopgoods` WHERE `goodsid` = 146 LIMIT 1   [ RunTime:0.0012s ]
SQL: SELECT * FROM `et_ordergoods` WHERE `orderid` = '15230861505962917'  [ RunTime:0.0012s ]
SQL: SELECT `goodsname`,`goodsprice` FROM `et_shopgoods` WHERE `goodsid` = 151 LIMIT 1   [ RunTime:0.0012s ]
SQL: SELECT `goodsname`,`goodsprice` FROM `et_shopgoods` WHERE `goodsid` = 152 LIMIT 1   [ RunTime:0.0005s ]

[ 2017-10-05T21:26:02+08:00 ] 183.198.227.31 /index.php/server/order/yorderlist
INFO: [ app_init ] --START--
INFO: Run Behavior\BuildLiteBehavior [ RunTime:0.000018s ]
INFO: [ app_init ] --END-- [ RunTime:0.000341s ]
INFO: [ app_begin ] --START--
INFO: Run Behavior\ReadHtmlCacheBehavior [ RunTime:0.000518s ]
INFO: [ app_begin ] --END-- [ RunTime:0.000606s ]
NOTIC: [8] A session had already been started - ignoring session_start() D:\wm\ThinkPHP\Common\functions.php 第 1263 行.
SQL: SHOW COLUMNS FROM `et_orders` [ RunTime:0.0038s ]
SQL: SELECT * FROM `et_orders` WHERE ( (statu = 2 and state in (3,4,5)) or (statu in (1,3) and state in (1,2)) ) AND `shopid` = 13 AND `states` = 1 ORDER BY addtime desc LIMIT 0,8   [ RunTime:0.0015s ]
SQL: SHOW COLUMNS FROM `et_ordergoods` [ RunTime:0.0055s ]
SQL: SELECT * FROM `et_ordergoods` WHERE `orderid` = '1505271941'  [ RunTime:0.0013s ]
SQL: SHOW COLUMNS FROM `et_shopgoods` [ RunTime:0.0066s ]
SQL: SELECT `goodsname`,`goodsprice` FROM `et_shopgoods` WHERE `goodsid` = 146 LIMIT 1   [ RunTime:0.0005s ]
SQL: SELECT * FROM `et_ordergoods` WHERE `orderid` = '1505271859'  [ RunTime:0.0014s ]
SQL: SELECT `goodsname`,`goodsprice` FROM `et_shopgoods` WHERE `goodsid` = 146 LIMIT 1   [ RunTime:0.0012s ]
SQL: SELECT * FROM `et_ordergoods` WHERE `orderid` = '1505271622'  [ RunTime:0.0012s ]
SQL: SELECT `goodsname`,`goodsprice` FROM `et_shopgoods` WHERE `goodsid` = 146 LIMIT 1   [ RunTime:0.0012s ]
SQL: SELECT * FROM `et_ordergoods` WHERE `orderid` = '1505270583'  [ RunTime:0.0013s ]
SQL: SELECT `goodsname`,`goodsprice` FROM `et_shopgoods` WHERE `goodsid` = 146 LIMIT 1   [ RunTime:0.0012s ]
SQL: SELECT * FROM `et_ordergoods` WHERE `orderid` = '1505270276'  [ RunTime:0.0012s ]
SQL: SELECT `goodsname`,`goodsprice` FROM `et_shopgoods` WHERE `goodsid` = 146 LIMIT 1   [ RunTime:0.0005s ]
SQL: SELECT * FROM `et_ordergoods` WHERE `orderid` = '1505270047'  [ RunTime:0.0040s ]
SQL: SELECT `goodsname`,`goodsprice` FROM `et_shopgoods` WHERE `goodsid` = 146 LIMIT 1   [ RunTime:0.0004s ]
SQL: SELECT `goodsname`,`goodsprice` FROM `et_shopgoods` WHERE `goodsid` = 151 LIMIT 1   [ RunTime:0.0002s ]
SQL: SELECT * FROM `et_ordergoods` WHERE `orderid` = '1505269845'  [ RunTime:0.0009s ]
SQL: SELECT `goodsname`,`goodsprice` FROM `et_shopgoods` WHERE `goodsid` = 146 LIMIT 1   [ RunTime:0.0002s ]
SQL: SELECT * FROM `et_ordergoods` WHERE `orderid` = '1505183785'  [ RunTime:0.0009s ]
SQL: SELECT `goodsname`,`goodsprice` FROM `et_shopgoods` WHERE `goodsid` = 146 LIMIT 1   [ RunTime:0.0002s ]

[ 2017-10-05T21:26:12+08:00 ] 183.198.227.31 /index.php/server/user/shopmesa
INFO: [ app_init ] --START--
INFO: Run Behavior\BuildLiteBehavior [ RunTime:0.000017s ]
INFO: [ app_init ] --END-- [ RunTime:0.000332s ]
INFO: [ app_begin ] --START--
INFO: Run Behavior\ReadHtmlCacheBehavior [ RunTime:0.000457s ]
INFO: [ app_begin ] --END-- [ RunTime:0.000510s ]
NOTIC: [8] A session had already been started - ignoring session_start() D:\wm\ThinkPHP\Common\functions.php 第 1263 行.
SQL: SHOW COLUMNS FROM `et_shopmessage` [ RunTime:0.0028s ]
SQL: SELECT `content`,`gotime`,`long`,`maxprice`,`maxlong`,`lkmoney`,`shophead`,`shopphoto`,`shopname`,`state`,`coordinate`,`detailed_address`,`mobile` FROM `et_shopmessage` WHERE `shopid` = 13 LIMIT 1   [ RunTime:0.0003s ]
SQL: SHOW COLUMNS FROM `et_mingxi` [ RunTime:0.0018s ]
SQL: SELECT * FROM `et_mingxi` WHERE `addtime` BETWEEN '2017-10-05 00:00:00' AND '2017-10-05 21:26:12' AND `shopid` = 13 AND `flag` = 1  [ RunTime:0.0005s ]
SQL: SHOW COLUMNS FROM `et_orders` [ RunTime:0.0023s ]
SQL: SELECT * FROM `et_orders` WHERE `addtime` BETWEEN '2017-10-05 00:00:00' AND '2017-10-05 21:26:12' AND `state` IN ('3','4','5') AND `shopid` = 13  [ RunTime:0.0011s ]

[ 2017-10-05T21:26:18+08:00 ] 183.198.227.31 /index.php/server/user/shopmesa
INFO: [ app_init ] --START--
INFO: Run Behavior\BuildLiteBehavior [ RunTime:0.000016s ]
INFO: [ app_init ] --END-- [ RunTime:0.000334s ]
INFO: [ app_begin ] --START--
INFO: Run Behavior\ReadHtmlCacheBehavior [ RunTime:0.000511s ]
INFO: [ app_begin ] --END-- [ RunTime:0.000580s ]
NOTIC: [8] A session had already been started - ignoring session_start() D:\wm\ThinkPHP\Common\functions.php 第 1263 行.
SQL: SHOW COLUMNS FROM `et_shopmessage` [ RunTime:0.0026s ]
SQL: SELECT `content`,`gotime`,`long`,`maxprice`,`maxlong`,`lkmoney`,`shophead`,`shopphoto`,`shopname`,`state`,`coordinate`,`detailed_address`,`mobile` FROM `et_shopmessage` WHERE `shopid` = 13 LIMIT 1   [ RunTime:0.0004s ]
SQL: SHOW COLUMNS FROM `et_mingxi` [ RunTime:0.0022s ]
SQL: SELECT * FROM `et_mingxi` WHERE `addtime` BETWEEN '2017-10-05 00:00:00' AND '2017-10-05 21:26:18' AND `shopid` = 13 AND `flag` = 1  [ RunTime:0.0006s ]
SQL: SHOW COLUMNS FROM `et_orders` [ RunTime:0.0019s ]
SQL: SELECT * FROM `et_orders` WHERE `addtime` BETWEEN '2017-10-05 00:00:00' AND '2017-10-05 21:26:18' AND `state` IN ('3','4','5') AND `shopid` = 13  [ RunTime:0.0010s ]

[ 2017-10-05T21:26:23+08:00 ] 183.198.227.31 /index.php/server/shops/editlmoney
INFO: [ app_init ] --START--
INFO: Run Behavior\BuildLiteBehavior [ RunTime:0.000022s ]
INFO: [ app_init ] --END-- [ RunTime:0.000500s ]
INFO: [ app_begin ] --START--
INFO: Run Behavior\ReadHtmlCacheBehavior [ RunTime:0.000601s ]
INFO: [ app_begin ] --END-- [ RunTime:0.000664s ]
NOTIC: [8] A session had already been started - ignoring session_start() D:\wm\ThinkPHP\Common\functions.php 第 1263 行.
ERR: 无法加载控制器:Shops

[ 2017-10-05T21:33:12+08:00 ] 183.198.227.31 /index.php/server/user/shopmesa
INFO: [ app_init ] --START--
INFO: Run Behavior\BuildLiteBehavior [ RunTime:0.000016s ]
INFO: [ app_init ] --END-- [ RunTime:0.000305s ]
INFO: [ app_begin ] --START--
INFO: Run Behavior\ReadHtmlCacheBehavior [ RunTime:0.000537s ]
INFO: [ app_begin ] --END-- [ RunTime:0.000589s ]
NOTIC: [8] A session had already been started - ignoring session_start() D:\wm\ThinkPHP\Common\functions.php 第 1263 行.
SQL: SHOW COLUMNS FROM `et_shopmessage` [ RunTime:0.0035s ]
SQL: SELECT `content`,`gotime`,`long`,`maxprice`,`maxlong`,`lkmoney`,`shophead`,`shopphoto`,`shopname`,`state`,`coordinate`,`detailed_address`,`mobile` FROM `et_shopmessage` WHERE `shopid` = 13 LIMIT 1   [ RunTime:0.0003s ]
SQL: SHOW COLUMNS FROM `et_mingxi` [ RunTime:0.0023s ]
SQL: SELECT * FROM `et_mingxi` WHERE `addtime` BETWEEN '2017-10-05 00:00:00' AND '2017-10-05 21:33:12' AND `shopid` = 13 AND `flag` = 1  [ RunTime:0.0005s ]
SQL: SHOW COLUMNS FROM `et_orders` [ RunTime:0.0018s ]
SQL: SELECT * FROM `et_orders` WHERE `addtime` BETWEEN '2017-10-05 00:00:00' AND '2017-10-05 21:33:12' AND `state` IN ('3','4','5') AND `shopid` = 13  [ RunTime:0.0011s ]

[ 2017-10-05T21:33:16+08:00 ] 183.198.227.31 /index.php/server/shop/categorylist
INFO: [ app_init ] --START--
INFO: Run Behavior\BuildLiteBehavior [ RunTime:0.000016s ]
INFO: [ app_init ] --END-- [ RunTime:0.000336s ]
INFO: [ app_begin ] --START--
INFO: Run Behavior\ReadHtmlCacheBehavior [ RunTime:0.000505s ]
INFO: [ app_begin ] --END-- [ RunTime:0.000556s ]
NOTIC: [8] A session had already been started - ignoring session_start() D:\wm\ThinkPHP\Common\functions.php 第 1263 行.
SQL: SHOW COLUMNS FROM `et_category` [ RunTime:0.0019s ]
SQL: SELECT `cid`,`cname` FROM `et_category` WHERE `shopid` = 13  [ RunTime:0.0003s ]
SQL: SHOW COLUMNS FROM `et_shopgoods` [ RunTime:0.0029s ]
SQL: SELECT * FROM `et_shopgoods` WHERE `shopid` = 13 AND `cid` = 140  [ RunTime:0.0012s ]
SQL: SELECT * FROM `et_shopgoods` WHERE `shopid` = 13 AND `cid` = 141  [ RunTime:0.0012s ]

[ 2017-10-05T21:33:43+08:00 ] 120.20.130.114 /index.php/server/user/editstate
INFO: [ app_init ] --START--
INFO: Run Behavior\BuildLiteBehavior [ RunTime:0.000018s ]
INFO: [ app_init ] --END-- [ RunTime:0.000383s ]
INFO: [ app_begin ] --START--
INFO: Run Behavior\ReadHtmlCacheBehavior [ RunTime:0.000513s ]
INFO: [ app_begin ] --END-- [ RunTime:0.000566s ]
NOTIC: [8] A session had already been started - ignoring session_start() D:\wm\ThinkPHP\Common\functions.php 第 1263 行.
SQL: SHOW COLUMNS FROM `et_shopmessage` [ RunTime:0.0031s ]
SQL: UPDATE `et_shopmessage` SET `state`='2' WHERE `shopid` = 52 [ RunTime:0.0077s ]

[ 2017-10-05T21:33:45+08:00 ] 120.20.130.114 /index.php/server/user/editstate
INFO: [ app_init ] --START--
INFO: Run Behavior\BuildLiteBehavior [ RunTime:0.000017s ]
INFO: [ app_init ] --END-- [ RunTime:0.000357s ]
INFO: [ app_begin ] --START--
INFO: Run Behavior\ReadHtmlCacheBehavior [ RunTime:0.000498s ]
INFO: [ app_begin ] --END-- [ RunTime:0.000551s ]
NOTIC: [8] A session had already been started - ignoring session_start() D:\wm\ThinkPHP\Common\functions.php 第 1263 行.
SQL: SHOW COLUMNS FROM `et_shopmessage` [ RunTime:0.0023s ]
SQL: UPDATE `et_shopmessage` SET `state`='1' WHERE `shopid` = 52 [ RunTime:0.2129s ]

[ 2017-10-05T21:33:47+08:00 ] 120.20.130.114 /index.php/server/user/editstate
INFO: [ app_init ] --START--
INFO: Run Behavior\BuildLiteBehavior [ RunTime:0.000017s ]
INFO: [ app_init ] --END-- [ RunTime:0.000495s ]
INFO: [ app_begin ] --START--
INFO: Run Behavior\ReadHtmlCacheBehavior [ RunTime:0.000535s ]
INFO: [ app_begin ] --END-- [ RunTime:0.000589s ]
NOTIC: [8] A session had already been started - ignoring session_start() D:\wm\ThinkPHP\Common\functions.php 第 1263 行.
SQL: SHOW COLUMNS FROM `et_shopmessage` [ RunTime:0.0032s ]
SQL: UPDATE `et_shopmessage` SET `state`='2' WHERE `shopid` = 52 [ RunTime:0.0070s ]

