[ 2017-11-03T13:32:06+10:30 ] 192.168.2.105 /tp/index.php/server/user/login
INFO: [ app_init ] --START--
INFO: Run Behavior\BuildLiteBehavior [ RunTime:0.000022s ]
INFO: [ app_init ] --END-- [ RunTime:0.000659s ]
INFO: [ app_begin ] --START--
INFO: Run Behavior\ReadHtmlCacheBehavior [ RunTime:0.001085s ]
INFO: [ app_begin ] --END-- [ RunTime:0.001162s ]
SQL: SHOW COLUMNS FROM `et_shop` [ RunTime:0.0111s ]
SQL: SELECT `shopid` FROM `et_shop` WHERE `phone` = '15230868185' AND `password` = 'bc13ec4937f9a6a5a8bd5e02bbcc14c1' LIMIT 1   [ RunTime:0.0007s ]

[ 2017-11-03T13:32:07+10:30 ] 192.168.2.105 /tp/index.php/server/order/norderlist
INFO: [ app_init ] --START--
INFO: Run Behavior\BuildLiteBehavior [ RunTime:0.000053s ]
INFO: [ app_init ] --END-- [ RunTime:0.001219s ]
INFO: [ app_begin ] --START--
INFO: Run Behavior\ReadHtmlCacheBehavior [ RunTime:0.001320s ]
INFO: [ app_begin ] --END-- [ RunTime:0.001446s ]
SQL: SHOW COLUMNS FROM `et_orders` [ RunTime:0.0112s ]
SQL: SELECT * FROM `et_orders` WHERE `state` IN ('1','2') AND `shopid` = 45 AND `statu` = 2  [ RunTime:0.0007s ]

[ 2017-11-03T13:32:08+10:30 ] 192.168.2.105 /tp/index.php/server/order/yorderlist
INFO: [ app_init ] --START--
INFO: Run Behavior\BuildLiteBehavior [ RunTime:0.000014s ]
INFO: [ app_init ] --END-- [ RunTime:0.000449s ]
INFO: [ app_begin ] --START--
INFO: Run Behavior\ReadHtmlCacheBehavior [ RunTime:0.000704s ]
INFO: [ app_begin ] --END-- [ RunTime:0.000753s ]
SQL: SHOW COLUMNS FROM `et_orders` [ RunTime:0.0071s ]
SQL: SELECT * FROM `et_orders` WHERE ( (statu = 2 and state in (3,4,5)) or (statu in (1,3) and state in (1,2)) ) AND `shopid` = 45 AND `states` = 1 ORDER BY addtime desc LIMIT 0,8   [ RunTime:0.0007s ]

[ 2017-11-03T13:32:32+10:30 ] 192.168.2.105 /tp/index.php/server/user/shopmesa
INFO: [ app_init ] --START--
INFO: Run Behavior\BuildLiteBehavior [ RunTime:0.000035s ]
INFO: [ app_init ] --END-- [ RunTime:0.001029s ]
INFO: [ app_begin ] --START--
INFO: Run Behavior\ReadHtmlCacheBehavior [ RunTime:0.001658s ]
INFO: [ app_begin ] --END-- [ RunTime:0.001812s ]
SQL: SHOW COLUMNS FROM `et_shopmessage` [ RunTime:0.0134s ]
SQL: SELECT `lmoney`,`content`,`gotime`,`long`,`maxprice`,`maxmoney`,`maxlong`,`lkmoney`,`shophead`,`shopphoto`,`shopname`,`state`,`coordinate`,`detailed_address`,`mobile` FROM `et_shopmessage` WHERE `shopid` = 45 LIMIT 1   [ RunTime:0.0008s ]
SQL: SHOW COLUMNS FROM `et_mingxi` [ RunTime:0.0156s ]
SQL: SELECT * FROM `et_mingxi` WHERE `addtime` BETWEEN '2017-11-03 00:00:00' AND '2017-11-03 13:32:31' AND `shopid` = 45 AND `flag` = 1  [ RunTime:0.0023s ]
SQL: SHOW COLUMNS FROM `et_orders` [ RunTime:0.0069s ]
SQL: SELECT * FROM `et_orders` WHERE `addtime` BETWEEN '2017-11-03 00:00:00' AND '2017-11-03 13:32:31' AND `state` IN ('3','4','5') AND `shopid` = 45  [ RunTime:0.0005s ]

[ 2017-11-03T13:32:40+10:30 ] 192.168.2.105 /tp/index.php/server/user/shopmesa
INFO: [ app_init ] --START--
INFO: Run Behavior\BuildLiteBehavior [ RunTime:0.000018s ]
INFO: [ app_init ] --END-- [ RunTime:0.000460s ]
INFO: [ app_begin ] --START--
INFO: Run Behavior\ReadHtmlCacheBehavior [ RunTime:0.000630s ]
INFO: [ app_begin ] --END-- [ RunTime:0.000685s ]
SQL: SHOW COLUMNS FROM `et_shopmessage` [ RunTime:0.0125s ]
SQL: SELECT `lmoney`,`content`,`gotime`,`long`,`maxprice`,`maxmoney`,`maxlong`,`lkmoney`,`shophead`,`shopphoto`,`shopname`,`state`,`coordinate`,`detailed_address`,`mobile` FROM `et_shopmessage` WHERE `shopid` = 45 LIMIT 1   [ RunTime:0.0009s ]
SQL: SHOW COLUMNS FROM `et_mingxi` [ RunTime:0.0108s ]
SQL: SELECT * FROM `et_mingxi` WHERE `addtime` BETWEEN '2017-11-03 00:00:00' AND '2017-11-03 13:32:39' AND `shopid` = 45 AND `flag` = 1  [ RunTime:0.0014s ]
SQL: SHOW COLUMNS FROM `et_orders` [ RunTime:0.0137s ]
SQL: SELECT * FROM `et_orders` WHERE `addtime` BETWEEN '2017-11-03 00:00:00' AND '2017-11-03 13:32:39' AND `state` IN ('3','4','5') AND `shopid` = 45  [ RunTime:0.0009s ]

[ 2017-11-03T13:32:58+10:30 ] 192.168.2.105 /tp/index.php/server/user/shopmesa
INFO: [ app_init ] --START--
INFO: Run Behavior\BuildLiteBehavior [ RunTime:0.000035s ]
INFO: [ app_init ] --END-- [ RunTime:0.000940s ]
INFO: [ app_begin ] --START--
INFO: Run Behavior\ReadHtmlCacheBehavior [ RunTime:0.001376s ]
INFO: [ app_begin ] --END-- [ RunTime:0.001495s ]
SQL: SHOW COLUMNS FROM `et_shopmessage` [ RunTime:0.0150s ]
SQL: SELECT `lmoney`,`content`,`gotime`,`long`,`maxprice`,`maxmoney`,`maxlong`,`lkmoney`,`shophead`,`shopphoto`,`shopname`,`state`,`coordinate`,`detailed_address`,`mobile` FROM `et_shopmessage` WHERE `shopid` = 45 LIMIT 1   [ RunTime:0.0010s ]
SQL: SHOW COLUMNS FROM `et_mingxi` [ RunTime:0.0123s ]
SQL: SELECT * FROM `et_mingxi` WHERE `addtime` BETWEEN '2017-11-03 00:00:00' AND '2017-11-03 13:32:57' AND `shopid` = 45 AND `flag` = 1  [ RunTime:0.0014s ]
SQL: SHOW COLUMNS FROM `et_orders` [ RunTime:0.0082s ]
SQL: SELECT * FROM `et_orders` WHERE `addtime` BETWEEN '2017-11-03 00:00:00' AND '2017-11-03 13:32:57' AND `state` IN ('3','4','5') AND `shopid` = 45  [ RunTime:0.0005s ]

[ 2017-11-03T13:35:54+10:30 ] 192.168.2.105 /tp/index.php/server/order/norderlist
INFO: [ app_init ] --START--
INFO: Run Behavior\BuildLiteBehavior [ RunTime:0.000016s ]
INFO: [ app_init ] --END-- [ RunTime:0.000457s ]
INFO: [ app_begin ] --START--
INFO: Run Behavior\ReadHtmlCacheBehavior [ RunTime:0.000872s ]
INFO: [ app_begin ] --END-- [ RunTime:0.000956s ]
SQL: SHOW COLUMNS FROM `et_orders` [ RunTime:0.0256s ]
SQL: SELECT * FROM `et_orders` WHERE `state` IN ('1','2') AND `shopid` = 45 AND `statu` = 2  [ RunTime:0.0034s ]

[ 2017-11-03T13:35:54+10:30 ] 192.168.2.105 /tp/index.php/server/order/yorderlist
INFO: [ app_init ] --START--
INFO: Run Behavior\BuildLiteBehavior [ RunTime:0.000022s ]
INFO: [ app_init ] --END-- [ RunTime:0.000634s ]
INFO: [ app_begin ] --START--
INFO: Run Behavior\ReadHtmlCacheBehavior [ RunTime:0.000758s ]
INFO: [ app_begin ] --END-- [ RunTime:0.000816s ]
SQL: SHOW COLUMNS FROM `et_orders` [ RunTime:0.0299s ]
SQL: SELECT * FROM `et_orders` WHERE ( (statu = 2 and state in (3,4,5)) or (statu in (1,3) and state in (1,2)) ) AND `shopid` = 45 AND `states` = 1 ORDER BY addtime desc LIMIT 0,8   [ RunTime:0.0013s ]

[ 2017-11-03T13:36:06+10:30 ] 192.168.2.105 /tp/index.php/server/user/shopmesa
INFO: [ app_init ] --START--
INFO: Run Behavior\BuildLiteBehavior [ RunTime:0.000018s ]
INFO: [ app_init ] --END-- [ RunTime:0.000464s ]
INFO: [ app_begin ] --START--
INFO: Run Behavior\ReadHtmlCacheBehavior [ RunTime:0.000656s ]
INFO: [ app_begin ] --END-- [ RunTime:0.000712s ]
SQL: SHOW COLUMNS FROM `et_shopmessage` [ RunTime:0.0127s ]
SQL: SELECT `lmoney`,`content`,`gotime`,`long`,`maxprice`,`maxmoney`,`maxlong`,`lkmoney`,`shophead`,`shopphoto`,`shopname`,`state`,`coordinate`,`detailed_address`,`mobile` FROM `et_shopmessage` WHERE `shopid` = 45 LIMIT 1   [ RunTime:0.0008s ]
SQL: SHOW COLUMNS FROM `et_mingxi` [ RunTime:0.0130s ]
SQL: SELECT * FROM `et_mingxi` WHERE `addtime` BETWEEN '2017-11-03 00:00:00' AND '2017-11-03 13:36:05' AND `shopid` = 45 AND `flag` = 1  [ RunTime:0.0013s ]
SQL: SHOW COLUMNS FROM `et_orders` [ RunTime:0.0118s ]
SQL: SELECT * FROM `et_orders` WHERE `addtime` BETWEEN '2017-11-03 00:00:00' AND '2017-11-03 13:36:05' AND `state` IN ('3','4','5') AND `shopid` = 45  [ RunTime:0.0009s ]

[ 2017-11-03T13:36:08+10:30 ] 192.168.2.105 /tp/index.php/server/user/shopmesa
INFO: [ app_init ] --START--
INFO: Run Behavior\BuildLiteBehavior [ RunTime:0.000020s ]
INFO: [ app_init ] --END-- [ RunTime:0.000515s ]
INFO: [ app_begin ] --START--
INFO: Run Behavior\ReadHtmlCacheBehavior [ RunTime:0.000730s ]
INFO: [ app_begin ] --END-- [ RunTime:0.000793s ]
SQL: SHOW COLUMNS FROM `et_shopmessage` [ RunTime:0.0067s ]
SQL: SELECT `lmoney`,`content`,`gotime`,`long`,`maxprice`,`maxmoney`,`maxlong`,`lkmoney`,`shophead`,`shopphoto`,`shopname`,`state`,`coordinate`,`detailed_address`,`mobile` FROM `et_shopmessage` WHERE `shopid` = 45 LIMIT 1   [ RunTime:0.0004s ]
SQL: SHOW COLUMNS FROM `et_mingxi` [ RunTime:0.0047s ]
SQL: SELECT * FROM `et_mingxi` WHERE `addtime` BETWEEN '2017-11-03 00:00:00' AND '2017-11-03 13:36:07' AND `shopid` = 45 AND `flag` = 1  [ RunTime:0.0006s ]
SQL: SHOW COLUMNS FROM `et_orders` [ RunTime:0.0062s ]
SQL: SELECT * FROM `et_orders` WHERE `addtime` BETWEEN '2017-11-03 00:00:00' AND '2017-11-03 13:36:07' AND `state` IN ('3','4','5') AND `shopid` = 45  [ RunTime:0.0004s ]

[ 2017-11-03T13:38:01+10:30 ] 192.168.2.105 /tp/index.php/server/user/shopmesa
INFO: [ app_init ] --START--
INFO: Run Behavior\BuildLiteBehavior [ RunTime:0.000020s ]
INFO: [ app_init ] --END-- [ RunTime:0.000639s ]
INFO: [ app_begin ] --START--
INFO: Run Behavior\ReadHtmlCacheBehavior [ RunTime:0.001158s ]
INFO: [ app_begin ] --END-- [ RunTime:0.001227s ]
SQL: SHOW COLUMNS FROM `et_shopmessage` [ RunTime:0.0119s ]
SQL: SELECT `lmoney`,`content`,`gotime`,`long`,`maxprice`,`maxmoney`,`maxlong`,`lkmoney`,`shophead`,`shopphoto`,`shopname`,`state`,`coordinate`,`detailed_address`,`mobile` FROM `et_shopmessage` WHERE `shopid` = 45 LIMIT 1   [ RunTime:0.0008s ]
SQL: SHOW COLUMNS FROM `et_mingxi` [ RunTime:0.0108s ]
SQL: SELECT * FROM `et_mingxi` WHERE `addtime` BETWEEN '2017-11-03 00:00:00' AND '2017-11-03 13:38:00' AND `shopid` = 45 AND `flag` = 1  [ RunTime:0.0014s ]
SQL: SHOW COLUMNS FROM `et_orders` [ RunTime:0.0117s ]
SQL: SELECT * FROM `et_orders` WHERE `addtime` BETWEEN '2017-11-03 00:00:00' AND '2017-11-03 13:38:00' AND `state` IN ('3','4','5') AND `shopid` = 45  [ RunTime:0.0006s ]

[ 2017-11-03T13:50:05+10:30 ] 192.168.2.105 /tp/index.php/server/order/norderlist
INFO: [ app_init ] --START--
INFO: Run Behavior\BuildLiteBehavior [ RunTime:0.000021s ]
INFO: [ app_init ] --END-- [ RunTime:0.000624s ]
INFO: [ app_begin ] --START--
INFO: Run Behavior\ReadHtmlCacheBehavior [ RunTime:0.000989s ]
INFO: [ app_begin ] --END-- [ RunTime:0.001060s ]
SQL: SHOW COLUMNS FROM `et_orders` [ RunTime:0.0194s ]
SQL: SELECT * FROM `et_orders` WHERE `state` IN ('1','2') AND `shopid` = 45 AND `statu` = 2  [ RunTime:0.0011s ]

[ 2017-11-03T13:50:05+10:30 ] 192.168.2.105 /tp/index.php/server/order/yorderlist
INFO: [ app_init ] --START--
INFO: Run Behavior\BuildLiteBehavior [ RunTime:0.000020s ]
INFO: [ app_init ] --END-- [ RunTime:0.000766s ]
INFO: [ app_begin ] --START--
INFO: Run Behavior\ReadHtmlCacheBehavior [ RunTime:0.001157s ]
INFO: [ app_begin ] --END-- [ RunTime:0.001229s ]
SQL: SHOW COLUMNS FROM `et_orders` [ RunTime:0.0194s ]
SQL: SELECT * FROM `et_orders` WHERE ( (statu = 2 and state in (3,4,5)) or (statu in (1,3) and state in (1,2)) ) AND `shopid` = 45 AND `states` = 1 ORDER BY addtime desc LIMIT 0,8   [ RunTime:0.0009s ]

[ 2017-11-03T16:28:49+10:30 ] 192.168.2.101 /tp/index.php/server/user/login
INFO: [ app_init ] --START--
INFO: Run Behavior\BuildLiteBehavior [ RunTime:0.000020s ]
INFO: [ app_init ] --END-- [ RunTime:0.000617s ]
INFO: [ app_begin ] --START--
INFO: Run Behavior\ReadHtmlCacheBehavior [ RunTime:0.001662s ]
INFO: [ app_begin ] --END-- [ RunTime:0.001736s ]
SQL: SHOW COLUMNS FROM `et_shop` [ RunTime:0.0123s ]
SQL: SELECT `shopid` FROM `et_shop` WHERE `phone` = '15230868185' AND `password` = 'bc13ec4937f9a6a5a8bd5e02bbcc14c1' LIMIT 1   [ RunTime:0.0008s ]

[ 2017-11-03T16:28:51+10:30 ] 192.168.2.101 /tp/index.php/server/order/norderlist
INFO: [ app_init ] --START--
INFO: Run Behavior\BuildLiteBehavior [ RunTime:0.000035s ]
INFO: [ app_init ] --END-- [ RunTime:0.001104s ]
INFO: [ app_begin ] --START--
INFO: Run Behavior\ReadHtmlCacheBehavior [ RunTime:0.002004s ]
INFO: [ app_begin ] --END-- [ RunTime:0.002128s ]
SQL: SHOW COLUMNS FROM `et_orders` [ RunTime:0.0047s ]
SQL: SELECT * FROM `et_orders` WHERE `state` IN ('1','2') AND `shopid` = 45 AND `statu` = 2  [ RunTime:0.0005s ]

[ 2017-11-03T16:28:52+10:30 ] 192.168.2.101 /tp/index.php/server/order/yorderlist
INFO: [ app_init ] --START--
INFO: Run Behavior\BuildLiteBehavior [ RunTime:0.000014s ]
INFO: [ app_init ] --END-- [ RunTime:0.000429s ]
INFO: [ app_begin ] --START--
INFO: Run Behavior\ReadHtmlCacheBehavior [ RunTime:0.000673s ]
INFO: [ app_begin ] --END-- [ RunTime:0.000716s ]
SQL: SHOW COLUMNS FROM `et_orders` [ RunTime:0.0115s ]
SQL: SELECT * FROM `et_orders` WHERE ( (statu = 2 and state in (3,4,5)) or (statu in (1,3) and state in (1,2)) ) AND `shopid` = 45 AND `states` = 1 ORDER BY addtime desc LIMIT 0,8   [ RunTime:0.0013s ]

[ 2017-11-03T16:28:53+10:30 ] 192.168.2.101 /tp/index.php/server/user/shopmesa
INFO: [ app_init ] --START--
INFO: Run Behavior\BuildLiteBehavior [ RunTime:0.000014s ]
INFO: [ app_init ] --END-- [ RunTime:0.000423s ]
INFO: [ app_begin ] --START--
INFO: Run Behavior\ReadHtmlCacheBehavior [ RunTime:0.000759s ]
INFO: [ app_begin ] --END-- [ RunTime:0.000805s ]
SQL: SHOW COLUMNS FROM `et_shopmessage` [ RunTime:0.0129s ]
SQL: SELECT `lmoney`,`content`,`gotime`,`long`,`maxprice`,`maxmoney`,`maxlong`,`lkmoney`,`shophead`,`shopphoto`,`shopname`,`state`,`coordinate`,`detailed_address`,`mobile` FROM `et_shopmessage` WHERE `shopid` = 45 LIMIT 1   [ RunTime:0.0008s ]
SQL: SHOW COLUMNS FROM `et_mingxi` [ RunTime:0.0109s ]
SQL: SELECT * FROM `et_mingxi` WHERE `addtime` BETWEEN '2017-11-03 00:00:00' AND '2017-11-03 16:28:52' AND `shopid` = 45 AND `flag` = 1  [ RunTime:0.0018s ]
SQL: SHOW COLUMNS FROM `et_orders` [ RunTime:0.0109s ]
SQL: SELECT * FROM `et_orders` WHERE `addtime` BETWEEN '2017-11-03 00:00:00' AND '2017-11-03 16:28:52' AND `state` IN ('3','4','5') AND `shopid` = 45  [ RunTime:0.0005s ]

[ 2017-11-03T16:28:56+10:30 ] 192.168.2.101 /tp/index.php/server/user/shopmesa
INFO: [ app_init ] --START--
INFO: Run Behavior\BuildLiteBehavior [ RunTime:0.000037s ]
INFO: [ app_init ] --END-- [ RunTime:0.001232s ]
INFO: [ app_begin ] --START--
INFO: Run Behavior\ReadHtmlCacheBehavior [ RunTime:0.002953s ]
INFO: [ app_begin ] --END-- [ RunTime:0.003096s ]
SQL: SHOW COLUMNS FROM `et_shopmessage` [ RunTime:0.0130s ]
SQL: SELECT `lmoney`,`content`,`gotime`,`long`,`maxprice`,`maxmoney`,`maxlong`,`lkmoney`,`shophead`,`shopphoto`,`shopname`,`state`,`coordinate`,`detailed_address`,`mobile` FROM `et_shopmessage` WHERE `shopid` = 45 LIMIT 1   [ RunTime:0.0008s ]
SQL: SHOW COLUMNS FROM `et_mingxi` [ RunTime:0.0106s ]
SQL: SELECT * FROM `et_mingxi` WHERE `addtime` BETWEEN '2017-11-03 00:00:00' AND '2017-11-03 16:28:55' AND `shopid` = 45 AND `flag` = 1  [ RunTime:0.0013s ]
SQL: SHOW COLUMNS FROM `et_orders` [ RunTime:0.0086s ]
SQL: SELECT * FROM `et_orders` WHERE `addtime` BETWEEN '2017-11-03 00:00:00' AND '2017-11-03 16:28:55' AND `state` IN ('3','4','5') AND `shopid` = 45  [ RunTime:0.0005s ]

[ 2017-11-03T16:29:05+10:30 ] 192.168.2.101 /tp/index.php/server/user/shopmesa
INFO: [ app_init ] --START--
INFO: Run Behavior\BuildLiteBehavior [ RunTime:0.000013s ]
INFO: [ app_init ] --END-- [ RunTime:0.000404s ]
INFO: [ app_begin ] --START--
INFO: Run Behavior\ReadHtmlCacheBehavior [ RunTime:0.000702s ]
INFO: [ app_begin ] --END-- [ RunTime:0.000744s ]
SQL: SHOW COLUMNS FROM `et_shopmessage` [ RunTime:0.0133s ]
SQL: SELECT `lmoney`,`content`,`gotime`,`long`,`maxprice`,`maxmoney`,`maxlong`,`lkmoney`,`shophead`,`shopphoto`,`shopname`,`state`,`coordinate`,`detailed_address`,`mobile` FROM `et_shopmessage` WHERE `shopid` = 45 LIMIT 1   [ RunTime:0.0008s ]
SQL: SHOW COLUMNS FROM `et_mingxi` [ RunTime:0.0117s ]
SQL: SELECT * FROM `et_mingxi` WHERE `addtime` BETWEEN '2017-11-03 00:00:00' AND '2017-11-03 16:29:04' AND `shopid` = 45 AND `flag` = 1  [ RunTime:0.0018s ]
SQL: SHOW COLUMNS FROM `et_orders` [ RunTime:0.0064s ]
SQL: SELECT * FROM `et_orders` WHERE `addtime` BETWEEN '2017-11-03 00:00:00' AND '2017-11-03 16:29:04' AND `state` IN ('3','4','5') AND `shopid` = 45  [ RunTime:0.0005s ]

[ 2017-11-03T16:34:12+10:30 ] 192.168.2.105 /tp/index.php/server/order/norderlist
INFO: [ app_init ] --START--
INFO: Run Behavior\BuildLiteBehavior [ RunTime:0.000023s ]
INFO: [ app_init ] --END-- [ RunTime:0.001170s ]
INFO: [ app_begin ] --START--
INFO: Run Behavior\ReadHtmlCacheBehavior [ RunTime:0.001093s ]
INFO: [ app_begin ] --END-- [ RunTime:0.001170s ]

[ 2017-11-03T16:34:12+10:30 ] 192.168.2.105 /tp/index.php/server/order/yorderlist
INFO: [ app_init ] --START--
INFO: Run Behavior\BuildLiteBehavior [ RunTime:0.000029s ]
INFO: [ app_init ] --END-- [ RunTime:0.001204s ]
INFO: [ app_begin ] --START--
INFO: Run Behavior\ReadHtmlCacheBehavior [ RunTime:0.001086s ]
INFO: [ app_begin ] --END-- [ RunTime:0.001158s ]

[ 2017-11-03T16:35:59+10:30 ] 192.168.2.105 /tp/index.php/server/user/shopmesa
INFO: [ app_init ] --START--
INFO: Run Behavior\BuildLiteBehavior [ RunTime:0.000032s ]
INFO: [ app_init ] --END-- [ RunTime:0.001164s ]
INFO: [ app_begin ] --START--
INFO: Run Behavior\ReadHtmlCacheBehavior [ RunTime:0.001264s ]
INFO: [ app_begin ] --END-- [ RunTime:0.001346s ]

[ 2017-11-03T16:36:22+10:30 ] 192.168.2.105 /tp/index.php/server/user/login
INFO: [ app_init ] --START--
INFO: Run Behavior\BuildLiteBehavior [ RunTime:0.000052s ]
INFO: [ app_init ] --END-- [ RunTime:0.001281s ]
INFO: [ app_begin ] --START--
INFO: Run Behavior\ReadHtmlCacheBehavior [ RunTime:0.002318s ]
INFO: [ app_begin ] --END-- [ RunTime:0.002478s ]
SQL: SHOW COLUMNS FROM `et_shop` [ RunTime:0.0112s ]
SQL: SELECT `shopid` FROM `et_shop` WHERE `phone` = '15230868185' AND `password` = 'bc13ec4937f9a6a5a8bd5e02bbcc14c1' LIMIT 1   [ RunTime:0.0006s ]

[ 2017-11-03T16:36:32+10:30 ] 192.168.2.105 /tp/index.php/server/order/norderlist
INFO: [ app_init ] --START--
INFO: Run Behavior\BuildLiteBehavior [ RunTime:0.000015s ]
INFO: [ app_init ] --END-- [ RunTime:0.000433s ]
INFO: [ app_begin ] --START--
INFO: Run Behavior\ReadHtmlCacheBehavior [ RunTime:0.001405s ]
INFO: [ app_begin ] --END-- [ RunTime:0.001485s ]
SQL: SHOW COLUMNS FROM `et_orders` [ RunTime:0.0124s ]
SQL: SELECT * FROM `et_orders` WHERE `state` IN ('1','2') AND `shopid` = 45 AND `statu` = 2  [ RunTime:0.0014s ]

[ 2017-11-03T16:36:33+10:30 ] 192.168.2.105 /tp/index.php/server/order/yorderlist
INFO: [ app_init ] --START--
INFO: Run Behavior\BuildLiteBehavior [ RunTime:0.000024s ]
INFO: [ app_init ] --END-- [ RunTime:0.000689s ]
INFO: [ app_begin ] --START--
INFO: Run Behavior\ReadHtmlCacheBehavior [ RunTime:0.001040s ]
INFO: [ app_begin ] --END-- [ RunTime:0.001128s ]
SQL: SHOW COLUMNS FROM `et_orders` [ RunTime:0.0116s ]
SQL: SELECT * FROM `et_orders` WHERE ( (statu = 2 and state in (3,4,5)) or (statu in (1,3) and state in (1,2)) ) AND `shopid` = 45 AND `states` = 1 ORDER BY addtime desc LIMIT 0,8   [ RunTime:0.0011s ]

[ 2017-11-03T16:36:34+10:30 ] 192.168.2.105 /tp/index.php/server/user/shopmesa
INFO: [ app_init ] --START--
INFO: Run Behavior\BuildLiteBehavior [ RunTime:0.000036s ]
INFO: [ app_init ] --END-- [ RunTime:0.001186s ]
INFO: [ app_begin ] --START--
INFO: Run Behavior\ReadHtmlCacheBehavior [ RunTime:0.001988s ]
INFO: [ app_begin ] --END-- [ RunTime:0.002107s ]
SQL: SHOW COLUMNS FROM `et_shopmessage` [ RunTime:0.0122s ]
SQL: SELECT `lmoney`,`content`,`gotime`,`long`,`maxprice`,`maxmoney`,`maxlong`,`lkmoney`,`shophead`,`shopphoto`,`shopname`,`state`,`coordinate`,`detailed_address`,`mobile` FROM `et_shopmessage` WHERE `shopid` = 45 LIMIT 1   [ RunTime:0.0008s ]
SQL: SHOW COLUMNS FROM `et_mingxi` [ RunTime:0.0120s ]
SQL: SELECT * FROM `et_mingxi` WHERE `addtime` BETWEEN '2017-11-03 00:00:00' AND '2017-11-03 16:36:33' AND `shopid` = 45 AND `flag` = 1  [ RunTime:0.0014s ]
SQL: SHOW COLUMNS FROM `et_orders` [ RunTime:0.0134s ]
SQL: SELECT * FROM `et_orders` WHERE `addtime` BETWEEN '2017-11-03 00:00:00' AND '2017-11-03 16:36:33' AND `state` IN ('3','4','5') AND `shopid` = 45  [ RunTime:0.0006s ]

[ 2017-11-03T16:36:37+10:30 ] 192.168.2.105 /tp/index.php/server/user/shopmesa
INFO: [ app_init ] --START--
INFO: Run Behavior\BuildLiteBehavior [ RunTime:0.000020s ]
INFO: [ app_init ] --END-- [ RunTime:0.000658s ]
INFO: [ app_begin ] --START--
INFO: Run Behavior\ReadHtmlCacheBehavior [ RunTime:0.001444s ]
INFO: [ app_begin ] --END-- [ RunTime:0.001536s ]
SQL: SHOW COLUMNS FROM `et_shopmessage` [ RunTime:0.0127s ]
SQL: SELECT `lmoney`,`content`,`gotime`,`long`,`maxprice`,`maxmoney`,`maxlong`,`lkmoney`,`shophead`,`shopphoto`,`shopname`,`state`,`coordinate`,`detailed_address`,`mobile` FROM `et_shopmessage` WHERE `shopid` = 45 LIMIT 1   [ RunTime:0.0008s ]
SQL: SHOW COLUMNS FROM `et_mingxi` [ RunTime:0.0121s ]
SQL: SELECT * FROM `et_mingxi` WHERE `addtime` BETWEEN '2017-11-03 00:00:00' AND '2017-11-03 16:36:36' AND `shopid` = 45 AND `flag` = 1  [ RunTime:0.0009s ]
SQL: SHOW COLUMNS FROM `et_orders` [ RunTime:0.0073s ]
SQL: SELECT * FROM `et_orders` WHERE `addtime` BETWEEN '2017-11-03 00:00:00' AND '2017-11-03 16:36:36' AND `state` IN ('3','4','5') AND `shopid` = 45  [ RunTime:0.0006s ]

[ 2017-11-03T16:39:19+10:30 ] 192.168.2.105 /tp/index.php/server/order/yorderlist
INFO: [ app_init ] --START--
INFO: Run Behavior\BuildLiteBehavior [ RunTime:0.000037s ]
INFO: [ app_init ] --END-- [ RunTime:0.000926s ]
INFO: [ app_begin ] --START--
INFO: Run Behavior\ReadHtmlCacheBehavior [ RunTime:0.001039s ]
INFO: [ app_begin ] --END-- [ RunTime:0.001112s ]
SQL: SHOW COLUMNS FROM `et_orders` [ RunTime:0.0044s ]
SQL: SELECT * FROM `et_orders` WHERE ( (statu = 2 and state in (3,4,5)) or (statu in (1,3) and state in (1,2)) ) AND `shopid` = 45 AND `states` = 1 ORDER BY addtime desc LIMIT 0,8   [ RunTime:0.0005s ]

[ 2017-11-03T16:39:19+10:30 ] 192.168.2.105 /tp/index.php/server/order/norderlist
INFO: [ app_init ] --START--
INFO: Run Behavior\BuildLiteBehavior [ RunTime:0.000020s ]
INFO: [ app_init ] --END-- [ RunTime:0.000681s ]
INFO: [ app_begin ] --START--
INFO: Run Behavior\ReadHtmlCacheBehavior [ RunTime:0.001289s ]
INFO: [ app_begin ] --END-- [ RunTime:0.001368s ]
SQL: SHOW COLUMNS FROM `et_orders` [ RunTime:0.0056s ]
SQL: SELECT * FROM `et_orders` WHERE `state` IN ('1','2') AND `shopid` = 45 AND `statu` = 2  [ RunTime:0.0005s ]

[ 2017-11-03T16:39:21+10:30 ] 192.168.2.105 /tp/index.php/server/user/shopmesa
INFO: [ app_init ] --START--
INFO: Run Behavior\BuildLiteBehavior [ RunTime:0.000023s ]
INFO: [ app_init ] --END-- [ RunTime:0.000690s ]
INFO: [ app_begin ] --START--
INFO: Run Behavior\ReadHtmlCacheBehavior [ RunTime:0.001097s ]
INFO: [ app_begin ] --END-- [ RunTime:0.001169s ]
SQL: SHOW COLUMNS FROM `et_shopmessage` [ RunTime:0.0058s ]
SQL: SELECT `lmoney`,`content`,`gotime`,`long`,`maxprice`,`maxmoney`,`maxlong`,`lkmoney`,`shophead`,`shopphoto`,`shopname`,`state`,`coordinate`,`detailed_address`,`mobile` FROM `et_shopmessage` WHERE `shopid` = 45 LIMIT 1   [ RunTime:0.0004s ]
SQL: SHOW COLUMNS FROM `et_mingxi` [ RunTime:0.0051s ]
SQL: SELECT * FROM `et_mingxi` WHERE `addtime` BETWEEN '2017-11-03 00:00:00' AND '2017-11-03 16:39:20' AND `shopid` = 45 AND `flag` = 1  [ RunTime:0.0008s ]
SQL: SHOW COLUMNS FROM `et_orders` [ RunTime:0.0055s ]
SQL: SELECT * FROM `et_orders` WHERE `addtime` BETWEEN '2017-11-03 00:00:00' AND '2017-11-03 16:39:20' AND `state` IN ('3','4','5') AND `shopid` = 45  [ RunTime:0.0004s ]

[ 2017-11-03T16:39:24+10:30 ] 192.168.2.105 /tp/index.php/server/user/shopmesa
INFO: [ app_init ] --START--
INFO: Run Behavior\BuildLiteBehavior [ RunTime:0.000034s ]
INFO: [ app_init ] --END-- [ RunTime:0.001082s ]
INFO: [ app_begin ] --START--
INFO: Run Behavior\ReadHtmlCacheBehavior [ RunTime:0.000964s ]
INFO: [ app_begin ] --END-- [ RunTime:0.001039s ]
SQL: SHOW COLUMNS FROM `et_shopmessage` [ RunTime:0.0046s ]
SQL: SELECT `lmoney`,`content`,`gotime`,`long`,`maxprice`,`maxmoney`,`maxlong`,`lkmoney`,`shophead`,`shopphoto`,`shopname`,`state`,`coordinate`,`detailed_address`,`mobile` FROM `et_shopmessage` WHERE `shopid` = 45 LIMIT 1   [ RunTime:0.0003s ]
SQL: SHOW COLUMNS FROM `et_mingxi` [ RunTime:0.0052s ]
SQL: SELECT * FROM `et_mingxi` WHERE `addtime` BETWEEN '2017-11-03 00:00:00' AND '2017-11-03 16:39:23' AND `shopid` = 45 AND `flag` = 1  [ RunTime:0.0006s ]
SQL: SHOW COLUMNS FROM `et_orders` [ RunTime:0.0045s ]
SQL: SELECT * FROM `et_orders` WHERE `addtime` BETWEEN '2017-11-03 00:00:00' AND '2017-11-03 16:39:23' AND `state` IN ('3','4','5') AND `shopid` = 45  [ RunTime:0.0004s ]

[ 2017-11-03T16:48:25+10:30 ] 192.168.2.105 /tp/index.php/server/order/norderlist
INFO: [ app_init ] --START--
INFO: Run Behavior\BuildLiteBehavior [ RunTime:0.000036s ]
INFO: [ app_init ] --END-- [ RunTime:0.000854s ]
INFO: [ app_begin ] --START--
INFO: Run Behavior\ReadHtmlCacheBehavior [ RunTime:0.000782s ]
INFO: [ app_begin ] --END-- [ RunTime:0.000858s ]
SQL: SHOW COLUMNS FROM `et_orders` [ RunTime:0.0154s ]
SQL: SELECT * FROM `et_orders` WHERE `state` IN ('1','2') AND `shopid` = 45 AND `statu` = 2  [ RunTime:0.0017s ]

[ 2017-11-03T16:48:25+10:30 ] 192.168.2.105 /tp/index.php/server/order/yorderlist
INFO: [ app_init ] --START--
INFO: Run Behavior\BuildLiteBehavior [ RunTime:0.000021s ]
INFO: [ app_init ] --END-- [ RunTime:0.000649s ]
INFO: [ app_begin ] --START--
INFO: Run Behavior\ReadHtmlCacheBehavior [ RunTime:0.000891s ]
INFO: [ app_begin ] --END-- [ RunTime:0.000974s ]
SQL: SHOW COLUMNS FROM `et_orders` [ RunTime:0.0170s ]
SQL: SELECT * FROM `et_orders` WHERE ( (statu = 2 and state in (3,4,5)) or (statu in (1,3) and state in (1,2)) ) AND `shopid` = 45 AND `states` = 1 ORDER BY addtime desc LIMIT 0,8   [ RunTime:0.0026s ]

[ 2017-11-03T16:48:50+10:30 ] 192.168.2.105 /tp/index.php/server/user/shopmesa
INFO: [ app_init ] --START--
INFO: Run Behavior\BuildLiteBehavior [ RunTime:0.000014s ]
INFO: [ app_init ] --END-- [ RunTime:0.000358s ]
INFO: [ app_begin ] --START--
INFO: Run Behavior\ReadHtmlCacheBehavior [ RunTime:0.000487s ]
INFO: [ app_begin ] --END-- [ RunTime:0.000528s ]
SQL: SHOW COLUMNS FROM `et_shopmessage` [ RunTime:0.0122s ]
SQL: SELECT `lmoney`,`content`,`gotime`,`long`,`maxprice`,`maxmoney`,`maxlong`,`lkmoney`,`shophead`,`shopphoto`,`shopname`,`state`,`coordinate`,`detailed_address`,`mobile` FROM `et_shopmessage` WHERE `shopid` = 45 LIMIT 1   [ RunTime:0.0010s ]
SQL: SHOW COLUMNS FROM `et_mingxi` [ RunTime:0.0111s ]
SQL: SELECT * FROM `et_mingxi` WHERE `addtime` BETWEEN '2017-11-03 00:00:00' AND '2017-11-03 16:48:49' AND `shopid` = 45 AND `flag` = 1  [ RunTime:0.0013s ]
SQL: SHOW COLUMNS FROM `et_orders` [ RunTime:0.0088s ]
SQL: SELECT * FROM `et_orders` WHERE `addtime` BETWEEN '2017-11-03 00:00:00' AND '2017-11-03 16:48:49' AND `state` IN ('3','4','5') AND `shopid` = 45  [ RunTime:0.0006s ]

[ 2017-11-03T16:48:52+10:30 ] 192.168.2.105 /tp/index.php/server/user/shopmesa
INFO: [ app_init ] --START--
INFO: Run Behavior\BuildLiteBehavior [ RunTime:0.000036s ]
INFO: [ app_init ] --END-- [ RunTime:0.000937s ]
INFO: [ app_begin ] --START--
INFO: Run Behavior\ReadHtmlCacheBehavior [ RunTime:0.001298s ]
INFO: [ app_begin ] --END-- [ RunTime:0.001410s ]
SQL: SHOW COLUMNS FROM `et_shopmessage` [ RunTime:0.0047s ]
SQL: SELECT `lmoney`,`content`,`gotime`,`long`,`maxprice`,`maxmoney`,`maxlong`,`lkmoney`,`shophead`,`shopphoto`,`shopname`,`state`,`coordinate`,`detailed_address`,`mobile` FROM `et_shopmessage` WHERE `shopid` = 45 LIMIT 1   [ RunTime:0.0003s ]
SQL: SHOW COLUMNS FROM `et_mingxi` [ RunTime:0.0040s ]
SQL: SELECT * FROM `et_mingxi` WHERE `addtime` BETWEEN '2017-11-03 00:00:00' AND '2017-11-03 16:48:51' AND `shopid` = 45 AND `flag` = 1  [ RunTime:0.0005s ]
SQL: SHOW COLUMNS FROM `et_orders` [ RunTime:0.0050s ]
SQL: SELECT * FROM `et_orders` WHERE `addtime` BETWEEN '2017-11-03 00:00:00' AND '2017-11-03 16:48:51' AND `state` IN ('3','4','5') AND `shopid` = 45  [ RunTime:0.0004s ]

[ 2017-11-03T16:49:34+10:30 ] 192.168.2.105 /tp/index.php/server/user/edittime
INFO: [ app_init ] --START--
INFO: Run Behavior\BuildLiteBehavior [ RunTime:0.000032s ]
INFO: [ app_init ] --END-- [ RunTime:0.000902s ]
INFO: [ app_begin ] --START--
INFO: Run Behavior\ReadHtmlCacheBehavior [ RunTime:0.001261s ]
INFO: [ app_begin ] --END-- [ RunTime:0.001373s ]
SQL: SHOW COLUMNS FROM `et_shopmessage` [ RunTime:0.0123s ]
SQL: UPDATE `et_shopmessage` SET `monday`='14:18-14:1914:18-14:19,14:19-14:30',`tuesday`='14:18-14:1914:18-14:19,14:19-14:30',`wednesday`='14:18-14:1914:18-14:19,14:19-14:30',`thursday`='14:18-14:1914:18-14:19,14:19-14:30',`friday`='14:18-14:1914:18-14:19,14:19-14:30',`saturday`='14:18-14:1914:18-14:19,14:19-14:30',`sunday`='14:18-14:1914:18-14:19,14:19-14:30' WHERE `shopid` = 45 [ RunTime:0.0029s ]

[ 2017-11-03T17:14:29+10:30 ] 192.168.2.105 /tp/index.php/server/order/yorderlist
INFO: [ app_init ] --START--
INFO: Run Behavior\BuildLiteBehavior [ RunTime:0.000017s ]
INFO: [ app_init ] --END-- [ RunTime:0.000508s ]
INFO: [ app_begin ] --START--
INFO: Run Behavior\ReadHtmlCacheBehavior [ RunTime:0.000983s ]
INFO: [ app_begin ] --END-- [ RunTime:0.001049s ]
SQL: SHOW COLUMNS FROM `et_orders` [ RunTime:0.0075s ]
SQL: SELECT * FROM `et_orders` WHERE ( (statu = 2 and state in (3,4,5)) or (statu in (1,3) and state in (1,2)) ) AND `shopid` = 45 AND `states` = 1 ORDER BY addtime desc LIMIT 0,8   [ RunTime:0.0006s ]

[ 2017-11-03T17:14:29+10:30 ] 192.168.2.105 /tp/index.php/server/order/norderlist
INFO: [ app_init ] --START--
INFO: Run Behavior\BuildLiteBehavior [ RunTime:0.000016s ]
INFO: [ app_init ] --END-- [ RunTime:0.000540s ]
INFO: [ app_begin ] --START--
INFO: Run Behavior\ReadHtmlCacheBehavior [ RunTime:0.001021s ]
INFO: [ app_begin ] --END-- [ RunTime:0.001092s ]
SQL: SHOW COLUMNS FROM `et_orders` [ RunTime:0.0082s ]
SQL: SELECT * FROM `et_orders` WHERE `state` IN ('1','2') AND `shopid` = 45 AND `statu` = 2  [ RunTime:0.0006s ]

[ 2017-11-03T17:14:32+10:30 ] 192.168.2.105 /tp/index.php/server/user/shopmesa
INFO: [ app_init ] --START--
INFO: Run Behavior\BuildLiteBehavior [ RunTime:0.000033s ]
INFO: [ app_init ] --END-- [ RunTime:0.001107s ]
INFO: [ app_begin ] --START--
INFO: Run Behavior\ReadHtmlCacheBehavior [ RunTime:0.002903s ]
INFO: [ app_begin ] --END-- [ RunTime:0.003040s ]
SQL: SHOW COLUMNS FROM `et_shopmessage` [ RunTime:0.0151s ]
SQL: SELECT `lmoney`,`content`,`gotime`,`long`,`maxprice`,`maxmoney`,`maxlong`,`lkmoney`,`shophead`,`shopphoto`,`shopname`,`state`,`coordinate`,`detailed_address`,`mobile` FROM `et_shopmessage` WHERE `shopid` = 45 LIMIT 1   [ RunTime:0.0009s ]
SQL: SHOW COLUMNS FROM `et_mingxi` [ RunTime:0.0067s ]
SQL: SELECT * FROM `et_mingxi` WHERE `addtime` BETWEEN '2017-11-03 00:00:00' AND '2017-11-03 17:14:31' AND `shopid` = 45 AND `flag` = 1  [ RunTime:0.0008s ]
SQL: SHOW COLUMNS FROM `et_orders` [ RunTime:0.0073s ]
SQL: SELECT * FROM `et_orders` WHERE `addtime` BETWEEN '2017-11-03 00:00:00' AND '2017-11-03 17:14:31' AND `state` IN ('3','4','5') AND `shopid` = 45  [ RunTime:0.0006s ]

[ 2017-11-03T17:14:36+10:30 ] 192.168.2.105 /tp/index.php/server/user/shopmesa
INFO: [ app_init ] --START--
INFO: Run Behavior\BuildLiteBehavior [ RunTime:0.000033s ]
INFO: [ app_init ] --END-- [ RunTime:0.001076s ]
INFO: [ app_begin ] --START--
INFO: Run Behavior\ReadHtmlCacheBehavior [ RunTime:0.001540s ]
INFO: [ app_begin ] --END-- [ RunTime:0.001646s ]
SQL: SHOW COLUMNS FROM `et_shopmessage` [ RunTime:0.0152s ]
SQL: SELECT `lmoney`,`content`,`gotime`,`long`,`maxprice`,`maxmoney`,`maxlong`,`lkmoney`,`shophead`,`shopphoto`,`shopname`,`state`,`coordinate`,`detailed_address`,`mobile` FROM `et_shopmessage` WHERE `shopid` = 45 LIMIT 1   [ RunTime:0.0007s ]
SQL: SHOW COLUMNS FROM `et_mingxi` [ RunTime:0.0110s ]
SQL: SELECT * FROM `et_mingxi` WHERE `addtime` BETWEEN '2017-11-03 00:00:00' AND '2017-11-03 17:14:35' AND `shopid` = 45 AND `flag` = 1  [ RunTime:0.0013s ]
SQL: SHOW COLUMNS FROM `et_orders` [ RunTime:0.0120s ]
SQL: SELECT * FROM `et_orders` WHERE `addtime` BETWEEN '2017-11-03 00:00:00' AND '2017-11-03 17:14:35' AND `state` IN ('3','4','5') AND `shopid` = 45  [ RunTime:0.0006s ]

[ 2017-11-03T17:16:43+10:30 ] 192.168.2.101 /tp/index.php/server/order/yorderlist
INFO: [ app_init ] --START--
INFO: Run Behavior\BuildLiteBehavior [ RunTime:0.000031s ]
INFO: [ app_init ] --END-- [ RunTime:0.000480s ]
INFO: [ app_begin ] --START--
INFO: Run Behavior\ReadHtmlCacheBehavior [ RunTime:0.000711s ]
INFO: [ app_begin ] --END-- [ RunTime:0.000758s ]

[ 2017-11-03T17:16:43+10:30 ] 192.168.2.101 /tp/index.php/server/order/norderlist
INFO: [ app_init ] --START--
INFO: Run Behavior\BuildLiteBehavior [ RunTime:0.000015s ]
INFO: [ app_init ] --END-- [ RunTime:0.000564s ]
INFO: [ app_begin ] --START--
INFO: Run Behavior\ReadHtmlCacheBehavior [ RunTime:0.000963s ]
INFO: [ app_begin ] --END-- [ RunTime:0.001016s ]

[ 2017-11-03T17:16:47+10:30 ] 192.168.2.101 /tp/index.php/server/user/shopmesa
INFO: [ app_init ] --START--
INFO: Run Behavior\BuildLiteBehavior [ RunTime:0.000017s ]
INFO: [ app_init ] --END-- [ RunTime:0.000527s ]
INFO: [ app_begin ] --START--
INFO: Run Behavior\ReadHtmlCacheBehavior [ RunTime:0.000912s ]
INFO: [ app_begin ] --END-- [ RunTime:0.000967s ]

[ 2017-11-03T17:16:48+10:30 ] 192.168.2.105 /tp/index.php/server/order/norderlist
INFO: [ app_init ] --START--
INFO: Run Behavior\BuildLiteBehavior [ RunTime:0.000018s ]
INFO: [ app_init ] --END-- [ RunTime:0.000600s ]
INFO: [ app_begin ] --START--
INFO: Run Behavior\ReadHtmlCacheBehavior [ RunTime:0.001019s ]
INFO: [ app_begin ] --END-- [ RunTime:0.001095s ]
SQL: SHOW COLUMNS FROM `et_orders` [ RunTime:0.0116s ]
SQL: SELECT * FROM `et_orders` WHERE `state` IN ('1','2') AND `shopid` = 45 AND `statu` = 2  [ RunTime:0.0006s ]

[ 2017-11-03T17:16:48+10:30 ] 192.168.2.105 /tp/index.php/server/order/yorderlist
INFO: [ app_init ] --START--
INFO: Run Behavior\BuildLiteBehavior [ RunTime:0.000021s ]
INFO: [ app_init ] --END-- [ RunTime:0.000632s ]
INFO: [ app_begin ] --START--
INFO: Run Behavior\ReadHtmlCacheBehavior [ RunTime:0.000723s ]
INFO: [ app_begin ] --END-- [ RunTime:0.000775s ]
SQL: SHOW COLUMNS FROM `et_orders` [ RunTime:0.0128s ]
SQL: SELECT * FROM `et_orders` WHERE ( (statu = 2 and state in (3,4,5)) or (statu in (1,3) and state in (1,2)) ) AND `shopid` = 45 AND `states` = 1 ORDER BY addtime desc LIMIT 0,8   [ RunTime:0.0005s ]

[ 2017-11-03T17:16:59+10:30 ] 192.168.2.101 /tp/index.php/server/user/login
INFO: [ app_init ] --START--
INFO: Run Behavior\BuildLiteBehavior [ RunTime:0.000016s ]
INFO: [ app_init ] --END-- [ RunTime:0.000398s ]
INFO: [ app_begin ] --START--
INFO: Run Behavior\ReadHtmlCacheBehavior [ RunTime:0.000547s ]
INFO: [ app_begin ] --END-- [ RunTime:0.000601s ]
SQL: SHOW COLUMNS FROM `et_shop` [ RunTime:0.0055s ]
SQL: SELECT `shopid` FROM `et_shop` WHERE `phone` = '15230868185' AND `password` = 'bc13ec4937f9a6a5a8bd5e02bbcc14c1' LIMIT 1   [ RunTime:0.0004s ]

[ 2017-11-03T17:17:01+10:30 ] 192.168.2.101 /tp/index.php/server/order/norderlist
INFO: [ app_init ] --START--
INFO: Run Behavior\BuildLiteBehavior [ RunTime:0.000020s ]
INFO: [ app_init ] --END-- [ RunTime:0.000504s ]
INFO: [ app_begin ] --START--
INFO: Run Behavior\ReadHtmlCacheBehavior [ RunTime:0.000703s ]
INFO: [ app_begin ] --END-- [ RunTime:0.000767s ]
SQL: SHOW COLUMNS FROM `et_orders` [ RunTime:0.0059s ]
SQL: SELECT * FROM `et_orders` WHERE `state` IN ('1','2') AND `shopid` = 45 AND `statu` = 2  [ RunTime:0.0004s ]

[ 2017-11-03T17:17:02+10:30 ] 192.168.2.101 /tp/index.php/server/order/yorderlist
INFO: [ app_init ] --START--
INFO: Run Behavior\BuildLiteBehavior [ RunTime:0.000029s ]
INFO: [ app_init ] --END-- [ RunTime:0.000652s ]
INFO: [ app_begin ] --START--
INFO: Run Behavior\ReadHtmlCacheBehavior [ RunTime:0.001094s ]
INFO: [ app_begin ] --END-- [ RunTime:0.001213s ]
SQL: SHOW COLUMNS FROM `et_orders` [ RunTime:0.0057s ]
SQL: SELECT * FROM `et_orders` WHERE ( (statu = 2 and state in (3,4,5)) or (statu in (1,3) and state in (1,2)) ) AND `shopid` = 45 AND `states` = 1 ORDER BY addtime desc LIMIT 0,8   [ RunTime:0.0005s ]

[ 2017-11-03T17:17:04+10:30 ] 192.168.2.101 /tp/index.php/server/user/shopmesa
INFO: [ app_init ] --START--
INFO: Run Behavior\BuildLiteBehavior [ RunTime:0.000017s ]
INFO: [ app_init ] --END-- [ RunTime:0.000434s ]
INFO: [ app_begin ] --START--
INFO: Run Behavior\ReadHtmlCacheBehavior [ RunTime:0.000617s ]
INFO: [ app_begin ] --END-- [ RunTime:0.000669s ]
SQL: SHOW COLUMNS FROM `et_shopmessage` [ RunTime:0.0053s ]
SQL: SELECT `lmoney`,`content`,`gotime`,`long`,`maxprice`,`maxmoney`,`maxlong`,`lkmoney`,`shophead`,`shopphoto`,`shopname`,`state`,`coordinate`,`detailed_address`,`mobile` FROM `et_shopmessage` WHERE `shopid` = 45 LIMIT 1   [ RunTime:0.0004s ]
SQL: SHOW COLUMNS FROM `et_mingxi` [ RunTime:0.0058s ]
SQL: SELECT * FROM `et_mingxi` WHERE `addtime` BETWEEN '2017-11-03 00:00:00' AND '2017-11-03 17:17:03' AND `shopid` = 45 AND `flag` = 1  [ RunTime:0.0008s ]
SQL: SHOW COLUMNS FROM `et_orders` [ RunTime:0.0062s ]
SQL: SELECT * FROM `et_orders` WHERE `addtime` BETWEEN '2017-11-03 00:00:00' AND '2017-11-03 17:17:03' AND `state` IN ('3','4','5') AND `shopid` = 45  [ RunTime:0.0005s ]

[ 2017-11-03T17:17:06+10:30 ] 192.168.2.101 /tp/index.php/server/user/shopmesa
INFO: [ app_init ] --START--
INFO: Run Behavior\BuildLiteBehavior [ RunTime:0.000014s ]
INFO: [ app_init ] --END-- [ RunTime:0.000365s ]
INFO: [ app_begin ] --START--
INFO: Run Behavior\ReadHtmlCacheBehavior [ RunTime:0.000498s ]
INFO: [ app_begin ] --END-- [ RunTime:0.000540s ]
SQL: SHOW COLUMNS FROM `et_shopmessage` [ RunTime:0.0054s ]
SQL: SELECT `lmoney`,`content`,`gotime`,`long`,`maxprice`,`maxmoney`,`maxlong`,`lkmoney`,`shophead`,`shopphoto`,`shopname`,`state`,`coordinate`,`detailed_address`,`mobile` FROM `et_shopmessage` WHERE `shopid` = 45 LIMIT 1   [ RunTime:0.0004s ]
SQL: SHOW COLUMNS FROM `et_mingxi` [ RunTime:0.0049s ]
SQL: SELECT * FROM `et_mingxi` WHERE `addtime` BETWEEN '2017-11-03 00:00:00' AND '2017-11-03 17:17:05' AND `shopid` = 45 AND `flag` = 1  [ RunTime:0.0007s ]
SQL: SHOW COLUMNS FROM `et_orders` [ RunTime:0.0055s ]
SQL: SELECT * FROM `et_orders` WHERE `addtime` BETWEEN '2017-11-03 00:00:00' AND '2017-11-03 17:17:05' AND `state` IN ('3','4','5') AND `shopid` = 45  [ RunTime:0.0004s ]

[ 2017-11-03T17:17:38+10:30 ] 192.168.2.105 /tp/index.php/server/user/shopmesa
INFO: [ app_init ] --START--
INFO: Run Behavior\BuildLiteBehavior [ RunTime:0.000015s ]
INFO: [ app_init ] --END-- [ RunTime:0.000378s ]
INFO: [ app_begin ] --START--
INFO: Run Behavior\ReadHtmlCacheBehavior [ RunTime:0.000513s ]
INFO: [ app_begin ] --END-- [ RunTime:0.000560s ]

[ 2017-11-03T17:38:21+10:30 ] 192.168.2.105 /tp/index.php/server/user/login
INFO: [ app_init ] --START--
INFO: Run Behavior\BuildLiteBehavior [ RunTime:0.000013s ]
INFO: [ app_init ] --END-- [ RunTime:0.000399s ]
INFO: [ app_begin ] --START--
INFO: Run Behavior\ReadHtmlCacheBehavior [ RunTime:0.000644s ]
INFO: [ app_begin ] --END-- [ RunTime:0.000690s ]
SQL: SHOW COLUMNS FROM `et_shop` [ RunTime:0.0042s ]
SQL: SELECT `shopid` FROM `et_shop` WHERE `phone` = '15230868185' AND `password` = 'bc13ec4937f9a6a5a8bd5e02bbcc14c1' LIMIT 1   [ RunTime:0.0004s ]

[ 2017-11-03T17:38:22+10:30 ] 192.168.2.105 /tp/index.php/server/order/norderlist
INFO: [ app_init ] --START--
INFO: Run Behavior\BuildLiteBehavior [ RunTime:0.000014s ]
INFO: [ app_init ] --END-- [ RunTime:0.000384s ]
INFO: [ app_begin ] --START--
INFO: Run Behavior\ReadHtmlCacheBehavior [ RunTime:0.000834s ]
INFO: [ app_begin ] --END-- [ RunTime:0.000906s ]
SQL: SHOW COLUMNS FROM `et_orders` [ RunTime:0.0051s ]
SQL: SELECT * FROM `et_orders` WHERE `state` IN ('1','2') AND `shopid` = 45 AND `statu` = 2  [ RunTime:0.0004s ]

[ 2017-11-03T17:38:23+10:30 ] 192.168.2.105 /tp/index.php/server/order/yorderlist
INFO: [ app_init ] --START--
INFO: Run Behavior\BuildLiteBehavior [ RunTime:0.000021s ]
INFO: [ app_init ] --END-- [ RunTime:0.000634s ]
INFO: [ app_begin ] --START--
INFO: Run Behavior\ReadHtmlCacheBehavior [ RunTime:0.001066s ]
INFO: [ app_begin ] --END-- [ RunTime:0.001143s ]
SQL: SHOW COLUMNS FROM `et_orders` [ RunTime:0.0049s ]
SQL: SELECT * FROM `et_orders` WHERE ( (statu = 2 and state in (3,4,5)) or (statu in (1,3) and state in (1,2)) ) AND `shopid` = 45 AND `states` = 1 ORDER BY addtime desc LIMIT 0,8   [ RunTime:0.0005s ]

[ 2017-11-03T17:38:25+10:30 ] 192.168.2.105 /tp/index.php/server/user/shopmesa
INFO: [ app_init ] --START--
INFO: Run Behavior\BuildLiteBehavior [ RunTime:0.000015s ]
INFO: [ app_init ] --END-- [ RunTime:0.000380s ]
INFO: [ app_begin ] --START--
INFO: Run Behavior\ReadHtmlCacheBehavior [ RunTime:0.000591s ]
INFO: [ app_begin ] --END-- [ RunTime:0.000651s ]
SQL: SHOW COLUMNS FROM `et_shopmessage` [ RunTime:0.0048s ]
SQL: SELECT `lmoney`,`content`,`gotime`,`long`,`maxprice`,`maxmoney`,`maxlong`,`lkmoney`,`shophead`,`shopphoto`,`shopname`,`state`,`coordinate`,`detailed_address`,`mobile` FROM `et_shopmessage` WHERE `shopid` = 45 LIMIT 1   [ RunTime:0.0004s ]
SQL: SHOW COLUMNS FROM `et_mingxi` [ RunTime:0.0044s ]
SQL: SELECT * FROM `et_mingxi` WHERE `addtime` BETWEEN '2017-11-03 00:00:00' AND '2017-11-03 17:38:24' AND `shopid` = 45 AND `flag` = 1  [ RunTime:0.0007s ]
SQL: SHOW COLUMNS FROM `et_orders` [ RunTime:0.0047s ]
SQL: SELECT * FROM `et_orders` WHERE `addtime` BETWEEN '2017-11-03 00:00:00' AND '2017-11-03 17:38:24' AND `state` IN ('3','4','5') AND `shopid` = 45  [ RunTime:0.0004s ]

[ 2017-11-03T17:38:28+10:30 ] 192.168.2.105 /tp/index.php/server/user/shopmesa
INFO: [ app_init ] --START--
INFO: Run Behavior\BuildLiteBehavior [ RunTime:0.000017s ]
INFO: [ app_init ] --END-- [ RunTime:0.000379s ]
INFO: [ app_begin ] --START--
INFO: Run Behavior\ReadHtmlCacheBehavior [ RunTime:0.000519s ]
INFO: [ app_begin ] --END-- [ RunTime:0.000567s ]
SQL: SHOW COLUMNS FROM `et_shopmessage` [ RunTime:0.0048s ]
SQL: SELECT `lmoney`,`content`,`gotime`,`long`,`maxprice`,`maxmoney`,`maxlong`,`lkmoney`,`shophead`,`shopphoto`,`shopname`,`state`,`coordinate`,`detailed_address`,`mobile` FROM `et_shopmessage` WHERE `shopid` = 45 LIMIT 1   [ RunTime:0.0004s ]
SQL: SHOW COLUMNS FROM `et_mingxi` [ RunTime:0.0058s ]
SQL: SELECT * FROM `et_mingxi` WHERE `addtime` BETWEEN '2017-11-03 00:00:00' AND '2017-11-03 17:38:27' AND `shopid` = 45 AND `flag` = 1  [ RunTime:0.0009s ]
SQL: SHOW COLUMNS FROM `et_orders` [ RunTime:0.0067s ]
SQL: SELECT * FROM `et_orders` WHERE `addtime` BETWEEN '2017-11-03 00:00:00' AND '2017-11-03 17:38:27' AND `state` IN ('3','4','5') AND `shopid` = 45  [ RunTime:0.0005s ]

[ 2017-11-03T17:38:35+10:30 ] 192.168.2.105 /tp/index.php/server/user/shopmesa
INFO: [ app_init ] --START--
INFO: Run Behavior\BuildLiteBehavior [ RunTime:0.000015s ]
INFO: [ app_init ] --END-- [ RunTime:0.000367s ]
INFO: [ app_begin ] --START--
INFO: Run Behavior\ReadHtmlCacheBehavior [ RunTime:0.000699s ]
INFO: [ app_begin ] --END-- [ RunTime:0.000776s ]
SQL: SHOW COLUMNS FROM `et_shopmessage` [ RunTime:0.0050s ]
SQL: SELECT `lmoney`,`content`,`gotime`,`long`,`maxprice`,`maxmoney`,`maxlong`,`lkmoney`,`shophead`,`shopphoto`,`shopname`,`state`,`coordinate`,`detailed_address`,`mobile` FROM `et_shopmessage` WHERE `shopid` = 45 LIMIT 1   [ RunTime:0.0004s ]
SQL: SHOW COLUMNS FROM `et_mingxi` [ RunTime:0.0050s ]
SQL: SELECT * FROM `et_mingxi` WHERE `addtime` BETWEEN '2017-11-03 00:00:00' AND '2017-11-03 17:38:34' AND `shopid` = 45 AND `flag` = 1  [ RunTime:0.0008s ]
SQL: SHOW COLUMNS FROM `et_orders` [ RunTime:0.0057s ]
SQL: SELECT * FROM `et_orders` WHERE `addtime` BETWEEN '2017-11-03 00:00:00' AND '2017-11-03 17:38:34' AND `state` IN ('3','4','5') AND `shopid` = 45  [ RunTime:0.0004s ]

[ 2017-11-03T17:38:37+10:30 ] 192.168.2.105 /tp/index.php/server/user/shopmesa
INFO: [ app_init ] --START--
INFO: Run Behavior\BuildLiteBehavior [ RunTime:0.000015s ]
INFO: [ app_init ] --END-- [ RunTime:0.000408s ]
INFO: [ app_begin ] --START--
INFO: Run Behavior\ReadHtmlCacheBehavior [ RunTime:0.000766s ]
INFO: [ app_begin ] --END-- [ RunTime:0.000845s ]
SQL: SHOW COLUMNS FROM `et_shopmessage` [ RunTime:0.0061s ]
SQL: SELECT `lmoney`,`content`,`gotime`,`long`,`maxprice`,`maxmoney`,`maxlong`,`lkmoney`,`shophead`,`shopphoto`,`shopname`,`state`,`coordinate`,`detailed_address`,`mobile` FROM `et_shopmessage` WHERE `shopid` = 45 LIMIT 1   [ RunTime:0.0004s ]
SQL: SHOW COLUMNS FROM `et_mingxi` [ RunTime:0.0046s ]
SQL: SELECT * FROM `et_mingxi` WHERE `addtime` BETWEEN '2017-11-03 00:00:00' AND '2017-11-03 17:38:36' AND `shopid` = 45 AND `flag` = 1  [ RunTime:0.0008s ]
SQL: SHOW COLUMNS FROM `et_orders` [ RunTime:0.0055s ]
SQL: SELECT * FROM `et_orders` WHERE `addtime` BETWEEN '2017-11-03 00:00:00' AND '2017-11-03 17:38:36' AND `state` IN ('3','4','5') AND `shopid` = 45  [ RunTime:0.0004s ]

[ 2017-11-03T17:38:39+10:30 ] 192.168.2.105 /tp/index.php/server/shop/categorylist
INFO: [ app_init ] --START--
INFO: Run Behavior\BuildLiteBehavior [ RunTime:0.000022s ]
INFO: [ app_init ] --END-- [ RunTime:0.000548s ]
INFO: [ app_begin ] --START--
INFO: Run Behavior\ReadHtmlCacheBehavior [ RunTime:0.000773s ]
INFO: [ app_begin ] --END-- [ RunTime:0.000847s ]
SQL: SHOW COLUMNS FROM `et_category` [ RunTime:0.0067s ]
SQL: SELECT `cid`,`cname` FROM `et_category` WHERE `shopid` = 45  [ RunTime:0.0005s ]
SQL: SHOW COLUMNS FROM `et_shopgoods` [ RunTime:0.0055s ]
SQL: SELECT * FROM `et_shopgoods` WHERE `shopid` = 45 AND `cid` = 361  [ RunTime:0.0023s ]
SQL: SELECT * FROM `et_shopgoods` WHERE `shopid` = 45 AND `cid` = 362  [ RunTime:0.0019s ]
SQL: SELECT * FROM `et_shopgoods` WHERE `shopid` = 45 AND `cid` = 363  [ RunTime:0.0022s ]

[ 2017-11-03T17:38:42+10:30 ] 192.168.2.105 /tp/index.php/server/shop/menugoods
INFO: [ app_init ] --START--
INFO: Run Behavior\BuildLiteBehavior [ RunTime:0.000013s ]
INFO: [ app_init ] --END-- [ RunTime:0.000335s ]
INFO: [ app_begin ] --START--
INFO: Run Behavior\ReadHtmlCacheBehavior [ RunTime:0.000482s ]
INFO: [ app_begin ] --END-- [ RunTime:0.000532s ]
SQL: SHOW COLUMNS FROM `et_shopgoods` [ RunTime:0.0060s ]
SQL: SELECT * FROM `et_shopgoods` WHERE `shopid` = 45 AND `cid` = 361  [ RunTime:0.0026s ]

[ 2017-11-03T17:38:43+10:30 ] 192.168.2.105 /tp/index.php/server/shop/menugoods
INFO: [ app_init ] --START--
INFO: Run Behavior\BuildLiteBehavior [ RunTime:0.000024s ]
INFO: [ app_init ] --END-- [ RunTime:0.000371s ]
INFO: [ app_begin ] --START--
INFO: Run Behavior\ReadHtmlCacheBehavior [ RunTime:0.000488s ]
INFO: [ app_begin ] --END-- [ RunTime:0.000527s ]
SQL: SHOW COLUMNS FROM `et_shopgoods` [ RunTime:0.0052s ]
SQL: SELECT * FROM `et_shopgoods` WHERE `shopid` = 45 AND `cid` = 361  [ RunTime:0.0029s ]

[ 2017-11-03T17:38:45+10:30 ] 192.168.2.105 /tp/index.php/server/shop/menudetail
INFO: [ app_init ] --START--
INFO: Run Behavior\BuildLiteBehavior [ RunTime:0.000029s ]
INFO: [ app_init ] --END-- [ RunTime:0.000776s ]
INFO: [ app_begin ] --START--
INFO: Run Behavior\ReadHtmlCacheBehavior [ RunTime:0.001274s ]
INFO: [ app_begin ] --END-- [ RunTime:0.001400s ]
SQL: SHOW COLUMNS FROM `et_ordergoods` [ RunTime:0.0076s ]
SQL: SELECT * FROM `et_ordergoods` WHERE `goodsid` = 1921  [ RunTime:0.0043s ]
SQL: SHOW COLUMNS FROM `et_shopgoods` [ RunTime:0.0050s ]
SQL: SELECT `goodsname`,`goodsphoto`,`cid`,`goodsprice`,`flag`,`goodscontent` FROM `et_shopgoods` WHERE `goodsid` = 1921 LIMIT 1   [ RunTime:0.0004s ]
SQL: SHOW COLUMNS FROM `et_category` [ RunTime:0.0056s ]
SQL: SELECT * FROM `et_category` WHERE `cid` = 361 LIMIT 1   [ RunTime:0.0004s ]

[ 2017-11-03T18:00:18+10:30 ] 192.168.2.105 /tp/index.php/server/shop/menudetail
INFO: [ app_init ] --START--
INFO: Run Behavior\BuildLiteBehavior [ RunTime:0.000028s ]
INFO: [ app_init ] --END-- [ RunTime:0.000481s ]
INFO: [ app_begin ] --START--
INFO: Run Behavior\ReadHtmlCacheBehavior [ RunTime:0.000673s ]
INFO: [ app_begin ] --END-- [ RunTime:0.000744s ]
SQL: SHOW COLUMNS FROM `et_ordergoods` [ RunTime:0.0055s ]
SQL: SELECT * FROM `et_ordergoods` WHERE `goodsid` = 1921  [ RunTime:0.0012s ]
SQL: SHOW COLUMNS FROM `et_shopgoods` [ RunTime:0.0056s ]
SQL: SELECT `goodsname`,`goodsphoto`,`cid`,`goodsprice`,`flag`,`goodscontent` FROM `et_shopgoods` WHERE `goodsid` = 1921 LIMIT 1   [ RunTime:0.0003s ]
SQL: SHOW COLUMNS FROM `et_category` [ RunTime:0.0049s ]
SQL: SELECT * FROM `et_category` WHERE `cid` = 361 LIMIT 1   [ RunTime:0.0003s ]

[ 2017-11-03T18:23:45+10:30 ] 192.168.2.105 /tp/index.php/server/order/norderlist
INFO: [ app_init ] --START--
INFO: Run Behavior\BuildLiteBehavior [ RunTime:0.000021s ]
INFO: [ app_init ] --END-- [ RunTime:0.000628s ]
INFO: [ app_begin ] --START--
INFO: Run Behavior\ReadHtmlCacheBehavior [ RunTime:0.002444s ]
INFO: [ app_begin ] --END-- [ RunTime:0.002542s ]
SQL: SHOW COLUMNS FROM `et_orders` [ RunTime:0.0057s ]
SQL: SELECT * FROM `et_orders` WHERE `state` IN ('1','2') AND `shopid` = 45 AND `statu` = 2  [ RunTime:0.0005s ]

[ 2017-11-03T18:23:45+10:30 ] 192.168.2.105 /tp/index.php/server/order/yorderlist
INFO: [ app_init ] --START--
INFO: Run Behavior\BuildLiteBehavior [ RunTime:0.000021s ]
INFO: [ app_init ] --END-- [ RunTime:0.000618s ]
INFO: [ app_begin ] --START--
INFO: Run Behavior\ReadHtmlCacheBehavior [ RunTime:0.001111s ]
INFO: [ app_begin ] --END-- [ RunTime:0.001208s ]
SQL: SHOW COLUMNS FROM `et_orders` [ RunTime:0.0085s ]
SQL: SELECT * FROM `et_orders` WHERE ( (statu = 2 and state in (3,4,5)) or (statu in (1,3) and state in (1,2)) ) AND `shopid` = 45 AND `states` = 1 ORDER BY addtime desc LIMIT 0,8   [ RunTime:0.0005s ]

[ 2017-11-03T18:23:49+10:30 ] 192.168.2.105 /tp/index.php/server/user/shopmesa
INFO: [ app_init ] --START--
INFO: Run Behavior\BuildLiteBehavior [ RunTime:0.000015s ]
INFO: [ app_init ] --END-- [ RunTime:0.000455s ]
INFO: [ app_begin ] --START--
INFO: Run Behavior\ReadHtmlCacheBehavior [ RunTime:0.000783s ]
INFO: [ app_begin ] --END-- [ RunTime:0.000834s ]
SQL: SHOW COLUMNS FROM `et_shopmessage` [ RunTime:0.0058s ]
SQL: SELECT `lmoney`,`content`,`gotime`,`long`,`maxprice`,`maxmoney`,`maxlong`,`lkmoney`,`shophead`,`shopphoto`,`shopname`,`state`,`coordinate`,`detailed_address`,`mobile` FROM `et_shopmessage` WHERE `shopid` = 45 LIMIT 1   [ RunTime:0.0004s ]
SQL: SHOW COLUMNS FROM `et_mingxi` [ RunTime:0.0055s ]
SQL: SELECT * FROM `et_mingxi` WHERE `addtime` BETWEEN '2017-11-03 00:00:00' AND '2017-11-03 18:23:48' AND `shopid` = 45 AND `flag` = 1  [ RunTime:0.0010s ]
SQL: SHOW COLUMNS FROM `et_orders` [ RunTime:0.0059s ]
SQL: SELECT * FROM `et_orders` WHERE `addtime` BETWEEN '2017-11-03 00:00:00' AND '2017-11-03 18:23:48' AND `state` IN ('3','4','5') AND `shopid` = 45  [ RunTime:0.0004s ]

[ 2017-11-03T18:23:52+10:30 ] 192.168.2.105 /tp/index.php/server/user/shopmesa
INFO: [ app_init ] --START--
INFO: Run Behavior\BuildLiteBehavior [ RunTime:0.000015s ]
INFO: [ app_init ] --END-- [ RunTime:0.000463s ]
INFO: [ app_begin ] --START--
INFO: Run Behavior\ReadHtmlCacheBehavior [ RunTime:0.000806s ]
INFO: [ app_begin ] --END-- [ RunTime:0.000862s ]
SQL: SHOW COLUMNS FROM `et_shopmessage` [ RunTime:0.0059s ]
SQL: SELECT `lmoney`,`content`,`gotime`,`long`,`maxprice`,`maxmoney`,`maxlong`,`lkmoney`,`shophead`,`shopphoto`,`shopname`,`state`,`coordinate`,`detailed_address`,`mobile` FROM `et_shopmessage` WHERE `shopid` = 45 LIMIT 1   [ RunTime:0.0004s ]
SQL: SHOW COLUMNS FROM `et_mingxi` [ RunTime:0.0053s ]
SQL: SELECT * FROM `et_mingxi` WHERE `addtime` BETWEEN '2017-11-03 00:00:00' AND '2017-11-03 18:23:51' AND `shopid` = 45 AND `flag` = 1  [ RunTime:0.0006s ]
SQL: SHOW COLUMNS FROM `et_orders` [ RunTime:0.0051s ]
SQL: SELECT * FROM `et_orders` WHERE `addtime` BETWEEN '2017-11-03 00:00:00' AND '2017-11-03 18:23:51' AND `state` IN ('3','4','5') AND `shopid` = 45  [ RunTime:0.0004s ]

[ 2017-11-03T18:27:26+10:30 ] 192.168.2.105 /tp/index.php/server/user/shopmesa
INFO: [ app_init ] --START--
INFO: Run Behavior\BuildLiteBehavior [ RunTime:0.000016s ]
INFO: [ app_init ] --END-- [ RunTime:0.000463s ]
INFO: [ app_begin ] --START--
INFO: Run Behavior\ReadHtmlCacheBehavior [ RunTime:0.000835s ]
INFO: [ app_begin ] --END-- [ RunTime:0.000889s ]
SQL: SHOW COLUMNS FROM `et_shopmessage` [ RunTime:0.0062s ]
SQL: SELECT `lmoney`,`content`,`gotime`,`long`,`maxprice`,`maxmoney`,`maxlong`,`lkmoney`,`shophead`,`shopphoto`,`shopname`,`state`,`coordinate`,`detailed_address`,`mobile` FROM `et_shopmessage` WHERE `shopid` = 45 LIMIT 1   [ RunTime:0.0004s ]
SQL: SHOW COLUMNS FROM `et_mingxi` [ RunTime:0.0048s ]
SQL: SELECT * FROM `et_mingxi` WHERE `addtime` BETWEEN '2017-11-03 00:00:00' AND '2017-11-03 18:27:25' AND `shopid` = 45 AND `flag` = 1  [ RunTime:0.0006s ]
SQL: SHOW COLUMNS FROM `et_orders` [ RunTime:0.0063s ]
SQL: SELECT * FROM `et_orders` WHERE `addtime` BETWEEN '2017-11-03 00:00:00' AND '2017-11-03 18:27:25' AND `state` IN ('3','4','5') AND `shopid` = 45  [ RunTime:0.0004s ]

[ 2017-11-03T18:32:59+10:30 ] 192.168.2.105 /tp/index.php/server/user/shopmesa
INFO: [ app_init ] --START--
INFO: Run Behavior\BuildLiteBehavior [ RunTime:0.000016s ]
INFO: [ app_init ] --END-- [ RunTime:0.000473s ]
INFO: [ app_begin ] --START--
INFO: Run Behavior\ReadHtmlCacheBehavior [ RunTime:0.000881s ]
INFO: [ app_begin ] --END-- [ RunTime:0.000941s ]
SQL: SHOW COLUMNS FROM `et_shopmessage` [ RunTime:0.0066s ]
SQL: SELECT `lmoney`,`content`,`gotime`,`long`,`maxprice`,`maxmoney`,`maxlong`,`lkmoney`,`shophead`,`shopphoto`,`shopname`,`state`,`coordinate`,`detailed_address`,`mobile` FROM `et_shopmessage` WHERE `shopid` = 45 LIMIT 1   [ RunTime:0.0005s ]
SQL: SHOW COLUMNS FROM `et_mingxi` [ RunTime:0.0057s ]
SQL: SELECT * FROM `et_mingxi` WHERE `addtime` BETWEEN '2017-11-03 00:00:00' AND '2017-11-03 18:32:58' AND `shopid` = 45 AND `flag` = 1  [ RunTime:0.0008s ]
SQL: SHOW COLUMNS FROM `et_orders` [ RunTime:0.0065s ]
SQL: SELECT * FROM `et_orders` WHERE `addtime` BETWEEN '2017-11-03 00:00:00' AND '2017-11-03 18:32:58' AND `state` IN ('3','4','5') AND `shopid` = 45  [ RunTime:0.0005s ]

[ 2017-11-03T18:39:08+10:30 ] 192.168.2.105 /tp/index.php/server/user/shopmesa
INFO: [ app_init ] --START--
INFO: Run Behavior\BuildLiteBehavior [ RunTime:0.000023s ]
INFO: [ app_init ] --END-- [ RunTime:0.000698s ]
INFO: [ app_begin ] --START--
INFO: Run Behavior\ReadHtmlCacheBehavior [ RunTime:0.001245s ]
INFO: [ app_begin ] --END-- [ RunTime:0.001313s ]
SQL: SHOW COLUMNS FROM `et_shopmessage` [ RunTime:0.0127s ]
SQL: SELECT `lmoney`,`content`,`gotime`,`long`,`maxprice`,`maxmoney`,`maxlong`,`lkmoney`,`shophead`,`shopphoto`,`shopname`,`state`,`coordinate`,`detailed_address`,`mobile` FROM `et_shopmessage` WHERE `shopid` = 45 LIMIT 1   [ RunTime:0.0010s ]
SQL: SHOW COLUMNS FROM `et_mingxi` [ RunTime:0.0152s ]
SQL: SELECT * FROM `et_mingxi` WHERE `addtime` BETWEEN '2017-11-03 00:00:00' AND '2017-11-03 18:39:07' AND `shopid` = 45 AND `flag` = 1  [ RunTime:0.0020s ]
SQL: SHOW COLUMNS FROM `et_orders` [ RunTime:0.0100s ]
SQL: SELECT * FROM `et_orders` WHERE `addtime` BETWEEN '2017-11-03 00:00:00' AND '2017-11-03 18:39:07' AND `state` IN ('3','4','5') AND `shopid` = 45  [ RunTime:0.0004s ]

[ 2017-11-03T18:42:27+10:30 ] 192.168.2.105 /tp/index.php/server/user/shopmesa
INFO: [ app_init ] --START--
INFO: Run Behavior\BuildLiteBehavior [ RunTime:0.000015s ]
INFO: [ app_init ] --END-- [ RunTime:0.000448s ]
INFO: [ app_begin ] --START--
INFO: Run Behavior\ReadHtmlCacheBehavior [ RunTime:0.001013s ]
INFO: [ app_begin ] --END-- [ RunTime:0.001087s ]
SQL: SHOW COLUMNS FROM `et_shopmessage` [ RunTime:0.0125s ]
SQL: SELECT `lmoney`,`content`,`gotime`,`long`,`maxprice`,`maxmoney`,`maxlong`,`lkmoney`,`shophead`,`shopphoto`,`shopname`,`state`,`coordinate`,`detailed_address`,`mobile` FROM `et_shopmessage` WHERE `shopid` = 45 LIMIT 1   [ RunTime:0.0009s ]
SQL: SHOW COLUMNS FROM `et_mingxi` [ RunTime:0.0115s ]
SQL: SELECT * FROM `et_mingxi` WHERE `addtime` BETWEEN '2017-11-03 00:00:00' AND '2017-11-03 18:42:26' AND `shopid` = 45 AND `flag` = 1  [ RunTime:0.0014s ]
SQL: SHOW COLUMNS FROM `et_orders` [ RunTime:0.0124s ]
SQL: SELECT * FROM `et_orders` WHERE `addtime` BETWEEN '2017-11-03 00:00:00' AND '2017-11-03 18:42:26' AND `state` IN ('3','4','5') AND `shopid` = 45  [ RunTime:0.0009s ]

[ 2017-11-03T18:43:08+10:30 ] 192.168.2.105 /tp/index.php/server/shop/categorylist
INFO: [ app_init ] --START--
INFO: Run Behavior\BuildLiteBehavior [ RunTime:0.000014s ]
INFO: [ app_init ] --END-- [ RunTime:0.000402s ]
INFO: [ app_begin ] --START--
INFO: Run Behavior\ReadHtmlCacheBehavior [ RunTime:0.000733s ]
INFO: [ app_begin ] --END-- [ RunTime:0.000776s ]
SQL: SHOW COLUMNS FROM `et_category` [ RunTime:0.0127s ]
SQL: SELECT `cid`,`cname` FROM `et_category` WHERE `shopid` = 45  [ RunTime:0.0010s ]
SQL: SHOW COLUMNS FROM `et_shopgoods` [ RunTime:0.0111s ]
SQL: SELECT * FROM `et_shopgoods` WHERE `shopid` = 45 AND `cid` = 361  [ RunTime:0.0052s ]
SQL: SELECT * FROM `et_shopgoods` WHERE `shopid` = 45 AND `cid` = 362  [ RunTime:0.0043s ]
SQL: SELECT * FROM `et_shopgoods` WHERE `shopid` = 45 AND `cid` = 363  [ RunTime:0.0047s ]

[ 2017-11-03T18:43:20+10:30 ] 192.168.2.105 /tp/index.php/server/order/yorderlist
INFO: [ app_init ] --START--
INFO: Run Behavior\BuildLiteBehavior [ RunTime:0.000033s ]
INFO: [ app_init ] --END-- [ RunTime:0.001096s ]
INFO: [ app_begin ] --START--
INFO: Run Behavior\ReadHtmlCacheBehavior [ RunTime:0.001843s ]
INFO: [ app_begin ] --END-- [ RunTime:0.001916s ]
SQL: SHOW COLUMNS FROM `et_orders` [ RunTime:0.0112s ]
SQL: SELECT * FROM `et_orders` WHERE ( (statu = 2 and state in (3,4,5)) or (statu in (1,3) and state in (1,2)) ) AND `shopid` = 45 AND `states` = 1 ORDER BY addtime desc LIMIT 0,8   [ RunTime:0.0010s ]

[ 2017-11-03T18:43:21+10:30 ] 192.168.2.105 /tp/index.php/server/order/norderlist
INFO: [ app_init ] --START--
INFO: Run Behavior\BuildLiteBehavior [ RunTime:0.000020s ]
INFO: [ app_init ] --END-- [ RunTime:0.000595s ]
INFO: [ app_begin ] --START--
INFO: Run Behavior\ReadHtmlCacheBehavior [ RunTime:0.000965s ]
INFO: [ app_begin ] --END-- [ RunTime:0.001029s ]
SQL: SHOW COLUMNS FROM `et_orders` [ RunTime:0.0120s ]
SQL: SELECT * FROM `et_orders` WHERE `state` IN ('1','2') AND `shopid` = 45 AND `statu` = 2  [ RunTime:0.0006s ]

[ 2017-11-03T18:43:22+10:30 ] 192.168.2.105 /tp/index.php/server/order/norderlist
INFO: [ app_init ] --START--
INFO: Run Behavior\BuildLiteBehavior [ RunTime:0.000018s ]
INFO: [ app_init ] --END-- [ RunTime:0.000570s ]
INFO: [ app_begin ] --START--
INFO: Run Behavior\ReadHtmlCacheBehavior [ RunTime:0.001389s ]
INFO: [ app_begin ] --END-- [ RunTime:0.001475s ]
SQL: SHOW COLUMNS FROM `et_orders` [ RunTime:0.0123s ]
SQL: SELECT * FROM `et_orders` WHERE `state` IN ('1','2') AND `shopid` = 45 AND `statu` = 2  [ RunTime:0.0010s ]

[ 2017-11-03T18:43:23+10:30 ] 192.168.2.105 /tp/index.php/server/order/norderlist
INFO: [ app_init ] --START--
INFO: Run Behavior\BuildLiteBehavior [ RunTime:0.000028s ]
INFO: [ app_init ] --END-- [ RunTime:0.000831s ]
INFO: [ app_begin ] --START--
INFO: Run Behavior\ReadHtmlCacheBehavior [ RunTime:0.001358s ]
INFO: [ app_begin ] --END-- [ RunTime:0.001451s ]
SQL: SHOW COLUMNS FROM `et_orders` [ RunTime:0.0118s ]
SQL: SELECT * FROM `et_orders` WHERE `state` IN ('1','2') AND `shopid` = 45 AND `statu` = 2  [ RunTime:0.0010s ]

[ 2017-11-03T18:43:25+10:30 ] 192.168.2.105 /tp/index.php/server/order/norderlist
INFO: [ app_init ] --START--
INFO: Run Behavior\BuildLiteBehavior [ RunTime:0.000033s ]
INFO: [ app_init ] --END-- [ RunTime:0.001059s ]
INFO: [ app_begin ] --START--
INFO: Run Behavior\ReadHtmlCacheBehavior [ RunTime:0.000962s ]
INFO: [ app_begin ] --END-- [ RunTime:0.001086s ]
SQL: SHOW COLUMNS FROM `et_orders` [ RunTime:0.0060s ]
SQL: SELECT * FROM `et_orders` WHERE `state` IN ('1','2') AND `shopid` = 45 AND `statu` = 2  [ RunTime:0.0005s ]

[ 2017-11-03T18:43:29+10:30 ] 192.168.2.105 /tp/index.php/server/shop/menugoods
INFO: [ app_init ] --START--
INFO: Run Behavior\BuildLiteBehavior [ RunTime:0.000051s ]
INFO: [ app_init ] --END-- [ RunTime:0.001086s ]
INFO: [ app_begin ] --START--
INFO: Run Behavior\ReadHtmlCacheBehavior [ RunTime:0.001943s ]
INFO: [ app_begin ] --END-- [ RunTime:0.002118s ]
SQL: SHOW COLUMNS FROM `et_shopgoods` [ RunTime:0.0116s ]
SQL: SELECT * FROM `et_shopgoods` WHERE `shopid` = 45 AND `cid` = 361  [ RunTime:0.0044s ]

[ 2017-11-03T18:43:30+10:30 ] 192.168.2.105 /tp/index.php/server/shop/menugoods
INFO: [ app_init ] --START--
INFO: Run Behavior\BuildLiteBehavior [ RunTime:0.000014s ]
INFO: [ app_init ] --END-- [ RunTime:0.000334s ]
INFO: [ app_begin ] --START--
INFO: Run Behavior\ReadHtmlCacheBehavior [ RunTime:0.000460s ]
INFO: [ app_begin ] --END-- [ RunTime:0.000501s ]
SQL: SHOW COLUMNS FROM `et_shopgoods` [ RunTime:0.0116s ]
SQL: SELECT * FROM `et_shopgoods` WHERE `shopid` = 45 AND `cid` = 361  [ RunTime:0.0043s ]

[ 2017-11-03T18:44:32+10:30 ] 192.168.2.105 /tp/index.php/server/shop/addgoods
INFO: [ app_init ] --START--
INFO: Run Behavior\BuildLiteBehavior [ RunTime:0.000032s ]
INFO: [ app_init ] --END-- [ RunTime:0.000893s ]
INFO: [ app_begin ] --START--
INFO: Run Behavior\ReadHtmlCacheBehavior [ RunTime:0.000904s ]
INFO: [ app_begin ] --END-- [ RunTime:0.000990s ]
SQL: SHOW COLUMNS FROM `et_shopgoods` [ RunTime:0.0114s ]
SQL: INSERT INTO `et_shopgoods` (`cid`,`shopid`,`goodsname`,`goodsprice`,`goodscontent`,`goodsphoto`,`addtime`) VALUES ('361','45','','10000000000000000000000000000000000000','','uploads/f2d6e51a0f2643df78138576f35bc226.jpg','2017-11-03 18:44:31') [ RunTime:0.0033s ]

[ 2017-11-03T18:44:34+10:30 ] 192.168.2.105 /tp/index.php/server/shop/menugoods
INFO: [ app_init ] --START--
INFO: Run Behavior\BuildLiteBehavior [ RunTime:0.000023s ]
INFO: [ app_init ] --END-- [ RunTime:0.000548s ]
INFO: [ app_begin ] --START--
INFO: Run Behavior\ReadHtmlCacheBehavior [ RunTime:0.000784s ]
INFO: [ app_begin ] --END-- [ RunTime:0.000858s ]
SQL: SHOW COLUMNS FROM `et_shopgoods` [ RunTime:0.0106s ]
SQL: SELECT * FROM `et_shopgoods` WHERE `shopid` = 45 AND `cid` = 361  [ RunTime:0.0044s ]

[ 2017-11-03T18:44:46+10:30 ] 192.168.2.105 /tp/index.php/server/shop/menudetail
INFO: [ app_init ] --START--
INFO: Run Behavior\BuildLiteBehavior [ RunTime:0.000033s ]
INFO: [ app_init ] --END-- [ RunTime:0.000899s ]
INFO: [ app_begin ] --START--
INFO: Run Behavior\ReadHtmlCacheBehavior [ RunTime:0.001307s ]
INFO: [ app_begin ] --END-- [ RunTime:0.001426s ]
SQL: SHOW COLUMNS FROM `et_ordergoods` [ RunTime:0.0114s ]
SQL: SELECT * FROM `et_ordergoods` WHERE `goodsid` = 1926  [ RunTime:0.0027s ]
SQL: SHOW COLUMNS FROM `et_shopgoods` [ RunTime:0.0097s ]
SQL: SELECT `goodsname`,`goodsphoto`,`cid`,`goodsprice`,`flag`,`goodscontent` FROM `et_shopgoods` WHERE `goodsid` = 1926 LIMIT 1   [ RunTime:0.0006s ]
SQL: SHOW COLUMNS FROM `et_category` [ RunTime:0.0071s ]
SQL: SELECT * FROM `et_category` WHERE `cid` = 361 LIMIT 1   [ RunTime:0.0004s ]

[ 2017-11-03T19:02:27+10:30 ] 192.168.2.105 /tp/index.php/server/order/norderlist
INFO: [ app_init ] --START--
INFO: Run Behavior\BuildLiteBehavior [ RunTime:0.000019s ]
INFO: [ app_init ] --END-- [ RunTime:0.000669s ]
INFO: [ app_begin ] --START--
INFO: Run Behavior\ReadHtmlCacheBehavior [ RunTime:0.000993s ]
INFO: [ app_begin ] --END-- [ RunTime:0.001062s ]
SQL: SHOW COLUMNS FROM `et_orders` [ RunTime:0.0145s ]
SQL: SELECT * FROM `et_orders` WHERE `state` IN ('1','2') AND `shopid` = 45 AND `statu` = 2  [ RunTime:0.0019s ]

[ 2017-11-03T19:02:27+10:30 ] 192.168.2.105 /tp/index.php/server/order/yorderlist
INFO: [ app_init ] --START--
INFO: Run Behavior\BuildLiteBehavior [ RunTime:0.000023s ]
INFO: [ app_init ] --END-- [ RunTime:0.000668s ]
INFO: [ app_begin ] --START--
INFO: Run Behavior\ReadHtmlCacheBehavior [ RunTime:0.001143s ]
INFO: [ app_begin ] --END-- [ RunTime:0.001208s ]
SQL: SHOW COLUMNS FROM `et_orders` [ RunTime:0.0162s ]
SQL: SELECT * FROM `et_orders` WHERE ( (statu = 2 and state in (3,4,5)) or (statu in (1,3) and state in (1,2)) ) AND `shopid` = 45 AND `states` = 1 ORDER BY addtime desc LIMIT 0,8   [ RunTime:0.0011s ]

[ 2017-11-03T19:10:48+10:30 ] 192.168.2.105 /tp/index.php/server/order/yorderlist
INFO: [ app_init ] --START--
INFO: Run Behavior\BuildLiteBehavior [ RunTime:0.000021s ]
INFO: [ app_init ] --END-- [ RunTime:0.000737s ]
INFO: [ app_begin ] --START--
INFO: Run Behavior\ReadHtmlCacheBehavior [ RunTime:0.001065s ]
INFO: [ app_begin ] --END-- [ RunTime:0.001138s ]
SQL: SHOW COLUMNS FROM `et_orders` [ RunTime:0.0194s ]
SQL: SELECT * FROM `et_orders` WHERE ( (statu = 2 and state in (3,4,5)) or (statu in (1,3) and state in (1,2)) ) AND `shopid` = 45 AND `states` = 1 ORDER BY addtime desc LIMIT 0,8   [ RunTime:0.0014s ]

[ 2017-11-03T19:10:48+10:30 ] 192.168.2.105 /tp/index.php/server/order/norderlist
INFO: [ app_init ] --START--
INFO: Run Behavior\BuildLiteBehavior [ RunTime:0.000026s ]
INFO: [ app_init ] --END-- [ RunTime:0.000670s ]
INFO: [ app_begin ] --START--
INFO: Run Behavior\ReadHtmlCacheBehavior [ RunTime:0.000826s ]
INFO: [ app_begin ] --END-- [ RunTime:0.000879s ]
SQL: SHOW COLUMNS FROM `et_orders` [ RunTime:0.0148s ]
SQL: SELECT * FROM `et_orders` WHERE `state` IN ('1','2') AND `shopid` = 45 AND `statu` = 2  [ RunTime:0.0013s ]

[ 2017-11-03T19:10:49+10:30 ] 192.168.2.105 /tp/index.php/server/user/shopmesa
INFO: [ app_init ] --START--
INFO: Run Behavior\BuildLiteBehavior [ RunTime:0.000015s ]
INFO: [ app_init ] --END-- [ RunTime:0.000492s ]
INFO: [ app_begin ] --START--
INFO: Run Behavior\ReadHtmlCacheBehavior [ RunTime:0.000815s ]
INFO: [ app_begin ] --END-- [ RunTime:0.000866s ]
SQL: SHOW COLUMNS FROM `et_shopmessage` [ RunTime:0.0130s ]
SQL: SELECT `lmoney`,`content`,`gotime`,`long`,`maxprice`,`maxmoney`,`maxlong`,`lkmoney`,`shophead`,`shopphoto`,`shopname`,`state`,`coordinate`,`detailed_address`,`mobile` FROM `et_shopmessage` WHERE `shopid` = 45 LIMIT 1   [ RunTime:0.0010s ]
SQL: SHOW COLUMNS FROM `et_mingxi` [ RunTime:0.0126s ]
SQL: SELECT * FROM `et_mingxi` WHERE `addtime` BETWEEN '2017-11-03 00:00:00' AND '2017-11-03 19:10:48' AND `shopid` = 45 AND `flag` = 1  [ RunTime:0.0021s ]
SQL: SHOW COLUMNS FROM `et_orders` [ RunTime:0.0122s ]
SQL: SELECT * FROM `et_orders` WHERE `addtime` BETWEEN '2017-11-03 00:00:00' AND '2017-11-03 19:10:48' AND `state` IN ('3','4','5') AND `shopid` = 45  [ RunTime:0.0009s ]

[ 2017-11-03T19:10:52+10:30 ] 192.168.2.105 /tp/index.php/server/user/shopmesa
INFO: [ app_init ] --START--
INFO: Run Behavior\BuildLiteBehavior [ RunTime:0.000015s ]
INFO: [ app_init ] --END-- [ RunTime:0.000503s ]
INFO: [ app_begin ] --START--
INFO: Run Behavior\ReadHtmlCacheBehavior [ RunTime:0.000716s ]
INFO: [ app_begin ] --END-- [ RunTime:0.000760s ]
SQL: SHOW COLUMNS FROM `et_shopmessage` [ RunTime:0.0067s ]
SQL: SELECT `lmoney`,`content`,`gotime`,`long`,`maxprice`,`maxmoney`,`maxlong`,`lkmoney`,`shophead`,`shopphoto`,`shopname`,`state`,`coordinate`,`detailed_address`,`mobile` FROM `et_shopmessage` WHERE `shopid` = 45 LIMIT 1   [ RunTime:0.0004s ]
SQL: SHOW COLUMNS FROM `et_mingxi` [ RunTime:0.0046s ]
SQL: SELECT * FROM `et_mingxi` WHERE `addtime` BETWEEN '2017-11-03 00:00:00' AND '2017-11-03 19:10:51' AND `shopid` = 45 AND `flag` = 1  [ RunTime:0.0008s ]
SQL: SHOW COLUMNS FROM `et_orders` [ RunTime:0.0049s ]
SQL: SELECT * FROM `et_orders` WHERE `addtime` BETWEEN '2017-11-03 00:00:00' AND '2017-11-03 19:10:51' AND `state` IN ('3','4','5') AND `shopid` = 45  [ RunTime:0.0004s ]

[ 2017-11-03T19:12:54+10:30 ] 192.168.2.105 /tp/index.php/server/user/edittime
INFO: [ app_init ] --START--
INFO: Run Behavior\BuildLiteBehavior [ RunTime:0.000017s ]
INFO: [ app_init ] --END-- [ RunTime:0.000554s ]
INFO: [ app_begin ] --START--
INFO: Run Behavior\ReadHtmlCacheBehavior [ RunTime:0.001085s ]
INFO: [ app_begin ] --END-- [ RunTime:0.001145s ]
SQL: SHOW COLUMNS FROM `et_shopmessage` [ RunTime:0.0130s ]
SQL: UPDATE `et_shopmessage` SET `monday`='16:42-16:5316:42-16:53,23:42-01:42' WHERE `shopid` = 45 [ RunTime:0.0038s ]

[ 2017-11-03T19:13:03+10:30 ] 192.168.2.105 /tp/index.php/server/user/shopmesa
INFO: [ app_init ] --START--
INFO: Run Behavior\BuildLiteBehavior [ RunTime:0.000033s ]
INFO: [ app_init ] --END-- [ RunTime:0.001084s ]
INFO: [ app_begin ] --START--
INFO: Run Behavior\ReadHtmlCacheBehavior [ RunTime:0.001249s ]
INFO: [ app_begin ] --END-- [ RunTime:0.001351s ]
SQL: SHOW COLUMNS FROM `et_shopmessage` [ RunTime:0.0119s ]
SQL: SELECT `lmoney`,`content`,`gotime`,`long`,`maxprice`,`maxmoney`,`maxlong`,`lkmoney`,`shophead`,`shopphoto`,`shopname`,`state`,`coordinate`,`detailed_address`,`mobile` FROM `et_shopmessage` WHERE `shopid` = 45 LIMIT 1   [ RunTime:0.0009s ]
SQL: SHOW COLUMNS FROM `et_mingxi` [ RunTime:0.0113s ]
SQL: SELECT * FROM `et_mingxi` WHERE `addtime` BETWEEN '2017-11-03 00:00:00' AND '2017-11-03 19:13:02' AND `shopid` = 45 AND `flag` = 1  [ RunTime:0.0019s ]
SQL: SHOW COLUMNS FROM `et_orders` [ RunTime:0.0183s ]
SQL: SELECT * FROM `et_orders` WHERE `addtime` BETWEEN '2017-11-03 00:00:00' AND '2017-11-03 19:13:02' AND `state` IN ('3','4','5') AND `shopid` = 45  [ RunTime:0.0006s ]

[ 2017-11-03T19:13:11+10:30 ] 192.168.2.105 /tp/index.php/server/user/shopmesa
INFO: [ app_init ] --START--
INFO: Run Behavior\BuildLiteBehavior [ RunTime:0.000013s ]
INFO: [ app_init ] --END-- [ RunTime:0.000400s ]
INFO: [ app_begin ] --START--
INFO: Run Behavior\ReadHtmlCacheBehavior [ RunTime:0.000716s ]
INFO: [ app_begin ] --END-- [ RunTime:0.000764s ]
SQL: SHOW COLUMNS FROM `et_shopmessage` [ RunTime:0.0124s ]
SQL: SELECT `lmoney`,`content`,`gotime`,`long`,`maxprice`,`maxmoney`,`maxlong`,`lkmoney`,`shophead`,`shopphoto`,`shopname`,`state`,`coordinate`,`detailed_address`,`mobile` FROM `et_shopmessage` WHERE `shopid` = 45 LIMIT 1   [ RunTime:0.0009s ]
SQL: SHOW COLUMNS FROM `et_mingxi` [ RunTime:0.0116s ]
SQL: SELECT * FROM `et_mingxi` WHERE `addtime` BETWEEN '2017-11-03 00:00:00' AND '2017-11-03 19:13:10' AND `shopid` = 45 AND `flag` = 1  [ RunTime:0.0014s ]
SQL: SHOW COLUMNS FROM `et_orders` [ RunTime:0.0054s ]
SQL: SELECT * FROM `et_orders` WHERE `addtime` BETWEEN '2017-11-03 00:00:00' AND '2017-11-03 19:13:10' AND `state` IN ('3','4','5') AND `shopid` = 45  [ RunTime:0.0004s ]

[ 2017-11-03T19:13:14+10:30 ] 192.168.2.105 /tp/index.php/server/user/shopmesa
INFO: [ app_init ] --START--
INFO: Run Behavior\BuildLiteBehavior [ RunTime:0.000013s ]
INFO: [ app_init ] --END-- [ RunTime:0.000401s ]
INFO: [ app_begin ] --START--
INFO: Run Behavior\ReadHtmlCacheBehavior [ RunTime:0.000722s ]
INFO: [ app_begin ] --END-- [ RunTime:0.000764s ]
SQL: SHOW COLUMNS FROM `et_shopmessage` [ RunTime:0.0056s ]
SQL: SELECT `lmoney`,`content`,`gotime`,`long`,`maxprice`,`maxmoney`,`maxlong`,`lkmoney`,`shophead`,`shopphoto`,`shopname`,`state`,`coordinate`,`detailed_address`,`mobile` FROM `et_shopmessage` WHERE `shopid` = 45 LIMIT 1   [ RunTime:0.0005s ]
SQL: SHOW COLUMNS FROM `et_mingxi` [ RunTime:0.0058s ]
SQL: SELECT * FROM `et_mingxi` WHERE `addtime` BETWEEN '2017-11-03 00:00:00' AND '2017-11-03 19:13:13' AND `shopid` = 45 AND `flag` = 1  [ RunTime:0.0008s ]
SQL: SHOW COLUMNS FROM `et_orders` [ RunTime:0.0062s ]
SQL: SELECT * FROM `et_orders` WHERE `addtime` BETWEEN '2017-11-03 00:00:00' AND '2017-11-03 19:13:13' AND `state` IN ('3','4','5') AND `shopid` = 45  [ RunTime:0.0004s ]

[ 2017-11-03T19:13:17+10:30 ] 192.168.2.105 /tp/index.php/server/user/shopmesa
INFO: [ app_init ] --START--
INFO: Run Behavior\BuildLiteBehavior [ RunTime:0.000021s ]
INFO: [ app_init ] --END-- [ RunTime:0.000600s ]
INFO: [ app_begin ] --START--
INFO: Run Behavior\ReadHtmlCacheBehavior [ RunTime:0.001267s ]
INFO: [ app_begin ] --END-- [ RunTime:0.001357s ]
SQL: SHOW COLUMNS FROM `et_shopmessage` [ RunTime:0.0129s ]
SQL: SELECT `lmoney`,`content`,`gotime`,`long`,`maxprice`,`maxmoney`,`maxlong`,`lkmoney`,`shophead`,`shopphoto`,`shopname`,`state`,`coordinate`,`detailed_address`,`mobile` FROM `et_shopmessage` WHERE `shopid` = 45 LIMIT 1   [ RunTime:0.0008s ]
SQL: SHOW COLUMNS FROM `et_mingxi` [ RunTime:0.0099s ]
SQL: SELECT * FROM `et_mingxi` WHERE `addtime` BETWEEN '2017-11-03 00:00:00' AND '2017-11-03 19:13:16' AND `shopid` = 45 AND `flag` = 1  [ RunTime:0.0008s ]
SQL: SHOW COLUMNS FROM `et_orders` [ RunTime:0.0059s ]
SQL: SELECT * FROM `et_orders` WHERE `addtime` BETWEEN '2017-11-03 00:00:00' AND '2017-11-03 19:13:16' AND `state` IN ('3','4','5') AND `shopid` = 45  [ RunTime:0.0005s ]

[ 2017-11-03T19:13:22+10:30 ] 192.168.2.105 /tp/index.php/server/evaluate/pingjialist
INFO: [ app_init ] --START--
INFO: Run Behavior\BuildLiteBehavior [ RunTime:0.000022s ]
INFO: [ app_init ] --END-- [ RunTime:0.000678s ]
INFO: [ app_begin ] --START--
INFO: Run Behavior\ReadHtmlCacheBehavior [ RunTime:0.001273s ]
INFO: [ app_begin ] --END-- [ RunTime:0.001369s ]
SQL: SHOW COLUMNS FROM `et_evaluate` [ RunTime:0.0137s ]
SQL: SELECT * FROM `et_evaluate` WHERE `shopid` = 45 LIMIT 0,8   [ RunTime:0.0009s ]
SQL: SHOW COLUMNS FROM `et_user` [ RunTime:0.0136s ]
SQL: SELECT `uid`,`username`,`head_photo` FROM `et_user` WHERE `uid` = 17 LIMIT 1   [ RunTime:0.0006s ]
SQL: SHOW COLUMNS FROM `et_backevaluate` [ RunTime:0.0078s ]
SQL: SELECT `backpingjia` FROM `et_backevaluate` WHERE `shopid` = 45 AND `uid` = 17 AND `eid` = 52 LIMIT 1   [ RunTime:0.0004s ]

[ 2017-11-03T19:13:24+10:30 ] 192.168.2.105 /tp/index.php/server/shop/categorylist
INFO: [ app_init ] --START--
INFO: Run Behavior\BuildLiteBehavior [ RunTime:0.000035s ]
INFO: [ app_init ] --END-- [ RunTime:0.001109s ]
INFO: [ app_begin ] --START--
INFO: Run Behavior\ReadHtmlCacheBehavior [ RunTime:0.001759s ]
INFO: [ app_begin ] --END-- [ RunTime:0.001911s ]
SQL: SHOW COLUMNS FROM `et_category` [ RunTime:0.0117s ]
SQL: SELECT `cid`,`cname` FROM `et_category` WHERE `shopid` = 45  [ RunTime:0.0008s ]
SQL: SHOW COLUMNS FROM `et_shopgoods` [ RunTime:0.0117s ]
SQL: SELECT * FROM `et_shopgoods` WHERE `shopid` = 45 AND `cid` = 361  [ RunTime:0.0045s ]
SQL: SELECT * FROM `et_shopgoods` WHERE `shopid` = 45 AND `cid` = 362  [ RunTime:0.0048s ]
SQL: SELECT * FROM `et_shopgoods` WHERE `shopid` = 45 AND `cid` = 363  [ RunTime:0.0045s ]

[ 2017-11-03T19:13:30+10:30 ] 192.168.2.105 /tp/index.php/server/order/norderlist
INFO: [ app_init ] --START--
INFO: Run Behavior\BuildLiteBehavior [ RunTime:0.000015s ]
INFO: [ app_init ] --END-- [ RunTime:0.000374s ]
INFO: [ app_begin ] --START--
INFO: Run Behavior\ReadHtmlCacheBehavior [ RunTime:0.000515s ]
INFO: [ app_begin ] --END-- [ RunTime:0.000562s ]
SQL: SHOW COLUMNS FROM `et_orders` [ RunTime:0.0115s ]
SQL: SELECT * FROM `et_orders` WHERE `state` IN ('1','2') AND `shopid` = 45 AND `statu` = 2  [ RunTime:0.0009s ]

[ 2017-11-03T19:50:14+10:30 ] 192.168.2.105 /tp/index.php/server/user/shopmesa
INFO: [ app_init ] --START--
INFO: Run Behavior\BuildLiteBehavior [ RunTime:0.000025s ]
INFO: [ app_init ] --END-- [ RunTime:0.000621s ]
INFO: [ app_begin ] --START--
INFO: Run Behavior\ReadHtmlCacheBehavior [ RunTime:0.001331s ]
INFO: [ app_begin ] --END-- [ RunTime:0.001404s ]
SQL: SHOW COLUMNS FROM `et_shopmessage` [ RunTime:0.0141s ]
SQL: SELECT `lmoney`,`content`,`gotime`,`long`,`maxprice`,`maxmoney`,`maxlong`,`lkmoney`,`shophead`,`shopphoto`,`shopname`,`state`,`coordinate`,`detailed_address`,`mobile` FROM `et_shopmessage` WHERE `shopid` = 45 LIMIT 1   [ RunTime:0.0009s ]
SQL: SHOW COLUMNS FROM `et_mingxi` [ RunTime:0.0124s ]
SQL: SELECT * FROM `et_mingxi` WHERE `addtime` BETWEEN '2017-11-03 00:00:00' AND '2017-11-03 19:50:12' AND `shopid` = 45 AND `flag` = 1  [ RunTime:0.0014s ]
SQL: SHOW COLUMNS FROM `et_orders` [ RunTime:0.0121s ]
SQL: SELECT * FROM `et_orders` WHERE `addtime` BETWEEN '2017-11-03 00:00:00' AND '2017-11-03 19:50:12' AND `state` IN ('3','4','5') AND `shopid` = 45  [ RunTime:0.0009s ]

[ 2017-11-03T19:50:15+10:30 ] 192.168.2.105 /tp/index.php/server/evaluate/pingjialist
INFO: [ app_init ] --START--
INFO: Run Behavior\BuildLiteBehavior [ RunTime:0.000013s ]
INFO: [ app_init ] --END-- [ RunTime:0.000433s ]
INFO: [ app_begin ] --START--
INFO: Run Behavior\ReadHtmlCacheBehavior [ RunTime:0.000715s ]
INFO: [ app_begin ] --END-- [ RunTime:0.000763s ]
SQL: SHOW COLUMNS FROM `et_evaluate` [ RunTime:0.0047s ]
SQL: SELECT * FROM `et_evaluate` WHERE `shopid` = 45 LIMIT 0,8   [ RunTime:0.0004s ]
SQL: SHOW COLUMNS FROM `et_user` [ RunTime:0.0051s ]
SQL: SELECT `uid`,`username`,`head_photo` FROM `et_user` WHERE `uid` = 17 LIMIT 1   [ RunTime:0.0003s ]
SQL: SHOW COLUMNS FROM `et_backevaluate` [ RunTime:0.0047s ]
SQL: SELECT `backpingjia` FROM `et_backevaluate` WHERE `shopid` = 45 AND `uid` = 17 AND `eid` = 52 LIMIT 1   [ RunTime:0.0003s ]

[ 2017-11-03T19:50:16+10:30 ] 192.168.2.105 /tp/index.php/server/shop/categorylist
INFO: [ app_init ] --START--
INFO: Run Behavior\BuildLiteBehavior [ RunTime:0.000022s ]
INFO: [ app_init ] --END-- [ RunTime:0.000596s ]
INFO: [ app_begin ] --START--
INFO: Run Behavior\ReadHtmlCacheBehavior [ RunTime:0.001027s ]
INFO: [ app_begin ] --END-- [ RunTime:0.001102s ]
SQL: SHOW COLUMNS FROM `et_category` [ RunTime:0.0125s ]
SQL: SELECT `cid`,`cname` FROM `et_category` WHERE `shopid` = 45  [ RunTime:0.0009s ]
SQL: SHOW COLUMNS FROM `et_shopgoods` [ RunTime:0.0121s ]
SQL: SELECT * FROM `et_shopgoods` WHERE `shopid` = 45 AND `cid` = 361  [ RunTime:0.0045s ]
SQL: SELECT * FROM `et_shopgoods` WHERE `shopid` = 45 AND `cid` = 362  [ RunTime:0.0042s ]
SQL: SELECT * FROM `et_shopgoods` WHERE `shopid` = 45 AND `cid` = 363  [ RunTime:0.0048s ]

