[ 2017-10-24T00:42:49+10:30 ] 183.197.99.188 /index.php/server/user/login
INFO: [ app_init ] --START--
INFO: Run Behavior\BuildLiteBehavior [ RunTime:0.000024s ]
INFO: [ app_init ] --END-- [ RunTime:0.000544s ]
INFO: [ app_begin ] --START--
INFO: Run Behavior\ReadHtmlCacheBehavior [ RunTime:0.000855s ]
INFO: [ app_begin ] --END-- [ RunTime:0.000945s ]
NOTIC: [8] A session had already been started - ignoring session_start() D:\wm\ThinkPHP\Common\functions.php 第 1263 行.
SQL: SHOW COLUMNS FROM `et_shop` [ RunTime:0.0027s ]
SQL: SELECT `shopid` FROM `et_shop` WHERE `phone` = '17132196785' AND `password` = '32b2243ec88e532ba45c006478f35a7e' LIMIT 1   [ RunTime:0.0425s ]

[ 2017-10-24T00:42:57+10:30 ] 183.197.99.188 /index.php/server/user/login
INFO: [ app_init ] --START--
INFO: Run Behavior\BuildLiteBehavior [ RunTime:0.000015s ]
INFO: [ app_init ] --END-- [ RunTime:0.000350s ]
INFO: [ app_begin ] --START--
INFO: Run Behavior\ReadHtmlCacheBehavior [ RunTime:0.000501s ]
INFO: [ app_begin ] --END-- [ RunTime:0.000553s ]
NOTIC: [8] A session had already been started - ignoring session_start() D:\wm\ThinkPHP\Common\functions.php 第 1263 行.
SQL: SHOW COLUMNS FROM `et_shop` [ RunTime:0.0027s ]
SQL: SELECT `shopid` FROM `et_shop` WHERE `phone` = '15230868185' AND `password` = '32b2243ec88e532ba45c006478f35a7e' LIMIT 1   [ RunTime:0.0003s ]

[ 2017-10-24T00:43:03+10:30 ] 183.197.99.188 /index.php/server/user/login
INFO: [ app_init ] --START--
INFO: Run Behavior\BuildLiteBehavior [ RunTime:0.000015s ]
INFO: [ app_init ] --END-- [ RunTime:0.000323s ]
INFO: [ app_begin ] --START--
INFO: Run Behavior\ReadHtmlCacheBehavior [ RunTime:0.000465s ]
INFO: [ app_begin ] --END-- [ RunTime:0.000516s ]
NOTIC: [8] A session had already been started - ignoring session_start() D:\wm\ThinkPHP\Common\functions.php 第 1263 行.
SQL: SHOW COLUMNS FROM `et_shop` [ RunTime:0.0022s ]
SQL: SELECT `shopid` FROM `et_shop` WHERE `phone` = '15230868185' AND `password` = 'bc13ec4937f9a6a5a8bd5e02bbcc14c1' LIMIT 1   [ RunTime:0.0003s ]

[ 2017-10-24T00:43:04+10:30 ] 183.197.99.188 /index.php/server/order/norderlist
INFO: [ app_init ] --START--
INFO: Run Behavior\BuildLiteBehavior [ RunTime:0.000015s ]
INFO: [ app_init ] --END-- [ RunTime:0.000308s ]
INFO: [ app_begin ] --START--
INFO: Run Behavior\ReadHtmlCacheBehavior [ RunTime:0.000503s ]
INFO: [ app_begin ] --END-- [ RunTime:0.000571s ]
NOTIC: [8] A session had already been started - ignoring session_start() D:\wm\ThinkPHP\Common\functions.php 第 1263 行.
SQL: SHOW COLUMNS FROM `et_orders` [ RunTime:0.0022s ]
SQL: SELECT * FROM `et_orders` WHERE `state` IN ('1','2') AND `shopid` = 45 AND `statu` = 2  [ RunTime:0.0010s ]

[ 2017-10-24T00:43:04+10:30 ] 183.197.99.188 /index.php/server/order/yorderlist
INFO: [ app_init ] --START--
INFO: Run Behavior\BuildLiteBehavior [ RunTime:0.000015s ]
INFO: [ app_init ] --END-- [ RunTime:0.000416s ]
INFO: [ app_begin ] --START--
INFO: Run Behavior\ReadHtmlCacheBehavior [ RunTime:0.000455s ]
INFO: [ app_begin ] --END-- [ RunTime:0.000506s ]
NOTIC: [8] A session had already been started - ignoring session_start() D:\wm\ThinkPHP\Common\functions.php 第 1263 行.
SQL: SHOW COLUMNS FROM `et_orders` [ RunTime:0.0027s ]
SQL: SELECT * FROM `et_orders` WHERE ( (statu = 2 and state in (3,4,5)) or (statu in (1,3) and state in (1,2)) ) AND `shopid` = 45 AND `states` = 1 ORDER BY addtime desc LIMIT 0,8   [ RunTime:0.0008s ]
SQL: SHOW COLUMNS FROM `et_ordergoods` [ RunTime:0.0015s ]
SQL: SELECT * FROM `et_ordergoods` WHERE `orderid` = '0405689791507966885'  [ RunTime:0.0011s ]
SQL: SHOW COLUMNS FROM `et_shopgoods` [ RunTime:0.0029s ]
SQL: SELECT `goodsname`,`goodsprice` FROM `et_shopgoods` WHERE `goodsid` = 527 LIMIT 1   [ RunTime:0.0002s ]
SQL: SELECT * FROM `et_ordergoods` WHERE `orderid` = '0405689791507817681'  [ RunTime:0.0009s ]
SQL: SELECT `goodsname`,`goodsprice` FROM `et_shopgoods` WHERE `goodsid` = 236 LIMIT 1   [ RunTime:0.0002s ]
SQL: SELECT * FROM `et_ordergoods` WHERE `orderid` = '1234567891507805163'  [ RunTime:0.0010s ]
SQL: SELECT `goodsname`,`goodsprice` FROM `et_shopgoods` WHERE `goodsid` = 236 LIMIT 1   [ RunTime:0.0002s ]
SQL: SELECT * FROM `et_ordergoods` WHERE `orderid` = '0405689791507787341'  [ RunTime:0.0009s ]
SQL: SELECT `goodsname`,`goodsprice` FROM `et_shopgoods` WHERE `goodsid` = 527 LIMIT 1   [ RunTime:0.0002s ]
SQL: SELECT * FROM `et_ordergoods` WHERE `orderid` = '0405689791507782208'  [ RunTime:0.0010s ]
SQL: SELECT `goodsname`,`goodsprice` FROM `et_shopgoods` WHERE `goodsid` = 236 LIMIT 1   [ RunTime:0.0002s ]
SQL: SELECT * FROM `et_ordergoods` WHERE `orderid` = '0405689791506070721'  [ RunTime:0.0009s ]
SQL: SELECT `goodsname`,`goodsprice` FROM `et_shopgoods` WHERE `goodsid` = 236 LIMIT 1   [ RunTime:0.0002s ]
SQL: SELECT * FROM `et_ordergoods` WHERE `orderid` = '0405689791506070710'  [ RunTime:0.0010s ]
SQL: SELECT `goodsname`,`goodsprice` FROM `et_shopgoods` WHERE `goodsid` = 236 LIMIT 1   [ RunTime:0.0002s ]
SQL: SELECT * FROM `et_ordergoods` WHERE `orderid` = '0405689791506070675'  [ RunTime:0.0009s ]
SQL: SELECT `goodsname`,`goodsprice` FROM `et_shopgoods` WHERE `goodsid` = 236 LIMIT 1   [ RunTime:0.0002s ]

[ 2017-10-24T00:43:05+10:30 ] 183.197.99.188 /index.php/server/user/shopmesa
INFO: [ app_init ] --START--
INFO: Run Behavior\BuildLiteBehavior [ RunTime:0.000023s ]
INFO: [ app_init ] --END-- [ RunTime:0.000407s ]
INFO: [ app_begin ] --START--
INFO: Run Behavior\ReadHtmlCacheBehavior [ RunTime:0.000479s ]
INFO: [ app_begin ] --END-- [ RunTime:0.000536s ]
NOTIC: [8] A session had already been started - ignoring session_start() D:\wm\ThinkPHP\Common\functions.php 第 1263 行.
SQL: SHOW COLUMNS FROM `et_shopmessage` [ RunTime:0.0016s ]
SQL: SELECT `lmoney`,`content`,`gotime`,`long`,`maxprice`,`maxmoney`,`maxlong`,`lkmoney`,`shophead`,`shopphoto`,`shopname`,`state`,`coordinate`,`detailed_address`,`mobile` FROM `et_shopmessage` WHERE `shopid` = 45 LIMIT 1   [ RunTime:0.0003s ]
SQL: SHOW COLUMNS FROM `et_mingxi` [ RunTime:0.0025s ]
SQL: SELECT * FROM `et_mingxi` WHERE `addtime` BETWEEN '2017-10-24 00:00:00' AND '2017-10-24 00:43:05' AND `shopid` = 45 AND `flag` = 1  [ RunTime:0.0005s ]
SQL: SHOW COLUMNS FROM `et_orders` [ RunTime:0.0018s ]
SQL: SELECT * FROM `et_orders` WHERE `addtime` BETWEEN '2017-10-24 00:00:00' AND '2017-10-24 00:43:05' AND `state` IN ('3','4','5') AND `shopid` = 45  [ RunTime:0.0011s ]

[ 2017-10-24T00:43:17+10:30 ] 183.197.99.188 /index.php/server/user/shopmesa
INFO: [ app_init ] --START--
INFO: Run Behavior\BuildLiteBehavior [ RunTime:0.000016s ]
INFO: [ app_init ] --END-- [ RunTime:0.000346s ]
INFO: [ app_begin ] --START--
INFO: Run Behavior\ReadHtmlCacheBehavior [ RunTime:0.000508s ]
INFO: [ app_begin ] --END-- [ RunTime:0.000560s ]
NOTIC: [8] A session had already been started - ignoring session_start() D:\wm\ThinkPHP\Common\functions.php 第 1263 行.
SQL: SHOW COLUMNS FROM `et_shopmessage` [ RunTime:0.0023s ]
SQL: SELECT `lmoney`,`content`,`gotime`,`long`,`maxprice`,`maxmoney`,`maxlong`,`lkmoney`,`shophead`,`shopphoto`,`shopname`,`state`,`coordinate`,`detailed_address`,`mobile` FROM `et_shopmessage` WHERE `shopid` = 45 LIMIT 1   [ RunTime:0.0003s ]
SQL: SHOW COLUMNS FROM `et_mingxi` [ RunTime:0.0021s ]
SQL: SELECT * FROM `et_mingxi` WHERE `addtime` BETWEEN '2017-10-24 00:00:00' AND '2017-10-24 00:43:17' AND `shopid` = 45 AND `flag` = 1  [ RunTime:0.0005s ]
SQL: SHOW COLUMNS FROM `et_orders` [ RunTime:0.0018s ]
SQL: SELECT * FROM `et_orders` WHERE `addtime` BETWEEN '2017-10-24 00:00:00' AND '2017-10-24 00:43:17' AND `state` IN ('3','4','5') AND `shopid` = 45  [ RunTime:0.0014s ]

[ 2017-10-24T00:43:20+10:30 ] 183.197.99.188 /index.php/server/user/shopmesa
INFO: [ app_init ] --START--
INFO: Run Behavior\BuildLiteBehavior [ RunTime:0.000015s ]
INFO: [ app_init ] --END-- [ RunTime:0.000306s ]
INFO: [ app_begin ] --START--
INFO: Run Behavior\ReadHtmlCacheBehavior [ RunTime:0.000462s ]
INFO: [ app_begin ] --END-- [ RunTime:0.000521s ]
NOTIC: [8] A session had already been started - ignoring session_start() D:\wm\ThinkPHP\Common\functions.php 第 1263 行.
SQL: SHOW COLUMNS FROM `et_shopmessage` [ RunTime:0.0016s ]
SQL: SELECT `lmoney`,`content`,`gotime`,`long`,`maxprice`,`maxmoney`,`maxlong`,`lkmoney`,`shophead`,`shopphoto`,`shopname`,`state`,`coordinate`,`detailed_address`,`mobile` FROM `et_shopmessage` WHERE `shopid` = 45 LIMIT 1   [ RunTime:0.0003s ]
SQL: SHOW COLUMNS FROM `et_mingxi` [ RunTime:0.0024s ]
SQL: SELECT * FROM `et_mingxi` WHERE `addtime` BETWEEN '2017-10-24 00:00:00' AND '2017-10-24 00:43:20' AND `shopid` = 45 AND `flag` = 1  [ RunTime:0.0004s ]
SQL: SHOW COLUMNS FROM `et_orders` [ RunTime:0.0022s ]
SQL: SELECT * FROM `et_orders` WHERE `addtime` BETWEEN '2017-10-24 00:00:00' AND '2017-10-24 00:43:20' AND `state` IN ('3','4','5') AND `shopid` = 45  [ RunTime:0.0011s ]

[ 2017-10-24T00:43:21+10:30 ] 183.197.99.188 /index.php/server/user/shopmesa
INFO: [ app_init ] --START--
INFO: Run Behavior\BuildLiteBehavior [ RunTime:0.000022s ]
INFO: [ app_init ] --END-- [ RunTime:0.000381s ]
INFO: [ app_begin ] --START--
INFO: Run Behavior\ReadHtmlCacheBehavior [ RunTime:0.000628s ]
INFO: [ app_begin ] --END-- [ RunTime:0.000702s ]
NOTIC: [8] A session had already been started - ignoring session_start() D:\wm\ThinkPHP\Common\functions.php 第 1263 行.
SQL: SHOW COLUMNS FROM `et_shopmessage` [ RunTime:0.0020s ]
SQL: SELECT `lmoney`,`content`,`gotime`,`long`,`maxprice`,`maxmoney`,`maxlong`,`lkmoney`,`shophead`,`shopphoto`,`shopname`,`state`,`coordinate`,`detailed_address`,`mobile` FROM `et_shopmessage` WHERE `shopid` = 45 LIMIT 1   [ RunTime:0.0004s ]
SQL: SHOW COLUMNS FROM `et_mingxi` [ RunTime:0.0022s ]
SQL: SELECT * FROM `et_mingxi` WHERE `addtime` BETWEEN '2017-10-24 00:00:00' AND '2017-10-24 00:43:21' AND `shopid` = 45 AND `flag` = 1  [ RunTime:0.0005s ]
SQL: SHOW COLUMNS FROM `et_orders` [ RunTime:0.0018s ]
SQL: SELECT * FROM `et_orders` WHERE `addtime` BETWEEN '2017-10-24 00:00:00' AND '2017-10-24 00:43:21' AND `state` IN ('3','4','5') AND `shopid` = 45  [ RunTime:0.0010s ]

[ 2017-10-24T00:43:22+10:30 ] 183.197.99.188 /index.php/server/user/shopmesa
INFO: [ app_init ] --START--
INFO: Run Behavior\BuildLiteBehavior [ RunTime:0.000020s ]
INFO: [ app_init ] --END-- [ RunTime:0.000325s ]
INFO: [ app_begin ] --START--
INFO: Run Behavior\ReadHtmlCacheBehavior [ RunTime:0.000521s ]
INFO: [ app_begin ] --END-- [ RunTime:0.000587s ]
NOTIC: [8] A session had already been started - ignoring session_start() D:\wm\ThinkPHP\Common\functions.php 第 1263 行.
SQL: SHOW COLUMNS FROM `et_shopmessage` [ RunTime:0.0027s ]
SQL: SELECT `lmoney`,`content`,`gotime`,`long`,`maxprice`,`maxmoney`,`maxlong`,`lkmoney`,`shophead`,`shopphoto`,`shopname`,`state`,`coordinate`,`detailed_address`,`mobile` FROM `et_shopmessage` WHERE `shopid` = 45 LIMIT 1   [ RunTime:0.0003s ]
SQL: SHOW COLUMNS FROM `et_mingxi` [ RunTime:0.0017s ]
SQL: SELECT * FROM `et_mingxi` WHERE `addtime` BETWEEN '2017-10-24 00:00:00' AND '2017-10-24 00:43:22' AND `shopid` = 45 AND `flag` = 1  [ RunTime:0.0005s ]
SQL: SHOW COLUMNS FROM `et_orders` [ RunTime:0.0025s ]
SQL: SELECT * FROM `et_orders` WHERE `addtime` BETWEEN '2017-10-24 00:00:00' AND '2017-10-24 00:43:22' AND `state` IN ('3','4','5') AND `shopid` = 45  [ RunTime:0.0012s ]

[ 2017-10-24T00:50:31+10:30 ] 183.197.99.188 /index.php/server/user/logout
INFO: [ app_init ] --START--
INFO: Run Behavior\BuildLiteBehavior [ RunTime:0.000016s ]
INFO: [ app_init ] --END-- [ RunTime:0.000320s ]
INFO: [ app_begin ] --START--
INFO: Run Behavior\ReadHtmlCacheBehavior [ RunTime:0.000454s ]
INFO: [ app_begin ] --END-- [ RunTime:0.000511s ]
NOTIC: [8] A session had already been started - ignoring session_start() D:\wm\ThinkPHP\Common\functions.php 第 1263 行.
SQL: SHOW COLUMNS FROM `et_shopmessage` [ RunTime:0.0025s ]
SQL: SELECT * FROM `et_shopmessage` WHERE `shopid` = 45 LIMIT 1   [ RunTime:0.0003s ]

[ 2017-10-24T00:50:46+10:30 ] 183.197.99.188 /index.php/server/user/login
INFO: [ app_init ] --START--
INFO: Run Behavior\BuildLiteBehavior [ RunTime:0.000017s ]
INFO: [ app_init ] --END-- [ RunTime:0.000395s ]
INFO: [ app_begin ] --START--
INFO: Run Behavior\ReadHtmlCacheBehavior [ RunTime:0.000489s ]
INFO: [ app_begin ] --END-- [ RunTime:0.000575s ]
NOTIC: [8] A session had already been started - ignoring session_start() D:\wm\ThinkPHP\Common\functions.php 第 1263 行.
SQL: SHOW COLUMNS FROM `et_shop` [ RunTime:0.0026s ]
SQL: SELECT `shopid` FROM `et_shop` WHERE `phone` = '15230868185' AND `password` = 'bc13ec4937f9a6a5a8bd5e02bbcc14c1' LIMIT 1   [ RunTime:0.0003s ]

[ 2017-10-24T00:50:47+10:30 ] 183.197.99.188 /index.php/server/order/norderlist
INFO: [ app_init ] --START--
INFO: Run Behavior\BuildLiteBehavior [ RunTime:0.000023s ]
INFO: [ app_init ] --END-- [ RunTime:0.000412s ]
INFO: [ app_begin ] --START--
INFO: Run Behavior\ReadHtmlCacheBehavior [ RunTime:0.000519s ]
INFO: [ app_begin ] --END-- [ RunTime:0.000593s ]
NOTIC: [8] A session had already been started - ignoring session_start() D:\wm\ThinkPHP\Common\functions.php 第 1263 行.
SQL: SHOW COLUMNS FROM `et_orders` [ RunTime:0.0027s ]
SQL: SELECT * FROM `et_orders` WHERE `state` IN ('1','2') AND `shopid` = 45 AND `statu` = 2  [ RunTime:0.0011s ]

[ 2017-10-24T00:50:47+10:30 ] 183.197.99.188 /index.php/server/order/yorderlist
INFO: [ app_init ] --START--
INFO: Run Behavior\BuildLiteBehavior [ RunTime:0.000021s ]
INFO: [ app_init ] --END-- [ RunTime:0.000313s ]
INFO: [ app_begin ] --START--
INFO: Run Behavior\ReadHtmlCacheBehavior [ RunTime:0.000458s ]
INFO: [ app_begin ] --END-- [ RunTime:0.000516s ]
NOTIC: [8] A session had already been started - ignoring session_start() D:\wm\ThinkPHP\Common\functions.php 第 1263 行.
SQL: SHOW COLUMNS FROM `et_orders` [ RunTime:0.0018s ]
SQL: SELECT * FROM `et_orders` WHERE ( (statu = 2 and state in (3,4,5)) or (statu in (1,3) and state in (1,2)) ) AND `shopid` = 45 AND `states` = 1 ORDER BY addtime desc LIMIT 8,8   [ RunTime:0.0009s ]
SQL: SHOW COLUMNS FROM `et_ordergoods` [ RunTime:0.0022s ]
SQL: SELECT * FROM `et_ordergoods` WHERE `orderid` = '0405689791506069002'  [ RunTime:0.0009s ]
SQL: SHOW COLUMNS FROM `et_shopgoods` [ RunTime:0.0021s ]
SQL: SELECT `goodsname`,`goodsprice` FROM `et_shopgoods` WHERE `goodsid` = 236 LIMIT 1   [ RunTime:0.0002s ]
SQL: SELECT * FROM `et_ordergoods` WHERE `orderid` = '0405689791505989058'  [ RunTime:0.0009s ]
SQL: SELECT `goodsname`,`goodsprice` FROM `et_shopgoods` WHERE `goodsid` = 236 LIMIT 1   [ RunTime:0.0002s ]
SQL: SELECT * FROM `et_ordergoods` WHERE `orderid` = '0405689791505988949'  [ RunTime:0.0010s ]
SQL: SELECT `goodsname`,`goodsprice` FROM `et_shopgoods` WHERE `goodsid` = 236 LIMIT 1   [ RunTime:0.0002s ]
SQL: SELECT * FROM `et_ordergoods` WHERE `orderid` = '152308681851505983098'  [ RunTime:0.0009s ]
SQL: SELECT `goodsname`,`goodsprice` FROM `et_shopgoods` WHERE `goodsid` = 236 LIMIT 1   [ RunTime:0.0002s ]
SQL: SELECT `goodsname`,`goodsprice` FROM `et_shopgoods` WHERE `goodsid` = 264 LIMIT 1   [ RunTime:0.0002s ]
SQL: SELECT `goodsname`,`goodsprice` FROM `et_shopgoods` WHERE `goodsid` = 527 LIMIT 1   [ RunTime:0.0002s ]
SQL: SELECT * FROM `et_ordergoods` WHERE `orderid` = '0405689791505983006'  [ RunTime:0.0010s ]
SQL: SELECT `goodsname`,`goodsprice` FROM `et_shopgoods` WHERE `goodsid` = 236 LIMIT 1   [ RunTime:0.0002s ]
SQL: SELECT `goodsname`,`goodsprice` FROM `et_shopgoods` WHERE `goodsid` = 264 LIMIT 1   [ RunTime:0.0002s ]
SQL: SELECT * FROM `et_ordergoods` WHERE `orderid` = '0405689791505982650'  [ RunTime:0.0011s ]
SQL: SELECT `goodsname`,`goodsprice` FROM `et_shopgoods` WHERE `goodsid` = 236 LIMIT 1   [ RunTime:0.0002s ]
SQL: SELECT * FROM `et_ordergoods` WHERE `orderid` = '0405689791505973721'  [ RunTime:0.0009s ]
SQL: SELECT `goodsname`,`goodsprice` FROM `et_shopgoods` WHERE `goodsid` = 236 LIMIT 1   [ RunTime:0.0002s ]
SQL: SELECT * FROM `et_ordergoods` WHERE `orderid` = '0405689791505973713'  [ RunTime:0.0010s ]
SQL: SELECT `goodsname`,`goodsprice` FROM `et_shopgoods` WHERE `goodsid` = 236 LIMIT 1   [ RunTime:0.0002s ]

[ 2017-10-24T00:50:48+10:30 ] 183.197.99.188 /index.php/server/user/shopmesa
INFO: [ app_init ] --START--
INFO: Run Behavior\BuildLiteBehavior [ RunTime:0.000015s ]
INFO: [ app_init ] --END-- [ RunTime:0.000282s ]
INFO: [ app_begin ] --START--
INFO: Run Behavior\ReadHtmlCacheBehavior [ RunTime:0.000383s ]
INFO: [ app_begin ] --END-- [ RunTime:0.000433s ]
NOTIC: [8] A session had already been started - ignoring session_start() D:\wm\ThinkPHP\Common\functions.php 第 1263 行.
SQL: SHOW COLUMNS FROM `et_shopmessage` [ RunTime:0.0025s ]
SQL: SELECT `lmoney`,`content`,`gotime`,`long`,`maxprice`,`maxmoney`,`maxlong`,`lkmoney`,`shophead`,`shopphoto`,`shopname`,`state`,`coordinate`,`detailed_address`,`mobile` FROM `et_shopmessage` WHERE `shopid` = 45 LIMIT 1   [ RunTime:0.0003s ]
SQL: SHOW COLUMNS FROM `et_mingxi` [ RunTime:0.0020s ]
SQL: SELECT * FROM `et_mingxi` WHERE `addtime` BETWEEN '2017-10-24 00:00:00' AND '2017-10-24 00:50:48' AND `shopid` = 45 AND `flag` = 1  [ RunTime:0.0005s ]
SQL: SHOW COLUMNS FROM `et_orders` [ RunTime:0.0021s ]
SQL: SELECT * FROM `et_orders` WHERE `addtime` BETWEEN '2017-10-24 00:00:00' AND '2017-10-24 00:50:48' AND `state` IN ('3','4','5') AND `shopid` = 45  [ RunTime:0.0010s ]

[ 2017-10-24T00:50:50+10:30 ] 183.197.99.188 /index.php/server/user/logout
INFO: [ app_init ] --START--
INFO: Run Behavior\BuildLiteBehavior [ RunTime:0.000015s ]
INFO: [ app_init ] --END-- [ RunTime:0.000284s ]
INFO: [ app_begin ] --START--
INFO: Run Behavior\ReadHtmlCacheBehavior [ RunTime:0.000442s ]
INFO: [ app_begin ] --END-- [ RunTime:0.000504s ]
NOTIC: [8] A session had already been started - ignoring session_start() D:\wm\ThinkPHP\Common\functions.php 第 1263 行.
SQL: SHOW COLUMNS FROM `et_shopmessage` [ RunTime:0.0035s ]
SQL: SELECT * FROM `et_shopmessage` WHERE `shopid` = 45 LIMIT 1   [ RunTime:0.0004s ]

[ 2017-10-24T01:53:59+10:30 ] 183.57.53.222 /index.php/server/shop/backlong
INFO: [ app_init ] --START--
INFO: Run Behavior\BuildLiteBehavior [ RunTime:0.000016s ]
INFO: [ app_init ] --END-- [ RunTime:0.000361s ]
INFO: [ app_begin ] --START--
INFO: Run Behavior\ReadHtmlCacheBehavior [ RunTime:0.000483s ]
INFO: [ app_begin ] --END-- [ RunTime:0.000537s ]
NOTIC: [8] A session had already been started - ignoring session_start() D:\wm\ThinkPHP\Common\functions.php 第 1263 行.
INFO: [ app_end ] --START--
INFO: Run Behavior\ShowPageTraceBehavior [ RunTime:0.000872s ]
INFO: [ app_end ] --END-- [ RunTime:0.000940s ]

[ 2017-10-24T02:53:05+10:30 ] 183.57.53.197 /index.php/server/user/shopmesa
INFO: [ app_init ] --START--
INFO: Run Behavior\BuildLiteBehavior [ RunTime:0.000024s ]
INFO: [ app_init ] --END-- [ RunTime:0.000442s ]
INFO: [ app_begin ] --START--
INFO: Run Behavior\ReadHtmlCacheBehavior [ RunTime:0.000776s ]
INFO: [ app_begin ] --END-- [ RunTime:0.000852s ]
NOTIC: [8] A session had already been started - ignoring session_start() D:\wm\ThinkPHP\Common\functions.php 第 1263 行.
INFO: [ app_end ] --START--
INFO: Run Behavior\ShowPageTraceBehavior [ RunTime:0.000801s ]
INFO: [ app_end ] --END-- [ RunTime:0.000883s ]

[ 2017-10-24T07:40:57+10:30 ] 14.17.21.58 /index.php/server/user/editprice
INFO: [ app_init ] --START--
INFO: Run Behavior\BuildLiteBehavior [ RunTime:0.000015s ]
INFO: [ app_init ] --END-- [ RunTime:0.000343s ]
INFO: [ app_begin ] --START--
INFO: Run Behavior\ReadHtmlCacheBehavior [ RunTime:0.000596s ]
INFO: [ app_begin ] --END-- [ RunTime:0.000656s ]
NOTIC: [8] A session had already been started - ignoring session_start() D:\wm\ThinkPHP\Common\functions.php 第 1263 行.
INFO: [ app_end ] --START--
INFO: Run Behavior\ShowPageTraceBehavior [ RunTime:0.000485s ]
INFO: [ app_end ] --END-- [ RunTime:0.000583s ]

[ 2017-10-24T10:43:06+10:30 ] 120.20.158.9 /index.php/server/user/editstate
INFO: [ app_init ] --START--
INFO: Run Behavior\BuildLiteBehavior [ RunTime:0.000023s ]
INFO: [ app_init ] --END-- [ RunTime:0.000410s ]
INFO: [ app_begin ] --START--
INFO: Run Behavior\ReadHtmlCacheBehavior [ RunTime:0.000598s ]
INFO: [ app_begin ] --END-- [ RunTime:0.000658s ]
NOTIC: [8] A session had already been started - ignoring session_start() D:\wm\ThinkPHP\Common\functions.php 第 1263 行.
SQL: SHOW COLUMNS FROM `et_shopmessage` [ RunTime:0.0022s ]
SQL: UPDATE `et_shopmessage` SET `state`='1' WHERE `shopid` = 52 [ RunTime:0.0951s ]

[ 2017-10-24T10:43:06+10:30 ] 120.20.158.9 /index.php/server/user/shopmesa
INFO: [ app_init ] --START--
INFO: Run Behavior\BuildLiteBehavior [ RunTime:0.000017s ]
INFO: [ app_init ] --END-- [ RunTime:0.000339s ]
INFO: [ app_begin ] --START--
INFO: Run Behavior\ReadHtmlCacheBehavior [ RunTime:0.000475s ]
INFO: [ app_begin ] --END-- [ RunTime:0.000535s ]
NOTIC: [8] A session had already been started - ignoring session_start() D:\wm\ThinkPHP\Common\functions.php 第 1263 行.
SQL: SHOW COLUMNS FROM `et_shopmessage` [ RunTime:0.0030s ]
SQL: SELECT `lmoney`,`content`,`gotime`,`long`,`maxprice`,`maxmoney`,`maxlong`,`lkmoney`,`shophead`,`shopphoto`,`shopname`,`state`,`coordinate`,`detailed_address`,`mobile` FROM `et_shopmessage` WHERE `shopid` = 52 LIMIT 1   [ RunTime:0.0003s ]
SQL: SHOW COLUMNS FROM `et_mingxi` [ RunTime:0.0015s ]
SQL: SELECT * FROM `et_mingxi` WHERE `addtime` BETWEEN '2017-10-24 00:00:00' AND '2017-10-24 10:43:06' AND `shopid` = 52 AND `flag` = 1  [ RunTime:0.0005s ]
SQL: SHOW COLUMNS FROM `et_orders` [ RunTime:0.0020s ]
SQL: SELECT * FROM `et_orders` WHERE `addtime` BETWEEN '2017-10-24 00:00:00' AND '2017-10-24 10:43:06' AND `state` IN ('3','4','5') AND `shopid` = 52  [ RunTime:0.0012s ]

[ 2017-10-24T11:18:22+10:30 ] 14.17.21.58 /index.php/server/shop/editlmoney
INFO: [ app_init ] --START--
INFO: Run Behavior\BuildLiteBehavior [ RunTime:0.000015s ]
INFO: [ app_init ] --END-- [ RunTime:0.000352s ]
INFO: [ app_begin ] --START--
INFO: Run Behavior\ReadHtmlCacheBehavior [ RunTime:0.000552s ]
INFO: [ app_begin ] --END-- [ RunTime:0.000610s ]
NOTIC: [8] A session had already been started - ignoring session_start() D:\wm\ThinkPHP\Common\functions.php 第 1263 行.
INFO: [ app_end ] --START--
INFO: Run Behavior\ShowPageTraceBehavior [ RunTime:0.000505s ]
INFO: [ app_end ] --END-- [ RunTime:0.000607s ]

[ 2017-10-24T11:31:38+10:30 ] 119.147.207.152 /index.php/server/user/shopmesa
INFO: [ app_init ] --START--
INFO: Run Behavior\BuildLiteBehavior [ RunTime:0.000019s ]
INFO: [ app_init ] --END-- [ RunTime:0.000346s ]
INFO: [ app_begin ] --START--
INFO: Run Behavior\ReadHtmlCacheBehavior [ RunTime:0.000512s ]
INFO: [ app_begin ] --END-- [ RunTime:0.000563s ]
NOTIC: [8] A session had already been started - ignoring session_start() D:\wm\ThinkPHP\Common\functions.php 第 1263 行.
INFO: [ app_end ] --START--
INFO: Run Behavior\ShowPageTraceBehavior [ RunTime:0.000562s ]
INFO: [ app_end ] --END-- [ RunTime:0.000620s ]

[ 2017-10-24T11:41:37+10:30 ] 178.197.235.74 /index.php/server/user/login
INFO: [ app_init ] --START--
INFO: Run Behavior\BuildLiteBehavior [ RunTime:0.000015s ]
INFO: [ app_init ] --END-- [ RunTime:0.000365s ]
INFO: [ app_begin ] --START--
INFO: Run Behavior\ReadHtmlCacheBehavior [ RunTime:0.000573s ]
INFO: [ app_begin ] --END-- [ RunTime:0.000629s ]
NOTIC: [8] A session had already been started - ignoring session_start() D:\wm\ThinkPHP\Common\functions.php 第 1263 行.
SQL: SHOW COLUMNS FROM `et_shop` [ RunTime:0.0032s ]
SQL: SELECT `shopid` FROM `et_shop` WHERE `phone` = '0041795373225' AND `password` = 'eaa651fd57e8d1008e92c527509ddb4d' LIMIT 1   [ RunTime:0.0003s ]

[ 2017-10-24T11:41:42+10:30 ] 178.197.235.74 /index.php/server/user/login
INFO: [ app_init ] --START--
INFO: Run Behavior\BuildLiteBehavior [ RunTime:0.000017s ]
INFO: [ app_init ] --END-- [ RunTime:0.000307s ]
INFO: [ app_begin ] --START--
INFO: Run Behavior\ReadHtmlCacheBehavior [ RunTime:0.000505s ]
INFO: [ app_begin ] --END-- [ RunTime:0.000593s ]
NOTIC: [8] A session had already been started - ignoring session_start() D:\wm\ThinkPHP\Common\functions.php 第 1263 行.
SQL: SHOW COLUMNS FROM `et_shop` [ RunTime:0.0027s ]
SQL: SELECT `shopid` FROM `et_shop` WHERE `phone` = '0041795373225' AND `password` = '452524ce74b51e7b19cb7e99e95d49f9' LIMIT 1   [ RunTime:0.0003s ]

[ 2017-10-24T11:45:10+10:30 ] 144.139.205.132 /index.php/server/user/editstate
INFO: [ app_init ] --START--
INFO: Run Behavior\BuildLiteBehavior [ RunTime:0.000025s ]
INFO: [ app_init ] --END-- [ RunTime:0.000534s ]
INFO: [ app_begin ] --START--
INFO: Run Behavior\ReadHtmlCacheBehavior [ RunTime:0.000723s ]
INFO: [ app_begin ] --END-- [ RunTime:0.000800s ]
NOTIC: [8] A session had already been started - ignoring session_start() D:\wm\ThinkPHP\Common\functions.php 第 1263 行.
SQL: SHOW COLUMNS FROM `et_shopmessage` [ RunTime:0.0032s ]
SQL: UPDATE `et_shopmessage` SET `state`='1' WHERE `shopid` = 62 [ RunTime:0.0509s ]

[ 2017-10-24T16:51:43+10:30 ] 192.168.2.122 /tp/index.php/server/user/login
INFO: [ app_init ] --START--
INFO: Run Behavior\BuildLiteBehavior [ RunTime:0.000000s ]
INFO: [ app_init ] --END-- [ RunTime:0.001000s ]
INFO: [ app_begin ] --START--
INFO: Run Behavior\ReadHtmlCacheBehavior [ RunTime:0.001000s ]
INFO: [ app_begin ] --END-- [ RunTime:0.001000s ]
SQL: SHOW COLUMNS FROM `et_shop` [ RunTime:0.0080s ]
SQL: SELECT `shopid` FROM `et_shop` WHERE `phone` = '171801365820' AND `password` = '32b2243ec88e532ba45c006478f35a7e' LIMIT 1   [ RunTime:0.0010s ]

[ 2017-10-24T16:51:43+10:30 ] 192.168.2.122 /tp/index.php/server/order/norderlist
INFO: [ app_init ] --START--
INFO: Run Behavior\BuildLiteBehavior [ RunTime:0.000000s ]
INFO: [ app_init ] --END-- [ RunTime:0.001001s ]
INFO: [ app_begin ] --START--
INFO: Run Behavior\ReadHtmlCacheBehavior [ RunTime:0.001000s ]
INFO: [ app_begin ] --END-- [ RunTime:0.001000s ]
SQL: SHOW COLUMNS FROM `et_orders` [ RunTime:0.0110s ]
SQL: SELECT * FROM `et_orders` WHERE `state` IN ('1','2') AND `shopid` = 13 AND `statu` = 2  [ RunTime:0.0030s ]
SQL: SHOW COLUMNS FROM `et_ordergoods` [ RunTime:0.0080s ]
SQL: SELECT * FROM `et_ordergoods` WHERE `orderid` = '0405689791508125856'  [ RunTime:0.0020s ]
SQL: SHOW COLUMNS FROM `et_shopgoods` [ RunTime:0.0060s ]
SQL: SELECT `goodsname`,`goodsprice` FROM `et_shopgoods` WHERE `goodsid` = 146 LIMIT 1   [ RunTime:0.0000s ]

[ 2017-10-24T16:51:43+10:30 ] 192.168.2.122 /tp/index.php/server/order/yorderlist
INFO: [ app_init ] --START--
INFO: Run Behavior\BuildLiteBehavior [ RunTime:0.000000s ]
INFO: [ app_init ] --END-- [ RunTime:0.001000s ]
INFO: [ app_begin ] --START--
INFO: Run Behavior\ReadHtmlCacheBehavior [ RunTime:0.002000s ]
INFO: [ app_begin ] --END-- [ RunTime:0.002000s ]
SQL: SHOW COLUMNS FROM `et_orders` [ RunTime:0.0090s ]
SQL: SELECT * FROM `et_orders` WHERE ( (statu = 2 and state in (3,4,5)) or (statu in (1,3) and state in (1,2)) ) AND `shopid` = 13 AND `states` = 1 ORDER BY addtime desc LIMIT 0,8   [ RunTime:0.0330s ]
SQL: SHOW COLUMNS FROM `et_ordergoods` [ RunTime:0.0080s ]
SQL: SELECT * FROM `et_ordergoods` WHERE `orderid` = '0405689791508121625'  [ RunTime:0.0020s ]
SQL: SHOW COLUMNS FROM `et_shopgoods` [ RunTime:0.0060s ]
SQL: SELECT `goodsname`,`goodsprice` FROM `et_shopgoods` WHERE `goodsid` = 146 LIMIT 1   [ RunTime:0.0010s ]
SQL: SELECT * FROM `et_ordergoods` WHERE `orderid` = '0405689791508121106'  [ RunTime:0.0020s ]
SQL: SELECT `goodsname`,`goodsprice` FROM `et_shopgoods` WHERE `goodsid` = 146 LIMIT 1   [ RunTime:0.0000s ]
SQL: SELECT * FROM `et_ordergoods` WHERE `orderid` = '0405689791508121004'  [ RunTime:0.0020s ]
SQL: SELECT `goodsname`,`goodsprice` FROM `et_shopgoods` WHERE `goodsid` = 146 LIMIT 1   [ RunTime:0.0000s ]
SQL: SELECT * FROM `et_ordergoods` WHERE `orderid` = '0405689791508119859'  [ RunTime:0.0020s ]
SQL: SELECT `goodsname`,`goodsprice` FROM `et_shopgoods` WHERE `goodsid` = 146 LIMIT 1   [ RunTime:0.0000s ]
SQL: SELECT * FROM `et_ordergoods` WHERE `orderid` = '0405689791508119296'  [ RunTime:0.0020s ]
SQL: SELECT `goodsname`,`goodsprice` FROM `et_shopgoods` WHERE `goodsid` = 146 LIMIT 1   [ RunTime:0.0000s ]
SQL: SELECT * FROM `et_ordergoods` WHERE `orderid` = '0405689791507972288'  [ RunTime:0.0010s ]
SQL: SELECT `goodsname`,`goodsprice` FROM `et_shopgoods` WHERE `goodsid` = 146 LIMIT 1   [ RunTime:0.0010s ]
SQL: SELECT `goodsname`,`goodsprice` FROM `et_shopgoods` WHERE `goodsid` = 152 LIMIT 1   [ RunTime:0.0000s ]
SQL: SELECT `goodsname`,`goodsprice` FROM `et_shopgoods` WHERE `goodsid` = 151 LIMIT 1   [ RunTime:0.0010s ]
SQL: SELECT `goodsname`,`goodsprice` FROM `et_shopgoods` WHERE `goodsid` = 154 LIMIT 1   [ RunTime:0.0000s ]
SQL: SELECT `goodsname`,`goodsprice` FROM `et_shopgoods` WHERE `goodsid` = 1558 LIMIT 1   [ RunTime:0.0010s ]
SQL: SELECT * FROM `et_ordergoods` WHERE `orderid` = '0405689791507972224'  [ RunTime:0.0010s ]
SQL: SELECT `goodsname`,`goodsprice` FROM `et_shopgoods` WHERE `goodsid` = 146 LIMIT 1   [ RunTime:0.0010s ]
SQL: SELECT `goodsname`,`goodsprice` FROM `et_shopgoods` WHERE `goodsid` = 152 LIMIT 1   [ RunTime:0.0000s ]
SQL: SELECT `goodsname`,`goodsprice` FROM `et_shopgoods` WHERE `goodsid` = 151 LIMIT 1   [ RunTime:0.0010s ]
SQL: SELECT `goodsname`,`goodsprice` FROM `et_shopgoods` WHERE `goodsid` = 154 LIMIT 1   [ RunTime:0.0000s ]
SQL: SELECT * FROM `et_ordergoods` WHERE `orderid` = '0405689791507969904'  [ RunTime:0.0020s ]
SQL: SELECT `goodsname`,`goodsprice` FROM `et_shopgoods` WHERE `goodsid` = 146 LIMIT 1   [ RunTime:0.0000s ]
SQL: SELECT `goodsname`,`goodsprice` FROM `et_shopgoods` WHERE `goodsid` = 1558 LIMIT 1   [ RunTime:0.0000s ]
SQL: SELECT `goodsname`,`goodsprice` FROM `et_shopgoods` WHERE `goodsid` = 151 LIMIT 1   [ RunTime:0.0000s ]

[ 2017-10-24T16:57:56+10:30 ] 192.168.2.122 /tp/index.php/server/user/shopmesa
INFO: [ app_init ] --START--
INFO: Run Behavior\BuildLiteBehavior [ RunTime:0.000000s ]
INFO: [ app_init ] --END-- [ RunTime:0.001000s ]
INFO: [ app_begin ] --START--
INFO: Run Behavior\ReadHtmlCacheBehavior [ RunTime:0.002001s ]
INFO: [ app_begin ] --END-- [ RunTime:0.002001s ]
SQL: SHOW COLUMNS FROM `et_shopmessage` [ RunTime:0.0070s ]
SQL: SELECT `lmoney`,`content`,`gotime`,`long`,`maxprice`,`maxmoney`,`maxlong`,`lkmoney`,`shophead`,`shopphoto`,`shopname`,`state`,`coordinate`,`detailed_address`,`mobile` FROM `et_shopmessage` WHERE `shopid` = 13 LIMIT 1   [ RunTime:0.0010s ]
SQL: SHOW COLUMNS FROM `et_mingxi` [ RunTime:0.0070s ]
SQL: SELECT * FROM `et_mingxi` WHERE `addtime` BETWEEN '2017-10-24 00:00:00' AND '2017-10-24 16:57:56' AND `shopid` = 13 AND `flag` = 1  [ RunTime:0.0310s ]
SQL: SHOW COLUMNS FROM `et_orders` [ RunTime:0.0070s ]
SQL: SELECT * FROM `et_orders` WHERE `addtime` BETWEEN '2017-10-24 00:00:00' AND '2017-10-24 16:57:56' AND `state` IN ('3','4','5') AND `shopid` = 13  [ RunTime:0.0020s ]

[ 2017-10-24T16:58:04+10:30 ] 192.168.2.122 /tp/index.php/server/order/norderlist
INFO: [ app_init ] --START--
INFO: Run Behavior\BuildLiteBehavior [ RunTime:0.000000s ]
INFO: [ app_init ] --END-- [ RunTime:0.001000s ]
INFO: [ app_begin ] --START--
INFO: Run Behavior\ReadHtmlCacheBehavior [ RunTime:0.001000s ]
INFO: [ app_begin ] --END-- [ RunTime:0.001000s ]
SQL: SHOW COLUMNS FROM `et_orders` [ RunTime:0.0160s ]
SQL: SELECT * FROM `et_orders` WHERE `state` IN ('1','2') AND `shopid` = 13 AND `statu` = 2  [ RunTime:0.0030s ]
SQL: SHOW COLUMNS FROM `et_ordergoods` [ RunTime:0.0110s ]
SQL: SELECT * FROM `et_ordergoods` WHERE `orderid` = '0405689791508125856'  [ RunTime:0.0100s ]
SQL: SHOW COLUMNS FROM `et_shopgoods` [ RunTime:0.0090s ]
SQL: SELECT `goodsname`,`goodsprice` FROM `et_shopgoods` WHERE `goodsid` = 146 LIMIT 1   [ RunTime:0.0000s ]

[ 2017-10-24T16:58:04+10:30 ] 192.168.2.122 /tp/index.php/server/order/yorderlist
INFO: [ app_init ] --START--
INFO: Run Behavior\BuildLiteBehavior [ RunTime:0.000000s ]
INFO: [ app_init ] --END-- [ RunTime:0.001000s ]
INFO: [ app_begin ] --START--
INFO: Run Behavior\ReadHtmlCacheBehavior [ RunTime:0.001001s ]
INFO: [ app_begin ] --END-- [ RunTime:0.001001s ]
SQL: SHOW COLUMNS FROM `et_orders` [ RunTime:0.0090s ]
SQL: SELECT * FROM `et_orders` WHERE ( (statu = 2 and state in (3,4,5)) or (statu in (1,3) and state in (1,2)) ) AND `shopid` = 13 AND `states` = 1 ORDER BY addtime desc LIMIT 0,8   [ RunTime:0.0020s ]
SQL: SHOW COLUMNS FROM `et_ordergoods` [ RunTime:0.0070s ]
SQL: SELECT * FROM `et_ordergoods` WHERE `orderid` = '0405689791508121625'  [ RunTime:0.0020s ]
SQL: SHOW COLUMNS FROM `et_shopgoods` [ RunTime:0.0100s ]
SQL: SELECT `goodsname`,`goodsprice` FROM `et_shopgoods` WHERE `goodsid` = 146 LIMIT 1   [ RunTime:0.0010s ]
SQL: SELECT * FROM `et_ordergoods` WHERE `orderid` = '0405689791508121106'  [ RunTime:0.0020s ]
SQL: SELECT `goodsname`,`goodsprice` FROM `et_shopgoods` WHERE `goodsid` = 146 LIMIT 1   [ RunTime:0.0000s ]
SQL: SELECT * FROM `et_ordergoods` WHERE `orderid` = '0405689791508121004'  [ RunTime:0.0020s ]
SQL: SELECT `goodsname`,`goodsprice` FROM `et_shopgoods` WHERE `goodsid` = 146 LIMIT 1   [ RunTime:0.0010s ]
SQL: SELECT * FROM `et_ordergoods` WHERE `orderid` = '0405689791508119859'  [ RunTime:0.0020s ]
SQL: SELECT `goodsname`,`goodsprice` FROM `et_shopgoods` WHERE `goodsid` = 146 LIMIT 1   [ RunTime:0.0000s ]
SQL: SELECT * FROM `et_ordergoods` WHERE `orderid` = '0405689791508119296'  [ RunTime:0.0020s ]
SQL: SELECT `goodsname`,`goodsprice` FROM `et_shopgoods` WHERE `goodsid` = 146 LIMIT 1   [ RunTime:0.0010s ]
SQL: SELECT * FROM `et_ordergoods` WHERE `orderid` = '0405689791507972288'  [ RunTime:0.0020s ]
SQL: SELECT `goodsname`,`goodsprice` FROM `et_shopgoods` WHERE `goodsid` = 146 LIMIT 1   [ RunTime:0.0010s ]
SQL: SELECT `goodsname`,`goodsprice` FROM `et_shopgoods` WHERE `goodsid` = 152 LIMIT 1   [ RunTime:0.0000s ]
SQL: SELECT `goodsname`,`goodsprice` FROM `et_shopgoods` WHERE `goodsid` = 151 LIMIT 1   [ RunTime:0.0010s ]
SQL: SELECT `goodsname`,`goodsprice` FROM `et_shopgoods` WHERE `goodsid` = 154 LIMIT 1   [ RunTime:0.0000s ]
SQL: SELECT `goodsname`,`goodsprice` FROM `et_shopgoods` WHERE `goodsid` = 1558 LIMIT 1   [ RunTime:0.0010s ]
SQL: SELECT * FROM `et_ordergoods` WHERE `orderid` = '0405689791507972224'  [ RunTime:0.0020s ]
SQL: SELECT `goodsname`,`goodsprice` FROM `et_shopgoods` WHERE `goodsid` = 146 LIMIT 1   [ RunTime:0.0000s ]
SQL: SELECT `goodsname`,`goodsprice` FROM `et_shopgoods` WHERE `goodsid` = 152 LIMIT 1   [ RunTime:0.0000s ]
SQL: SELECT `goodsname`,`goodsprice` FROM `et_shopgoods` WHERE `goodsid` = 151 LIMIT 1   [ RunTime:0.0010s ]
SQL: SELECT `goodsname`,`goodsprice` FROM `et_shopgoods` WHERE `goodsid` = 154 LIMIT 1   [ RunTime:0.0000s ]
SQL: SELECT * FROM `et_ordergoods` WHERE `orderid` = '0405689791507969904'  [ RunTime:0.0020s ]
SQL: SELECT `goodsname`,`goodsprice` FROM `et_shopgoods` WHERE `goodsid` = 146 LIMIT 1   [ RunTime:0.0010s ]
SQL: SELECT `goodsname`,`goodsprice` FROM `et_shopgoods` WHERE `goodsid` = 1558 LIMIT 1   [ RunTime:0.0000s ]
SQL: SELECT `goodsname`,`goodsprice` FROM `et_shopgoods` WHERE `goodsid` = 151 LIMIT 1   [ RunTime:0.0000s ]

[ 2017-10-24T17:00:15+10:30 ] 192.168.2.122 /tp/index.php/server/shop/categorylist
INFO: [ app_init ] --START--
INFO: Run Behavior\BuildLiteBehavior [ RunTime:0.000000s ]
INFO: [ app_init ] --END-- [ RunTime:0.001000s ]
INFO: [ app_begin ] --START--
INFO: Run Behavior\ReadHtmlCacheBehavior [ RunTime:0.000000s ]
INFO: [ app_begin ] --END-- [ RunTime:0.000000s ]
SQL: SHOW COLUMNS FROM `et_category` [ RunTime:0.0060s ]
SQL: SELECT `cid`,`cname` FROM `et_category` WHERE `shopid` = 13  [ RunTime:0.0010s ]
SQL: SHOW COLUMNS FROM `et_shopgoods` [ RunTime:0.0060s ]
SQL: SELECT * FROM `et_shopgoods` WHERE `shopid` = 13 AND `cid` = 140  [ RunTime:0.0020s ]
SQL: SELECT * FROM `et_shopgoods` WHERE `shopid` = 13 AND `cid` = 141  [ RunTime:0.0030s ]
SQL: SELECT * FROM `et_shopgoods` WHERE `shopid` = 13 AND `cid` = 305  [ RunTime:0.0020s ]

[ 2017-10-24T17:00:19+10:30 ] 192.168.2.122 /tp/index.php/server/shop/menugoods
INFO: [ app_init ] --START--
INFO: Run Behavior\BuildLiteBehavior [ RunTime:0.000000s ]
INFO: [ app_init ] --END-- [ RunTime:0.001000s ]
INFO: [ app_begin ] --START--
INFO: Run Behavior\ReadHtmlCacheBehavior [ RunTime:0.001000s ]
INFO: [ app_begin ] --END-- [ RunTime:0.001000s ]
SQL: SHOW COLUMNS FROM `et_shopgoods` [ RunTime:0.0070s ]
SQL: SELECT * FROM `et_shopgoods` WHERE `shopid` = 13 AND `cid` = 140  [ RunTime:0.0030s ]

[ 2017-10-24T17:00:19+10:30 ] 192.168.2.122 /tp/index.php/server/shop/menugoods
INFO: [ app_init ] --START--
INFO: Run Behavior\BuildLiteBehavior [ RunTime:0.000000s ]
INFO: [ app_init ] --END-- [ RunTime:0.000000s ]
INFO: [ app_begin ] --START--
INFO: Run Behavior\ReadHtmlCacheBehavior [ RunTime:0.001000s ]
INFO: [ app_begin ] --END-- [ RunTime:0.001000s ]
SQL: SHOW COLUMNS FROM `et_shopgoods` [ RunTime:0.0060s ]
SQL: SELECT * FROM `et_shopgoods` WHERE `shopid` = 13 AND `cid` = 140  [ RunTime:0.0020s ]

[ 2017-10-24T17:01:55+10:30 ] 192.168.2.122 /tp/index.php/server/order/norderlist
INFO: [ app_init ] --START--
INFO: Run Behavior\BuildLiteBehavior [ RunTime:0.000000s ]
INFO: [ app_init ] --END-- [ RunTime:0.001001s ]
INFO: [ app_begin ] --START--
INFO: Run Behavior\ReadHtmlCacheBehavior [ RunTime:0.001000s ]
INFO: [ app_begin ] --END-- [ RunTime:0.001000s ]
SQL: SHOW COLUMNS FROM `et_orders` [ RunTime:0.0070s ]
SQL: SELECT * FROM `et_orders` WHERE `state` IN ('1','2') AND `shopid` = 13 AND `statu` = 2  [ RunTime:0.0300s ]
SQL: SHOW COLUMNS FROM `et_ordergoods` [ RunTime:0.0090s ]
SQL: SELECT * FROM `et_ordergoods` WHERE `orderid` = '0405689791508125856'  [ RunTime:0.0040s ]
SQL: SHOW COLUMNS FROM `et_shopgoods` [ RunTime:0.0070s ]
SQL: SELECT `goodsname`,`goodsprice` FROM `et_shopgoods` WHERE `goodsid` = 146 LIMIT 1   [ RunTime:0.0010s ]

[ 2017-10-24T17:01:55+10:30 ] 192.168.2.122 /tp/index.php/server/order/yorderlist
INFO: [ app_init ] --START--
INFO: Run Behavior\BuildLiteBehavior [ RunTime:0.000000s ]
INFO: [ app_init ] --END-- [ RunTime:0.001001s ]
INFO: [ app_begin ] --START--
INFO: Run Behavior\ReadHtmlCacheBehavior [ RunTime:0.001000s ]
INFO: [ app_begin ] --END-- [ RunTime:0.001000s ]
SQL: SHOW COLUMNS FROM `et_orders` [ RunTime:0.0070s ]
SQL: SELECT * FROM `et_orders` WHERE ( (statu = 2 and state in (3,4,5)) or (statu in (1,3) and state in (1,2)) ) AND `shopid` = 13 AND `states` = 1 ORDER BY addtime desc LIMIT 0,8   [ RunTime:0.0020s ]
SQL: SHOW COLUMNS FROM `et_ordergoods` [ RunTime:0.0070s ]
SQL: SELECT * FROM `et_ordergoods` WHERE `orderid` = '0405689791508121625'  [ RunTime:0.0020s ]
SQL: SHOW COLUMNS FROM `et_shopgoods` [ RunTime:0.0060s ]
SQL: SELECT `goodsname`,`goodsprice` FROM `et_shopgoods` WHERE `goodsid` = 146 LIMIT 1   [ RunTime:0.0010s ]
SQL: SELECT * FROM `et_ordergoods` WHERE `orderid` = '0405689791508121106'  [ RunTime:0.0020s ]
SQL: SELECT `goodsname`,`goodsprice` FROM `et_shopgoods` WHERE `goodsid` = 146 LIMIT 1   [ RunTime:0.0000s ]
SQL: SELECT * FROM `et_ordergoods` WHERE `orderid` = '0405689791508121004'  [ RunTime:0.0010s ]
SQL: SELECT `goodsname`,`goodsprice` FROM `et_shopgoods` WHERE `goodsid` = 146 LIMIT 1   [ RunTime:0.0000s ]
SQL: SELECT * FROM `et_ordergoods` WHERE `orderid` = '0405689791508119859'  [ RunTime:0.0030s ]
SQL: SELECT `goodsname`,`goodsprice` FROM `et_shopgoods` WHERE `goodsid` = 146 LIMIT 1   [ RunTime:0.0000s ]
SQL: SELECT * FROM `et_ordergoods` WHERE `orderid` = '0405689791508119296'  [ RunTime:0.0010s ]
SQL: SELECT `goodsname`,`goodsprice` FROM `et_shopgoods` WHERE `goodsid` = 146 LIMIT 1   [ RunTime:0.0010s ]
SQL: SELECT * FROM `et_ordergoods` WHERE `orderid` = '0405689791507972288'  [ RunTime:0.0010s ]
SQL: SELECT `goodsname`,`goodsprice` FROM `et_shopgoods` WHERE `goodsid` = 146 LIMIT 1   [ RunTime:0.0000s ]
SQL: SELECT `goodsname`,`goodsprice` FROM `et_shopgoods` WHERE `goodsid` = 152 LIMIT 1   [ RunTime:0.0010s ]
SQL: SELECT `goodsname`,`goodsprice` FROM `et_shopgoods` WHERE `goodsid` = 151 LIMIT 1   [ RunTime:0.0010s ]
SQL: SELECT `goodsname`,`goodsprice` FROM `et_shopgoods` WHERE `goodsid` = 154 LIMIT 1   [ RunTime:0.0000s ]
SQL: SELECT `goodsname`,`goodsprice` FROM `et_shopgoods` WHERE `goodsid` = 1558 LIMIT 1   [ RunTime:0.0010s ]
SQL: SELECT * FROM `et_ordergoods` WHERE `orderid` = '0405689791507972224'  [ RunTime:0.0050s ]
SQL: SELECT `goodsname`,`goodsprice` FROM `et_shopgoods` WHERE `goodsid` = 146 LIMIT 1   [ RunTime:0.0010s ]
SQL: SELECT `goodsname`,`goodsprice` FROM `et_shopgoods` WHERE `goodsid` = 152 LIMIT 1   [ RunTime:0.0010s ]
SQL: SELECT `goodsname`,`goodsprice` FROM `et_shopgoods` WHERE `goodsid` = 151 LIMIT 1   [ RunTime:0.0000s ]
SQL: SELECT `goodsname`,`goodsprice` FROM `et_shopgoods` WHERE `goodsid` = 154 LIMIT 1   [ RunTime:0.0000s ]
SQL: SELECT * FROM `et_ordergoods` WHERE `orderid` = '0405689791507969904'  [ RunTime:0.0030s ]
SQL: SELECT `goodsname`,`goodsprice` FROM `et_shopgoods` WHERE `goodsid` = 146 LIMIT 1   [ RunTime:0.0000s ]
SQL: SELECT `goodsname`,`goodsprice` FROM `et_shopgoods` WHERE `goodsid` = 1558 LIMIT 1   [ RunTime:0.0000s ]
SQL: SELECT `goodsname`,`goodsprice` FROM `et_shopgoods` WHERE `goodsid` = 151 LIMIT 1   [ RunTime:0.0000s ]

[ 2017-10-24T17:02:19+10:30 ] 192.168.2.122 /tp/index.php/server/shop/categorylist
INFO: [ app_init ] --START--
INFO: Run Behavior\BuildLiteBehavior [ RunTime:0.000000s ]
INFO: [ app_init ] --END-- [ RunTime:0.001000s ]
INFO: [ app_begin ] --START--
INFO: Run Behavior\ReadHtmlCacheBehavior [ RunTime:0.001000s ]
INFO: [ app_begin ] --END-- [ RunTime:0.001000s ]
SQL: SHOW COLUMNS FROM `et_category` [ RunTime:0.0090s ]
SQL: SELECT `cid`,`cname` FROM `et_category` WHERE `shopid` = 13  [ RunTime:0.0010s ]
SQL: SHOW COLUMNS FROM `et_shopgoods` [ RunTime:0.0080s ]
SQL: SELECT * FROM `et_shopgoods` WHERE `shopid` = 13 AND `cid` = 140  [ RunTime:0.0030s ]
SQL: SELECT * FROM `et_shopgoods` WHERE `shopid` = 13 AND `cid` = 141  [ RunTime:0.0030s ]
SQL: SELECT * FROM `et_shopgoods` WHERE `shopid` = 13 AND `cid` = 305  [ RunTime:0.0030s ]

[ 2017-10-24T17:02:20+10:30 ] 192.168.2.122 /tp/index.php/server/shop/menugoods
INFO: [ app_init ] --START--
INFO: Run Behavior\BuildLiteBehavior [ RunTime:0.000000s ]
INFO: [ app_init ] --END-- [ RunTime:0.000000s ]
INFO: [ app_begin ] --START--
INFO: Run Behavior\ReadHtmlCacheBehavior [ RunTime:0.001000s ]
INFO: [ app_begin ] --END-- [ RunTime:0.001000s ]
SQL: SHOW COLUMNS FROM `et_shopgoods` [ RunTime:0.0070s ]
SQL: SELECT * FROM `et_shopgoods` WHERE `shopid` = 13 AND `cid` = 140  [ RunTime:0.0030s ]

[ 2017-10-24T17:02:20+10:30 ] 192.168.2.122 /tp/index.php/server/shop/menugoods
INFO: [ app_init ] --START--
INFO: Run Behavior\BuildLiteBehavior [ RunTime:0.000000s ]
INFO: [ app_init ] --END-- [ RunTime:0.000000s ]
INFO: [ app_begin ] --START--
INFO: Run Behavior\ReadHtmlCacheBehavior [ RunTime:0.001000s ]
INFO: [ app_begin ] --END-- [ RunTime:0.001000s ]
SQL: SHOW COLUMNS FROM `et_shopgoods` [ RunTime:0.0090s ]
SQL: SELECT * FROM `et_shopgoods` WHERE `shopid` = 13 AND `cid` = 140  [ RunTime:0.0020s ]

[ 2017-10-24T17:04:35+10:30 ] 192.168.2.122 /tp/index.php/server/order/yorderlist
INFO: [ app_init ] --START--
INFO: Run Behavior\BuildLiteBehavior [ RunTime:0.000000s ]
INFO: [ app_init ] --END-- [ RunTime:0.001000s ]
INFO: [ app_begin ] --START--
INFO: Run Behavior\ReadHtmlCacheBehavior [ RunTime:0.001000s ]
INFO: [ app_begin ] --END-- [ RunTime:0.001000s ]
SQL: SHOW COLUMNS FROM `et_orders` [ RunTime:0.0070s ]
SQL: SELECT * FROM `et_orders` WHERE ( (statu = 2 and state in (3,4,5)) or (statu in (1,3) and state in (1,2)) ) AND `shopid` = 13 AND `states` = 1 ORDER BY addtime desc LIMIT 0,8   [ RunTime:0.0030s ]
SQL: SHOW COLUMNS FROM `et_ordergoods` [ RunTime:0.0070s ]
SQL: SELECT * FROM `et_ordergoods` WHERE `orderid` = '0405689791508121625'  [ RunTime:0.0010s ]
SQL: SHOW COLUMNS FROM `et_shopgoods` [ RunTime:0.0070s ]
SQL: SELECT `goodsname`,`goodsprice` FROM `et_shopgoods` WHERE `goodsid` = 146 LIMIT 1   [ RunTime:0.0010s ]
SQL: SELECT * FROM `et_ordergoods` WHERE `orderid` = '0405689791508121106'  [ RunTime:0.0020s ]
SQL: SELECT `goodsname`,`goodsprice` FROM `et_shopgoods` WHERE `goodsid` = 146 LIMIT 1   [ RunTime:0.0000s ]
SQL: SELECT * FROM `et_ordergoods` WHERE `orderid` = '0405689791508121004'  [ RunTime:0.0020s ]
SQL: SELECT `goodsname`,`goodsprice` FROM `et_shopgoods` WHERE `goodsid` = 146 LIMIT 1   [ RunTime:0.0000s ]
SQL: SELECT * FROM `et_ordergoods` WHERE `orderid` = '0405689791508119859'  [ RunTime:0.0010s ]
SQL: SELECT `goodsname`,`goodsprice` FROM `et_shopgoods` WHERE `goodsid` = 146 LIMIT 1   [ RunTime:0.0010s ]
SQL: SELECT * FROM `et_ordergoods` WHERE `orderid` = '0405689791508119296'  [ RunTime:0.0010s ]
SQL: SELECT `goodsname`,`goodsprice` FROM `et_shopgoods` WHERE `goodsid` = 146 LIMIT 1   [ RunTime:0.0000s ]
SQL: SELECT * FROM `et_ordergoods` WHERE `orderid` = '0405689791507972288'  [ RunTime:0.0020s ]
SQL: SELECT `goodsname`,`goodsprice` FROM `et_shopgoods` WHERE `goodsid` = 146 LIMIT 1   [ RunTime:0.0000s ]
SQL: SELECT `goodsname`,`goodsprice` FROM `et_shopgoods` WHERE `goodsid` = 152 LIMIT 1   [ RunTime:0.0010s ]
SQL: SELECT `goodsname`,`goodsprice` FROM `et_shopgoods` WHERE `goodsid` = 151 LIMIT 1   [ RunTime:0.0000s ]
SQL: SELECT `goodsname`,`goodsprice` FROM `et_shopgoods` WHERE `goodsid` = 154 LIMIT 1   [ RunTime:0.0000s ]
SQL: SELECT `goodsname`,`goodsprice` FROM `et_shopgoods` WHERE `goodsid` = 1558 LIMIT 1   [ RunTime:0.0000s ]
SQL: SELECT * FROM `et_ordergoods` WHERE `orderid` = '0405689791507972224'  [ RunTime:0.0010s ]
SQL: SELECT `goodsname`,`goodsprice` FROM `et_shopgoods` WHERE `goodsid` = 146 LIMIT 1   [ RunTime:0.0010s ]
SQL: SELECT `goodsname`,`goodsprice` FROM `et_shopgoods` WHERE `goodsid` = 152 LIMIT 1   [ RunTime:0.0000s ]
SQL: SELECT `goodsname`,`goodsprice` FROM `et_shopgoods` WHERE `goodsid` = 151 LIMIT 1   [ RunTime:0.0010s ]
SQL: SELECT `goodsname`,`goodsprice` FROM `et_shopgoods` WHERE `goodsid` = 154 LIMIT 1   [ RunTime:0.0000s ]
SQL: SELECT * FROM `et_ordergoods` WHERE `orderid` = '0405689791507969904'  [ RunTime:0.0020s ]
SQL: SELECT `goodsname`,`goodsprice` FROM `et_shopgoods` WHERE `goodsid` = 146 LIMIT 1   [ RunTime:0.0000s ]
SQL: SELECT `goodsname`,`goodsprice` FROM `et_shopgoods` WHERE `goodsid` = 1558 LIMIT 1   [ RunTime:0.0000s ]
SQL: SELECT `goodsname`,`goodsprice` FROM `et_shopgoods` WHERE `goodsid` = 151 LIMIT 1   [ RunTime:0.0010s ]

[ 2017-10-24T17:04:38+10:30 ] 192.168.2.122 /tp/index.php/server/order/norderlist
INFO: [ app_init ] --START--
INFO: Run Behavior\BuildLiteBehavior [ RunTime:0.000000s ]
INFO: [ app_init ] --END-- [ RunTime:0.001000s ]
INFO: [ app_begin ] --START--
INFO: Run Behavior\ReadHtmlCacheBehavior [ RunTime:0.001000s ]
INFO: [ app_begin ] --END-- [ RunTime:0.001000s ]
SQL: SHOW COLUMNS FROM `et_orders` [ RunTime:0.0140s ]
SQL: SELECT * FROM `et_orders` WHERE `state` IN ('1','2') AND `shopid` = 13 AND `statu` = 2  [ RunTime:0.0020s ]
SQL: SHOW COLUMNS FROM `et_ordergoods` [ RunTime:0.0080s ]
SQL: SELECT * FROM `et_ordergoods` WHERE `orderid` = '0405689791508125856'  [ RunTime:0.0030s ]
SQL: SHOW COLUMNS FROM `et_shopgoods` [ RunTime:0.0080s ]
SQL: SELECT `goodsname`,`goodsprice` FROM `et_shopgoods` WHERE `goodsid` = 146 LIMIT 1   [ RunTime:0.0000s ]

[ 2017-10-24T17:05:13+10:30 ] 192.168.2.122 /tp/index.php/server/shop/categorylist
INFO: [ app_init ] --START--
INFO: Run Behavior\BuildLiteBehavior [ RunTime:0.000000s ]
INFO: [ app_init ] --END-- [ RunTime:0.000000s ]
INFO: [ app_begin ] --START--
INFO: Run Behavior\ReadHtmlCacheBehavior [ RunTime:0.001000s ]
INFO: [ app_begin ] --END-- [ RunTime:0.001000s ]
SQL: SHOW COLUMNS FROM `et_category` [ RunTime:0.0070s ]
SQL: SELECT `cid`,`cname` FROM `et_category` WHERE `shopid` = 13  [ RunTime:0.0000s ]
SQL: SHOW COLUMNS FROM `et_shopgoods` [ RunTime:0.0060s ]
SQL: SELECT * FROM `et_shopgoods` WHERE `shopid` = 13 AND `cid` = 140  [ RunTime:0.0030s ]
SQL: SELECT * FROM `et_shopgoods` WHERE `shopid` = 13 AND `cid` = 141  [ RunTime:0.0020s ]
SQL: SELECT * FROM `et_shopgoods` WHERE `shopid` = 13 AND `cid` = 305  [ RunTime:0.0020s ]

[ 2017-10-24T17:05:14+10:30 ] 192.168.2.122 /tp/index.php/server/shop/menugoods
INFO: [ app_init ] --START--
INFO: Run Behavior\BuildLiteBehavior [ RunTime:0.000000s ]
INFO: [ app_init ] --END-- [ RunTime:0.000000s ]
INFO: [ app_begin ] --START--
INFO: Run Behavior\ReadHtmlCacheBehavior [ RunTime:0.001001s ]
INFO: [ app_begin ] --END-- [ RunTime:0.001001s ]
SQL: SHOW COLUMNS FROM `et_shopgoods` [ RunTime:0.0060s ]
SQL: SELECT * FROM `et_shopgoods` WHERE `shopid` = 13 AND `cid` = 140  [ RunTime:0.0020s ]

[ 2017-10-24T17:05:14+10:30 ] 192.168.2.122 /tp/index.php/server/shop/menugoods
INFO: [ app_init ] --START--
INFO: Run Behavior\BuildLiteBehavior [ RunTime:0.001000s ]
INFO: [ app_init ] --END-- [ RunTime:0.001000s ]
INFO: [ app_begin ] --START--
INFO: Run Behavior\ReadHtmlCacheBehavior [ RunTime:0.001000s ]
INFO: [ app_begin ] --END-- [ RunTime:0.001000s ]
SQL: SHOW COLUMNS FROM `et_shopgoods` [ RunTime:0.0070s ]
SQL: SELECT * FROM `et_shopgoods` WHERE `shopid` = 13 AND `cid` = 140  [ RunTime:0.0020s ]

[ 2017-10-24T17:05:22+10:30 ] 192.168.2.122 /tp/index.php/server/shop/addgoods
INFO: [ app_init ] --START--
INFO: Run Behavior\BuildLiteBehavior [ RunTime:0.000000s ]
INFO: [ app_init ] --END-- [ RunTime:0.001000s ]
INFO: [ app_begin ] --START--
INFO: Run Behavior\ReadHtmlCacheBehavior [ RunTime:0.001000s ]
INFO: [ app_begin ] --END-- [ RunTime:0.001000s ]
NOTIC: [8] Undefined index: goodscontent F:\phpStudy\WWW\tp\Application\Server\Controller\ShopController.class.php 第 126 行.
SQL: SHOW COLUMNS FROM `et_shopmessage` [ RunTime:0.0070s ]
SQL: SELECT * FROM `et_shopmessage` WHERE `shopid` = 13 LIMIT 1   [ RunTime:0.0000s ]
SQL: SHOW COLUMNS FROM `et_shopgoods` [ RunTime:0.0090s ]
SQL: INSERT INTO `et_shopgoods` (`cid`,`shopid`,`goodsname`,`goodsprice`,`goodscontent`,`goodsphoto`,`addtime`) VALUES ('140','13','呃呃呃','12.8',NULL,'uploads/d52adb7c0e0668979a34ddf6c12201ca.jpg','2017-10-24 17:05:22') [ RunTime:0.0320s ]

[ 2017-10-24T17:05:22+10:30 ] 192.168.2.122 /tp/index.php/server/shop/menugoods
INFO: [ app_init ] --START--
INFO: Run Behavior\BuildLiteBehavior [ RunTime:0.000000s ]
INFO: [ app_init ] --END-- [ RunTime:0.000000s ]
INFO: [ app_begin ] --START--
INFO: Run Behavior\ReadHtmlCacheBehavior [ RunTime:0.001000s ]
INFO: [ app_begin ] --END-- [ RunTime:0.001000s ]
SQL: SHOW COLUMNS FROM `et_shopgoods` [ RunTime:0.0080s ]
SQL: SELECT * FROM `et_shopgoods` WHERE `shopid` = 13 AND `cid` = 140  [ RunTime:0.0030s ]

[ 2017-10-24T17:05:30+10:30 ] 192.168.2.122 /tp/index.php/server/shop/categorylist
INFO: [ app_init ] --START--
INFO: Run Behavior\BuildLiteBehavior [ RunTime:0.000000s ]
INFO: [ app_init ] --END-- [ RunTime:0.000000s ]
INFO: [ app_begin ] --START--
INFO: Run Behavior\ReadHtmlCacheBehavior [ RunTime:0.001000s ]
INFO: [ app_begin ] --END-- [ RunTime:0.001000s ]
SQL: SHOW COLUMNS FROM `et_category` [ RunTime:0.0070s ]
SQL: SELECT `cid`,`cname` FROM `et_category` WHERE `shopid` = 13  [ RunTime:0.0010s ]
SQL: SHOW COLUMNS FROM `et_shopgoods` [ RunTime:0.0060s ]
SQL: SELECT * FROM `et_shopgoods` WHERE `shopid` = 13 AND `cid` = 140  [ RunTime:0.0020s ]
SQL: SELECT * FROM `et_shopgoods` WHERE `shopid` = 13 AND `cid` = 141  [ RunTime:0.0020s ]
SQL: SELECT * FROM `et_shopgoods` WHERE `shopid` = 13 AND `cid` = 305  [ RunTime:0.0020s ]

[ 2017-10-24T17:05:40+10:30 ] 192.168.2.122 /tp/index.php/server/user/shopmesa
INFO: [ app_init ] --START--
INFO: Run Behavior\BuildLiteBehavior [ RunTime:0.000000s ]
INFO: [ app_init ] --END-- [ RunTime:0.000000s ]
INFO: [ app_begin ] --START--
INFO: Run Behavior\ReadHtmlCacheBehavior [ RunTime:0.001000s ]
INFO: [ app_begin ] --END-- [ RunTime:0.001000s ]
SQL: SHOW COLUMNS FROM `et_shopmessage` [ RunTime:0.0070s ]
SQL: SELECT `lmoney`,`content`,`gotime`,`long`,`maxprice`,`maxmoney`,`maxlong`,`lkmoney`,`shophead`,`shopphoto`,`shopname`,`state`,`coordinate`,`detailed_address`,`mobile` FROM `et_shopmessage` WHERE `shopid` = 13 LIMIT 1   [ RunTime:0.0000s ]
SQL: SHOW COLUMNS FROM `et_mingxi` [ RunTime:0.0070s ]
SQL: SELECT * FROM `et_mingxi` WHERE `addtime` BETWEEN '2017-10-24 00:00:00' AND '2017-10-24 17:05:40' AND `shopid` = 13 AND `flag` = 1  [ RunTime:0.0000s ]
SQL: SHOW COLUMNS FROM `et_orders` [ RunTime:0.0070s ]
SQL: SELECT * FROM `et_orders` WHERE `addtime` BETWEEN '2017-10-24 00:00:00' AND '2017-10-24 17:05:40' AND `state` IN ('3','4','5') AND `shopid` = 13  [ RunTime:0.0030s ]

[ 2017-10-24T17:14:34+10:30 ] 192.168.2.122 /tp/index.php/server/order/yorderlist
INFO: [ app_init ] --START--
INFO: Run Behavior\BuildLiteBehavior [ RunTime:0.000000s ]
INFO: [ app_init ] --END-- [ RunTime:0.001000s ]
INFO: [ app_begin ] --START--
INFO: Run Behavior\ReadHtmlCacheBehavior [ RunTime:0.001000s ]
INFO: [ app_begin ] --END-- [ RunTime:0.001000s ]
SQL: SHOW COLUMNS FROM `et_orders` [ RunTime:0.0100s ]
SQL: SELECT * FROM `et_orders` WHERE ( (statu = 2 and state in (3,4,5)) or (statu in (1,3) and state in (1,2)) ) AND `shopid` = 13 AND `states` = 1 ORDER BY addtime desc LIMIT 0,8   [ RunTime:0.0020s ]
SQL: SHOW COLUMNS FROM `et_ordergoods` [ RunTime:0.0060s ]
SQL: SELECT * FROM `et_ordergoods` WHERE `orderid` = '0405689791508121625'  [ RunTime:0.0010s ]
SQL: SHOW COLUMNS FROM `et_shopgoods` [ RunTime:0.0070s ]
SQL: SELECT `goodsname`,`goodsprice` FROM `et_shopgoods` WHERE `goodsid` = 146 LIMIT 1   [ RunTime:0.0010s ]
SQL: SELECT * FROM `et_ordergoods` WHERE `orderid` = '0405689791508121106'  [ RunTime:0.0010s ]
SQL: SELECT `goodsname`,`goodsprice` FROM `et_shopgoods` WHERE `goodsid` = 146 LIMIT 1   [ RunTime:0.0000s ]
SQL: SELECT * FROM `et_ordergoods` WHERE `orderid` = '0405689791508121004'  [ RunTime:0.0020s ]
SQL: SELECT `goodsname`,`goodsprice` FROM `et_shopgoods` WHERE `goodsid` = 146 LIMIT 1   [ RunTime:0.0000s ]
SQL: SELECT * FROM `et_ordergoods` WHERE `orderid` = '0405689791508119859'  [ RunTime:0.0020s ]
SQL: SELECT `goodsname`,`goodsprice` FROM `et_shopgoods` WHERE `goodsid` = 146 LIMIT 1   [ RunTime:0.0000s ]
SQL: SELECT * FROM `et_ordergoods` WHERE `orderid` = '0405689791508119296'  [ RunTime:0.0010s ]
SQL: SELECT `goodsname`,`goodsprice` FROM `et_shopgoods` WHERE `goodsid` = 146 LIMIT 1   [ RunTime:0.0010s ]
SQL: SELECT * FROM `et_ordergoods` WHERE `orderid` = '0405689791507972288'  [ RunTime:0.0010s ]
SQL: SELECT `goodsname`,`goodsprice` FROM `et_shopgoods` WHERE `goodsid` = 146 LIMIT 1   [ RunTime:0.0000s ]
SQL: SELECT `goodsname`,`goodsprice` FROM `et_shopgoods` WHERE `goodsid` = 152 LIMIT 1   [ RunTime:0.0010s ]
SQL: SELECT `goodsname`,`goodsprice` FROM `et_shopgoods` WHERE `goodsid` = 151 LIMIT 1   [ RunTime:0.0000s ]
SQL: SELECT `goodsname`,`goodsprice` FROM `et_shopgoods` WHERE `goodsid` = 154 LIMIT 1   [ RunTime:0.0000s ]
SQL: SELECT `goodsname`,`goodsprice` FROM `et_shopgoods` WHERE `goodsid` = 1558 LIMIT 1   [ RunTime:0.0000s ]
SQL: SELECT * FROM `et_ordergoods` WHERE `orderid` = '0405689791507972224'  [ RunTime:0.0010s ]
SQL: SELECT `goodsname`,`goodsprice` FROM `et_shopgoods` WHERE `goodsid` = 146 LIMIT 1   [ RunTime:0.0010s ]
SQL: SELECT `goodsname`,`goodsprice` FROM `et_shopgoods` WHERE `goodsid` = 152 LIMIT 1   [ RunTime:0.0000s ]
SQL: SELECT `goodsname`,`goodsprice` FROM `et_shopgoods` WHERE `goodsid` = 151 LIMIT 1   [ RunTime:0.0000s ]
SQL: SELECT `goodsname`,`goodsprice` FROM `et_shopgoods` WHERE `goodsid` = 154 LIMIT 1   [ RunTime:0.0000s ]
SQL: SELECT * FROM `et_ordergoods` WHERE `orderid` = '0405689791507969904'  [ RunTime:0.0010s ]
SQL: SELECT `goodsname`,`goodsprice` FROM `et_shopgoods` WHERE `goodsid` = 146 LIMIT 1   [ RunTime:0.0010s ]
SQL: SELECT `goodsname`,`goodsprice` FROM `et_shopgoods` WHERE `goodsid` = 1558 LIMIT 1   [ RunTime:0.0000s ]
SQL: SELECT `goodsname`,`goodsprice` FROM `et_shopgoods` WHERE `goodsid` = 151 LIMIT 1   [ RunTime:0.0010s ]

[ 2017-10-24T17:14:37+10:30 ] 192.168.2.122 /tp/index.php/server/order/norderlist
INFO: [ app_init ] --START--
INFO: Run Behavior\BuildLiteBehavior [ RunTime:0.000000s ]
INFO: [ app_init ] --END-- [ RunTime:0.001000s ]
INFO: [ app_begin ] --START--
INFO: Run Behavior\ReadHtmlCacheBehavior [ RunTime:0.001000s ]
INFO: [ app_begin ] --END-- [ RunTime:0.002000s ]
SQL: SHOW COLUMNS FROM `et_orders` [ RunTime:0.0090s ]
SQL: SELECT * FROM `et_orders` WHERE `state` IN ('1','2') AND `shopid` = 13 AND `statu` = 2  [ RunTime:0.0030s ]
SQL: SHOW COLUMNS FROM `et_ordergoods` [ RunTime:0.0080s ]
SQL: SELECT * FROM `et_ordergoods` WHERE `orderid` = '0405689791508125856'  [ RunTime:0.0020s ]
SQL: SHOW COLUMNS FROM `et_shopgoods` [ RunTime:0.0090s ]
SQL: SELECT `goodsname`,`goodsprice` FROM `et_shopgoods` WHERE `goodsid` = 146 LIMIT 1   [ RunTime:0.0010s ]

[ 2017-10-24T17:18:37+10:30 ] 192.168.2.122 /tp/index.php/server/order/yorderlist
INFO: [ app_init ] --START--
INFO: Run Behavior\BuildLiteBehavior [ RunTime:0.000000s ]
INFO: [ app_init ] --END-- [ RunTime:0.000000s ]
INFO: [ app_begin ] --START--
INFO: Run Behavior\ReadHtmlCacheBehavior [ RunTime:0.001000s ]
INFO: [ app_begin ] --END-- [ RunTime:0.001000s ]
SQL: SHOW COLUMNS FROM `et_orders` [ RunTime:0.0070s ]
SQL: SELECT * FROM `et_orders` WHERE ( (statu = 2 and state in (3,4,5)) or (statu in (1,3) and state in (1,2)) ) AND `shopid` = 13 AND `states` = 1 ORDER BY addtime desc LIMIT 0,8   [ RunTime:0.0020s ]
SQL: SHOW COLUMNS FROM `et_ordergoods` [ RunTime:0.0070s ]
SQL: SELECT * FROM `et_ordergoods` WHERE `orderid` = '0405689791508121625'  [ RunTime:0.0020s ]
SQL: SHOW COLUMNS FROM `et_shopgoods` [ RunTime:0.0060s ]
SQL: SELECT `goodsname`,`goodsprice` FROM `et_shopgoods` WHERE `goodsid` = 146 LIMIT 1   [ RunTime:0.0000s ]
SQL: SELECT * FROM `et_ordergoods` WHERE `orderid` = '0405689791508121106'  [ RunTime:0.0010s ]
SQL: SELECT `goodsname`,`goodsprice` FROM `et_shopgoods` WHERE `goodsid` = 146 LIMIT 1   [ RunTime:0.0010s ]
SQL: SELECT * FROM `et_ordergoods` WHERE `orderid` = '0405689791508121004'  [ RunTime:0.0010s ]
SQL: SELECT `goodsname`,`goodsprice` FROM `et_shopgoods` WHERE `goodsid` = 146 LIMIT 1   [ RunTime:0.0000s ]
SQL: SELECT * FROM `et_ordergoods` WHERE `orderid` = '0405689791508119859'  [ RunTime:0.0020s ]
SQL: SELECT `goodsname`,`goodsprice` FROM `et_shopgoods` WHERE `goodsid` = 146 LIMIT 1   [ RunTime:0.0000s ]
SQL: SELECT * FROM `et_ordergoods` WHERE `orderid` = '0405689791508119296'  [ RunTime:0.0020s ]
SQL: SELECT `goodsname`,`goodsprice` FROM `et_shopgoods` WHERE `goodsid` = 146 LIMIT 1   [ RunTime:0.0000s ]
SQL: SELECT * FROM `et_ordergoods` WHERE `orderid` = '0405689791507972288'  [ RunTime:0.0010s ]
SQL: SELECT `goodsname`,`goodsprice` FROM `et_shopgoods` WHERE `goodsid` = 146 LIMIT 1   [ RunTime:0.0010s ]
SQL: SELECT `goodsname`,`goodsprice` FROM `et_shopgoods` WHERE `goodsid` = 152 LIMIT 1   [ RunTime:0.0000s ]
SQL: SELECT `goodsname`,`goodsprice` FROM `et_shopgoods` WHERE `goodsid` = 151 LIMIT 1   [ RunTime:0.0010s ]
SQL: SELECT `goodsname`,`goodsprice` FROM `et_shopgoods` WHERE `goodsid` = 154 LIMIT 1   [ RunTime:0.0000s ]
SQL: SELECT `goodsname`,`goodsprice` FROM `et_shopgoods` WHERE `goodsid` = 1558 LIMIT 1   [ RunTime:0.0010s ]
SQL: SELECT * FROM `et_ordergoods` WHERE `orderid` = '0405689791507972224'  [ RunTime:0.0030s ]
SQL: SELECT `goodsname`,`goodsprice` FROM `et_shopgoods` WHERE `goodsid` = 146 LIMIT 1   [ RunTime:0.0010s ]
SQL: SELECT `goodsname`,`goodsprice` FROM `et_shopgoods` WHERE `goodsid` = 152 LIMIT 1   [ RunTime:0.0000s ]
SQL: SELECT `goodsname`,`goodsprice` FROM `et_shopgoods` WHERE `goodsid` = 151 LIMIT 1   [ RunTime:0.0010s ]
SQL: SELECT `goodsname`,`goodsprice` FROM `et_shopgoods` WHERE `goodsid` = 154 LIMIT 1   [ RunTime:0.0000s ]
SQL: SELECT * FROM `et_ordergoods` WHERE `orderid` = '0405689791507969904'  [ RunTime:0.0020s ]
SQL: SELECT `goodsname`,`goodsprice` FROM `et_shopgoods` WHERE `goodsid` = 146 LIMIT 1   [ RunTime:0.0000s ]
SQL: SELECT `goodsname`,`goodsprice` FROM `et_shopgoods` WHERE `goodsid` = 1558 LIMIT 1   [ RunTime:0.0010s ]
SQL: SELECT `goodsname`,`goodsprice` FROM `et_shopgoods` WHERE `goodsid` = 151 LIMIT 1   [ RunTime:0.0000s ]

[ 2017-10-24T17:18:40+10:30 ] 192.168.2.122 /tp/index.php/server/order/norderlist
INFO: [ app_init ] --START--
INFO: Run Behavior\BuildLiteBehavior [ RunTime:0.000000s ]
INFO: [ app_init ] --END-- [ RunTime:0.000000s ]
INFO: [ app_begin ] --START--
INFO: Run Behavior\ReadHtmlCacheBehavior [ RunTime:0.001000s ]
INFO: [ app_begin ] --END-- [ RunTime:0.001000s ]
SQL: SHOW COLUMNS FROM `et_orders` [ RunTime:0.0080s ]
SQL: SELECT * FROM `et_orders` WHERE `state` IN ('1','2') AND `shopid` = 13 AND `statu` = 2  [ RunTime:0.0020s ]
SQL: SHOW COLUMNS FROM `et_ordergoods` [ RunTime:0.0070s ]
SQL: SELECT * FROM `et_ordergoods` WHERE `orderid` = '0405689791508125856'  [ RunTime:0.0020s ]
SQL: SHOW COLUMNS FROM `et_shopgoods` [ RunTime:0.0070s ]
SQL: SELECT `goodsname`,`goodsprice` FROM `et_shopgoods` WHERE `goodsid` = 146 LIMIT 1   [ RunTime:0.0000s ]

[ 2017-10-24T17:18:45+10:30 ] 192.168.2.122 /tp/index.php/server/order/queren
INFO: [ app_init ] --START--
INFO: Run Behavior\BuildLiteBehavior [ RunTime:0.000000s ]
INFO: [ app_init ] --END-- [ RunTime:0.000000s ]
INFO: [ app_begin ] --START--
INFO: Run Behavior\ReadHtmlCacheBehavior [ RunTime:0.001000s ]
INFO: [ app_begin ] --END-- [ RunTime:0.001000s ]
SQL: SHOW COLUMNS FROM `et_orders` [ RunTime:0.0070s ]
SQL: SELECT * FROM `et_orders` WHERE `orderid` = '0405689791508125856' LIMIT 1   [ RunTime:0.0010s ]
SQL: UPDATE `et_orders` SET `state`='2',`aftertime`='1508830725' WHERE `orderid` = '0405689791508125856' AND `statu` = 2 [ RunTime:0.0430s ]

[ 2017-10-24T17:20:46+10:30 ] 192.168.2.122 /tp/index.php/server/order/norderlist
INFO: [ app_init ] --START--
INFO: Run Behavior\BuildLiteBehavior [ RunTime:0.000000s ]
INFO: [ app_init ] --END-- [ RunTime:0.001000s ]
INFO: [ app_begin ] --START--
INFO: Run Behavior\ReadHtmlCacheBehavior [ RunTime:0.001000s ]
INFO: [ app_begin ] --END-- [ RunTime:0.001000s ]
SQL: SHOW COLUMNS FROM `et_orders` [ RunTime:0.0070s ]
SQL: SELECT * FROM `et_orders` WHERE `state` IN ('1','2') AND `shopid` = 13 AND `statu` = 2  [ RunTime:0.0020s ]
SQL: SHOW COLUMNS FROM `et_ordergoods` [ RunTime:0.0070s ]
SQL: SELECT * FROM `et_ordergoods` WHERE `orderid` = '0405689791508125856'  [ RunTime:0.0020s ]
SQL: SHOW COLUMNS FROM `et_shopgoods` [ RunTime:0.0070s ]
SQL: SELECT `goodsname`,`goodsprice` FROM `et_shopgoods` WHERE `goodsid` = 146 LIMIT 1   [ RunTime:0.0010s ]

[ 2017-10-24T17:22:30+10:30 ] 192.168.2.122 /tp/index.php/server/user/shopmesa
INFO: [ app_init ] --START--
INFO: Run Behavior\BuildLiteBehavior [ RunTime:0.000000s ]
INFO: [ app_init ] --END-- [ RunTime:0.001000s ]
INFO: [ app_begin ] --START--
INFO: Run Behavior\ReadHtmlCacheBehavior [ RunTime:0.001001s ]
INFO: [ app_begin ] --END-- [ RunTime:0.001001s ]
SQL: SHOW COLUMNS FROM `et_shopmessage` [ RunTime:0.0080s ]
SQL: SELECT `lmoney`,`content`,`gotime`,`long`,`maxprice`,`maxmoney`,`maxlong`,`lkmoney`,`shophead`,`shopphoto`,`shopname`,`state`,`coordinate`,`detailed_address`,`mobile` FROM `et_shopmessage` WHERE `shopid` = 13 LIMIT 1   [ RunTime:0.0010s ]
SQL: SHOW COLUMNS FROM `et_mingxi` [ RunTime:0.0070s ]
SQL: SELECT * FROM `et_mingxi` WHERE `addtime` BETWEEN '2017-10-24 00:00:00' AND '2017-10-24 17:22:30' AND `shopid` = 13 AND `flag` = 1  [ RunTime:0.0010s ]
SQL: SHOW COLUMNS FROM `et_orders` [ RunTime:0.0070s ]
SQL: SELECT * FROM `et_orders` WHERE `addtime` BETWEEN '2017-10-24 00:00:00' AND '2017-10-24 17:22:30' AND `state` IN ('3','4','5') AND `shopid` = 13  [ RunTime:0.0020s ]

[ 2017-10-24T17:22:33+10:30 ] 192.168.2.122 /tp/index.php/server/user/shopmesa
INFO: [ app_init ] --START--
INFO: Run Behavior\BuildLiteBehavior [ RunTime:0.000000s ]
INFO: [ app_init ] --END-- [ RunTime:0.000000s ]
INFO: [ app_begin ] --START--
INFO: Run Behavior\ReadHtmlCacheBehavior [ RunTime:0.001000s ]
INFO: [ app_begin ] --END-- [ RunTime:0.001000s ]
SQL: SHOW COLUMNS FROM `et_shopmessage` [ RunTime:0.0060s ]
SQL: SELECT `lmoney`,`content`,`gotime`,`long`,`maxprice`,`maxmoney`,`maxlong`,`lkmoney`,`shophead`,`shopphoto`,`shopname`,`state`,`coordinate`,`detailed_address`,`mobile` FROM `et_shopmessage` WHERE `shopid` = 13 LIMIT 1   [ RunTime:0.0010s ]
SQL: SHOW COLUMNS FROM `et_mingxi` [ RunTime:0.0060s ]
SQL: SELECT * FROM `et_mingxi` WHERE `addtime` BETWEEN '2017-10-24 00:00:00' AND '2017-10-24 17:22:33' AND `shopid` = 13 AND `flag` = 1  [ RunTime:0.0010s ]
SQL: SHOW COLUMNS FROM `et_orders` [ RunTime:0.0070s ]
SQL: SELECT * FROM `et_orders` WHERE `addtime` BETWEEN '2017-10-24 00:00:00' AND '2017-10-24 17:22:33' AND `state` IN ('3','4','5') AND `shopid` = 13  [ RunTime:0.0010s ]

[ 2017-10-24T17:22:48+10:30 ] 192.168.2.122 /tp/index.php/server/shop/editlmoney
INFO: [ app_init ] --START--
INFO: Run Behavior\BuildLiteBehavior [ RunTime:0.000000s ]
INFO: [ app_init ] --END-- [ RunTime:0.001000s ]
INFO: [ app_begin ] --START--
INFO: Run Behavior\ReadHtmlCacheBehavior [ RunTime:0.001000s ]
INFO: [ app_begin ] --END-- [ RunTime:0.001000s ]
SQL: SHOW COLUMNS FROM `et_shopmessage` [ RunTime:0.0070s ]
SQL: UPDATE `et_shopmessage` SET `lmoney`='12' WHERE `shopid` = 13 [ RunTime:0.0020s ]

[ 2017-10-24T17:22:49+10:30 ] 192.168.2.122 /tp/index.php/server/user/shopmesa
INFO: [ app_init ] --START--
INFO: Run Behavior\BuildLiteBehavior [ RunTime:0.000000s ]
INFO: [ app_init ] --END-- [ RunTime:0.000000s ]
INFO: [ app_begin ] --START--
INFO: Run Behavior\ReadHtmlCacheBehavior [ RunTime:0.001000s ]
INFO: [ app_begin ] --END-- [ RunTime:0.001000s ]
SQL: SHOW COLUMNS FROM `et_shopmessage` [ RunTime:0.0070s ]
SQL: SELECT `lmoney`,`content`,`gotime`,`long`,`maxprice`,`maxmoney`,`maxlong`,`lkmoney`,`shophead`,`shopphoto`,`shopname`,`state`,`coordinate`,`detailed_address`,`mobile` FROM `et_shopmessage` WHERE `shopid` = 13 LIMIT 1   [ RunTime:0.0000s ]
SQL: SHOW COLUMNS FROM `et_mingxi` [ RunTime:0.0060s ]
SQL: SELECT * FROM `et_mingxi` WHERE `addtime` BETWEEN '2017-10-24 00:00:00' AND '2017-10-24 17:22:49' AND `shopid` = 13 AND `flag` = 1  [ RunTime:0.0010s ]
SQL: SHOW COLUMNS FROM `et_orders` [ RunTime:0.0080s ]
SQL: SELECT * FROM `et_orders` WHERE `addtime` BETWEEN '2017-10-24 00:00:00' AND '2017-10-24 17:22:49' AND `state` IN ('3','4','5') AND `shopid` = 13  [ RunTime:0.0020s ]

[ 2017-10-24T17:22:50+10:30 ] 192.168.2.122 /tp/index.php/server/user/shopmesa
INFO: [ app_init ] --START--
INFO: Run Behavior\BuildLiteBehavior [ RunTime:0.000000s ]
INFO: [ app_init ] --END-- [ RunTime:0.001000s ]
INFO: [ app_begin ] --START--
INFO: Run Behavior\ReadHtmlCacheBehavior [ RunTime:0.001000s ]
INFO: [ app_begin ] --END-- [ RunTime:0.001000s ]
SQL: SHOW COLUMNS FROM `et_shopmessage` [ RunTime:0.0070s ]
SQL: SELECT `lmoney`,`content`,`gotime`,`long`,`maxprice`,`maxmoney`,`maxlong`,`lkmoney`,`shophead`,`shopphoto`,`shopname`,`state`,`coordinate`,`detailed_address`,`mobile` FROM `et_shopmessage` WHERE `shopid` = 13 LIMIT 1   [ RunTime:0.0010s ]
SQL: SHOW COLUMNS FROM `et_mingxi` [ RunTime:0.0060s ]
SQL: SELECT * FROM `et_mingxi` WHERE `addtime` BETWEEN '2017-10-24 00:00:00' AND '2017-10-24 17:22:50' AND `shopid` = 13 AND `flag` = 1  [ RunTime:0.0010s ]
SQL: SHOW COLUMNS FROM `et_orders` [ RunTime:0.0070s ]
SQL: SELECT * FROM `et_orders` WHERE `addtime` BETWEEN '2017-10-24 00:00:00' AND '2017-10-24 17:22:50' AND `state` IN ('3','4','5') AND `shopid` = 13  [ RunTime:0.0020s ]

[ 2017-10-24T17:22:52+10:30 ] 192.168.2.122 /tp/index.php/server/user/shopmesa
INFO: [ app_init ] --START--
INFO: Run Behavior\BuildLiteBehavior [ RunTime:0.000000s ]
INFO: [ app_init ] --END-- [ RunTime:0.000000s ]
INFO: [ app_begin ] --START--
INFO: Run Behavior\ReadHtmlCacheBehavior [ RunTime:0.001000s ]
INFO: [ app_begin ] --END-- [ RunTime:0.001000s ]
SQL: SHOW COLUMNS FROM `et_shopmessage` [ RunTime:0.0070s ]
SQL: SELECT `lmoney`,`content`,`gotime`,`long`,`maxprice`,`maxmoney`,`maxlong`,`lkmoney`,`shophead`,`shopphoto`,`shopname`,`state`,`coordinate`,`detailed_address`,`mobile` FROM `et_shopmessage` WHERE `shopid` = 13 LIMIT 1   [ RunTime:0.0010s ]
SQL: SHOW COLUMNS FROM `et_mingxi` [ RunTime:0.0070s ]
SQL: SELECT * FROM `et_mingxi` WHERE `addtime` BETWEEN '2017-10-24 00:00:00' AND '2017-10-24 17:22:52' AND `shopid` = 13 AND `flag` = 1  [ RunTime:0.0010s ]
SQL: SHOW COLUMNS FROM `et_orders` [ RunTime:0.0070s ]
SQL: SELECT * FROM `et_orders` WHERE `addtime` BETWEEN '2017-10-24 00:00:00' AND '2017-10-24 17:22:52' AND `state` IN ('3','4','5') AND `shopid` = 13  [ RunTime:0.0020s ]

[ 2017-10-24T17:24:01+10:30 ] 192.168.2.122 /tp/index.php/server/user/shopmesa
INFO: [ app_init ] --START--
INFO: Run Behavior\BuildLiteBehavior [ RunTime:0.000000s ]
INFO: [ app_init ] --END-- [ RunTime:0.001000s ]
INFO: [ app_begin ] --START--
INFO: Run Behavior\ReadHtmlCacheBehavior [ RunTime:0.000000s ]
INFO: [ app_begin ] --END-- [ RunTime:0.001001s ]
SQL: SHOW COLUMNS FROM `et_shopmessage` [ RunTime:0.0080s ]
SQL: SELECT `lmoney`,`content`,`gotime`,`long`,`maxprice`,`maxmoney`,`maxlong`,`lkmoney`,`shophead`,`shopphoto`,`shopname`,`state`,`coordinate`,`detailed_address`,`mobile` FROM `et_shopmessage` WHERE `shopid` = 13 LIMIT 1   [ RunTime:0.0000s ]
SQL: SHOW COLUMNS FROM `et_mingxi` [ RunTime:0.0080s ]
SQL: SELECT * FROM `et_mingxi` WHERE `addtime` BETWEEN '2017-10-24 00:00:00' AND '2017-10-24 17:24:01' AND `shopid` = 13 AND `flag` = 1  [ RunTime:0.0010s ]
SQL: SHOW COLUMNS FROM `et_orders` [ RunTime:0.0090s ]
SQL: SELECT * FROM `et_orders` WHERE `addtime` BETWEEN '2017-10-24 00:00:00' AND '2017-10-24 17:24:01' AND `state` IN ('3','4','5') AND `shopid` = 13  [ RunTime:0.0010s ]

[ 2017-10-24T17:24:02+10:30 ] 192.168.2.122 /tp/index.php/server/user/editstate
INFO: [ app_init ] --START--
INFO: Run Behavior\BuildLiteBehavior [ RunTime:0.000000s ]
INFO: [ app_init ] --END-- [ RunTime:0.000000s ]
INFO: [ app_begin ] --START--
INFO: Run Behavior\ReadHtmlCacheBehavior [ RunTime:0.000000s ]
INFO: [ app_begin ] --END-- [ RunTime:0.000000s ]
SQL: SHOW COLUMNS FROM `et_shopmessage` [ RunTime:0.0070s ]
SQL: UPDATE `et_shopmessage` SET `state`='1' WHERE `shopid` = 13 [ RunTime:0.0030s ]

[ 2017-10-24T17:25:25+10:30 ] 192.168.2.122 /tp/index.php/server/user/shopmesa
INFO: [ app_init ] --START--
INFO: Run Behavior\BuildLiteBehavior [ RunTime:0.001000s ]
INFO: [ app_init ] --END-- [ RunTime:0.001000s ]
INFO: [ app_begin ] --START--
INFO: Run Behavior\ReadHtmlCacheBehavior [ RunTime:0.001000s ]
INFO: [ app_begin ] --END-- [ RunTime:0.001000s ]
SQL: SHOW COLUMNS FROM `et_shopmessage` [ RunTime:0.0070s ]
SQL: SELECT `lmoney`,`content`,`gotime`,`long`,`maxprice`,`maxmoney`,`maxlong`,`lkmoney`,`shophead`,`shopphoto`,`shopname`,`state`,`coordinate`,`detailed_address`,`mobile` FROM `et_shopmessage` WHERE `shopid` = 13 LIMIT 1   [ RunTime:0.0010s ]
SQL: SHOW COLUMNS FROM `et_mingxi` [ RunTime:0.0070s ]
SQL: SELECT * FROM `et_mingxi` WHERE `addtime` BETWEEN '2017-10-24 00:00:00' AND '2017-10-24 17:25:25' AND `shopid` = 13 AND `flag` = 1  [ RunTime:0.0010s ]
SQL: SHOW COLUMNS FROM `et_orders` [ RunTime:0.0080s ]
SQL: SELECT * FROM `et_orders` WHERE `addtime` BETWEEN '2017-10-24 00:00:00' AND '2017-10-24 17:25:25' AND `state` IN ('3','4','5') AND `shopid` = 13  [ RunTime:0.0010s ]

[ 2017-10-24T18:10:58+10:30 ] 192.168.2.122 /tp/index.php/server/user/shopmesa
INFO: [ app_init ] --START--
INFO: Run Behavior\BuildLiteBehavior [ RunTime:0.000000s ]
INFO: [ app_init ] --END-- [ RunTime:0.000000s ]
INFO: [ app_begin ] --START--
INFO: Run Behavior\ReadHtmlCacheBehavior [ RunTime:0.001000s ]
INFO: [ app_begin ] --END-- [ RunTime:0.001000s ]
SQL: SHOW COLUMNS FROM `et_shopmessage` [ RunTime:0.0070s ]
SQL: SELECT `lmoney`,`content`,`gotime`,`long`,`maxprice`,`maxmoney`,`maxlong`,`lkmoney`,`shophead`,`shopphoto`,`shopname`,`state`,`coordinate`,`detailed_address`,`mobile` FROM `et_shopmessage` WHERE `shopid` = 13 LIMIT 1   [ RunTime:0.0000s ]
SQL: SHOW COLUMNS FROM `et_mingxi` [ RunTime:0.0250s ]
SQL: SELECT * FROM `et_mingxi` WHERE `addtime` BETWEEN '2017-10-24 00:00:00' AND '2017-10-24 18:10:58' AND `shopid` = 13 AND `flag` = 1  [ RunTime:0.0020s ]
SQL: SHOW COLUMNS FROM `et_orders` [ RunTime:0.0070s ]
SQL: SELECT * FROM `et_orders` WHERE `addtime` BETWEEN '2017-10-24 00:00:00' AND '2017-10-24 18:10:58' AND `state` IN ('3','4','5') AND `shopid` = 13  [ RunTime:0.0010s ]

[ 2017-10-24T18:10:59+10:30 ] 192.168.2.122 /tp/index.php/server/user/editstate
INFO: [ app_init ] --START--
INFO: Run Behavior\BuildLiteBehavior [ RunTime:0.000000s ]
INFO: [ app_init ] --END-- [ RunTime:0.001000s ]
INFO: [ app_begin ] --START--
INFO: Run Behavior\ReadHtmlCacheBehavior [ RunTime:0.000000s ]
INFO: [ app_begin ] --END-- [ RunTime:0.000000s ]
SQL: SHOW COLUMNS FROM `et_shopmessage` [ RunTime:0.0070s ]
SQL: UPDATE `et_shopmessage` SET `state`='2' WHERE `shopid` = 13 [ RunTime:0.0020s ]

[ 2017-10-24T18:11:00+10:30 ] 192.168.2.122 /tp/index.php/server/user/editstate
INFO: [ app_init ] --START--
INFO: Run Behavior\BuildLiteBehavior [ RunTime:0.000000s ]
INFO: [ app_init ] --END-- [ RunTime:0.001001s ]
INFO: [ app_begin ] --START--
INFO: Run Behavior\ReadHtmlCacheBehavior [ RunTime:0.000000s ]
INFO: [ app_begin ] --END-- [ RunTime:0.000000s ]
SQL: SHOW COLUMNS FROM `et_shopmessage` [ RunTime:0.0060s ]
SQL: UPDATE `et_shopmessage` SET `state`='1' WHERE `shopid` = 13 [ RunTime:0.0020s ]

[ 2017-10-24T18:11:59+10:30 ] 192.168.2.122 /tp/index.php/server/user/shopmesa
INFO: [ app_init ] --START--
INFO: Run Behavior\BuildLiteBehavior [ RunTime:0.000000s ]
INFO: [ app_init ] --END-- [ RunTime:0.001001s ]
INFO: [ app_begin ] --START--
INFO: Run Behavior\ReadHtmlCacheBehavior [ RunTime:0.001000s ]
INFO: [ app_begin ] --END-- [ RunTime:0.001000s ]
SQL: SHOW COLUMNS FROM `et_shopmessage` [ RunTime:0.0080s ]
SQL: SELECT `lmoney`,`content`,`gotime`,`long`,`maxprice`,`maxmoney`,`maxlong`,`lkmoney`,`shophead`,`shopphoto`,`shopname`,`state`,`coordinate`,`detailed_address`,`mobile` FROM `et_shopmessage` WHERE `shopid` = 13 LIMIT 1   [ RunTime:0.0010s ]
SQL: SHOW COLUMNS FROM `et_mingxi` [ RunTime:0.0070s ]
SQL: SELECT * FROM `et_mingxi` WHERE `addtime` BETWEEN '2017-10-24 00:00:00' AND '2017-10-24 18:11:59' AND `shopid` = 13 AND `flag` = 1  [ RunTime:0.0010s ]
SQL: SHOW COLUMNS FROM `et_orders` [ RunTime:0.0070s ]
SQL: SELECT * FROM `et_orders` WHERE `addtime` BETWEEN '2017-10-24 00:00:00' AND '2017-10-24 18:11:59' AND `state` IN ('3','4','5') AND `shopid` = 13  [ RunTime:0.0010s ]

[ 2017-10-24T18:12:00+10:30 ] 192.168.2.122 /tp/index.php/server/shop/categorylist
INFO: [ app_init ] --START--
INFO: Run Behavior\BuildLiteBehavior [ RunTime:0.000000s ]
INFO: [ app_init ] --END-- [ RunTime:0.000000s ]
INFO: [ app_begin ] --START--
INFO: Run Behavior\ReadHtmlCacheBehavior [ RunTime:0.001000s ]
INFO: [ app_begin ] --END-- [ RunTime:0.001000s ]
SQL: SHOW COLUMNS FROM `et_category` [ RunTime:0.0610s ]
SQL: SELECT `cid`,`cname` FROM `et_category` WHERE `shopid` = 13  [ RunTime:0.0000s ]
SQL: SHOW COLUMNS FROM `et_shopgoods` [ RunTime:0.0220s ]
SQL: SELECT * FROM `et_shopgoods` WHERE `shopid` = 13 AND `cid` = 140  [ RunTime:0.0160s ]
SQL: SELECT * FROM `et_shopgoods` WHERE `shopid` = 13 AND `cid` = 141  [ RunTime:0.0020s ]
SQL: SELECT * FROM `et_shopgoods` WHERE `shopid` = 13 AND `cid` = 305  [ RunTime:0.0020s ]

[ 2017-10-24T18:12:02+10:30 ] 192.168.2.122 /tp/index.php/server/shop/menugoods
INFO: [ app_init ] --START--
INFO: Run Behavior\BuildLiteBehavior [ RunTime:0.000000s ]
INFO: [ app_init ] --END-- [ RunTime:0.001000s ]
INFO: [ app_begin ] --START--
INFO: Run Behavior\ReadHtmlCacheBehavior [ RunTime:0.000000s ]
INFO: [ app_begin ] --END-- [ RunTime:0.001000s ]
SQL: SHOW COLUMNS FROM `et_shopgoods` [ RunTime:0.0090s ]
SQL: SELECT * FROM `et_shopgoods` WHERE `shopid` = 13 AND `cid` = 140  [ RunTime:0.0030s ]

[ 2017-10-24T18:12:02+10:30 ] 192.168.2.122 /tp/index.php/server/shop/menugoods
INFO: [ app_init ] --START--
INFO: Run Behavior\BuildLiteBehavior [ RunTime:0.000000s ]
INFO: [ app_init ] --END-- [ RunTime:0.001000s ]
INFO: [ app_begin ] --START--
INFO: Run Behavior\ReadHtmlCacheBehavior [ RunTime:0.002000s ]
INFO: [ app_begin ] --END-- [ RunTime:0.002000s ]
SQL: SHOW COLUMNS FROM `et_shopgoods` [ RunTime:0.0080s ]
SQL: SELECT * FROM `et_shopgoods` WHERE `shopid` = 13 AND `cid` = 140  [ RunTime:0.0020s ]

[ 2017-10-24T18:16:52+10:30 ] 192.168.2.122 /tp/index.php/server/shop/menugoods
INFO: [ app_init ] --START--
INFO: Run Behavior\BuildLiteBehavior [ RunTime:0.000000s ]
INFO: [ app_init ] --END-- [ RunTime:0.000000s ]
INFO: [ app_begin ] --START--
INFO: Run Behavior\ReadHtmlCacheBehavior [ RunTime:0.001000s ]
INFO: [ app_begin ] --END-- [ RunTime:0.001000s ]
SQL: SHOW COLUMNS FROM `et_shopgoods` [ RunTime:0.0060s ]
SQL: SELECT * FROM `et_shopgoods` WHERE `shopid` = 13 AND `cid` = 140  [ RunTime:0.0030s ]

[ 2017-10-24T18:20:25+10:30 ] 192.168.2.122 /tp/index.php/server/shop/menugoods
INFO: [ app_init ] --START--
INFO: Run Behavior\BuildLiteBehavior [ RunTime:0.000000s ]
INFO: [ app_init ] --END-- [ RunTime:0.001000s ]
INFO: [ app_begin ] --START--
INFO: Run Behavior\ReadHtmlCacheBehavior [ RunTime:0.000000s ]
INFO: [ app_begin ] --END-- [ RunTime:0.000000s ]
SQL: SHOW COLUMNS FROM `et_shopgoods` [ RunTime:0.0070s ]
SQL: SELECT * FROM `et_shopgoods` WHERE `shopid` = 13 AND `cid` = 140  [ RunTime:0.0030s ]

[ 2017-10-24T18:23:35+10:30 ] 192.168.2.122 /tp/index.php/server/shop/menugoods
INFO: [ app_init ] --START--
INFO: Run Behavior\BuildLiteBehavior [ RunTime:0.000000s ]
INFO: [ app_init ] --END-- [ RunTime:0.000000s ]
INFO: [ app_begin ] --START--
INFO: Run Behavior\ReadHtmlCacheBehavior [ RunTime:0.001000s ]
INFO: [ app_begin ] --END-- [ RunTime:0.002000s ]
SQL: SHOW COLUMNS FROM `et_shopgoods` [ RunTime:0.0060s ]
SQL: SELECT * FROM `et_shopgoods` WHERE `shopid` = 13 AND `cid` = 140  [ RunTime:0.0020s ]

[ 2017-10-24T18:26:36+10:30 ] 192.168.2.122 /tp/index.php/server/shop/menugoods
INFO: [ app_init ] --START--
INFO: Run Behavior\BuildLiteBehavior [ RunTime:0.000000s ]
INFO: [ app_init ] --END-- [ RunTime:0.001000s ]
INFO: [ app_begin ] --START--
INFO: Run Behavior\ReadHtmlCacheBehavior [ RunTime:0.001001s ]
INFO: [ app_begin ] --END-- [ RunTime:0.001001s ]
SQL: SHOW COLUMNS FROM `et_shopgoods` [ RunTime:0.0060s ]
SQL: SELECT * FROM `et_shopgoods` WHERE `shopid` = 13 AND `cid` = 140  [ RunTime:0.0030s ]

[ 2017-10-24T18:26:37+10:30 ] 192.168.2.122 /tp/index.php/server/user/shopmesa
INFO: [ app_init ] --START--
INFO: Run Behavior\BuildLiteBehavior [ RunTime:0.000000s ]
INFO: [ app_init ] --END-- [ RunTime:0.001000s ]
INFO: [ app_begin ] --START--
INFO: Run Behavior\ReadHtmlCacheBehavior [ RunTime:0.001001s ]
INFO: [ app_begin ] --END-- [ RunTime:0.001001s ]
SQL: SHOW COLUMNS FROM `et_shopmessage` [ RunTime:0.0060s ]
SQL: SELECT `lmoney`,`content`,`gotime`,`long`,`maxprice`,`maxmoney`,`maxlong`,`lkmoney`,`shophead`,`shopphoto`,`shopname`,`state`,`coordinate`,`detailed_address`,`mobile` FROM `et_shopmessage` WHERE `shopid` = 13 LIMIT 1   [ RunTime:0.0010s ]
SQL: SHOW COLUMNS FROM `et_mingxi` [ RunTime:0.0060s ]
SQL: SELECT * FROM `et_mingxi` WHERE `addtime` BETWEEN '2017-10-24 00:00:00' AND '2017-10-24 18:26:37' AND `shopid` = 13 AND `flag` = 1  [ RunTime:0.0010s ]
SQL: SHOW COLUMNS FROM `et_orders` [ RunTime:0.0070s ]
SQL: SELECT * FROM `et_orders` WHERE `addtime` BETWEEN '2017-10-24 00:00:00' AND '2017-10-24 18:26:37' AND `state` IN ('3','4','5') AND `shopid` = 13  [ RunTime:0.0010s ]

[ 2017-10-24T18:26:37+10:30 ] 192.168.2.122 /tp/index.php/server/shop/categorylist
INFO: [ app_init ] --START--
INFO: Run Behavior\BuildLiteBehavior [ RunTime:0.000000s ]
INFO: [ app_init ] --END-- [ RunTime:0.001000s ]
INFO: [ app_begin ] --START--
INFO: Run Behavior\ReadHtmlCacheBehavior [ RunTime:0.001000s ]
INFO: [ app_begin ] --END-- [ RunTime:0.001000s ]
SQL: SHOW COLUMNS FROM `et_category` [ RunTime:0.0070s ]
SQL: SELECT `cid`,`cname` FROM `et_category` WHERE `shopid` = 13  [ RunTime:0.0000s ]
SQL: SHOW COLUMNS FROM `et_shopgoods` [ RunTime:0.0060s ]
SQL: SELECT * FROM `et_shopgoods` WHERE `shopid` = 13 AND `cid` = 140  [ RunTime:0.0020s ]
SQL: SELECT * FROM `et_shopgoods` WHERE `shopid` = 13 AND `cid` = 141  [ RunTime:0.0020s ]
SQL: SELECT * FROM `et_shopgoods` WHERE `shopid` = 13 AND `cid` = 305  [ RunTime:0.0020s ]

[ 2017-10-24T18:26:58+10:30 ] 192.168.2.122 /tp/index.php/server/order/norderlist
INFO: [ app_init ] --START--
INFO: Run Behavior\BuildLiteBehavior [ RunTime:0.000000s ]
INFO: [ app_init ] --END-- [ RunTime:0.000000s ]
INFO: [ app_begin ] --START--
INFO: Run Behavior\ReadHtmlCacheBehavior [ RunTime:0.001000s ]
INFO: [ app_begin ] --END-- [ RunTime:0.001000s ]
SQL: SHOW COLUMNS FROM `et_orders` [ RunTime:0.0060s ]
SQL: SELECT * FROM `et_orders` WHERE `state` IN ('1','2') AND `shopid` = 13 AND `statu` = 2  [ RunTime:0.0010s ]
SQL: SHOW COLUMNS FROM `et_ordergoods` [ RunTime:0.0060s ]
SQL: SELECT * FROM `et_ordergoods` WHERE `orderid` = '1508831791'  [ RunTime:0.0030s ]
SQL: SHOW COLUMNS FROM `et_shopgoods` [ RunTime:0.0070s ]
SQL: SELECT `goodsname`,`goodsprice` FROM `et_shopgoods` WHERE `goodsid` = 146 LIMIT 1   [ RunTime:0.0010s ]

[ 2017-10-24T18:27:14+10:30 ] 192.168.2.122 /tp/index.php/server/order/queren
INFO: [ app_init ] --START--
INFO: Run Behavior\BuildLiteBehavior [ RunTime:0.000000s ]
INFO: [ app_init ] --END-- [ RunTime:0.000000s ]
INFO: [ app_begin ] --START--
INFO: Run Behavior\ReadHtmlCacheBehavior [ RunTime:0.001000s ]
INFO: [ app_begin ] --END-- [ RunTime:0.001000s ]
SQL: SHOW COLUMNS FROM `et_orders` [ RunTime:0.0060s ]
SQL: SELECT * FROM `et_orders` WHERE `orderid` = '1508831791' LIMIT 1   [ RunTime:0.0010s ]
SQL: UPDATE `et_orders` SET `state`='2',`aftertime`='2017-10-24 19:17:13' WHERE `orderid` = '1508831791' AND `statu` = 2 [ RunTime:0.0370s ]

[ 2017-10-24T18:29:46+10:30 ] 192.168.2.122 /tp/index.php/server/user/shopmesa
INFO: [ app_init ] --START--
INFO: Run Behavior\BuildLiteBehavior [ RunTime:0.000000s ]
INFO: [ app_init ] --END-- [ RunTime:0.000000s ]
INFO: [ app_begin ] --START--
INFO: Run Behavior\ReadHtmlCacheBehavior [ RunTime:0.001000s ]
INFO: [ app_begin ] --END-- [ RunTime:0.001000s ]
SQL: SHOW COLUMNS FROM `et_shopmessage` [ RunTime:0.0060s ]
SQL: SELECT `lmoney`,`content`,`gotime`,`long`,`maxprice`,`maxmoney`,`maxlong`,`lkmoney`,`shophead`,`shopphoto`,`shopname`,`state`,`coordinate`,`detailed_address`,`mobile` FROM `et_shopmessage` WHERE `shopid` = 13 LIMIT 1   [ RunTime:0.0010s ]
SQL: SHOW COLUMNS FROM `et_mingxi` [ RunTime:0.0070s ]
SQL: SELECT * FROM `et_mingxi` WHERE `addtime` BETWEEN '2017-10-24 00:00:00' AND '2017-10-24 18:29:46' AND `shopid` = 13 AND `flag` = 1  [ RunTime:0.0010s ]
SQL: SHOW COLUMNS FROM `et_orders` [ RunTime:0.0060s ]
SQL: SELECT * FROM `et_orders` WHERE `addtime` BETWEEN '2017-10-24 00:00:00' AND '2017-10-24 18:29:46' AND `state` IN ('3','4','5') AND `shopid` = 13  [ RunTime:0.0010s ]

[ 2017-10-24T18:29:46+10:30 ] 192.168.2.122 /tp/index.php/server/shop/categorylist
INFO: [ app_init ] --START--
INFO: Run Behavior\BuildLiteBehavior [ RunTime:0.000000s ]
INFO: [ app_init ] --END-- [ RunTime:0.000000s ]
INFO: [ app_begin ] --START--
INFO: Run Behavior\ReadHtmlCacheBehavior [ RunTime:0.001000s ]
INFO: [ app_begin ] --END-- [ RunTime:0.001000s ]
SQL: SHOW COLUMNS FROM `et_category` [ RunTime:0.0080s ]
SQL: SELECT `cid`,`cname` FROM `et_category` WHERE `shopid` = 13  [ RunTime:0.0010s ]
SQL: SHOW COLUMNS FROM `et_shopgoods` [ RunTime:0.0130s ]
SQL: SELECT * FROM `et_shopgoods` WHERE `shopid` = 13 AND `cid` = 140  [ RunTime:0.0050s ]
SQL: SELECT * FROM `et_shopgoods` WHERE `shopid` = 13 AND `cid` = 141  [ RunTime:0.0050s ]
SQL: SELECT * FROM `et_shopgoods` WHERE `shopid` = 13 AND `cid` = 305  [ RunTime:0.0060s ]

[ 2017-10-24T18:29:47+10:30 ] 192.168.2.122 /tp/index.php/server/order/norderlist
INFO: [ app_init ] --START--
INFO: Run Behavior\BuildLiteBehavior [ RunTime:0.000000s ]
INFO: [ app_init ] --END-- [ RunTime:0.001000s ]
INFO: [ app_begin ] --START--
INFO: Run Behavior\ReadHtmlCacheBehavior [ RunTime:0.000000s ]
INFO: [ app_begin ] --END-- [ RunTime:0.000000s ]
SQL: SHOW COLUMNS FROM `et_orders` [ RunTime:0.0070s ]
SQL: SELECT * FROM `et_orders` WHERE `state` IN ('1','2') AND `shopid` = 13 AND `statu` = 2  [ RunTime:0.0010s ]
SQL: SHOW COLUMNS FROM `et_ordergoods` [ RunTime:0.0080s ]
SQL: SELECT * FROM `et_ordergoods` WHERE `orderid` = '1508831791'  [ RunTime:0.0030s ]
SQL: SHOW COLUMNS FROM `et_shopgoods` [ RunTime:0.0070s ]
SQL: SELECT `goodsname`,`goodsprice` FROM `et_shopgoods` WHERE `goodsid` = 146 LIMIT 1   [ RunTime:0.0010s ]
SQL: SELECT * FROM `et_ordergoods` WHERE `orderid` = '1508831984'  [ RunTime:0.0020s ]
SQL: SELECT `goodsname`,`goodsprice` FROM `et_shopgoods` WHERE `goodsid` = 146 LIMIT 1   [ RunTime:0.0000s ]

[ 2017-10-24T18:29:53+10:30 ] 192.168.2.122 /tp/index.php/server/order/queren
INFO: [ app_init ] --START--
INFO: Run Behavior\BuildLiteBehavior [ RunTime:0.000000s ]
INFO: [ app_init ] --END-- [ RunTime:0.001001s ]
INFO: [ app_begin ] --START--
INFO: Run Behavior\ReadHtmlCacheBehavior [ RunTime:0.000000s ]
INFO: [ app_begin ] --END-- [ RunTime:0.000000s ]
SQL: SHOW COLUMNS FROM `et_orders` [ RunTime:0.0060s ]
SQL: SELECT * FROM `et_orders` WHERE `orderid` = '1508831984' LIMIT 1   [ RunTime:0.0010s ]

[ 2017-10-24T18:29:56+10:30 ] 192.168.2.122 /tp/index.php/server/order/queren
INFO: [ app_init ] --START--
INFO: Run Behavior\BuildLiteBehavior [ RunTime:0.000000s ]
INFO: [ app_init ] --END-- [ RunTime:0.001000s ]
INFO: [ app_begin ] --START--
INFO: Run Behavior\ReadHtmlCacheBehavior [ RunTime:0.000000s ]
INFO: [ app_begin ] --END-- [ RunTime:0.000000s ]
SQL: SHOW COLUMNS FROM `et_orders` [ RunTime:0.0070s ]
SQL: SELECT * FROM `et_orders` WHERE `orderid` = '1508831984' LIMIT 1   [ RunTime:0.0010s ]

[ 2017-10-24T18:29:59+10:30 ] 192.168.2.122 /tp/index.php/server/order/queren
INFO: [ app_init ] --START--
INFO: Run Behavior\BuildLiteBehavior [ RunTime:0.000000s ]
INFO: [ app_init ] --END-- [ RunTime:0.001000s ]
INFO: [ app_begin ] --START--
INFO: Run Behavior\ReadHtmlCacheBehavior [ RunTime:0.000000s ]
INFO: [ app_begin ] --END-- [ RunTime:0.000000s ]
SQL: SHOW COLUMNS FROM `et_orders` [ RunTime:0.0080s ]
SQL: SELECT * FROM `et_orders` WHERE `orderid` = '1508831984' LIMIT 1   [ RunTime:0.0010s ]

[ 2017-10-24T18:30:03+10:30 ] 192.168.2.122 /tp/index.php/server/order/queren
INFO: [ app_init ] --START--
INFO: Run Behavior\BuildLiteBehavior [ RunTime:0.000000s ]
INFO: [ app_init ] --END-- [ RunTime:0.001000s ]
INFO: [ app_begin ] --START--
INFO: Run Behavior\ReadHtmlCacheBehavior [ RunTime:0.001000s ]
INFO: [ app_begin ] --END-- [ RunTime:0.001000s ]
SQL: SHOW COLUMNS FROM `et_orders` [ RunTime:0.0090s ]
SQL: SELECT * FROM `et_orders` WHERE `orderid` = '1508831984' LIMIT 1   [ RunTime:0.0010s ]

[ 2017-10-24T18:30:03+10:30 ] 192.168.2.122 /tp/index.php/server/order/queren
INFO: [ app_init ] --START--
INFO: Run Behavior\BuildLiteBehavior [ RunTime:0.000000s ]
INFO: [ app_init ] --END-- [ RunTime:0.001000s ]
INFO: [ app_begin ] --START--
INFO: Run Behavior\ReadHtmlCacheBehavior [ RunTime:0.001001s ]
INFO: [ app_begin ] --END-- [ RunTime:0.001001s ]
SQL: SHOW COLUMNS FROM `et_orders` [ RunTime:0.0100s ]
SQL: SELECT * FROM `et_orders` WHERE `orderid` = '1508831984' LIMIT 1   [ RunTime:0.0010s ]

[ 2017-10-24T18:30:04+10:30 ] 192.168.2.122 /tp/index.php/server/order/queren
INFO: [ app_init ] --START--
INFO: Run Behavior\BuildLiteBehavior [ RunTime:0.000000s ]
INFO: [ app_init ] --END-- [ RunTime:0.000000s ]
INFO: [ app_begin ] --START--
INFO: Run Behavior\ReadHtmlCacheBehavior [ RunTime:0.001000s ]
INFO: [ app_begin ] --END-- [ RunTime:0.001000s ]
SQL: SHOW COLUMNS FROM `et_orders` [ RunTime:0.0070s ]
SQL: SELECT * FROM `et_orders` WHERE `orderid` = '1508831984' LIMIT 1   [ RunTime:0.0010s ]

[ 2017-10-24T18:30:04+10:30 ] 192.168.2.122 /tp/index.php/server/order/queren
INFO: [ app_init ] --START--
INFO: Run Behavior\BuildLiteBehavior [ RunTime:0.000000s ]
INFO: [ app_init ] --END-- [ RunTime:0.001000s ]
INFO: [ app_begin ] --START--
INFO: Run Behavior\ReadHtmlCacheBehavior [ RunTime:0.000000s ]
INFO: [ app_begin ] --END-- [ RunTime:0.000000s ]
SQL: SHOW COLUMNS FROM `et_orders` [ RunTime:0.0060s ]
SQL: SELECT * FROM `et_orders` WHERE `orderid` = '1508831984' LIMIT 1   [ RunTime:0.0010s ]

[ 2017-10-24T18:30:34+10:30 ] 192.168.2.122 /tp/index.php/server/order/norderlist
INFO: [ app_init ] --START--
INFO: Run Behavior\BuildLiteBehavior [ RunTime:0.000000s ]
INFO: [ app_init ] --END-- [ RunTime:0.000000s ]
INFO: [ app_begin ] --START--
INFO: Run Behavior\ReadHtmlCacheBehavior [ RunTime:0.001000s ]
INFO: [ app_begin ] --END-- [ RunTime:0.001000s ]
SQL: SHOW COLUMNS FROM `et_orders` [ RunTime:0.0060s ]
SQL: SELECT * FROM `et_orders` WHERE `state` IN ('1','2') AND `shopid` = 13 AND `statu` = 2  [ RunTime:0.0010s ]
SQL: SHOW COLUMNS FROM `et_ordergoods` [ RunTime:0.0090s ]
SQL: SELECT * FROM `et_ordergoods` WHERE `orderid` = '1508831791'  [ RunTime:0.0020s ]
SQL: SHOW COLUMNS FROM `et_shopgoods` [ RunTime:0.0060s ]
SQL: SELECT `goodsname`,`goodsprice` FROM `et_shopgoods` WHERE `goodsid` = 146 LIMIT 1   [ RunTime:0.0010s ]
SQL: SELECT * FROM `et_ordergoods` WHERE `orderid` = '1508831984'  [ RunTime:0.0020s ]
SQL: SELECT `goodsname`,`goodsprice` FROM `et_shopgoods` WHERE `goodsid` = 146 LIMIT 1   [ RunTime:0.0000s ]

[ 2017-10-24T18:30:34+10:30 ] 192.168.2.122 /tp/index.php/server/order/yorderlist
INFO: [ app_init ] --START--
INFO: Run Behavior\BuildLiteBehavior [ RunTime:0.000000s ]
INFO: [ app_init ] --END-- [ RunTime:0.001000s ]
INFO: [ app_begin ] --START--
INFO: Run Behavior\ReadHtmlCacheBehavior [ RunTime:0.000000s ]
INFO: [ app_begin ] --END-- [ RunTime:0.000000s ]
SQL: SHOW COLUMNS FROM `et_orders` [ RunTime:0.0070s ]
SQL: SELECT * FROM `et_orders` WHERE ( (statu = 2 and state in (3,4,5)) or (statu in (1,3) and state in (1,2)) ) AND `shopid` = 13 AND `states` = 1 ORDER BY addtime desc LIMIT 0,8   [ RunTime:0.0010s ]

[ 2017-10-24T18:30:43+10:30 ] 192.168.2.122 /tp/index.php/server/order/queren
INFO: [ app_init ] --START--
INFO: Run Behavior\BuildLiteBehavior [ RunTime:0.000000s ]
INFO: [ app_init ] --END-- [ RunTime:0.000000s ]
INFO: [ app_begin ] --START--
INFO: Run Behavior\ReadHtmlCacheBehavior [ RunTime:0.001000s ]
INFO: [ app_begin ] --END-- [ RunTime:0.001000s ]
SQL: SHOW COLUMNS FROM `et_orders` [ RunTime:0.0080s ]
SQL: SELECT * FROM `et_orders` WHERE `orderid` = '1508831984' LIMIT 1   [ RunTime:0.0010s ]

[ 2017-10-24T18:31:22+10:30 ] 192.168.2.122 /tp/index.php/server/order/queren
INFO: [ app_init ] --START--
INFO: Run Behavior\BuildLiteBehavior [ RunTime:0.000000s ]
INFO: [ app_init ] --END-- [ RunTime:0.001000s ]
INFO: [ app_begin ] --START--
INFO: Run Behavior\ReadHtmlCacheBehavior [ RunTime:0.000000s ]
INFO: [ app_begin ] --END-- [ RunTime:0.000000s ]
SQL: SHOW COLUMNS FROM `et_orders` [ RunTime:0.0070s ]
SQL: SELECT * FROM `et_orders` WHERE `orderid` = '1508831984' LIMIT 1   [ RunTime:0.0010s ]

[ 2017-10-24T18:32:42+10:30 ] 192.168.2.122 /tp/index.php/server/order/queren
INFO: [ app_init ] --START--
INFO: Run Behavior\BuildLiteBehavior [ RunTime:0.000000s ]
INFO: [ app_init ] --END-- [ RunTime:0.000000s ]
INFO: [ app_begin ] --START--
INFO: Run Behavior\ReadHtmlCacheBehavior [ RunTime:0.001000s ]
INFO: [ app_begin ] --END-- [ RunTime:0.001000s ]

[ 2017-10-24T16:03:38+08:00 ] 192.168.2.122 /tp/index.php/server/order/queren
INFO: [ app_init ] --START--
INFO: Run Behavior\BuildLiteBehavior [ RunTime:0.000000s ]
INFO: [ app_init ] --END-- [ RunTime:0.001000s ]
INFO: [ app_begin ] --START--
INFO: Run Behavior\ReadHtmlCacheBehavior [ RunTime:0.001000s ]
INFO: [ app_begin ] --END-- [ RunTime:0.001000s ]
SQL: SHOW COLUMNS FROM `et_orders` [ RunTime:0.0090s ]
SQL: SELECT * FROM `et_orders` WHERE `orderid` = '1508831984' LIMIT 1   [ RunTime:0.0000s ]

[ 2017-10-24T16:04:13+08:00 ] 192.168.2.122 /tp/index.php/server/order/queren
INFO: [ app_init ] --START--
INFO: Run Behavior\BuildLiteBehavior [ RunTime:0.000000s ]
INFO: [ app_init ] --END-- [ RunTime:0.000000s ]
INFO: [ app_begin ] --START--
INFO: Run Behavior\ReadHtmlCacheBehavior [ RunTime:0.001000s ]
INFO: [ app_begin ] --END-- [ RunTime:0.001000s ]
SQL: SHOW COLUMNS FROM `et_orders` [ RunTime:0.0070s ]
SQL: SELECT * FROM `et_orders` WHERE `orderid` = '1508831984' LIMIT 1   [ RunTime:0.0010s ]
SQL: UPDATE `et_orders` SET `state`='2',`aftertime`='2017-10-24 16:54:13' WHERE `orderid` = '1508831984' AND `statu` = 2 [ RunTime:0.0340s ]

[ 2017-10-24T18:36:01+10:30 ] 192.168.2.122 /tp/index.php/server/order/norderlist
INFO: [ app_init ] --START--
INFO: Run Behavior\BuildLiteBehavior [ RunTime:0.000000s ]
INFO: [ app_init ] --END-- [ RunTime:0.000000s ]
INFO: [ app_begin ] --START--
INFO: Run Behavior\ReadHtmlCacheBehavior [ RunTime:0.001000s ]
INFO: [ app_begin ] --END-- [ RunTime:0.001000s ]
SQL: SHOW COLUMNS FROM `et_orders` [ RunTime:0.0070s ]
SQL: SELECT * FROM `et_orders` WHERE `state` IN ('1','2') AND `shopid` = 13 AND `statu` = 2  [ RunTime:0.0010s ]
SQL: SHOW COLUMNS FROM `et_ordergoods` [ RunTime:0.0070s ]
SQL: SELECT * FROM `et_ordergoods` WHERE `orderid` = '1508831791'  [ RunTime:0.0020s ]
SQL: SHOW COLUMNS FROM `et_shopgoods` [ RunTime:0.0060s ]
SQL: SELECT `goodsname`,`goodsprice` FROM `et_shopgoods` WHERE `goodsid` = 146 LIMIT 1   [ RunTime:0.0010s ]
SQL: SELECT * FROM `et_ordergoods` WHERE `orderid` = '1508831984'  [ RunTime:0.0020s ]
SQL: SELECT `goodsname`,`goodsprice` FROM `et_shopgoods` WHERE `goodsid` = 146 LIMIT 1   [ RunTime:0.0000s ]

[ 2017-10-24T18:36:04+10:30 ] 192.168.2.122 /tp/index.php/server/order/queren
INFO: [ app_init ] --START--
INFO: Run Behavior\BuildLiteBehavior [ RunTime:0.000000s ]
INFO: [ app_init ] --END-- [ RunTime:0.000000s ]
INFO: [ app_begin ] --START--
INFO: Run Behavior\ReadHtmlCacheBehavior [ RunTime:0.001000s ]
INFO: [ app_begin ] --END-- [ RunTime:0.001000s ]
SQL: SHOW COLUMNS FROM `et_orders` [ RunTime:0.0070s ]
SQL: SELECT * FROM `et_orders` WHERE `orderid` = '1508831984' LIMIT 1   [ RunTime:0.0010s ]
SQL: UPDATE `et_orders` SET `state`='2',`aftertime`='2017-10-24 19:26:04' WHERE `orderid` = '1508831984' AND `statu` = 2 [ RunTime:0.0020s ]

