[ 2017-10-01T00:20:57+08:00 ] 165.228.227.222 /index.php/server/order/yorderlist
INFO: [ app_init ] --START--
INFO: Run Behavior\BuildLiteBehavior [ RunTime:0.000016s ]
INFO: [ app_init ] --END-- [ RunTime:0.000313s ]
INFO: [ app_begin ] --START--
INFO: Run Behavior\ReadHtmlCacheBehavior [ RunTime:0.000512s ]
INFO: [ app_begin ] --END-- [ RunTime:0.000566s ]
NOTIC: [8] A session had already been started - ignoring session_start() D:\wm\ThinkPHP\Common\functions.php 第 1263 行.
SQL: SHOW COLUMNS FROM `et_orders` [ RunTime:0.0171s ]
SQL: SELECT * FROM `et_orders` WHERE ( (statu = 2 and state in (3,4,5)) or (statu in (1,3) and state in (1,2)) ) AND `shopid` = 57 AND `states` = 1 ORDER BY addtime desc LIMIT 0,8   [ RunTime:2.3330s ]
SQL: SHOW COLUMNS FROM `et_ordergoods` [ RunTime:0.3254s ]
SQL: SELECT * FROM `et_ordergoods` WHERE `orderid` = '04035378671506407145'  [ RunTime:0.2005s ]
SQL: SHOW COLUMNS FROM `et_shopgoods` [ RunTime:0.0040s ]
SQL: SELECT `goodsname`,`goodsprice` FROM `et_shopgoods` WHERE `goodsid` = 1280 LIMIT 1   [ RunTime:0.0187s ]

[ 2017-10-01T00:21:00+08:00 ] 165.228.227.222 /index.php/server/order/norderlist
INFO: [ app_init ] --START--
INFO: Run Behavior\BuildLiteBehavior [ RunTime:0.000017s ]
INFO: [ app_init ] --END-- [ RunTime:0.000299s ]
INFO: [ app_begin ] --START--
INFO: Run Behavior\ReadHtmlCacheBehavior [ RunTime:0.000542s ]
INFO: [ app_begin ] --END-- [ RunTime:0.000619s ]
NOTIC: [8] A session had already been started - ignoring session_start() D:\wm\ThinkPHP\Common\functions.php 第 1263 行.
SQL: SHOW COLUMNS FROM `et_orders` [ RunTime:0.0034s ]
SQL: SELECT * FROM `et_orders` WHERE `state` IN ('1','2') AND `shopid` = 57 AND `statu` = 2  [ RunTime:0.0010s ]

[ 2017-10-01T00:21:16+08:00 ] 165.228.227.222 /index.php/server/user/shopmesa
INFO: [ app_init ] --START--
INFO: Run Behavior\BuildLiteBehavior [ RunTime:0.000016s ]
INFO: [ app_init ] --END-- [ RunTime:0.000278s ]
INFO: [ app_begin ] --START--
INFO: Run Behavior\ReadHtmlCacheBehavior [ RunTime:0.000406s ]
INFO: [ app_begin ] --END-- [ RunTime:0.000460s ]
NOTIC: [8] A session had already been started - ignoring session_start() D:\wm\ThinkPHP\Common\functions.php 第 1263 行.
SQL: SHOW COLUMNS FROM `et_shopmessage` [ RunTime:0.0027s ]
SQL: SELECT `content`,`gotime`,`long`,`maxprice`,`maxlong`,`lkmoney`,`shophead`,`shopphoto`,`shopname`,`state`,`coordinate`,`detailed_address`,`mobile` FROM `et_shopmessage` WHERE `shopid` = 57 LIMIT 1   [ RunTime:0.0004s ]
SQL: SHOW COLUMNS FROM `et_mingxi` [ RunTime:0.0013s ]
SQL: SELECT * FROM `et_mingxi` WHERE `addtime` BETWEEN '2017-10-01 00:00:00' AND '2017-10-01 00:21:16' AND `shopid` = 57 AND `flag` = 1  [ RunTime:0.0206s ]
SQL: SHOW COLUMNS FROM `et_orders` [ RunTime:0.0027s ]
SQL: SELECT * FROM `et_orders` WHERE `addtime` BETWEEN '2017-10-01 00:00:00' AND '2017-10-01 00:21:16' AND `state` IN ('3','4','5') AND `shopid` = 57  [ RunTime:0.0013s ]

[ 2017-10-01T00:21:19+08:00 ] 165.228.227.222 /index.php/server/user/shopmesa
INFO: [ app_init ] --START--
INFO: Run Behavior\BuildLiteBehavior [ RunTime:0.000027s ]
INFO: [ app_init ] --END-- [ RunTime:0.000648s ]
INFO: [ app_begin ] --START--
INFO: Run Behavior\ReadHtmlCacheBehavior [ RunTime:0.000612s ]
INFO: [ app_begin ] --END-- [ RunTime:0.000687s ]
NOTIC: [8] A session had already been started - ignoring session_start() D:\wm\ThinkPHP\Common\functions.php 第 1263 行.
SQL: SHOW COLUMNS FROM `et_shopmessage` [ RunTime:0.0028s ]
SQL: SELECT `content`,`gotime`,`long`,`maxprice`,`maxlong`,`lkmoney`,`shophead`,`shopphoto`,`shopname`,`state`,`coordinate`,`detailed_address`,`mobile` FROM `et_shopmessage` WHERE `shopid` = 57 LIMIT 1   [ RunTime:0.0003s ]
SQL: SHOW COLUMNS FROM `et_mingxi` [ RunTime:0.0020s ]
SQL: SELECT * FROM `et_mingxi` WHERE `addtime` BETWEEN '2017-10-01 00:00:00' AND '2017-10-01 00:21:19' AND `shopid` = 57 AND `flag` = 1  [ RunTime:0.0005s ]
SQL: SHOW COLUMNS FROM `et_orders` [ RunTime:0.0020s ]
SQL: SELECT * FROM `et_orders` WHERE `addtime` BETWEEN '2017-10-01 00:00:00' AND '2017-10-01 00:21:19' AND `state` IN ('3','4','5') AND `shopid` = 57  [ RunTime:0.0011s ]

[ 2017-10-01T00:21:27+08:00 ] 165.228.227.222 /index.php/server/user/shopmesa
INFO: [ app_init ] --START--
INFO: Run Behavior\BuildLiteBehavior [ RunTime:0.000017s ]
INFO: [ app_init ] --END-- [ RunTime:0.000389s ]
INFO: [ app_begin ] --START--
INFO: Run Behavior\ReadHtmlCacheBehavior [ RunTime:0.000524s ]
INFO: [ app_begin ] --END-- [ RunTime:0.000582s ]
NOTIC: [8] A session had already been started - ignoring session_start() D:\wm\ThinkPHP\Common\functions.php 第 1263 行.
SQL: SHOW COLUMNS FROM `et_shopmessage` [ RunTime:0.0048s ]
SQL: SELECT `content`,`gotime`,`long`,`maxprice`,`maxlong`,`lkmoney`,`shophead`,`shopphoto`,`shopname`,`state`,`coordinate`,`detailed_address`,`mobile` FROM `et_shopmessage` WHERE `shopid` = 57 LIMIT 1   [ RunTime:0.0004s ]
SQL: SHOW COLUMNS FROM `et_mingxi` [ RunTime:0.0017s ]
SQL: SELECT * FROM `et_mingxi` WHERE `addtime` BETWEEN '2017-10-01 00:00:00' AND '2017-10-01 00:21:27' AND `shopid` = 57 AND `flag` = 1  [ RunTime:0.0005s ]
SQL: SHOW COLUMNS FROM `et_orders` [ RunTime:0.0019s ]
SQL: SELECT * FROM `et_orders` WHERE `addtime` BETWEEN '2017-10-01 00:00:00' AND '2017-10-01 00:21:27' AND `state` IN ('3','4','5') AND `shopid` = 57  [ RunTime:0.0011s ]

[ 2017-10-01T08:24:15+08:00 ] 125.168.152.245 /index.php/server/user/editstate
INFO: [ app_init ] --START--
INFO: Run Behavior\BuildLiteBehavior [ RunTime:0.000017s ]
INFO: [ app_init ] --END-- [ RunTime:0.000451s ]
INFO: [ app_begin ] --START--
INFO: Run Behavior\ReadHtmlCacheBehavior [ RunTime:0.000575s ]
INFO: [ app_begin ] --END-- [ RunTime:0.000633s ]
NOTIC: [8] A session had already been started - ignoring session_start() D:\wm\ThinkPHP\Common\functions.php 第 1263 行.
SQL: SHOW COLUMNS FROM `et_shopmessage` [ RunTime:0.1394s ]
SQL: UPDATE `et_shopmessage` SET `state`='1' WHERE `shopid` = 51 [ RunTime:0.7336s ]

[ 2017-10-01T08:24:16+08:00 ] 125.168.152.245 /index.php/server/user/editstate
INFO: [ app_init ] --START--
INFO: Run Behavior\BuildLiteBehavior [ RunTime:0.000017s ]
INFO: [ app_init ] --END-- [ RunTime:0.000376s ]
INFO: [ app_begin ] --START--
INFO: Run Behavior\ReadHtmlCacheBehavior [ RunTime:0.000574s ]
INFO: [ app_begin ] --END-- [ RunTime:0.000628s ]
NOTIC: [8] A session had already been started - ignoring session_start() D:\wm\ThinkPHP\Common\functions.php 第 1263 行.
SQL: SHOW COLUMNS FROM `et_shopmessage` [ RunTime:0.0029s ]
SQL: UPDATE `et_shopmessage` SET `state`='2' WHERE `shopid` = 51 [ RunTime:0.2258s ]

[ 2017-10-01T08:24:21+08:00 ] 125.168.152.245 /index.php/server/user/editstate
INFO: [ app_init ] --START--
INFO: Run Behavior\BuildLiteBehavior [ RunTime:0.000017s ]
INFO: [ app_init ] --END-- [ RunTime:0.000358s ]
INFO: [ app_begin ] --START--
INFO: Run Behavior\ReadHtmlCacheBehavior [ RunTime:0.000505s ]
INFO: [ app_begin ] --END-- [ RunTime:0.000566s ]
NOTIC: [8] A session had already been started - ignoring session_start() D:\wm\ThinkPHP\Common\functions.php 第 1263 行.
SQL: SHOW COLUMNS FROM `et_shopmessage` [ RunTime:0.0023s ]
SQL: UPDATE `et_shopmessage` SET `state`='1' WHERE `shopid` = 51 [ RunTime:0.0070s ]

[ 2017-10-01T08:35:09+08:00 ] 120.20.30.43 /index.php/server/evaluate/pingjialist
INFO: [ app_init ] --START--
INFO: Run Behavior\BuildLiteBehavior [ RunTime:0.000017s ]
INFO: [ app_init ] --END-- [ RunTime:0.000339s ]
INFO: [ app_begin ] --START--
INFO: Run Behavior\ReadHtmlCacheBehavior [ RunTime:0.000656s ]
INFO: [ app_begin ] --END-- [ RunTime:0.000724s ]
NOTIC: [8] A session had already been started - ignoring session_start() D:\wm\ThinkPHP\Common\functions.php 第 1263 行.
SQL: SHOW COLUMNS FROM `et_evaluate` [ RunTime:0.0035s ]
SQL: SELECT * FROM `et_evaluate` WHERE `shopid` = 52 LIMIT 0,8   [ RunTime:0.0004s ]

[ 2017-10-01T08:35:10+08:00 ] 120.20.30.43 /index.php/server/evaluate/pingjialist
INFO: [ app_init ] --START--
INFO: Run Behavior\BuildLiteBehavior [ RunTime:0.000024s ]
INFO: [ app_init ] --END-- [ RunTime:0.000468s ]
INFO: [ app_begin ] --START--
INFO: Run Behavior\ReadHtmlCacheBehavior [ RunTime:0.000541s ]
INFO: [ app_begin ] --END-- [ RunTime:0.000603s ]
NOTIC: [8] A session had already been started - ignoring session_start() D:\wm\ThinkPHP\Common\functions.php 第 1263 行.
SQL: SHOW COLUMNS FROM `et_evaluate` [ RunTime:0.0022s ]
SQL: SELECT * FROM `et_evaluate` WHERE `shopid` = 52 LIMIT 0,8   [ RunTime:0.0003s ]

[ 2017-10-01T08:35:10+08:00 ] 120.20.30.43 /index.php/server/user/shopmesa
INFO: [ app_init ] --START--
INFO: Run Behavior\BuildLiteBehavior [ RunTime:0.000017s ]
INFO: [ app_init ] --END-- [ RunTime:0.000319s ]
INFO: [ app_begin ] --START--
INFO: Run Behavior\ReadHtmlCacheBehavior [ RunTime:0.000529s ]
INFO: [ app_begin ] --END-- [ RunTime:0.000596s ]
NOTIC: [8] A session had already been started - ignoring session_start() D:\wm\ThinkPHP\Common\functions.php 第 1263 行.
SQL: SHOW COLUMNS FROM `et_shopmessage` [ RunTime:0.0029s ]
SQL: SELECT `content`,`gotime`,`long`,`maxprice`,`maxlong`,`lkmoney`,`shophead`,`shopphoto`,`shopname`,`state`,`coordinate`,`detailed_address`,`mobile` FROM `et_shopmessage` WHERE `shopid` = 52 LIMIT 1   [ RunTime:0.0004s ]
SQL: SHOW COLUMNS FROM `et_mingxi` [ RunTime:0.0029s ]
SQL: SELECT * FROM `et_mingxi` WHERE `addtime` BETWEEN '2017-10-01 00:00:00' AND '2017-10-01 08:35:10' AND `shopid` = 52 AND `flag` = 1  [ RunTime:0.0005s ]
SQL: SHOW COLUMNS FROM `et_orders` [ RunTime:0.0017s ]
SQL: SELECT * FROM `et_orders` WHERE `addtime` BETWEEN '2017-10-01 00:00:00' AND '2017-10-01 08:35:10' AND `state` IN ('3','4','5') AND `shopid` = 52  [ RunTime:0.0011s ]

[ 2017-10-01T08:35:11+08:00 ] 120.20.30.43 /index.php/server/shop/categorylist
INFO: [ app_init ] --START--
INFO: Run Behavior\BuildLiteBehavior [ RunTime:0.000016s ]
INFO: [ app_init ] --END-- [ RunTime:0.000351s ]
INFO: [ app_begin ] --START--
INFO: Run Behavior\ReadHtmlCacheBehavior [ RunTime:0.000525s ]
INFO: [ app_begin ] --END-- [ RunTime:0.000577s ]
NOTIC: [8] A session had already been started - ignoring session_start() D:\wm\ThinkPHP\Common\functions.php 第 1263 行.
SQL: SHOW COLUMNS FROM `et_category` [ RunTime:0.0031s ]
SQL: SELECT `cid`,`cname` FROM `et_category` WHERE `shopid` = 52  [ RunTime:0.0005s ]
SQL: SHOW COLUMNS FROM `et_shopgoods` [ RunTime:0.0025s ]
SQL: SELECT * FROM `et_shopgoods` WHERE `shopid` = 52 AND `cid` = 188  [ RunTime:0.6606s ]
SQL: SELECT * FROM `et_shopgoods` WHERE `shopid` = 52 AND `cid` = 239  [ RunTime:0.0015s ]
SQL: SELECT * FROM `et_shopgoods` WHERE `shopid` = 52 AND `cid` = 240  [ RunTime:0.0014s ]
SQL: SELECT * FROM `et_shopgoods` WHERE `shopid` = 52 AND `cid` = 249  [ RunTime:0.0013s ]
SQL: SELECT * FROM `et_shopgoods` WHERE `shopid` = 52 AND `cid` = 250  [ RunTime:0.0012s ]
SQL: SELECT * FROM `et_shopgoods` WHERE `shopid` = 52 AND `cid` = 252  [ RunTime:0.0016s ]
SQL: SELECT * FROM `et_shopgoods` WHERE `shopid` = 52 AND `cid` = 253  [ RunTime:0.0013s ]
SQL: SELECT * FROM `et_shopgoods` WHERE `shopid` = 52 AND `cid` = 254  [ RunTime:0.0011s ]
SQL: SELECT * FROM `et_shopgoods` WHERE `shopid` = 52 AND `cid` = 255  [ RunTime:0.0011s ]
SQL: SELECT * FROM `et_shopgoods` WHERE `shopid` = 52 AND `cid` = 278  [ RunTime:0.0012s ]

[ 2017-10-01T08:35:11+08:00 ] 120.20.30.43 /index.php/server/user/shopmesa
INFO: [ app_init ] --START--
INFO: Run Behavior\BuildLiteBehavior [ RunTime:0.000016s ]
INFO: [ app_init ] --END-- [ RunTime:0.000320s ]
INFO: [ app_begin ] --START--
INFO: Run Behavior\ReadHtmlCacheBehavior [ RunTime:0.000453s ]
INFO: [ app_begin ] --END-- [ RunTime:0.000551s ]
NOTIC: [8] A session had already been started - ignoring session_start() D:\wm\ThinkPHP\Common\functions.php 第 1263 行.
SQL: SHOW COLUMNS FROM `et_shopmessage` [ RunTime:0.0028s ]
SQL: SELECT `content`,`gotime`,`long`,`maxprice`,`maxlong`,`lkmoney`,`shophead`,`shopphoto`,`shopname`,`state`,`coordinate`,`detailed_address`,`mobile` FROM `et_shopmessage` WHERE `shopid` = 52 LIMIT 1   [ RunTime:0.0003s ]
SQL: SHOW COLUMNS FROM `et_mingxi` [ RunTime:0.0027s ]
SQL: SELECT * FROM `et_mingxi` WHERE `addtime` BETWEEN '2017-10-01 00:00:00' AND '2017-10-01 08:35:11' AND `shopid` = 52 AND `flag` = 1  [ RunTime:0.0005s ]
SQL: SHOW COLUMNS FROM `et_orders` [ RunTime:0.0025s ]
SQL: SELECT * FROM `et_orders` WHERE `addtime` BETWEEN '2017-10-01 00:00:00' AND '2017-10-01 08:35:11' AND `state` IN ('3','4','5') AND `shopid` = 52  [ RunTime:0.0011s ]

[ 2017-10-01T08:35:13+08:00 ] 120.20.30.43 /index.php/server/user/editstate
INFO: [ app_init ] --START--
INFO: Run Behavior\BuildLiteBehavior [ RunTime:0.000015s ]
INFO: [ app_init ] --END-- [ RunTime:0.000380s ]
INFO: [ app_begin ] --START--
INFO: Run Behavior\ReadHtmlCacheBehavior [ RunTime:0.000499s ]
INFO: [ app_begin ] --END-- [ RunTime:0.000552s ]
NOTIC: [8] A session had already been started - ignoring session_start() D:\wm\ThinkPHP\Common\functions.php 第 1263 行.
SQL: SHOW COLUMNS FROM `et_shopmessage` [ RunTime:0.0019s ]
SQL: UPDATE `et_shopmessage` SET `state`='1' WHERE `shopid` = 52 [ RunTime:0.0559s ]

[ 2017-10-01T09:25:38+08:00 ] 110.143.55.48 /index.php/server/user/login
INFO: [ app_init ] --START--
INFO: Run Behavior\BuildLiteBehavior [ RunTime:0.000016s ]
INFO: [ app_init ] --END-- [ RunTime:0.000312s ]
INFO: [ app_begin ] --START--
INFO: Run Behavior\ReadHtmlCacheBehavior [ RunTime:0.000538s ]
INFO: [ app_begin ] --END-- [ RunTime:0.000591s ]
NOTIC: [8] A session had already been started - ignoring session_start() D:\wm\ThinkPHP\Common\functions.php 第 1263 行.
SQL: SHOW COLUMNS FROM `et_shop` [ RunTime:0.7272s ]
SQL: SELECT `shopid` FROM `et_shop` WHERE `phone` = '0451877760' AND `password` = 'baa902d142e685eea41f6a4fb267078c' LIMIT 1   [ RunTime:0.7198s ]

[ 2017-10-01T11:51:59+08:00 ] 101.226.64.174 /index.php/server/evaluate/pingjialist
INFO: [ app_init ] --START--
INFO: Run Behavior\BuildLiteBehavior [ RunTime:0.000023s ]
INFO: [ app_init ] --END-- [ RunTime:0.000526s ]
INFO: [ app_begin ] --START--
INFO: Run Behavior\ReadHtmlCacheBehavior [ RunTime:0.000755s ]
INFO: [ app_begin ] --END-- [ RunTime:0.000836s ]
NOTIC: [8] A session had already been started - ignoring session_start() D:\wm\ThinkPHP\Common\functions.php 第 1263 行.
INFO: [ app_end ] --START--
INFO: Run Behavior\ShowPageTraceBehavior [ RunTime:0.000795s ]
INFO: [ app_end ] --END-- [ RunTime:0.000879s ]

[ 2017-10-01T13:58:18+08:00 ] 165.228.227.222 /index.php/server/order/norderlist
INFO: [ app_init ] --START--
INFO: Run Behavior\BuildLiteBehavior [ RunTime:0.000024s ]
INFO: [ app_init ] --END-- [ RunTime:0.000364s ]
INFO: [ app_begin ] --START--
INFO: Run Behavior\ReadHtmlCacheBehavior [ RunTime:0.000524s ]
INFO: [ app_begin ] --END-- [ RunTime:0.000584s ]
NOTIC: [8] A session had already been started - ignoring session_start() D:\wm\ThinkPHP\Common\functions.php 第 1263 行.
SQL: SHOW COLUMNS FROM `et_orders` [ RunTime:0.1655s ]
SQL: SELECT * FROM `et_orders` WHERE `state` IN ('1','2') AND `shopid` = 57 AND `statu` = 2  [ RunTime:0.0012s ]

[ 2017-10-01T13:58:18+08:00 ] 165.228.227.222 /index.php/server/order/yorderlist
INFO: [ app_init ] --START--
INFO: Run Behavior\BuildLiteBehavior [ RunTime:0.000016s ]
INFO: [ app_init ] --END-- [ RunTime:0.000360s ]
INFO: [ app_begin ] --START--
INFO: Run Behavior\ReadHtmlCacheBehavior [ RunTime:0.000573s ]
INFO: [ app_begin ] --END-- [ RunTime:0.000671s ]
NOTIC: [8] A session had already been started - ignoring session_start() D:\wm\ThinkPHP\Common\functions.php 第 1263 行.
SQL: SHOW COLUMNS FROM `et_orders` [ RunTime:0.0951s ]
SQL: SELECT * FROM `et_orders` WHERE ( (statu = 2 and state in (3,4,5)) or (statu in (1,3) and state in (1,2)) ) AND `shopid` = 57 AND `states` = 1 ORDER BY addtime desc LIMIT 0,8   [ RunTime:0.0007s ]
SQL: SHOW COLUMNS FROM `et_ordergoods` [ RunTime:0.0026s ]
SQL: SELECT * FROM `et_ordergoods` WHERE `orderid` = '04035378671506407145'  [ RunTime:0.0010s ]
SQL: SHOW COLUMNS FROM `et_shopgoods` [ RunTime:0.0024s ]
SQL: SELECT `goodsname`,`goodsprice` FROM `et_shopgoods` WHERE `goodsid` = 1280 LIMIT 1   [ RunTime:0.0002s ]

[ 2017-10-01T13:58:26+08:00 ] 165.228.227.222 /index.php/server/user/shopmesa
INFO: [ app_init ] --START--
INFO: Run Behavior\BuildLiteBehavior [ RunTime:0.000026s ]
INFO: [ app_init ] --END-- [ RunTime:0.000319s ]
INFO: [ app_begin ] --START--
INFO: Run Behavior\ReadHtmlCacheBehavior [ RunTime:0.000579s ]
INFO: [ app_begin ] --END-- [ RunTime:0.000633s ]
NOTIC: [8] A session had already been started - ignoring session_start() D:\wm\ThinkPHP\Common\functions.php 第 1263 行.
SQL: SHOW COLUMNS FROM `et_shopmessage` [ RunTime:0.0029s ]
SQL: SELECT `content`,`gotime`,`long`,`maxprice`,`maxlong`,`lkmoney`,`shophead`,`shopphoto`,`shopname`,`state`,`coordinate`,`detailed_address`,`mobile` FROM `et_shopmessage` WHERE `shopid` = 57 LIMIT 1   [ RunTime:0.0004s ]
SQL: SHOW COLUMNS FROM `et_mingxi` [ RunTime:0.0019s ]
SQL: SELECT * FROM `et_mingxi` WHERE `addtime` BETWEEN '2017-10-01 00:00:00' AND '2017-10-01 13:58:25' AND `shopid` = 57 AND `flag` = 1  [ RunTime:0.0004s ]
SQL: SHOW COLUMNS FROM `et_orders` [ RunTime:0.0020s ]
SQL: SELECT * FROM `et_orders` WHERE `addtime` BETWEEN '2017-10-01 00:00:00' AND '2017-10-01 13:58:25' AND `state` IN ('3','4','5') AND `shopid` = 57  [ RunTime:0.0010s ]

[ 2017-10-01T13:58:28+08:00 ] 165.228.227.222 /index.php/server/user/editstate
INFO: [ app_init ] --START--
INFO: Run Behavior\BuildLiteBehavior [ RunTime:0.000016s ]
INFO: [ app_init ] --END-- [ RunTime:0.000356s ]
INFO: [ app_begin ] --START--
INFO: Run Behavior\ReadHtmlCacheBehavior [ RunTime:0.000553s ]
INFO: [ app_begin ] --END-- [ RunTime:0.000618s ]
NOTIC: [8] A session had already been started - ignoring session_start() D:\wm\ThinkPHP\Common\functions.php 第 1263 行.
SQL: SHOW COLUMNS FROM `et_shopmessage` [ RunTime:0.0020s ]
SQL: UPDATE `et_shopmessage` SET `state`='1' WHERE `shopid` = 57 [ RunTime:0.2200s ]

[ 2017-10-01T13:58:29+08:00 ] 165.228.227.222 /index.php/server/user/editstate
INFO: [ app_init ] --START--
INFO: Run Behavior\BuildLiteBehavior [ RunTime:0.000020s ]
INFO: [ app_init ] --END-- [ RunTime:0.000321s ]
INFO: [ app_begin ] --START--
INFO: Run Behavior\ReadHtmlCacheBehavior [ RunTime:0.000585s ]
INFO: [ app_begin ] --END-- [ RunTime:0.000653s ]
NOTIC: [8] A session had already been started - ignoring session_start() D:\wm\ThinkPHP\Common\functions.php 第 1263 行.
SQL: SHOW COLUMNS FROM `et_shopmessage` [ RunTime:0.0036s ]
SQL: UPDATE `et_shopmessage` SET `state`='2' WHERE `shopid` = 57 [ RunTime:0.0305s ]

[ 2017-10-01T13:58:34+08:00 ] 165.228.227.222 /index.php/server/user/editstate
INFO: [ app_init ] --START--
INFO: Run Behavior\BuildLiteBehavior [ RunTime:0.000016s ]
INFO: [ app_init ] --END-- [ RunTime:0.000311s ]
INFO: [ app_begin ] --START--
INFO: Run Behavior\ReadHtmlCacheBehavior [ RunTime:0.000445s ]
INFO: [ app_begin ] --END-- [ RunTime:0.000504s ]
NOTIC: [8] A session had already been started - ignoring session_start() D:\wm\ThinkPHP\Common\functions.php 第 1263 行.
SQL: SHOW COLUMNS FROM `et_shopmessage` [ RunTime:0.0028s ]
SQL: UPDATE `et_shopmessage` SET `state`='1' WHERE `shopid` = 57 [ RunTime:0.7824s ]

[ 2017-10-01T14:04:32+08:00 ] 218.214.249.61 /index.php/server/user/shopmesa
INFO: [ app_init ] --START--
INFO: Run Behavior\BuildLiteBehavior [ RunTime:0.000017s ]
INFO: [ app_init ] --END-- [ RunTime:0.000370s ]
INFO: [ app_begin ] --START--
INFO: Run Behavior\ReadHtmlCacheBehavior [ RunTime:0.000484s ]
INFO: [ app_begin ] --END-- [ RunTime:0.000538s ]
NOTIC: [8] A session had already been started - ignoring session_start() D:\wm\ThinkPHP\Common\functions.php 第 1263 行.

[ 2017-10-01T14:19:52+08:00 ] 218.214.249.61 /index.php/server/user/login
INFO: [ app_init ] --START--
INFO: Run Behavior\BuildLiteBehavior [ RunTime:0.000016s ]
INFO: [ app_init ] --END-- [ RunTime:0.000317s ]
INFO: [ app_begin ] --START--
INFO: Run Behavior\ReadHtmlCacheBehavior [ RunTime:0.000448s ]
INFO: [ app_begin ] --END-- [ RunTime:0.000501s ]
NOTIC: [8] A session had already been started - ignoring session_start() D:\wm\ThinkPHP\Common\functions.php 第 1263 行.
SQL: SHOW COLUMNS FROM `et_shop` [ RunTime:0.0031s ]
SQL: SELECT `shopid` FROM `et_shop` WHERE `phone` = '0421820753' AND `password` = '76af239926d67213751ad59dbd4ced37' LIMIT 1   [ RunTime:0.0003s ]

[ 2017-10-01T14:19:53+08:00 ] 218.214.249.61 /index.php/server/order/norderlist
INFO: [ app_init ] --START--
INFO: Run Behavior\BuildLiteBehavior [ RunTime:0.000016s ]
INFO: [ app_init ] --END-- [ RunTime:0.000355s ]
INFO: [ app_begin ] --START--
INFO: Run Behavior\ReadHtmlCacheBehavior [ RunTime:0.000524s ]
INFO: [ app_begin ] --END-- [ RunTime:0.000586s ]
NOTIC: [8] A session had already been started - ignoring session_start() D:\wm\ThinkPHP\Common\functions.php 第 1263 行.
SQL: SHOW COLUMNS FROM `et_orders` [ RunTime:0.0022s ]
SQL: SELECT * FROM `et_orders` WHERE `state` IN ('1','2') AND `shopid` = 56 AND `statu` = 2  [ RunTime:0.0014s ]

[ 2017-10-01T14:19:57+08:00 ] 218.214.249.61 /index.php/server/order/yorderlist
INFO: [ app_init ] --START--
INFO: Run Behavior\BuildLiteBehavior [ RunTime:0.000016s ]
INFO: [ app_init ] --END-- [ RunTime:0.000312s ]
INFO: [ app_begin ] --START--
INFO: Run Behavior\ReadHtmlCacheBehavior [ RunTime:0.000432s ]
INFO: [ app_begin ] --END-- [ RunTime:0.000486s ]
NOTIC: [8] A session had already been started - ignoring session_start() D:\wm\ThinkPHP\Common\functions.php 第 1263 行.
SQL: SHOW COLUMNS FROM `et_orders` [ RunTime:0.0045s ]
SQL: SELECT * FROM `et_orders` WHERE ( (statu = 2 and state in (3,4,5)) or (statu in (1,3) and state in (1,2)) ) AND `shopid` = 56 AND `states` = 1 ORDER BY addtime desc LIMIT 0,8   [ RunTime:1.0376s ]
SQL: SHOW COLUMNS FROM `et_ordergoods` [ RunTime:0.0032s ]
SQL: SELECT * FROM `et_ordergoods` WHERE `orderid` = '04277114361506334247'  [ RunTime:0.0011s ]
SQL: SHOW COLUMNS FROM `et_shopgoods` [ RunTime:0.0029s ]
SQL: SELECT `goodsname`,`goodsprice` FROM `et_shopgoods` WHERE `goodsid` = 801 LIMIT 1   [ RunTime:0.0003s ]
SQL: SELECT `goodsname`,`goodsprice` FROM `et_shopgoods` WHERE `goodsid` = 843 LIMIT 1   [ RunTime:0.2846s ]
SQL: SELECT `goodsname`,`goodsprice` FROM `et_shopgoods` WHERE `goodsid` = 830 LIMIT 1   [ RunTime:0.3189s ]
SQL: SELECT `goodsname`,`goodsprice` FROM `et_shopgoods` WHERE `goodsid` = 615 LIMIT 1   [ RunTime:0.6388s ]
SQL: SELECT `goodsname`,`goodsprice` FROM `et_shopgoods` WHERE `goodsid` = 826 LIMIT 1   [ RunTime:0.0933s ]
SQL: SELECT `goodsname`,`goodsprice` FROM `et_shopgoods` WHERE `goodsid` = 803 LIMIT 1   [ RunTime:0.0004s ]
SQL: SELECT `goodsname`,`goodsprice` FROM `et_shopgoods` WHERE `goodsid` = 841 LIMIT 1   [ RunTime:0.2687s ]
SQL: SELECT * FROM `et_ordergoods` WHERE `orderid` = '04035378671506307079'  [ RunTime:0.0015s ]
SQL: SELECT `goodsname`,`goodsprice` FROM `et_shopgoods` WHERE `goodsid` = 845 LIMIT 1   [ RunTime:0.2305s ]
SQL: SELECT `goodsname`,`goodsprice` FROM `et_shopgoods` WHERE `goodsid` = 843 LIMIT 1   [ RunTime:0.0003s ]
SQL: SELECT `goodsname`,`goodsprice` FROM `et_shopgoods` WHERE `goodsid` = 830 LIMIT 1   [ RunTime:0.0002s ]

[ 2017-10-01T16:14:37+08:00 ] 125.168.152.245 /index.php/server/order/queren
INFO: [ app_init ] --START--
INFO: Run Behavior\BuildLiteBehavior [ RunTime:0.000018s ]
INFO: [ app_init ] --END-- [ RunTime:0.000404s ]
INFO: [ app_begin ] --START--
INFO: Run Behavior\ReadHtmlCacheBehavior [ RunTime:0.000534s ]
INFO: [ app_begin ] --END-- [ RunTime:0.000618s ]
NOTIC: [8] A session had already been started - ignoring session_start() D:\wm\ThinkPHP\Common\functions.php 第 1263 行.
SQL: SHOW COLUMNS FROM `et_orders` [ RunTime:0.0036s ]
SQL: SELECT * FROM `et_orders` WHERE `orderid` = '04049812991506845656' LIMIT 1   [ RunTime:0.2001s ]
SQL: UPDATE `et_orders` SET `state`='2' WHERE `orderid` = '04049812991506845656' AND `statu` = 2 [ RunTime:0.9439s ]

[ 2017-10-01T18:35:35+08:00 ] 125.168.152.245 /index.php/server/order/songda
INFO: [ app_init ] --START--
INFO: Run Behavior\BuildLiteBehavior [ RunTime:0.000015s ]
INFO: [ app_init ] --END-- [ RunTime:0.000306s ]
INFO: [ app_begin ] --START--
INFO: Run Behavior\ReadHtmlCacheBehavior [ RunTime:0.000488s ]
INFO: [ app_begin ] --END-- [ RunTime:0.000542s ]
NOTIC: [8] A session had already been started - ignoring session_start() D:\wm\ThinkPHP\Common\functions.php 第 1263 行.
SQL: SHOW COLUMNS FROM `et_orders` [ RunTime:0.0021s ]
SQL: UPDATE `et_orders` SET `state`='3',`updatetime`='2017-10-01 18:35:34' WHERE `orderid` = '04049812991506845656' [ RunTime:0.9689s ]

[ 2017-10-01T20:24:26+08:00 ] 125.168.152.245 /index.php/server/user/editstate
INFO: [ app_init ] --START--
INFO: Run Behavior\BuildLiteBehavior [ RunTime:0.000016s ]
INFO: [ app_init ] --END-- [ RunTime:0.000372s ]
INFO: [ app_begin ] --START--
INFO: Run Behavior\ReadHtmlCacheBehavior [ RunTime:0.000480s ]
INFO: [ app_begin ] --END-- [ RunTime:0.000534s ]
NOTIC: [8] A session had already been started - ignoring session_start() D:\wm\ThinkPHP\Common\functions.php 第 1263 行.
SQL: SHOW COLUMNS FROM `et_shopmessage` [ RunTime:0.0035s ]
SQL: UPDATE `et_shopmessage` SET `state`='2' WHERE `shopid` = 51 [ RunTime:0.0655s ]

[ 2017-10-01T21:20:30+08:00 ] 118.211.100.250 /index.php/server/order/norderlist
INFO: [ app_init ] --START--
INFO: Run Behavior\BuildLiteBehavior [ RunTime:0.000016s ]
INFO: [ app_init ] --END-- [ RunTime:0.000306s ]
INFO: [ app_begin ] --START--
INFO: Run Behavior\ReadHtmlCacheBehavior [ RunTime:0.000522s ]
INFO: [ app_begin ] --END-- [ RunTime:0.000576s ]
NOTIC: [8] A session had already been started - ignoring session_start() D:\wm\ThinkPHP\Common\functions.php 第 1263 行.
SQL: SHOW COLUMNS FROM `et_orders` [ RunTime:0.1558s ]
SQL: SELECT * FROM `et_orders` WHERE `state` IN ('1','2') AND `shopid` = 54 AND `statu` = 2  [ RunTime:0.0014s ]

[ 2017-10-01T21:20:33+08:00 ] 118.211.100.250 /index.php/server/user/shopmesa
INFO: [ app_init ] --START--
INFO: Run Behavior\BuildLiteBehavior [ RunTime:0.000020s ]
INFO: [ app_init ] --END-- [ RunTime:0.000376s ]
INFO: [ app_begin ] --START--
INFO: Run Behavior\ReadHtmlCacheBehavior [ RunTime:0.000504s ]
INFO: [ app_begin ] --END-- [ RunTime:0.000557s ]
NOTIC: [8] A session had already been started - ignoring session_start() D:\wm\ThinkPHP\Common\functions.php 第 1263 行.
SQL: SHOW COLUMNS FROM `et_shopmessage` [ RunTime:0.0022s ]
SQL: SELECT `content`,`gotime`,`long`,`maxprice`,`maxlong`,`lkmoney`,`shophead`,`shopphoto`,`shopname`,`state`,`coordinate`,`detailed_address`,`mobile` FROM `et_shopmessage` WHERE `shopid` = 54 LIMIT 1   [ RunTime:0.0003s ]
SQL: SHOW COLUMNS FROM `et_mingxi` [ RunTime:0.0030s ]
SQL: SELECT * FROM `et_mingxi` WHERE `addtime` BETWEEN '2017-10-01 00:00:00' AND '2017-10-01 21:20:32' AND `shopid` = 54 AND `flag` = 1  [ RunTime:0.0005s ]
SQL: SHOW COLUMNS FROM `et_orders` [ RunTime:0.0026s ]
SQL: SELECT * FROM `et_orders` WHERE `addtime` BETWEEN '2017-10-01 00:00:00' AND '2017-10-01 21:20:32' AND `state` IN ('3','4','5') AND `shopid` = 54  [ RunTime:0.0010s ]

[ 2017-10-01T21:54:37+08:00 ] 14.203.14.154 /index.php/server/user/login
INFO: [ app_init ] --START--
INFO: Run Behavior\BuildLiteBehavior [ RunTime:0.000016s ]
INFO: [ app_init ] --END-- [ RunTime:0.000332s ]
INFO: [ app_begin ] --START--
INFO: Run Behavior\ReadHtmlCacheBehavior [ RunTime:0.000533s ]
INFO: [ app_begin ] --END-- [ RunTime:0.000589s ]
NOTIC: [8] A session had already been started - ignoring session_start() D:\wm\ThinkPHP\Common\functions.php 第 1263 行.
SQL: SHOW COLUMNS FROM `et_shop` [ RunTime:0.0024s ]
SQL: SELECT `shopid` FROM `et_shop` WHERE `phone` = '0404642120' AND `password` = '76af239926d67213751ad59dbd4ced37' LIMIT 1   [ RunTime:0.0004s ]

[ 2017-10-01T21:54:40+08:00 ] 14.203.14.154 /index.php/server/order/norderlist
INFO: [ app_init ] --START--
INFO: Run Behavior\BuildLiteBehavior [ RunTime:0.000018s ]
INFO: [ app_init ] --END-- [ RunTime:0.000359s ]
INFO: [ app_begin ] --START--
INFO: Run Behavior\ReadHtmlCacheBehavior [ RunTime:0.000515s ]
INFO: [ app_begin ] --END-- [ RunTime:0.000569s ]
NOTIC: [8] A session had already been started - ignoring session_start() D:\wm\ThinkPHP\Common\functions.php 第 1263 行.
SQL: SHOW COLUMNS FROM `et_orders` [ RunTime:0.0027s ]
SQL: SELECT * FROM `et_orders` WHERE `state` IN ('1','2') AND `shopid` = 57 AND `statu` = 2  [ RunTime:0.0012s ]

[ 2017-10-01T21:54:44+08:00 ] 14.203.14.154 /index.php/server/user/shopmesa
INFO: [ app_init ] --START--
INFO: Run Behavior\BuildLiteBehavior [ RunTime:0.000026s ]
INFO: [ app_init ] --END-- [ RunTime:0.000365s ]
INFO: [ app_begin ] --START--
INFO: Run Behavior\ReadHtmlCacheBehavior [ RunTime:0.000538s ]
INFO: [ app_begin ] --END-- [ RunTime:0.000592s ]
NOTIC: [8] A session had already been started - ignoring session_start() D:\wm\ThinkPHP\Common\functions.php 第 1263 行.
SQL: SHOW COLUMNS FROM `et_shopmessage` [ RunTime:0.0022s ]
SQL: SELECT `content`,`gotime`,`long`,`maxprice`,`maxlong`,`lkmoney`,`shophead`,`shopphoto`,`shopname`,`state`,`coordinate`,`detailed_address`,`mobile` FROM `et_shopmessage` WHERE `shopid` = 57 LIMIT 1   [ RunTime:0.0003s ]
SQL: SHOW COLUMNS FROM `et_mingxi` [ RunTime:0.0023s ]
SQL: SELECT * FROM `et_mingxi` WHERE `addtime` BETWEEN '2017-10-01 00:00:00' AND '2017-10-01 21:54:44' AND `shopid` = 57 AND `flag` = 1  [ RunTime:0.0005s ]
SQL: SHOW COLUMNS FROM `et_orders` [ RunTime:0.0025s ]
SQL: SELECT * FROM `et_orders` WHERE `addtime` BETWEEN '2017-10-01 00:00:00' AND '2017-10-01 21:54:44' AND `state` IN ('3','4','5') AND `shopid` = 57  [ RunTime:0.0011s ]

[ 2017-10-01T21:54:48+08:00 ] 14.203.14.154 /index.php/server/user/editstate
INFO: [ app_init ] --START--
INFO: Run Behavior\BuildLiteBehavior [ RunTime:0.000017s ]
INFO: [ app_init ] --END-- [ RunTime:0.000338s ]
INFO: [ app_begin ] --START--
INFO: Run Behavior\ReadHtmlCacheBehavior [ RunTime:0.000464s ]
INFO: [ app_begin ] --END-- [ RunTime:0.000520s ]
NOTIC: [8] A session had already been started - ignoring session_start() D:\wm\ThinkPHP\Common\functions.php 第 1263 行.
SQL: SHOW COLUMNS FROM `et_shopmessage` [ RunTime:0.0036s ]
SQL: UPDATE `et_shopmessage` SET `state`='2' WHERE `shopid` = 57 [ RunTime:0.0444s ]

[ 2017-10-01T21:57:12+08:00 ] 120.20.30.43 /index.php/server/user/editstate
INFO: [ app_init ] --START--
INFO: Run Behavior\BuildLiteBehavior [ RunTime:0.000025s ]
INFO: [ app_init ] --END-- [ RunTime:0.000366s ]
INFO: [ app_begin ] --START--
INFO: Run Behavior\ReadHtmlCacheBehavior [ RunTime:0.000534s ]
INFO: [ app_begin ] --END-- [ RunTime:0.000610s ]
NOTIC: [8] A session had already been started - ignoring session_start() D:\wm\ThinkPHP\Common\functions.php 第 1263 行.
SQL: SHOW COLUMNS FROM `et_shopmessage` [ RunTime:0.0020s ]
SQL: UPDATE `et_shopmessage` SET `state`='2' WHERE `shopid` = 52 [ RunTime:0.0359s ]

[ 2017-10-01T22:18:21+08:00 ] 120.20.30.43 /index.php/server/user/shopmesa
INFO: [ app_init ] --START--
INFO: Run Behavior\BuildLiteBehavior [ RunTime:0.000023s ]
INFO: [ app_init ] --END-- [ RunTime:0.000422s ]
INFO: [ app_begin ] --START--
INFO: Run Behavior\ReadHtmlCacheBehavior [ RunTime:0.000601s ]
INFO: [ app_begin ] --END-- [ RunTime:0.000667s ]
NOTIC: [8] A session had already been started - ignoring session_start() D:\wm\ThinkPHP\Common\functions.php 第 1263 行.
SQL: SHOW COLUMNS FROM `et_shopmessage` [ RunTime:0.0025s ]
SQL: SELECT `content`,`gotime`,`long`,`maxprice`,`maxlong`,`lkmoney`,`shophead`,`shopphoto`,`shopname`,`state`,`coordinate`,`detailed_address`,`mobile` FROM `et_shopmessage` WHERE `shopid` = 52 LIMIT 1   [ RunTime:0.0003s ]
SQL: SHOW COLUMNS FROM `et_mingxi` [ RunTime:0.0018s ]
SQL: SELECT * FROM `et_mingxi` WHERE `addtime` BETWEEN '2017-10-01 00:00:00' AND '2017-10-01 22:18:21' AND `shopid` = 52 AND `flag` = 1  [ RunTime:0.0006s ]
SQL: SHOW COLUMNS FROM `et_orders` [ RunTime:0.0024s ]
SQL: SELECT * FROM `et_orders` WHERE `addtime` BETWEEN '2017-10-01 00:00:00' AND '2017-10-01 22:18:21' AND `state` IN ('3','4','5') AND `shopid` = 52  [ RunTime:0.0010s ]

[ 2017-10-01T22:18:21+08:00 ] 120.20.30.43 /index.php/server/evaluate/pingjialist
INFO: [ app_init ] --START--
INFO: Run Behavior\BuildLiteBehavior [ RunTime:0.000017s ]
INFO: [ app_init ] --END-- [ RunTime:0.000325s ]
INFO: [ app_begin ] --START--
INFO: Run Behavior\ReadHtmlCacheBehavior [ RunTime:0.000510s ]
INFO: [ app_begin ] --END-- [ RunTime:0.000578s ]
NOTIC: [8] A session had already been started - ignoring session_start() D:\wm\ThinkPHP\Common\functions.php 第 1263 行.
SQL: SHOW COLUMNS FROM `et_evaluate` [ RunTime:0.0034s ]
SQL: SELECT * FROM `et_evaluate` WHERE `shopid` = 52 LIMIT 0,8   [ RunTime:0.0003s ]

[ 2017-10-01T22:18:21+08:00 ] 120.20.30.43 /index.php/server/evaluate/pingjialist
INFO: [ app_init ] --START--
INFO: Run Behavior\BuildLiteBehavior [ RunTime:0.000025s ]
INFO: [ app_init ] --END-- [ RunTime:0.000430s ]
INFO: [ app_begin ] --START--
INFO: Run Behavior\ReadHtmlCacheBehavior [ RunTime:0.000534s ]
INFO: [ app_begin ] --END-- [ RunTime:0.000599s ]
NOTIC: [8] A session had already been started - ignoring session_start() D:\wm\ThinkPHP\Common\functions.php 第 1263 行.
SQL: SHOW COLUMNS FROM `et_evaluate` [ RunTime:0.0029s ]
SQL: SELECT * FROM `et_evaluate` WHERE `shopid` = 52 LIMIT 0,8   [ RunTime:0.0005s ]

[ 2017-10-01T22:18:22+08:00 ] 120.20.30.43 /index.php/server/user/shopmesa
INFO: [ app_init ] --START--
INFO: Run Behavior\BuildLiteBehavior [ RunTime:0.000026s ]
INFO: [ app_init ] --END-- [ RunTime:0.000549s ]
INFO: [ app_begin ] --START--
INFO: Run Behavior\ReadHtmlCacheBehavior [ RunTime:0.000734s ]
INFO: [ app_begin ] --END-- [ RunTime:0.000811s ]
NOTIC: [8] A session had already been started - ignoring session_start() D:\wm\ThinkPHP\Common\functions.php 第 1263 行.
SQL: SHOW COLUMNS FROM `et_shopmessage` [ RunTime:0.0029s ]
SQL: SELECT `content`,`gotime`,`long`,`maxprice`,`maxlong`,`lkmoney`,`shophead`,`shopphoto`,`shopname`,`state`,`coordinate`,`detailed_address`,`mobile` FROM `et_shopmessage` WHERE `shopid` = 52 LIMIT 1   [ RunTime:0.0003s ]
SQL: SHOW COLUMNS FROM `et_mingxi` [ RunTime:0.0017s ]
SQL: SELECT * FROM `et_mingxi` WHERE `addtime` BETWEEN '2017-10-01 00:00:00' AND '2017-10-01 22:18:22' AND `shopid` = 52 AND `flag` = 1  [ RunTime:0.0005s ]
SQL: SHOW COLUMNS FROM `et_orders` [ RunTime:0.0025s ]
SQL: SELECT * FROM `et_orders` WHERE `addtime` BETWEEN '2017-10-01 00:00:00' AND '2017-10-01 22:18:22' AND `state` IN ('3','4','5') AND `shopid` = 52  [ RunTime:0.0011s ]

[ 2017-10-01T22:18:22+08:00 ] 120.20.30.43 /index.php/server/shop/categorylist
INFO: [ app_init ] --START--
INFO: Run Behavior\BuildLiteBehavior [ RunTime:0.000019s ]
INFO: [ app_init ] --END-- [ RunTime:0.000334s ]
INFO: [ app_begin ] --START--
INFO: Run Behavior\ReadHtmlCacheBehavior [ RunTime:0.000452s ]
INFO: [ app_begin ] --END-- [ RunTime:0.000505s ]
NOTIC: [8] A session had already been started - ignoring session_start() D:\wm\ThinkPHP\Common\functions.php 第 1263 行.
SQL: SHOW COLUMNS FROM `et_category` [ RunTime:0.0036s ]
SQL: SELECT `cid`,`cname` FROM `et_category` WHERE `shopid` = 52  [ RunTime:0.0004s ]
SQL: SHOW COLUMNS FROM `et_shopgoods` [ RunTime:0.0025s ]
SQL: SELECT * FROM `et_shopgoods` WHERE `shopid` = 52 AND `cid` = 188  [ RunTime:0.0022s ]
SQL: SELECT * FROM `et_shopgoods` WHERE `shopid` = 52 AND `cid` = 239  [ RunTime:0.0016s ]
SQL: SELECT * FROM `et_shopgoods` WHERE `shopid` = 52 AND `cid` = 240  [ RunTime:0.0015s ]
SQL: SELECT * FROM `et_shopgoods` WHERE `shopid` = 52 AND `cid` = 249  [ RunTime:0.0012s ]
SQL: SELECT * FROM `et_shopgoods` WHERE `shopid` = 52 AND `cid` = 250  [ RunTime:0.0015s ]
SQL: SELECT * FROM `et_shopgoods` WHERE `shopid` = 52 AND `cid` = 252  [ RunTime:0.0012s ]
SQL: SELECT * FROM `et_shopgoods` WHERE `shopid` = 52 AND `cid` = 253  [ RunTime:0.0015s ]
SQL: SELECT * FROM `et_shopgoods` WHERE `shopid` = 52 AND `cid` = 254  [ RunTime:0.0013s ]
SQL: SELECT * FROM `et_shopgoods` WHERE `shopid` = 52 AND `cid` = 255  [ RunTime:0.0015s ]
SQL: SELECT * FROM `et_shopgoods` WHERE `shopid` = 52 AND `cid` = 278  [ RunTime:0.0014s ]

