[ 2017-08-16T02:41:54+08:00 ] 112.90.82.218 /index.php/home/shop/shoplist
INFO: [ app_init ] --START--
INFO: Run Behavior\BuildLiteBehavior [ RunTime:0.000026s ]
INFO: [ app_init ] --END-- [ RunTime:0.002502s ]
INFO: [ app_begin ] --START--
INFO: Run Behavior\ReadHtmlCacheBehavior [ RunTime:0.003203s ]
INFO: [ app_begin ] --END-- [ RunTime:0.003305s ]
NOTIC: [8] A session had already been started - ignoring session_start() D:\wm\ThinkPHP\Common\functions.php 第 1263 行.
INFO: [ app_end ] --START--
INFO: Run Behavior\ShowPageTraceBehavior [ RunTime:0.040711s ]
INFO: [ app_end ] --END-- [ RunTime:0.040847s ]

[ 2017-08-16T11:18:04+08:00 ] 110.249.130.170 /index.php/home/user/personal_center
INFO: [ app_init ] --START--
INFO: Run Behavior\BuildLiteBehavior [ RunTime:0.000029s ]
INFO: [ app_init ] --END-- [ RunTime:0.003252s ]
INFO: [ app_begin ] --START--
INFO: Run Behavior\ReadHtmlCacheBehavior [ RunTime:0.002943s ]
INFO: [ app_begin ] --END-- [ RunTime:0.003052s ]
NOTIC: [8] A session had already been started - ignoring session_start() D:\wm\ThinkPHP\Common\functions.php 第 1263 行.
SQL: SHOW COLUMNS FROM `et_user` [ RunTime:0.0473s ]
SQL: SELECT `username`,`mobile`,`head_photo` FROM `et_user` WHERE `uid` = 37 LIMIT 1   [ RunTime:0.0003s ]

[ 2017-08-16T11:18:04+08:00 ] 110.249.130.170 /index.php/home/shop/shoplist
INFO: [ app_init ] --START--
INFO: Run Behavior\BuildLiteBehavior [ RunTime:0.000021s ]
INFO: [ app_init ] --END-- [ RunTime:0.002371s ]
INFO: [ app_begin ] --START--
INFO: Run Behavior\ReadHtmlCacheBehavior [ RunTime:0.003048s ]
INFO: [ app_begin ] --END-- [ RunTime:0.003137s ]
NOTIC: [8] A session had already been started - ignoring session_start() D:\wm\ThinkPHP\Common\functions.php 第 1263 行.
SQL: SHOW COLUMNS FROM `et_shopmessage` [ RunTime:0.0812s ]
SQL: SELECT * FROM `et_shopmessage` WHERE `state` IN ('1','2') ORDER BY shopid desc LIMIT 0,15   [ RunTime:0.0005s ]
SQL: SHOW COLUMNS FROM `et_category` [ RunTime:0.0018s ]
SQL: SELECT `cid`,`cname` FROM `et_category` WHERE `shopid` = 45 ORDER BY num desc LIMIT 3   [ RunTime:0.0003s ]
SQL: SELECT `cid`,`cname` FROM `et_category` WHERE `shopid` = 44 ORDER BY num desc LIMIT 3   [ RunTime:0.0002s ]
SQL: SELECT `cid`,`cname` FROM `et_category` WHERE `shopid` = 42 ORDER BY num desc LIMIT 3   [ RunTime:0.0002s ]
SQL: SELECT `cid`,`cname` FROM `et_category` WHERE `shopid` = 13 ORDER BY num desc LIMIT 3   [ RunTime:0.0002s ]
SQL: SELECT `cid`,`cname` FROM `et_category` WHERE `shopid` = 7 ORDER BY num desc LIMIT 3   [ RunTime:0.0002s ]
SQL: SELECT `cid`,`cname` FROM `et_category` WHERE `shopid` = 6 ORDER BY num desc LIMIT 3   [ RunTime:0.0003s ]
SQL: SELECT `shopid`,`shopphoto` FROM `et_shopmessage` WHERE `state` IN ('1','2') AND `states` = 2 LIMIT 4   [ RunTime:0.0002s ]

[ 2017-08-16T11:18:15+08:00 ] 110.249.130.170 /index.php/home/user/personal_center
INFO: [ app_init ] --START--
INFO: Run Behavior\BuildLiteBehavior [ RunTime:0.000030s ]
INFO: [ app_init ] --END-- [ RunTime:0.000498s ]
INFO: [ app_begin ] --START--
INFO: Run Behavior\ReadHtmlCacheBehavior [ RunTime:0.000561s ]
INFO: [ app_begin ] --END-- [ RunTime:0.000627s ]
NOTIC: [8] A session had already been started - ignoring session_start() D:\wm\ThinkPHP\Common\functions.php 第 1263 行.
SQL: SHOW COLUMNS FROM `et_user` [ RunTime:0.0024s ]
SQL: SELECT `username`,`mobile`,`head_photo` FROM `et_user` WHERE `uid` = 37 LIMIT 1   [ RunTime:0.0003s ]

[ 2017-08-16T16:05:05+08:00 ] 110.249.130.170 /index.php/home/user/personal_center
INFO: [ app_init ] --START--
INFO: Run Behavior\BuildLiteBehavior [ RunTime:0.000027s ]
INFO: [ app_init ] --END-- [ RunTime:0.002532s ]
INFO: [ app_begin ] --START--
INFO: Run Behavior\ReadHtmlCacheBehavior [ RunTime:0.003439s ]
INFO: [ app_begin ] --END-- [ RunTime:0.003547s ]
NOTIC: [8] A session had already been started - ignoring session_start() D:\wm\ThinkPHP\Common\functions.php 第 1263 行.
SQL: SHOW COLUMNS FROM `et_user` [ RunTime:0.0060s ]
SQL: SELECT `username`,`mobile`,`head_photo` FROM `et_user` WHERE `uid` = 37 LIMIT 1   [ RunTime:0.0004s ]

[ 2017-08-16T16:05:05+08:00 ] 110.249.130.170 /index.php/home/shop/shoplist
INFO: [ app_init ] --START--
INFO: Run Behavior\BuildLiteBehavior [ RunTime:0.000023s ]
INFO: [ app_init ] --END-- [ RunTime:0.003137s ]
INFO: [ app_begin ] --START--
INFO: Run Behavior\ReadHtmlCacheBehavior [ RunTime:0.003737s ]
INFO: [ app_begin ] --END-- [ RunTime:0.003838s ]
NOTIC: [8] A session had already been started - ignoring session_start() D:\wm\ThinkPHP\Common\functions.php 第 1263 行.
SQL: SHOW COLUMNS FROM `et_shopmessage` [ RunTime:0.0042s ]
SQL: SELECT * FROM `et_shopmessage` WHERE `state` IN ('1','2') ORDER BY shopid desc LIMIT 0,15   [ RunTime:0.0006s ]
SQL: SHOW COLUMNS FROM `et_category` [ RunTime:0.0853s ]
SQL: SELECT `cid`,`cname` FROM `et_category` WHERE `shopid` = 45 ORDER BY num desc LIMIT 3   [ RunTime:0.0003s ]
SQL: SELECT `cid`,`cname` FROM `et_category` WHERE `shopid` = 44 ORDER BY num desc LIMIT 3   [ RunTime:0.0002s ]
SQL: SELECT `cid`,`cname` FROM `et_category` WHERE `shopid` = 42 ORDER BY num desc LIMIT 3   [ RunTime:0.0006s ]
SQL: SELECT `cid`,`cname` FROM `et_category` WHERE `shopid` = 13 ORDER BY num desc LIMIT 3   [ RunTime:0.0621s ]
SQL: SELECT `cid`,`cname` FROM `et_category` WHERE `shopid` = 7 ORDER BY num desc LIMIT 3   [ RunTime:0.0004s ]
SQL: SELECT `cid`,`cname` FROM `et_category` WHERE `shopid` = 6 ORDER BY num desc LIMIT 3   [ RunTime:0.0002s ]
SQL: SELECT `shopid`,`shopphoto` FROM `et_shopmessage` WHERE `state` IN ('1','2') AND `states` = 2 LIMIT 4   [ RunTime:0.0002s ]

[ 2017-08-16T16:05:15+08:00 ] 110.249.130.170 /index.php/home/user/personal_center
INFO: [ app_init ] --START--
INFO: Run Behavior\BuildLiteBehavior [ RunTime:0.000024s ]
INFO: [ app_init ] --END-- [ RunTime:0.000517s ]
INFO: [ app_begin ] --START--
INFO: Run Behavior\ReadHtmlCacheBehavior [ RunTime:0.000898s ]
INFO: [ app_begin ] --END-- [ RunTime:0.000980s ]
NOTIC: [8] A session had already been started - ignoring session_start() D:\wm\ThinkPHP\Common\functions.php 第 1263 行.
SQL: SHOW COLUMNS FROM `et_user` [ RunTime:0.0035s ]
SQL: SELECT `username`,`mobile`,`head_photo` FROM `et_user` WHERE `uid` = 37 LIMIT 1   [ RunTime:0.0004s ]

[ 2017-08-16T16:05:28+08:00 ] 110.249.130.170 /index.php/home/user/set_photo
INFO: [ app_init ] --START--
INFO: Run Behavior\BuildLiteBehavior [ RunTime:0.000023s ]
INFO: [ app_init ] --END-- [ RunTime:0.000499s ]
INFO: [ app_begin ] --START--
INFO: Run Behavior\ReadHtmlCacheBehavior [ RunTime:0.000736s ]
INFO: [ app_begin ] --END-- [ RunTime:0.000812s ]
NOTIC: [8] A session had already been started - ignoring session_start() D:\wm\ThinkPHP\Common\functions.php 第 1263 行.
SQL: SHOW COLUMNS FROM `et_user` [ RunTime:0.0031s ]
SQL: UPDATE `et_user` SET `head_photo`='uploads/2848242388f342abf03d685097cb58f8.jpg' WHERE `uid` = 37 [ RunTime:0.0892s ]

[ 2017-08-16T16:05:33+08:00 ] 110.249.130.170 /index.php/home/user/personal_center
INFO: [ app_init ] --START--
INFO: Run Behavior\BuildLiteBehavior [ RunTime:0.000020s ]
INFO: [ app_init ] --END-- [ RunTime:0.000427s ]
INFO: [ app_begin ] --START--
INFO: Run Behavior\ReadHtmlCacheBehavior [ RunTime:0.000615s ]
INFO: [ app_begin ] --END-- [ RunTime:0.000686s ]
NOTIC: [8] A session had already been started - ignoring session_start() D:\wm\ThinkPHP\Common\functions.php 第 1263 行.
SQL: SHOW COLUMNS FROM `et_user` [ RunTime:0.0032s ]
SQL: SELECT `username`,`mobile`,`head_photo` FROM `et_user` WHERE `uid` = 37 LIMIT 1   [ RunTime:0.0004s ]

[ 2017-08-16T16:05:58+08:00 ] 110.249.130.170 /index.php/home/user/personal_center
INFO: [ app_init ] --START--
INFO: Run Behavior\BuildLiteBehavior [ RunTime:0.000023s ]
INFO: [ app_init ] --END-- [ RunTime:0.000451s ]
INFO: [ app_begin ] --START--
INFO: Run Behavior\ReadHtmlCacheBehavior [ RunTime:0.000596s ]
INFO: [ app_begin ] --END-- [ RunTime:0.000719s ]
NOTIC: [8] A session had already been started - ignoring session_start() D:\wm\ThinkPHP\Common\functions.php 第 1263 行.
SQL: SHOW COLUMNS FROM `et_user` [ RunTime:0.0029s ]
SQL: SELECT `username`,`mobile`,`head_photo` FROM `et_user` WHERE `uid` = 37 LIMIT 1   [ RunTime:0.0003s ]

[ 2017-08-16T16:06:56+08:00 ] 110.249.130.170 /index.php/home/user/personal_center
INFO: [ app_init ] --START--
INFO: Run Behavior\BuildLiteBehavior [ RunTime:0.000025s ]
INFO: [ app_init ] --END-- [ RunTime:0.000542s ]
INFO: [ app_begin ] --START--
INFO: Run Behavior\ReadHtmlCacheBehavior [ RunTime:0.000676s ]
INFO: [ app_begin ] --END-- [ RunTime:0.000756s ]
NOTIC: [8] A session had already been started - ignoring session_start() D:\wm\ThinkPHP\Common\functions.php 第 1263 行.
SQL: SHOW COLUMNS FROM `et_user` [ RunTime:0.0025s ]
SQL: SELECT `username`,`mobile`,`head_photo` FROM `et_user` WHERE `uid` = 37 LIMIT 1   [ RunTime:0.0003s ]

[ 2017-08-16T16:07:10+08:00 ] 110.249.130.170 /index.php/home/user/set_photo
INFO: [ app_init ] --START--
INFO: Run Behavior\BuildLiteBehavior [ RunTime:0.000022s ]
INFO: [ app_init ] --END-- [ RunTime:0.000504s ]
INFO: [ app_begin ] --START--
INFO: Run Behavior\ReadHtmlCacheBehavior [ RunTime:0.000617s ]
INFO: [ app_begin ] --END-- [ RunTime:0.000689s ]
NOTIC: [8] A session had already been started - ignoring session_start() D:\wm\ThinkPHP\Common\functions.php 第 1263 行.
SQL: SHOW COLUMNS FROM `et_user` [ RunTime:0.0025s ]
SQL: UPDATE `et_user` SET `head_photo`='uploads/17813e2198a7313460c4bea555217f2a.jpg' WHERE `uid` = 37 [ RunTime:0.0107s ]

[ 2017-08-16T16:07:31+08:00 ] 110.249.130.170 /index.php/home/user/personal_center
INFO: [ app_init ] --START--
INFO: Run Behavior\BuildLiteBehavior [ RunTime:0.000019s ]
INFO: [ app_init ] --END-- [ RunTime:0.000369s ]
INFO: [ app_begin ] --START--
INFO: Run Behavior\ReadHtmlCacheBehavior [ RunTime:0.000628s ]
INFO: [ app_begin ] --END-- [ RunTime:0.000697s ]
NOTIC: [8] A session had already been started - ignoring session_start() D:\wm\ThinkPHP\Common\functions.php 第 1263 行.
SQL: SHOW COLUMNS FROM `et_user` [ RunTime:0.0031s ]
SQL: SELECT `username`,`mobile`,`head_photo` FROM `et_user` WHERE `uid` = 37 LIMIT 1   [ RunTime:0.0003s ]

[ 2017-08-16T16:08:01+08:00 ] 110.249.130.170 /index.php/home/user/edit_username
INFO: [ app_init ] --START--
INFO: Run Behavior\BuildLiteBehavior [ RunTime:0.000029s ]
INFO: [ app_init ] --END-- [ RunTime:0.000481s ]
INFO: [ app_begin ] --START--
INFO: Run Behavior\ReadHtmlCacheBehavior [ RunTime:0.000563s ]
INFO: [ app_begin ] --END-- [ RunTime:0.000630s ]
NOTIC: [8] A session had already been started - ignoring session_start() D:\wm\ThinkPHP\Common\functions.php 第 1263 行.
SQL: SHOW COLUMNS FROM `et_user` [ RunTime:0.0028s ]
SQL: UPDATE `et_user` SET `username`='这种难以言语' WHERE `uid` = 37 [ RunTime:0.0308s ]

[ 2017-08-16T16:08:25+08:00 ] 110.249.130.170 /index.php/home/user/set_photo
INFO: [ app_init ] --START--
INFO: Run Behavior\BuildLiteBehavior [ RunTime:0.000015s ]
INFO: [ app_init ] --END-- [ RunTime:0.000374s ]
INFO: [ app_begin ] --START--
INFO: Run Behavior\ReadHtmlCacheBehavior [ RunTime:0.000444s ]
INFO: [ app_begin ] --END-- [ RunTime:0.000511s ]
NOTIC: [8] A session had already been started - ignoring session_start() D:\wm\ThinkPHP\Common\functions.php 第 1263 行.
SQL: SHOW COLUMNS FROM `et_user` [ RunTime:0.0039s ]
SQL: UPDATE `et_user` SET `head_photo`='uploads/f90308173efedb5c25a06dfb9d2f3a59.jpg' WHERE `uid` = 37 [ RunTime:0.0075s ]

[ 2017-08-16T16:08:27+08:00 ] 110.249.130.170 /index.php/home/user/personal_center
INFO: [ app_init ] --START--
INFO: Run Behavior\BuildLiteBehavior [ RunTime:0.000019s ]
INFO: [ app_init ] --END-- [ RunTime:0.000373s ]
INFO: [ app_begin ] --START--
INFO: Run Behavior\ReadHtmlCacheBehavior [ RunTime:0.000541s ]
INFO: [ app_begin ] --END-- [ RunTime:0.000599s ]
NOTIC: [8] A session had already been started - ignoring session_start() D:\wm\ThinkPHP\Common\functions.php 第 1263 行.
SQL: SHOW COLUMNS FROM `et_user` [ RunTime:0.0027s ]
SQL: SELECT `username`,`mobile`,`head_photo` FROM `et_user` WHERE `uid` = 37 LIMIT 1   [ RunTime:0.0003s ]

[ 2017-08-16T16:08:35+08:00 ] 110.249.130.170 /index.php/home/user/edit_username
INFO: [ app_init ] --START--
INFO: Run Behavior\BuildLiteBehavior [ RunTime:0.000023s ]
INFO: [ app_init ] --END-- [ RunTime:0.000503s ]
INFO: [ app_begin ] --START--
INFO: Run Behavior\ReadHtmlCacheBehavior [ RunTime:0.000674s ]
INFO: [ app_begin ] --END-- [ RunTime:0.000754s ]
NOTIC: [8] A session had already been started - ignoring session_start() D:\wm\ThinkPHP\Common\functions.php 第 1263 行.
SQL: SHOW COLUMNS FROM `et_user` [ RunTime:0.0045s ]
SQL: UPDATE `et_user` SET `username`='在一起是什么' WHERE `uid` = 37 [ RunTime:0.0067s ]

[ 2017-08-16T16:08:39+08:00 ] 110.249.130.170 /index.php/home/user/personal_center
INFO: [ app_init ] --START--
INFO: Run Behavior\BuildLiteBehavior [ RunTime:0.000019s ]
INFO: [ app_init ] --END-- [ RunTime:0.000402s ]
INFO: [ app_begin ] --START--
INFO: Run Behavior\ReadHtmlCacheBehavior [ RunTime:0.000702s ]
INFO: [ app_begin ] --END-- [ RunTime:0.000766s ]
NOTIC: [8] A session had already been started - ignoring session_start() D:\wm\ThinkPHP\Common\functions.php 第 1263 行.
SQL: SHOW COLUMNS FROM `et_user` [ RunTime:0.0034s ]
SQL: SELECT `username`,`mobile`,`head_photo` FROM `et_user` WHERE `uid` = 37 LIMIT 1   [ RunTime:0.0003s ]

[ 2017-08-16T16:08:40+08:00 ] 110.249.130.170 /index.php/home/user/personal_center
INFO: [ app_init ] --START--
INFO: Run Behavior\BuildLiteBehavior [ RunTime:0.000028s ]
INFO: [ app_init ] --END-- [ RunTime:0.000508s ]
INFO: [ app_begin ] --START--
INFO: Run Behavior\ReadHtmlCacheBehavior [ RunTime:0.000710s ]
INFO: [ app_begin ] --END-- [ RunTime:0.000798s ]
NOTIC: [8] A session had already been started - ignoring session_start() D:\wm\ThinkPHP\Common\functions.php 第 1263 行.
SQL: SHOW COLUMNS FROM `et_user` [ RunTime:0.0028s ]
SQL: SELECT `username`,`mobile`,`head_photo` FROM `et_user` WHERE `uid` = 37 LIMIT 1   [ RunTime:0.0003s ]

[ 2017-08-16T16:58:20+08:00 ] 110.249.130.170 /index.php/home/user/personal_center
INFO: [ app_init ] --START--
INFO: Run Behavior\BuildLiteBehavior [ RunTime:0.000017s ]
INFO: [ app_init ] --END-- [ RunTime:0.000323s ]
INFO: [ app_begin ] --START--
INFO: Run Behavior\ReadHtmlCacheBehavior [ RunTime:0.000584s ]
INFO: [ app_begin ] --END-- [ RunTime:0.000641s ]
NOTIC: [8] A session had already been started - ignoring session_start() D:\wm\ThinkPHP\Common\functions.php 第 1263 行.
SQL: SHOW COLUMNS FROM `et_user` [ RunTime:0.0331s ]
SQL: SELECT `username`,`mobile`,`head_photo` FROM `et_user` WHERE `uid` = 37 LIMIT 1   [ RunTime:0.0003s ]

[ 2017-08-16T16:58:20+08:00 ] 110.249.130.170 /index.php/home/shop/shoplist
INFO: [ app_init ] --START--
INFO: Run Behavior\BuildLiteBehavior [ RunTime:0.000016s ]
INFO: [ app_init ] --END-- [ RunTime:0.000342s ]
INFO: [ app_begin ] --START--
INFO: Run Behavior\ReadHtmlCacheBehavior [ RunTime:0.000532s ]
INFO: [ app_begin ] --END-- [ RunTime:0.000589s ]
NOTIC: [8] A session had already been started - ignoring session_start() D:\wm\ThinkPHP\Common\functions.php 第 1263 行.
SQL: SHOW COLUMNS FROM `et_shopmessage` [ RunTime:0.0374s ]
SQL: SELECT * FROM `et_shopmessage` WHERE `state` IN ('1','2') ORDER BY shopid desc LIMIT 0,15   [ RunTime:0.0005s ]
SQL: SHOW COLUMNS FROM `et_category` [ RunTime:0.0570s ]
SQL: SELECT `cid`,`cname` FROM `et_category` WHERE `shopid` = 45 ORDER BY num desc LIMIT 3   [ RunTime:0.0005s ]
SQL: SELECT `cid`,`cname` FROM `et_category` WHERE `shopid` = 44 ORDER BY num desc LIMIT 3   [ RunTime:0.0003s ]
SQL: SELECT `cid`,`cname` FROM `et_category` WHERE `shopid` = 42 ORDER BY num desc LIMIT 3   [ RunTime:0.0003s ]
SQL: SELECT `cid`,`cname` FROM `et_category` WHERE `shopid` = 13 ORDER BY num desc LIMIT 3   [ RunTime:0.0003s ]
SQL: SELECT `cid`,`cname` FROM `et_category` WHERE `shopid` = 7 ORDER BY num desc LIMIT 3   [ RunTime:0.0003s ]
SQL: SELECT `cid`,`cname` FROM `et_category` WHERE `shopid` = 6 ORDER BY num desc LIMIT 3   [ RunTime:0.0003s ]
SQL: SELECT `shopid`,`shopphoto` FROM `et_shopmessage` WHERE `state` IN ('1','2') AND `states` = 2 LIMIT 4   [ RunTime:0.0003s ]

[ 2017-08-16T16:58:23+08:00 ] 110.249.130.170 /index.php/home/user/personal_center
INFO: [ app_init ] --START--
INFO: Run Behavior\BuildLiteBehavior [ RunTime:0.000026s ]
INFO: [ app_init ] --END-- [ RunTime:0.000328s ]
INFO: [ app_begin ] --START--
INFO: Run Behavior\ReadHtmlCacheBehavior [ RunTime:0.000478s ]
INFO: [ app_begin ] --END-- [ RunTime:0.000590s ]
NOTIC: [8] A session had already been started - ignoring session_start() D:\wm\ThinkPHP\Common\functions.php 第 1263 行.
SQL: SHOW COLUMNS FROM `et_user` [ RunTime:0.0023s ]
SQL: SELECT `username`,`mobile`,`head_photo` FROM `et_user` WHERE `uid` = 37 LIMIT 1   [ RunTime:0.0003s ]

[ 2017-08-16T18:40:02+08:00 ] 183.57.53.222 /index.php/home/user/personal_center
INFO: [ app_init ] --START--
INFO: Run Behavior\BuildLiteBehavior [ RunTime:0.000081s ]
INFO: [ app_init ] --END-- [ RunTime:0.002966s ]
INFO: [ app_begin ] --START--
INFO: Run Behavior\ReadHtmlCacheBehavior [ RunTime:0.003059s ]
INFO: [ app_begin ] --END-- [ RunTime:0.003197s ]
NOTIC: [8] A session had already been started - ignoring session_start() D:\wm\ThinkPHP\Common\functions.php 第 1263 行.
INFO: [ app_end ] --START--
INFO: Run Behavior\ShowPageTraceBehavior [ RunTime:0.017421s ]
INFO: [ app_end ] --END-- [ RunTime:0.017548s ]

[ 2017-08-16T19:14:30+08:00 ] 14.17.3.64 /index.php/home/user/edit_username
INFO: [ app_init ] --START--
INFO: Run Behavior\BuildLiteBehavior [ RunTime:0.000025s ]
INFO: [ app_init ] --END-- [ RunTime:0.000514s ]
INFO: [ app_begin ] --START--
INFO: Run Behavior\ReadHtmlCacheBehavior [ RunTime:0.000604s ]
INFO: [ app_begin ] --END-- [ RunTime:0.000664s ]
NOTIC: [8] A session had already been started - ignoring session_start() D:\wm\ThinkPHP\Common\functions.php 第 1263 行.
INFO: [ app_end ] --START--
INFO: Run Behavior\ShowPageTraceBehavior [ RunTime:0.000564s ]
INFO: [ app_end ] --END-- [ RunTime:0.000620s ]

[ 2017-08-16T19:48:26+08:00 ] 14.17.3.64 /index.php/home/user/set_photo
INFO: [ app_init ] --START--
INFO: Run Behavior\BuildLiteBehavior [ RunTime:0.000019s ]
INFO: [ app_init ] --END-- [ RunTime:0.000349s ]
INFO: [ app_begin ] --START--
INFO: Run Behavior\ReadHtmlCacheBehavior [ RunTime:0.000461s ]
INFO: [ app_begin ] --END-- [ RunTime:0.000520s ]
NOTIC: [8] A session had already been started - ignoring session_start() D:\wm\ThinkPHP\Common\functions.php 第 1263 行.
NOTIC: [8] Undefined index: userid D:\wm\Application\Home\Controller\UserController.class.php 第 523 行.
NOTIC: [8] Undefined index: token D:\wm\Application\Home\Controller\UserController.class.php 第 524 行.
NOTIC: [8] Undefined variable: files D:\wm\Application\Home\Controller\UserController.class.php 第 535 行.
SQL: SHOW COLUMNS FROM `et_user` [ RunTime:0.0252s ]
SQL: UPDATE `et_user` SET `head_photo`=NULL WHERE `uid` = null [ RunTime:0.0003s ]

