[ 2017-08-20T00:36:27+08:00 ] 17.199.220.17 /index.php/home/shop/shoplist
INFO: [ app_init ] --START--
INFO: Run Behavior\BuildLiteBehavior [ RunTime:0.000023s ]
INFO: [ app_init ] --END-- [ RunTime:0.003326s ]
INFO: [ app_begin ] --START--
INFO: Run Behavior\ReadHtmlCacheBehavior [ RunTime:0.002864s ]
INFO: [ app_begin ] --END-- [ RunTime:0.003162s ]
NOTIC: [8] A session had already been started - ignoring session_start() D:\wm\ThinkPHP\Common\functions.php 第 1263 行.
SQL: SHOW COLUMNS FROM `et_shopmessage` [ RunTime:0.0583s ]
SQL: SELECT * FROM `et_shopmessage` WHERE `state` IN ('1','2') ORDER BY shopid desc LIMIT 0,15   [ RunTime:0.0005s ]
NOTIC: [8] Undefined offset: 1 D:\wm\Application\Home\Controller\ShopController.class.php 第 30 行.
SQL: SHOW COLUMNS FROM `et_category` [ RunTime:0.0022s ]
SQL: SELECT `cid`,`cname` FROM `et_category` WHERE `shopid` = 47 ORDER BY num desc LIMIT 3   [ RunTime:0.0003s ]
NOTIC: [8] Undefined offset: 1 D:\wm\Application\Home\Controller\ShopController.class.php 第 30 行.
SQL: SELECT `cid`,`cname` FROM `et_category` WHERE `shopid` = 45 ORDER BY num desc LIMIT 3   [ RunTime:0.0002s ]
NOTIC: [8] Undefined offset: 1 D:\wm\Application\Home\Controller\ShopController.class.php 第 30 行.
SQL: SELECT `cid`,`cname` FROM `et_category` WHERE `shopid` = 44 ORDER BY num desc LIMIT 3   [ RunTime:0.0002s ]
NOTIC: [8] Undefined offset: 1 D:\wm\Application\Home\Controller\ShopController.class.php 第 30 行.
SQL: SELECT `cid`,`cname` FROM `et_category` WHERE `shopid` = 42 ORDER BY num desc LIMIT 3   [ RunTime:0.0003s ]
NOTIC: [8] Undefined offset: 1 D:\wm\Application\Home\Controller\ShopController.class.php 第 30 行.
SQL: SELECT `cid`,`cname` FROM `et_category` WHERE `shopid` = 13 ORDER BY num desc LIMIT 3   [ RunTime:0.0002s ]
NOTIC: [8] Undefined offset: 1 D:\wm\Application\Home\Controller\ShopController.class.php 第 30 行.
SQL: SELECT `cid`,`cname` FROM `et_category` WHERE `shopid` = 7 ORDER BY num desc LIMIT 3   [ RunTime:0.0002s ]
NOTIC: [8] Undefined offset: 1 D:\wm\Application\Home\Controller\ShopController.class.php 第 30 行.
SQL: SELECT `cid`,`cname` FROM `et_category` WHERE `shopid` = 6 ORDER BY num desc LIMIT 3   [ RunTime:0.0002s ]
SQL: SELECT `shopid`,`shopphoto` FROM `et_shopmessage` WHERE `state` IN ('1','2') AND `states` = 2 LIMIT 4   [ RunTime:0.0002s ]

[ 2017-08-20T00:36:49+08:00 ] 17.199.220.17 /index.php/home/shop/sercheshop
INFO: [ app_init ] --START--
INFO: Run Behavior\BuildLiteBehavior [ RunTime:0.000027s ]
INFO: [ app_init ] --END-- [ RunTime:0.000474s ]
INFO: [ app_begin ] --START--
INFO: Run Behavior\ReadHtmlCacheBehavior [ RunTime:0.000813s ]
INFO: [ app_begin ] --END-- [ RunTime:0.000899s ]
NOTIC: [8] A session had already been started - ignoring session_start() D:\wm\ThinkPHP\Common\functions.php 第 1263 行.
NOTIC: [8] Undefined index: coor D:\wm\Application\Home\Controller\ShopController.class.php 第 330 行.
SQL: SHOW COLUMNS FROM `et_shopmessage` [ RunTime:0.0036s ]
SQL: SELECT * FROM `et_shopmessage` WHERE `shopname` LIKE '%Doctor%' ORDER BY shopid desc  [ RunTime:0.0005s ]

[ 2017-08-20T00:36:59+08:00 ] 17.199.220.17 /index.php/home/shop/sercheshop
INFO: [ app_init ] --START--
INFO: Run Behavior\BuildLiteBehavior [ RunTime:0.000016s ]
INFO: [ app_init ] --END-- [ RunTime:0.000312s ]
INFO: [ app_begin ] --START--
INFO: Run Behavior\ReadHtmlCacheBehavior [ RunTime:0.000429s ]
INFO: [ app_begin ] --END-- [ RunTime:0.000485s ]
NOTIC: [8] A session had already been started - ignoring session_start() D:\wm\ThinkPHP\Common\functions.php 第 1263 行.
NOTIC: [8] Undefined index: coor D:\wm\Application\Home\Controller\ShopController.class.php 第 330 行.
SQL: SHOW COLUMNS FROM `et_shopmessage` [ RunTime:0.0016s ]
SQL: SELECT * FROM `et_shopmessage` WHERE `shopname` LIKE '%Doctor%' ORDER BY shopid desc  [ RunTime:0.0003s ]

[ 2017-08-20T00:37:21+08:00 ] 17.199.220.17 /index.php/home/shop/shoplist
INFO: [ app_init ] --START--
INFO: Run Behavior\BuildLiteBehavior [ RunTime:0.000020s ]
INFO: [ app_init ] --END-- [ RunTime:0.000365s ]
INFO: [ app_begin ] --START--
INFO: Run Behavior\ReadHtmlCacheBehavior [ RunTime:0.000446s ]
INFO: [ app_begin ] --END-- [ RunTime:0.000500s ]
NOTIC: [8] A session had already been started - ignoring session_start() D:\wm\ThinkPHP\Common\functions.php 第 1263 行.
SQL: SHOW COLUMNS FROM `et_shopmessage` [ RunTime:0.0030s ]
SQL: SELECT * FROM `et_shopmessage` WHERE `state` IN ('1','2') ORDER BY shopid desc  [ RunTime:0.0006s ]
NOTIC: [8] Undefined offset: 1 D:\wm\Application\Home\Controller\ShopController.class.php 第 90 行.
SQL: SHOW COLUMNS FROM `et_category` [ RunTime:0.0024s ]
SQL: SELECT `cid`,`cname` FROM `et_category` WHERE `shopid` = 47 ORDER BY num desc LIMIT 3   [ RunTime:0.0004s ]
NOTIC: [8] Undefined offset: 1 D:\wm\Application\Home\Controller\ShopController.class.php 第 90 行.
SQL: SELECT `cid`,`cname` FROM `et_category` WHERE `shopid` = 45 ORDER BY num desc LIMIT 3   [ RunTime:0.0003s ]
NOTIC: [8] Undefined offset: 1 D:\wm\Application\Home\Controller\ShopController.class.php 第 90 行.
SQL: SELECT `cid`,`cname` FROM `et_category` WHERE `shopid` = 44 ORDER BY num desc LIMIT 3   [ RunTime:0.0003s ]
NOTIC: [8] Undefined offset: 1 D:\wm\Application\Home\Controller\ShopController.class.php 第 90 行.
SQL: SELECT `cid`,`cname` FROM `et_category` WHERE `shopid` = 42 ORDER BY num desc LIMIT 3   [ RunTime:0.0002s ]
NOTIC: [8] Undefined offset: 1 D:\wm\Application\Home\Controller\ShopController.class.php 第 90 行.
SQL: SELECT `cid`,`cname` FROM `et_category` WHERE `shopid` = 13 ORDER BY num desc LIMIT 3   [ RunTime:0.0003s ]
NOTIC: [8] Undefined offset: 1 D:\wm\Application\Home\Controller\ShopController.class.php 第 90 行.
SQL: SELECT `cid`,`cname` FROM `et_category` WHERE `shopid` = 7 ORDER BY num desc LIMIT 3   [ RunTime:0.0002s ]
NOTIC: [8] Undefined offset: 1 D:\wm\Application\Home\Controller\ShopController.class.php 第 90 行.
SQL: SELECT `cid`,`cname` FROM `et_category` WHERE `shopid` = 6 ORDER BY num desc LIMIT 3   [ RunTime:0.0002s ]
SQL: SELECT `shopid`,`shopphoto` FROM `et_shopmessage` WHERE `state` IN ('1','2') AND `states` = 2 LIMIT 4   [ RunTime:0.0003s ]

[ 2017-08-20T00:37:27+08:00 ] 17.199.220.17 /index.php/home/shop/shoplist
INFO: [ app_init ] --START--
INFO: Run Behavior\BuildLiteBehavior [ RunTime:0.000017s ]
INFO: [ app_init ] --END-- [ RunTime:0.000325s ]
INFO: [ app_begin ] --START--
INFO: Run Behavior\ReadHtmlCacheBehavior [ RunTime:0.000467s ]
INFO: [ app_begin ] --END-- [ RunTime:0.000523s ]
NOTIC: [8] A session had already been started - ignoring session_start() D:\wm\ThinkPHP\Common\functions.php 第 1263 行.
SQL: SHOW COLUMNS FROM `et_shopmessage` [ RunTime:0.0017s ]
SQL: SELECT * FROM `et_shopmessage` WHERE `state` IN ('1','2') ORDER BY shopid desc  [ RunTime:0.0005s ]
NOTIC: [8] Undefined offset: 1 D:\wm\Application\Home\Controller\ShopController.class.php 第 90 行.
SQL: SHOW COLUMNS FROM `et_category` [ RunTime:0.0017s ]
SQL: SELECT `cid`,`cname` FROM `et_category` WHERE `shopid` = 47 ORDER BY num desc LIMIT 3   [ RunTime:0.0003s ]
NOTIC: [8] Undefined offset: 1 D:\wm\Application\Home\Controller\ShopController.class.php 第 90 行.
SQL: SELECT `cid`,`cname` FROM `et_category` WHERE `shopid` = 45 ORDER BY num desc LIMIT 3   [ RunTime:0.0002s ]
NOTIC: [8] Undefined offset: 1 D:\wm\Application\Home\Controller\ShopController.class.php 第 90 行.
SQL: SELECT `cid`,`cname` FROM `et_category` WHERE `shopid` = 44 ORDER BY num desc LIMIT 3   [ RunTime:0.0003s ]
NOTIC: [8] Undefined offset: 1 D:\wm\Application\Home\Controller\ShopController.class.php 第 90 行.
SQL: SELECT `cid`,`cname` FROM `et_category` WHERE `shopid` = 42 ORDER BY num desc LIMIT 3   [ RunTime:0.0002s ]
NOTIC: [8] Undefined offset: 1 D:\wm\Application\Home\Controller\ShopController.class.php 第 90 行.
SQL: SELECT `cid`,`cname` FROM `et_category` WHERE `shopid` = 13 ORDER BY num desc LIMIT 3   [ RunTime:0.0003s ]
NOTIC: [8] Undefined offset: 1 D:\wm\Application\Home\Controller\ShopController.class.php 第 90 行.
SQL: SELECT `cid`,`cname` FROM `et_category` WHERE `shopid` = 7 ORDER BY num desc LIMIT 3   [ RunTime:0.0003s ]
NOTIC: [8] Undefined offset: 1 D:\wm\Application\Home\Controller\ShopController.class.php 第 90 行.
SQL: SELECT `cid`,`cname` FROM `et_category` WHERE `shopid` = 6 ORDER BY num desc LIMIT 3   [ RunTime:0.0002s ]
SQL: SELECT `shopid`,`shopphoto` FROM `et_shopmessage` WHERE `state` IN ('1','2') AND `states` = 2 LIMIT 4   [ RunTime:0.0002s ]

[ 2017-08-20T00:37:38+08:00 ] 17.199.220.17 /index.php/home/shop/shoplist
INFO: [ app_init ] --START--
INFO: Run Behavior\BuildLiteBehavior [ RunTime:0.000019s ]
INFO: [ app_init ] --END-- [ RunTime:0.000446s ]
INFO: [ app_begin ] --START--
INFO: Run Behavior\ReadHtmlCacheBehavior [ RunTime:0.000485s ]
INFO: [ app_begin ] --END-- [ RunTime:0.000565s ]
NOTIC: [8] A session had already been started - ignoring session_start() D:\wm\ThinkPHP\Common\functions.php 第 1263 行.
SQL: SHOW COLUMNS FROM `et_shopmessage` [ RunTime:0.0033s ]
SQL: SELECT * FROM `et_shopmessage` WHERE `state` IN ('1','2') ORDER BY shopid desc  [ RunTime:0.0004s ]
NOTIC: [8] Undefined offset: 1 D:\wm\Application\Home\Controller\ShopController.class.php 第 90 行.
SQL: SHOW COLUMNS FROM `et_category` [ RunTime:0.0017s ]
SQL: SELECT `cid`,`cname` FROM `et_category` WHERE `shopid` = 47 ORDER BY num desc LIMIT 3   [ RunTime:0.0004s ]
NOTIC: [8] Undefined offset: 1 D:\wm\Application\Home\Controller\ShopController.class.php 第 90 行.
SQL: SELECT `cid`,`cname` FROM `et_category` WHERE `shopid` = 45 ORDER BY num desc LIMIT 3   [ RunTime:0.0002s ]
NOTIC: [8] Undefined offset: 1 D:\wm\Application\Home\Controller\ShopController.class.php 第 90 行.
SQL: SELECT `cid`,`cname` FROM `et_category` WHERE `shopid` = 44 ORDER BY num desc LIMIT 3   [ RunTime:0.0003s ]
NOTIC: [8] Undefined offset: 1 D:\wm\Application\Home\Controller\ShopController.class.php 第 90 行.
SQL: SELECT `cid`,`cname` FROM `et_category` WHERE `shopid` = 42 ORDER BY num desc LIMIT 3   [ RunTime:0.0002s ]
NOTIC: [8] Undefined offset: 1 D:\wm\Application\Home\Controller\ShopController.class.php 第 90 行.
SQL: SELECT `cid`,`cname` FROM `et_category` WHERE `shopid` = 13 ORDER BY num desc LIMIT 3   [ RunTime:0.0002s ]
NOTIC: [8] Undefined offset: 1 D:\wm\Application\Home\Controller\ShopController.class.php 第 90 行.
SQL: SELECT `cid`,`cname` FROM `et_category` WHERE `shopid` = 7 ORDER BY num desc LIMIT 3   [ RunTime:0.0002s ]
NOTIC: [8] Undefined offset: 1 D:\wm\Application\Home\Controller\ShopController.class.php 第 90 行.
SQL: SELECT `cid`,`cname` FROM `et_category` WHERE `shopid` = 6 ORDER BY num desc LIMIT 3   [ RunTime:0.0002s ]
SQL: SELECT `shopid`,`shopphoto` FROM `et_shopmessage` WHERE `state` IN ('1','2') AND `states` = 2 LIMIT 4   [ RunTime:0.0002s ]

[ 2017-08-20T05:33:06+08:00 ] 183.57.53.197 /index.php/home/shop/shoplist
INFO: [ app_init ] --START--
INFO: Run Behavior\BuildLiteBehavior [ RunTime:0.000020s ]
INFO: [ app_init ] --END-- [ RunTime:0.002182s ]
INFO: [ app_begin ] --START--
INFO: Run Behavior\ReadHtmlCacheBehavior [ RunTime:0.002722s ]
INFO: [ app_begin ] --END-- [ RunTime:0.002813s ]
NOTIC: [8] A session had already been started - ignoring session_start() D:\wm\ThinkPHP\Common\functions.php 第 1263 行.
INFO: [ app_end ] --START--
INFO: Run Behavior\ShowPageTraceBehavior [ RunTime:0.012414s ]
INFO: [ app_end ] --END-- [ RunTime:0.012516s ]

[ 2017-08-20T12:12:35+08:00 ] 124.239.137.26 /index.php/home/shop/shoplist
INFO: [ app_init ] --START--
INFO: Run Behavior\BuildLiteBehavior [ RunTime:0.000021s ]
INFO: [ app_init ] --END-- [ RunTime:0.003055s ]
INFO: [ app_begin ] --START--
INFO: Run Behavior\ReadHtmlCacheBehavior [ RunTime:0.003279s ]
INFO: [ app_begin ] --END-- [ RunTime:0.003361s ]
NOTIC: [8] A session had already been started - ignoring session_start() D:\wm\ThinkPHP\Common\functions.php 第 1263 行.
SQL: SHOW COLUMNS FROM `et_shopmessage` [ RunTime:0.0361s ]
SQL: SELECT * FROM `et_shopmessage` WHERE `state` IN ('1','2') ORDER BY shopid desc LIMIT 0,15   [ RunTime:0.0005s ]
SQL: SHOW COLUMNS FROM `et_category` [ RunTime:0.0641s ]
SQL: SELECT `cid`,`cname` FROM `et_category` WHERE `shopid` = 47 ORDER BY num desc LIMIT 3   [ RunTime:0.0003s ]
SQL: SELECT `cid`,`cname` FROM `et_category` WHERE `shopid` = 45 ORDER BY num desc LIMIT 3   [ RunTime:0.0003s ]
SQL: SELECT `cid`,`cname` FROM `et_category` WHERE `shopid` = 44 ORDER BY num desc LIMIT 3   [ RunTime:0.0002s ]
SQL: SELECT `cid`,`cname` FROM `et_category` WHERE `shopid` = 42 ORDER BY num desc LIMIT 3   [ RunTime:0.0003s ]
SQL: SELECT `cid`,`cname` FROM `et_category` WHERE `shopid` = 13 ORDER BY num desc LIMIT 3   [ RunTime:0.0002s ]
SQL: SELECT `cid`,`cname` FROM `et_category` WHERE `shopid` = 7 ORDER BY num desc LIMIT 3   [ RunTime:0.0002s ]
SQL: SELECT `cid`,`cname` FROM `et_category` WHERE `shopid` = 6 ORDER BY num desc LIMIT 3   [ RunTime:0.0002s ]
SQL: SELECT `shopid`,`shopphoto` FROM `et_shopmessage` WHERE `state` IN ('1','2') AND `states` = 2 LIMIT 4   [ RunTime:0.0002s ]

[ 2017-08-20T12:12:35+08:00 ] 124.239.137.26 /index.php/home/user/personal_center
INFO: [ app_init ] --START--
INFO: Run Behavior\BuildLiteBehavior [ RunTime:0.000023s ]
INFO: [ app_init ] --END-- [ RunTime:0.002378s ]
INFO: [ app_begin ] --START--
INFO: Run Behavior\ReadHtmlCacheBehavior [ RunTime:0.003050s ]
INFO: [ app_begin ] --END-- [ RunTime:0.003150s ]
NOTIC: [8] A session had already been started - ignoring session_start() D:\wm\ThinkPHP\Common\functions.php 第 1263 行.
SQL: SHOW COLUMNS FROM `et_user` [ RunTime:0.0408s ]
SQL: SELECT `username`,`mobile`,`head_photo` FROM `et_user` WHERE `uid` = 17 LIMIT 1   [ RunTime:0.0008s ]

[ 2017-08-20T12:12:38+08:00 ] 110.249.130.170 /index.php/home/shop/menulist
INFO: [ app_init ] --START--
INFO: Run Behavior\BuildLiteBehavior [ RunTime:0.000016s ]
INFO: [ app_init ] --END-- [ RunTime:0.000379s ]
INFO: [ app_begin ] --START--
INFO: Run Behavior\ReadHtmlCacheBehavior [ RunTime:0.000483s ]
INFO: [ app_begin ] --END-- [ RunTime:0.000540s ]
NOTIC: [8] A session had already been started - ignoring session_start() D:\wm\ThinkPHP\Common\functions.php 第 1263 行.
NOTIC: [8] Undefined index: coor D:\wm\Application\Home\Controller\ShopController.class.php 第 238 行.
SQL: SHOW COLUMNS FROM `et_category` [ RunTime:0.0031s ]
SQL: SELECT * FROM `et_category` WHERE `shopid` = 47  [ RunTime:0.0003s ]
SQL: SHOW COLUMNS FROM `et_shopgoods` [ RunTime:0.0029s ]
SQL: SELECT * FROM `et_shopgoods` WHERE `shopid` = 47 AND `cid` = 168  [ RunTime:0.0004s ]
SQL: SHOW COLUMNS FROM `et_shopmessage` [ RunTime:0.0020s ]
SQL: SELECT `shopname`,`shopphoto`,`mobile`,`content`,`shophead`,`state`,`detailed_address`,`coordinate`,`gotime`,`long`,`maxprice`,`maxlong`,`lkmoney` FROM `et_shopmessage` WHERE `shopid` = 47 LIMIT 1   [ RunTime:0.0003s ]
NOTIC: [8] Undefined offset: 1 D:\wm\Application\Home\Controller\ShopController.class.php 第 255 行.
SQL: SHOW COLUMNS FROM `et_evaluate` [ RunTime:0.0021s ]
NOTIC: [8] Undefined index: limit D:\wm\ThinkPHP\Library\Think\Db\Driver.class.php 第 961 行.
SQL: SELECT * FROM `et_evaluate` WHERE `shopid` = 47 LIMIT 0,20   [ RunTime:0.0003s ]

[ 2017-08-20T12:13:03+08:00 ] 110.249.130.170 /index.php/home/shop/shoplist
INFO: [ app_init ] --START--
INFO: Run Behavior\BuildLiteBehavior [ RunTime:0.000021s ]
INFO: [ app_init ] --END-- [ RunTime:0.000368s ]
INFO: [ app_begin ] --START--
INFO: Run Behavior\ReadHtmlCacheBehavior [ RunTime:0.000532s ]
INFO: [ app_begin ] --END-- [ RunTime:0.000589s ]
NOTIC: [8] A session had already been started - ignoring session_start() D:\wm\ThinkPHP\Common\functions.php 第 1263 行.
SQL: SHOW COLUMNS FROM `et_shopmessage` [ RunTime:0.0027s ]
SQL: SELECT * FROM `et_shopmessage` WHERE `state` IN ('1','2') ORDER BY shopid desc LIMIT 0,15   [ RunTime:0.0008s ]
SQL: SHOW COLUMNS FROM `et_category` [ RunTime:0.0035s ]
SQL: SELECT `cid`,`cname` FROM `et_category` WHERE `shopid` = 47 ORDER BY num desc LIMIT 3   [ RunTime:0.0005s ]
SQL: SELECT `cid`,`cname` FROM `et_category` WHERE `shopid` = 45 ORDER BY num desc LIMIT 3   [ RunTime:0.0003s ]
SQL: SELECT `cid`,`cname` FROM `et_category` WHERE `shopid` = 44 ORDER BY num desc LIMIT 3   [ RunTime:0.0003s ]
SQL: SELECT `cid`,`cname` FROM `et_category` WHERE `shopid` = 42 ORDER BY num desc LIMIT 3   [ RunTime:0.0002s ]
SQL: SELECT `cid`,`cname` FROM `et_category` WHERE `shopid` = 13 ORDER BY num desc LIMIT 3   [ RunTime:0.0002s ]
SQL: SELECT `cid`,`cname` FROM `et_category` WHERE `shopid` = 7 ORDER BY num desc LIMIT 3   [ RunTime:0.0002s ]
SQL: SELECT `cid`,`cname` FROM `et_category` WHERE `shopid` = 6 ORDER BY num desc LIMIT 3   [ RunTime:0.0002s ]
SQL: SELECT `shopid`,`shopphoto` FROM `et_shopmessage` WHERE `state` IN ('1','2') AND `states` = 2 LIMIT 4   [ RunTime:0.0003s ]

[ 2017-08-20T12:13:03+08:00 ] 110.249.130.170 /index.php/home/user/personal_center
INFO: [ app_init ] --START--
INFO: Run Behavior\BuildLiteBehavior [ RunTime:0.000018s ]
INFO: [ app_init ] --END-- [ RunTime:0.000394s ]
INFO: [ app_begin ] --START--
INFO: Run Behavior\ReadHtmlCacheBehavior [ RunTime:0.000479s ]
INFO: [ app_begin ] --END-- [ RunTime:0.000542s ]
NOTIC: [8] A session had already been started - ignoring session_start() D:\wm\ThinkPHP\Common\functions.php 第 1263 行.
SQL: SHOW COLUMNS FROM `et_user` [ RunTime:0.0029s ]
SQL: SELECT `username`,`mobile`,`head_photo` FROM `et_user` WHERE `uid` = 17 LIMIT 1   [ RunTime:0.0003s ]

[ 2017-08-20T12:13:05+08:00 ] 110.249.130.170 /index.php/home/shop/menulist
INFO: [ app_init ] --START--
INFO: Run Behavior\BuildLiteBehavior [ RunTime:0.000017s ]
INFO: [ app_init ] --END-- [ RunTime:0.000402s ]
INFO: [ app_begin ] --START--
INFO: Run Behavior\ReadHtmlCacheBehavior [ RunTime:0.000421s ]
INFO: [ app_begin ] --END-- [ RunTime:0.000475s ]
NOTIC: [8] A session had already been started - ignoring session_start() D:\wm\ThinkPHP\Common\functions.php 第 1263 行.
NOTIC: [8] Undefined index: coor D:\wm\Application\Home\Controller\ShopController.class.php 第 238 行.
SQL: SHOW COLUMNS FROM `et_category` [ RunTime:0.0032s ]
SQL: SELECT * FROM `et_category` WHERE `shopid` = 42  [ RunTime:0.0005s ]
SQL: SHOW COLUMNS FROM `et_shopgoods` [ RunTime:0.0034s ]
SQL: SELECT * FROM `et_shopgoods` WHERE `shopid` = 42 AND `cid` = 160  [ RunTime:0.0004s ]
SQL: SELECT * FROM `et_shopgoods` WHERE `shopid` = 42 AND `cid` = 161  [ RunTime:0.0003s ]
SQL: SELECT * FROM `et_shopgoods` WHERE `shopid` = 42 AND `cid` = 162  [ RunTime:0.0004s ]
SQL: SHOW COLUMNS FROM `et_shopmessage` [ RunTime:0.0021s ]
SQL: SELECT `shopname`,`shopphoto`,`mobile`,`content`,`shophead`,`state`,`detailed_address`,`coordinate`,`gotime`,`long`,`maxprice`,`maxlong`,`lkmoney` FROM `et_shopmessage` WHERE `shopid` = 42 LIMIT 1   [ RunTime:0.0003s ]
NOTIC: [8] Undefined offset: 1 D:\wm\Application\Home\Controller\ShopController.class.php 第 255 行.
SQL: SHOW COLUMNS FROM `et_evaluate` [ RunTime:0.0026s ]
NOTIC: [8] Undefined index: limit D:\wm\ThinkPHP\Library\Think\Db\Driver.class.php 第 961 行.
SQL: SELECT * FROM `et_evaluate` WHERE `shopid` = 42 LIMIT 0,20   [ RunTime:0.0003s ]
SQL: SHOW COLUMNS FROM `et_user` [ RunTime:0.0019s ]
SQL: SELECT `username`,`head_photo` FROM `et_user` WHERE `uid` = 47 LIMIT 1   [ RunTime:0.0002s ]
SQL: SHOW COLUMNS FROM `et_backevaluate` [ RunTime:0.0022s ]
SQL: SELECT `backpingjia` FROM `et_backevaluate` WHERE `shopid` = 42 AND `uid` = 47 AND `eid` = 46 LIMIT 1   [ RunTime:0.0003s ]
SQL: SELECT `username`,`head_photo` FROM `et_user` WHERE `uid` = 47 LIMIT 1   [ RunTime:0.0003s ]
SQL: SELECT `backpingjia` FROM `et_backevaluate` WHERE `shopid` = 42 AND `uid` = 47 AND `eid` = 47 LIMIT 1   [ RunTime:0.0003s ]
SQL: SELECT `username`,`head_photo` FROM `et_user` WHERE `uid` = 47 LIMIT 1   [ RunTime:0.0003s ]
SQL: SELECT `backpingjia` FROM `et_backevaluate` WHERE `shopid` = 42 AND `uid` = 47 AND `eid` = 48 LIMIT 1   [ RunTime:0.0003s ]

[ 2017-08-20T12:13:29+08:00 ] 110.249.130.170 /index.php/home/user/personal_center
INFO: [ app_init ] --START--
INFO: Run Behavior\BuildLiteBehavior [ RunTime:0.000023s ]
INFO: [ app_init ] --END-- [ RunTime:0.000459s ]
INFO: [ app_begin ] --START--
INFO: Run Behavior\ReadHtmlCacheBehavior [ RunTime:0.000489s ]
INFO: [ app_begin ] --END-- [ RunTime:0.000555s ]
NOTIC: [8] A session had already been started - ignoring session_start() D:\wm\ThinkPHP\Common\functions.php 第 1263 行.
SQL: SHOW COLUMNS FROM `et_user` [ RunTime:0.0035s ]
SQL: SELECT `username`,`mobile`,`head_photo` FROM `et_user` WHERE `uid` = 17 LIMIT 1   [ RunTime:0.0003s ]

[ 2017-08-20T12:13:29+08:00 ] 110.249.130.170 /index.php/home/shop/shoplist
INFO: [ app_init ] --START--
INFO: Run Behavior\BuildLiteBehavior [ RunTime:0.000017s ]
INFO: [ app_init ] --END-- [ RunTime:0.000358s ]
INFO: [ app_begin ] --START--
INFO: Run Behavior\ReadHtmlCacheBehavior [ RunTime:0.000524s ]
INFO: [ app_begin ] --END-- [ RunTime:0.000579s ]
NOTIC: [8] A session had already been started - ignoring session_start() D:\wm\ThinkPHP\Common\functions.php 第 1263 行.
SQL: SHOW COLUMNS FROM `et_shopmessage` [ RunTime:0.0038s ]
SQL: SELECT * FROM `et_shopmessage` WHERE `state` IN ('1','2') ORDER BY shopid desc LIMIT 0,15   [ RunTime:0.0005s ]
SQL: SHOW COLUMNS FROM `et_category` [ RunTime:0.0027s ]
SQL: SELECT `cid`,`cname` FROM `et_category` WHERE `shopid` = 47 ORDER BY num desc LIMIT 3   [ RunTime:0.0004s ]
SQL: SELECT `cid`,`cname` FROM `et_category` WHERE `shopid` = 45 ORDER BY num desc LIMIT 3   [ RunTime:0.0003s ]
SQL: SELECT `cid`,`cname` FROM `et_category` WHERE `shopid` = 44 ORDER BY num desc LIMIT 3   [ RunTime:0.0003s ]
SQL: SELECT `cid`,`cname` FROM `et_category` WHERE `shopid` = 42 ORDER BY num desc LIMIT 3   [ RunTime:0.0003s ]
SQL: SELECT `cid`,`cname` FROM `et_category` WHERE `shopid` = 13 ORDER BY num desc LIMIT 3   [ RunTime:0.0003s ]
SQL: SELECT `cid`,`cname` FROM `et_category` WHERE `shopid` = 7 ORDER BY num desc LIMIT 3   [ RunTime:0.0003s ]
SQL: SELECT `cid`,`cname` FROM `et_category` WHERE `shopid` = 6 ORDER BY num desc LIMIT 3   [ RunTime:0.0003s ]
SQL: SELECT `shopid`,`shopphoto` FROM `et_shopmessage` WHERE `state` IN ('1','2') AND `states` = 2 LIMIT 4   [ RunTime:0.0003s ]

[ 2017-08-20T13:22:06+08:00 ] 49.178.42.179 /index.php/home/user/personal_center
INFO: [ app_init ] --START--
INFO: Run Behavior\BuildLiteBehavior [ RunTime:0.000024s ]
INFO: [ app_init ] --END-- [ RunTime:0.000465s ]
INFO: [ app_begin ] --START--
INFO: Run Behavior\ReadHtmlCacheBehavior [ RunTime:0.000680s ]
INFO: [ app_begin ] --END-- [ RunTime:0.000762s ]
NOTIC: [8] A session had already been started - ignoring session_start() D:\wm\ThinkPHP\Common\functions.php 第 1263 行.

[ 2017-08-20T13:22:06+08:00 ] 49.178.42.179 /index.php/home/shop/shoplist
INFO: [ app_init ] --START--
INFO: Run Behavior\BuildLiteBehavior [ RunTime:0.000015s ]
INFO: [ app_init ] --END-- [ RunTime:0.000397s ]
INFO: [ app_begin ] --START--
INFO: Run Behavior\ReadHtmlCacheBehavior [ RunTime:0.000467s ]
INFO: [ app_begin ] --END-- [ RunTime:0.000529s ]
NOTIC: [8] A session had already been started - ignoring session_start() D:\wm\ThinkPHP\Common\functions.php 第 1263 行.
SQL: SHOW COLUMNS FROM `et_shopmessage` [ RunTime:0.0482s ]
SQL: SELECT * FROM `et_shopmessage` WHERE `state` IN ('1','2') ORDER BY shopid desc LIMIT 0,15   [ RunTime:0.0006s ]
SQL: SHOW COLUMNS FROM `et_category` [ RunTime:0.0039s ]
SQL: SELECT `cid`,`cname` FROM `et_category` WHERE `shopid` = 47 ORDER BY num desc LIMIT 3   [ RunTime:0.0004s ]
SQL: SELECT `cid`,`cname` FROM `et_category` WHERE `shopid` = 45 ORDER BY num desc LIMIT 3   [ RunTime:0.0002s ]
SQL: SELECT `cid`,`cname` FROM `et_category` WHERE `shopid` = 44 ORDER BY num desc LIMIT 3   [ RunTime:0.0002s ]
SQL: SELECT `cid`,`cname` FROM `et_category` WHERE `shopid` = 42 ORDER BY num desc LIMIT 3   [ RunTime:0.0003s ]
SQL: SELECT `cid`,`cname` FROM `et_category` WHERE `shopid` = 13 ORDER BY num desc LIMIT 3   [ RunTime:0.0003s ]
SQL: SELECT `cid`,`cname` FROM `et_category` WHERE `shopid` = 7 ORDER BY num desc LIMIT 3   [ RunTime:0.0003s ]
SQL: SELECT `cid`,`cname` FROM `et_category` WHERE `shopid` = 6 ORDER BY num desc LIMIT 3   [ RunTime:0.0004s ]
SQL: SELECT `shopid`,`shopphoto` FROM `et_shopmessage` WHERE `state` IN ('1','2') AND `states` = 2 LIMIT 4   [ RunTime:0.0003s ]

[ 2017-08-20T13:22:15+08:00 ] 49.178.42.179 /index.php/home/shop/shoplist
INFO: [ app_init ] --START--
INFO: Run Behavior\BuildLiteBehavior [ RunTime:0.000037s ]
INFO: [ app_init ] --END-- [ RunTime:0.000549s ]
INFO: [ app_begin ] --START--
INFO: Run Behavior\ReadHtmlCacheBehavior [ RunTime:0.000805s ]
INFO: [ app_begin ] --END-- [ RunTime:0.000883s ]
NOTIC: [8] A session had already been started - ignoring session_start() D:\wm\ThinkPHP\Common\functions.php 第 1263 行.
SQL: SHOW COLUMNS FROM `et_shopmessage` [ RunTime:0.0024s ]
SQL: SELECT * FROM `et_shopmessage` WHERE `state` IN ('1','2') ORDER BY shopid desc LIMIT 0,15   [ RunTime:0.0005s ]
SQL: SHOW COLUMNS FROM `et_category` [ RunTime:0.0448s ]
SQL: SELECT `cid`,`cname` FROM `et_category` WHERE `shopid` = 47 ORDER BY num desc LIMIT 3   [ RunTime:0.0005s ]
SQL: SELECT `cid`,`cname` FROM `et_category` WHERE `shopid` = 45 ORDER BY num desc LIMIT 3   [ RunTime:0.0002s ]
SQL: SELECT `cid`,`cname` FROM `et_category` WHERE `shopid` = 44 ORDER BY num desc LIMIT 3   [ RunTime:0.0003s ]
SQL: SELECT `cid`,`cname` FROM `et_category` WHERE `shopid` = 42 ORDER BY num desc LIMIT 3   [ RunTime:0.0002s ]
SQL: SELECT `cid`,`cname` FROM `et_category` WHERE `shopid` = 13 ORDER BY num desc LIMIT 3   [ RunTime:0.0003s ]
SQL: SELECT `cid`,`cname` FROM `et_category` WHERE `shopid` = 7 ORDER BY num desc LIMIT 3   [ RunTime:0.0004s ]
SQL: SELECT `cid`,`cname` FROM `et_category` WHERE `shopid` = 6 ORDER BY num desc LIMIT 3   [ RunTime:0.0003s ]
SQL: SELECT `shopid`,`shopphoto` FROM `et_shopmessage` WHERE `state` IN ('1','2') AND `states` = 2 LIMIT 4   [ RunTime:0.0003s ]

[ 2017-08-20T15:37:34+08:00 ] 112.90.82.196 /index.php/home/shop/menulist
INFO: [ app_init ] --START--
INFO: Run Behavior\BuildLiteBehavior [ RunTime:0.000023s ]
INFO: [ app_init ] --END-- [ RunTime:0.002329s ]
INFO: [ app_begin ] --START--
INFO: Run Behavior\ReadHtmlCacheBehavior [ RunTime:0.003121s ]
INFO: [ app_begin ] --END-- [ RunTime:0.003218s ]
NOTIC: [8] A session had already been started - ignoring session_start() D:\wm\ThinkPHP\Common\functions.php 第 1263 行.
INFO: [ app_end ] --START--
INFO: Run Behavior\ShowPageTraceBehavior [ RunTime:0.013900s ]
INFO: [ app_end ] --END-- [ RunTime:0.014007s ]

[ 2017-08-20T16:21:24+08:00 ] 112.90.82.236 /index.php/home/shop/shoplist
INFO: [ app_init ] --START--
INFO: Run Behavior\BuildLiteBehavior [ RunTime:0.000023s ]
INFO: [ app_init ] --END-- [ RunTime:0.000385s ]
INFO: [ app_begin ] --START--
INFO: Run Behavior\ReadHtmlCacheBehavior [ RunTime:0.000513s ]
INFO: [ app_begin ] --END-- [ RunTime:0.000575s ]
NOTIC: [8] A session had already been started - ignoring session_start() D:\wm\ThinkPHP\Common\functions.php 第 1263 行.
INFO: [ app_end ] --START--
INFO: Run Behavior\ShowPageTraceBehavior [ RunTime:0.000522s ]
INFO: [ app_end ] --END-- [ RunTime:0.000576s ]

[ 2017-08-20T18:12:56+08:00 ] 31.178.118.138 /index.php/home/shop/shoplist
INFO: [ app_init ] --START--
INFO: Run Behavior\BuildLiteBehavior [ RunTime:0.000025s ]
INFO: [ app_init ] --END-- [ RunTime:0.002127s ]
INFO: [ app_begin ] --START--
INFO: Run Behavior\ReadHtmlCacheBehavior [ RunTime:0.002449s ]
INFO: [ app_begin ] --END-- [ RunTime:0.002547s ]
NOTIC: [8] A session had already been started - ignoring session_start() D:\wm\ThinkPHP\Common\functions.php 第 1263 行.
SQL: SHOW COLUMNS FROM `et_shopmessage` [ RunTime:0.0023s ]
SQL: SELECT * FROM `et_shopmessage` WHERE `state` IN ('1','2') ORDER BY shopid desc LIMIT 0,15   [ RunTime:0.0004s ]
NOTIC: [8] Undefined offset: 1 D:\wm\Application\Home\Controller\ShopController.class.php 第 30 行.
SQL: SHOW COLUMNS FROM `et_category` [ RunTime:0.0018s ]
SQL: SELECT `cid`,`cname` FROM `et_category` WHERE `shopid` = 47 ORDER BY num desc LIMIT 3   [ RunTime:0.0003s ]
NOTIC: [8] Undefined offset: 1 D:\wm\Application\Home\Controller\ShopController.class.php 第 30 行.
SQL: SELECT `cid`,`cname` FROM `et_category` WHERE `shopid` = 45 ORDER BY num desc LIMIT 3   [ RunTime:0.0003s ]
NOTIC: [8] Undefined offset: 1 D:\wm\Application\Home\Controller\ShopController.class.php 第 30 行.
SQL: SELECT `cid`,`cname` FROM `et_category` WHERE `shopid` = 44 ORDER BY num desc LIMIT 3   [ RunTime:0.0002s ]
NOTIC: [8] Undefined offset: 1 D:\wm\Application\Home\Controller\ShopController.class.php 第 30 行.
SQL: SELECT `cid`,`cname` FROM `et_category` WHERE `shopid` = 42 ORDER BY num desc LIMIT 3   [ RunTime:0.0002s ]
NOTIC: [8] Undefined offset: 1 D:\wm\Application\Home\Controller\ShopController.class.php 第 30 行.
SQL: SELECT `cid`,`cname` FROM `et_category` WHERE `shopid` = 13 ORDER BY num desc LIMIT 3   [ RunTime:0.0002s ]
NOTIC: [8] Undefined offset: 1 D:\wm\Application\Home\Controller\ShopController.class.php 第 30 行.
SQL: SELECT `cid`,`cname` FROM `et_category` WHERE `shopid` = 7 ORDER BY num desc LIMIT 3   [ RunTime:0.0003s ]
NOTIC: [8] Undefined offset: 1 D:\wm\Application\Home\Controller\ShopController.class.php 第 30 行.
SQL: SELECT `cid`,`cname` FROM `et_category` WHERE `shopid` = 6 ORDER BY num desc LIMIT 3   [ RunTime:0.0003s ]
SQL: SELECT `shopid`,`shopphoto` FROM `et_shopmessage` WHERE `state` IN ('1','2') AND `states` = 2 LIMIT 4   [ RunTime:0.0003s ]

