[ 2017-09-17T01:40:05+08:00 ] 17.200.11.44 /index.php/home/shop/shoplist
INFO: [ app_init ] --START--
INFO: Run Behavior\BuildLiteBehavior [ RunTime:0.000018s ]
INFO: [ app_init ] --END-- [ RunTime:0.000302s ]
INFO: [ app_begin ] --START--
INFO: Run Behavior\ReadHtmlCacheBehavior [ RunTime:0.000405s ]
INFO: [ app_begin ] --END-- [ RunTime:0.000460s ]
NOTIC: [8] A session had already been started - ignoring session_start() D:\wm\ThinkPHP\Common\functions.php 第 1263 行.
SQL: SHOW COLUMNS FROM `et_shopmessage` [ RunTime:0.0025s ]
SQL: SELECT * FROM `et_shopmessage` WHERE `state` IN ('1','2') ORDER BY shopid desc LIMIT 0,15   [ RunTime:0.0006s ]
NOTIC: [8] Undefined offset: 1 D:\wm\Application\Home\Controller\ShopController.class.php 第 30 行.
SQL: SHOW COLUMNS FROM `et_category` [ RunTime:0.0015s ]
SQL: SELECT `cid`,`cname` FROM `et_category` WHERE `shopid` = 53 ORDER BY num desc LIMIT 3   [ RunTime:0.0003s ]
NOTIC: [8] Undefined offset: 1 D:\wm\Application\Home\Controller\ShopController.class.php 第 30 行.
SQL: SELECT `cid`,`cname` FROM `et_category` WHERE `shopid` = 52 ORDER BY num desc LIMIT 3   [ RunTime:0.0003s ]
NOTIC: [8] Undefined offset: 1 D:\wm\Application\Home\Controller\ShopController.class.php 第 30 行.
SQL: SELECT `cid`,`cname` FROM `et_category` WHERE `shopid` = 51 ORDER BY num desc LIMIT 3   [ RunTime:0.0002s ]
NOTIC: [8] Undefined offset: 1 D:\wm\Application\Home\Controller\ShopController.class.php 第 30 行.
SQL: SELECT `cid`,`cname` FROM `et_category` WHERE `shopid` = 50 ORDER BY num desc LIMIT 3   [ RunTime:0.0003s ]
NOTIC: [8] Undefined offset: 1 D:\wm\Application\Home\Controller\ShopController.class.php 第 30 行.
SQL: SELECT `cid`,`cname` FROM `et_category` WHERE `shopid` = 45 ORDER BY num desc LIMIT 3   [ RunTime:0.0002s ]
NOTIC: [8] Undefined offset: 1 D:\wm\Application\Home\Controller\ShopController.class.php 第 30 行.
SQL: SELECT `cid`,`cname` FROM `et_category` WHERE `shopid` = 44 ORDER BY num desc LIMIT 3   [ RunTime:0.0002s ]
NOTIC: [8] Undefined offset: 1 D:\wm\Application\Home\Controller\ShopController.class.php 第 30 行.
SQL: SELECT `cid`,`cname` FROM `et_category` WHERE `shopid` = 42 ORDER BY num desc LIMIT 3   [ RunTime:0.0003s ]
NOTIC: [8] Undefined offset: 1 D:\wm\Application\Home\Controller\ShopController.class.php 第 30 行.
SQL: SELECT `cid`,`cname` FROM `et_category` WHERE `shopid` = 13 ORDER BY num desc LIMIT 3   [ RunTime:0.0002s ]
NOTIC: [8] Undefined offset: 1 D:\wm\Application\Home\Controller\ShopController.class.php 第 30 行.
SQL: SELECT `cid`,`cname` FROM `et_category` WHERE `shopid` = 7 ORDER BY num desc LIMIT 3   [ RunTime:0.0003s ]
NOTIC: [8] Undefined offset: 1 D:\wm\Application\Home\Controller\ShopController.class.php 第 30 行.
SQL: SELECT `cid`,`cname` FROM `et_category` WHERE `shopid` = 6 ORDER BY num desc LIMIT 3   [ RunTime:0.0002s ]
SQL: SELECT `shopid`,`shopphoto` FROM `et_shopmessage` WHERE `state` IN ('1','2') AND `states` = 2 LIMIT 4   [ RunTime:0.0003s ]

[ 2017-09-17T09:17:38+08:00 ] 1.136.106.66 /index.php/home/user/personal_center
INFO: [ app_init ] --START--
INFO: Run Behavior\BuildLiteBehavior [ RunTime:0.000020s ]
INFO: [ app_init ] --END-- [ RunTime:0.000402s ]
INFO: [ app_begin ] --START--
INFO: Run Behavior\ReadHtmlCacheBehavior [ RunTime:0.000525s ]
INFO: [ app_begin ] --END-- [ RunTime:0.000599s ]
NOTIC: [8] A session had already been started - ignoring session_start() D:\wm\ThinkPHP\Common\functions.php 第 1263 行.
SQL: SHOW COLUMNS FROM `et_user` [ RunTime:0.0046s ]
SQL: SELECT `username`,`mobile`,`head_photo` FROM `et_user` WHERE `uid` = 63 LIMIT 1   [ RunTime:0.0009s ]

[ 2017-09-17T09:17:38+08:00 ] 1.136.106.66 /index.php/home/shop/shoplist
INFO: [ app_init ] --START--
INFO: Run Behavior\BuildLiteBehavior [ RunTime:0.000017s ]
INFO: [ app_init ] --END-- [ RunTime:0.000374s ]
INFO: [ app_begin ] --START--
INFO: Run Behavior\ReadHtmlCacheBehavior [ RunTime:0.000583s ]
INFO: [ app_begin ] --END-- [ RunTime:0.000702s ]
NOTIC: [8] A session had already been started - ignoring session_start() D:\wm\ThinkPHP\Common\functions.php 第 1263 行.
SQL: SHOW COLUMNS FROM `et_shopmessage` [ RunTime:0.0041s ]
SQL: SELECT * FROM `et_shopmessage` WHERE `state` IN ('1','2') ORDER BY shopid desc LIMIT 0,15   [ RunTime:0.0010s ]
SQL: SHOW COLUMNS FROM `et_category` [ RunTime:0.0058s ]
SQL: SELECT `cid`,`cname` FROM `et_category` WHERE `shopid` = 53 ORDER BY num desc LIMIT 3   [ RunTime:0.0003s ]
SQL: SELECT `cid`,`cname` FROM `et_category` WHERE `shopid` = 52 ORDER BY num desc LIMIT 3   [ RunTime:0.0003s ]
SQL: SELECT `cid`,`cname` FROM `et_category` WHERE `shopid` = 51 ORDER BY num desc LIMIT 3   [ RunTime:0.0003s ]
SQL: SELECT `cid`,`cname` FROM `et_category` WHERE `shopid` = 50 ORDER BY num desc LIMIT 3   [ RunTime:0.0002s ]
SQL: SELECT `cid`,`cname` FROM `et_category` WHERE `shopid` = 45 ORDER BY num desc LIMIT 3   [ RunTime:0.0003s ]
SQL: SELECT `cid`,`cname` FROM `et_category` WHERE `shopid` = 44 ORDER BY num desc LIMIT 3   [ RunTime:0.0002s ]
SQL: SELECT `cid`,`cname` FROM `et_category` WHERE `shopid` = 42 ORDER BY num desc LIMIT 3   [ RunTime:0.0003s ]
SQL: SELECT `cid`,`cname` FROM `et_category` WHERE `shopid` = 13 ORDER BY num desc LIMIT 3   [ RunTime:0.0002s ]
SQL: SELECT `cid`,`cname` FROM `et_category` WHERE `shopid` = 7 ORDER BY num desc LIMIT 3   [ RunTime:0.0002s ]
SQL: SELECT `cid`,`cname` FROM `et_category` WHERE `shopid` = 6 ORDER BY num desc LIMIT 3   [ RunTime:0.0002s ]
SQL: SELECT `shopid`,`shopphoto` FROM `et_shopmessage` WHERE `state` IN ('1','2') AND `states` = 2 LIMIT 4   [ RunTime:0.0002s ]

[ 2017-09-17T09:17:50+08:00 ] 1.136.106.66 /index.php/home/user/personal_center
INFO: [ app_init ] --START--
INFO: Run Behavior\BuildLiteBehavior [ RunTime:0.000015s ]
INFO: [ app_init ] --END-- [ RunTime:0.000308s ]
INFO: [ app_begin ] --START--
INFO: Run Behavior\ReadHtmlCacheBehavior [ RunTime:0.000425s ]
INFO: [ app_begin ] --END-- [ RunTime:0.000479s ]
NOTIC: [8] A session had already been started - ignoring session_start() D:\wm\ThinkPHP\Common\functions.php 第 1263 行.
SQL: SHOW COLUMNS FROM `et_user` [ RunTime:0.0032s ]
SQL: SELECT `username`,`mobile`,`head_photo` FROM `et_user` WHERE `uid` = 63 LIMIT 1   [ RunTime:0.0003s ]

[ 2017-09-17T09:17:51+08:00 ] 1.136.106.66 /index.php/home/shop/shoplist
INFO: [ app_init ] --START--
INFO: Run Behavior\BuildLiteBehavior [ RunTime:0.000015s ]
INFO: [ app_init ] --END-- [ RunTime:0.000312s ]
INFO: [ app_begin ] --START--
INFO: Run Behavior\ReadHtmlCacheBehavior [ RunTime:0.000439s ]
INFO: [ app_begin ] --END-- [ RunTime:0.000494s ]
NOTIC: [8] A session had already been started - ignoring session_start() D:\wm\ThinkPHP\Common\functions.php 第 1263 行.
SQL: SHOW COLUMNS FROM `et_shopmessage` [ RunTime:0.0021s ]
SQL: SELECT * FROM `et_shopmessage` WHERE `state` IN ('1','2') ORDER BY shopid desc LIMIT 0,15   [ RunTime:0.0004s ]
SQL: SHOW COLUMNS FROM `et_category` [ RunTime:0.0019s ]
SQL: SELECT `cid`,`cname` FROM `et_category` WHERE `shopid` = 53 ORDER BY num desc LIMIT 3   [ RunTime:0.0003s ]
SQL: SELECT `cid`,`cname` FROM `et_category` WHERE `shopid` = 52 ORDER BY num desc LIMIT 3   [ RunTime:0.0002s ]
SQL: SELECT `cid`,`cname` FROM `et_category` WHERE `shopid` = 51 ORDER BY num desc LIMIT 3   [ RunTime:0.0003s ]
SQL: SELECT `cid`,`cname` FROM `et_category` WHERE `shopid` = 50 ORDER BY num desc LIMIT 3   [ RunTime:0.0002s ]
SQL: SELECT `cid`,`cname` FROM `et_category` WHERE `shopid` = 45 ORDER BY num desc LIMIT 3   [ RunTime:0.0003s ]
SQL: SELECT `cid`,`cname` FROM `et_category` WHERE `shopid` = 44 ORDER BY num desc LIMIT 3   [ RunTime:0.0002s ]
SQL: SELECT `cid`,`cname` FROM `et_category` WHERE `shopid` = 42 ORDER BY num desc LIMIT 3   [ RunTime:0.0002s ]
SQL: SELECT `cid`,`cname` FROM `et_category` WHERE `shopid` = 13 ORDER BY num desc LIMIT 3   [ RunTime:0.0002s ]
SQL: SELECT `cid`,`cname` FROM `et_category` WHERE `shopid` = 7 ORDER BY num desc LIMIT 3   [ RunTime:0.0002s ]
SQL: SELECT `cid`,`cname` FROM `et_category` WHERE `shopid` = 6 ORDER BY num desc LIMIT 3   [ RunTime:0.0003s ]
SQL: SELECT `shopid`,`shopphoto` FROM `et_shopmessage` WHERE `state` IN ('1','2') AND `states` = 2 LIMIT 4   [ RunTime:0.0002s ]

[ 2017-09-17T11:28:20+08:00 ] 218.215.32.206 /index.php/home/shop/shoplist
INFO: [ app_init ] --START--
INFO: Run Behavior\BuildLiteBehavior [ RunTime:0.000017s ]
INFO: [ app_init ] --END-- [ RunTime:0.000334s ]
INFO: [ app_begin ] --START--
INFO: Run Behavior\ReadHtmlCacheBehavior [ RunTime:0.000493s ]
INFO: [ app_begin ] --END-- [ RunTime:0.000557s ]
NOTIC: [8] A session had already been started - ignoring session_start() D:\wm\ThinkPHP\Common\functions.php 第 1263 行.
SQL: SHOW COLUMNS FROM `et_shopmessage` [ RunTime:0.0338s ]
SQL: SELECT * FROM `et_shopmessage` WHERE `state` IN ('1','2') ORDER BY shopid desc LIMIT 0,15   [ RunTime:0.0006s ]
SQL: SHOW COLUMNS FROM `et_category` [ RunTime:0.0015s ]
SQL: SELECT `cid`,`cname` FROM `et_category` WHERE `shopid` = 53 ORDER BY num desc LIMIT 3   [ RunTime:0.0003s ]
SQL: SELECT `cid`,`cname` FROM `et_category` WHERE `shopid` = 52 ORDER BY num desc LIMIT 3   [ RunTime:0.0003s ]
SQL: SELECT `cid`,`cname` FROM `et_category` WHERE `shopid` = 51 ORDER BY num desc LIMIT 3   [ RunTime:0.0002s ]
SQL: SELECT `cid`,`cname` FROM `et_category` WHERE `shopid` = 50 ORDER BY num desc LIMIT 3   [ RunTime:0.0002s ]
SQL: SELECT `cid`,`cname` FROM `et_category` WHERE `shopid` = 45 ORDER BY num desc LIMIT 3   [ RunTime:0.0002s ]
SQL: SELECT `cid`,`cname` FROM `et_category` WHERE `shopid` = 44 ORDER BY num desc LIMIT 3   [ RunTime:0.0002s ]
SQL: SELECT `cid`,`cname` FROM `et_category` WHERE `shopid` = 42 ORDER BY num desc LIMIT 3   [ RunTime:0.0003s ]
SQL: SELECT `cid`,`cname` FROM `et_category` WHERE `shopid` = 13 ORDER BY num desc LIMIT 3   [ RunTime:0.0002s ]
SQL: SELECT `cid`,`cname` FROM `et_category` WHERE `shopid` = 7 ORDER BY num desc LIMIT 3   [ RunTime:0.0002s ]
SQL: SELECT `cid`,`cname` FROM `et_category` WHERE `shopid` = 6 ORDER BY num desc LIMIT 3   [ RunTime:0.0002s ]
SQL: SELECT `shopid`,`shopphoto` FROM `et_shopmessage` WHERE `state` IN ('1','2') AND `states` = 2 LIMIT 4   [ RunTime:0.0002s ]

[ 2017-09-17T11:28:27+08:00 ] 218.215.32.206 /index.php/home/shop/shoplist
INFO: [ app_init ] --START--
INFO: Run Behavior\BuildLiteBehavior [ RunTime:0.000021s ]
INFO: [ app_init ] --END-- [ RunTime:0.000382s ]
INFO: [ app_begin ] --START--
INFO: Run Behavior\ReadHtmlCacheBehavior [ RunTime:0.000437s ]
INFO: [ app_begin ] --END-- [ RunTime:0.000506s ]
NOTIC: [8] A session had already been started - ignoring session_start() D:\wm\ThinkPHP\Common\functions.php 第 1263 行.
SQL: SHOW COLUMNS FROM `et_shopmessage` [ RunTime:0.0019s ]
SQL: SELECT * FROM `et_shopmessage` WHERE `state` IN ('1','2') ORDER BY shopid desc LIMIT 15,15   [ RunTime:0.0003s ]
SQL: SELECT `shopid`,`shopphoto` FROM `et_shopmessage` WHERE `state` IN ('1','2') AND `states` = 2 LIMIT 4   [ RunTime:0.0003s ]
NOTIC: [2] array_multisort(): Argument #1 is expected to be an array or a sort flag D:\wm\Application\Home\Controller\ShopController.class.php 第 50 行.

[ 2017-09-17T11:28:29+08:00 ] 218.215.32.206 /index.php/home/shop/shoplist
INFO: [ app_init ] --START--
INFO: Run Behavior\BuildLiteBehavior [ RunTime:0.000020s ]
INFO: [ app_init ] --END-- [ RunTime:0.000488s ]
INFO: [ app_begin ] --START--
INFO: Run Behavior\ReadHtmlCacheBehavior [ RunTime:0.000554s ]
INFO: [ app_begin ] --END-- [ RunTime:0.000615s ]
NOTIC: [8] A session had already been started - ignoring session_start() D:\wm\ThinkPHP\Common\functions.php 第 1263 行.
SQL: SHOW COLUMNS FROM `et_shopmessage` [ RunTime:0.0029s ]
SQL: SELECT * FROM `et_shopmessage` WHERE `state` IN ('1','2') ORDER BY shopid desc LIMIT 15,15   [ RunTime:0.0005s ]
SQL: SELECT `shopid`,`shopphoto` FROM `et_shopmessage` WHERE `state` IN ('1','2') AND `states` = 2 LIMIT 4   [ RunTime:0.0002s ]
NOTIC: [2] array_multisort(): Argument #1 is expected to be an array or a sort flag D:\wm\Application\Home\Controller\ShopController.class.php 第 50 行.

[ 2017-09-17T11:28:32+08:00 ] 218.215.32.206 /index.php/home/shop/shoplist
INFO: [ app_init ] --START--
INFO: Run Behavior\BuildLiteBehavior [ RunTime:0.000016s ]
INFO: [ app_init ] --END-- [ RunTime:0.000311s ]
INFO: [ app_begin ] --START--
INFO: Run Behavior\ReadHtmlCacheBehavior [ RunTime:0.000502s ]
INFO: [ app_begin ] --END-- [ RunTime:0.000561s ]
NOTIC: [8] A session had already been started - ignoring session_start() D:\wm\ThinkPHP\Common\functions.php 第 1263 行.
SQL: SHOW COLUMNS FROM `et_shopmessage` [ RunTime:0.0024s ]
SQL: SELECT * FROM `et_shopmessage` WHERE `state` IN ('1','2') ORDER BY shopid desc LIMIT 15,15   [ RunTime:0.0005s ]
SQL: SELECT `shopid`,`shopphoto` FROM `et_shopmessage` WHERE `state` IN ('1','2') AND `states` = 2 LIMIT 4   [ RunTime:0.0003s ]
NOTIC: [2] array_multisort(): Argument #1 is expected to be an array or a sort flag D:\wm\Application\Home\Controller\ShopController.class.php 第 50 行.

[ 2017-09-17T11:28:41+08:00 ] 218.215.32.206 /index.php/home/shop/shoplist
INFO: [ app_init ] --START--
INFO: Run Behavior\BuildLiteBehavior [ RunTime:0.000016s ]
INFO: [ app_init ] --END-- [ RunTime:0.000390s ]
INFO: [ app_begin ] --START--
INFO: Run Behavior\ReadHtmlCacheBehavior [ RunTime:0.000446s ]
INFO: [ app_begin ] --END-- [ RunTime:0.000503s ]
NOTIC: [8] A session had already been started - ignoring session_start() D:\wm\ThinkPHP\Common\functions.php 第 1263 行.
SQL: SHOW COLUMNS FROM `et_shopmessage` [ RunTime:0.0022s ]
SQL: SELECT * FROM `et_shopmessage` WHERE `state` IN ('1','2') ORDER BY shopid desc LIMIT 15,15   [ RunTime:0.0004s ]
SQL: SELECT `shopid`,`shopphoto` FROM `et_shopmessage` WHERE `state` IN ('1','2') AND `states` = 2 LIMIT 4   [ RunTime:0.0002s ]
NOTIC: [2] array_multisort(): Argument #1 is expected to be an array or a sort flag D:\wm\Application\Home\Controller\ShopController.class.php 第 50 行.

[ 2017-09-17T11:28:43+08:00 ] 218.215.32.206 /index.php/home/shop/shoplist
INFO: [ app_init ] --START--
INFO: Run Behavior\BuildLiteBehavior [ RunTime:0.000015s ]
INFO: [ app_init ] --END-- [ RunTime:0.000319s ]
INFO: [ app_begin ] --START--
INFO: Run Behavior\ReadHtmlCacheBehavior [ RunTime:0.000477s ]
INFO: [ app_begin ] --END-- [ RunTime:0.000532s ]
NOTIC: [8] A session had already been started - ignoring session_start() D:\wm\ThinkPHP\Common\functions.php 第 1263 行.
SQL: SHOW COLUMNS FROM `et_shopmessage` [ RunTime:0.0031s ]
SQL: SELECT * FROM `et_shopmessage` WHERE `state` IN ('1','2') ORDER BY shopid desc LIMIT 15,15   [ RunTime:0.0003s ]
SQL: SELECT `shopid`,`shopphoto` FROM `et_shopmessage` WHERE `state` IN ('1','2') AND `states` = 2 LIMIT 4   [ RunTime:0.0002s ]
NOTIC: [2] array_multisort(): Argument #1 is expected to be an array or a sort flag D:\wm\Application\Home\Controller\ShopController.class.php 第 50 行.

[ 2017-09-17T11:28:46+08:00 ] 218.215.32.206 /index.php/home/shop/shoplist
INFO: [ app_init ] --START--
INFO: Run Behavior\BuildLiteBehavior [ RunTime:0.000018s ]
INFO: [ app_init ] --END-- [ RunTime:0.000385s ]
INFO: [ app_begin ] --START--
INFO: Run Behavior\ReadHtmlCacheBehavior [ RunTime:0.000370s ]
INFO: [ app_begin ] --END-- [ RunTime:0.000435s ]
NOTIC: [8] A session had already been started - ignoring session_start() D:\wm\ThinkPHP\Common\functions.php 第 1263 行.
SQL: SHOW COLUMNS FROM `et_shopmessage` [ RunTime:0.0021s ]
SQL: SELECT * FROM `et_shopmessage` WHERE `state` IN ('1','2') ORDER BY shopid desc LIMIT 15,15   [ RunTime:0.0004s ]
SQL: SELECT `shopid`,`shopphoto` FROM `et_shopmessage` WHERE `state` IN ('1','2') AND `states` = 2 LIMIT 4   [ RunTime:0.0002s ]
NOTIC: [2] array_multisort(): Argument #1 is expected to be an array or a sort flag D:\wm\Application\Home\Controller\ShopController.class.php 第 50 行.

[ 2017-09-17T11:28:49+08:00 ] 218.215.32.206 /index.php/home/shop/shoplist
INFO: [ app_init ] --START--
INFO: Run Behavior\BuildLiteBehavior [ RunTime:0.000016s ]
INFO: [ app_init ] --END-- [ RunTime:0.000342s ]
INFO: [ app_begin ] --START--
INFO: Run Behavior\ReadHtmlCacheBehavior [ RunTime:0.000551s ]
INFO: [ app_begin ] --END-- [ RunTime:0.000609s ]
NOTIC: [8] A session had already been started - ignoring session_start() D:\wm\ThinkPHP\Common\functions.php 第 1263 行.
SQL: SHOW COLUMNS FROM `et_shopmessage` [ RunTime:0.0033s ]
SQL: SELECT * FROM `et_shopmessage` WHERE `state` IN ('1','2') ORDER BY shopid desc LIMIT 15,15   [ RunTime:0.0004s ]
SQL: SELECT `shopid`,`shopphoto` FROM `et_shopmessage` WHERE `state` IN ('1','2') AND `states` = 2 LIMIT 4   [ RunTime:0.0002s ]
NOTIC: [2] array_multisort(): Argument #1 is expected to be an array or a sort flag D:\wm\Application\Home\Controller\ShopController.class.php 第 50 行.

[ 2017-09-17T11:28:51+08:00 ] 218.215.32.206 /index.php/home/shop/shoplist
INFO: [ app_init ] --START--
INFO: Run Behavior\BuildLiteBehavior [ RunTime:0.000016s ]
INFO: [ app_init ] --END-- [ RunTime:0.000288s ]
INFO: [ app_begin ] --START--
INFO: Run Behavior\ReadHtmlCacheBehavior [ RunTime:0.000444s ]
INFO: [ app_begin ] --END-- [ RunTime:0.000498s ]
NOTIC: [8] A session had already been started - ignoring session_start() D:\wm\ThinkPHP\Common\functions.php 第 1263 行.
SQL: SHOW COLUMNS FROM `et_shopmessage` [ RunTime:0.0033s ]
SQL: SELECT * FROM `et_shopmessage` WHERE `state` IN ('1','2') ORDER BY shopid desc LIMIT 15,15   [ RunTime:0.0004s ]
SQL: SELECT `shopid`,`shopphoto` FROM `et_shopmessage` WHERE `state` IN ('1','2') AND `states` = 2 LIMIT 4   [ RunTime:0.0002s ]
NOTIC: [2] array_multisort(): Argument #1 is expected to be an array or a sort flag D:\wm\Application\Home\Controller\ShopController.class.php 第 50 行.

[ 2017-09-17T11:28:53+08:00 ] 218.215.32.206 /index.php/home/shop/menulist
INFO: [ app_init ] --START--
INFO: Run Behavior\BuildLiteBehavior [ RunTime:0.000020s ]
INFO: [ app_init ] --END-- [ RunTime:0.000310s ]
INFO: [ app_begin ] --START--
INFO: Run Behavior\ReadHtmlCacheBehavior [ RunTime:0.000524s ]
INFO: [ app_begin ] --END-- [ RunTime:0.000599s ]
NOTIC: [8] A session had already been started - ignoring session_start() D:\wm\ThinkPHP\Common\functions.php 第 1263 行.
SQL: SHOW COLUMNS FROM `et_category` [ RunTime:0.0016s ]
SQL: SELECT * FROM `et_category` WHERE `shopid` = 53  [ RunTime:0.0005s ]
SQL: SHOW COLUMNS FROM `et_shopgoods` [ RunTime:0.0021s ]
SQL: SELECT * FROM `et_shopgoods` WHERE `shopid` = 53 AND `cid` = 207  [ RunTime:0.0004s ]
SQL: SELECT * FROM `et_shopgoods` WHERE `shopid` = 53 AND `cid` = 208  [ RunTime:0.0004s ]
SQL: SELECT * FROM `et_shopgoods` WHERE `shopid` = 53 AND `cid` = 209  [ RunTime:0.0004s ]
SQL: SELECT * FROM `et_shopgoods` WHERE `shopid` = 53 AND `cid` = 210  [ RunTime:0.0003s ]
SQL: SELECT * FROM `et_shopgoods` WHERE `shopid` = 53 AND `cid` = 211  [ RunTime:0.0004s ]
SQL: SELECT * FROM `et_shopgoods` WHERE `shopid` = 53 AND `cid` = 212  [ RunTime:0.0003s ]
SQL: SELECT * FROM `et_shopgoods` WHERE `shopid` = 53 AND `cid` = 213  [ RunTime:0.0004s ]
SQL: SELECT * FROM `et_shopgoods` WHERE `shopid` = 53 AND `cid` = 214  [ RunTime:0.0004s ]
SQL: SELECT * FROM `et_shopgoods` WHERE `shopid` = 53 AND `cid` = 215  [ RunTime:0.0005s ]
SQL: SELECT * FROM `et_shopgoods` WHERE `shopid` = 53 AND `cid` = 216  [ RunTime:0.0004s ]
SQL: SELECT * FROM `et_shopgoods` WHERE `shopid` = 53 AND `cid` = 217  [ RunTime:0.0004s ]
SQL: SELECT * FROM `et_shopgoods` WHERE `shopid` = 53 AND `cid` = 218  [ RunTime:0.0004s ]
SQL: SELECT * FROM `et_shopgoods` WHERE `shopid` = 53 AND `cid` = 219  [ RunTime:0.0004s ]
SQL: SELECT * FROM `et_shopgoods` WHERE `shopid` = 53 AND `cid` = 220  [ RunTime:0.0004s ]
SQL: SELECT * FROM `et_shopgoods` WHERE `shopid` = 53 AND `cid` = 221  [ RunTime:0.0004s ]
SQL: SELECT * FROM `et_shopgoods` WHERE `shopid` = 53 AND `cid` = 222  [ RunTime:0.0004s ]
SQL: SELECT * FROM `et_shopgoods` WHERE `shopid` = 53 AND `cid` = 223  [ RunTime:0.0003s ]
SQL: SELECT * FROM `et_shopgoods` WHERE `shopid` = 53 AND `cid` = 224  [ RunTime:0.0004s ]
SQL: SELECT * FROM `et_shopgoods` WHERE `shopid` = 53 AND `cid` = 225  [ RunTime:0.0003s ]
SQL: SELECT * FROM `et_shopgoods` WHERE `shopid` = 53 AND `cid` = 226  [ RunTime:0.0004s ]
SQL: SELECT * FROM `et_shopgoods` WHERE `shopid` = 53 AND `cid` = 227  [ RunTime:0.0003s ]
SQL: SELECT * FROM `et_shopgoods` WHERE `shopid` = 53 AND `cid` = 228  [ RunTime:0.0004s ]
SQL: SELECT * FROM `et_shopgoods` WHERE `shopid` = 53 AND `cid` = 229  [ RunTime:0.0003s ]
SQL: SELECT * FROM `et_shopgoods` WHERE `shopid` = 53 AND `cid` = 230  [ RunTime:0.0004s ]
SQL: SELECT * FROM `et_shopgoods` WHERE `shopid` = 53 AND `cid` = 231  [ RunTime:0.0003s ]
SQL: SELECT * FROM `et_shopgoods` WHERE `shopid` = 53 AND `cid` = 232  [ RunTime:0.0004s ]
SQL: SELECT * FROM `et_shopgoods` WHERE `shopid` = 53 AND `cid` = 233  [ RunTime:0.0004s ]
SQL: SELECT * FROM `et_shopgoods` WHERE `shopid` = 53 AND `cid` = 234  [ RunTime:0.0004s ]
SQL: SELECT * FROM `et_shopgoods` WHERE `shopid` = 53 AND `cid` = 235  [ RunTime:0.0005s ]
SQL: SELECT * FROM `et_shopgoods` WHERE `shopid` = 53 AND `cid` = 236  [ RunTime:0.0004s ]
SQL: SELECT * FROM `et_shopgoods` WHERE `shopid` = 53 AND `cid` = 237  [ RunTime:0.0004s ]
SQL: SELECT * FROM `et_shopgoods` WHERE `shopid` = 53 AND `cid` = 238  [ RunTime:0.0004s ]
SQL: SHOW COLUMNS FROM `et_shopmessage` [ RunTime:0.0020s ]
SQL: SELECT `shopname`,`shopphoto`,`mobile`,`content`,`shophead`,`state`,`detailed_address`,`coordinate`,`gotime`,`long`,`maxprice`,`maxlong`,`lkmoney` FROM `et_shopmessage` WHERE `shopid` = 53 LIMIT 1   [ RunTime:0.0003s ]
SQL: SHOW COLUMNS FROM `et_evaluate` [ RunTime:0.0021s ]
NOTIC: [8] Undefined index: limit D:\wm\ThinkPHP\Library\Think\Db\Driver.class.php 第 961 行.
SQL: SELECT * FROM `et_evaluate` WHERE `shopid` = 53 LIMIT 0,20   [ RunTime:0.0003s ]

[ 2017-09-17T11:29:31+08:00 ] 218.215.32.206 /index.php/home/shop/shoplist
INFO: [ app_init ] --START--
INFO: Run Behavior\BuildLiteBehavior [ RunTime:0.000016s ]
INFO: [ app_init ] --END-- [ RunTime:0.000316s ]
INFO: [ app_begin ] --START--
INFO: Run Behavior\ReadHtmlCacheBehavior [ RunTime:0.000406s ]
INFO: [ app_begin ] --END-- [ RunTime:0.000470s ]
NOTIC: [8] A session had already been started - ignoring session_start() D:\wm\ThinkPHP\Common\functions.php 第 1263 行.
SQL: SHOW COLUMNS FROM `et_shopmessage` [ RunTime:0.0029s ]
SQL: SELECT * FROM `et_shopmessage` WHERE `state` IN ('1','2') ORDER BY shopid desc LIMIT 15,15   [ RunTime:0.0004s ]
SQL: SELECT `shopid`,`shopphoto` FROM `et_shopmessage` WHERE `state` IN ('1','2') AND `states` = 2 LIMIT 4   [ RunTime:0.0002s ]
NOTIC: [2] array_multisort(): Argument #1 is expected to be an array or a sort flag D:\wm\Application\Home\Controller\ShopController.class.php 第 50 行.

[ 2017-09-17T11:29:34+08:00 ] 218.215.32.206 /index.php/home/shop/menulist
INFO: [ app_init ] --START--
INFO: Run Behavior\BuildLiteBehavior [ RunTime:0.000017s ]
INFO: [ app_init ] --END-- [ RunTime:0.000439s ]
INFO: [ app_begin ] --START--
INFO: Run Behavior\ReadHtmlCacheBehavior [ RunTime:0.000519s ]
INFO: [ app_begin ] --END-- [ RunTime:0.000577s ]
NOTIC: [8] A session had already been started - ignoring session_start() D:\wm\ThinkPHP\Common\functions.php 第 1263 行.
SQL: SHOW COLUMNS FROM `et_category` [ RunTime:0.0028s ]
SQL: SELECT * FROM `et_category` WHERE `shopid` = 52  [ RunTime:0.0004s ]
SQL: SHOW COLUMNS FROM `et_shopgoods` [ RunTime:0.0019s ]
SQL: SELECT * FROM `et_shopgoods` WHERE `shopid` = 52 AND `cid` = 188  [ RunTime:0.0005s ]
SQL: SHOW COLUMNS FROM `et_shopmessage` [ RunTime:0.0020s ]
SQL: SELECT `shopname`,`shopphoto`,`mobile`,`content`,`shophead`,`state`,`detailed_address`,`coordinate`,`gotime`,`long`,`maxprice`,`maxlong`,`lkmoney` FROM `et_shopmessage` WHERE `shopid` = 52 LIMIT 1   [ RunTime:0.0003s ]
SQL: SHOW COLUMNS FROM `et_evaluate` [ RunTime:0.0025s ]
NOTIC: [8] Undefined index: limit D:\wm\ThinkPHP\Library\Think\Db\Driver.class.php 第 961 行.
SQL: SELECT * FROM `et_evaluate` WHERE `shopid` = 52 LIMIT 0,20   [ RunTime:0.0002s ]

[ 2017-09-17T11:29:48+08:00 ] 218.215.32.206 /index.php/home/shop/menulist
INFO: [ app_init ] --START--
INFO: Run Behavior\BuildLiteBehavior [ RunTime:0.000015s ]
INFO: [ app_init ] --END-- [ RunTime:0.000277s ]
INFO: [ app_begin ] --START--
INFO: Run Behavior\ReadHtmlCacheBehavior [ RunTime:0.000398s ]
INFO: [ app_begin ] --END-- [ RunTime:0.000509s ]
NOTIC: [8] A session had already been started - ignoring session_start() D:\wm\ThinkPHP\Common\functions.php 第 1263 行.
SQL: SHOW COLUMNS FROM `et_category` [ RunTime:0.0017s ]
SQL: SELECT * FROM `et_category` WHERE `shopid` = 50  [ RunTime:0.0004s ]
SQL: SHOW COLUMNS FROM `et_shopgoods` [ RunTime:0.0024s ]
SQL: SELECT * FROM `et_shopgoods` WHERE `shopid` = 50 AND `cid` = 174  [ RunTime:0.0005s ]
SQL: SELECT * FROM `et_shopgoods` WHERE `shopid` = 50 AND `cid` = 175  [ RunTime:0.0005s ]
SQL: SELECT * FROM `et_shopgoods` WHERE `shopid` = 50 AND `cid` = 176  [ RunTime:0.0004s ]
SQL: SELECT * FROM `et_shopgoods` WHERE `shopid` = 50 AND `cid` = 177  [ RunTime:0.0004s ]
SQL: SELECT * FROM `et_shopgoods` WHERE `shopid` = 50 AND `cid` = 178  [ RunTime:0.0004s ]
SQL: SELECT * FROM `et_shopgoods` WHERE `shopid` = 50 AND `cid` = 179  [ RunTime:0.0004s ]
SQL: SELECT * FROM `et_shopgoods` WHERE `shopid` = 50 AND `cid` = 180  [ RunTime:0.0005s ]
SQL: SELECT * FROM `et_shopgoods` WHERE `shopid` = 50 AND `cid` = 181  [ RunTime:0.0004s ]
SQL: SELECT * FROM `et_shopgoods` WHERE `shopid` = 50 AND `cid` = 182  [ RunTime:0.0005s ]
SQL: SELECT * FROM `et_shopgoods` WHERE `shopid` = 50 AND `cid` = 183  [ RunTime:0.0004s ]
SQL: SELECT * FROM `et_shopgoods` WHERE `shopid` = 50 AND `cid` = 184  [ RunTime:0.0004s ]
SQL: SELECT * FROM `et_shopgoods` WHERE `shopid` = 50 AND `cid` = 185  [ RunTime:0.0004s ]
SQL: SELECT * FROM `et_shopgoods` WHERE `shopid` = 50 AND `cid` = 186  [ RunTime:0.0004s ]
SQL: SELECT * FROM `et_shopgoods` WHERE `shopid` = 50 AND `cid` = 187  [ RunTime:0.0003s ]
SQL: SHOW COLUMNS FROM `et_shopmessage` [ RunTime:0.0023s ]
SQL: SELECT `shopname`,`shopphoto`,`mobile`,`content`,`shophead`,`state`,`detailed_address`,`coordinate`,`gotime`,`long`,`maxprice`,`maxlong`,`lkmoney` FROM `et_shopmessage` WHERE `shopid` = 50 LIMIT 1   [ RunTime:0.0003s ]
SQL: SHOW COLUMNS FROM `et_evaluate` [ RunTime:0.0016s ]
NOTIC: [8] Undefined index: limit D:\wm\ThinkPHP\Library\Think\Db\Driver.class.php 第 961 行.
SQL: SELECT * FROM `et_evaluate` WHERE `shopid` = 50 LIMIT 0,20   [ RunTime:0.0002s ]

[ 2017-09-17T11:33:25+08:00 ] 218.215.32.206 /index.php/home/user/personal_center
INFO: [ app_init ] --START--
INFO: Run Behavior\BuildLiteBehavior [ RunTime:0.000016s ]
INFO: [ app_init ] --END-- [ RunTime:0.000326s ]
INFO: [ app_begin ] --START--
INFO: Run Behavior\ReadHtmlCacheBehavior [ RunTime:0.000556s ]
INFO: [ app_begin ] --END-- [ RunTime:0.000611s ]
NOTIC: [8] A session had already been started - ignoring session_start() D:\wm\ThinkPHP\Common\functions.php 第 1263 行.
SQL: SHOW COLUMNS FROM `et_user` [ RunTime:0.0593s ]
SQL: SELECT `username`,`mobile`,`head_photo` FROM `et_user` WHERE `uid` = 47 LIMIT 1   [ RunTime:0.0004s ]

[ 2017-09-17T11:33:25+08:00 ] 218.215.32.206 /index.php/home/shop/shoplist
INFO: [ app_init ] --START--
INFO: Run Behavior\BuildLiteBehavior [ RunTime:0.000017s ]
INFO: [ app_init ] --END-- [ RunTime:0.000329s ]
INFO: [ app_begin ] --START--
INFO: Run Behavior\ReadHtmlCacheBehavior [ RunTime:0.000456s ]
INFO: [ app_begin ] --END-- [ RunTime:0.000527s ]
NOTIC: [8] A session had already been started - ignoring session_start() D:\wm\ThinkPHP\Common\functions.php 第 1263 行.
SQL: SHOW COLUMNS FROM `et_shopmessage` [ RunTime:0.0026s ]
SQL: SELECT * FROM `et_shopmessage` WHERE `state` IN ('1','2') ORDER BY shopid desc LIMIT 0,15   [ RunTime:0.0004s ]
SQL: SHOW COLUMNS FROM `et_category` [ RunTime:0.0024s ]
SQL: SELECT `cid`,`cname` FROM `et_category` WHERE `shopid` = 53 ORDER BY num desc LIMIT 3   [ RunTime:0.0003s ]
SQL: SELECT `cid`,`cname` FROM `et_category` WHERE `shopid` = 52 ORDER BY num desc LIMIT 3   [ RunTime:0.0002s ]
SQL: SELECT `cid`,`cname` FROM `et_category` WHERE `shopid` = 51 ORDER BY num desc LIMIT 3   [ RunTime:0.0003s ]
SQL: SELECT `cid`,`cname` FROM `et_category` WHERE `shopid` = 50 ORDER BY num desc LIMIT 3   [ RunTime:0.0002s ]
SQL: SELECT `cid`,`cname` FROM `et_category` WHERE `shopid` = 45 ORDER BY num desc LIMIT 3   [ RunTime:0.0002s ]
SQL: SELECT `cid`,`cname` FROM `et_category` WHERE `shopid` = 44 ORDER BY num desc LIMIT 3   [ RunTime:0.0003s ]
SQL: SELECT `cid`,`cname` FROM `et_category` WHERE `shopid` = 42 ORDER BY num desc LIMIT 3   [ RunTime:0.0003s ]
SQL: SELECT `cid`,`cname` FROM `et_category` WHERE `shopid` = 13 ORDER BY num desc LIMIT 3   [ RunTime:0.0003s ]
SQL: SELECT `cid`,`cname` FROM `et_category` WHERE `shopid` = 7 ORDER BY num desc LIMIT 3   [ RunTime:0.0003s ]
SQL: SELECT `cid`,`cname` FROM `et_category` WHERE `shopid` = 6 ORDER BY num desc LIMIT 3   [ RunTime:0.0002s ]
SQL: SELECT `shopid`,`shopphoto` FROM `et_shopmessage` WHERE `state` IN ('1','2') AND `states` = 2 LIMIT 4   [ RunTime:0.0002s ]

[ 2017-09-17T11:33:30+08:00 ] 218.215.32.206 /index.php/home/shop/shoplist
INFO: [ app_init ] --START--
INFO: Run Behavior\BuildLiteBehavior [ RunTime:0.000022s ]
INFO: [ app_init ] --END-- [ RunTime:0.000387s ]
INFO: [ app_begin ] --START--
INFO: Run Behavior\ReadHtmlCacheBehavior [ RunTime:0.000495s ]
INFO: [ app_begin ] --END-- [ RunTime:0.000549s ]
NOTIC: [8] A session had already been started - ignoring session_start() D:\wm\ThinkPHP\Common\functions.php 第 1263 行.
SQL: SHOW COLUMNS FROM `et_shopmessage` [ RunTime:0.0023s ]
SQL: SELECT * FROM `et_shopmessage` WHERE `state` IN ('1','2') ORDER BY shopid desc LIMIT 15,15   [ RunTime:0.0003s ]
SQL: SELECT `shopid`,`shopphoto` FROM `et_shopmessage` WHERE `state` IN ('1','2') AND `states` = 2 LIMIT 4   [ RunTime:0.0003s ]
NOTIC: [2] array_multisort(): Argument #1 is expected to be an array or a sort flag D:\wm\Application\Home\Controller\ShopController.class.php 第 50 行.

[ 2017-09-17T11:33:31+08:00 ] 218.215.32.206 /index.php/home/shop/menulist
INFO: [ app_init ] --START--
INFO: Run Behavior\BuildLiteBehavior [ RunTime:0.000017s ]
INFO: [ app_init ] --END-- [ RunTime:0.000465s ]
INFO: [ app_begin ] --START--
INFO: Run Behavior\ReadHtmlCacheBehavior [ RunTime:0.000468s ]
INFO: [ app_begin ] --END-- [ RunTime:0.000528s ]
NOTIC: [8] A session had already been started - ignoring session_start() D:\wm\ThinkPHP\Common\functions.php 第 1263 行.
SQL: SHOW COLUMNS FROM `et_category` [ RunTime:0.0023s ]
SQL: SELECT * FROM `et_category` WHERE `shopid` = 51  [ RunTime:0.0004s ]
SQL: SHOW COLUMNS FROM `et_shopgoods` [ RunTime:0.0024s ]
SQL: SELECT * FROM `et_shopgoods` WHERE `shopid` = 51 AND `cid` = 189  [ RunTime:0.0005s ]
SQL: SELECT * FROM `et_shopgoods` WHERE `shopid` = 51 AND `cid` = 190  [ RunTime:0.0004s ]
SQL: SELECT * FROM `et_shopgoods` WHERE `shopid` = 51 AND `cid` = 191  [ RunTime:0.0004s ]
SQL: SELECT * FROM `et_shopgoods` WHERE `shopid` = 51 AND `cid` = 192  [ RunTime:0.0004s ]
SQL: SELECT * FROM `et_shopgoods` WHERE `shopid` = 51 AND `cid` = 193  [ RunTime:0.0004s ]
SQL: SELECT * FROM `et_shopgoods` WHERE `shopid` = 51 AND `cid` = 194  [ RunTime:0.0004s ]
SQL: SELECT * FROM `et_shopgoods` WHERE `shopid` = 51 AND `cid` = 195  [ RunTime:0.0004s ]
SQL: SELECT * FROM `et_shopgoods` WHERE `shopid` = 51 AND `cid` = 196  [ RunTime:0.0004s ]
SQL: SELECT * FROM `et_shopgoods` WHERE `shopid` = 51 AND `cid` = 197  [ RunTime:0.0005s ]
SQL: SELECT * FROM `et_shopgoods` WHERE `shopid` = 51 AND `cid` = 198  [ RunTime:0.0005s ]
SQL: SELECT * FROM `et_shopgoods` WHERE `shopid` = 51 AND `cid` = 199  [ RunTime:0.0003s ]
SQL: SELECT * FROM `et_shopgoods` WHERE `shopid` = 51 AND `cid` = 200  [ RunTime:0.0005s ]
SQL: SELECT * FROM `et_shopgoods` WHERE `shopid` = 51 AND `cid` = 201  [ RunTime:0.0004s ]
SQL: SELECT * FROM `et_shopgoods` WHERE `shopid` = 51 AND `cid` = 202  [ RunTime:0.0004s ]
SQL: SELECT * FROM `et_shopgoods` WHERE `shopid` = 51 AND `cid` = 203  [ RunTime:0.0004s ]
SQL: SELECT * FROM `et_shopgoods` WHERE `shopid` = 51 AND `cid` = 204  [ RunTime:0.0004s ]
SQL: SELECT * FROM `et_shopgoods` WHERE `shopid` = 51 AND `cid` = 205  [ RunTime:0.0004s ]
SQL: SELECT * FROM `et_shopgoods` WHERE `shopid` = 51 AND `cid` = 206  [ RunTime:0.0004s ]
SQL: SHOW COLUMNS FROM `et_shopmessage` [ RunTime:0.0028s ]
SQL: SELECT `shopname`,`shopphoto`,`mobile`,`content`,`shophead`,`state`,`detailed_address`,`coordinate`,`gotime`,`long`,`maxprice`,`maxlong`,`lkmoney` FROM `et_shopmessage` WHERE `shopid` = 51 LIMIT 1   [ RunTime:0.0003s ]
SQL: SHOW COLUMNS FROM `et_evaluate` [ RunTime:0.0016s ]
NOTIC: [8] Undefined index: limit D:\wm\ThinkPHP\Library\Think\Db\Driver.class.php 第 961 行.
SQL: SELECT * FROM `et_evaluate` WHERE `shopid` = 51 LIMIT 0,20   [ RunTime:0.0002s ]

[ 2017-09-17T11:34:34+08:00 ] 218.215.32.206 /index.php/home/shop/shoplist
INFO: [ app_init ] --START--
INFO: Run Behavior\BuildLiteBehavior [ RunTime:0.000017s ]
INFO: [ app_init ] --END-- [ RunTime:0.000296s ]
INFO: [ app_begin ] --START--
INFO: Run Behavior\ReadHtmlCacheBehavior [ RunTime:0.000467s ]
INFO: [ app_begin ] --END-- [ RunTime:0.000521s ]
NOTIC: [8] A session had already been started - ignoring session_start() D:\wm\ThinkPHP\Common\functions.php 第 1263 行.
SQL: SHOW COLUMNS FROM `et_shopmessage` [ RunTime:0.0021s ]
SQL: SELECT * FROM `et_shopmessage` WHERE `state` IN ('1','2') ORDER BY shopid desc LIMIT 0,15   [ RunTime:0.0005s ]
SQL: SHOW COLUMNS FROM `et_category` [ RunTime:0.0025s ]
SQL: SELECT `cid`,`cname` FROM `et_category` WHERE `shopid` = 53 ORDER BY num desc LIMIT 3   [ RunTime:0.0003s ]
SQL: SELECT `cid`,`cname` FROM `et_category` WHERE `shopid` = 52 ORDER BY num desc LIMIT 3   [ RunTime:0.0002s ]
SQL: SELECT `cid`,`cname` FROM `et_category` WHERE `shopid` = 51 ORDER BY num desc LIMIT 3   [ RunTime:0.0002s ]
SQL: SELECT `cid`,`cname` FROM `et_category` WHERE `shopid` = 50 ORDER BY num desc LIMIT 3   [ RunTime:0.0002s ]
SQL: SELECT `cid`,`cname` FROM `et_category` WHERE `shopid` = 45 ORDER BY num desc LIMIT 3   [ RunTime:0.0003s ]
SQL: SELECT `cid`,`cname` FROM `et_category` WHERE `shopid` = 44 ORDER BY num desc LIMIT 3   [ RunTime:0.0002s ]
SQL: SELECT `cid`,`cname` FROM `et_category` WHERE `shopid` = 42 ORDER BY num desc LIMIT 3   [ RunTime:0.0003s ]
SQL: SELECT `cid`,`cname` FROM `et_category` WHERE `shopid` = 13 ORDER BY num desc LIMIT 3   [ RunTime:0.0002s ]
SQL: SELECT `cid`,`cname` FROM `et_category` WHERE `shopid` = 7 ORDER BY num desc LIMIT 3   [ RunTime:0.0002s ]
SQL: SELECT `cid`,`cname` FROM `et_category` WHERE `shopid` = 6 ORDER BY num desc LIMIT 3   [ RunTime:0.0003s ]
SQL: SELECT `shopid`,`shopphoto` FROM `et_shopmessage` WHERE `state` IN ('1','2') AND `states` = 2 LIMIT 4   [ RunTime:0.0002s ]

[ 2017-09-17T11:34:39+08:00 ] 218.215.32.206 /index.php/home/shop/shoplist
INFO: [ app_init ] --START--
INFO: Run Behavior\BuildLiteBehavior [ RunTime:0.000018s ]
INFO: [ app_init ] --END-- [ RunTime:0.000331s ]
INFO: [ app_begin ] --START--
INFO: Run Behavior\ReadHtmlCacheBehavior [ RunTime:0.000383s ]
INFO: [ app_begin ] --END-- [ RunTime:0.000437s ]
NOTIC: [8] A session had already been started - ignoring session_start() D:\wm\ThinkPHP\Common\functions.php 第 1263 行.
SQL: SHOW COLUMNS FROM `et_shopmessage` [ RunTime:0.0021s ]
SQL: SELECT * FROM `et_shopmessage` WHERE `state` IN ('1','2') ORDER BY shopid desc LIMIT 0,15   [ RunTime:0.0005s ]
SQL: SHOW COLUMNS FROM `et_category` [ RunTime:0.0017s ]
SQL: SELECT `cid`,`cname` FROM `et_category` WHERE `shopid` = 53 ORDER BY num desc LIMIT 3   [ RunTime:0.0003s ]
SQL: SELECT `cid`,`cname` FROM `et_category` WHERE `shopid` = 52 ORDER BY num desc LIMIT 3   [ RunTime:0.0003s ]
SQL: SELECT `cid`,`cname` FROM `et_category` WHERE `shopid` = 51 ORDER BY num desc LIMIT 3   [ RunTime:0.0003s ]
SQL: SELECT `cid`,`cname` FROM `et_category` WHERE `shopid` = 50 ORDER BY num desc LIMIT 3   [ RunTime:0.0002s ]
SQL: SELECT `cid`,`cname` FROM `et_category` WHERE `shopid` = 45 ORDER BY num desc LIMIT 3   [ RunTime:0.0003s ]
SQL: SELECT `cid`,`cname` FROM `et_category` WHERE `shopid` = 44 ORDER BY num desc LIMIT 3   [ RunTime:0.0002s ]
SQL: SELECT `cid`,`cname` FROM `et_category` WHERE `shopid` = 42 ORDER BY num desc LIMIT 3   [ RunTime:0.0002s ]
SQL: SELECT `cid`,`cname` FROM `et_category` WHERE `shopid` = 13 ORDER BY num desc LIMIT 3   [ RunTime:0.0002s ]
SQL: SELECT `cid`,`cname` FROM `et_category` WHERE `shopid` = 7 ORDER BY num desc LIMIT 3   [ RunTime:0.0003s ]
SQL: SELECT `cid`,`cname` FROM `et_category` WHERE `shopid` = 6 ORDER BY num desc LIMIT 3   [ RunTime:0.0002s ]
SQL: SELECT `shopid`,`shopphoto` FROM `et_shopmessage` WHERE `state` IN ('1','2') AND `states` = 2 LIMIT 4   [ RunTime:0.0002s ]

[ 2017-09-17T11:34:51+08:00 ] 218.215.32.206 /index.php/home/shop/menulist
INFO: [ app_init ] --START--
INFO: Run Behavior\BuildLiteBehavior [ RunTime:0.000018s ]
INFO: [ app_init ] --END-- [ RunTime:0.000658s ]
INFO: [ app_begin ] --START--
INFO: Run Behavior\ReadHtmlCacheBehavior [ RunTime:0.000389s ]
INFO: [ app_begin ] --END-- [ RunTime:0.000518s ]
NOTIC: [8] A session had already been started - ignoring session_start() D:\wm\ThinkPHP\Common\functions.php 第 1263 行.
SQL: SHOW COLUMNS FROM `et_category` [ RunTime:0.0019s ]
SQL: SELECT * FROM `et_category` WHERE `shopid` = 51  [ RunTime:0.0004s ]
SQL: SHOW COLUMNS FROM `et_shopgoods` [ RunTime:0.0024s ]
SQL: SELECT * FROM `et_shopgoods` WHERE `shopid` = 51 AND `cid` = 189  [ RunTime:0.0004s ]
SQL: SELECT * FROM `et_shopgoods` WHERE `shopid` = 51 AND `cid` = 190  [ RunTime:0.0004s ]
SQL: SELECT * FROM `et_shopgoods` WHERE `shopid` = 51 AND `cid` = 191  [ RunTime:0.0005s ]
SQL: SELECT * FROM `et_shopgoods` WHERE `shopid` = 51 AND `cid` = 192  [ RunTime:0.0004s ]
SQL: SELECT * FROM `et_shopgoods` WHERE `shopid` = 51 AND `cid` = 193  [ RunTime:0.0005s ]
SQL: SELECT * FROM `et_shopgoods` WHERE `shopid` = 51 AND `cid` = 194  [ RunTime:0.0004s ]
SQL: SELECT * FROM `et_shopgoods` WHERE `shopid` = 51 AND `cid` = 195  [ RunTime:0.0004s ]
SQL: SELECT * FROM `et_shopgoods` WHERE `shopid` = 51 AND `cid` = 196  [ RunTime:0.0005s ]
SQL: SELECT * FROM `et_shopgoods` WHERE `shopid` = 51 AND `cid` = 197  [ RunTime:0.0006s ]
SQL: SELECT * FROM `et_shopgoods` WHERE `shopid` = 51 AND `cid` = 198  [ RunTime:0.0007s ]
SQL: SELECT * FROM `et_shopgoods` WHERE `shopid` = 51 AND `cid` = 199  [ RunTime:0.0005s ]
SQL: SELECT * FROM `et_shopgoods` WHERE `shopid` = 51 AND `cid` = 200  [ RunTime:0.0004s ]
SQL: SELECT * FROM `et_shopgoods` WHERE `shopid` = 51 AND `cid` = 201  [ RunTime:0.0004s ]
SQL: SELECT * FROM `et_shopgoods` WHERE `shopid` = 51 AND `cid` = 202  [ RunTime:0.0003s ]
SQL: SELECT * FROM `et_shopgoods` WHERE `shopid` = 51 AND `cid` = 203  [ RunTime:0.0004s ]
SQL: SELECT * FROM `et_shopgoods` WHERE `shopid` = 51 AND `cid` = 204  [ RunTime:0.0004s ]
SQL: SELECT * FROM `et_shopgoods` WHERE `shopid` = 51 AND `cid` = 205  [ RunTime:0.0004s ]
SQL: SELECT * FROM `et_shopgoods` WHERE `shopid` = 51 AND `cid` = 206  [ RunTime:0.0003s ]
SQL: SHOW COLUMNS FROM `et_shopmessage` [ RunTime:0.0034s ]
SQL: SELECT `shopname`,`shopphoto`,`mobile`,`content`,`shophead`,`state`,`detailed_address`,`coordinate`,`gotime`,`long`,`maxprice`,`maxlong`,`lkmoney` FROM `et_shopmessage` WHERE `shopid` = 51 LIMIT 1   [ RunTime:0.0004s ]
SQL: SHOW COLUMNS FROM `et_evaluate` [ RunTime:0.0024s ]
NOTIC: [8] Undefined index: limit D:\wm\ThinkPHP\Library\Think\Db\Driver.class.php 第 961 行.
SQL: SELECT * FROM `et_evaluate` WHERE `shopid` = 51 LIMIT 0,20   [ RunTime:0.0003s ]

[ 2017-09-17T11:35:23+08:00 ] 218.215.32.206 /index.php/home/user/personal_center
INFO: [ app_init ] --START--
INFO: Run Behavior\BuildLiteBehavior [ RunTime:0.000018s ]
INFO: [ app_init ] --END-- [ RunTime:0.000309s ]
INFO: [ app_begin ] --START--
INFO: Run Behavior\ReadHtmlCacheBehavior [ RunTime:0.000369s ]
INFO: [ app_begin ] --END-- [ RunTime:0.000430s ]
NOTIC: [8] A session had already been started - ignoring session_start() D:\wm\ThinkPHP\Common\functions.php 第 1263 行.
SQL: SHOW COLUMNS FROM `et_user` [ RunTime:0.0427s ]
SQL: SELECT `username`,`mobile`,`head_photo` FROM `et_user` WHERE `uid` = 47 LIMIT 1   [ RunTime:0.0005s ]

[ 2017-09-17T11:35:23+08:00 ] 218.215.32.206 /index.php/home/shop/shoplist
INFO: [ app_init ] --START--
INFO: Run Behavior\BuildLiteBehavior [ RunTime:0.000027s ]
INFO: [ app_init ] --END-- [ RunTime:0.000533s ]
INFO: [ app_begin ] --START--
INFO: Run Behavior\ReadHtmlCacheBehavior [ RunTime:0.000784s ]
INFO: [ app_begin ] --END-- [ RunTime:0.000854s ]
NOTIC: [8] A session had already been started - ignoring session_start() D:\wm\ThinkPHP\Common\functions.php 第 1263 行.
SQL: SHOW COLUMNS FROM `et_shopmessage` [ RunTime:0.0023s ]
SQL: SELECT * FROM `et_shopmessage` WHERE `state` IN ('1','2') ORDER BY shopid desc LIMIT 0,15   [ RunTime:0.0005s ]
SQL: SHOW COLUMNS FROM `et_category` [ RunTime:0.0027s ]
SQL: SELECT `cid`,`cname` FROM `et_category` WHERE `shopid` = 53 ORDER BY num desc LIMIT 3   [ RunTime:0.0003s ]
SQL: SELECT `cid`,`cname` FROM `et_category` WHERE `shopid` = 52 ORDER BY num desc LIMIT 3   [ RunTime:0.0003s ]
SQL: SELECT `cid`,`cname` FROM `et_category` WHERE `shopid` = 51 ORDER BY num desc LIMIT 3   [ RunTime:0.0002s ]
SQL: SELECT `cid`,`cname` FROM `et_category` WHERE `shopid` = 50 ORDER BY num desc LIMIT 3   [ RunTime:0.0003s ]
SQL: SELECT `cid`,`cname` FROM `et_category` WHERE `shopid` = 45 ORDER BY num desc LIMIT 3   [ RunTime:0.0002s ]
SQL: SELECT `cid`,`cname` FROM `et_category` WHERE `shopid` = 44 ORDER BY num desc LIMIT 3   [ RunTime:0.0002s ]
SQL: SELECT `cid`,`cname` FROM `et_category` WHERE `shopid` = 42 ORDER BY num desc LIMIT 3   [ RunTime:0.0003s ]
SQL: SELECT `cid`,`cname` FROM `et_category` WHERE `shopid` = 13 ORDER BY num desc LIMIT 3   [ RunTime:0.0002s ]
SQL: SELECT `cid`,`cname` FROM `et_category` WHERE `shopid` = 7 ORDER BY num desc LIMIT 3   [ RunTime:0.0003s ]
SQL: SELECT `cid`,`cname` FROM `et_category` WHERE `shopid` = 6 ORDER BY num desc LIMIT 3   [ RunTime:0.0002s ]
SQL: SELECT `shopid`,`shopphoto` FROM `et_shopmessage` WHERE `state` IN ('1','2') AND `states` = 2 LIMIT 4   [ RunTime:0.0002s ]

[ 2017-09-17T11:35:27+08:00 ] 218.215.32.206 /index.php/home/shop/shoplist
INFO: [ app_init ] --START--
INFO: Run Behavior\BuildLiteBehavior [ RunTime:0.000016s ]
INFO: [ app_init ] --END-- [ RunTime:0.000347s ]
INFO: [ app_begin ] --START--
INFO: Run Behavior\ReadHtmlCacheBehavior [ RunTime:0.000533s ]
INFO: [ app_begin ] --END-- [ RunTime:0.000592s ]
NOTIC: [8] A session had already been started - ignoring session_start() D:\wm\ThinkPHP\Common\functions.php 第 1263 行.
SQL: SHOW COLUMNS FROM `et_shopmessage` [ RunTime:0.0023s ]
SQL: SELECT * FROM `et_shopmessage` WHERE `state` IN ('1','2') ORDER BY shopid desc LIMIT 15,15   [ RunTime:0.0004s ]
SQL: SELECT `shopid`,`shopphoto` FROM `et_shopmessage` WHERE `state` IN ('1','2') AND `states` = 2 LIMIT 4   [ RunTime:0.0003s ]
NOTIC: [2] array_multisort(): Argument #1 is expected to be an array or a sort flag D:\wm\Application\Home\Controller\ShopController.class.php 第 50 行.

[ 2017-09-17T14:30:20+08:00 ] 183.197.99.237 /index.php/home/user/personal_center
INFO: [ app_init ] --START--
INFO: Run Behavior\BuildLiteBehavior [ RunTime:0.000025s ]
INFO: [ app_init ] --END-- [ RunTime:0.000477s ]
INFO: [ app_begin ] --START--
INFO: Run Behavior\ReadHtmlCacheBehavior [ RunTime:0.000730s ]
INFO: [ app_begin ] --END-- [ RunTime:0.000810s ]
NOTIC: [8] A session had already been started - ignoring session_start() D:\wm\ThinkPHP\Common\functions.php 第 1263 行.
SQL: SHOW COLUMNS FROM `et_user` [ RunTime:0.0228s ]
SQL: SELECT `username`,`mobile`,`head_photo` FROM `et_user` WHERE `uid` = 20 LIMIT 1   [ RunTime:0.0012s ]

[ 2017-09-17T14:30:20+08:00 ] 183.197.99.237 /index.php/home/shop/shoplist
INFO: [ app_init ] --START--
INFO: Run Behavior\BuildLiteBehavior [ RunTime:0.000018s ]
INFO: [ app_init ] --END-- [ RunTime:0.000377s ]
INFO: [ app_begin ] --START--
INFO: Run Behavior\ReadHtmlCacheBehavior [ RunTime:0.000435s ]
INFO: [ app_begin ] --END-- [ RunTime:0.000498s ]
NOTIC: [8] A session had already been started - ignoring session_start() D:\wm\ThinkPHP\Common\functions.php 第 1263 行.
SQL: SHOW COLUMNS FROM `et_shopmessage` [ RunTime:0.0234s ]
SQL: SELECT * FROM `et_shopmessage` WHERE `state` IN ('1','2') ORDER BY shopid desc LIMIT 0,15   [ RunTime:0.0036s ]
SQL: SHOW COLUMNS FROM `et_category` [ RunTime:0.0029s ]
SQL: SELECT `cid`,`cname` FROM `et_category` WHERE `shopid` = 53 ORDER BY num desc LIMIT 3   [ RunTime:0.0003s ]
SQL: SELECT `cid`,`cname` FROM `et_category` WHERE `shopid` = 52 ORDER BY num desc LIMIT 3   [ RunTime:0.0003s ]
SQL: SELECT `cid`,`cname` FROM `et_category` WHERE `shopid` = 51 ORDER BY num desc LIMIT 3   [ RunTime:0.0003s ]
SQL: SELECT `cid`,`cname` FROM `et_category` WHERE `shopid` = 50 ORDER BY num desc LIMIT 3   [ RunTime:0.0003s ]
SQL: SELECT `cid`,`cname` FROM `et_category` WHERE `shopid` = 45 ORDER BY num desc LIMIT 3   [ RunTime:0.0003s ]
SQL: SELECT `cid`,`cname` FROM `et_category` WHERE `shopid` = 44 ORDER BY num desc LIMIT 3   [ RunTime:0.0003s ]
SQL: SELECT `cid`,`cname` FROM `et_category` WHERE `shopid` = 42 ORDER BY num desc LIMIT 3   [ RunTime:0.0002s ]
SQL: SELECT `cid`,`cname` FROM `et_category` WHERE `shopid` = 13 ORDER BY num desc LIMIT 3   [ RunTime:0.0003s ]
SQL: SELECT `cid`,`cname` FROM `et_category` WHERE `shopid` = 7 ORDER BY num desc LIMIT 3   [ RunTime:0.0002s ]
SQL: SELECT `cid`,`cname` FROM `et_category` WHERE `shopid` = 6 ORDER BY num desc LIMIT 3   [ RunTime:0.0002s ]
SQL: SELECT `shopid`,`shopphoto` FROM `et_shopmessage` WHERE `state` IN ('1','2') AND `states` = 2 LIMIT 4   [ RunTime:0.0002s ]

[ 2017-09-17T14:30:25+08:00 ] 183.197.99.237 /index.php/home/shop/menulist
INFO: [ app_init ] --START--
INFO: Run Behavior\BuildLiteBehavior [ RunTime:0.000015s ]
INFO: [ app_init ] --END-- [ RunTime:0.000337s ]
INFO: [ app_begin ] --START--
INFO: Run Behavior\ReadHtmlCacheBehavior [ RunTime:0.000505s ]
INFO: [ app_begin ] --END-- [ RunTime:0.000561s ]
NOTIC: [8] A session had already been started - ignoring session_start() D:\wm\ThinkPHP\Common\functions.php 第 1263 行.
NOTIC: [8] Undefined index: coor D:\wm\Application\Home\Controller\ShopController.class.php 第 264 行.
SQL: SHOW COLUMNS FROM `et_category` [ RunTime:0.0019s ]
SQL: SELECT * FROM `et_category` WHERE `shopid` = 50  [ RunTime:0.0003s ]
SQL: SHOW COLUMNS FROM `et_shopgoods` [ RunTime:0.0025s ]
SQL: SELECT * FROM `et_shopgoods` WHERE `shopid` = 50 AND `cid` = 174  [ RunTime:0.0005s ]
SQL: SELECT * FROM `et_shopgoods` WHERE `shopid` = 50 AND `cid` = 175  [ RunTime:0.0004s ]
SQL: SELECT * FROM `et_shopgoods` WHERE `shopid` = 50 AND `cid` = 176  [ RunTime:0.0004s ]
SQL: SELECT * FROM `et_shopgoods` WHERE `shopid` = 50 AND `cid` = 177  [ RunTime:0.0004s ]
SQL: SELECT * FROM `et_shopgoods` WHERE `shopid` = 50 AND `cid` = 178  [ RunTime:0.0004s ]
SQL: SELECT * FROM `et_shopgoods` WHERE `shopid` = 50 AND `cid` = 179  [ RunTime:0.0004s ]
SQL: SELECT * FROM `et_shopgoods` WHERE `shopid` = 50 AND `cid` = 180  [ RunTime:0.0004s ]
SQL: SELECT * FROM `et_shopgoods` WHERE `shopid` = 50 AND `cid` = 181  [ RunTime:0.0004s ]
SQL: SELECT * FROM `et_shopgoods` WHERE `shopid` = 50 AND `cid` = 182  [ RunTime:0.0004s ]
SQL: SELECT * FROM `et_shopgoods` WHERE `shopid` = 50 AND `cid` = 183  [ RunTime:0.0005s ]
SQL: SELECT * FROM `et_shopgoods` WHERE `shopid` = 50 AND `cid` = 184  [ RunTime:0.0004s ]
SQL: SELECT * FROM `et_shopgoods` WHERE `shopid` = 50 AND `cid` = 185  [ RunTime:0.0004s ]
SQL: SELECT * FROM `et_shopgoods` WHERE `shopid` = 50 AND `cid` = 186  [ RunTime:0.0004s ]
SQL: SELECT * FROM `et_shopgoods` WHERE `shopid` = 50 AND `cid` = 187  [ RunTime:0.0004s ]
SQL: SHOW COLUMNS FROM `et_shopmessage` [ RunTime:0.0015s ]
SQL: SELECT `shopname`,`shopphoto`,`mobile`,`content`,`shophead`,`state`,`detailed_address`,`coordinate`,`gotime`,`long`,`maxprice`,`maxlong`,`lkmoney` FROM `et_shopmessage` WHERE `shopid` = 50 LIMIT 1   [ RunTime:0.0003s ]
NOTIC: [8] Undefined offset: 1 D:\wm\Application\Home\Controller\ShopController.class.php 第 281 行.
SQL: SHOW COLUMNS FROM `et_evaluate` [ RunTime:0.0020s ]
NOTIC: [8] Undefined index: limit D:\wm\ThinkPHP\Library\Think\Db\Driver.class.php 第 961 行.
SQL: SELECT * FROM `et_evaluate` WHERE `shopid` = 50 LIMIT 0,20   [ RunTime:0.0002s ]

[ 2017-09-17T14:30:35+08:00 ] 183.197.99.237 /index.php/home/user/personal_center
INFO: [ app_init ] --START--
INFO: Run Behavior\BuildLiteBehavior [ RunTime:0.000021s ]
INFO: [ app_init ] --END-- [ RunTime:0.000371s ]
INFO: [ app_begin ] --START--
INFO: Run Behavior\ReadHtmlCacheBehavior [ RunTime:0.000584s ]
INFO: [ app_begin ] --END-- [ RunTime:0.000661s ]
NOTIC: [8] A session had already been started - ignoring session_start() D:\wm\ThinkPHP\Common\functions.php 第 1263 行.
SQL: SHOW COLUMNS FROM `et_user` [ RunTime:0.0024s ]
SQL: SELECT `username`,`mobile`,`head_photo` FROM `et_user` WHERE `uid` = 20 LIMIT 1   [ RunTime:0.0003s ]

[ 2017-09-17T14:30:35+08:00 ] 183.197.99.237 /index.php/home/shop/shoplist
INFO: [ app_init ] --START--
INFO: Run Behavior\BuildLiteBehavior [ RunTime:0.000015s ]
INFO: [ app_init ] --END-- [ RunTime:0.000294s ]
INFO: [ app_begin ] --START--
INFO: Run Behavior\ReadHtmlCacheBehavior [ RunTime:0.000456s ]
INFO: [ app_begin ] --END-- [ RunTime:0.000521s ]
NOTIC: [8] A session had already been started - ignoring session_start() D:\wm\ThinkPHP\Common\functions.php 第 1263 行.
SQL: SHOW COLUMNS FROM `et_shopmessage` [ RunTime:0.0021s ]
SQL: SELECT * FROM `et_shopmessage` WHERE `state` IN ('1','2') ORDER BY shopid desc LIMIT 0,15   [ RunTime:0.0006s ]
SQL: SHOW COLUMNS FROM `et_category` [ RunTime:0.0029s ]
SQL: SELECT `cid`,`cname` FROM `et_category` WHERE `shopid` = 53 ORDER BY num desc LIMIT 3   [ RunTime:0.0006s ]
SQL: SELECT `cid`,`cname` FROM `et_category` WHERE `shopid` = 52 ORDER BY num desc LIMIT 3   [ RunTime:0.0004s ]
SQL: SELECT `cid`,`cname` FROM `et_category` WHERE `shopid` = 51 ORDER BY num desc LIMIT 3   [ RunTime:0.0003s ]
SQL: SELECT `cid`,`cname` FROM `et_category` WHERE `shopid` = 50 ORDER BY num desc LIMIT 3   [ RunTime:0.0004s ]
SQL: SELECT `cid`,`cname` FROM `et_category` WHERE `shopid` = 45 ORDER BY num desc LIMIT 3   [ RunTime:0.0003s ]
SQL: SELECT `cid`,`cname` FROM `et_category` WHERE `shopid` = 44 ORDER BY num desc LIMIT 3   [ RunTime:0.0004s ]
SQL: SELECT `cid`,`cname` FROM `et_category` WHERE `shopid` = 42 ORDER BY num desc LIMIT 3   [ RunTime:0.0003s ]
SQL: SELECT `cid`,`cname` FROM `et_category` WHERE `shopid` = 13 ORDER BY num desc LIMIT 3   [ RunTime:0.0004s ]
SQL: SELECT `cid`,`cname` FROM `et_category` WHERE `shopid` = 7 ORDER BY num desc LIMIT 3   [ RunTime:0.0003s ]
SQL: SELECT `cid`,`cname` FROM `et_category` WHERE `shopid` = 6 ORDER BY num desc LIMIT 3   [ RunTime:0.0003s ]
SQL: SELECT `shopid`,`shopphoto` FROM `et_shopmessage` WHERE `state` IN ('1','2') AND `states` = 2 LIMIT 4   [ RunTime:0.0003s ]

[ 2017-09-17T14:32:17+08:00 ] 183.197.99.237 /index.php/home/shop/menulist
INFO: [ app_init ] --START--
INFO: Run Behavior\BuildLiteBehavior [ RunTime:0.000023s ]
INFO: [ app_init ] --END-- [ RunTime:0.000304s ]
INFO: [ app_begin ] --START--
INFO: Run Behavior\ReadHtmlCacheBehavior [ RunTime:0.000437s ]
INFO: [ app_begin ] --END-- [ RunTime:0.000493s ]
NOTIC: [8] A session had already been started - ignoring session_start() D:\wm\ThinkPHP\Common\functions.php 第 1263 行.
NOTIC: [8] Undefined index: coor D:\wm\Application\Home\Controller\ShopController.class.php 第 264 行.
SQL: SHOW COLUMNS FROM `et_category` [ RunTime:0.0020s ]
SQL: SELECT * FROM `et_category` WHERE `shopid` = 45  [ RunTime:0.0004s ]
SQL: SHOW COLUMNS FROM `et_shopgoods` [ RunTime:0.0017s ]
SQL: SELECT * FROM `et_shopgoods` WHERE `shopid` = 45 AND `cid` = 165  [ RunTime:0.0004s ]
SQL: SHOW COLUMNS FROM `et_shopmessage` [ RunTime:0.0017s ]
SQL: SELECT `shopname`,`shopphoto`,`mobile`,`content`,`shophead`,`state`,`detailed_address`,`coordinate`,`gotime`,`long`,`maxprice`,`maxlong`,`lkmoney` FROM `et_shopmessage` WHERE `shopid` = 45 LIMIT 1   [ RunTime:0.0003s ]
NOTIC: [8] Undefined offset: 1 D:\wm\Application\Home\Controller\ShopController.class.php 第 281 行.
SQL: SHOW COLUMNS FROM `et_evaluate` [ RunTime:0.0030s ]
NOTIC: [8] Undefined index: limit D:\wm\ThinkPHP\Library\Think\Db\Driver.class.php 第 961 行.
SQL: SELECT * FROM `et_evaluate` WHERE `shopid` = 45 LIMIT 0,20   [ RunTime:0.0003s ]

[ 2017-09-17T14:32:21+08:00 ] 183.197.99.237 /index.php/home/user/get_address
INFO: [ app_init ] --START--
INFO: Run Behavior\BuildLiteBehavior [ RunTime:0.000017s ]
INFO: [ app_init ] --END-- [ RunTime:0.000330s ]
INFO: [ app_begin ] --START--
INFO: Run Behavior\ReadHtmlCacheBehavior [ RunTime:0.000496s ]
INFO: [ app_begin ] --END-- [ RunTime:0.000554s ]
NOTIC: [8] A session had already been started - ignoring session_start() D:\wm\ThinkPHP\Common\functions.php 第 1263 行.
SQL: SHOW COLUMNS FROM `et_shipping_address` [ RunTime:0.0020s ]
SQL: SELECT `addid`,`userid`,`real_name`,`gender`,`mobile`,`location_address`,`coordinate`,`detailed_address`,`flag` FROM `et_shipping_address` WHERE `userid` = 20 ORDER BY addid desc  [ RunTime:0.0004s ]
NOTIC: [8] Undefined index: add_sex D:\wm\Application\Home\Controller\UserController.class.php 第 378 行.
NOTIC: [8] Undefined index: add_sex D:\wm\Application\Home\Controller\UserController.class.php 第 378 行.

[ 2017-09-17T14:32:29+08:00 ] 183.197.99.237 /index.php/home/user/personal_center
INFO: [ app_init ] --START--
INFO: Run Behavior\BuildLiteBehavior [ RunTime:0.000018s ]
INFO: [ app_init ] --END-- [ RunTime:0.000328s ]
INFO: [ app_begin ] --START--
INFO: Run Behavior\ReadHtmlCacheBehavior [ RunTime:0.000418s ]
INFO: [ app_begin ] --END-- [ RunTime:0.000473s ]
NOTIC: [8] A session had already been started - ignoring session_start() D:\wm\ThinkPHP\Common\functions.php 第 1263 行.
SQL: SHOW COLUMNS FROM `et_user` [ RunTime:0.0020s ]
SQL: SELECT `username`,`mobile`,`head_photo` FROM `et_user` WHERE `uid` = 20 LIMIT 1   [ RunTime:0.0003s ]

[ 2017-09-17T14:32:29+08:00 ] 183.197.99.237 /index.php/home/shop/shoplist
INFO: [ app_init ] --START--
INFO: Run Behavior\BuildLiteBehavior [ RunTime:0.000017s ]
INFO: [ app_init ] --END-- [ RunTime:0.000320s ]
INFO: [ app_begin ] --START--
INFO: Run Behavior\ReadHtmlCacheBehavior [ RunTime:0.000437s ]
INFO: [ app_begin ] --END-- [ RunTime:0.000492s ]
NOTIC: [8] A session had already been started - ignoring session_start() D:\wm\ThinkPHP\Common\functions.php 第 1263 行.
SQL: SHOW COLUMNS FROM `et_shopmessage` [ RunTime:0.0048s ]
SQL: SELECT * FROM `et_shopmessage` WHERE `state` IN ('1','2') ORDER BY shopid desc LIMIT 0,15   [ RunTime:0.0006s ]
SQL: SHOW COLUMNS FROM `et_category` [ RunTime:0.0017s ]
SQL: SELECT `cid`,`cname` FROM `et_category` WHERE `shopid` = 53 ORDER BY num desc LIMIT 3   [ RunTime:0.0003s ]
SQL: SELECT `cid`,`cname` FROM `et_category` WHERE `shopid` = 52 ORDER BY num desc LIMIT 3   [ RunTime:0.0002s ]
SQL: SELECT `cid`,`cname` FROM `et_category` WHERE `shopid` = 51 ORDER BY num desc LIMIT 3   [ RunTime:0.0003s ]
SQL: SELECT `cid`,`cname` FROM `et_category` WHERE `shopid` = 50 ORDER BY num desc LIMIT 3   [ RunTime:0.0002s ]
SQL: SELECT `cid`,`cname` FROM `et_category` WHERE `shopid` = 45 ORDER BY num desc LIMIT 3   [ RunTime:0.0002s ]
SQL: SELECT `cid`,`cname` FROM `et_category` WHERE `shopid` = 44 ORDER BY num desc LIMIT 3   [ RunTime:0.0002s ]
SQL: SELECT `cid`,`cname` FROM `et_category` WHERE `shopid` = 42 ORDER BY num desc LIMIT 3   [ RunTime:0.0003s ]
SQL: SELECT `cid`,`cname` FROM `et_category` WHERE `shopid` = 13 ORDER BY num desc LIMIT 3   [ RunTime:0.0004s ]
SQL: SELECT `cid`,`cname` FROM `et_category` WHERE `shopid` = 7 ORDER BY num desc LIMIT 3   [ RunTime:0.0004s ]
SQL: SELECT `cid`,`cname` FROM `et_category` WHERE `shopid` = 6 ORDER BY num desc LIMIT 3   [ RunTime:0.0003s ]
SQL: SELECT `shopid`,`shopphoto` FROM `et_shopmessage` WHERE `state` IN ('1','2') AND `states` = 2 LIMIT 4   [ RunTime:0.0003s ]

[ 2017-09-17T14:32:32+08:00 ] 183.197.99.237 /index.php/home/shop/menulist
INFO: [ app_init ] --START--
INFO: Run Behavior\BuildLiteBehavior [ RunTime:0.000015s ]
INFO: [ app_init ] --END-- [ RunTime:0.000285s ]
INFO: [ app_begin ] --START--
INFO: Run Behavior\ReadHtmlCacheBehavior [ RunTime:0.000426s ]
INFO: [ app_begin ] --END-- [ RunTime:0.000482s ]
NOTIC: [8] A session had already been started - ignoring session_start() D:\wm\ThinkPHP\Common\functions.php 第 1263 行.
NOTIC: [8] Undefined index: coor D:\wm\Application\Home\Controller\ShopController.class.php 第 264 行.
SQL: SHOW COLUMNS FROM `et_category` [ RunTime:0.0028s ]
SQL: SELECT * FROM `et_category` WHERE `shopid` = 45  [ RunTime:0.0003s ]
SQL: SHOW COLUMNS FROM `et_shopgoods` [ RunTime:0.0015s ]
SQL: SELECT * FROM `et_shopgoods` WHERE `shopid` = 45 AND `cid` = 165  [ RunTime:0.0005s ]
SQL: SHOW COLUMNS FROM `et_shopmessage` [ RunTime:0.0017s ]
SQL: SELECT `shopname`,`shopphoto`,`mobile`,`content`,`shophead`,`state`,`detailed_address`,`coordinate`,`gotime`,`long`,`maxprice`,`maxlong`,`lkmoney` FROM `et_shopmessage` WHERE `shopid` = 45 LIMIT 1   [ RunTime:0.0003s ]
NOTIC: [8] Undefined offset: 1 D:\wm\Application\Home\Controller\ShopController.class.php 第 281 行.
SQL: SHOW COLUMNS FROM `et_evaluate` [ RunTime:0.0025s ]
NOTIC: [8] Undefined index: limit D:\wm\ThinkPHP\Library\Think\Db\Driver.class.php 第 961 行.
SQL: SELECT * FROM `et_evaluate` WHERE `shopid` = 45 LIMIT 0,20   [ RunTime:0.0003s ]

[ 2017-09-17T14:32:35+08:00 ] 183.197.99.237 /index.php/home/user/get_address
INFO: [ app_init ] --START--
INFO: Run Behavior\BuildLiteBehavior [ RunTime:0.000026s ]
INFO: [ app_init ] --END-- [ RunTime:0.000555s ]
INFO: [ app_begin ] --START--
INFO: Run Behavior\ReadHtmlCacheBehavior [ RunTime:0.000688s ]
INFO: [ app_begin ] --END-- [ RunTime:0.000820s ]
NOTIC: [8] A session had already been started - ignoring session_start() D:\wm\ThinkPHP\Common\functions.php 第 1263 行.
SQL: SHOW COLUMNS FROM `et_shipping_address` [ RunTime:0.0020s ]
SQL: SELECT `addid`,`userid`,`real_name`,`gender`,`mobile`,`location_address`,`coordinate`,`detailed_address`,`flag` FROM `et_shipping_address` WHERE `userid` = 20 ORDER BY addid desc  [ RunTime:0.0003s ]
NOTIC: [8] Undefined index: add_sex D:\wm\Application\Home\Controller\UserController.class.php 第 378 行.
NOTIC: [8] Undefined index: add_sex D:\wm\Application\Home\Controller\UserController.class.php 第 378 行.

[ 2017-09-17T14:32:36+08:00 ] 183.197.99.237 /index.php/home/shop/jisuan
INFO: [ app_init ] --START--
INFO: Run Behavior\BuildLiteBehavior [ RunTime:0.000023s ]
INFO: [ app_init ] --END-- [ RunTime:0.000438s ]
INFO: [ app_begin ] --START--
INFO: Run Behavior\ReadHtmlCacheBehavior [ RunTime:0.000529s ]
INFO: [ app_begin ] --END-- [ RunTime:0.000630s ]
NOTIC: [8] A session had already been started - ignoring session_start() D:\wm\ThinkPHP\Common\functions.php 第 1263 行.
SQL: SHOW COLUMNS FROM `et_shopmessage` [ RunTime:0.0029s ]
SQL: SELECT `coordinate`,`maxprice`,`maxlong`,`lkmoney`,`long` FROM `et_shopmessage` WHERE `shopid` = 45 LIMIT 1   [ RunTime:0.0003s ]

[ 2017-09-17T14:32:43+08:00 ] 183.197.99.237 /index.php/home/order/brtoken
INFO: [ app_init ] --START--
INFO: Run Behavior\BuildLiteBehavior [ RunTime:0.000016s ]
INFO: [ app_init ] --END-- [ RunTime:0.000304s ]
INFO: [ app_begin ] --START--
INFO: Run Behavior\ReadHtmlCacheBehavior [ RunTime:0.000539s ]
INFO: [ app_begin ] --END-- [ RunTime:0.000606s ]
NOTIC: [8] A session had already been started - ignoring session_start() D:\wm\ThinkPHP\Common\functions.php 第 1263 行.
INFO: [ app_end ] --START--
INFO: Run Behavior\ShowPageTraceBehavior [ RunTime:0.000515s ]
INFO: [ app_end ] --END-- [ RunTime:0.000585s ]

[ 2017-09-17T14:32:48+08:00 ] 183.197.99.237 /index.php/home/order/brtoken
INFO: [ app_init ] --START--
INFO: Run Behavior\BuildLiteBehavior [ RunTime:0.000016s ]
INFO: [ app_init ] --END-- [ RunTime:0.000335s ]
INFO: [ app_begin ] --START--
INFO: Run Behavior\ReadHtmlCacheBehavior [ RunTime:0.000513s ]
INFO: [ app_begin ] --END-- [ RunTime:0.000583s ]
NOTIC: [8] A session had already been started - ignoring session_start() D:\wm\ThinkPHP\Common\functions.php 第 1263 行.
INFO: [ app_end ] --START--
INFO: Run Behavior\ShowPageTraceBehavior [ RunTime:0.000440s ]
INFO: [ app_end ] --END-- [ RunTime:0.000519s ]

[ 2017-09-17T14:33:00+08:00 ] 183.197.99.237 /index.php/home/order/addorder
INFO: [ app_init ] --START--
INFO: Run Behavior\BuildLiteBehavior [ RunTime:0.000018s ]
INFO: [ app_init ] --END-- [ RunTime:0.000301s ]
INFO: [ app_begin ] --START--
INFO: Run Behavior\ReadHtmlCacheBehavior [ RunTime:0.000442s ]
INFO: [ app_begin ] --END-- [ RunTime:0.000496s ]
NOTIC: [8] A session had already been started - ignoring session_start() D:\wm\ThinkPHP\Common\functions.php 第 1263 行.
NOTIC: [8] Undefined index: messages D:\wm\Application\Home\Controller\OrderController.class.php 第 28 行.
SQL: SHOW COLUMNS FROM `et_shopmessage` [ RunTime:0.0023s ]
SQL: SELECT `state`,`long` FROM `et_shopmessage` WHERE `shopid` = 45 LIMIT 1   [ RunTime:0.0003s ]
SQL: SHOW COLUMNS FROM `et_shopgoods` [ RunTime:0.0016s ]
SQL: SELECT `goodsprice` FROM `et_shopgoods` WHERE `goodsid` = 236 LIMIT 1   [ RunTime:0.0003s ]
SQL: SELECT `goodsid`,`goodsname`,`goodsprice`,`goodsphoto` FROM `et_shopgoods` WHERE `goodsid` = 236 LIMIT 1   [ RunTime:0.0002s ]
SQL: SHOW COLUMNS FROM `et_orders` [ RunTime:0.0019s ]
SQL: SHOW COLUMNS FROM `et_user` [ RunTime:0.0025s ]
SQL: SELECT `mobile` FROM `et_user` WHERE `uid` = 1 LIMIT 1   [ RunTime:0.0003s ]
SQL: SELECT COUNT(*) AS tp_count FROM `et_orders` WHERE `addtime` BETWEEN '2017-09-17 00:00:00' AND '2017-09-17 14:32:58' AND `shopid` = 45 LIMIT 1   [ RunTime:0.0004s ]
SQL: INSERT INTO `et_orders` (`orderid`,`uid`,`shopid`,`money`,`cometime`,`name`,`sex`,`phone`,`address`,`beizhu`,`allprice`,`juli`,`pay`,`goodsinfo`,`state`,`todaynums`,`lifetime`,`addtime`) VALUES ('1505629978','20','45','22709.94','ASAP','zhangxin','0','15230868185',' 上海万达瑞华酒店','','22729.94','7569.98','3','236,美味沙拉,10.00,http://wm.sawfree.com/uploads/498658465f2c8ab64af34bf42c57b4d9.jpg,2|','1','1','2017-09-17 14:47:58','2017-09-17 14:32:58') [ RunTime:0.0331s ]
SQL: SHOW COLUMNS FROM `et_ordergoods` [ RunTime:0.0030s ]
SQL: INSERT INTO `et_ordergoods` (`orderid`,`goodsid`,`num`,`addtime`) VALUES ('1505629978','236','2','2017-09-17 14:32:58') [ RunTime:0.0003s ]
SQL: SHOW COLUMNS FROM `et_mingxi` [ RunTime:0.0027s ]
SQL: INSERT INTO `et_mingxi` (`orderid`,`shopid`,`money`,`addtime`) VALUES ('1505629978','45','22729.94','2017-09-17 14:32:58') [ RunTime:0.0390s ]

[ 2017-09-17T16:56:40+08:00 ] 49.178.48.209 /index.php/home/user/personal_center
INFO: [ app_init ] --START--
INFO: Run Behavior\BuildLiteBehavior [ RunTime:0.000018s ]
INFO: [ app_init ] --END-- [ RunTime:0.000400s ]
INFO: [ app_begin ] --START--
INFO: Run Behavior\ReadHtmlCacheBehavior [ RunTime:0.000812s ]
INFO: [ app_begin ] --END-- [ RunTime:0.000898s ]
NOTIC: [8] A session had already been started - ignoring session_start() D:\wm\ThinkPHP\Common\functions.php 第 1263 行.
SQL: SHOW COLUMNS FROM `et_user` [ RunTime:0.0019s ]
SQL: SELECT `username`,`mobile`,`head_photo` FROM `et_user` WHERE `uid` = 47 LIMIT 1   [ RunTime:0.0003s ]

[ 2017-09-17T16:56:40+08:00 ] 49.178.48.209 /index.php/home/shop/shoplist
INFO: [ app_init ] --START--
INFO: Run Behavior\BuildLiteBehavior [ RunTime:0.000016s ]
INFO: [ app_init ] --END-- [ RunTime:0.000311s ]
INFO: [ app_begin ] --START--
INFO: Run Behavior\ReadHtmlCacheBehavior [ RunTime:0.000473s ]
INFO: [ app_begin ] --END-- [ RunTime:0.000526s ]
NOTIC: [8] A session had already been started - ignoring session_start() D:\wm\ThinkPHP\Common\functions.php 第 1263 行.
SQL: SHOW COLUMNS FROM `et_shopmessage` [ RunTime:0.0570s ]
SQL: SELECT * FROM `et_shopmessage` WHERE `state` IN ('1','2') ORDER BY shopid desc LIMIT 0,15   [ RunTime:0.0006s ]
SQL: SHOW COLUMNS FROM `et_category` [ RunTime:0.0019s ]
SQL: SELECT `cid`,`cname` FROM `et_category` WHERE `shopid` = 53 ORDER BY num desc LIMIT 3   [ RunTime:0.0004s ]
SQL: SELECT `cid`,`cname` FROM `et_category` WHERE `shopid` = 52 ORDER BY num desc LIMIT 3   [ RunTime:0.0003s ]
SQL: SELECT `cid`,`cname` FROM `et_category` WHERE `shopid` = 51 ORDER BY num desc LIMIT 3   [ RunTime:0.0004s ]
SQL: SELECT `cid`,`cname` FROM `et_category` WHERE `shopid` = 50 ORDER BY num desc LIMIT 3   [ RunTime:0.0003s ]
SQL: SELECT `cid`,`cname` FROM `et_category` WHERE `shopid` = 45 ORDER BY num desc LIMIT 3   [ RunTime:0.0003s ]
SQL: SELECT `cid`,`cname` FROM `et_category` WHERE `shopid` = 44 ORDER BY num desc LIMIT 3   [ RunTime:0.0002s ]
SQL: SELECT `cid`,`cname` FROM `et_category` WHERE `shopid` = 42 ORDER BY num desc LIMIT 3   [ RunTime:0.0003s ]
SQL: SELECT `cid`,`cname` FROM `et_category` WHERE `shopid` = 13 ORDER BY num desc LIMIT 3   [ RunTime:0.0002s ]
SQL: SELECT `cid`,`cname` FROM `et_category` WHERE `shopid` = 7 ORDER BY num desc LIMIT 3   [ RunTime:0.0003s ]
SQL: SELECT `cid`,`cname` FROM `et_category` WHERE `shopid` = 6 ORDER BY num desc LIMIT 3   [ RunTime:0.0003s ]
SQL: SELECT `shopid`,`shopphoto` FROM `et_shopmessage` WHERE `state` IN ('1','2') AND `states` = 2 LIMIT 4   [ RunTime:0.0003s ]

[ 2017-09-17T16:56:45+08:00 ] 49.178.48.209 /index.php/home/shop/shoplist
INFO: [ app_init ] --START--
INFO: Run Behavior\BuildLiteBehavior [ RunTime:0.000017s ]
INFO: [ app_init ] --END-- [ RunTime:0.000343s ]
INFO: [ app_begin ] --START--
INFO: Run Behavior\ReadHtmlCacheBehavior [ RunTime:0.000480s ]
INFO: [ app_begin ] --END-- [ RunTime:0.000540s ]
NOTIC: [8] A session had already been started - ignoring session_start() D:\wm\ThinkPHP\Common\functions.php 第 1263 行.
SQL: SHOW COLUMNS FROM `et_shopmessage` [ RunTime:0.0037s ]
SQL: SELECT * FROM `et_shopmessage` WHERE `state` IN ('1','2') ORDER BY shopid desc LIMIT 15,15   [ RunTime:0.0004s ]
SQL: SELECT `shopid`,`shopphoto` FROM `et_shopmessage` WHERE `state` IN ('1','2') AND `states` = 2 LIMIT 4   [ RunTime:0.0003s ]
NOTIC: [2] array_multisort(): Argument #1 is expected to be an array or a sort flag D:\wm\Application\Home\Controller\ShopController.class.php 第 50 行.

[ 2017-09-17T16:56:47+08:00 ] 49.178.48.209 /index.php/home/shop/menulist
INFO: [ app_init ] --START--
INFO: Run Behavior\BuildLiteBehavior [ RunTime:0.000023s ]
INFO: [ app_init ] --END-- [ RunTime:0.000441s ]
INFO: [ app_begin ] --START--
INFO: Run Behavior\ReadHtmlCacheBehavior [ RunTime:0.000635s ]
INFO: [ app_begin ] --END-- [ RunTime:0.000718s ]
NOTIC: [8] A session had already been started - ignoring session_start() D:\wm\ThinkPHP\Common\functions.php 第 1263 行.
SQL: SHOW COLUMNS FROM `et_category` [ RunTime:0.0024s ]
SQL: SELECT * FROM `et_category` WHERE `shopid` = 51  [ RunTime:0.0004s ]
SQL: SHOW COLUMNS FROM `et_shopgoods` [ RunTime:0.0019s ]
SQL: SELECT * FROM `et_shopgoods` WHERE `shopid` = 51 AND `cid` = 189  [ RunTime:0.0005s ]
SQL: SELECT * FROM `et_shopgoods` WHERE `shopid` = 51 AND `cid` = 190  [ RunTime:0.0004s ]
SQL: SELECT * FROM `et_shopgoods` WHERE `shopid` = 51 AND `cid` = 191  [ RunTime:0.0004s ]
SQL: SELECT * FROM `et_shopgoods` WHERE `shopid` = 51 AND `cid` = 192  [ RunTime:0.0004s ]
SQL: SELECT * FROM `et_shopgoods` WHERE `shopid` = 51 AND `cid` = 193  [ RunTime:0.0004s ]
SQL: SELECT * FROM `et_shopgoods` WHERE `shopid` = 51 AND `cid` = 194  [ RunTime:0.0004s ]
SQL: SELECT * FROM `et_shopgoods` WHERE `shopid` = 51 AND `cid` = 195  [ RunTime:0.0004s ]
SQL: SELECT * FROM `et_shopgoods` WHERE `shopid` = 51 AND `cid` = 196  [ RunTime:0.0005s ]
SQL: SELECT * FROM `et_shopgoods` WHERE `shopid` = 51 AND `cid` = 197  [ RunTime:0.0005s ]
SQL: SELECT * FROM `et_shopgoods` WHERE `shopid` = 51 AND `cid` = 198  [ RunTime:0.0004s ]
SQL: SELECT * FROM `et_shopgoods` WHERE `shopid` = 51 AND `cid` = 199  [ RunTime:0.0004s ]
SQL: SELECT * FROM `et_shopgoods` WHERE `shopid` = 51 AND `cid` = 200  [ RunTime:0.0004s ]
SQL: SELECT * FROM `et_shopgoods` WHERE `shopid` = 51 AND `cid` = 201  [ RunTime:0.0004s ]
SQL: SELECT * FROM `et_shopgoods` WHERE `shopid` = 51 AND `cid` = 202  [ RunTime:0.0004s ]
SQL: SELECT * FROM `et_shopgoods` WHERE `shopid` = 51 AND `cid` = 203  [ RunTime:0.0004s ]
SQL: SELECT * FROM `et_shopgoods` WHERE `shopid` = 51 AND `cid` = 204  [ RunTime:0.0004s ]
SQL: SELECT * FROM `et_shopgoods` WHERE `shopid` = 51 AND `cid` = 205  [ RunTime:0.0004s ]
SQL: SELECT * FROM `et_shopgoods` WHERE `shopid` = 51 AND `cid` = 206  [ RunTime:0.0004s ]
SQL: SHOW COLUMNS FROM `et_shopmessage` [ RunTime:0.0019s ]
SQL: SELECT `shopname`,`shopphoto`,`mobile`,`content`,`shophead`,`state`,`detailed_address`,`coordinate`,`gotime`,`long`,`maxprice`,`maxlong`,`lkmoney` FROM `et_shopmessage` WHERE `shopid` = 51 LIMIT 1   [ RunTime:0.0003s ]
SQL: SHOW COLUMNS FROM `et_evaluate` [ RunTime:0.0018s ]
NOTIC: [8] Undefined index: limit D:\wm\ThinkPHP\Library\Think\Db\Driver.class.php 第 961 行.
SQL: SELECT * FROM `et_evaluate` WHERE `shopid` = 51 LIMIT 0,20   [ RunTime:0.0003s ]

[ 2017-09-17T17:02:23+08:00 ] 49.178.48.209 /index.php/home/user/personal_center
INFO: [ app_init ] --START--
INFO: Run Behavior\BuildLiteBehavior [ RunTime:0.000019s ]
INFO: [ app_init ] --END-- [ RunTime:0.000340s ]
INFO: [ app_begin ] --START--
INFO: Run Behavior\ReadHtmlCacheBehavior [ RunTime:0.000528s ]
INFO: [ app_begin ] --END-- [ RunTime:0.000587s ]
NOTIC: [8] A session had already been started - ignoring session_start() D:\wm\ThinkPHP\Common\functions.php 第 1263 行.
SQL: SHOW COLUMNS FROM `et_user` [ RunTime:0.0025s ]
SQL: SELECT `username`,`mobile`,`head_photo` FROM `et_user` WHERE `uid` = 47 LIMIT 1   [ RunTime:0.0003s ]

[ 2017-09-17T17:02:23+08:00 ] 49.178.48.209 /index.php/home/shop/shoplist
INFO: [ app_init ] --START--
INFO: Run Behavior\BuildLiteBehavior [ RunTime:0.000050s ]
INFO: [ app_init ] --END-- [ RunTime:0.000411s ]
INFO: [ app_begin ] --START--
INFO: Run Behavior\ReadHtmlCacheBehavior [ RunTime:0.000555s ]
INFO: [ app_begin ] --END-- [ RunTime:0.000616s ]
NOTIC: [8] A session had already been started - ignoring session_start() D:\wm\ThinkPHP\Common\functions.php 第 1263 行.
SQL: SHOW COLUMNS FROM `et_shopmessage` [ RunTime:0.0191s ]
SQL: SELECT * FROM `et_shopmessage` WHERE `state` IN ('1','2') ORDER BY shopid desc LIMIT 0,15   [ RunTime:0.0007s ]
SQL: SHOW COLUMNS FROM `et_category` [ RunTime:0.0034s ]
SQL: SELECT `cid`,`cname` FROM `et_category` WHERE `shopid` = 53 ORDER BY num desc LIMIT 3   [ RunTime:0.0004s ]
SQL: SELECT `cid`,`cname` FROM `et_category` WHERE `shopid` = 52 ORDER BY num desc LIMIT 3   [ RunTime:0.0004s ]
SQL: SELECT `cid`,`cname` FROM `et_category` WHERE `shopid` = 51 ORDER BY num desc LIMIT 3   [ RunTime:0.0004s ]
SQL: SELECT `cid`,`cname` FROM `et_category` WHERE `shopid` = 50 ORDER BY num desc LIMIT 3   [ RunTime:0.0004s ]
SQL: SELECT `cid`,`cname` FROM `et_category` WHERE `shopid` = 45 ORDER BY num desc LIMIT 3   [ RunTime:0.0004s ]
SQL: SELECT `cid`,`cname` FROM `et_category` WHERE `shopid` = 44 ORDER BY num desc LIMIT 3   [ RunTime:0.0003s ]
SQL: SELECT `cid`,`cname` FROM `et_category` WHERE `shopid` = 42 ORDER BY num desc LIMIT 3   [ RunTime:0.0004s ]
SQL: SELECT `cid`,`cname` FROM `et_category` WHERE `shopid` = 13 ORDER BY num desc LIMIT 3   [ RunTime:0.0004s ]
SQL: SELECT `cid`,`cname` FROM `et_category` WHERE `shopid` = 7 ORDER BY num desc LIMIT 3   [ RunTime:0.0004s ]
SQL: SELECT `cid`,`cname` FROM `et_category` WHERE `shopid` = 6 ORDER BY num desc LIMIT 3   [ RunTime:0.0004s ]
SQL: SELECT `shopid`,`shopphoto` FROM `et_shopmessage` WHERE `state` IN ('1','2') AND `states` = 2 LIMIT 4   [ RunTime:0.0004s ]

[ 2017-09-17T17:02:28+08:00 ] 49.178.48.209 /index.php/home/shop/shoplist
INFO: [ app_init ] --START--
INFO: Run Behavior\BuildLiteBehavior [ RunTime:0.000015s ]
INFO: [ app_init ] --END-- [ RunTime:0.000307s ]
INFO: [ app_begin ] --START--
INFO: Run Behavior\ReadHtmlCacheBehavior [ RunTime:0.000537s ]
INFO: [ app_begin ] --END-- [ RunTime:0.000595s ]
NOTIC: [8] A session had already been started - ignoring session_start() D:\wm\ThinkPHP\Common\functions.php 第 1263 行.
SQL: SHOW COLUMNS FROM `et_shopmessage` [ RunTime:0.0030s ]
SQL: SELECT * FROM `et_shopmessage` WHERE `state` IN ('1','2') ORDER BY shopid desc LIMIT 0,15   [ RunTime:0.0005s ]
SQL: SHOW COLUMNS FROM `et_category` [ RunTime:0.0017s ]
SQL: SELECT `cid`,`cname` FROM `et_category` WHERE `shopid` = 53 ORDER BY num desc LIMIT 3   [ RunTime:0.0003s ]
SQL: SELECT `cid`,`cname` FROM `et_category` WHERE `shopid` = 52 ORDER BY num desc LIMIT 3   [ RunTime:0.0003s ]
SQL: SELECT `cid`,`cname` FROM `et_category` WHERE `shopid` = 51 ORDER BY num desc LIMIT 3   [ RunTime:0.0003s ]
SQL: SELECT `cid`,`cname` FROM `et_category` WHERE `shopid` = 50 ORDER BY num desc LIMIT 3   [ RunTime:0.0003s ]
SQL: SELECT `cid`,`cname` FROM `et_category` WHERE `shopid` = 45 ORDER BY num desc LIMIT 3   [ RunTime:0.0002s ]
SQL: SELECT `cid`,`cname` FROM `et_category` WHERE `shopid` = 44 ORDER BY num desc LIMIT 3   [ RunTime:0.0003s ]
SQL: SELECT `cid`,`cname` FROM `et_category` WHERE `shopid` = 42 ORDER BY num desc LIMIT 3   [ RunTime:0.0003s ]
SQL: SELECT `cid`,`cname` FROM `et_category` WHERE `shopid` = 13 ORDER BY num desc LIMIT 3   [ RunTime:0.0003s ]
SQL: SELECT `cid`,`cname` FROM `et_category` WHERE `shopid` = 7 ORDER BY num desc LIMIT 3   [ RunTime:0.0003s ]
SQL: SELECT `cid`,`cname` FROM `et_category` WHERE `shopid` = 6 ORDER BY num desc LIMIT 3   [ RunTime:0.0003s ]
SQL: SELECT `shopid`,`shopphoto` FROM `et_shopmessage` WHERE `state` IN ('1','2') AND `states` = 2 LIMIT 4   [ RunTime:0.0003s ]

[ 2017-09-17T17:02:50+08:00 ] 49.178.48.209 /index.php/home/shop/shoplist
INFO: [ app_init ] --START--
INFO: Run Behavior\BuildLiteBehavior [ RunTime:0.000016s ]
INFO: [ app_init ] --END-- [ RunTime:0.000289s ]
INFO: [ app_begin ] --START--
INFO: Run Behavior\ReadHtmlCacheBehavior [ RunTime:0.000425s ]
INFO: [ app_begin ] --END-- [ RunTime:0.000519s ]
NOTIC: [8] A session had already been started - ignoring session_start() D:\wm\ThinkPHP\Common\functions.php 第 1263 行.
SQL: SHOW COLUMNS FROM `et_shopmessage` [ RunTime:0.0018s ]
SQL: SELECT * FROM `et_shopmessage` WHERE `state` IN ('1','2') ORDER BY shopid desc LIMIT 15,15   [ RunTime:0.0004s ]
SQL: SELECT `shopid`,`shopphoto` FROM `et_shopmessage` WHERE `state` IN ('1','2') AND `states` = 2 LIMIT 4   [ RunTime:0.0002s ]
NOTIC: [2] array_multisort(): Argument #1 is expected to be an array or a sort flag D:\wm\Application\Home\Controller\ShopController.class.php 第 50 行.

[ 2017-09-17T17:02:54+08:00 ] 49.178.48.209 /index.php/home/shop/menulist
INFO: [ app_init ] --START--
INFO: Run Behavior\BuildLiteBehavior [ RunTime:0.000018s ]
INFO: [ app_init ] --END-- [ RunTime:0.000425s ]
INFO: [ app_begin ] --START--
INFO: Run Behavior\ReadHtmlCacheBehavior [ RunTime:0.000441s ]
INFO: [ app_begin ] --END-- [ RunTime:0.000514s ]
NOTIC: [8] A session had already been started - ignoring session_start() D:\wm\ThinkPHP\Common\functions.php 第 1263 行.
SQL: SHOW COLUMNS FROM `et_category` [ RunTime:0.0024s ]
SQL: SELECT * FROM `et_category` WHERE `shopid` = 53  [ RunTime:0.0005s ]
SQL: SHOW COLUMNS FROM `et_shopgoods` [ RunTime:0.0025s ]
SQL: SELECT * FROM `et_shopgoods` WHERE `shopid` = 53 AND `cid` = 207  [ RunTime:0.0004s ]
SQL: SELECT * FROM `et_shopgoods` WHERE `shopid` = 53 AND `cid` = 208  [ RunTime:0.0005s ]
SQL: SELECT * FROM `et_shopgoods` WHERE `shopid` = 53 AND `cid` = 209  [ RunTime:0.0004s ]
SQL: SELECT * FROM `et_shopgoods` WHERE `shopid` = 53 AND `cid` = 210  [ RunTime:0.0004s ]
SQL: SELECT * FROM `et_shopgoods` WHERE `shopid` = 53 AND `cid` = 211  [ RunTime:0.0004s ]
SQL: SELECT * FROM `et_shopgoods` WHERE `shopid` = 53 AND `cid` = 212  [ RunTime:0.0004s ]
SQL: SELECT * FROM `et_shopgoods` WHERE `shopid` = 53 AND `cid` = 213  [ RunTime:0.0005s ]
SQL: SELECT * FROM `et_shopgoods` WHERE `shopid` = 53 AND `cid` = 214  [ RunTime:0.0004s ]
SQL: SELECT * FROM `et_shopgoods` WHERE `shopid` = 53 AND `cid` = 215  [ RunTime:0.0004s ]
SQL: SELECT * FROM `et_shopgoods` WHERE `shopid` = 53 AND `cid` = 216  [ RunTime:0.0004s ]
SQL: SELECT * FROM `et_shopgoods` WHERE `shopid` = 53 AND `cid` = 217  [ RunTime:0.0004s ]
SQL: SELECT * FROM `et_shopgoods` WHERE `shopid` = 53 AND `cid` = 218  [ RunTime:0.0004s ]
SQL: SELECT * FROM `et_shopgoods` WHERE `shopid` = 53 AND `cid` = 219  [ RunTime:0.0004s ]
SQL: SELECT * FROM `et_shopgoods` WHERE `shopid` = 53 AND `cid` = 220  [ RunTime:0.0004s ]
SQL: SELECT * FROM `et_shopgoods` WHERE `shopid` = 53 AND `cid` = 221  [ RunTime:0.0004s ]
SQL: SELECT * FROM `et_shopgoods` WHERE `shopid` = 53 AND `cid` = 222  [ RunTime:0.0004s ]
SQL: SELECT * FROM `et_shopgoods` WHERE `shopid` = 53 AND `cid` = 223  [ RunTime:0.0004s ]
SQL: SELECT * FROM `et_shopgoods` WHERE `shopid` = 53 AND `cid` = 224  [ RunTime:0.0004s ]
SQL: SELECT * FROM `et_shopgoods` WHERE `shopid` = 53 AND `cid` = 225  [ RunTime:0.0004s ]
SQL: SELECT * FROM `et_shopgoods` WHERE `shopid` = 53 AND `cid` = 226  [ RunTime:0.0004s ]
SQL: SELECT * FROM `et_shopgoods` WHERE `shopid` = 53 AND `cid` = 227  [ RunTime:0.0004s ]
SQL: SELECT * FROM `et_shopgoods` WHERE `shopid` = 53 AND `cid` = 228  [ RunTime:0.0004s ]
SQL: SELECT * FROM `et_shopgoods` WHERE `shopid` = 53 AND `cid` = 229  [ RunTime:0.0004s ]
SQL: SELECT * FROM `et_shopgoods` WHERE `shopid` = 53 AND `cid` = 230  [ RunTime:0.0004s ]
SQL: SELECT * FROM `et_shopgoods` WHERE `shopid` = 53 AND `cid` = 231  [ RunTime:0.0004s ]
SQL: SELECT * FROM `et_shopgoods` WHERE `shopid` = 53 AND `cid` = 232  [ RunTime:0.0004s ]
SQL: SELECT * FROM `et_shopgoods` WHERE `shopid` = 53 AND `cid` = 233  [ RunTime:0.0005s ]
SQL: SELECT * FROM `et_shopgoods` WHERE `shopid` = 53 AND `cid` = 234  [ RunTime:0.0004s ]
SQL: SELECT * FROM `et_shopgoods` WHERE `shopid` = 53 AND `cid` = 235  [ RunTime:0.0004s ]
SQL: SELECT * FROM `et_shopgoods` WHERE `shopid` = 53 AND `cid` = 236  [ RunTime:0.0004s ]
SQL: SELECT * FROM `et_shopgoods` WHERE `shopid` = 53 AND `cid` = 237  [ RunTime:0.0004s ]
SQL: SELECT * FROM `et_shopgoods` WHERE `shopid` = 53 AND `cid` = 238  [ RunTime:0.0004s ]
SQL: SHOW COLUMNS FROM `et_shopmessage` [ RunTime:0.0031s ]
SQL: SELECT `shopname`,`shopphoto`,`mobile`,`content`,`shophead`,`state`,`detailed_address`,`coordinate`,`gotime`,`long`,`maxprice`,`maxlong`,`lkmoney` FROM `et_shopmessage` WHERE `shopid` = 53 LIMIT 1   [ RunTime:0.0004s ]
SQL: SHOW COLUMNS FROM `et_evaluate` [ RunTime:0.0024s ]
NOTIC: [8] Undefined index: limit D:\wm\ThinkPHP\Library\Think\Db\Driver.class.php 第 961 行.
SQL: SELECT * FROM `et_evaluate` WHERE `shopid` = 53 LIMIT 0,20   [ RunTime:0.0003s ]

[ 2017-09-17T17:03:03+08:00 ] 49.178.48.209 /index.php/home/user/personal_center
INFO: [ app_init ] --START--
INFO: Run Behavior\BuildLiteBehavior [ RunTime:0.000017s ]
INFO: [ app_init ] --END-- [ RunTime:0.000365s ]
INFO: [ app_begin ] --START--
INFO: Run Behavior\ReadHtmlCacheBehavior [ RunTime:0.000507s ]
INFO: [ app_begin ] --END-- [ RunTime:0.000562s ]
NOTIC: [8] A session had already been started - ignoring session_start() D:\wm\ThinkPHP\Common\functions.php 第 1263 行.
SQL: SHOW COLUMNS FROM `et_user` [ RunTime:0.0021s ]
SQL: SELECT `username`,`mobile`,`head_photo` FROM `et_user` WHERE `uid` = 47 LIMIT 1   [ RunTime:0.0003s ]

[ 2017-09-17T17:03:05+08:00 ] 49.178.48.209 /index.php/home/shop/menulist
INFO: [ app_init ] --START--
INFO: Run Behavior\BuildLiteBehavior [ RunTime:0.000017s ]
INFO: [ app_init ] --END-- [ RunTime:0.000337s ]
INFO: [ app_begin ] --START--
INFO: Run Behavior\ReadHtmlCacheBehavior [ RunTime:0.000554s ]
INFO: [ app_begin ] --END-- [ RunTime:0.000624s ]
NOTIC: [8] A session had already been started - ignoring session_start() D:\wm\ThinkPHP\Common\functions.php 第 1263 行.
SQL: SHOW COLUMNS FROM `et_category` [ RunTime:0.0032s ]
SQL: SELECT * FROM `et_category` WHERE `shopid` = 53  [ RunTime:0.0005s ]
SQL: SHOW COLUMNS FROM `et_shopgoods` [ RunTime:0.0024s ]
SQL: SELECT * FROM `et_shopgoods` WHERE `shopid` = 53 AND `cid` = 207  [ RunTime:0.0007s ]
SQL: SELECT * FROM `et_shopgoods` WHERE `shopid` = 53 AND `cid` = 208  [ RunTime:0.0006s ]
SQL: SELECT * FROM `et_shopgoods` WHERE `shopid` = 53 AND `cid` = 209  [ RunTime:0.0014s ]
SQL: SELECT * FROM `et_shopgoods` WHERE `shopid` = 53 AND `cid` = 210  [ RunTime:0.0007s ]
SQL: SELECT * FROM `et_shopgoods` WHERE `shopid` = 53 AND `cid` = 211  [ RunTime:0.0005s ]
SQL: SELECT * FROM `et_shopgoods` WHERE `shopid` = 53 AND `cid` = 212  [ RunTime:0.0005s ]
SQL: SELECT * FROM `et_shopgoods` WHERE `shopid` = 53 AND `cid` = 213  [ RunTime:0.0005s ]
SQL: SELECT * FROM `et_shopgoods` WHERE `shopid` = 53 AND `cid` = 214  [ RunTime:0.0004s ]
SQL: SELECT * FROM `et_shopgoods` WHERE `shopid` = 53 AND `cid` = 215  [ RunTime:0.0007s ]
SQL: SELECT * FROM `et_shopgoods` WHERE `shopid` = 53 AND `cid` = 216  [ RunTime:0.0006s ]
SQL: SELECT * FROM `et_shopgoods` WHERE `shopid` = 53 AND `cid` = 217  [ RunTime:0.0006s ]
SQL: SELECT * FROM `et_shopgoods` WHERE `shopid` = 53 AND `cid` = 218  [ RunTime:0.0004s ]
SQL: SELECT * FROM `et_shopgoods` WHERE `shopid` = 53 AND `cid` = 219  [ RunTime:0.0004s ]
SQL: SELECT * FROM `et_shopgoods` WHERE `shopid` = 53 AND `cid` = 220  [ RunTime:0.0007s ]
SQL: SELECT * FROM `et_shopgoods` WHERE `shopid` = 53 AND `cid` = 221  [ RunTime:0.0004s ]
SQL: SELECT * FROM `et_shopgoods` WHERE `shopid` = 53 AND `cid` = 222  [ RunTime:0.0004s ]
SQL: SELECT * FROM `et_shopgoods` WHERE `shopid` = 53 AND `cid` = 223  [ RunTime:0.0006s ]
SQL: SELECT * FROM `et_shopgoods` WHERE `shopid` = 53 AND `cid` = 224  [ RunTime:0.0007s ]
SQL: SELECT * FROM `et_shopgoods` WHERE `shopid` = 53 AND `cid` = 225  [ RunTime:0.0018s ]
SQL: SELECT * FROM `et_shopgoods` WHERE `shopid` = 53 AND `cid` = 226  [ RunTime:0.0004s ]
SQL: SELECT * FROM `et_shopgoods` WHERE `shopid` = 53 AND `cid` = 227  [ RunTime:0.0006s ]
SQL: SELECT * FROM `et_shopgoods` WHERE `shopid` = 53 AND `cid` = 228  [ RunTime:0.0004s ]
SQL: SELECT * FROM `et_shopgoods` WHERE `shopid` = 53 AND `cid` = 229  [ RunTime:0.0005s ]
SQL: SELECT * FROM `et_shopgoods` WHERE `shopid` = 53 AND `cid` = 230  [ RunTime:0.0005s ]
SQL: SELECT * FROM `et_shopgoods` WHERE `shopid` = 53 AND `cid` = 231  [ RunTime:0.0004s ]
SQL: SELECT * FROM `et_shopgoods` WHERE `shopid` = 53 AND `cid` = 232  [ RunTime:0.0005s ]
SQL: SELECT * FROM `et_shopgoods` WHERE `shopid` = 53 AND `cid` = 233  [ RunTime:0.0004s ]
SQL: SELECT * FROM `et_shopgoods` WHERE `shopid` = 53 AND `cid` = 234  [ RunTime:0.0006s ]
SQL: SELECT * FROM `et_shopgoods` WHERE `shopid` = 53 AND `cid` = 235  [ RunTime:0.0004s ]
SQL: SELECT * FROM `et_shopgoods` WHERE `shopid` = 53 AND `cid` = 236  [ RunTime:0.0004s ]
SQL: SELECT * FROM `et_shopgoods` WHERE `shopid` = 53 AND `cid` = 237  [ RunTime:0.0004s ]
SQL: SELECT * FROM `et_shopgoods` WHERE `shopid` = 53 AND `cid` = 238  [ RunTime:0.0004s ]
SQL: SHOW COLUMNS FROM `et_shopmessage` [ RunTime:0.0020s ]
SQL: SELECT `shopname`,`shopphoto`,`mobile`,`content`,`shophead`,`state`,`detailed_address`,`coordinate`,`gotime`,`long`,`maxprice`,`maxlong`,`lkmoney` FROM `et_shopmessage` WHERE `shopid` = 53 LIMIT 1   [ RunTime:0.0003s ]
SQL: SHOW COLUMNS FROM `et_evaluate` [ RunTime:0.0018s ]
NOTIC: [8] Undefined index: limit D:\wm\ThinkPHP\Library\Think\Db\Driver.class.php 第 961 行.
SQL: SELECT * FROM `et_evaluate` WHERE `shopid` = 53 LIMIT 0,20   [ RunTime:0.0002s ]

[ 2017-09-17T17:03:11+08:00 ] 49.178.48.209 /index.php/home/user/personal_center
INFO: [ app_init ] --START--
INFO: Run Behavior\BuildLiteBehavior [ RunTime:0.000017s ]
INFO: [ app_init ] --END-- [ RunTime:0.000329s ]
INFO: [ app_begin ] --START--
INFO: Run Behavior\ReadHtmlCacheBehavior [ RunTime:0.000443s ]
INFO: [ app_begin ] --END-- [ RunTime:0.000499s ]
NOTIC: [8] A session had already been started - ignoring session_start() D:\wm\ThinkPHP\Common\functions.php 第 1263 行.
SQL: SHOW COLUMNS FROM `et_user` [ RunTime:0.0021s ]
SQL: SELECT `username`,`mobile`,`head_photo` FROM `et_user` WHERE `uid` = 47 LIMIT 1   [ RunTime:0.0003s ]

[ 2017-09-17T17:03:47+08:00 ] 49.178.48.209 /index.php/home/shop/shoplist
INFO: [ app_init ] --START--
INFO: Run Behavior\BuildLiteBehavior [ RunTime:0.000017s ]
INFO: [ app_init ] --END-- [ RunTime:0.000388s ]
INFO: [ app_begin ] --START--
INFO: Run Behavior\ReadHtmlCacheBehavior [ RunTime:0.000531s ]
INFO: [ app_begin ] --END-- [ RunTime:0.000588s ]
NOTIC: [8] A session had already been started - ignoring session_start() D:\wm\ThinkPHP\Common\functions.php 第 1263 行.
SQL: SHOW COLUMNS FROM `et_shopmessage` [ RunTime:0.0020s ]
SQL: SELECT * FROM `et_shopmessage` WHERE `state` IN ('1','2') ORDER BY shopid desc LIMIT 15,15   [ RunTime:0.0004s ]
SQL: SELECT `shopid`,`shopphoto` FROM `et_shopmessage` WHERE `state` IN ('1','2') AND `states` = 2 LIMIT 4   [ RunTime:0.0002s ]
NOTIC: [2] array_multisort(): Argument #1 is expected to be an array or a sort flag D:\wm\Application\Home\Controller\ShopController.class.php 第 50 行.

[ 2017-09-17T17:03:55+08:00 ] 49.178.48.209 /index.php/home/shop/shoplist
INFO: [ app_init ] --START--
INFO: Run Behavior\BuildLiteBehavior [ RunTime:0.000018s ]
INFO: [ app_init ] --END-- [ RunTime:0.000377s ]
INFO: [ app_begin ] --START--
INFO: Run Behavior\ReadHtmlCacheBehavior [ RunTime:0.000508s ]
INFO: [ app_begin ] --END-- [ RunTime:0.000565s ]
NOTIC: [8] A session had already been started - ignoring session_start() D:\wm\ThinkPHP\Common\functions.php 第 1263 行.
SQL: SHOW COLUMNS FROM `et_shopmessage` [ RunTime:0.0027s ]
SQL: SELECT * FROM `et_shopmessage` WHERE `state` IN ('1','2') ORDER BY shopid desc LIMIT 15,15   [ RunTime:0.0004s ]
SQL: SELECT `shopid`,`shopphoto` FROM `et_shopmessage` WHERE `state` IN ('1','2') AND `states` = 2 LIMIT 4   [ RunTime:0.0002s ]
NOTIC: [2] array_multisort(): Argument #1 is expected to be an array or a sort flag D:\wm\Application\Home\Controller\ShopController.class.php 第 50 行.

[ 2017-09-17T17:03:59+08:00 ] 49.178.48.209 /index.php/home/shop/shoplist
INFO: [ app_init ] --START--
INFO: Run Behavior\BuildLiteBehavior [ RunTime:0.000019s ]
INFO: [ app_init ] --END-- [ RunTime:0.000372s ]
INFO: [ app_begin ] --START--
INFO: Run Behavior\ReadHtmlCacheBehavior [ RunTime:0.000804s ]
INFO: [ app_begin ] --END-- [ RunTime:0.000862s ]
NOTIC: [8] A session had already been started - ignoring session_start() D:\wm\ThinkPHP\Common\functions.php 第 1263 行.
SQL: SHOW COLUMNS FROM `et_shopmessage` [ RunTime:0.0035s ]
SQL: SELECT * FROM `et_shopmessage` WHERE `state` IN ('1','2') ORDER BY shopid desc LIMIT 15,15   [ RunTime:0.0005s ]
SQL: SELECT `shopid`,`shopphoto` FROM `et_shopmessage` WHERE `state` IN ('1','2') AND `states` = 2 LIMIT 4   [ RunTime:0.0003s ]
NOTIC: [2] array_multisort(): Argument #1 is expected to be an array or a sort flag D:\wm\Application\Home\Controller\ShopController.class.php 第 50 行.

[ 2017-09-17T17:04:02+08:00 ] 49.178.48.209 /index.php/home/shop/shoplist
INFO: [ app_init ] --START--
INFO: Run Behavior\BuildLiteBehavior [ RunTime:0.000016s ]
INFO: [ app_init ] --END-- [ RunTime:0.000300s ]
INFO: [ app_begin ] --START--
INFO: Run Behavior\ReadHtmlCacheBehavior [ RunTime:0.000423s ]
INFO: [ app_begin ] --END-- [ RunTime:0.000479s ]
NOTIC: [8] A session had already been started - ignoring session_start() D:\wm\ThinkPHP\Common\functions.php 第 1263 行.
SQL: SHOW COLUMNS FROM `et_shopmessage` [ RunTime:0.0028s ]
SQL: SELECT * FROM `et_shopmessage` WHERE `state` IN ('1','2') ORDER BY shopid desc LIMIT 15,15   [ RunTime:0.0004s ]
SQL: SELECT `shopid`,`shopphoto` FROM `et_shopmessage` WHERE `state` IN ('1','2') AND `states` = 2 LIMIT 4   [ RunTime:0.0002s ]
NOTIC: [2] array_multisort(): Argument #1 is expected to be an array or a sort flag D:\wm\Application\Home\Controller\ShopController.class.php 第 50 行.

[ 2017-09-17T17:04:03+08:00 ] 49.178.48.209 /index.php/home/shop/shoplist
INFO: [ app_init ] --START--
INFO: Run Behavior\BuildLiteBehavior [ RunTime:0.000017s ]
INFO: [ app_init ] --END-- [ RunTime:0.000347s ]
INFO: [ app_begin ] --START--
INFO: Run Behavior\ReadHtmlCacheBehavior [ RunTime:0.000520s ]
INFO: [ app_begin ] --END-- [ RunTime:0.000583s ]
NOTIC: [8] A session had already been started - ignoring session_start() D:\wm\ThinkPHP\Common\functions.php 第 1263 行.
SQL: SHOW COLUMNS FROM `et_shopmessage` [ RunTime:0.0028s ]
SQL: SELECT * FROM `et_shopmessage` WHERE `state` IN ('1','2') ORDER BY shopid desc LIMIT 15,15   [ RunTime:0.0004s ]
SQL: SELECT `shopid`,`shopphoto` FROM `et_shopmessage` WHERE `state` IN ('1','2') AND `states` = 2 LIMIT 4   [ RunTime:0.0003s ]
NOTIC: [2] array_multisort(): Argument #1 is expected to be an array or a sort flag D:\wm\Application\Home\Controller\ShopController.class.php 第 50 行.

[ 2017-09-17T17:10:37+08:00 ] 119.147.207.152 /index.php/home/order/addorder
INFO: [ app_init ] --START--
INFO: Run Behavior\BuildLiteBehavior [ RunTime:0.000017s ]
INFO: [ app_init ] --END-- [ RunTime:0.000357s ]
INFO: [ app_begin ] --START--
INFO: Run Behavior\ReadHtmlCacheBehavior [ RunTime:0.000500s ]
INFO: [ app_begin ] --END-- [ RunTime:0.000554s ]
NOTIC: [8] A session had already been started - ignoring session_start() D:\wm\ThinkPHP\Common\functions.php 第 1263 行.
INFO: [ app_end ] --START--
INFO: Run Behavior\ShowPageTraceBehavior [ RunTime:0.000473s ]
INFO: [ app_end ] --END-- [ RunTime:0.000531s ]

[ 2017-09-17T19:44:43+08:00 ] 183.57.53.196 /index.php/home/shop/shoplist
INFO: [ app_init ] --START--
INFO: Run Behavior\BuildLiteBehavior [ RunTime:0.000023s ]
INFO: [ app_init ] --END-- [ RunTime:0.000404s ]
INFO: [ app_begin ] --START--
INFO: Run Behavior\ReadHtmlCacheBehavior [ RunTime:0.000477s ]
INFO: [ app_begin ] --END-- [ RunTime:0.000537s ]
NOTIC: [8] A session had already been started - ignoring session_start() D:\wm\ThinkPHP\Common\functions.php 第 1263 行.
INFO: [ app_end ] --START--
INFO: Run Behavior\ShowPageTraceBehavior [ RunTime:0.000517s ]
INFO: [ app_end ] --END-- [ RunTime:0.000630s ]

[ 2017-09-17T20:16:12+08:00 ] 101.185.6.97 /index.php/home/shop/shoplist
INFO: [ app_init ] --START--
INFO: Run Behavior\BuildLiteBehavior [ RunTime:0.000018s ]
INFO: [ app_init ] --END-- [ RunTime:0.000376s ]
INFO: [ app_begin ] --START--
INFO: Run Behavior\ReadHtmlCacheBehavior [ RunTime:0.000472s ]
INFO: [ app_begin ] --END-- [ RunTime:0.000534s ]
NOTIC: [8] A session had already been started - ignoring session_start() D:\wm\ThinkPHP\Common\functions.php 第 1263 行.
SQL: SHOW COLUMNS FROM `et_shopmessage` [ RunTime:0.0381s ]
SQL: SELECT * FROM `et_shopmessage` WHERE `state` IN ('1','2') ORDER BY shopid desc LIMIT 0,15   [ RunTime:0.0005s ]
NOTIC: [8] Undefined offset: 1 D:\wm\Application\Home\Controller\ShopController.class.php 第 30 行.
SQL: SHOW COLUMNS FROM `et_category` [ RunTime:0.0016s ]
SQL: SELECT `cid`,`cname` FROM `et_category` WHERE `shopid` = 53 ORDER BY num desc LIMIT 3   [ RunTime:0.0003s ]
NOTIC: [8] Undefined offset: 1 D:\wm\Application\Home\Controller\ShopController.class.php 第 30 行.
SQL: SELECT `cid`,`cname` FROM `et_category` WHERE `shopid` = 52 ORDER BY num desc LIMIT 3   [ RunTime:0.0002s ]
NOTIC: [8] Undefined offset: 1 D:\wm\Application\Home\Controller\ShopController.class.php 第 30 行.
SQL: SELECT `cid`,`cname` FROM `et_category` WHERE `shopid` = 51 ORDER BY num desc LIMIT 3   [ RunTime:0.0003s ]
NOTIC: [8] Undefined offset: 1 D:\wm\Application\Home\Controller\ShopController.class.php 第 30 行.
SQL: SELECT `cid`,`cname` FROM `et_category` WHERE `shopid` = 50 ORDER BY num desc LIMIT 3   [ RunTime:0.0002s ]
NOTIC: [8] Undefined offset: 1 D:\wm\Application\Home\Controller\ShopController.class.php 第 30 行.
SQL: SELECT `cid`,`cname` FROM `et_category` WHERE `shopid` = 45 ORDER BY num desc LIMIT 3   [ RunTime:0.0003s ]
NOTIC: [8] Undefined offset: 1 D:\wm\Application\Home\Controller\ShopController.class.php 第 30 行.
SQL: SELECT `cid`,`cname` FROM `et_category` WHERE `shopid` = 44 ORDER BY num desc LIMIT 3   [ RunTime:0.0003s ]
NOTIC: [8] Undefined offset: 1 D:\wm\Application\Home\Controller\ShopController.class.php 第 30 行.
SQL: SELECT `cid`,`cname` FROM `et_category` WHERE `shopid` = 42 ORDER BY num desc LIMIT 3   [ RunTime:0.0004s ]
NOTIC: [8] Undefined offset: 1 D:\wm\Application\Home\Controller\ShopController.class.php 第 30 行.
SQL: SELECT `cid`,`cname` FROM `et_category` WHERE `shopid` = 13 ORDER BY num desc LIMIT 3   [ RunTime:0.0002s ]
NOTIC: [8] Undefined offset: 1 D:\wm\Application\Home\Controller\ShopController.class.php 第 30 行.
SQL: SELECT `cid`,`cname` FROM `et_category` WHERE `shopid` = 7 ORDER BY num desc LIMIT 3   [ RunTime:0.0004s ]
NOTIC: [8] Undefined offset: 1 D:\wm\Application\Home\Controller\ShopController.class.php 第 30 行.
SQL: SELECT `cid`,`cname` FROM `et_category` WHERE `shopid` = 6 ORDER BY num desc LIMIT 3   [ RunTime:0.0003s ]
SQL: SELECT `shopid`,`shopphoto` FROM `et_shopmessage` WHERE `state` IN ('1','2') AND `states` = 2 LIMIT 4   [ RunTime:0.0003s ]

