[ 2017-10-02T01:06:31+08:00 ] 183.57.53.222 /index.php/home/shop/menulist
INFO: [ app_init ] --START--
INFO: Run Behavior\BuildLiteBehavior [ RunTime:0.000016s ]
INFO: [ app_init ] --END-- [ RunTime:0.000327s ]
INFO: [ app_begin ] --START--
INFO: Run Behavior\ReadHtmlCacheBehavior [ RunTime:0.000460s ]
INFO: [ app_begin ] --END-- [ RunTime:0.000550s ]
NOTIC: [8] A session had already been started - ignoring session_start() D:\wm\ThinkPHP\Common\functions.php 第 1263 行.
INFO: [ app_end ] --START--
INFO: Run Behavior\ShowPageTraceBehavior [ RunTime:0.033722s ]
INFO: [ app_end ] --END-- [ RunTime:0.033824s ]

[ 2017-10-02T01:13:04+08:00 ] 112.90.82.218 /index.php/home/user/third_login
INFO: [ app_init ] --START--
INFO: Run Behavior\BuildLiteBehavior [ RunTime:0.000017s ]
INFO: [ app_init ] --END-- [ RunTime:0.000379s ]
INFO: [ app_begin ] --START--
INFO: Run Behavior\ReadHtmlCacheBehavior [ RunTime:0.000455s ]
INFO: [ app_begin ] --END-- [ RunTime:0.000512s ]
NOTIC: [8] A session had already been started - ignoring session_start() D:\wm\ThinkPHP\Common\functions.php 第 1263 行.
INFO: [ app_end ] --START--
INFO: Run Behavior\ShowPageTraceBehavior [ RunTime:0.000544s ]
INFO: [ app_end ] --END-- [ RunTime:0.000611s ]

[ 2017-10-02T10:20:31+08:00 ] 49.178.3.230 /index.php/home/shop/shoplist
INFO: [ app_init ] --START--
INFO: Run Behavior\BuildLiteBehavior [ RunTime:0.000016s ]
INFO: [ app_init ] --END-- [ RunTime:0.000356s ]
INFO: [ app_begin ] --START--
INFO: Run Behavior\ReadHtmlCacheBehavior [ RunTime:0.000869s ]
INFO: [ app_begin ] --END-- [ RunTime:0.000960s ]
NOTIC: [8] A session had already been started - ignoring session_start() D:\wm\ThinkPHP\Common\functions.php 第 1263 行.
SQL: SHOW COLUMNS FROM `et_shopmessage` [ RunTime:0.2397s ]
SQL: SELECT * FROM `et_shopmessage` WHERE `state` IN ('1','2') ORDER BY shopid desc LIMIT 0,15   [ RunTime:0.0006s ]
SQL: SHOW COLUMNS FROM `et_category` [ RunTime:0.0019s ]
SQL: SELECT `cid`,`cname` FROM `et_category` WHERE `shopid` = 58 ORDER BY num desc LIMIT 3   [ RunTime:0.0003s ]
SQL: SELECT `cid`,`cname` FROM `et_category` WHERE `shopid` = 57 ORDER BY num desc LIMIT 3   [ RunTime:0.0003s ]
SQL: SELECT `cid`,`cname` FROM `et_category` WHERE `shopid` = 56 ORDER BY num desc LIMIT 3   [ RunTime:0.0003s ]
SQL: SELECT `cid`,`cname` FROM `et_category` WHERE `shopid` = 54 ORDER BY num desc LIMIT 3   [ RunTime:0.0004s ]
SQL: SELECT `cid`,`cname` FROM `et_category` WHERE `shopid` = 53 ORDER BY num desc LIMIT 3   [ RunTime:0.0004s ]
SQL: SELECT `cid`,`cname` FROM `et_category` WHERE `shopid` = 52 ORDER BY num desc LIMIT 3   [ RunTime:0.0003s ]
SQL: SELECT `cid`,`cname` FROM `et_category` WHERE `shopid` = 51 ORDER BY num desc LIMIT 3   [ RunTime:0.0004s ]
SQL: SELECT `cid`,`cname` FROM `et_category` WHERE `shopid` = 50 ORDER BY num desc LIMIT 3   [ RunTime:0.0003s ]
SQL: SELECT `cid`,`cname` FROM `et_category` WHERE `shopid` = 13 ORDER BY num desc LIMIT 3   [ RunTime:0.0003s ]
SQL: SELECT `shopid`,`shopphoto` FROM `et_shopmessage` WHERE `state` IN ('1','2') AND `states` = 2 LIMIT 4   [ RunTime:0.0002s ]

[ 2017-10-02T10:20:32+08:00 ] 49.178.3.230 /index.php/home/user/personal_center
INFO: [ app_init ] --START--
INFO: Run Behavior\BuildLiteBehavior [ RunTime:0.000016s ]
INFO: [ app_init ] --END-- [ RunTime:0.000299s ]
INFO: [ app_begin ] --START--
INFO: Run Behavior\ReadHtmlCacheBehavior [ RunTime:0.000730s ]
INFO: [ app_begin ] --END-- [ RunTime:0.000821s ]
NOTIC: [8] A session had already been started - ignoring session_start() D:\wm\ThinkPHP\Common\functions.php 第 1263 行.
SQL: SHOW COLUMNS FROM `et_user` [ RunTime:0.9568s ]
SQL: SELECT `username`,`mobile`,`head_photo` FROM `et_user` WHERE `uid` = 47 LIMIT 1   [ RunTime:0.4987s ]

[ 2017-10-02T10:20:37+08:00 ] 49.178.3.230 /index.php/home/shop/shoplist
INFO: [ app_init ] --START--
INFO: Run Behavior\BuildLiteBehavior [ RunTime:0.000021s ]
INFO: [ app_init ] --END-- [ RunTime:0.000372s ]
INFO: [ app_begin ] --START--
INFO: Run Behavior\ReadHtmlCacheBehavior [ RunTime:0.000507s ]
INFO: [ app_begin ] --END-- [ RunTime:0.000566s ]
NOTIC: [8] A session had already been started - ignoring session_start() D:\wm\ThinkPHP\Common\functions.php 第 1263 行.
SQL: SHOW COLUMNS FROM `et_shopmessage` [ RunTime:0.0028s ]
SQL: SELECT * FROM `et_shopmessage` WHERE `state` IN ('1','2') ORDER BY shopid desc LIMIT 15,15   [ RunTime:0.0004s ]
SQL: SELECT `shopid`,`shopphoto` FROM `et_shopmessage` WHERE `state` IN ('1','2') AND `states` = 2 LIMIT 4   [ RunTime:0.0003s ]
NOTIC: [2] array_multisort(): Argument #1 is expected to be an array or a sort flag D:\wm\Application\Home\Controller\ShopController.class.php 第 50 行.

[ 2017-10-02T10:20:40+08:00 ] 49.178.3.230 /index.php/home/shop/shoplist
INFO: [ app_init ] --START--
INFO: Run Behavior\BuildLiteBehavior [ RunTime:0.000069s ]
INFO: [ app_init ] --END-- [ RunTime:0.000538s ]
INFO: [ app_begin ] --START--
INFO: Run Behavior\ReadHtmlCacheBehavior [ RunTime:0.000535s ]
INFO: [ app_begin ] --END-- [ RunTime:0.000592s ]
NOTIC: [8] A session had already been started - ignoring session_start() D:\wm\ThinkPHP\Common\functions.php 第 1263 行.
SQL: SHOW COLUMNS FROM `et_shopmessage` [ RunTime:0.0032s ]
SQL: SELECT * FROM `et_shopmessage` WHERE `state` IN ('1','2') ORDER BY shopid desc LIMIT 15,15   [ RunTime:0.0006s ]
SQL: SELECT `shopid`,`shopphoto` FROM `et_shopmessage` WHERE `state` IN ('1','2') AND `states` = 2 LIMIT 4   [ RunTime:0.0003s ]
NOTIC: [2] array_multisort(): Argument #1 is expected to be an array or a sort flag D:\wm\Application\Home\Controller\ShopController.class.php 第 50 行.

[ 2017-10-02T11:10:17+08:00 ] 101.166.163.226 /index.php/home/shop/shoplist
INFO: [ app_init ] --START--
INFO: Run Behavior\BuildLiteBehavior [ RunTime:0.000019s ]
INFO: [ app_init ] --END-- [ RunTime:0.000397s ]
INFO: [ app_begin ] --START--
INFO: Run Behavior\ReadHtmlCacheBehavior [ RunTime:0.000713s ]
INFO: [ app_begin ] --END-- [ RunTime:0.000769s ]
NOTIC: [8] A session had already been started - ignoring session_start() D:\wm\ThinkPHP\Common\functions.php 第 1263 行.
SQL: SHOW COLUMNS FROM `et_shopmessage` [ RunTime:0.0029s ]
SQL: SELECT * FROM `et_shopmessage` WHERE `state` IN ('1','2') ORDER BY shopid desc LIMIT 0,15   [ RunTime:0.0006s ]
NOTIC: [8] Undefined offset: 1 D:\wm\Application\Home\Controller\ShopController.class.php 第 30 行.
SQL: SHOW COLUMNS FROM `et_category` [ RunTime:0.0027s ]
SQL: SELECT `cid`,`cname` FROM `et_category` WHERE `shopid` = 58 ORDER BY num desc LIMIT 3   [ RunTime:0.0004s ]
NOTIC: [8] Undefined offset: 1 D:\wm\Application\Home\Controller\ShopController.class.php 第 30 行.
SQL: SELECT `cid`,`cname` FROM `et_category` WHERE `shopid` = 57 ORDER BY num desc LIMIT 3   [ RunTime:0.0004s ]
NOTIC: [8] Undefined offset: 1 D:\wm\Application\Home\Controller\ShopController.class.php 第 30 行.
SQL: SELECT `cid`,`cname` FROM `et_category` WHERE `shopid` = 56 ORDER BY num desc LIMIT 3   [ RunTime:0.0003s ]
NOTIC: [8] Undefined offset: 1 D:\wm\Application\Home\Controller\ShopController.class.php 第 30 行.
SQL: SELECT `cid`,`cname` FROM `et_category` WHERE `shopid` = 54 ORDER BY num desc LIMIT 3   [ RunTime:0.0003s ]
NOTIC: [8] Undefined offset: 1 D:\wm\Application\Home\Controller\ShopController.class.php 第 30 行.
SQL: SELECT `cid`,`cname` FROM `et_category` WHERE `shopid` = 53 ORDER BY num desc LIMIT 3   [ RunTime:0.0004s ]
NOTIC: [8] Undefined offset: 1 D:\wm\Application\Home\Controller\ShopController.class.php 第 30 行.
SQL: SELECT `cid`,`cname` FROM `et_category` WHERE `shopid` = 52 ORDER BY num desc LIMIT 3   [ RunTime:0.0003s ]
NOTIC: [8] Undefined offset: 1 D:\wm\Application\Home\Controller\ShopController.class.php 第 30 行.
SQL: SELECT `cid`,`cname` FROM `et_category` WHERE `shopid` = 51 ORDER BY num desc LIMIT 3   [ RunTime:0.0003s ]
NOTIC: [8] Undefined offset: 1 D:\wm\Application\Home\Controller\ShopController.class.php 第 30 行.
SQL: SELECT `cid`,`cname` FROM `et_category` WHERE `shopid` = 50 ORDER BY num desc LIMIT 3   [ RunTime:0.0003s ]
NOTIC: [8] Undefined offset: 1 D:\wm\Application\Home\Controller\ShopController.class.php 第 30 行.
SQL: SELECT `cid`,`cname` FROM `et_category` WHERE `shopid` = 13 ORDER BY num desc LIMIT 3   [ RunTime:0.0003s ]
SQL: SELECT `shopid`,`shopphoto` FROM `et_shopmessage` WHERE `state` IN ('1','2') AND `states` = 2 LIMIT 4   [ RunTime:0.0002s ]

[ 2017-10-02T11:10:22+08:00 ] 101.166.163.226 /index.php/home/shop/shoplist
INFO: [ app_init ] --START--
INFO: Run Behavior\BuildLiteBehavior [ RunTime:0.000025s ]
INFO: [ app_init ] --END-- [ RunTime:0.000449s ]
INFO: [ app_begin ] --START--
INFO: Run Behavior\ReadHtmlCacheBehavior [ RunTime:0.000529s ]
INFO: [ app_begin ] --END-- [ RunTime:0.000605s ]
NOTIC: [8] A session had already been started - ignoring session_start() D:\wm\ThinkPHP\Common\functions.php 第 1263 行.
SQL: SHOW COLUMNS FROM `et_shopmessage` [ RunTime:0.0026s ]
SQL: SELECT * FROM `et_shopmessage` WHERE `state` IN ('1','2') ORDER BY shopid desc LIMIT 0,15   [ RunTime:0.0006s ]
NOTIC: [8] Undefined offset: 1 D:\wm\Application\Home\Controller\ShopController.class.php 第 30 行.
SQL: SHOW COLUMNS FROM `et_category` [ RunTime:0.0032s ]
SQL: SELECT `cid`,`cname` FROM `et_category` WHERE `shopid` = 58 ORDER BY num desc LIMIT 3   [ RunTime:0.0005s ]
NOTIC: [8] Undefined offset: 1 D:\wm\Application\Home\Controller\ShopController.class.php 第 30 行.
SQL: SELECT `cid`,`cname` FROM `et_category` WHERE `shopid` = 57 ORDER BY num desc LIMIT 3   [ RunTime:0.0004s ]
NOTIC: [8] Undefined offset: 1 D:\wm\Application\Home\Controller\ShopController.class.php 第 30 行.
SQL: SELECT `cid`,`cname` FROM `et_category` WHERE `shopid` = 56 ORDER BY num desc LIMIT 3   [ RunTime:0.0004s ]
NOTIC: [8] Undefined offset: 1 D:\wm\Application\Home\Controller\ShopController.class.php 第 30 行.
SQL: SELECT `cid`,`cname` FROM `et_category` WHERE `shopid` = 54 ORDER BY num desc LIMIT 3   [ RunTime:0.0004s ]
NOTIC: [8] Undefined offset: 1 D:\wm\Application\Home\Controller\ShopController.class.php 第 30 行.
SQL: SELECT `cid`,`cname` FROM `et_category` WHERE `shopid` = 53 ORDER BY num desc LIMIT 3   [ RunTime:0.0004s ]
NOTIC: [8] Undefined offset: 1 D:\wm\Application\Home\Controller\ShopController.class.php 第 30 行.
SQL: SELECT `cid`,`cname` FROM `et_category` WHERE `shopid` = 52 ORDER BY num desc LIMIT 3   [ RunTime:0.0004s ]
NOTIC: [8] Undefined offset: 1 D:\wm\Application\Home\Controller\ShopController.class.php 第 30 行.
SQL: SELECT `cid`,`cname` FROM `et_category` WHERE `shopid` = 51 ORDER BY num desc LIMIT 3   [ RunTime:0.0003s ]
NOTIC: [8] Undefined offset: 1 D:\wm\Application\Home\Controller\ShopController.class.php 第 30 行.
SQL: SELECT `cid`,`cname` FROM `et_category` WHERE `shopid` = 50 ORDER BY num desc LIMIT 3   [ RunTime:0.0003s ]
NOTIC: [8] Undefined offset: 1 D:\wm\Application\Home\Controller\ShopController.class.php 第 30 行.
SQL: SELECT `cid`,`cname` FROM `et_category` WHERE `shopid` = 13 ORDER BY num desc LIMIT 3   [ RunTime:0.0003s ]
SQL: SELECT `shopid`,`shopphoto` FROM `et_shopmessage` WHERE `state` IN ('1','2') AND `states` = 2 LIMIT 4   [ RunTime:0.0002s ]

[ 2017-10-02T11:10:35+08:00 ] 101.166.163.226 /index.php/home/shop/menulist
INFO: [ app_init ] --START--
INFO: Run Behavior\BuildLiteBehavior [ RunTime:0.000023s ]
INFO: [ app_init ] --END-- [ RunTime:0.000370s ]
INFO: [ app_begin ] --START--
INFO: Run Behavior\ReadHtmlCacheBehavior [ RunTime:0.000624s ]
INFO: [ app_begin ] --END-- [ RunTime:0.000688s ]
NOTIC: [8] A session had already been started - ignoring session_start() D:\wm\ThinkPHP\Common\functions.php 第 1263 行.
SQL: SHOW COLUMNS FROM `et_category` [ RunTime:0.0023s ]
SQL: SELECT * FROM `et_category` WHERE `shopid` = 56  [ RunTime:0.0004s ]
SQL: SHOW COLUMNS FROM `et_shopgoods` [ RunTime:0.0023s ]
SQL: SELECT * FROM `et_shopgoods` WHERE `shopid` = 56 AND `cid` = 256  [ RunTime:0.0012s ]
SQL: SELECT * FROM `et_shopgoods` WHERE `shopid` = 56 AND `cid` = 257  [ RunTime:0.0012s ]
SQL: SELECT * FROM `et_shopgoods` WHERE `shopid` = 56 AND `cid` = 258  [ RunTime:0.0013s ]
SQL: SELECT * FROM `et_shopgoods` WHERE `shopid` = 56 AND `cid` = 259  [ RunTime:0.0011s ]
SQL: SELECT * FROM `et_shopgoods` WHERE `shopid` = 56 AND `cid` = 260  [ RunTime:0.0011s ]
SQL: SELECT * FROM `et_shopgoods` WHERE `shopid` = 56 AND `cid` = 261  [ RunTime:0.0011s ]
SQL: SELECT * FROM `et_shopgoods` WHERE `shopid` = 56 AND `cid` = 262  [ RunTime:0.0011s ]
SQL: SELECT * FROM `et_shopgoods` WHERE `shopid` = 56 AND `cid` = 263  [ RunTime:0.0011s ]
SQL: SELECT * FROM `et_shopgoods` WHERE `shopid` = 56 AND `cid` = 264  [ RunTime:0.0012s ]
SQL: SELECT * FROM `et_shopgoods` WHERE `shopid` = 56 AND `cid` = 265  [ RunTime:0.0013s ]
SQL: SELECT * FROM `et_shopgoods` WHERE `shopid` = 56 AND `cid` = 266  [ RunTime:0.0017s ]
SQL: SELECT * FROM `et_shopgoods` WHERE `shopid` = 56 AND `cid` = 267  [ RunTime:0.0014s ]
SQL: SELECT * FROM `et_shopgoods` WHERE `shopid` = 56 AND `cid` = 268  [ RunTime:0.0015s ]
SQL: SELECT * FROM `et_shopgoods` WHERE `shopid` = 56 AND `cid` = 269  [ RunTime:0.0012s ]
SQL: SELECT * FROM `et_shopgoods` WHERE `shopid` = 56 AND `cid` = 270  [ RunTime:0.0012s ]
SQL: SELECT * FROM `et_shopgoods` WHERE `shopid` = 56 AND `cid` = 271  [ RunTime:0.0010s ]
SQL: SELECT * FROM `et_shopgoods` WHERE `shopid` = 56 AND `cid` = 290  [ RunTime:0.0011s ]
SQL: SHOW COLUMNS FROM `et_shopmessage` [ RunTime:0.0026s ]
SQL: SELECT `shopname`,`shopphoto`,`mobile`,`content`,`shophead`,`state`,`detailed_address`,`coordinate`,`gotime`,`long`,`maxprice`,`maxlong`,`lkmoney` FROM `et_shopmessage` WHERE `shopid` = 56 LIMIT 1   [ RunTime:0.0003s ]
NOTIC: [8] Undefined offset: 1 D:\wm\Application\Home\Controller\ShopController.class.php 第 281 行.
SQL: SHOW COLUMNS FROM `et_evaluate` [ RunTime:0.0017s ]
NOTIC: [8] Undefined index: limit D:\wm\ThinkPHP\Library\Think\Db\Driver.class.php 第 961 行.
SQL: SELECT * FROM `et_evaluate` WHERE `shopid` = 56 LIMIT 0,20   [ RunTime:0.0003s ]
SQL: SHOW COLUMNS FROM `et_user` [ RunTime:0.0022s ]
SQL: SELECT `username`,`head_photo` FROM `et_user` WHERE `uid` = 47 LIMIT 1   [ RunTime:0.0002s ]
SQL: SHOW COLUMNS FROM `et_backevaluate` [ RunTime:0.0014s ]
SQL: SELECT `backpingjia` FROM `et_backevaluate` WHERE `shopid` = 56 AND `uid` = 47 AND `eid` = 51 LIMIT 1   [ RunTime:0.0002s ]

[ 2017-10-02T11:10:49+08:00 ] 101.166.163.226 /index.php/home/shop/menulist
INFO: [ app_init ] --START--
INFO: Run Behavior\BuildLiteBehavior [ RunTime:0.000018s ]
INFO: [ app_init ] --END-- [ RunTime:0.000387s ]
INFO: [ app_begin ] --START--
INFO: Run Behavior\ReadHtmlCacheBehavior [ RunTime:0.000519s ]
INFO: [ app_begin ] --END-- [ RunTime:0.000589s ]
NOTIC: [8] A session had already been started - ignoring session_start() D:\wm\ThinkPHP\Common\functions.php 第 1263 行.
SQL: SHOW COLUMNS FROM `et_category` [ RunTime:0.0025s ]
SQL: SELECT * FROM `et_category` WHERE `shopid` = 51  [ RunTime:0.0005s ]
SQL: SHOW COLUMNS FROM `et_shopgoods` [ RunTime:0.0024s ]
SQL: SELECT * FROM `et_shopgoods` WHERE `shopid` = 51 AND `cid` = 189  [ RunTime:0.0012s ]
SQL: SELECT * FROM `et_shopgoods` WHERE `shopid` = 51 AND `cid` = 190  [ RunTime:0.0012s ]
SQL: SELECT * FROM `et_shopgoods` WHERE `shopid` = 51 AND `cid` = 191  [ RunTime:0.0011s ]
SQL: SELECT * FROM `et_shopgoods` WHERE `shopid` = 51 AND `cid` = 192  [ RunTime:0.0011s ]
SQL: SELECT * FROM `et_shopgoods` WHERE `shopid` = 51 AND `cid` = 193  [ RunTime:0.0011s ]
SQL: SELECT * FROM `et_shopgoods` WHERE `shopid` = 51 AND `cid` = 194  [ RunTime:0.0012s ]
SQL: SELECT * FROM `et_shopgoods` WHERE `shopid` = 51 AND `cid` = 195  [ RunTime:0.0012s ]
SQL: SELECT * FROM `et_shopgoods` WHERE `shopid` = 51 AND `cid` = 196  [ RunTime:0.0012s ]
SQL: SELECT * FROM `et_shopgoods` WHERE `shopid` = 51 AND `cid` = 197  [ RunTime:0.0012s ]
SQL: SELECT * FROM `et_shopgoods` WHERE `shopid` = 51 AND `cid` = 198  [ RunTime:0.0012s ]
SQL: SELECT * FROM `et_shopgoods` WHERE `shopid` = 51 AND `cid` = 199  [ RunTime:0.0011s ]
SQL: SELECT * FROM `et_shopgoods` WHERE `shopid` = 51 AND `cid` = 200  [ RunTime:0.0012s ]
SQL: SELECT * FROM `et_shopgoods` WHERE `shopid` = 51 AND `cid` = 201  [ RunTime:0.0011s ]
SQL: SELECT * FROM `et_shopgoods` WHERE `shopid` = 51 AND `cid` = 202  [ RunTime:0.0012s ]
SQL: SELECT * FROM `et_shopgoods` WHERE `shopid` = 51 AND `cid` = 203  [ RunTime:0.0012s ]
SQL: SELECT * FROM `et_shopgoods` WHERE `shopid` = 51 AND `cid` = 204  [ RunTime:0.0011s ]
SQL: SELECT * FROM `et_shopgoods` WHERE `shopid` = 51 AND `cid` = 205  [ RunTime:0.0012s ]
SQL: SELECT * FROM `et_shopgoods` WHERE `shopid` = 51 AND `cid` = 206  [ RunTime:0.0011s ]
SQL: SHOW COLUMNS FROM `et_shopmessage` [ RunTime:0.0026s ]
SQL: SELECT `shopname`,`shopphoto`,`mobile`,`content`,`shophead`,`state`,`detailed_address`,`coordinate`,`gotime`,`long`,`maxprice`,`maxlong`,`lkmoney` FROM `et_shopmessage` WHERE `shopid` = 51 LIMIT 1   [ RunTime:0.0003s ]
NOTIC: [8] Undefined offset: 1 D:\wm\Application\Home\Controller\ShopController.class.php 第 281 行.
SQL: SHOW COLUMNS FROM `et_evaluate` [ RunTime:0.0027s ]
NOTIC: [8] Undefined index: limit D:\wm\ThinkPHP\Library\Think\Db\Driver.class.php 第 961 行.
SQL: SELECT * FROM `et_evaluate` WHERE `shopid` = 51 LIMIT 0,20   [ RunTime:0.0003s ]

[ 2017-10-02T11:11:10+08:00 ] 101.166.163.226 /index.php/home/shop/menulist
INFO: [ app_init ] --START--
INFO: Run Behavior\BuildLiteBehavior [ RunTime:0.000025s ]
INFO: [ app_init ] --END-- [ RunTime:0.000474s ]
INFO: [ app_begin ] --START--
INFO: Run Behavior\ReadHtmlCacheBehavior [ RunTime:0.000611s ]
INFO: [ app_begin ] --END-- [ RunTime:0.000673s ]
NOTIC: [8] A session had already been started - ignoring session_start() D:\wm\ThinkPHP\Common\functions.php 第 1263 行.
SQL: SHOW COLUMNS FROM `et_category` [ RunTime:0.0031s ]
SQL: SELECT * FROM `et_category` WHERE `shopid` = 51  [ RunTime:0.0006s ]
SQL: SHOW COLUMNS FROM `et_shopgoods` [ RunTime:0.0031s ]
SQL: SELECT * FROM `et_shopgoods` WHERE `shopid` = 51 AND `cid` = 189  [ RunTime:0.0014s ]
SQL: SELECT * FROM `et_shopgoods` WHERE `shopid` = 51 AND `cid` = 190  [ RunTime:0.0015s ]
SQL: SELECT * FROM `et_shopgoods` WHERE `shopid` = 51 AND `cid` = 191  [ RunTime:0.0016s ]
SQL: SELECT * FROM `et_shopgoods` WHERE `shopid` = 51 AND `cid` = 192  [ RunTime:0.0014s ]
SQL: SELECT * FROM `et_shopgoods` WHERE `shopid` = 51 AND `cid` = 193  [ RunTime:0.0015s ]
SQL: SELECT * FROM `et_shopgoods` WHERE `shopid` = 51 AND `cid` = 194  [ RunTime:0.0015s ]
SQL: SELECT * FROM `et_shopgoods` WHERE `shopid` = 51 AND `cid` = 195  [ RunTime:0.0017s ]
SQL: SELECT * FROM `et_shopgoods` WHERE `shopid` = 51 AND `cid` = 196  [ RunTime:0.0015s ]
SQL: SELECT * FROM `et_shopgoods` WHERE `shopid` = 51 AND `cid` = 197  [ RunTime:0.0017s ]
SQL: SELECT * FROM `et_shopgoods` WHERE `shopid` = 51 AND `cid` = 198  [ RunTime:0.0011s ]
SQL: SELECT * FROM `et_shopgoods` WHERE `shopid` = 51 AND `cid` = 199  [ RunTime:0.0014s ]
SQL: SELECT * FROM `et_shopgoods` WHERE `shopid` = 51 AND `cid` = 200  [ RunTime:0.0015s ]
SQL: SELECT * FROM `et_shopgoods` WHERE `shopid` = 51 AND `cid` = 201  [ RunTime:0.0015s ]
SQL: SELECT * FROM `et_shopgoods` WHERE `shopid` = 51 AND `cid` = 202  [ RunTime:0.0018s ]
SQL: SELECT * FROM `et_shopgoods` WHERE `shopid` = 51 AND `cid` = 203  [ RunTime:0.0018s ]
SQL: SELECT * FROM `et_shopgoods` WHERE `shopid` = 51 AND `cid` = 204  [ RunTime:0.0017s ]
SQL: SELECT * FROM `et_shopgoods` WHERE `shopid` = 51 AND `cid` = 205  [ RunTime:0.0018s ]
SQL: SELECT * FROM `et_shopgoods` WHERE `shopid` = 51 AND `cid` = 206  [ RunTime:0.0018s ]
SQL: SHOW COLUMNS FROM `et_shopmessage` [ RunTime:0.0039s ]
SQL: SELECT `shopname`,`shopphoto`,`mobile`,`content`,`shophead`,`state`,`detailed_address`,`coordinate`,`gotime`,`long`,`maxprice`,`maxlong`,`lkmoney` FROM `et_shopmessage` WHERE `shopid` = 51 LIMIT 1   [ RunTime:0.0003s ]
NOTIC: [8] Undefined offset: 1 D:\wm\Application\Home\Controller\ShopController.class.php 第 281 行.
SQL: SHOW COLUMNS FROM `et_evaluate` [ RunTime:0.0023s ]
NOTIC: [8] Undefined index: limit D:\wm\ThinkPHP\Library\Think\Db\Driver.class.php 第 961 行.
SQL: SELECT * FROM `et_evaluate` WHERE `shopid` = 51 LIMIT 0,20   [ RunTime:0.0003s ]

[ 2017-10-02T11:11:37+08:00 ] 101.166.163.226 /index.php/home/shop/menulist
INFO: [ app_init ] --START--
INFO: Run Behavior\BuildLiteBehavior [ RunTime:0.000017s ]
INFO: [ app_init ] --END-- [ RunTime:0.000340s ]
INFO: [ app_begin ] --START--
INFO: Run Behavior\ReadHtmlCacheBehavior [ RunTime:0.000528s ]
INFO: [ app_begin ] --END-- [ RunTime:0.000597s ]
NOTIC: [8] A session had already been started - ignoring session_start() D:\wm\ThinkPHP\Common\functions.php 第 1263 行.
SQL: SHOW COLUMNS FROM `et_category` [ RunTime:0.0024s ]
SQL: SELECT * FROM `et_category` WHERE `shopid` = 52  [ RunTime:0.0004s ]
SQL: SHOW COLUMNS FROM `et_shopgoods` [ RunTime:0.0021s ]
SQL: SELECT * FROM `et_shopgoods` WHERE `shopid` = 52 AND `cid` = 188  [ RunTime:0.0016s ]
SQL: SELECT * FROM `et_shopgoods` WHERE `shopid` = 52 AND `cid` = 239  [ RunTime:0.0014s ]
SQL: SELECT * FROM `et_shopgoods` WHERE `shopid` = 52 AND `cid` = 240  [ RunTime:0.0015s ]
SQL: SELECT * FROM `et_shopgoods` WHERE `shopid` = 52 AND `cid` = 249  [ RunTime:0.0016s ]
SQL: SELECT * FROM `et_shopgoods` WHERE `shopid` = 52 AND `cid` = 250  [ RunTime:0.0014s ]
SQL: SELECT * FROM `et_shopgoods` WHERE `shopid` = 52 AND `cid` = 252  [ RunTime:0.0012s ]
SQL: SELECT * FROM `et_shopgoods` WHERE `shopid` = 52 AND `cid` = 253  [ RunTime:0.0012s ]
SQL: SELECT * FROM `et_shopgoods` WHERE `shopid` = 52 AND `cid` = 254  [ RunTime:0.0012s ]
SQL: SELECT * FROM `et_shopgoods` WHERE `shopid` = 52 AND `cid` = 255  [ RunTime:0.0014s ]
SQL: SELECT * FROM `et_shopgoods` WHERE `shopid` = 52 AND `cid` = 278  [ RunTime:0.0017s ]
SQL: SHOW COLUMNS FROM `et_shopmessage` [ RunTime:0.0043s ]
SQL: SELECT `shopname`,`shopphoto`,`mobile`,`content`,`shophead`,`state`,`detailed_address`,`coordinate`,`gotime`,`long`,`maxprice`,`maxlong`,`lkmoney` FROM `et_shopmessage` WHERE `shopid` = 52 LIMIT 1   [ RunTime:0.0005s ]
NOTIC: [8] Undefined offset: 1 D:\wm\Application\Home\Controller\ShopController.class.php 第 281 行.
SQL: SHOW COLUMNS FROM `et_evaluate` [ RunTime:0.0032s ]
NOTIC: [8] Undefined index: limit D:\wm\ThinkPHP\Library\Think\Db\Driver.class.php 第 961 行.
SQL: SELECT * FROM `et_evaluate` WHERE `shopid` = 52 LIMIT 0,20   [ RunTime:0.0005s ]

[ 2017-10-02T11:11:50+08:00 ] 101.166.163.226 /index.php/home/shop/menulist
INFO: [ app_init ] --START--
INFO: Run Behavior\BuildLiteBehavior [ RunTime:0.000017s ]
INFO: [ app_init ] --END-- [ RunTime:0.000397s ]
INFO: [ app_begin ] --START--
INFO: Run Behavior\ReadHtmlCacheBehavior [ RunTime:0.000539s ]
INFO: [ app_begin ] --END-- [ RunTime:0.000602s ]
NOTIC: [8] A session had already been started - ignoring session_start() D:\wm\ThinkPHP\Common\functions.php 第 1263 行.
SQL: SHOW COLUMNS FROM `et_category` [ RunTime:0.0033s ]
SQL: SELECT * FROM `et_category` WHERE `shopid` = 56  [ RunTime:0.0005s ]
SQL: SHOW COLUMNS FROM `et_shopgoods` [ RunTime:0.0023s ]
SQL: SELECT * FROM `et_shopgoods` WHERE `shopid` = 56 AND `cid` = 256  [ RunTime:0.0013s ]
SQL: SELECT * FROM `et_shopgoods` WHERE `shopid` = 56 AND `cid` = 257  [ RunTime:0.0012s ]
SQL: SELECT * FROM `et_shopgoods` WHERE `shopid` = 56 AND `cid` = 258  [ RunTime:0.0013s ]
SQL: SELECT * FROM `et_shopgoods` WHERE `shopid` = 56 AND `cid` = 259  [ RunTime:0.0012s ]
SQL: SELECT * FROM `et_shopgoods` WHERE `shopid` = 56 AND `cid` = 260  [ RunTime:0.0012s ]
SQL: SELECT * FROM `et_shopgoods` WHERE `shopid` = 56 AND `cid` = 261  [ RunTime:0.0012s ]
SQL: SELECT * FROM `et_shopgoods` WHERE `shopid` = 56 AND `cid` = 262  [ RunTime:0.0011s ]
SQL: SELECT * FROM `et_shopgoods` WHERE `shopid` = 56 AND `cid` = 263  [ RunTime:0.0011s ]
SQL: SELECT * FROM `et_shopgoods` WHERE `shopid` = 56 AND `cid` = 264  [ RunTime:0.0011s ]
SQL: SELECT * FROM `et_shopgoods` WHERE `shopid` = 56 AND `cid` = 265  [ RunTime:0.0012s ]
SQL: SELECT * FROM `et_shopgoods` WHERE `shopid` = 56 AND `cid` = 266  [ RunTime:0.0011s ]
SQL: SELECT * FROM `et_shopgoods` WHERE `shopid` = 56 AND `cid` = 267  [ RunTime:0.0011s ]
SQL: SELECT * FROM `et_shopgoods` WHERE `shopid` = 56 AND `cid` = 268  [ RunTime:0.0011s ]
SQL: SELECT * FROM `et_shopgoods` WHERE `shopid` = 56 AND `cid` = 269  [ RunTime:0.0011s ]
SQL: SELECT * FROM `et_shopgoods` WHERE `shopid` = 56 AND `cid` = 270  [ RunTime:0.0011s ]
SQL: SELECT * FROM `et_shopgoods` WHERE `shopid` = 56 AND `cid` = 271  [ RunTime:0.0010s ]
SQL: SELECT * FROM `et_shopgoods` WHERE `shopid` = 56 AND `cid` = 290  [ RunTime:0.0012s ]
SQL: SHOW COLUMNS FROM `et_shopmessage` [ RunTime:0.0031s ]
SQL: SELECT `shopname`,`shopphoto`,`mobile`,`content`,`shophead`,`state`,`detailed_address`,`coordinate`,`gotime`,`long`,`maxprice`,`maxlong`,`lkmoney` FROM `et_shopmessage` WHERE `shopid` = 56 LIMIT 1   [ RunTime:0.0003s ]
NOTIC: [8] Undefined offset: 1 D:\wm\Application\Home\Controller\ShopController.class.php 第 281 行.
SQL: SHOW COLUMNS FROM `et_evaluate` [ RunTime:0.0020s ]
NOTIC: [8] Undefined index: limit D:\wm\ThinkPHP\Library\Think\Db\Driver.class.php 第 961 行.
SQL: SELECT * FROM `et_evaluate` WHERE `shopid` = 56 LIMIT 0,20   [ RunTime:0.0003s ]
SQL: SHOW COLUMNS FROM `et_user` [ RunTime:0.0029s ]
SQL: SELECT `username`,`head_photo` FROM `et_user` WHERE `uid` = 47 LIMIT 1   [ RunTime:0.0002s ]
SQL: SHOW COLUMNS FROM `et_backevaluate` [ RunTime:0.0022s ]
SQL: SELECT `backpingjia` FROM `et_backevaluate` WHERE `shopid` = 56 AND `uid` = 47 AND `eid` = 51 LIMIT 1   [ RunTime:0.0002s ]

[ 2017-10-02T11:12:12+08:00 ] 101.166.163.226 /
INFO: [ app_init ] --START--
INFO: Run Behavior\BuildLiteBehavior [ RunTime:0.000017s ]
INFO: [ app_init ] --END-- [ RunTime:0.000360s ]
INFO: [ app_begin ] --START--
INFO: Run Behavior\ReadHtmlCacheBehavior [ RunTime:0.000571s ]
INFO: [ app_begin ] --END-- [ RunTime:0.000635s ]
NOTIC: [8] A session had already been started - ignoring session_start() D:\wm\ThinkPHP\Common\functions.php 第 1263 行.
INFO: [ view_parse ] --START--
INFO: [ template_filter ] --START--
INFO: Run Behavior\ContentReplaceBehavior [ RunTime:0.000053s ]
INFO: [ template_filter ] --END-- [ RunTime:0.000136s ]
INFO: Run Behavior\ParseTemplateBehavior [ RunTime:0.028487s ]
INFO: [ view_parse ] --END-- [ RunTime:0.028566s ]
INFO: [ view_filter ] --START--
INFO: Run Behavior\WriteHtmlCacheBehavior [ RunTime:0.000267s ]
INFO: [ view_filter ] --END-- [ RunTime:0.000330s ]
INFO: [ app_end ] --START--
INFO: Run Behavior\ShowPageTraceBehavior [ RunTime:0.000440s ]
INFO: [ app_end ] --END-- [ RunTime:0.000490s ]

[ 2017-10-02T11:12:16+08:00 ] 101.166.163.226 /index.php/home/shop/menulist
INFO: [ app_init ] --START--
INFO: Run Behavior\BuildLiteBehavior [ RunTime:0.000018s ]
INFO: [ app_init ] --END-- [ RunTime:0.000371s ]
INFO: [ app_begin ] --START--
INFO: Run Behavior\ReadHtmlCacheBehavior [ RunTime:0.000486s ]
INFO: [ app_begin ] --END-- [ RunTime:0.000581s ]
NOTIC: [8] A session had already been started - ignoring session_start() D:\wm\ThinkPHP\Common\functions.php 第 1263 行.
SQL: SHOW COLUMNS FROM `et_category` [ RunTime:0.6098s ]
SQL: SELECT * FROM `et_category` WHERE `shopid` = 52  [ RunTime:0.0004s ]
SQL: SHOW COLUMNS FROM `et_shopgoods` [ RunTime:0.0024s ]
SQL: SELECT * FROM `et_shopgoods` WHERE `shopid` = 52 AND `cid` = 188  [ RunTime:0.0014s ]
SQL: SELECT * FROM `et_shopgoods` WHERE `shopid` = 52 AND `cid` = 239  [ RunTime:0.0018s ]
SQL: SELECT * FROM `et_shopgoods` WHERE `shopid` = 52 AND `cid` = 240  [ RunTime:0.0015s ]
SQL: SELECT * FROM `et_shopgoods` WHERE `shopid` = 52 AND `cid` = 249  [ RunTime:0.0015s ]
SQL: SELECT * FROM `et_shopgoods` WHERE `shopid` = 52 AND `cid` = 250  [ RunTime:0.0013s ]
SQL: SELECT * FROM `et_shopgoods` WHERE `shopid` = 52 AND `cid` = 252  [ RunTime:0.0012s ]
SQL: SELECT * FROM `et_shopgoods` WHERE `shopid` = 52 AND `cid` = 253  [ RunTime:0.0013s ]
SQL: SELECT * FROM `et_shopgoods` WHERE `shopid` = 52 AND `cid` = 254  [ RunTime:0.0011s ]
SQL: SELECT * FROM `et_shopgoods` WHERE `shopid` = 52 AND `cid` = 255  [ RunTime:0.0014s ]
SQL: SELECT * FROM `et_shopgoods` WHERE `shopid` = 52 AND `cid` = 278  [ RunTime:0.0014s ]
SQL: SHOW COLUMNS FROM `et_shopmessage` [ RunTime:0.0038s ]
SQL: SELECT `shopname`,`shopphoto`,`mobile`,`content`,`shophead`,`state`,`detailed_address`,`coordinate`,`gotime`,`long`,`maxprice`,`maxlong`,`lkmoney` FROM `et_shopmessage` WHERE `shopid` = 52 LIMIT 1   [ RunTime:0.0003s ]
NOTIC: [8] Undefined offset: 1 D:\wm\Application\Home\Controller\ShopController.class.php 第 281 行.
SQL: SHOW COLUMNS FROM `et_evaluate` [ RunTime:0.0025s ]
NOTIC: [8] Undefined index: limit D:\wm\ThinkPHP\Library\Think\Db\Driver.class.php 第 961 行.
SQL: SELECT * FROM `et_evaluate` WHERE `shopid` = 52 LIMIT 0,20   [ RunTime:0.0003s ]

[ 2017-10-02T11:12:17+08:00 ] 101.166.163.226 /index.php/home/shop/menulist
INFO: [ app_init ] --START--
INFO: Run Behavior\BuildLiteBehavior [ RunTime:0.000016s ]
INFO: [ app_init ] --END-- [ RunTime:0.000354s ]
INFO: [ app_begin ] --START--
INFO: Run Behavior\ReadHtmlCacheBehavior [ RunTime:0.000482s ]
INFO: [ app_begin ] --END-- [ RunTime:0.000536s ]
NOTIC: [8] A session had already been started - ignoring session_start() D:\wm\ThinkPHP\Common\functions.php 第 1263 行.
SQL: SHOW COLUMNS FROM `et_category` [ RunTime:0.0015s ]
SQL: SELECT * FROM `et_category` WHERE `shopid` = 51  [ RunTime:0.0004s ]
SQL: SHOW COLUMNS FROM `et_shopgoods` [ RunTime:0.0016s ]
SQL: SELECT * FROM `et_shopgoods` WHERE `shopid` = 51 AND `cid` = 189  [ RunTime:0.0011s ]
SQL: SELECT * FROM `et_shopgoods` WHERE `shopid` = 51 AND `cid` = 190  [ RunTime:0.0011s ]
SQL: SELECT * FROM `et_shopgoods` WHERE `shopid` = 51 AND `cid` = 191  [ RunTime:0.0011s ]
SQL: SELECT * FROM `et_shopgoods` WHERE `shopid` = 51 AND `cid` = 192  [ RunTime:0.0011s ]
SQL: SELECT * FROM `et_shopgoods` WHERE `shopid` = 51 AND `cid` = 193  [ RunTime:0.0012s ]
SQL: SELECT * FROM `et_shopgoods` WHERE `shopid` = 51 AND `cid` = 194  [ RunTime:0.0011s ]
SQL: SELECT * FROM `et_shopgoods` WHERE `shopid` = 51 AND `cid` = 195  [ RunTime:0.0011s ]
SQL: SELECT * FROM `et_shopgoods` WHERE `shopid` = 51 AND `cid` = 196  [ RunTime:0.0012s ]
SQL: SELECT * FROM `et_shopgoods` WHERE `shopid` = 51 AND `cid` = 197  [ RunTime:0.0012s ]
SQL: SELECT * FROM `et_shopgoods` WHERE `shopid` = 51 AND `cid` = 198  [ RunTime:0.0012s ]
SQL: SELECT * FROM `et_shopgoods` WHERE `shopid` = 51 AND `cid` = 199  [ RunTime:0.0011s ]
SQL: SELECT * FROM `et_shopgoods` WHERE `shopid` = 51 AND `cid` = 200  [ RunTime:0.0011s ]
SQL: SELECT * FROM `et_shopgoods` WHERE `shopid` = 51 AND `cid` = 201  [ RunTime:0.0011s ]
SQL: SELECT * FROM `et_shopgoods` WHERE `shopid` = 51 AND `cid` = 202  [ RunTime:0.0011s ]
SQL: SELECT * FROM `et_shopgoods` WHERE `shopid` = 51 AND `cid` = 203  [ RunTime:0.0011s ]
SQL: SELECT * FROM `et_shopgoods` WHERE `shopid` = 51 AND `cid` = 204  [ RunTime:0.0012s ]
SQL: SELECT * FROM `et_shopgoods` WHERE `shopid` = 51 AND `cid` = 205  [ RunTime:0.0011s ]
SQL: SELECT * FROM `et_shopgoods` WHERE `shopid` = 51 AND `cid` = 206  [ RunTime:0.0010s ]
SQL: SHOW COLUMNS FROM `et_shopmessage` [ RunTime:0.0019s ]
SQL: SELECT `shopname`,`shopphoto`,`mobile`,`content`,`shophead`,`state`,`detailed_address`,`coordinate`,`gotime`,`long`,`maxprice`,`maxlong`,`lkmoney` FROM `et_shopmessage` WHERE `shopid` = 51 LIMIT 1   [ RunTime:0.0003s ]
NOTIC: [8] Undefined offset: 1 D:\wm\Application\Home\Controller\ShopController.class.php 第 281 行.
SQL: SHOW COLUMNS FROM `et_evaluate` [ RunTime:0.0017s ]
NOTIC: [8] Undefined index: limit D:\wm\ThinkPHP\Library\Think\Db\Driver.class.php 第 961 行.
SQL: SELECT * FROM `et_evaluate` WHERE `shopid` = 51 LIMIT 0,20   [ RunTime:0.0002s ]

[ 2017-10-02T11:12:28+08:00 ] 101.166.163.226 /index.php/home/shop/menulist
INFO: [ app_init ] --START--
INFO: Run Behavior\BuildLiteBehavior [ RunTime:0.000017s ]
INFO: [ app_init ] --END-- [ RunTime:0.000328s ]
INFO: [ app_begin ] --START--
INFO: Run Behavior\ReadHtmlCacheBehavior [ RunTime:0.000449s ]
INFO: [ app_begin ] --END-- [ RunTime:0.000503s ]
NOTIC: [8] A session had already been started - ignoring session_start() D:\wm\ThinkPHP\Common\functions.php 第 1263 行.
SQL: SHOW COLUMNS FROM `et_category` [ RunTime:0.0027s ]
SQL: SELECT * FROM `et_category` WHERE `shopid` = 51  [ RunTime:0.0004s ]
SQL: SHOW COLUMNS FROM `et_shopgoods` [ RunTime:0.0021s ]
SQL: SELECT * FROM `et_shopgoods` WHERE `shopid` = 51 AND `cid` = 189  [ RunTime:0.0013s ]
SQL: SELECT * FROM `et_shopgoods` WHERE `shopid` = 51 AND `cid` = 190  [ RunTime:0.0012s ]
SQL: SELECT * FROM `et_shopgoods` WHERE `shopid` = 51 AND `cid` = 191  [ RunTime:0.0011s ]
SQL: SELECT * FROM `et_shopgoods` WHERE `shopid` = 51 AND `cid` = 192  [ RunTime:0.0011s ]
SQL: SELECT * FROM `et_shopgoods` WHERE `shopid` = 51 AND `cid` = 193  [ RunTime:0.0013s ]
SQL: SELECT * FROM `et_shopgoods` WHERE `shopid` = 51 AND `cid` = 194  [ RunTime:0.0014s ]
SQL: SELECT * FROM `et_shopgoods` WHERE `shopid` = 51 AND `cid` = 195  [ RunTime:0.0012s ]
SQL: SELECT * FROM `et_shopgoods` WHERE `shopid` = 51 AND `cid` = 196  [ RunTime:0.0011s ]
SQL: SELECT * FROM `et_shopgoods` WHERE `shopid` = 51 AND `cid` = 197  [ RunTime:0.0013s ]
SQL: SELECT * FROM `et_shopgoods` WHERE `shopid` = 51 AND `cid` = 198  [ RunTime:0.0012s ]
SQL: SELECT * FROM `et_shopgoods` WHERE `shopid` = 51 AND `cid` = 199  [ RunTime:0.0011s ]
SQL: SELECT * FROM `et_shopgoods` WHERE `shopid` = 51 AND `cid` = 200  [ RunTime:0.0012s ]
SQL: SELECT * FROM `et_shopgoods` WHERE `shopid` = 51 AND `cid` = 201  [ RunTime:0.0012s ]
SQL: SELECT * FROM `et_shopgoods` WHERE `shopid` = 51 AND `cid` = 202  [ RunTime:0.0012s ]
SQL: SELECT * FROM `et_shopgoods` WHERE `shopid` = 51 AND `cid` = 203  [ RunTime:0.0012s ]
SQL: SELECT * FROM `et_shopgoods` WHERE `shopid` = 51 AND `cid` = 204  [ RunTime:0.0011s ]
SQL: SELECT * FROM `et_shopgoods` WHERE `shopid` = 51 AND `cid` = 205  [ RunTime:0.0011s ]
SQL: SELECT * FROM `et_shopgoods` WHERE `shopid` = 51 AND `cid` = 206  [ RunTime:0.0011s ]
SQL: SHOW COLUMNS FROM `et_shopmessage` [ RunTime:0.0021s ]
SQL: SELECT `shopname`,`shopphoto`,`mobile`,`content`,`shophead`,`state`,`detailed_address`,`coordinate`,`gotime`,`long`,`maxprice`,`maxlong`,`lkmoney` FROM `et_shopmessage` WHERE `shopid` = 51 LIMIT 1   [ RunTime:0.0003s ]
NOTIC: [8] Undefined offset: 1 D:\wm\Application\Home\Controller\ShopController.class.php 第 281 行.
SQL: SHOW COLUMNS FROM `et_evaluate` [ RunTime:0.0020s ]
NOTIC: [8] Undefined index: limit D:\wm\ThinkPHP\Library\Think\Db\Driver.class.php 第 961 行.
SQL: SELECT * FROM `et_evaluate` WHERE `shopid` = 51 LIMIT 0,20   [ RunTime:0.0002s ]

[ 2017-10-02T12:05:44+08:00 ] 49.178.3.230 /index.php/home/user/personal_center
INFO: [ app_init ] --START--
INFO: Run Behavior\BuildLiteBehavior [ RunTime:0.000017s ]
INFO: [ app_init ] --END-- [ RunTime:0.000350s ]
INFO: [ app_begin ] --START--
INFO: Run Behavior\ReadHtmlCacheBehavior [ RunTime:0.000470s ]
INFO: [ app_begin ] --END-- [ RunTime:0.000528s ]
NOTIC: [8] A session had already been started - ignoring session_start() D:\wm\ThinkPHP\Common\functions.php 第 1263 行.
SQL: SHOW COLUMNS FROM `et_user` [ RunTime:0.2078s ]
SQL: SELECT `username`,`mobile`,`head_photo` FROM `et_user` WHERE `uid` = 47 LIMIT 1   [ RunTime:0.0004s ]

[ 2017-10-02T12:05:46+08:00 ] 49.178.3.230 /index.php/home/shop/shoplist
INFO: [ app_init ] --START--
INFO: Run Behavior\BuildLiteBehavior [ RunTime:0.000015s ]
INFO: [ app_init ] --END-- [ RunTime:0.000309s ]
INFO: [ app_begin ] --START--
INFO: Run Behavior\ReadHtmlCacheBehavior [ RunTime:0.000531s ]
INFO: [ app_begin ] --END-- [ RunTime:0.000586s ]
NOTIC: [8] A session had already been started - ignoring session_start() D:\wm\ThinkPHP\Common\functions.php 第 1263 行.
SQL: SHOW COLUMNS FROM `et_shopmessage` [ RunTime:0.0024s ]
SQL: SELECT * FROM `et_shopmessage` WHERE `state` IN ('1','2') ORDER BY shopid desc LIMIT 0,15   [ RunTime:0.0005s ]
SQL: SHOW COLUMNS FROM `et_category` [ RunTime:0.0034s ]
SQL: SELECT `cid`,`cname` FROM `et_category` WHERE `shopid` = 58 ORDER BY num desc LIMIT 3   [ RunTime:0.0007s ]
SQL: SELECT `cid`,`cname` FROM `et_category` WHERE `shopid` = 57 ORDER BY num desc LIMIT 3   [ RunTime:0.0004s ]
SQL: SELECT `cid`,`cname` FROM `et_category` WHERE `shopid` = 56 ORDER BY num desc LIMIT 3   [ RunTime:0.0004s ]
SQL: SELECT `cid`,`cname` FROM `et_category` WHERE `shopid` = 54 ORDER BY num desc LIMIT 3   [ RunTime:0.0004s ]
SQL: SELECT `cid`,`cname` FROM `et_category` WHERE `shopid` = 53 ORDER BY num desc LIMIT 3   [ RunTime:0.0004s ]
SQL: SELECT `cid`,`cname` FROM `et_category` WHERE `shopid` = 52 ORDER BY num desc LIMIT 3   [ RunTime:0.0004s ]
SQL: SELECT `cid`,`cname` FROM `et_category` WHERE `shopid` = 51 ORDER BY num desc LIMIT 3   [ RunTime:0.0004s ]
SQL: SELECT `cid`,`cname` FROM `et_category` WHERE `shopid` = 50 ORDER BY num desc LIMIT 3   [ RunTime:0.0004s ]
SQL: SELECT `cid`,`cname` FROM `et_category` WHERE `shopid` = 13 ORDER BY num desc LIMIT 3   [ RunTime:0.0004s ]
SQL: SELECT `shopid`,`shopphoto` FROM `et_shopmessage` WHERE `state` IN ('1','2') AND `states` = 2 LIMIT 4   [ RunTime:0.0004s ]

[ 2017-10-02T14:44:20+08:00 ] 120.20.174.10 /index.php/home/user/personal_center
INFO: [ app_init ] --START--
INFO: Run Behavior\BuildLiteBehavior [ RunTime:0.000018s ]
INFO: [ app_init ] --END-- [ RunTime:0.000362s ]
INFO: [ app_begin ] --START--
INFO: Run Behavior\ReadHtmlCacheBehavior [ RunTime:0.000524s ]
INFO: [ app_begin ] --END-- [ RunTime:0.000586s ]
NOTIC: [8] A session had already been started - ignoring session_start() D:\wm\ThinkPHP\Common\functions.php 第 1263 行.
SQL: SHOW COLUMNS FROM `et_user` [ RunTime:0.0048s ]
SQL: SELECT `username`,`mobile`,`head_photo` FROM `et_user` WHERE `uid` = 62 LIMIT 1   [ RunTime:0.0005s ]

[ 2017-10-02T14:44:20+08:00 ] 120.20.174.10 /index.php/home/shop/shoplist
INFO: [ app_init ] --START--
INFO: Run Behavior\BuildLiteBehavior [ RunTime:0.000017s ]
INFO: [ app_init ] --END-- [ RunTime:0.000354s ]
INFO: [ app_begin ] --START--
INFO: Run Behavior\ReadHtmlCacheBehavior [ RunTime:0.000380s ]
INFO: [ app_begin ] --END-- [ RunTime:0.000456s ]
NOTIC: [8] A session had already been started - ignoring session_start() D:\wm\ThinkPHP\Common\functions.php 第 1263 行.
SQL: SHOW COLUMNS FROM `et_shopmessage` [ RunTime:0.0035s ]
SQL: SELECT * FROM `et_shopmessage` WHERE `state` IN ('1','2') ORDER BY shopid desc LIMIT 0,15   [ RunTime:0.0005s ]
SQL: SHOW COLUMNS FROM `et_category` [ RunTime:0.0021s ]
SQL: SELECT `cid`,`cname` FROM `et_category` WHERE `shopid` = 59 ORDER BY num desc LIMIT 3   [ RunTime:0.0003s ]
SQL: SELECT `cid`,`cname` FROM `et_category` WHERE `shopid` = 58 ORDER BY num desc LIMIT 3   [ RunTime:0.0003s ]
SQL: SELECT `cid`,`cname` FROM `et_category` WHERE `shopid` = 57 ORDER BY num desc LIMIT 3   [ RunTime:0.0003s ]
SQL: SELECT `cid`,`cname` FROM `et_category` WHERE `shopid` = 56 ORDER BY num desc LIMIT 3   [ RunTime:0.0003s ]
SQL: SELECT `cid`,`cname` FROM `et_category` WHERE `shopid` = 54 ORDER BY num desc LIMIT 3   [ RunTime:0.0003s ]
SQL: SELECT `cid`,`cname` FROM `et_category` WHERE `shopid` = 53 ORDER BY num desc LIMIT 3   [ RunTime:0.0003s ]
SQL: SELECT `cid`,`cname` FROM `et_category` WHERE `shopid` = 52 ORDER BY num desc LIMIT 3   [ RunTime:0.0003s ]
SQL: SELECT `cid`,`cname` FROM `et_category` WHERE `shopid` = 51 ORDER BY num desc LIMIT 3   [ RunTime:0.0003s ]
SQL: SELECT `cid`,`cname` FROM `et_category` WHERE `shopid` = 50 ORDER BY num desc LIMIT 3   [ RunTime:0.0003s ]
SQL: SELECT `cid`,`cname` FROM `et_category` WHERE `shopid` = 13 ORDER BY num desc LIMIT 3   [ RunTime:0.0003s ]
SQL: SELECT `shopid`,`shopphoto` FROM `et_shopmessage` WHERE `state` IN ('1','2') AND `states` = 2 LIMIT 4   [ RunTime:0.0003s ]

[ 2017-10-02T14:44:38+08:00 ] 120.20.174.10 /index.php/home/shop/menulist
INFO: [ app_init ] --START--
INFO: Run Behavior\BuildLiteBehavior [ RunTime:0.000017s ]
INFO: [ app_init ] --END-- [ RunTime:0.000336s ]
INFO: [ app_begin ] --START--
INFO: Run Behavior\ReadHtmlCacheBehavior [ RunTime:0.000531s ]
INFO: [ app_begin ] --END-- [ RunTime:0.000591s ]
NOTIC: [8] A session had already been started - ignoring session_start() D:\wm\ThinkPHP\Common\functions.php 第 1263 行.
SQL: SHOW COLUMNS FROM `et_category` [ RunTime:0.0028s ]
SQL: SELECT * FROM `et_category` WHERE `shopid` = 54  [ RunTime:0.0004s ]
SQL: SHOW COLUMNS FROM `et_shopgoods` [ RunTime:0.0020s ]
SQL: SELECT * FROM `et_shopgoods` WHERE `shopid` = 54 AND `cid` = 291  [ RunTime:0.0011s ]
SQL: SELECT * FROM `et_shopgoods` WHERE `shopid` = 54 AND `cid` = 292  [ RunTime:0.0012s ]
SQL: SELECT * FROM `et_shopgoods` WHERE `shopid` = 54 AND `cid` = 293  [ RunTime:0.0012s ]
SQL: SELECT * FROM `et_shopgoods` WHERE `shopid` = 54 AND `cid` = 294  [ RunTime:0.0012s ]
SQL: SELECT * FROM `et_shopgoods` WHERE `shopid` = 54 AND `cid` = 295  [ RunTime:0.0023s ]
SQL: SHOW COLUMNS FROM `et_shopmessage` [ RunTime:0.0039s ]
SQL: SELECT `shopname`,`shopphoto`,`mobile`,`content`,`shophead`,`state`,`detailed_address`,`coordinate`,`gotime`,`long`,`maxprice`,`maxlong`,`lkmoney` FROM `et_shopmessage` WHERE `shopid` = 54 LIMIT 1   [ RunTime:0.0004s ]
SQL: SHOW COLUMNS FROM `et_evaluate` [ RunTime:0.0020s ]
NOTIC: [8] Undefined index: limit D:\wm\ThinkPHP\Library\Think\Db\Driver.class.php 第 961 行.
SQL: SELECT * FROM `et_evaluate` WHERE `shopid` = 54 LIMIT 0,20   [ RunTime:0.0003s ]

[ 2017-10-02T14:44:44+08:00 ] 120.20.174.10 /index.php/home/user/personal_center
INFO: [ app_init ] --START--
INFO: Run Behavior\BuildLiteBehavior [ RunTime:0.000016s ]
INFO: [ app_init ] --END-- [ RunTime:0.000293s ]
INFO: [ app_begin ] --START--
INFO: Run Behavior\ReadHtmlCacheBehavior [ RunTime:0.000403s ]
INFO: [ app_begin ] --END-- [ RunTime:0.000490s ]
NOTIC: [8] A session had already been started - ignoring session_start() D:\wm\ThinkPHP\Common\functions.php 第 1263 行.
SQL: SHOW COLUMNS FROM `et_user` [ RunTime:0.0040s ]
SQL: SELECT `username`,`mobile`,`head_photo` FROM `et_user` WHERE `uid` = 62 LIMIT 1   [ RunTime:0.0003s ]

[ 2017-10-02T14:44:46+08:00 ] 120.20.174.10 /index.php/home/shop/shoplist
INFO: [ app_init ] --START--
INFO: Run Behavior\BuildLiteBehavior [ RunTime:0.000023s ]
INFO: [ app_init ] --END-- [ RunTime:0.000376s ]
INFO: [ app_begin ] --START--
INFO: Run Behavior\ReadHtmlCacheBehavior [ RunTime:0.000368s ]
INFO: [ app_begin ] --END-- [ RunTime:0.000421s ]
NOTIC: [8] A session had already been started - ignoring session_start() D:\wm\ThinkPHP\Common\functions.php 第 1263 行.
SQL: SHOW COLUMNS FROM `et_shopmessage` [ RunTime:0.0025s ]
SQL: SELECT * FROM `et_shopmessage` WHERE `state` IN ('1','2') ORDER BY shopid desc LIMIT 15,15   [ RunTime:0.0004s ]
SQL: SELECT `shopid`,`shopphoto` FROM `et_shopmessage` WHERE `state` IN ('1','2') AND `states` = 2 LIMIT 4   [ RunTime:0.0002s ]
NOTIC: [2] array_multisort(): Argument #1 is expected to be an array or a sort flag D:\wm\Application\Home\Controller\ShopController.class.php 第 50 行.

[ 2017-10-02T14:44:50+08:00 ] 120.20.174.10 /index.php/home/shop/menulist
INFO: [ app_init ] --START--
INFO: Run Behavior\BuildLiteBehavior [ RunTime:0.000016s ]
INFO: [ app_init ] --END-- [ RunTime:0.000283s ]
INFO: [ app_begin ] --START--
INFO: Run Behavior\ReadHtmlCacheBehavior [ RunTime:0.000439s ]
INFO: [ app_begin ] --END-- [ RunTime:0.000494s ]
NOTIC: [8] A session had already been started - ignoring session_start() D:\wm\ThinkPHP\Common\functions.php 第 1263 行.
SQL: SHOW COLUMNS FROM `et_category` [ RunTime:0.0016s ]
SQL: SELECT * FROM `et_category` WHERE `shopid` = 54  [ RunTime:0.0003s ]
SQL: SHOW COLUMNS FROM `et_shopgoods` [ RunTime:0.0022s ]
SQL: SELECT * FROM `et_shopgoods` WHERE `shopid` = 54 AND `cid` = 291  [ RunTime:0.0011s ]
SQL: SELECT * FROM `et_shopgoods` WHERE `shopid` = 54 AND `cid` = 292  [ RunTime:0.0012s ]
SQL: SELECT * FROM `et_shopgoods` WHERE `shopid` = 54 AND `cid` = 293  [ RunTime:0.0012s ]
SQL: SELECT * FROM `et_shopgoods` WHERE `shopid` = 54 AND `cid` = 294  [ RunTime:0.0013s ]
SQL: SELECT * FROM `et_shopgoods` WHERE `shopid` = 54 AND `cid` = 295  [ RunTime:0.0011s ]
SQL: SHOW COLUMNS FROM `et_shopmessage` [ RunTime:0.0024s ]
SQL: SELECT `shopname`,`shopphoto`,`mobile`,`content`,`shophead`,`state`,`detailed_address`,`coordinate`,`gotime`,`long`,`maxprice`,`maxlong`,`lkmoney` FROM `et_shopmessage` WHERE `shopid` = 54 LIMIT 1   [ RunTime:0.0003s ]
SQL: SHOW COLUMNS FROM `et_evaluate` [ RunTime:0.0019s ]
NOTIC: [8] Undefined index: limit D:\wm\ThinkPHP\Library\Think\Db\Driver.class.php 第 961 行.
SQL: SELECT * FROM `et_evaluate` WHERE `shopid` = 54 LIMIT 0,20   [ RunTime:0.0004s ]

[ 2017-10-02T14:45:13+08:00 ] 120.20.174.10 /index.php/home/user/personal_center
INFO: [ app_init ] --START--
INFO: Run Behavior\BuildLiteBehavior [ RunTime:0.000017s ]
INFO: [ app_init ] --END-- [ RunTime:0.000415s ]
INFO: [ app_begin ] --START--
INFO: Run Behavior\ReadHtmlCacheBehavior [ RunTime:0.000477s ]
INFO: [ app_begin ] --END-- [ RunTime:0.000534s ]
NOTIC: [8] A session had already been started - ignoring session_start() D:\wm\ThinkPHP\Common\functions.php 第 1263 行.
SQL: SHOW COLUMNS FROM `et_user` [ RunTime:0.0029s ]
SQL: SELECT `username`,`mobile`,`head_photo` FROM `et_user` WHERE `uid` = 62 LIMIT 1   [ RunTime:0.0003s ]

[ 2017-10-02T14:45:15+08:00 ] 120.20.174.10 /index.php/home/shop/shoplist
INFO: [ app_init ] --START--
INFO: Run Behavior\BuildLiteBehavior [ RunTime:0.000018s ]
INFO: [ app_init ] --END-- [ RunTime:0.000380s ]
INFO: [ app_begin ] --START--
INFO: Run Behavior\ReadHtmlCacheBehavior [ RunTime:0.000488s ]
INFO: [ app_begin ] --END-- [ RunTime:0.000543s ]
NOTIC: [8] A session had already been started - ignoring session_start() D:\wm\ThinkPHP\Common\functions.php 第 1263 行.
SQL: SHOW COLUMNS FROM `et_shopmessage` [ RunTime:0.0028s ]
SQL: SELECT * FROM `et_shopmessage` WHERE `state` IN ('1','2') ORDER BY shopid desc LIMIT 15,15   [ RunTime:0.0004s ]
SQL: SELECT `shopid`,`shopphoto` FROM `et_shopmessage` WHERE `state` IN ('1','2') AND `states` = 2 LIMIT 4   [ RunTime:0.0003s ]
NOTIC: [2] array_multisort(): Argument #1 is expected to be an array or a sort flag D:\wm\Application\Home\Controller\ShopController.class.php 第 50 行.

[ 2017-10-02T15:09:41+08:00 ] 120.20.174.10 /index.php/home/shop/shoplist
INFO: [ app_init ] --START--
INFO: Run Behavior\BuildLiteBehavior [ RunTime:0.000016s ]
INFO: [ app_init ] --END-- [ RunTime:0.000305s ]
INFO: [ app_begin ] --START--
INFO: Run Behavior\ReadHtmlCacheBehavior [ RunTime:0.000548s ]
INFO: [ app_begin ] --END-- [ RunTime:0.000611s ]
NOTIC: [8] A session had already been started - ignoring session_start() D:\wm\ThinkPHP\Common\functions.php 第 1263 行.
SQL: SHOW COLUMNS FROM `et_shopmessage` [ RunTime:0.9264s ]
SQL: SELECT * FROM `et_shopmessage` WHERE `state` IN ('1','2') ORDER BY shopid desc LIMIT 0,15   [ RunTime:0.0004s ]
SQL: SHOW COLUMNS FROM `et_category` [ RunTime:0.6296s ]
SQL: SELECT `cid`,`cname` FROM `et_category` WHERE `shopid` = 59 ORDER BY num desc LIMIT 3   [ RunTime:0.0004s ]
SQL: SELECT `cid`,`cname` FROM `et_category` WHERE `shopid` = 58 ORDER BY num desc LIMIT 3   [ RunTime:0.0003s ]
SQL: SELECT `cid`,`cname` FROM `et_category` WHERE `shopid` = 57 ORDER BY num desc LIMIT 3   [ RunTime:0.0004s ]
SQL: SELECT `cid`,`cname` FROM `et_category` WHERE `shopid` = 56 ORDER BY num desc LIMIT 3   [ RunTime:0.0003s ]
SQL: SELECT `cid`,`cname` FROM `et_category` WHERE `shopid` = 54 ORDER BY num desc LIMIT 3   [ RunTime:0.0003s ]
SQL: SELECT `cid`,`cname` FROM `et_category` WHERE `shopid` = 53 ORDER BY num desc LIMIT 3   [ RunTime:0.0003s ]
SQL: SELECT `cid`,`cname` FROM `et_category` WHERE `shopid` = 52 ORDER BY num desc LIMIT 3   [ RunTime:0.0003s ]
SQL: SELECT `cid`,`cname` FROM `et_category` WHERE `shopid` = 51 ORDER BY num desc LIMIT 3   [ RunTime:0.0003s ]
SQL: SELECT `cid`,`cname` FROM `et_category` WHERE `shopid` = 50 ORDER BY num desc LIMIT 3   [ RunTime:0.0003s ]
SQL: SELECT `cid`,`cname` FROM `et_category` WHERE `shopid` = 13 ORDER BY num desc LIMIT 3   [ RunTime:0.0003s ]
SQL: SELECT `shopid`,`shopphoto` FROM `et_shopmessage` WHERE `state` IN ('1','2') AND `states` = 2 LIMIT 4   [ RunTime:0.0003s ]

[ 2017-10-02T15:09:41+08:00 ] 120.20.174.10 /index.php/home/user/personal_center
INFO: [ app_init ] --START--
INFO: Run Behavior\BuildLiteBehavior [ RunTime:0.000018s ]
INFO: [ app_init ] --END-- [ RunTime:0.000344s ]
INFO: [ app_begin ] --START--
INFO: Run Behavior\ReadHtmlCacheBehavior [ RunTime:0.000460s ]
INFO: [ app_begin ] --END-- [ RunTime:0.000562s ]
NOTIC: [8] A session had already been started - ignoring session_start() D:\wm\ThinkPHP\Common\functions.php 第 1263 行.
SQL: SHOW COLUMNS FROM `et_user` [ RunTime:1.2849s ]
SQL: SELECT `username`,`mobile`,`head_photo` FROM `et_user` WHERE `uid` = 62 LIMIT 1   [ RunTime:0.0002s ]

[ 2017-10-02T15:09:47+08:00 ] 120.20.174.10 /index.php/home/shop/menulist
INFO: [ app_init ] --START--
INFO: Run Behavior\BuildLiteBehavior [ RunTime:0.000016s ]
INFO: [ app_init ] --END-- [ RunTime:0.000353s ]
INFO: [ app_begin ] --START--
INFO: Run Behavior\ReadHtmlCacheBehavior [ RunTime:0.000566s ]
INFO: [ app_begin ] --END-- [ RunTime:0.000622s ]
NOTIC: [8] A session had already been started - ignoring session_start() D:\wm\ThinkPHP\Common\functions.php 第 1263 行.
SQL: SHOW COLUMNS FROM `et_category` [ RunTime:0.0031s ]
SQL: SELECT * FROM `et_category` WHERE `shopid` = 54  [ RunTime:0.0004s ]
SQL: SHOW COLUMNS FROM `et_shopgoods` [ RunTime:0.0017s ]
SQL: SELECT * FROM `et_shopgoods` WHERE `shopid` = 54 AND `cid` = 291  [ RunTime:0.0011s ]
SQL: SELECT * FROM `et_shopgoods` WHERE `shopid` = 54 AND `cid` = 292  [ RunTime:0.0012s ]
SQL: SELECT * FROM `et_shopgoods` WHERE `shopid` = 54 AND `cid` = 293  [ RunTime:0.0013s ]
SQL: SELECT * FROM `et_shopgoods` WHERE `shopid` = 54 AND `cid` = 294  [ RunTime:0.0012s ]
SQL: SELECT * FROM `et_shopgoods` WHERE `shopid` = 54 AND `cid` = 295  [ RunTime:0.0011s ]
SQL: SELECT * FROM `et_shopgoods` WHERE `shopid` = 54 AND `cid` = 296  [ RunTime:0.0012s ]
SQL: SELECT * FROM `et_shopgoods` WHERE `shopid` = 54 AND `cid` = 297  [ RunTime:0.0012s ]
SQL: SELECT * FROM `et_shopgoods` WHERE `shopid` = 54 AND `cid` = 298  [ RunTime:0.0011s ]
SQL: SHOW COLUMNS FROM `et_shopmessage` [ RunTime:0.0028s ]
SQL: SELECT `shopname`,`shopphoto`,`mobile`,`content`,`shophead`,`state`,`detailed_address`,`coordinate`,`gotime`,`long`,`maxprice`,`maxlong`,`lkmoney` FROM `et_shopmessage` WHERE `shopid` = 54 LIMIT 1   [ RunTime:0.0003s ]
SQL: SHOW COLUMNS FROM `et_evaluate` [ RunTime:0.0021s ]
NOTIC: [8] Undefined index: limit D:\wm\ThinkPHP\Library\Think\Db\Driver.class.php 第 961 行.
SQL: SELECT * FROM `et_evaluate` WHERE `shopid` = 54 LIMIT 0,20   [ RunTime:0.0003s ]

[ 2017-10-02T15:10:13+08:00 ] 120.20.174.10 /index.php/home/user/personal_center
INFO: [ app_init ] --START--
INFO: Run Behavior\BuildLiteBehavior [ RunTime:0.000017s ]
INFO: [ app_init ] --END-- [ RunTime:0.000334s ]
INFO: [ app_begin ] --START--
INFO: Run Behavior\ReadHtmlCacheBehavior [ RunTime:0.000565s ]
INFO: [ app_begin ] --END-- [ RunTime:0.000622s ]
NOTIC: [8] A session had already been started - ignoring session_start() D:\wm\ThinkPHP\Common\functions.php 第 1263 行.
SQL: SHOW COLUMNS FROM `et_user` [ RunTime:0.0026s ]
SQL: SELECT `username`,`mobile`,`head_photo` FROM `et_user` WHERE `uid` = 62 LIMIT 1   [ RunTime:0.0004s ]

[ 2017-10-02T15:10:18+08:00 ] 120.20.174.10 /index.php/home/shop/shoplist
INFO: [ app_init ] --START--
INFO: Run Behavior\BuildLiteBehavior [ RunTime:0.000015s ]
INFO: [ app_init ] --END-- [ RunTime:0.000278s ]
INFO: [ app_begin ] --START--
INFO: Run Behavior\ReadHtmlCacheBehavior [ RunTime:0.000343s ]
INFO: [ app_begin ] --END-- [ RunTime:0.000403s ]
NOTIC: [8] A session had already been started - ignoring session_start() D:\wm\ThinkPHP\Common\functions.php 第 1263 行.
SQL: SHOW COLUMNS FROM `et_shopmessage` [ RunTime:0.0026s ]
SQL: SELECT * FROM `et_shopmessage` WHERE `state` IN ('1','2') ORDER BY shopid desc LIMIT 15,15   [ RunTime:0.0003s ]
SQL: SELECT `shopid`,`shopphoto` FROM `et_shopmessage` WHERE `state` IN ('1','2') AND `states` = 2 LIMIT 4   [ RunTime:0.0003s ]
NOTIC: [2] array_multisort(): Argument #1 is expected to be an array or a sort flag D:\wm\Application\Home\Controller\ShopController.class.php 第 50 行.

[ 2017-10-02T15:10:20+08:00 ] 120.20.174.10 /index.php/home/shop/menulist
INFO: [ app_init ] --START--
INFO: Run Behavior\BuildLiteBehavior [ RunTime:0.000018s ]
INFO: [ app_init ] --END-- [ RunTime:0.000334s ]
INFO: [ app_begin ] --START--
INFO: Run Behavior\ReadHtmlCacheBehavior [ RunTime:0.000431s ]
INFO: [ app_begin ] --END-- [ RunTime:0.000489s ]
NOTIC: [8] A session had already been started - ignoring session_start() D:\wm\ThinkPHP\Common\functions.php 第 1263 行.
SQL: SHOW COLUMNS FROM `et_category` [ RunTime:0.0022s ]
SQL: SELECT * FROM `et_category` WHERE `shopid` = 59  [ RunTime:0.0004s ]
SQL: SHOW COLUMNS FROM `et_shopmessage` [ RunTime:0.0024s ]
SQL: SELECT `shopname`,`shopphoto`,`mobile`,`content`,`shophead`,`state`,`detailed_address`,`coordinate`,`gotime`,`long`,`maxprice`,`maxlong`,`lkmoney` FROM `et_shopmessage` WHERE `shopid` = 59 LIMIT 1   [ RunTime:0.0003s ]
SQL: SHOW COLUMNS FROM `et_evaluate` [ RunTime:0.0024s ]
NOTIC: [8] Undefined index: limit D:\wm\ThinkPHP\Library\Think\Db\Driver.class.php 第 961 行.
SQL: SELECT * FROM `et_evaluate` WHERE `shopid` = 59 LIMIT 0,20   [ RunTime:0.0003s ]

[ 2017-10-02T15:10:22+08:00 ] 120.20.174.10 /index.php/home/user/personal_center
INFO: [ app_init ] --START--
INFO: Run Behavior\BuildLiteBehavior [ RunTime:0.000018s ]
INFO: [ app_init ] --END-- [ RunTime:0.000309s ]
INFO: [ app_begin ] --START--
INFO: Run Behavior\ReadHtmlCacheBehavior [ RunTime:0.000368s ]
INFO: [ app_begin ] --END-- [ RunTime:0.000433s ]
NOTIC: [8] A session had already been started - ignoring session_start() D:\wm\ThinkPHP\Common\functions.php 第 1263 行.
SQL: SHOW COLUMNS FROM `et_user` [ RunTime:0.0202s ]
SQL: SELECT `username`,`mobile`,`head_photo` FROM `et_user` WHERE `uid` = 62 LIMIT 1   [ RunTime:0.0003s ]

[ 2017-10-02T15:46:58+08:00 ] 120.20.174.10 /index.php/home/user/personal_center
INFO: [ app_init ] --START--
INFO: Run Behavior\BuildLiteBehavior [ RunTime:0.000016s ]
INFO: [ app_init ] --END-- [ RunTime:0.000314s ]
INFO: [ app_begin ] --START--
INFO: Run Behavior\ReadHtmlCacheBehavior [ RunTime:0.000471s ]
INFO: [ app_begin ] --END-- [ RunTime:0.000527s ]
NOTIC: [8] A session had already been started - ignoring session_start() D:\wm\ThinkPHP\Common\functions.php 第 1263 行.
SQL: SHOW COLUMNS FROM `et_user` [ RunTime:0.0261s ]
SQL: SELECT `username`,`mobile`,`head_photo` FROM `et_user` WHERE `uid` = 62 LIMIT 1   [ RunTime:0.0003s ]

[ 2017-10-02T15:46:58+08:00 ] 120.20.174.10 /index.php/home/shop/shoplist
INFO: [ app_init ] --START--
INFO: Run Behavior\BuildLiteBehavior [ RunTime:0.000016s ]
INFO: [ app_init ] --END-- [ RunTime:0.000326s ]
INFO: [ app_begin ] --START--
INFO: Run Behavior\ReadHtmlCacheBehavior [ RunTime:0.000474s ]
INFO: [ app_begin ] --END-- [ RunTime:0.000539s ]
NOTIC: [8] A session had already been started - ignoring session_start() D:\wm\ThinkPHP\Common\functions.php 第 1263 行.
SQL: SHOW COLUMNS FROM `et_shopmessage` [ RunTime:0.0031s ]
SQL: SELECT * FROM `et_shopmessage` WHERE `state` IN ('1','2') ORDER BY shopid desc LIMIT 0,15   [ RunTime:0.0005s ]
SQL: SHOW COLUMNS FROM `et_category` [ RunTime:0.0015s ]
SQL: SELECT `cid`,`cname` FROM `et_category` WHERE `shopid` = 59 ORDER BY num desc LIMIT 3   [ RunTime:0.0004s ]
SQL: SELECT `cid`,`cname` FROM `et_category` WHERE `shopid` = 58 ORDER BY num desc LIMIT 3   [ RunTime:0.0004s ]
SQL: SELECT `cid`,`cname` FROM `et_category` WHERE `shopid` = 57 ORDER BY num desc LIMIT 3   [ RunTime:0.0003s ]
SQL: SELECT `cid`,`cname` FROM `et_category` WHERE `shopid` = 56 ORDER BY num desc LIMIT 3   [ RunTime:0.0004s ]
SQL: SELECT `cid`,`cname` FROM `et_category` WHERE `shopid` = 54 ORDER BY num desc LIMIT 3   [ RunTime:0.0003s ]
SQL: SELECT `cid`,`cname` FROM `et_category` WHERE `shopid` = 53 ORDER BY num desc LIMIT 3   [ RunTime:0.0003s ]
SQL: SELECT `cid`,`cname` FROM `et_category` WHERE `shopid` = 52 ORDER BY num desc LIMIT 3   [ RunTime:0.0003s ]
SQL: SELECT `cid`,`cname` FROM `et_category` WHERE `shopid` = 51 ORDER BY num desc LIMIT 3   [ RunTime:0.0004s ]
SQL: SELECT `cid`,`cname` FROM `et_category` WHERE `shopid` = 50 ORDER BY num desc LIMIT 3   [ RunTime:0.0003s ]
SQL: SELECT `cid`,`cname` FROM `et_category` WHERE `shopid` = 13 ORDER BY num desc LIMIT 3   [ RunTime:0.0003s ]
SQL: SELECT `shopid`,`shopphoto` FROM `et_shopmessage` WHERE `state` IN ('1','2') AND `states` = 2 LIMIT 4   [ RunTime:0.0002s ]

[ 2017-10-02T15:47:03+08:00 ] 120.20.174.10 /index.php/home/shop/shoplist
INFO: [ app_init ] --START--
INFO: Run Behavior\BuildLiteBehavior [ RunTime:0.000016s ]
INFO: [ app_init ] --END-- [ RunTime:0.000364s ]
INFO: [ app_begin ] --START--
INFO: Run Behavior\ReadHtmlCacheBehavior [ RunTime:0.000461s ]
INFO: [ app_begin ] --END-- [ RunTime:0.000516s ]
NOTIC: [8] A session had already been started - ignoring session_start() D:\wm\ThinkPHP\Common\functions.php 第 1263 行.
SQL: SHOW COLUMNS FROM `et_shopmessage` [ RunTime:0.0032s ]
SQL: SELECT * FROM `et_shopmessage` WHERE `state` IN ('1','2') ORDER BY shopid desc LIMIT 15,15   [ RunTime:0.0005s ]
SQL: SELECT `shopid`,`shopphoto` FROM `et_shopmessage` WHERE `state` IN ('1','2') AND `states` = 2 LIMIT 4   [ RunTime:0.0002s ]
NOTIC: [2] array_multisort(): Argument #1 is expected to be an array or a sort flag D:\wm\Application\Home\Controller\ShopController.class.php 第 50 行.

[ 2017-10-02T15:47:08+08:00 ] 120.20.174.10 /index.php/home/shop/shoplist
INFO: [ app_init ] --START--
INFO: Run Behavior\BuildLiteBehavior [ RunTime:0.000024s ]
INFO: [ app_init ] --END-- [ RunTime:0.000334s ]
INFO: [ app_begin ] --START--
INFO: Run Behavior\ReadHtmlCacheBehavior [ RunTime:0.000443s ]
INFO: [ app_begin ] --END-- [ RunTime:0.000497s ]
NOTIC: [8] A session had already been started - ignoring session_start() D:\wm\ThinkPHP\Common\functions.php 第 1263 行.
SQL: SHOW COLUMNS FROM `et_shopmessage` [ RunTime:0.0028s ]
SQL: SELECT * FROM `et_shopmessage` WHERE `state` IN ('1','2') ORDER BY shopid desc LIMIT 15,15   [ RunTime:0.0004s ]
SQL: SELECT `shopid`,`shopphoto` FROM `et_shopmessage` WHERE `state` IN ('1','2') AND `states` = 2 LIMIT 4   [ RunTime:0.0002s ]
NOTIC: [2] array_multisort(): Argument #1 is expected to be an array or a sort flag D:\wm\Application\Home\Controller\ShopController.class.php 第 50 行.

[ 2017-10-02T15:47:10+08:00 ] 120.20.174.10 /index.php/home/shop/menulist
INFO: [ app_init ] --START--
INFO: Run Behavior\BuildLiteBehavior [ RunTime:0.000015s ]
INFO: [ app_init ] --END-- [ RunTime:0.000456s ]
INFO: [ app_begin ] --START--
INFO: Run Behavior\ReadHtmlCacheBehavior [ RunTime:0.000351s ]
INFO: [ app_begin ] --END-- [ RunTime:0.000406s ]
NOTIC: [8] A session had already been started - ignoring session_start() D:\wm\ThinkPHP\Common\functions.php 第 1263 行.
SQL: SHOW COLUMNS FROM `et_category` [ RunTime:0.0035s ]
SQL: SELECT * FROM `et_category` WHERE `shopid` = 58  [ RunTime:0.0006s ]
SQL: SHOW COLUMNS FROM `et_shopgoods` [ RunTime:0.0025s ]
SQL: SELECT * FROM `et_shopgoods` WHERE `shopid` = 58 AND `cid` = 280  [ RunTime:0.0012s ]
SQL: SELECT * FROM `et_shopgoods` WHERE `shopid` = 58 AND `cid` = 281  [ RunTime:0.0012s ]
SQL: SELECT * FROM `et_shopgoods` WHERE `shopid` = 58 AND `cid` = 282  [ RunTime:0.0011s ]
SQL: SELECT * FROM `et_shopgoods` WHERE `shopid` = 58 AND `cid` = 283  [ RunTime:0.0011s ]
SQL: SELECT * FROM `et_shopgoods` WHERE `shopid` = 58 AND `cid` = 284  [ RunTime:0.0011s ]
SQL: SELECT * FROM `et_shopgoods` WHERE `shopid` = 58 AND `cid` = 285  [ RunTime:0.0011s ]
SQL: SELECT * FROM `et_shopgoods` WHERE `shopid` = 58 AND `cid` = 286  [ RunTime:0.0016s ]
SQL: SELECT * FROM `et_shopgoods` WHERE `shopid` = 58 AND `cid` = 287  [ RunTime:0.0014s ]
SQL: SELECT * FROM `et_shopgoods` WHERE `shopid` = 58 AND `cid` = 288  [ RunTime:0.0011s ]
SQL: SELECT * FROM `et_shopgoods` WHERE `shopid` = 58 AND `cid` = 289  [ RunTime:0.0011s ]
SQL: SHOW COLUMNS FROM `et_shopmessage` [ RunTime:0.0019s ]
SQL: SELECT `shopname`,`shopphoto`,`mobile`,`content`,`shophead`,`state`,`detailed_address`,`coordinate`,`gotime`,`long`,`maxprice`,`maxlong`,`lkmoney` FROM `et_shopmessage` WHERE `shopid` = 58 LIMIT 1   [ RunTime:0.0003s ]
SQL: SHOW COLUMNS FROM `et_evaluate` [ RunTime:0.0037s ]
NOTIC: [8] Undefined index: limit D:\wm\ThinkPHP\Library\Think\Db\Driver.class.php 第 961 行.
SQL: SELECT * FROM `et_evaluate` WHERE `shopid` = 58 LIMIT 0,20   [ RunTime:0.0003s ]

[ 2017-10-02T15:47:19+08:00 ] 120.20.174.10 /index.php/home/user/personal_center
INFO: [ app_init ] --START--
INFO: Run Behavior\BuildLiteBehavior [ RunTime:0.000024s ]
INFO: [ app_init ] --END-- [ RunTime:0.000487s ]
INFO: [ app_begin ] --START--
INFO: Run Behavior\ReadHtmlCacheBehavior [ RunTime:0.000391s ]
INFO: [ app_begin ] --END-- [ RunTime:0.000451s ]
NOTIC: [8] A session had already been started - ignoring session_start() D:\wm\ThinkPHP\Common\functions.php 第 1263 行.
SQL: SHOW COLUMNS FROM `et_user` [ RunTime:0.0017s ]
SQL: SELECT `username`,`mobile`,`head_photo` FROM `et_user` WHERE `uid` = 62 LIMIT 1   [ RunTime:0.0003s ]

[ 2017-10-02T15:47:20+08:00 ] 120.20.174.10 /index.php/home/shop/shoplist
INFO: [ app_init ] --START--
INFO: Run Behavior\BuildLiteBehavior [ RunTime:0.000025s ]
INFO: [ app_init ] --END-- [ RunTime:0.000377s ]
INFO: [ app_begin ] --START--
INFO: Run Behavior\ReadHtmlCacheBehavior [ RunTime:0.000510s ]
INFO: [ app_begin ] --END-- [ RunTime:0.000569s ]
NOTIC: [8] A session had already been started - ignoring session_start() D:\wm\ThinkPHP\Common\functions.php 第 1263 行.
SQL: SHOW COLUMNS FROM `et_shopmessage` [ RunTime:0.0031s ]
SQL: SELECT * FROM `et_shopmessage` WHERE `state` IN ('1','2') ORDER BY shopid desc LIMIT 15,15   [ RunTime:0.0005s ]
SQL: SELECT `shopid`,`shopphoto` FROM `et_shopmessage` WHERE `state` IN ('1','2') AND `states` = 2 LIMIT 4   [ RunTime:0.0003s ]
NOTIC: [2] array_multisort(): Argument #1 is expected to be an array or a sort flag D:\wm\Application\Home\Controller\ShopController.class.php 第 50 行.

[ 2017-10-02T15:55:38+08:00 ] 120.20.174.10 /index.php/home/shop/shoplist
INFO: [ app_init ] --START--
INFO: Run Behavior\BuildLiteBehavior [ RunTime:0.000025s ]
INFO: [ app_init ] --END-- [ RunTime:0.000458s ]
INFO: [ app_begin ] --START--
INFO: Run Behavior\ReadHtmlCacheBehavior [ RunTime:0.000506s ]
INFO: [ app_begin ] --END-- [ RunTime:0.000575s ]
NOTIC: [8] A session had already been started - ignoring session_start() D:\wm\ThinkPHP\Common\functions.php 第 1263 行.
SQL: SHOW COLUMNS FROM `et_shopmessage` [ RunTime:0.4578s ]
SQL: SELECT * FROM `et_shopmessage` WHERE `state` IN ('1','2') ORDER BY shopid desc LIMIT 0,15   [ RunTime:0.0005s ]
SQL: SHOW COLUMNS FROM `et_category` [ RunTime:0.0023s ]
SQL: SELECT `cid`,`cname` FROM `et_category` WHERE `shopid` = 59 ORDER BY num desc LIMIT 3   [ RunTime:0.0003s ]
SQL: SELECT `cid`,`cname` FROM `et_category` WHERE `shopid` = 58 ORDER BY num desc LIMIT 3   [ RunTime:0.0003s ]
SQL: SELECT `cid`,`cname` FROM `et_category` WHERE `shopid` = 57 ORDER BY num desc LIMIT 3   [ RunTime:0.0003s ]
SQL: SELECT `cid`,`cname` FROM `et_category` WHERE `shopid` = 56 ORDER BY num desc LIMIT 3   [ RunTime:0.0003s ]
SQL: SELECT `cid`,`cname` FROM `et_category` WHERE `shopid` = 54 ORDER BY num desc LIMIT 3   [ RunTime:0.0003s ]
SQL: SELECT `cid`,`cname` FROM `et_category` WHERE `shopid` = 53 ORDER BY num desc LIMIT 3   [ RunTime:0.0003s ]
SQL: SELECT `cid`,`cname` FROM `et_category` WHERE `shopid` = 52 ORDER BY num desc LIMIT 3   [ RunTime:0.0003s ]
SQL: SELECT `cid`,`cname` FROM `et_category` WHERE `shopid` = 51 ORDER BY num desc LIMIT 3   [ RunTime:0.0003s ]
SQL: SELECT `cid`,`cname` FROM `et_category` WHERE `shopid` = 50 ORDER BY num desc LIMIT 3   [ RunTime:0.0003s ]
SQL: SELECT `cid`,`cname` FROM `et_category` WHERE `shopid` = 13 ORDER BY num desc LIMIT 3   [ RunTime:0.0003s ]
SQL: SELECT `shopid`,`shopphoto` FROM `et_shopmessage` WHERE `state` IN ('1','2') AND `states` = 2 LIMIT 4   [ RunTime:0.0003s ]

[ 2017-10-02T15:55:38+08:00 ] 120.20.174.10 /index.php/home/user/personal_center
INFO: [ app_init ] --START--
INFO: Run Behavior\BuildLiteBehavior [ RunTime:0.000022s ]
INFO: [ app_init ] --END-- [ RunTime:0.000414s ]
INFO: [ app_begin ] --START--
INFO: Run Behavior\ReadHtmlCacheBehavior [ RunTime:0.000497s ]
INFO: [ app_begin ] --END-- [ RunTime:0.000553s ]
NOTIC: [8] A session had already been started - ignoring session_start() D:\wm\ThinkPHP\Common\functions.php 第 1263 行.
SQL: SHOW COLUMNS FROM `et_user` [ RunTime:0.9956s ]
SQL: SELECT `username`,`mobile`,`head_photo` FROM `et_user` WHERE `uid` = 62 LIMIT 1   [ RunTime:0.0002s ]

[ 2017-10-02T15:57:28+08:00 ] 129.127.113.238 /index.php/home/user/personal_center
INFO: [ app_init ] --START--
INFO: Run Behavior\BuildLiteBehavior [ RunTime:0.000018s ]
INFO: [ app_init ] --END-- [ RunTime:0.000406s ]
INFO: [ app_begin ] --START--
INFO: Run Behavior\ReadHtmlCacheBehavior [ RunTime:0.000670s ]
INFO: [ app_begin ] --END-- [ RunTime:0.000731s ]
NOTIC: [8] A session had already been started - ignoring session_start() D:\wm\ThinkPHP\Common\functions.php 第 1263 行.
SQL: SHOW COLUMNS FROM `et_user` [ RunTime:0.0036s ]
SQL: SELECT `username`,`mobile`,`head_photo` FROM `et_user` WHERE `uid` = 70 LIMIT 1   [ RunTime:0.0446s ]

[ 2017-10-02T15:57:30+08:00 ] 129.127.113.238 /index.php/home/shop/shoplist
INFO: [ app_init ] --START--
INFO: Run Behavior\BuildLiteBehavior [ RunTime:0.000069s ]
INFO: [ app_init ] --END-- [ RunTime:0.000345s ]
INFO: [ app_begin ] --START--
INFO: Run Behavior\ReadHtmlCacheBehavior [ RunTime:0.000432s ]
INFO: [ app_begin ] --END-- [ RunTime:0.000486s ]
NOTIC: [8] A session had already been started - ignoring session_start() D:\wm\ThinkPHP\Common\functions.php 第 1263 行.
SQL: SHOW COLUMNS FROM `et_shopmessage` [ RunTime:0.0036s ]
SQL: SELECT * FROM `et_shopmessage` WHERE `state` IN ('1','2') ORDER BY shopid desc LIMIT 0,15   [ RunTime:0.0005s ]
SQL: SHOW COLUMNS FROM `et_category` [ RunTime:0.0020s ]
SQL: SELECT `cid`,`cname` FROM `et_category` WHERE `shopid` = 59 ORDER BY num desc LIMIT 3   [ RunTime:0.0003s ]
SQL: SELECT `cid`,`cname` FROM `et_category` WHERE `shopid` = 58 ORDER BY num desc LIMIT 3   [ RunTime:0.0003s ]
SQL: SELECT `cid`,`cname` FROM `et_category` WHERE `shopid` = 57 ORDER BY num desc LIMIT 3   [ RunTime:0.0003s ]
SQL: SELECT `cid`,`cname` FROM `et_category` WHERE `shopid` = 56 ORDER BY num desc LIMIT 3   [ RunTime:0.0003s ]
SQL: SELECT `cid`,`cname` FROM `et_category` WHERE `shopid` = 54 ORDER BY num desc LIMIT 3   [ RunTime:0.0003s ]
SQL: SELECT `cid`,`cname` FROM `et_category` WHERE `shopid` = 53 ORDER BY num desc LIMIT 3   [ RunTime:0.0003s ]
SQL: SELECT `cid`,`cname` FROM `et_category` WHERE `shopid` = 52 ORDER BY num desc LIMIT 3   [ RunTime:0.0003s ]
SQL: SELECT `cid`,`cname` FROM `et_category` WHERE `shopid` = 51 ORDER BY num desc LIMIT 3   [ RunTime:0.0003s ]
SQL: SELECT `cid`,`cname` FROM `et_category` WHERE `shopid` = 50 ORDER BY num desc LIMIT 3   [ RunTime:0.0003s ]
SQL: SELECT `cid`,`cname` FROM `et_category` WHERE `shopid` = 13 ORDER BY num desc LIMIT 3   [ RunTime:0.0004s ]
SQL: SELECT `shopid`,`shopphoto` FROM `et_shopmessage` WHERE `state` IN ('1','2') AND `states` = 2 LIMIT 4   [ RunTime:0.0002s ]

[ 2017-10-02T15:57:38+08:00 ] 120.20.174.10 /index.php/home/shop/shoplist
INFO: [ app_init ] --START--
INFO: Run Behavior\BuildLiteBehavior [ RunTime:0.000024s ]
INFO: [ app_init ] --END-- [ RunTime:0.000338s ]
INFO: [ app_begin ] --START--
INFO: Run Behavior\ReadHtmlCacheBehavior [ RunTime:0.000443s ]
INFO: [ app_begin ] --END-- [ RunTime:0.000502s ]
NOTIC: [8] A session had already been started - ignoring session_start() D:\wm\ThinkPHP\Common\functions.php 第 1263 行.
SQL: SHOW COLUMNS FROM `et_shopmessage` [ RunTime:0.7882s ]
SQL: SELECT * FROM `et_shopmessage` WHERE `state` IN ('1','2') ORDER BY shopid desc LIMIT 0,15   [ RunTime:0.0007s ]
SQL: SHOW COLUMNS FROM `et_category` [ RunTime:0.0034s ]
SQL: SELECT `cid`,`cname` FROM `et_category` WHERE `shopid` = 59 ORDER BY num desc LIMIT 3   [ RunTime:0.0004s ]
SQL: SELECT `cid`,`cname` FROM `et_category` WHERE `shopid` = 58 ORDER BY num desc LIMIT 3   [ RunTime:0.0004s ]
SQL: SELECT `cid`,`cname` FROM `et_category` WHERE `shopid` = 57 ORDER BY num desc LIMIT 3   [ RunTime:0.0005s ]
SQL: SELECT `cid`,`cname` FROM `et_category` WHERE `shopid` = 56 ORDER BY num desc LIMIT 3   [ RunTime:0.0004s ]
SQL: SELECT `cid`,`cname` FROM `et_category` WHERE `shopid` = 54 ORDER BY num desc LIMIT 3   [ RunTime:0.0004s ]
SQL: SELECT `cid`,`cname` FROM `et_category` WHERE `shopid` = 53 ORDER BY num desc LIMIT 3   [ RunTime:0.0005s ]
SQL: SELECT `cid`,`cname` FROM `et_category` WHERE `shopid` = 52 ORDER BY num desc LIMIT 3   [ RunTime:0.0005s ]
SQL: SELECT `cid`,`cname` FROM `et_category` WHERE `shopid` = 51 ORDER BY num desc LIMIT 3   [ RunTime:0.0004s ]
SQL: SELECT `cid`,`cname` FROM `et_category` WHERE `shopid` = 50 ORDER BY num desc LIMIT 3   [ RunTime:0.0004s ]
SQL: SELECT `cid`,`cname` FROM `et_category` WHERE `shopid` = 13 ORDER BY num desc LIMIT 3   [ RunTime:0.0005s ]
SQL: SELECT `shopid`,`shopphoto` FROM `et_shopmessage` WHERE `state` IN ('1','2') AND `states` = 2 LIMIT 4   [ RunTime:0.0004s ]

[ 2017-10-02T15:57:38+08:00 ] 120.20.174.10 /index.php/home/user/personal_center
INFO: [ app_init ] --START--
INFO: Run Behavior\BuildLiteBehavior [ RunTime:0.000017s ]
INFO: [ app_init ] --END-- [ RunTime:0.000310s ]
INFO: [ app_begin ] --START--
INFO: Run Behavior\ReadHtmlCacheBehavior [ RunTime:0.000456s ]
INFO: [ app_begin ] --END-- [ RunTime:0.000516s ]
NOTIC: [8] A session had already been started - ignoring session_start() D:\wm\ThinkPHP\Common\functions.php 第 1263 行.
SQL: SHOW COLUMNS FROM `et_user` [ RunTime:0.2459s ]
SQL: SELECT `username`,`mobile`,`head_photo` FROM `et_user` WHERE `uid` = 62 LIMIT 1   [ RunTime:0.0003s ]

[ 2017-10-02T15:57:51+08:00 ] 129.127.113.238 /index.php/home/user/personal_center
INFO: [ app_init ] --START--
INFO: Run Behavior\BuildLiteBehavior [ RunTime:0.000018s ]
INFO: [ app_init ] --END-- [ RunTime:0.000336s ]
INFO: [ app_begin ] --START--
INFO: Run Behavior\ReadHtmlCacheBehavior [ RunTime:0.000500s ]
INFO: [ app_begin ] --END-- [ RunTime:0.000565s ]
NOTIC: [8] A session had already been started - ignoring session_start() D:\wm\ThinkPHP\Common\functions.php 第 1263 行.
SQL: SHOW COLUMNS FROM `et_user` [ RunTime:0.0029s ]
SQL: SELECT `username`,`mobile`,`head_photo` FROM `et_user` WHERE `uid` = 70 LIMIT 1   [ RunTime:0.0003s ]

[ 2017-10-02T15:57:52+08:00 ] 129.127.113.238 /index.php/home/shop/menulist
INFO: [ app_init ] --START--
INFO: Run Behavior\BuildLiteBehavior [ RunTime:0.000023s ]
INFO: [ app_init ] --END-- [ RunTime:0.000447s ]
INFO: [ app_begin ] --START--
INFO: Run Behavior\ReadHtmlCacheBehavior [ RunTime:0.000720s ]
INFO: [ app_begin ] --END-- [ RunTime:0.000793s ]
NOTIC: [8] A session had already been started - ignoring session_start() D:\wm\ThinkPHP\Common\functions.php 第 1263 行.
SQL: SHOW COLUMNS FROM `et_category` [ RunTime:0.0032s ]
SQL: SELECT * FROM `et_category` WHERE `shopid` = 51  [ RunTime:0.0005s ]
SQL: SHOW COLUMNS FROM `et_shopgoods` [ RunTime:0.0021s ]
SQL: SELECT * FROM `et_shopgoods` WHERE `shopid` = 51 AND `cid` = 189  [ RunTime:0.0021s ]
SQL: SELECT * FROM `et_shopgoods` WHERE `shopid` = 51 AND `cid` = 190  [ RunTime:0.0018s ]
SQL: SELECT * FROM `et_shopgoods` WHERE `shopid` = 51 AND `cid` = 191  [ RunTime:0.0017s ]
SQL: SELECT * FROM `et_shopgoods` WHERE `shopid` = 51 AND `cid` = 192  [ RunTime:0.0012s ]
SQL: SELECT * FROM `et_shopgoods` WHERE `shopid` = 51 AND `cid` = 193  [ RunTime:0.0012s ]
SQL: SELECT * FROM `et_shopgoods` WHERE `shopid` = 51 AND `cid` = 194  [ RunTime:0.0012s ]
SQL: SELECT * FROM `et_shopgoods` WHERE `shopid` = 51 AND `cid` = 195  [ RunTime:0.0012s ]
SQL: SELECT * FROM `et_shopgoods` WHERE `shopid` = 51 AND `cid` = 196  [ RunTime:0.0012s ]
SQL: SELECT * FROM `et_shopgoods` WHERE `shopid` = 51 AND `cid` = 197  [ RunTime:0.0013s ]
SQL: SELECT * FROM `et_shopgoods` WHERE `shopid` = 51 AND `cid` = 198  [ RunTime:0.0013s ]
SQL: SELECT * FROM `et_shopgoods` WHERE `shopid` = 51 AND `cid` = 199  [ RunTime:0.0012s ]
SQL: SELECT * FROM `et_shopgoods` WHERE `shopid` = 51 AND `cid` = 200  [ RunTime:0.0012s ]
SQL: SELECT * FROM `et_shopgoods` WHERE `shopid` = 51 AND `cid` = 201  [ RunTime:0.0012s ]
SQL: SELECT * FROM `et_shopgoods` WHERE `shopid` = 51 AND `cid` = 202  [ RunTime:0.0012s ]
SQL: SELECT * FROM `et_shopgoods` WHERE `shopid` = 51 AND `cid` = 203  [ RunTime:0.0013s ]
SQL: SELECT * FROM `et_shopgoods` WHERE `shopid` = 51 AND `cid` = 204  [ RunTime:0.0012s ]
SQL: SELECT * FROM `et_shopgoods` WHERE `shopid` = 51 AND `cid` = 205  [ RunTime:0.0013s ]
SQL: SELECT * FROM `et_shopgoods` WHERE `shopid` = 51 AND `cid` = 206  [ RunTime:0.0012s ]
SQL: SHOW COLUMNS FROM `et_shopmessage` [ RunTime:0.0022s ]
SQL: SELECT `shopname`,`shopphoto`,`mobile`,`content`,`shophead`,`state`,`detailed_address`,`coordinate`,`gotime`,`long`,`maxprice`,`maxlong`,`lkmoney` FROM `et_shopmessage` WHERE `shopid` = 51 LIMIT 1   [ RunTime:0.0003s ]
SQL: SHOW COLUMNS FROM `et_evaluate` [ RunTime:0.0020s ]
NOTIC: [8] Undefined index: limit D:\wm\ThinkPHP\Library\Think\Db\Driver.class.php 第 961 行.
SQL: SELECT * FROM `et_evaluate` WHERE `shopid` = 51 LIMIT 0,20   [ RunTime:0.0002s ]

[ 2017-10-02T15:58:13+08:00 ] 129.127.113.238 /index.php/home/user/personal_center
INFO: [ app_init ] --START--
INFO: Run Behavior\BuildLiteBehavior [ RunTime:0.000023s ]
INFO: [ app_init ] --END-- [ RunTime:0.000487s ]
INFO: [ app_begin ] --START--
INFO: Run Behavior\ReadHtmlCacheBehavior [ RunTime:0.000427s ]
INFO: [ app_begin ] --END-- [ RunTime:0.000491s ]
NOTIC: [8] A session had already been started - ignoring session_start() D:\wm\ThinkPHP\Common\functions.php 第 1263 行.
SQL: SHOW COLUMNS FROM `et_user` [ RunTime:0.3181s ]
SQL: SELECT `username`,`mobile`,`head_photo` FROM `et_user` WHERE `uid` = 70 LIMIT 1   [ RunTime:0.0004s ]

[ 2017-10-02T15:58:16+08:00 ] 129.127.113.238 /index.php/home/shop/menulist
INFO: [ app_init ] --START--
INFO: Run Behavior\BuildLiteBehavior [ RunTime:0.000025s ]
INFO: [ app_init ] --END-- [ RunTime:0.000475s ]
INFO: [ app_begin ] --START--
INFO: Run Behavior\ReadHtmlCacheBehavior [ RunTime:0.000601s ]
INFO: [ app_begin ] --END-- [ RunTime:0.000682s ]
NOTIC: [8] A session had already been started - ignoring session_start() D:\wm\ThinkPHP\Common\functions.php 第 1263 行.
SQL: SHOW COLUMNS FROM `et_category` [ RunTime:0.0027s ]
SQL: SELECT * FROM `et_category` WHERE `shopid` = 51  [ RunTime:0.0004s ]
SQL: SHOW COLUMNS FROM `et_shopgoods` [ RunTime:0.0019s ]
SQL: SELECT * FROM `et_shopgoods` WHERE `shopid` = 51 AND `cid` = 189  [ RunTime:0.0013s ]
SQL: SELECT * FROM `et_shopgoods` WHERE `shopid` = 51 AND `cid` = 190  [ RunTime:0.0012s ]
SQL: SELECT * FROM `et_shopgoods` WHERE `shopid` = 51 AND `cid` = 191  [ RunTime:0.0012s ]
SQL: SELECT * FROM `et_shopgoods` WHERE `shopid` = 51 AND `cid` = 192  [ RunTime:0.0013s ]
SQL: SELECT * FROM `et_shopgoods` WHERE `shopid` = 51 AND `cid` = 193  [ RunTime:0.0013s ]
SQL: SELECT * FROM `et_shopgoods` WHERE `shopid` = 51 AND `cid` = 194  [ RunTime:0.0013s ]
SQL: SELECT * FROM `et_shopgoods` WHERE `shopid` = 51 AND `cid` = 195  [ RunTime:0.0017s ]
SQL: SELECT * FROM `et_shopgoods` WHERE `shopid` = 51 AND `cid` = 196  [ RunTime:0.0019s ]
SQL: SELECT * FROM `et_shopgoods` WHERE `shopid` = 51 AND `cid` = 197  [ RunTime:0.0014s ]
SQL: SELECT * FROM `et_shopgoods` WHERE `shopid` = 51 AND `cid` = 198  [ RunTime:0.0012s ]
SQL: SELECT * FROM `et_shopgoods` WHERE `shopid` = 51 AND `cid` = 199  [ RunTime:0.0012s ]
SQL: SELECT * FROM `et_shopgoods` WHERE `shopid` = 51 AND `cid` = 200  [ RunTime:0.0012s ]
SQL: SELECT * FROM `et_shopgoods` WHERE `shopid` = 51 AND `cid` = 201  [ RunTime:0.0012s ]
SQL: SELECT * FROM `et_shopgoods` WHERE `shopid` = 51 AND `cid` = 202  [ RunTime:0.0014s ]
SQL: SELECT * FROM `et_shopgoods` WHERE `shopid` = 51 AND `cid` = 203  [ RunTime:0.0012s ]
SQL: SELECT * FROM `et_shopgoods` WHERE `shopid` = 51 AND `cid` = 204  [ RunTime:0.0012s ]
SQL: SELECT * FROM `et_shopgoods` WHERE `shopid` = 51 AND `cid` = 205  [ RunTime:0.0012s ]
SQL: SELECT * FROM `et_shopgoods` WHERE `shopid` = 51 AND `cid` = 206  [ RunTime:0.0013s ]
SQL: SHOW COLUMNS FROM `et_shopmessage` [ RunTime:0.0027s ]
SQL: SELECT `shopname`,`shopphoto`,`mobile`,`content`,`shophead`,`state`,`detailed_address`,`coordinate`,`gotime`,`long`,`maxprice`,`maxlong`,`lkmoney` FROM `et_shopmessage` WHERE `shopid` = 51 LIMIT 1   [ RunTime:0.0003s ]
SQL: SHOW COLUMNS FROM `et_evaluate` [ RunTime:0.0016s ]
NOTIC: [8] Undefined index: limit D:\wm\ThinkPHP\Library\Think\Db\Driver.class.php 第 961 行.
SQL: SELECT * FROM `et_evaluate` WHERE `shopid` = 51 LIMIT 0,20   [ RunTime:0.0003s ]

[ 2017-10-02T15:58:17+08:00 ] 129.127.113.238 /index.php/home/shop/menulist
INFO: [ app_init ] --START--
INFO: Run Behavior\BuildLiteBehavior [ RunTime:0.000024s ]
INFO: [ app_init ] --END-- [ RunTime:0.000536s ]
INFO: [ app_begin ] --START--
INFO: Run Behavior\ReadHtmlCacheBehavior [ RunTime:0.000665s ]
INFO: [ app_begin ] --END-- [ RunTime:0.000813s ]
NOTIC: [8] A session had already been started - ignoring session_start() D:\wm\ThinkPHP\Common\functions.php 第 1263 行.
SQL: SHOW COLUMNS FROM `et_category` [ RunTime:0.0018s ]
SQL: SELECT * FROM `et_category` WHERE `shopid` = 50  [ RunTime:0.0004s ]
SQL: SHOW COLUMNS FROM `et_shopgoods` [ RunTime:0.0027s ]
SQL: SELECT * FROM `et_shopgoods` WHERE `shopid` = 50 AND `cid` = 174  [ RunTime:0.0015s ]
SQL: SELECT * FROM `et_shopgoods` WHERE `shopid` = 50 AND `cid` = 175  [ RunTime:0.0012s ]
SQL: SELECT * FROM `et_shopgoods` WHERE `shopid` = 50 AND `cid` = 176  [ RunTime:0.0014s ]
SQL: SELECT * FROM `et_shopgoods` WHERE `shopid` = 50 AND `cid` = 177  [ RunTime:0.0018s ]
SQL: SELECT * FROM `et_shopgoods` WHERE `shopid` = 50 AND `cid` = 178  [ RunTime:0.0019s ]
SQL: SELECT * FROM `et_shopgoods` WHERE `shopid` = 50 AND `cid` = 179  [ RunTime:0.0019s ]
SQL: SELECT * FROM `et_shopgoods` WHERE `shopid` = 50 AND `cid` = 180  [ RunTime:0.0014s ]
SQL: SELECT * FROM `et_shopgoods` WHERE `shopid` = 50 AND `cid` = 181  [ RunTime:0.0015s ]
SQL: SELECT * FROM `et_shopgoods` WHERE `shopid` = 50 AND `cid` = 182  [ RunTime:0.0018s ]
SQL: SELECT * FROM `et_shopgoods` WHERE `shopid` = 50 AND `cid` = 183  [ RunTime:0.0014s ]
SQL: SELECT * FROM `et_shopgoods` WHERE `shopid` = 50 AND `cid` = 184  [ RunTime:0.0014s ]
SQL: SELECT * FROM `et_shopgoods` WHERE `shopid` = 50 AND `cid` = 185  [ RunTime:0.0014s ]
SQL: SELECT * FROM `et_shopgoods` WHERE `shopid` = 50 AND `cid` = 186  [ RunTime:0.0013s ]
SQL: SELECT * FROM `et_shopgoods` WHERE `shopid` = 50 AND `cid` = 187  [ RunTime:0.0013s ]
SQL: SHOW COLUMNS FROM `et_shopmessage` [ RunTime:0.0023s ]
SQL: SELECT `shopname`,`shopphoto`,`mobile`,`content`,`shophead`,`state`,`detailed_address`,`coordinate`,`gotime`,`long`,`maxprice`,`maxlong`,`lkmoney` FROM `et_shopmessage` WHERE `shopid` = 50 LIMIT 1   [ RunTime:0.0003s ]
SQL: SHOW COLUMNS FROM `et_evaluate` [ RunTime:0.0025s ]
NOTIC: [8] Undefined index: limit D:\wm\ThinkPHP\Library\Think\Db\Driver.class.php 第 961 行.
SQL: SELECT * FROM `et_evaluate` WHERE `shopid` = 50 LIMIT 0,20   [ RunTime:0.0002s ]

[ 2017-10-02T15:58:22+08:00 ] 129.127.113.238 /index.php/home/user/personal_center
INFO: [ app_init ] --START--
INFO: Run Behavior\BuildLiteBehavior [ RunTime:0.000020s ]
INFO: [ app_init ] --END-- [ RunTime:0.000416s ]
INFO: [ app_begin ] --START--
INFO: Run Behavior\ReadHtmlCacheBehavior [ RunTime:0.000517s ]
INFO: [ app_begin ] --END-- [ RunTime:0.000594s ]
NOTIC: [8] A session had already been started - ignoring session_start() D:\wm\ThinkPHP\Common\functions.php 第 1263 行.
SQL: SHOW COLUMNS FROM `et_user` [ RunTime:0.0020s ]
SQL: SELECT `username`,`mobile`,`head_photo` FROM `et_user` WHERE `uid` = 70 LIMIT 1   [ RunTime:0.0003s ]

[ 2017-10-02T15:58:27+08:00 ] 129.127.113.238 /index.php/home/shop/menulist
INFO: [ app_init ] --START--
INFO: Run Behavior\BuildLiteBehavior [ RunTime:0.000017s ]
INFO: [ app_init ] --END-- [ RunTime:0.000369s ]
INFO: [ app_begin ] --START--
INFO: Run Behavior\ReadHtmlCacheBehavior [ RunTime:0.000501s ]
INFO: [ app_begin ] --END-- [ RunTime:0.000556s ]
NOTIC: [8] A session had already been started - ignoring session_start() D:\wm\ThinkPHP\Common\functions.php 第 1263 行.
SQL: SHOW COLUMNS FROM `et_category` [ RunTime:0.0018s ]
SQL: SELECT * FROM `et_category` WHERE `shopid` = 58  [ RunTime:0.0004s ]
SQL: SHOW COLUMNS FROM `et_shopgoods` [ RunTime:0.0025s ]
SQL: SELECT * FROM `et_shopgoods` WHERE `shopid` = 58 AND `cid` = 280  [ RunTime:0.0014s ]
SQL: SELECT * FROM `et_shopgoods` WHERE `shopid` = 58 AND `cid` = 281  [ RunTime:0.0013s ]
SQL: SELECT * FROM `et_shopgoods` WHERE `shopid` = 58 AND `cid` = 282  [ RunTime:0.0013s ]
SQL: SELECT * FROM `et_shopgoods` WHERE `shopid` = 58 AND `cid` = 283  [ RunTime:0.0011s ]
SQL: SELECT * FROM `et_shopgoods` WHERE `shopid` = 58 AND `cid` = 284  [ RunTime:0.0013s ]
SQL: SELECT * FROM `et_shopgoods` WHERE `shopid` = 58 AND `cid` = 285  [ RunTime:0.0012s ]
SQL: SELECT * FROM `et_shopgoods` WHERE `shopid` = 58 AND `cid` = 286  [ RunTime:0.0012s ]
SQL: SELECT * FROM `et_shopgoods` WHERE `shopid` = 58 AND `cid` = 287  [ RunTime:0.0013s ]
SQL: SELECT * FROM `et_shopgoods` WHERE `shopid` = 58 AND `cid` = 288  [ RunTime:0.0013s ]
SQL: SELECT * FROM `et_shopgoods` WHERE `shopid` = 58 AND `cid` = 289  [ RunTime:0.0013s ]
SQL: SHOW COLUMNS FROM `et_shopmessage` [ RunTime:0.0032s ]
SQL: SELECT `shopname`,`shopphoto`,`mobile`,`content`,`shophead`,`state`,`detailed_address`,`coordinate`,`gotime`,`long`,`maxprice`,`maxlong`,`lkmoney` FROM `et_shopmessage` WHERE `shopid` = 58 LIMIT 1   [ RunTime:0.0003s ]
SQL: SHOW COLUMNS FROM `et_evaluate` [ RunTime:0.0022s ]
NOTIC: [8] Undefined index: limit D:\wm\ThinkPHP\Library\Think\Db\Driver.class.php 第 961 行.
SQL: SELECT * FROM `et_evaluate` WHERE `shopid` = 58 LIMIT 0,20   [ RunTime:0.0003s ]

[ 2017-10-02T15:58:36+08:00 ] 129.127.113.238 /index.php/home/user/personal_center
INFO: [ app_init ] --START--
INFO: Run Behavior\BuildLiteBehavior [ RunTime:0.000020s ]
INFO: [ app_init ] --END-- [ RunTime:0.000333s ]
INFO: [ app_begin ] --START--
INFO: Run Behavior\ReadHtmlCacheBehavior [ RunTime:0.000541s ]
INFO: [ app_begin ] --END-- [ RunTime:0.000597s ]
NOTIC: [8] A session had already been started - ignoring session_start() D:\wm\ThinkPHP\Common\functions.php 第 1263 行.
SQL: SHOW COLUMNS FROM `et_user` [ RunTime:0.0026s ]
SQL: SELECT `username`,`mobile`,`head_photo` FROM `et_user` WHERE `uid` = 70 LIMIT 1   [ RunTime:0.0003s ]

[ 2017-10-02T16:03:02+08:00 ] 120.20.174.10 /index.php/home/user/personal_center
INFO: [ app_init ] --START--
INFO: Run Behavior\BuildLiteBehavior [ RunTime:0.000027s ]
INFO: [ app_init ] --END-- [ RunTime:0.000407s ]
INFO: [ app_begin ] --START--
INFO: Run Behavior\ReadHtmlCacheBehavior [ RunTime:0.000537s ]
INFO: [ app_begin ] --END-- [ RunTime:0.000607s ]
NOTIC: [8] A session had already been started - ignoring session_start() D:\wm\ThinkPHP\Common\functions.php 第 1263 行.
SQL: SHOW COLUMNS FROM `et_user` [ RunTime:0.0036s ]
SQL: SELECT `username`,`mobile`,`head_photo` FROM `et_user` WHERE `uid` = 62 LIMIT 1   [ RunTime:0.0003s ]

[ 2017-10-02T16:03:02+08:00 ] 120.20.174.10 /index.php/home/shop/shoplist
INFO: [ app_init ] --START--
INFO: Run Behavior\BuildLiteBehavior [ RunTime:0.000026s ]
INFO: [ app_init ] --END-- [ RunTime:0.000420s ]
INFO: [ app_begin ] --START--
INFO: Run Behavior\ReadHtmlCacheBehavior [ RunTime:0.000556s ]
INFO: [ app_begin ] --END-- [ RunTime:0.000614s ]
NOTIC: [8] A session had already been started - ignoring session_start() D:\wm\ThinkPHP\Common\functions.php 第 1263 行.
SQL: SHOW COLUMNS FROM `et_shopmessage` [ RunTime:0.0032s ]
SQL: SELECT * FROM `et_shopmessage` WHERE `state` IN ('1','2') ORDER BY shopid desc LIMIT 0,15   [ RunTime:0.0006s ]
SQL: SHOW COLUMNS FROM `et_category` [ RunTime:0.0020s ]
SQL: SELECT `cid`,`cname` FROM `et_category` WHERE `shopid` = 59 ORDER BY num desc LIMIT 3   [ RunTime:0.0003s ]
SQL: SELECT `cid`,`cname` FROM `et_category` WHERE `shopid` = 58 ORDER BY num desc LIMIT 3   [ RunTime:0.0003s ]
SQL: SELECT `cid`,`cname` FROM `et_category` WHERE `shopid` = 57 ORDER BY num desc LIMIT 3   [ RunTime:0.0003s ]
SQL: SELECT `cid`,`cname` FROM `et_category` WHERE `shopid` = 56 ORDER BY num desc LIMIT 3   [ RunTime:0.0003s ]
SQL: SELECT `cid`,`cname` FROM `et_category` WHERE `shopid` = 54 ORDER BY num desc LIMIT 3   [ RunTime:0.0003s ]
SQL: SELECT `cid`,`cname` FROM `et_category` WHERE `shopid` = 53 ORDER BY num desc LIMIT 3   [ RunTime:0.0003s ]
SQL: SELECT `cid`,`cname` FROM `et_category` WHERE `shopid` = 52 ORDER BY num desc LIMIT 3   [ RunTime:0.0003s ]
SQL: SELECT `cid`,`cname` FROM `et_category` WHERE `shopid` = 51 ORDER BY num desc LIMIT 3   [ RunTime:0.0003s ]
SQL: SELECT `cid`,`cname` FROM `et_category` WHERE `shopid` = 50 ORDER BY num desc LIMIT 3   [ RunTime:0.0003s ]
SQL: SELECT `cid`,`cname` FROM `et_category` WHERE `shopid` = 13 ORDER BY num desc LIMIT 3   [ RunTime:0.0003s ]
SQL: SELECT `shopid`,`shopphoto` FROM `et_shopmessage` WHERE `state` IN ('1','2') AND `states` = 2 LIMIT 4   [ RunTime:0.0003s ]

[ 2017-10-02T16:03:18+08:00 ] 120.20.174.10 /index.php/home/shop/menulist
INFO: [ app_init ] --START--
INFO: Run Behavior\BuildLiteBehavior [ RunTime:0.000025s ]
INFO: [ app_init ] --END-- [ RunTime:0.000388s ]
INFO: [ app_begin ] --START--
INFO: Run Behavior\ReadHtmlCacheBehavior [ RunTime:0.000391s ]
INFO: [ app_begin ] --END-- [ RunTime:0.000445s ]
NOTIC: [8] A session had already been started - ignoring session_start() D:\wm\ThinkPHP\Common\functions.php 第 1263 行.
SQL: SHOW COLUMNS FROM `et_category` [ RunTime:0.0032s ]
SQL: SELECT * FROM `et_category` WHERE `shopid` = 51  [ RunTime:0.0004s ]
SQL: SHOW COLUMNS FROM `et_shopgoods` [ RunTime:0.0025s ]
SQL: SELECT * FROM `et_shopgoods` WHERE `shopid` = 51 AND `cid` = 189  [ RunTime:0.0012s ]
SQL: SELECT * FROM `et_shopgoods` WHERE `shopid` = 51 AND `cid` = 190  [ RunTime:0.0012s ]
SQL: SELECT * FROM `et_shopgoods` WHERE `shopid` = 51 AND `cid` = 191  [ RunTime:0.0012s ]
SQL: SELECT * FROM `et_shopgoods` WHERE `shopid` = 51 AND `cid` = 192  [ RunTime:0.0011s ]
SQL: SELECT * FROM `et_shopgoods` WHERE `shopid` = 51 AND `cid` = 193  [ RunTime:0.0013s ]
SQL: SELECT * FROM `et_shopgoods` WHERE `shopid` = 51 AND `cid` = 194  [ RunTime:0.0014s ]
SQL: SELECT * FROM `et_shopgoods` WHERE `shopid` = 51 AND `cid` = 195  [ RunTime:0.0013s ]
SQL: SELECT * FROM `et_shopgoods` WHERE `shopid` = 51 AND `cid` = 196  [ RunTime:0.0011s ]
SQL: SELECT * FROM `et_shopgoods` WHERE `shopid` = 51 AND `cid` = 197  [ RunTime:0.0012s ]
SQL: SELECT * FROM `et_shopgoods` WHERE `shopid` = 51 AND `cid` = 198  [ RunTime:0.0012s ]
SQL: SELECT * FROM `et_shopgoods` WHERE `shopid` = 51 AND `cid` = 199  [ RunTime:0.0012s ]
SQL: SELECT * FROM `et_shopgoods` WHERE `shopid` = 51 AND `cid` = 200  [ RunTime:0.0012s ]
SQL: SELECT * FROM `et_shopgoods` WHERE `shopid` = 51 AND `cid` = 201  [ RunTime:0.0011s ]
SQL: SELECT * FROM `et_shopgoods` WHERE `shopid` = 51 AND `cid` = 202  [ RunTime:0.0012s ]
SQL: SELECT * FROM `et_shopgoods` WHERE `shopid` = 51 AND `cid` = 203  [ RunTime:0.0012s ]
SQL: SELECT * FROM `et_shopgoods` WHERE `shopid` = 51 AND `cid` = 204  [ RunTime:0.0012s ]
SQL: SELECT * FROM `et_shopgoods` WHERE `shopid` = 51 AND `cid` = 205  [ RunTime:0.0015s ]
SQL: SELECT * FROM `et_shopgoods` WHERE `shopid` = 51 AND `cid` = 206  [ RunTime:0.0011s ]
SQL: SHOW COLUMNS FROM `et_shopmessage` [ RunTime:0.0023s ]
SQL: SELECT `shopname`,`shopphoto`,`mobile`,`content`,`shophead`,`state`,`detailed_address`,`coordinate`,`gotime`,`long`,`maxprice`,`maxlong`,`lkmoney` FROM `et_shopmessage` WHERE `shopid` = 51 LIMIT 1   [ RunTime:0.0003s ]
SQL: SHOW COLUMNS FROM `et_evaluate` [ RunTime:0.0022s ]
NOTIC: [8] Undefined index: limit D:\wm\ThinkPHP\Library\Think\Db\Driver.class.php 第 961 行.
SQL: SELECT * FROM `et_evaluate` WHERE `shopid` = 51 LIMIT 0,20   [ RunTime:0.0002s ]

[ 2017-10-02T18:02:35+08:00 ] 112.90.82.236 /index.php/home/shop/shoplist
INFO: [ app_init ] --START--
INFO: Run Behavior\BuildLiteBehavior [ RunTime:0.000021s ]
INFO: [ app_init ] --END-- [ RunTime:0.000333s ]
INFO: [ app_begin ] --START--
INFO: Run Behavior\ReadHtmlCacheBehavior [ RunTime:0.000541s ]
INFO: [ app_begin ] --END-- [ RunTime:0.000604s ]
NOTIC: [8] A session had already been started - ignoring session_start() D:\wm\ThinkPHP\Common\functions.php 第 1263 行.
INFO: [ app_end ] --START--
INFO: Run Behavior\ShowPageTraceBehavior [ RunTime:0.000511s ]
INFO: [ app_end ] --END-- [ RunTime:0.000574s ]

