[ 2017-06-29T16:49:25+08:00 ] 192.168.0.115 /index.php/uploads/d26954546bc972b28038d40ef6ba1fa6.png
INFO: [ app_init ] --START--
INFO: Run Behavior\BuildLiteBehavior [ RunTime:0.000000s ]
INFO: [ app_init ] --END-- [ RunTime:0.000000s ]
ERR: 无法加载模块:Uploads

[ 2017-06-29T16:50:06+08:00 ] 192.168.0.115 /index.php/uploads/d26954546bc972b28038d40ef6ba1fa6.png
INFO: [ app_init ] --START--
INFO: Run Behavior\BuildLiteBehavior [ RunTime:0.000000s ]
INFO: [ app_init ] --END-- [ RunTime:0.001000s ]
ERR: 无法加载模块:Uploads

[ 2017-06-29T16:50:29+08:00 ] 192.168.0.115 /index.php/uploads/d26954546bc972b28038d40ef6ba1fa6.png
INFO: [ app_init ] --START--
INFO: Run Behavior\BuildLiteBehavior [ RunTime:0.000000s ]
INFO: [ app_init ] --END-- [ RunTime:0.001000s ]
ERR: 无法加载模块:Uploads

[ 2017-06-29T16:50:30+08:00 ] 192.168.0.115 /index.php/uploads/d26954546bc972b28038d40ef6ba1fa6.png
INFO: [ app_init ] --START--
INFO: Run Behavior\BuildLiteBehavior [ RunTime:0.000000s ]
INFO: [ app_init ] --END-- [ RunTime:0.000000s ]
ERR: 无法加载模块:Uploads

[ 2017-06-29T16:51:50+08:00 ] 192.168.0.115 /index.php/uploads/d26954546bc972b28038d40ef6ba1fa6.png
INFO: [ app_init ] --START--
INFO: Run Behavior\BuildLiteBehavior [ RunTime:0.000000s ]
INFO: [ app_init ] --END-- [ RunTime:0.000000s ]
ERR: 无法加载模块:Uploads

[ 2017-06-29T16:51:50+08:00 ] 192.168.0.115 /index.php/uploads/d26954546bc972b28038d40ef6ba1fa6.png
INFO: [ app_init ] --START--
INFO: Run Behavior\BuildLiteBehavior [ RunTime:0.000000s ]
INFO: [ app_init ] --END-- [ RunTime:0.000000s ]
ERR: 无法加载模块:Uploads

[ 2017-06-29T16:53:39+08:00 ] 192.168.0.115 /index.php/%EF%BD%9B$v.shophead%7D
INFO: [ app_init ] --START--
INFO: Run Behavior\BuildLiteBehavior [ RunTime:0.000000s ]
INFO: [ app_init ] --END-- [ RunTime:0.000000s ]
ERR: 无法加载模块:｛$v

[ 2017-06-29T16:53:39+08:00 ] 192.168.0.115 /index.php/%EF%BD%9B$v.shophead%7D
INFO: [ app_init ] --START--
INFO: Run Behavior\BuildLiteBehavior [ RunTime:0.000000s ]
INFO: [ app_init ] --END-- [ RunTime:0.001000s ]
ERR: 无法加载模块:｛$v

[ 2017-06-29T16:55:01+08:00 ] 192.168.0.115 /index.php/uploads/d26954546bc972b28038d40ef6ba1fa6.png
INFO: [ app_init ] --START--
INFO: Run Behavior\BuildLiteBehavior [ RunTime:0.000000s ]
INFO: [ app_init ] --END-- [ RunTime:0.000000s ]
ERR: 无法加载模块:Uploads

[ 2017-06-29T16:56:12+08:00 ] 192.168.0.115 /index.php/uploads/d26954546bc972b28038d40ef6ba1fa6.png/
INFO: [ app_init ] --START--
INFO: Run Behavior\BuildLiteBehavior [ RunTime:0.000000s ]
INFO: [ app_init ] --END-- [ RunTime:0.000000s ]
ERR: 无法加载模块:Uploads

[ 2017-06-29T16:56:12+08:00 ] 192.168.0.115 /index.php/uploads/d26954546bc972b28038d40ef6ba1fa6.png/
INFO: [ app_init ] --START--
INFO: Run Behavior\BuildLiteBehavior [ RunTime:0.000000s ]
INFO: [ app_init ] --END-- [ RunTime:0.001000s ]
ERR: 无法加载模块:Uploads

[ 2017-06-29T16:58:27+08:00 ] 192.168.0.115 /index.php/uploads/d26954546bc972b28038d40ef6ba1fa6.png/
INFO: [ app_init ] --START--
INFO: Run Behavior\BuildLiteBehavior [ RunTime:0.000000s ]
INFO: [ app_init ] --END-- [ RunTime:0.000000s ]
ERR: 无法加载模块:Uploads

[ 2017-06-29T16:58:27+08:00 ] 192.168.0.115 /index.php/uploads/d26954546bc972b28038d40ef6ba1fa6.png/
INFO: [ app_init ] --START--
INFO: Run Behavior\BuildLiteBehavior [ RunTime:0.000000s ]
INFO: [ app_init ] --END-- [ RunTime:0.000000s ]
ERR: 无法加载模块:Uploads

[ 2017-06-29T17:01:35+08:00 ] 192.168.0.115 /index.php/uploads/d26954546bc972b28038d40ef6ba1fa6.png/
INFO: [ app_init ] --START--
INFO: Run Behavior\BuildLiteBehavior [ RunTime:0.000000s ]
INFO: [ app_init ] --END-- [ RunTime:0.000000s ]
ERR: 无法加载模块:Uploads

[ 2017-06-29T17:08:38+08:00 ] 192.168.0.115 /index.php/uploads/d26954546bc972b28038d40ef6ba1fa6.png/
INFO: [ app_init ] --START--
INFO: Run Behavior\BuildLiteBehavior [ RunTime:0.000000s ]
INFO: [ app_init ] --END-- [ RunTime:0.001000s ]
ERR: 无法加载模块:Uploads

[ 2017-06-29T17:09:17+08:00 ] 192.168.0.115 /index.php/$v.shophead
INFO: [ app_init ] --START--
INFO: Run Behavior\BuildLiteBehavior [ RunTime:0.000000s ]
INFO: [ app_init ] --END-- [ RunTime:0.001000s ]
ERR: 无法加载模块:$v

[ 2017-06-29T17:09:17+08:00 ] 192.168.0.115 /index.php/$v.shophead
INFO: [ app_init ] --START--
INFO: Run Behavior\BuildLiteBehavior [ RunTime:0.000000s ]
INFO: [ app_init ] --END-- [ RunTime:0.000000s ]
ERR: 无法加载模块:$v

[ 2017-06-29T17:09:17+08:00 ] 192.168.0.115 /index.php/uploads/d26954546bc972b28038d40ef6ba1fa6.png/
INFO: [ app_init ] --START--
INFO: Run Behavior\BuildLiteBehavior [ RunTime:0.000000s ]
INFO: [ app_init ] --END-- [ RunTime:0.008001s ]
ERR: 无法加载模块:Uploads

[ 2017-06-29T17:09:34+08:00 ] 192.168.0.115 /index.php/$v.shophead
INFO: [ app_init ] --START--
INFO: Run Behavior\BuildLiteBehavior [ RunTime:0.000000s ]
INFO: [ app_init ] --END-- [ RunTime:0.001000s ]
ERR: 无法加载模块:$v

[ 2017-06-29T17:09:34+08:00 ] 192.168.0.115 /index.php/$v.shophead
INFO: [ app_init ] --START--
INFO: Run Behavior\BuildLiteBehavior [ RunTime:0.000000s ]
INFO: [ app_init ] --END-- [ RunTime:0.001000s ]
ERR: 无法加载模块:$v

[ 2017-06-29T17:10:10+08:00 ] 192.168.0.115 /index.php/$v.shophead
INFO: [ app_init ] --START--
INFO: Run Behavior\BuildLiteBehavior [ RunTime:0.000000s ]
INFO: [ app_init ] --END-- [ RunTime:0.001000s ]
ERR: 无法加载模块:$v

[ 2017-06-29T17:10:10+08:00 ] 192.168.0.115 /index.php/uploads/d26954546bc972b28038d40ef6ba1fa6.png
INFO: [ app_init ] --START--
INFO: Run Behavior\BuildLiteBehavior [ RunTime:0.000000s ]
INFO: [ app_init ] --END-- [ RunTime:0.001000s ]
ERR: 无法加载模块:Uploads

[ 2017-06-29T17:10:10+08:00 ] 192.168.0.115 /index.php/uploads/d26954546bc972b28038d40ef6ba1fa6.png
INFO: [ app_init ] --START--
INFO: Run Behavior\BuildLiteBehavior [ RunTime:0.000000s ]
INFO: [ app_init ] --END-- [ RunTime:0.000000s ]
ERR: 无法加载模块:Uploads

[ 2017-06-29T17:10:10+08:00 ] 192.168.0.115 /index.php/$v.shophead
INFO: [ app_init ] --START--
INFO: Run Behavior\BuildLiteBehavior [ RunTime:0.000000s ]
INFO: [ app_init ] --END-- [ RunTime:0.001000s ]
ERR: 无法加载模块:$v

[ 2017-06-29T17:10:43+08:00 ] 192.168.0.115 /index.php/$v.shophead
INFO: [ app_init ] --START--
INFO: Run Behavior\BuildLiteBehavior [ RunTime:0.000000s ]
INFO: [ app_init ] --END-- [ RunTime:0.001000s ]
ERR: 无法加载模块:$v

[ 2017-06-29T17:10:55+08:00 ] 192.168.0.115 /index.php/$v.shophead
INFO: [ app_init ] --START--
INFO: Run Behavior\BuildLiteBehavior [ RunTime:0.000000s ]
INFO: [ app_init ] --END-- [ RunTime:0.001000s ]
ERR: 无法加载模块:$v

[ 2017-06-29T17:10:55+08:00 ] 192.168.0.115 /index.php/$v.shophead
INFO: [ app_init ] --START--
INFO: Run Behavior\BuildLiteBehavior [ RunTime:0.000000s ]
INFO: [ app_init ] --END-- [ RunTime:0.000000s ]
ERR: 无法加载模块:$v

[ 2017-06-29T17:11:06+08:00 ] 192.168.0.115 /index.php/$v.shophead/
INFO: [ app_init ] --START--
INFO: Run Behavior\BuildLiteBehavior [ RunTime:0.000000s ]
INFO: [ app_init ] --END-- [ RunTime:0.000000s ]
ERR: 无法加载模块:$v

[ 2017-06-29T17:11:07+08:00 ] 192.168.0.115 /index.php/$v.shophead
INFO: [ app_init ] --START--
INFO: Run Behavior\BuildLiteBehavior [ RunTime:0.000000s ]
INFO: [ app_init ] --END-- [ RunTime:0.001000s ]
ERR: 无法加载模块:$v

[ 2017-06-29T17:11:07+08:00 ] 192.168.0.115 /index.php/$v.shophead/
INFO: [ app_init ] --START--
INFO: Run Behavior\BuildLiteBehavior [ RunTime:0.000000s ]
INFO: [ app_init ] --END-- [ RunTime:0.000000s ]
ERR: 无法加载模块:$v

[ 2017-06-29T17:16:22+08:00 ] 192.168.0.115 /index.php/$v.shophead
INFO: [ app_init ] --START--
INFO: Run Behavior\BuildLiteBehavior [ RunTime:0.000000s ]
INFO: [ app_init ] --END-- [ RunTime:0.000000s ]
ERR: 无法加载模块:$v

[ 2017-06-29T17:16:22+08:00 ] 192.168.0.115 /index.php/v['shophead']
INFO: [ app_init ] --START--
INFO: Run Behavior\BuildLiteBehavior [ RunTime:0.000000s ]
INFO: [ app_init ] --END-- [ RunTime:0.000000s ]
ERR: 无法加载模块:V['shophead']

[ 2017-06-29T17:16:22+08:00 ] 192.168.0.115 /index.php/$v.shophead
INFO: [ app_init ] --START--
INFO: Run Behavior\BuildLiteBehavior [ RunTime:0.000000s ]
INFO: [ app_init ] --END-- [ RunTime:0.000000s ]
ERR: 无法加载模块:$v

[ 2017-06-29T17:16:22+08:00 ] 192.168.0.115 /index.php/v['shophead']
INFO: [ app_init ] --START--
INFO: Run Behavior\BuildLiteBehavior [ RunTime:0.000000s ]
INFO: [ app_init ] --END-- [ RunTime:0.000000s ]
ERR: 无法加载模块:V['shophead']

[ 2017-06-29T17:17:28+08:00 ] 192.168.0.115 /index.php/$v['shophead']
INFO: [ app_init ] --START--
INFO: Run Behavior\BuildLiteBehavior [ RunTime:0.000000s ]
INFO: [ app_init ] --END-- [ RunTime:0.001000s ]
ERR: 无法加载模块:$v['shophead']

[ 2017-06-29T17:17:28+08:00 ] 192.168.0.115 /index.php/$v['shophead']
INFO: [ app_init ] --START--
INFO: Run Behavior\BuildLiteBehavior [ RunTime:0.000000s ]
INFO: [ app_init ] --END-- [ RunTime:0.000000s ]
ERR: 无法加载模块:$v['shophead']

[ 2017-06-29T17:17:33+08:00 ] 192.168.0.115 /index.php/$v.shophead
INFO: [ app_init ] --START--
INFO: Run Behavior\BuildLiteBehavior [ RunTime:0.000000s ]
INFO: [ app_init ] --END-- [ RunTime:0.001000s ]
ERR: 无法加载模块:$v

[ 2017-06-29T17:17:37+08:00 ] 192.168.0.115 /index.php/v['shophead']
INFO: [ app_init ] --START--
INFO: Run Behavior\BuildLiteBehavior [ RunTime:0.000000s ]
INFO: [ app_init ] --END-- [ RunTime:0.000000s ]
ERR: 无法加载模块:V['shophead']

[ 2017-06-29T17:17:37+08:00 ] 192.168.0.115 /index.php/v['shophead']
INFO: [ app_init ] --START--
INFO: Run Behavior\BuildLiteBehavior [ RunTime:0.000000s ]
INFO: [ app_init ] --END-- [ RunTime:0.000000s ]
ERR: 无法加载模块:V['shophead']

[ 2017-06-29T17:17:40+08:00 ] 192.168.0.115 /index.php/$v.shophead
INFO: [ app_init ] --START--
INFO: Run Behavior\BuildLiteBehavior [ RunTime:0.000000s ]
INFO: [ app_init ] --END-- [ RunTime:0.000000s ]
ERR: 无法加载模块:$v

[ 2017-06-29T17:19:09+08:00 ] 192.168.0.115 /index.php/v['shophead']
INFO: [ app_init ] --START--
INFO: Run Behavior\BuildLiteBehavior [ RunTime:0.000000s ]
INFO: [ app_init ] --END-- [ RunTime:0.000000s ]
ERR: 无法加载模块:V['shophead']

[ 2017-06-29T17:21:49+08:00 ] 192.168.0.115 /index.php/$v['shophead']
INFO: [ app_init ] --START--
INFO: Run Behavior\BuildLiteBehavior [ RunTime:0.000000s ]
INFO: [ app_init ] --END-- [ RunTime:0.000000s ]
ERR: 无法加载模块:$v['shophead']

[ 2017-06-29T17:21:49+08:00 ] 192.168.0.115 /index.php/$v.shophead
INFO: [ app_init ] --START--
INFO: Run Behavior\BuildLiteBehavior [ RunTime:0.000000s ]
INFO: [ app_init ] --END-- [ RunTime:0.001000s ]
ERR: 无法加载模块:$v

[ 2017-06-29T17:21:49+08:00 ] 192.168.0.115 /index.php/$v['shophead']
INFO: [ app_init ] --START--
INFO: Run Behavior\BuildLiteBehavior [ RunTime:0.000000s ]
INFO: [ app_init ] --END-- [ RunTime:0.000000s ]
ERR: 无法加载模块:$v['shophead']

[ 2017-06-29T17:23:37+08:00 ] 192.168.0.115 /index.php/uploads/d26954546bc972b28038d40ef6ba1fa6.png
INFO: [ app_init ] --START--
INFO: Run Behavior\BuildLiteBehavior [ RunTime:0.000000s ]
INFO: [ app_init ] --END-- [ RunTime:0.001000s ]
ERR: 无法加载模块:Uploads

[ 2017-06-29T17:23:37+08:00 ] 192.168.0.115 /index.php/$v.shophead
INFO: [ app_init ] --START--
INFO: Run Behavior\BuildLiteBehavior [ RunTime:0.000000s ]
INFO: [ app_init ] --END-- [ RunTime:0.001000s ]
ERR: 无法加载模块:$v

[ 2017-06-29T17:23:37+08:00 ] 192.168.0.115 /index.php/uploads/d26954546bc972b28038d40ef6ba1fa6.png
INFO: [ app_init ] --START--
INFO: Run Behavior\BuildLiteBehavior [ RunTime:0.000000s ]
INFO: [ app_init ] --END-- [ RunTime:0.001000s ]
ERR: 无法加载模块:Uploads

[ 2017-06-29T17:23:37+08:00 ] 192.168.0.115 /index.php/$v.shophead
INFO: [ app_init ] --START--
INFO: Run Behavior\BuildLiteBehavior [ RunTime:0.000000s ]
INFO: [ app_init ] --END-- [ RunTime:0.001000s ]
ERR: 无法加载模块:$v

[ 2017-06-29T17:23:52+08:00 ] 192.168.0.115 /index.php/uploads/d26954546bc972b28038d40ef6ba1fa6.png
INFO: [ app_init ] --START--
INFO: Run Behavior\BuildLiteBehavior [ RunTime:0.000000s ]
INFO: [ app_init ] --END-- [ RunTime:0.000000s ]
ERR: 无法加载模块:Uploads

[ 2017-06-29T17:24:24+08:00 ] 192.168.0.115 /index.php/%E3%80%81uploads/d26954546bc972b28038d40ef6ba1fa6.png
INFO: [ app_init ] --START--
INFO: Run Behavior\BuildLiteBehavior [ RunTime:0.001000s ]
INFO: [ app_init ] --END-- [ RunTime:0.001000s ]
ERR: 无法加载模块:、uploads

[ 2017-06-29T17:24:25+08:00 ] 192.168.0.115 /index.php/uploads/d26954546bc972b28038d40ef6ba1fa6.png
INFO: [ app_init ] --START--
INFO: Run Behavior\BuildLiteBehavior [ RunTime:0.000000s ]
INFO: [ app_init ] --END-- [ RunTime:0.001000s ]
ERR: 无法加载模块:Uploads

[ 2017-06-29T17:24:52+08:00 ] 192.168.0.115 /index.php/$v.shophead
INFO: [ app_init ] --START--
INFO: Run Behavior\BuildLiteBehavior [ RunTime:0.000000s ]
INFO: [ app_init ] --END-- [ RunTime:0.000000s ]
ERR: 无法加载模块:$v

[ 2017-06-29T17:24:52+08:00 ] 192.168.0.115 /index.php/$v.shophead
INFO: [ app_init ] --START--
INFO: Run Behavior\BuildLiteBehavior [ RunTime:0.000000s ]
INFO: [ app_init ] --END-- [ RunTime:0.000000s ]
ERR: 无法加载模块:$v

[ 2017-06-29T17:27:10+08:00 ] 192.168.0.115 /index.php/$v.shophead
INFO: [ app_init ] --START--
INFO: Run Behavior\BuildLiteBehavior [ RunTime:0.000000s ]
INFO: [ app_init ] --END-- [ RunTime:0.000000s ]
ERR: 无法加载模块:$v

[ 2017-06-29T17:27:10+08:00 ] 192.168.0.115 /index.php/$v.shophead
INFO: [ app_init ] --START--
INFO: Run Behavior\BuildLiteBehavior [ RunTime:0.000000s ]
INFO: [ app_init ] --END-- [ RunTime:0.001000s ]
ERR: 无法加载模块:$v

