[ 2017-06-30T09:27:45+08:00 ] 127.0.0.1 /index.php/admin
INFO: [ app_init ] --START--
INFO: Run Behavior\BuildLiteBehavior [ RunTime:0.000000s ]
INFO: [ app_init ] --END-- [ RunTime:0.000000s ]
INFO: [ app_begin ] --START--
INFO: Run Behavior\ReadHtmlCacheBehavior [ RunTime:0.001000s ]
INFO: [ app_begin ] --END-- [ RunTime:0.001000s ]
NOTIC: [8] Undefined index: page D:\phpStudy\WWW\tp\Application\Admin\Controller\IndexController.class.php 第 14 行.
SQL: SHOW COLUMNS FROM `et_shopmessage` [ RunTime:0.0360s ]
SQL: SELECT * FROM `et_shopmessage` WHERE `state` = 3 LIMIT 0,7   [ RunTime:0.0000s ]
SQL: SELECT * FROM `et_shopmessage` WHERE `state` = 3  [ RunTime:0.0000s ]
SQL: SELECT * FROM `et_shopmessage`  [ RunTime:0.0000s ]
SQL: SHOW COLUMNS FROM `et_orders` [ RunTime:0.0130s ]
SQL: SELECT * FROM `et_orders` WHERE `state` = 6  [ RunTime:0.0010s ]
INFO: [ view_parse ] --START--
NOTIC: [2] file_get_contents(./Application/Admin/View/Public/left.html): failed to open stream: No such file or directory D:\phpStudy\WWW\tp\ThinkPHP\Library\Think\Template.class.php 第 696 行.
INFO: [ template_filter ] --START--
INFO: Run Behavior\ContentReplaceBehavior [ RunTime:0.000000s ]
INFO: [ template_filter ] --END-- [ RunTime:0.000000s ]
INFO: Run Behavior\ParseTemplateBehavior [ RunTime:0.012001s ]
INFO: [ view_parse ] --END-- [ RunTime:0.012001s ]
INFO: [ view_filter ] --START--
INFO: Run Behavior\WriteHtmlCacheBehavior [ RunTime:0.000000s ]
INFO: [ view_filter ] --END-- [ RunTime:0.000000s ]
INFO: [ app_end ] --START--
INFO: Run Behavior\ShowPageTraceBehavior [ RunTime:0.000000s ]
INFO: [ app_end ] --END-- [ RunTime:0.000000s ]

[ 2017-06-30T09:44:34+08:00 ] 127.0.0.1 /index.php/admin
INFO: [ app_init ] --START--
INFO: Run Behavior\BuildLiteBehavior [ RunTime:0.000000s ]
INFO: [ app_init ] --END-- [ RunTime:0.000000s ]
INFO: [ app_begin ] --START--
INFO: Run Behavior\ReadHtmlCacheBehavior [ RunTime:0.001000s ]
INFO: [ app_begin ] --END-- [ RunTime:0.001000s ]
NOTIC: [8] Undefined index: page D:\phpStudy\WWW\tp\Application\Admin\Controller\IndexController.class.php 第 14 行.
SQL: SHOW COLUMNS FROM `et_shopmessage` [ RunTime:0.0080s ]
SQL: SELECT * FROM `et_shopmessage` WHERE `state` = 3 LIMIT 0,7   [ RunTime:0.0010s ]
SQL: SELECT * FROM `et_shopmessage` WHERE `state` = 3  [ RunTime:0.0010s ]
SQL: SELECT * FROM `et_shopmessage`  [ RunTime:0.0000s ]
SQL: SHOW COLUMNS FROM `et_orders` [ RunTime:0.0040s ]
SQL: SELECT * FROM `et_orders` WHERE `state` = 6  [ RunTime:0.0000s ]
INFO: [ view_parse ] --START--
NOTIC: [2] file_get_contents(./Application/Admin/View/Public/left.html): failed to open stream: No such file or directory D:\phpStudy\WWW\tp\ThinkPHP\Library\Think\Template.class.php 第 696 行.
INFO: [ template_filter ] --START--
INFO: Run Behavior\ContentReplaceBehavior [ RunTime:0.000000s ]
INFO: [ template_filter ] --END-- [ RunTime:0.000000s ]
INFO: Run Behavior\ParseTemplateBehavior [ RunTime:0.018001s ]
INFO: [ view_parse ] --END-- [ RunTime:0.018001s ]
INFO: [ view_filter ] --START--
INFO: Run Behavior\WriteHtmlCacheBehavior [ RunTime:0.000000s ]
INFO: [ view_filter ] --END-- [ RunTime:0.000000s ]
INFO: [ app_end ] --START--
INFO: Run Behavior\ShowPageTraceBehavior [ RunTime:0.001000s ]
INFO: [ app_end ] --END-- [ RunTime:0.001000s ]

[ 2017-06-30T09:44:54+08:00 ] 127.0.0.1 /index.php/admin
INFO: [ app_init ] --START--
INFO: Run Behavior\BuildLiteBehavior [ RunTime:0.000000s ]
INFO: [ app_init ] --END-- [ RunTime:0.001000s ]
INFO: [ app_begin ] --START--
INFO: Run Behavior\ReadHtmlCacheBehavior [ RunTime:0.002001s ]
INFO: [ app_begin ] --END-- [ RunTime:0.002001s ]
NOTIC: [8] Undefined index: page D:\phpStudy\WWW\tp\Application\Admin\Controller\IndexController.class.php 第 14 行.
SQL: SHOW COLUMNS FROM `et_shopmessage` [ RunTime:0.0060s ]
SQL: SELECT * FROM `et_shopmessage` WHERE `state` = 3 LIMIT 0,7   [ RunTime:0.0010s ]
SQL: SELECT * FROM `et_shopmessage` WHERE `state` = 3  [ RunTime:0.0010s ]
SQL: SELECT * FROM `et_shopmessage`  [ RunTime:0.0000s ]
SQL: SHOW COLUMNS FROM `et_orders` [ RunTime:0.0060s ]
SQL: SELECT * FROM `et_orders` WHERE `state` = 6  [ RunTime:0.0030s ]
INFO: [ view_parse ] --START--
NOTIC: [2] file_get_contents(./Application/Admin/View/Public/left.html): failed to open stream: No such file or directory D:\phpStudy\WWW\tp\ThinkPHP\Library\Think\Template.class.php 第 696 行.
INFO: [ template_filter ] --START--
INFO: Run Behavior\ContentReplaceBehavior [ RunTime:0.000000s ]
INFO: [ template_filter ] --END-- [ RunTime:0.001000s ]
INFO: Run Behavior\ParseTemplateBehavior [ RunTime:0.033002s ]
INFO: [ view_parse ] --END-- [ RunTime:0.034002s ]
INFO: [ view_filter ] --START--
INFO: Run Behavior\WriteHtmlCacheBehavior [ RunTime:0.001000s ]
INFO: [ view_filter ] --END-- [ RunTime:0.001000s ]
INFO: [ app_end ] --START--
INFO: Run Behavior\ShowPageTraceBehavior [ RunTime:0.001000s ]
INFO: [ app_end ] --END-- [ RunTime:0.001000s ]

[ 2017-06-30T09:45:29+08:00 ] 127.0.0.1 /index.php/admin
INFO: [ app_init ] --START--
INFO: Run Behavior\BuildLiteBehavior [ RunTime:0.000000s ]
INFO: [ app_init ] --END-- [ RunTime:0.001000s ]
INFO: [ app_begin ] --START--
INFO: Run Behavior\ReadHtmlCacheBehavior [ RunTime:0.000000s ]
INFO: [ app_begin ] --END-- [ RunTime:0.001000s ]
NOTIC: [8] Undefined index: page D:\phpStudy\WWW\tp\Application\Admin\Controller\IndexController.class.php 第 14 行.
SQL: SHOW COLUMNS FROM `et_shopmessage` [ RunTime:0.0050s ]
SQL: SELECT * FROM `et_shopmessage` WHERE `state` = 3 LIMIT 0,7   [ RunTime:0.0010s ]
SQL: SELECT * FROM `et_shopmessage` WHERE `state` = 3  [ RunTime:0.0010s ]
SQL: SELECT * FROM `et_shopmessage`  [ RunTime:0.0010s ]
SQL: SHOW COLUMNS FROM `et_orders` [ RunTime:0.0040s ]
SQL: SELECT * FROM `et_orders` WHERE `state` = 6  [ RunTime:0.0010s ]
INFO: [ view_parse ] --START--
NOTIC: [2] file_get_contents(./Application/Admin/View/Public/left.html): failed to open stream: No such file or directory D:\phpStudy\WWW\tp\ThinkPHP\Library\Think\Template.class.php 第 696 行.
INFO: [ template_filter ] --START--
INFO: Run Behavior\ContentReplaceBehavior [ RunTime:0.000000s ]
INFO: [ template_filter ] --END-- [ RunTime:0.000000s ]
INFO: Run Behavior\ParseTemplateBehavior [ RunTime:0.022002s ]
INFO: [ view_parse ] --END-- [ RunTime:0.022002s ]
INFO: [ view_filter ] --START--
INFO: Run Behavior\WriteHtmlCacheBehavior [ RunTime:0.000000s ]
INFO: [ view_filter ] --END-- [ RunTime:0.000000s ]
INFO: [ app_end ] --START--
INFO: Run Behavior\ShowPageTraceBehavior [ RunTime:0.001000s ]
INFO: [ app_end ] --END-- [ RunTime:0.001000s ]

[ 2017-06-30T10:22:15+08:00 ] 127.0.0.1 /index.php/admin
INFO: [ app_init ] --START--
INFO: Run Behavior\BuildLiteBehavior [ RunTime:0.000000s ]
INFO: [ app_init ] --END-- [ RunTime:0.001000s ]
INFO: [ app_begin ] --START--
INFO: Run Behavior\ReadHtmlCacheBehavior [ RunTime:0.001000s ]
INFO: [ app_begin ] --END-- [ RunTime:0.001000s ]
SQL: SHOW COLUMNS FROM `et_shopmessage` [ RunTime:0.0040s ]
SQL: SELECT * FROM `et_shopmessage` WHERE `state` = 3  [ RunTime:0.0010s ]
SQL: SELECT * FROM `et_shopmessage`  [ RunTime:0.0000s ]
SQL: SHOW COLUMNS FROM `et_orders` [ RunTime:0.0030s ]
SQL: SELECT * FROM `et_orders` WHERE `state` = 6  [ RunTime:0.0000s ]

[ 2017-06-30T10:23:22+08:00 ] 127.0.0.1 /index.php/admin
INFO: [ app_init ] --START--
INFO: Run Behavior\BuildLiteBehavior [ RunTime:0.000000s ]
INFO: [ app_init ] --END-- [ RunTime:0.000000s ]
INFO: [ app_begin ] --START--
INFO: Run Behavior\ReadHtmlCacheBehavior [ RunTime:0.001000s ]
INFO: [ app_begin ] --END-- [ RunTime:0.001000s ]
SQL: SHOW COLUMNS FROM `et_shopmessage` [ RunTime:0.0030s ]
SQL: SELECT * FROM `et_shopmessage` WHERE `state` = 3  [ RunTime:0.0000s ]
SQL: SELECT * FROM `et_shopmessage`  [ RunTime:0.0000s ]
SQL: SHOW COLUMNS FROM `et_orders` [ RunTime:0.0030s ]
SQL: SELECT * FROM `et_orders` WHERE `state` = 6  [ RunTime:0.0000s ]

[ 2017-06-30T10:27:12+08:00 ] 127.0.0.1 /index.php/admin
INFO: [ app_init ] --START--
INFO: Run Behavior\BuildLiteBehavior [ RunTime:0.000000s ]
INFO: [ app_init ] --END-- [ RunTime:0.000000s ]
INFO: [ app_begin ] --START--
INFO: Run Behavior\ReadHtmlCacheBehavior [ RunTime:0.001000s ]
INFO: [ app_begin ] --END-- [ RunTime:0.001000s ]
SQL: SHOW COLUMNS FROM `et_shopmessage` [ RunTime:0.0030s ]
SQL: SELECT * FROM `et_shopmessage` WHERE `state` = 3  [ RunTime:0.0000s ]
SQL: SELECT * FROM `et_shopmessage`  [ RunTime:0.0010s ]
SQL: SHOW COLUMNS FROM `et_orders` [ RunTime:0.0030s ]
SQL: SELECT * FROM `et_orders` WHERE `state` = 6  [ RunTime:0.0000s ]
SQL: SELECT * FROM `et_shopmessage` WHERE `state` = 3 LIMIT 0,20   [ RunTime:0.0010s ]
INFO: [ view_parse ] --START--
NOTIC: [2] file_get_contents(./Application/Admin/View/Public/left.html): failed to open stream: No such file or directory D:\phpStudy\WWW\tp\ThinkPHP\Library\Think\Template.class.php 第 696 行.
INFO: [ template_filter ] --START--
INFO: Run Behavior\ContentReplaceBehavior [ RunTime:0.000000s ]
INFO: [ template_filter ] --END-- [ RunTime:0.000000s ]
INFO: Run Behavior\ParseTemplateBehavior [ RunTime:0.024001s ]
INFO: [ view_parse ] --END-- [ RunTime:0.024001s ]
INFO: [ view_filter ] --START--
INFO: Run Behavior\WriteHtmlCacheBehavior [ RunTime:0.000000s ]
INFO: [ view_filter ] --END-- [ RunTime:0.000000s ]
INFO: [ app_end ] --START--
INFO: Run Behavior\ShowPageTraceBehavior [ RunTime:0.001000s ]
INFO: [ app_end ] --END-- [ RunTime:0.001000s ]

[ 2017-06-30T10:27:30+08:00 ] 127.0.0.1 /index.php/admin
INFO: [ app_init ] --START--
INFO: Run Behavior\BuildLiteBehavior [ RunTime:0.000000s ]
INFO: [ app_init ] --END-- [ RunTime:0.001000s ]
INFO: [ app_begin ] --START--
INFO: Run Behavior\ReadHtmlCacheBehavior [ RunTime:0.000000s ]
INFO: [ app_begin ] --END-- [ RunTime:0.000000s ]
SQL: SHOW COLUMNS FROM `et_shopmessage` [ RunTime:0.0030s ]
SQL: SELECT * FROM `et_shopmessage` WHERE `state` = 3  [ RunTime:0.0000s ]
SQL: SELECT * FROM `et_shopmessage`  [ RunTime:0.0010s ]
SQL: SHOW COLUMNS FROM `et_orders` [ RunTime:0.0030s ]
SQL: SELECT * FROM `et_orders` WHERE `state` = 6  [ RunTime:0.0000s ]
SQL: SELECT * FROM `et_shopmessage` WHERE `state` = 3 LIMIT 0,3   [ RunTime:0.0010s ]
INFO: [ view_parse ] --START--
NOTIC: [2] file_get_contents(./Application/Admin/View/Public/left.html): failed to open stream: No such file or directory D:\phpStudy\WWW\tp\ThinkPHP\Library\Think\Template.class.php 第 696 行.
INFO: [ template_filter ] --START--
INFO: Run Behavior\ContentReplaceBehavior [ RunTime:0.000000s ]
INFO: [ template_filter ] --END-- [ RunTime:0.000000s ]
INFO: Run Behavior\ParseTemplateBehavior [ RunTime:0.014000s ]
INFO: [ view_parse ] --END-- [ RunTime:0.014000s ]
INFO: [ view_filter ] --START--
INFO: Run Behavior\WriteHtmlCacheBehavior [ RunTime:0.001000s ]
INFO: [ view_filter ] --END-- [ RunTime:0.001000s ]
INFO: [ app_end ] --START--
INFO: Run Behavior\ShowPageTraceBehavior [ RunTime:0.001001s ]
INFO: [ app_end ] --END-- [ RunTime:0.001001s ]

[ 2017-06-30T10:29:00+08:00 ] 127.0.0.1 /index.php/admin
INFO: [ app_init ] --START--
INFO: Run Behavior\BuildLiteBehavior [ RunTime:0.000000s ]
INFO: [ app_init ] --END-- [ RunTime:0.001000s ]
INFO: [ app_begin ] --START--
INFO: Run Behavior\ReadHtmlCacheBehavior [ RunTime:0.001000s ]
INFO: [ app_begin ] --END-- [ RunTime:0.001000s ]
SQL: SHOW COLUMNS FROM `et_shopmessage` [ RunTime:0.0030s ]
SQL: SELECT * FROM `et_shopmessage` WHERE `state` = 3  [ RunTime:0.0000s ]
SQL: SELECT * FROM `et_shopmessage`  [ RunTime:0.0000s ]
SQL: SHOW COLUMNS FROM `et_orders` [ RunTime:0.0020s ]
SQL: SELECT * FROM `et_orders` WHERE `state` = 6  [ RunTime:0.0000s ]
SQL: SELECT * FROM `et_shopmessage` WHERE `state` = 3 LIMIT 0,3   [ RunTime:0.0000s ]
INFO: [ view_parse ] --START--
NOTIC: [2] file_get_contents(./Application/Admin/View/Public/left.html): failed to open stream: No such file or directory D:\phpStudy\WWW\tp\ThinkPHP\Library\Think\Template.class.php 第 696 行.
INFO: [ template_filter ] --START--
INFO: Run Behavior\ContentReplaceBehavior [ RunTime:0.000000s ]
INFO: [ template_filter ] --END-- [ RunTime:0.000000s ]
INFO: Run Behavior\ParseTemplateBehavior [ RunTime:0.010001s ]
INFO: [ view_parse ] --END-- [ RunTime:0.010001s ]
INFO: [ view_filter ] --START--
INFO: Run Behavior\WriteHtmlCacheBehavior [ RunTime:0.000000s ]
INFO: [ view_filter ] --END-- [ RunTime:0.000000s ]
INFO: [ app_end ] --START--
INFO: Run Behavior\ShowPageTraceBehavior [ RunTime:0.000000s ]
INFO: [ app_end ] --END-- [ RunTime:0.000000s ]

[ 2017-06-30T10:29:05+08:00 ] 127.0.0.1 /index.php/Admin/Index/index/p/2.html
INFO: [ app_init ] --START--
INFO: Run Behavior\BuildLiteBehavior [ RunTime:0.000000s ]
INFO: [ app_init ] --END-- [ RunTime:0.000000s ]
INFO: [ app_begin ] --START--
INFO: Run Behavior\ReadHtmlCacheBehavior [ RunTime:0.001000s ]
INFO: [ app_begin ] --END-- [ RunTime:0.001000s ]
SQL: SHOW COLUMNS FROM `et_shopmessage` [ RunTime:0.0030s ]
SQL: SELECT * FROM `et_shopmessage` WHERE `state` = 3  [ RunTime:0.0000s ]
SQL: SELECT * FROM `et_shopmessage`  [ RunTime:0.0010s ]
SQL: SHOW COLUMNS FROM `et_orders` [ RunTime:0.0030s ]
SQL: SELECT * FROM `et_orders` WHERE `state` = 6  [ RunTime:0.0000s ]
SQL: SELECT * FROM `et_shopmessage` WHERE `state` = 3 LIMIT 3,3   [ RunTime:0.0010s ]
INFO: [ view_parse ] --START--
NOTIC: [2] file_get_contents(./Application/Admin/View/Public/left.html): failed to open stream: No such file or directory D:\phpStudy\WWW\tp\ThinkPHP\Library\Think\Template.class.php 第 696 行.
INFO: [ template_filter ] --START--
INFO: Run Behavior\ContentReplaceBehavior [ RunTime:0.000000s ]
INFO: [ template_filter ] --END-- [ RunTime:0.000000s ]
INFO: Run Behavior\ParseTemplateBehavior [ RunTime:0.011001s ]
INFO: [ view_parse ] --END-- [ RunTime:0.011001s ]
INFO: [ view_filter ] --START--
INFO: Run Behavior\WriteHtmlCacheBehavior [ RunTime:0.000000s ]
INFO: [ view_filter ] --END-- [ RunTime:0.000000s ]
INFO: [ app_end ] --START--
INFO: Run Behavior\ShowPageTraceBehavior [ RunTime:0.001000s ]
INFO: [ app_end ] --END-- [ RunTime:0.001000s ]

[ 2017-06-30T10:29:07+08:00 ] 127.0.0.1 /index.php/Admin/Index/index/p/3.html
INFO: [ app_init ] --START--
INFO: Run Behavior\BuildLiteBehavior [ RunTime:0.000000s ]
INFO: [ app_init ] --END-- [ RunTime:0.000000s ]
INFO: [ app_begin ] --START--
INFO: Run Behavior\ReadHtmlCacheBehavior [ RunTime:0.002000s ]
INFO: [ app_begin ] --END-- [ RunTime:0.002000s ]
SQL: SHOW COLUMNS FROM `et_shopmessage` [ RunTime:0.0040s ]
SQL: SELECT * FROM `et_shopmessage` WHERE `state` = 3  [ RunTime:0.0010s ]
SQL: SELECT * FROM `et_shopmessage`  [ RunTime:0.0010s ]
SQL: SHOW COLUMNS FROM `et_orders` [ RunTime:0.0030s ]
SQL: SELECT * FROM `et_orders` WHERE `state` = 6  [ RunTime:0.0000s ]
SQL: SELECT * FROM `et_shopmessage` WHERE `state` = 3 LIMIT 6,3   [ RunTime:0.0000s ]
INFO: [ view_parse ] --START--
NOTIC: [2] file_get_contents(./Application/Admin/View/Public/left.html): failed to open stream: No such file or directory D:\phpStudy\WWW\tp\ThinkPHP\Library\Think\Template.class.php 第 696 行.
INFO: [ template_filter ] --START--
INFO: Run Behavior\ContentReplaceBehavior [ RunTime:0.000000s ]
INFO: [ template_filter ] --END-- [ RunTime:0.000000s ]
INFO: Run Behavior\ParseTemplateBehavior [ RunTime:0.011001s ]
INFO: [ view_parse ] --END-- [ RunTime:0.011001s ]
INFO: [ view_filter ] --START--
INFO: Run Behavior\WriteHtmlCacheBehavior [ RunTime:0.001000s ]
INFO: [ view_filter ] --END-- [ RunTime:0.001000s ]
INFO: [ app_end ] --START--
INFO: Run Behavior\ShowPageTraceBehavior [ RunTime:0.001000s ]
INFO: [ app_end ] --END-- [ RunTime:0.001000s ]

[ 2017-06-30T10:29:10+08:00 ] 127.0.0.1 /index.php/Admin/Index/index/p/2.html
INFO: [ app_init ] --START--
INFO: Run Behavior\BuildLiteBehavior [ RunTime:0.000000s ]
INFO: [ app_init ] --END-- [ RunTime:0.000000s ]
INFO: [ app_begin ] --START--
INFO: Run Behavior\ReadHtmlCacheBehavior [ RunTime:0.001000s ]
INFO: [ app_begin ] --END-- [ RunTime:0.001000s ]
SQL: SHOW COLUMNS FROM `et_shopmessage` [ RunTime:0.0030s ]
SQL: SELECT * FROM `et_shopmessage` WHERE `state` = 3  [ RunTime:0.0000s ]
SQL: SELECT * FROM `et_shopmessage`  [ RunTime:0.0010s ]
SQL: SHOW COLUMNS FROM `et_orders` [ RunTime:0.0030s ]
SQL: SELECT * FROM `et_orders` WHERE `state` = 6  [ RunTime:0.0000s ]
SQL: SELECT * FROM `et_shopmessage` WHERE `state` = 3 LIMIT 3,3   [ RunTime:0.0000s ]
INFO: [ view_parse ] --START--
NOTIC: [2] file_get_contents(./Application/Admin/View/Public/left.html): failed to open stream: No such file or directory D:\phpStudy\WWW\tp\ThinkPHP\Library\Think\Template.class.php 第 696 行.
INFO: [ template_filter ] --START--
INFO: Run Behavior\ContentReplaceBehavior [ RunTime:0.000000s ]
INFO: [ template_filter ] --END-- [ RunTime:0.000000s ]
INFO: Run Behavior\ParseTemplateBehavior [ RunTime:0.010000s ]
INFO: [ view_parse ] --END-- [ RunTime:0.010000s ]
INFO: [ view_filter ] --START--
INFO: Run Behavior\WriteHtmlCacheBehavior [ RunTime:0.000000s ]
INFO: [ view_filter ] --END-- [ RunTime:0.001000s ]
INFO: [ app_end ] --START--
INFO: Run Behavior\ShowPageTraceBehavior [ RunTime:0.001000s ]
INFO: [ app_end ] --END-- [ RunTime:0.001000s ]

[ 2017-06-30T10:29:41+08:00 ] 127.0.0.1 /index.php/Admin/
INFO: [ app_init ] --START--
INFO: Run Behavior\BuildLiteBehavior [ RunTime:0.000000s ]
INFO: [ app_init ] --END-- [ RunTime:0.001000s ]
INFO: [ app_begin ] --START--
INFO: Run Behavior\ReadHtmlCacheBehavior [ RunTime:0.002000s ]
INFO: [ app_begin ] --END-- [ RunTime:0.002000s ]
SQL: SHOW COLUMNS FROM `et_shopmessage` [ RunTime:0.0030s ]
SQL: SELECT * FROM `et_shopmessage` WHERE `state` = 3  [ RunTime:0.0010s ]
SQL: SELECT * FROM `et_shopmessage`  [ RunTime:0.0000s ]
SQL: SHOW COLUMNS FROM `et_orders` [ RunTime:0.0040s ]
SQL: SELECT * FROM `et_orders` WHERE `state` = 6  [ RunTime:0.0000s ]
SQL: SELECT * FROM `et_shopmessage` WHERE `state` = 1 LIMIT 0,3   [ RunTime:0.0010s ]
INFO: [ view_parse ] --START--
NOTIC: [2] file_get_contents(./Application/Admin/View/Public/left.html): failed to open stream: No such file or directory D:\phpStudy\WWW\tp\ThinkPHP\Library\Think\Template.class.php 第 696 行.
INFO: [ template_filter ] --START--
INFO: Run Behavior\ContentReplaceBehavior [ RunTime:0.000000s ]
INFO: [ template_filter ] --END-- [ RunTime:0.000000s ]
INFO: Run Behavior\ParseTemplateBehavior [ RunTime:0.012001s ]
INFO: [ view_parse ] --END-- [ RunTime:0.012001s ]
INFO: [ view_filter ] --START--
INFO: Run Behavior\WriteHtmlCacheBehavior [ RunTime:0.000000s ]
INFO: [ view_filter ] --END-- [ RunTime:0.000000s ]
INFO: [ app_end ] --START--
INFO: Run Behavior\ShowPageTraceBehavior [ RunTime:0.000000s ]
INFO: [ app_end ] --END-- [ RunTime:0.000000s ]

[ 2017-06-30T10:30:08+08:00 ] 127.0.0.1 /index.php/Admin/
INFO: [ app_init ] --START--
INFO: Run Behavior\BuildLiteBehavior [ RunTime:0.000000s ]
INFO: [ app_init ] --END-- [ RunTime:0.000000s ]
INFO: [ app_begin ] --START--
INFO: Run Behavior\ReadHtmlCacheBehavior [ RunTime:0.001000s ]
INFO: [ app_begin ] --END-- [ RunTime:0.001000s ]
SQL: SHOW COLUMNS FROM `et_shopmessage` [ RunTime:0.0030s ]
SQL: SELECT * FROM `et_shopmessage` WHERE `state` = 3  [ RunTime:0.0000s ]
SQL: SELECT * FROM `et_shopmessage`  [ RunTime:0.0000s ]
SQL: SHOW COLUMNS FROM `et_orders` [ RunTime:0.0030s ]
SQL: SELECT * FROM `et_orders` WHERE `state` = 6  [ RunTime:0.0010s ]
SQL: SELECT * FROM `et_shopmessage` WHERE `state` = 3 LIMIT 0,1   [ RunTime:0.0000s ]
INFO: [ view_parse ] --START--
NOTIC: [2] file_get_contents(./Application/Admin/View/Public/left.html): failed to open stream: No such file or directory D:\phpStudy\WWW\tp\ThinkPHP\Library\Think\Template.class.php 第 696 行.
INFO: [ template_filter ] --START--
INFO: Run Behavior\ContentReplaceBehavior [ RunTime:0.000000s ]
INFO: [ template_filter ] --END-- [ RunTime:0.000000s ]
INFO: Run Behavior\ParseTemplateBehavior [ RunTime:0.013000s ]
INFO: [ view_parse ] --END-- [ RunTime:0.013000s ]
INFO: [ view_filter ] --START--
INFO: Run Behavior\WriteHtmlCacheBehavior [ RunTime:0.001000s ]
INFO: [ view_filter ] --END-- [ RunTime:0.001000s ]
INFO: [ app_end ] --START--
INFO: Run Behavior\ShowPageTraceBehavior [ RunTime:0.001000s ]
INFO: [ app_end ] --END-- [ RunTime:0.001000s ]

[ 2017-06-30T10:30:10+08:00 ] 127.0.0.1 /index.php/Admin/Index/index/p/2.html
INFO: [ app_init ] --START--
INFO: Run Behavior\BuildLiteBehavior [ RunTime:0.000000s ]
INFO: [ app_init ] --END-- [ RunTime:0.001000s ]
INFO: [ app_begin ] --START--
INFO: Run Behavior\ReadHtmlCacheBehavior [ RunTime:0.001000s ]
INFO: [ app_begin ] --END-- [ RunTime:0.001000s ]
SQL: SHOW COLUMNS FROM `et_shopmessage` [ RunTime:0.0050s ]
SQL: SELECT * FROM `et_shopmessage` WHERE `state` = 3  [ RunTime:0.0010s ]
SQL: SELECT * FROM `et_shopmessage`  [ RunTime:0.0000s ]
SQL: SHOW COLUMNS FROM `et_orders` [ RunTime:0.0040s ]
SQL: SELECT * FROM `et_orders` WHERE `state` = 6  [ RunTime:0.0010s ]
SQL: SELECT * FROM `et_shopmessage` WHERE `state` = 3 LIMIT 1,1   [ RunTime:0.0000s ]
INFO: [ view_parse ] --START--
NOTIC: [2] file_get_contents(./Application/Admin/View/Public/left.html): failed to open stream: No such file or directory D:\phpStudy\WWW\tp\ThinkPHP\Library\Think\Template.class.php 第 696 行.
INFO: [ template_filter ] --START--
INFO: Run Behavior\ContentReplaceBehavior [ RunTime:0.000000s ]
INFO: [ template_filter ] --END-- [ RunTime:0.000000s ]
INFO: Run Behavior\ParseTemplateBehavior [ RunTime:0.013001s ]
INFO: [ view_parse ] --END-- [ RunTime:0.013001s ]
INFO: [ view_filter ] --START--
INFO: Run Behavior\WriteHtmlCacheBehavior [ RunTime:0.001000s ]
INFO: [ view_filter ] --END-- [ RunTime:0.001000s ]
INFO: [ app_end ] --START--
INFO: Run Behavior\ShowPageTraceBehavior [ RunTime:0.001000s ]
INFO: [ app_end ] --END-- [ RunTime:0.001000s ]

[ 2017-06-30T10:30:11+08:00 ] 127.0.0.1 /index.php/Admin/Index/index/p/3.html
INFO: [ app_init ] --START--
INFO: Run Behavior\BuildLiteBehavior [ RunTime:0.000000s ]
INFO: [ app_init ] --END-- [ RunTime:0.001001s ]
INFO: [ app_begin ] --START--
INFO: Run Behavior\ReadHtmlCacheBehavior [ RunTime:0.001000s ]
INFO: [ app_begin ] --END-- [ RunTime:0.001000s ]
SQL: SHOW COLUMNS FROM `et_shopmessage` [ RunTime:0.0030s ]
SQL: SELECT * FROM `et_shopmessage` WHERE `state` = 3  [ RunTime:0.0010s ]
SQL: SELECT * FROM `et_shopmessage`  [ RunTime:0.0000s ]
SQL: SHOW COLUMNS FROM `et_orders` [ RunTime:0.0040s ]
SQL: SELECT * FROM `et_orders` WHERE `state` = 6  [ RunTime:0.0010s ]
SQL: SELECT * FROM `et_shopmessage` WHERE `state` = 3 LIMIT 2,1   [ RunTime:0.0000s ]
INFO: [ view_parse ] --START--
NOTIC: [2] file_get_contents(./Application/Admin/View/Public/left.html): failed to open stream: No such file or directory D:\phpStudy\WWW\tp\ThinkPHP\Library\Think\Template.class.php 第 696 行.
INFO: [ template_filter ] --START--
INFO: Run Behavior\ContentReplaceBehavior [ RunTime:0.000000s ]
INFO: [ template_filter ] --END-- [ RunTime:0.000000s ]
INFO: Run Behavior\ParseTemplateBehavior [ RunTime:0.012000s ]
INFO: [ view_parse ] --END-- [ RunTime:0.012000s ]
INFO: [ view_filter ] --START--
INFO: Run Behavior\WriteHtmlCacheBehavior [ RunTime:0.000000s ]
INFO: [ view_filter ] --END-- [ RunTime:0.001000s ]
INFO: [ app_end ] --START--
INFO: Run Behavior\ShowPageTraceBehavior [ RunTime:0.002000s ]
INFO: [ app_end ] --END-- [ RunTime:0.002000s ]

[ 2017-06-30T10:30:12+08:00 ] 127.0.0.1 /index.php/Admin/Index/index/p/4.html
INFO: [ app_init ] --START--
INFO: Run Behavior\BuildLiteBehavior [ RunTime:0.000000s ]
INFO: [ app_init ] --END-- [ RunTime:0.000000s ]
INFO: [ app_begin ] --START--
INFO: Run Behavior\ReadHtmlCacheBehavior [ RunTime:0.000000s ]
INFO: [ app_begin ] --END-- [ RunTime:0.001000s ]
SQL: SHOW COLUMNS FROM `et_shopmessage` [ RunTime:0.0030s ]
SQL: SELECT * FROM `et_shopmessage` WHERE `state` = 3  [ RunTime:0.0000s ]
SQL: SELECT * FROM `et_shopmessage`  [ RunTime:0.0010s ]
SQL: SHOW COLUMNS FROM `et_orders` [ RunTime:0.0030s ]
SQL: SELECT * FROM `et_orders` WHERE `state` = 6  [ RunTime:0.0000s ]
SQL: SELECT * FROM `et_shopmessage` WHERE `state` = 3 LIMIT 3,1   [ RunTime:0.0000s ]
INFO: [ view_parse ] --START--
NOTIC: [2] file_get_contents(./Application/Admin/View/Public/left.html): failed to open stream: No such file or directory D:\phpStudy\WWW\tp\ThinkPHP\Library\Think\Template.class.php 第 696 行.
INFO: [ template_filter ] --START--
INFO: Run Behavior\ContentReplaceBehavior [ RunTime:0.000000s ]
INFO: [ template_filter ] --END-- [ RunTime:0.000000s ]
INFO: Run Behavior\ParseTemplateBehavior [ RunTime:0.011001s ]
INFO: [ view_parse ] --END-- [ RunTime:0.011001s ]
INFO: [ view_filter ] --START--
INFO: Run Behavior\WriteHtmlCacheBehavior [ RunTime:0.000000s ]
INFO: [ view_filter ] --END-- [ RunTime:0.001000s ]
INFO: [ app_end ] --START--
INFO: Run Behavior\ShowPageTraceBehavior [ RunTime:0.001000s ]
INFO: [ app_end ] --END-- [ RunTime:0.001000s ]

[ 2017-06-30T10:30:13+08:00 ] 127.0.0.1 /index.php/Admin/Index/index/p/5.html
INFO: [ app_init ] --START--
INFO: Run Behavior\BuildLiteBehavior [ RunTime:0.000000s ]
INFO: [ app_init ] --END-- [ RunTime:0.001000s ]
INFO: [ app_begin ] --START--
INFO: Run Behavior\ReadHtmlCacheBehavior [ RunTime:0.001000s ]
INFO: [ app_begin ] --END-- [ RunTime:0.001000s ]
SQL: SHOW COLUMNS FROM `et_shopmessage` [ RunTime:0.0040s ]
SQL: SELECT * FROM `et_shopmessage` WHERE `state` = 3  [ RunTime:0.0000s ]
SQL: SELECT * FROM `et_shopmessage`  [ RunTime:0.0000s ]
SQL: SHOW COLUMNS FROM `et_orders` [ RunTime:0.0040s ]
SQL: SELECT * FROM `et_orders` WHERE `state` = 6  [ RunTime:0.0000s ]
SQL: SELECT * FROM `et_shopmessage` WHERE `state` = 3 LIMIT 4,1   [ RunTime:0.0000s ]
INFO: [ view_parse ] --START--
NOTIC: [2] file_get_contents(./Application/Admin/View/Public/left.html): failed to open stream: No such file or directory D:\phpStudy\WWW\tp\ThinkPHP\Library\Think\Template.class.php 第 696 行.
INFO: [ template_filter ] --START--
INFO: Run Behavior\ContentReplaceBehavior [ RunTime:0.000000s ]
INFO: [ template_filter ] --END-- [ RunTime:0.000000s ]
INFO: Run Behavior\ParseTemplateBehavior [ RunTime:0.012001s ]
INFO: [ view_parse ] --END-- [ RunTime:0.012001s ]
INFO: [ view_filter ] --START--
INFO: Run Behavior\WriteHtmlCacheBehavior [ RunTime:0.001000s ]
INFO: [ view_filter ] --END-- [ RunTime:0.001000s ]
INFO: [ app_end ] --START--
INFO: Run Behavior\ShowPageTraceBehavior [ RunTime:0.001000s ]
INFO: [ app_end ] --END-- [ RunTime:0.001000s ]

[ 2017-06-30T10:30:13+08:00 ] 127.0.0.1 /index.php/Admin/Index/index/p/6.html
INFO: [ app_init ] --START--
INFO: Run Behavior\BuildLiteBehavior [ RunTime:0.000000s ]
INFO: [ app_init ] --END-- [ RunTime:0.001000s ]
INFO: [ app_begin ] --START--
INFO: Run Behavior\ReadHtmlCacheBehavior [ RunTime:0.001000s ]
INFO: [ app_begin ] --END-- [ RunTime:0.001000s ]
SQL: SHOW COLUMNS FROM `et_shopmessage` [ RunTime:0.0030s ]
SQL: SELECT * FROM `et_shopmessage` WHERE `state` = 3  [ RunTime:0.0000s ]
SQL: SELECT * FROM `et_shopmessage`  [ RunTime:0.0010s ]
SQL: SHOW COLUMNS FROM `et_orders` [ RunTime:0.0050s ]
SQL: SELECT * FROM `et_orders` WHERE `state` = 6  [ RunTime:0.0000s ]
SQL: SELECT * FROM `et_shopmessage` WHERE `state` = 3 LIMIT 5,1   [ RunTime:0.0000s ]
INFO: [ view_parse ] --START--
NOTIC: [2] file_get_contents(./Application/Admin/View/Public/left.html): failed to open stream: No such file or directory D:\phpStudy\WWW\tp\ThinkPHP\Library\Think\Template.class.php 第 696 行.
INFO: [ template_filter ] --START--
INFO: Run Behavior\ContentReplaceBehavior [ RunTime:0.000000s ]
INFO: [ template_filter ] --END-- [ RunTime:0.000000s ]
INFO: Run Behavior\ParseTemplateBehavior [ RunTime:0.010000s ]
INFO: [ view_parse ] --END-- [ RunTime:0.011000s ]
INFO: [ view_filter ] --START--
INFO: Run Behavior\WriteHtmlCacheBehavior [ RunTime:0.000000s ]
INFO: [ view_filter ] --END-- [ RunTime:0.000000s ]
INFO: [ app_end ] --START--
INFO: Run Behavior\ShowPageTraceBehavior [ RunTime:0.001000s ]
INFO: [ app_end ] --END-- [ RunTime:0.001000s ]

[ 2017-06-30T10:30:14+08:00 ] 127.0.0.1 /index.php/Admin/Index/index/p/7.html
INFO: [ app_init ] --START--
INFO: Run Behavior\BuildLiteBehavior [ RunTime:0.000000s ]
INFO: [ app_init ] --END-- [ RunTime:0.001000s ]
INFO: [ app_begin ] --START--
INFO: Run Behavior\ReadHtmlCacheBehavior [ RunTime:0.001001s ]
INFO: [ app_begin ] --END-- [ RunTime:0.001001s ]
SQL: SHOW COLUMNS FROM `et_shopmessage` [ RunTime:0.0060s ]
SQL: SELECT * FROM `et_shopmessage` WHERE `state` = 3  [ RunTime:0.0010s ]
SQL: SELECT * FROM `et_shopmessage`  [ RunTime:0.0000s ]
SQL: SHOW COLUMNS FROM `et_orders` [ RunTime:0.0030s ]
SQL: SELECT * FROM `et_orders` WHERE `state` = 6  [ RunTime:0.0000s ]
SQL: SELECT * FROM `et_shopmessage` WHERE `state` = 3 LIMIT 6,1   [ RunTime:0.0010s ]
INFO: [ view_parse ] --START--
NOTIC: [2] file_get_contents(./Application/Admin/View/Public/left.html): failed to open stream: No such file or directory D:\phpStudy\WWW\tp\ThinkPHP\Library\Think\Template.class.php 第 696 行.
INFO: [ template_filter ] --START--
INFO: Run Behavior\ContentReplaceBehavior [ RunTime:0.000000s ]
INFO: [ template_filter ] --END-- [ RunTime:0.000000s ]
INFO: Run Behavior\ParseTemplateBehavior [ RunTime:0.012000s ]
INFO: [ view_parse ] --END-- [ RunTime:0.012000s ]
INFO: [ view_filter ] --START--
INFO: Run Behavior\WriteHtmlCacheBehavior [ RunTime:0.000000s ]
INFO: [ view_filter ] --END-- [ RunTime:0.000000s ]
INFO: [ app_end ] --START--
INFO: Run Behavior\ShowPageTraceBehavior [ RunTime:0.001000s ]
INFO: [ app_end ] --END-- [ RunTime:0.001000s ]

[ 2017-06-30T10:30:15+08:00 ] 127.0.0.1 /index.php/Admin/Index/index/p/8.html
INFO: [ app_init ] --START--
INFO: Run Behavior\BuildLiteBehavior [ RunTime:0.000000s ]
INFO: [ app_init ] --END-- [ RunTime:0.001000s ]
INFO: [ app_begin ] --START--
INFO: Run Behavior\ReadHtmlCacheBehavior [ RunTime:0.000000s ]
INFO: [ app_begin ] --END-- [ RunTime:0.000000s ]
SQL: SHOW COLUMNS FROM `et_shopmessage` [ RunTime:0.0040s ]
SQL: SELECT * FROM `et_shopmessage` WHERE `state` = 3  [ RunTime:0.0010s ]
SQL: SELECT * FROM `et_shopmessage`  [ RunTime:0.0000s ]
SQL: SHOW COLUMNS FROM `et_orders` [ RunTime:0.0040s ]
SQL: SELECT * FROM `et_orders` WHERE `state` = 6  [ RunTime:0.0010s ]
SQL: SELECT * FROM `et_shopmessage` WHERE `state` = 3 LIMIT 7,1   [ RunTime:0.0010s ]
INFO: [ view_parse ] --START--
NOTIC: [2] file_get_contents(./Application/Admin/View/Public/left.html): failed to open stream: No such file or directory D:\phpStudy\WWW\tp\ThinkPHP\Library\Think\Template.class.php 第 696 行.
INFO: [ template_filter ] --START--
INFO: Run Behavior\ContentReplaceBehavior [ RunTime:0.000000s ]
INFO: [ template_filter ] --END-- [ RunTime:0.001000s ]
INFO: Run Behavior\ParseTemplateBehavior [ RunTime:0.012000s ]
INFO: [ view_parse ] --END-- [ RunTime:0.012000s ]
INFO: [ view_filter ] --START--
INFO: Run Behavior\WriteHtmlCacheBehavior [ RunTime:0.000000s ]
INFO: [ view_filter ] --END-- [ RunTime:0.000000s ]
INFO: [ app_end ] --START--
INFO: Run Behavior\ShowPageTraceBehavior [ RunTime:0.000000s ]
INFO: [ app_end ] --END-- [ RunTime:0.000000s ]

[ 2017-06-30T10:31:56+08:00 ] 127.0.0.1 /index.php/Admin/Index/index/p/8.html
INFO: [ app_init ] --START--
INFO: Run Behavior\BuildLiteBehavior [ RunTime:0.000000s ]
INFO: [ app_init ] --END-- [ RunTime:0.001000s ]
INFO: [ app_begin ] --START--
INFO: Run Behavior\ReadHtmlCacheBehavior [ RunTime:0.001000s ]
INFO: [ app_begin ] --END-- [ RunTime:0.001000s ]
SQL: SHOW COLUMNS FROM `et_shopmessage` [ RunTime:0.0030s ]
SQL: SELECT * FROM `et_shopmessage` WHERE `state` = 3  [ RunTime:0.0000s ]
SQL: SELECT * FROM `et_shopmessage`  [ RunTime:0.0010s ]
SQL: SHOW COLUMNS FROM `et_orders` [ RunTime:0.0030s ]
SQL: SELECT * FROM `et_orders` WHERE `state` = 6  [ RunTime:0.0010s ]
SQL: SELECT * FROM `et_shopmessage` WHERE `state` = 3 LIMIT 7,1   [ RunTime:0.0010s ]
INFO: [ view_parse ] --START--
NOTIC: [2] file_get_contents(./Application/Admin/View/Public/left.html): failed to open stream: No such file or directory D:\phpStudy\WWW\tp\ThinkPHP\Library\Think\Template.class.php 第 696 行.
INFO: [ template_filter ] --START--
INFO: Run Behavior\ContentReplaceBehavior [ RunTime:0.000000s ]
INFO: [ template_filter ] --END-- [ RunTime:0.000000s ]
INFO: Run Behavior\ParseTemplateBehavior [ RunTime:0.012001s ]
INFO: [ view_parse ] --END-- [ RunTime:0.013001s ]
INFO: [ view_filter ] --START--
INFO: Run Behavior\WriteHtmlCacheBehavior [ RunTime:0.000000s ]
INFO: [ view_filter ] --END-- [ RunTime:0.000000s ]
INFO: [ app_end ] --START--
INFO: Run Behavior\ShowPageTraceBehavior [ RunTime:0.001000s ]
INFO: [ app_end ] --END-- [ RunTime:0.001000s ]

[ 2017-06-30T10:32:02+08:00 ] 127.0.0.1 /index.php/Admin/Index/index/p/7.html
INFO: [ app_init ] --START--
INFO: Run Behavior\BuildLiteBehavior [ RunTime:0.000000s ]
INFO: [ app_init ] --END-- [ RunTime:0.000000s ]
INFO: [ app_begin ] --START--
INFO: Run Behavior\ReadHtmlCacheBehavior [ RunTime:0.001000s ]
INFO: [ app_begin ] --END-- [ RunTime:0.001000s ]
SQL: SHOW COLUMNS FROM `et_shopmessage` [ RunTime:0.0040s ]
SQL: SELECT * FROM `et_shopmessage` WHERE `state` = 3  [ RunTime:0.0010s ]
SQL: SELECT * FROM `et_shopmessage`  [ RunTime:0.0010s ]
SQL: SHOW COLUMNS FROM `et_orders` [ RunTime:0.0040s ]
SQL: SELECT * FROM `et_orders` WHERE `state` = 6  [ RunTime:0.0010s ]
SQL: SELECT * FROM `et_shopmessage` WHERE `state` = 3 LIMIT 6,1   [ RunTime:0.0010s ]
INFO: [ view_parse ] --START--
NOTIC: [2] file_get_contents(./Application/Admin/View/Public/left.html): failed to open stream: No such file or directory D:\phpStudy\WWW\tp\ThinkPHP\Library\Think\Template.class.php 第 696 行.
INFO: [ template_filter ] --START--
INFO: Run Behavior\ContentReplaceBehavior [ RunTime:0.000000s ]
INFO: [ template_filter ] --END-- [ RunTime:0.000000s ]
INFO: Run Behavior\ParseTemplateBehavior [ RunTime:0.015001s ]
INFO: [ view_parse ] --END-- [ RunTime:0.015001s ]
INFO: [ view_filter ] --START--
INFO: Run Behavior\WriteHtmlCacheBehavior [ RunTime:0.000000s ]
INFO: [ view_filter ] --END-- [ RunTime:0.000000s ]
INFO: [ app_end ] --START--
INFO: Run Behavior\ShowPageTraceBehavior [ RunTime:0.001000s ]
INFO: [ app_end ] --END-- [ RunTime:0.001000s ]

[ 2017-06-30T10:32:16+08:00 ] 127.0.0.1 /index.php/Admin/Index/index/p/7.html
INFO: [ app_init ] --START--
INFO: Run Behavior\BuildLiteBehavior [ RunTime:0.000000s ]
INFO: [ app_init ] --END-- [ RunTime:0.000000s ]
INFO: [ app_begin ] --START--
INFO: Run Behavior\ReadHtmlCacheBehavior [ RunTime:0.001000s ]
INFO: [ app_begin ] --END-- [ RunTime:0.001000s ]
SQL: SHOW COLUMNS FROM `et_shopmessage` [ RunTime:0.0030s ]
SQL: SELECT * FROM `et_shopmessage` WHERE `state` = 3  [ RunTime:0.0000s ]
SQL: SELECT * FROM `et_shopmessage`  [ RunTime:0.0000s ]
SQL: SHOW COLUMNS FROM `et_orders` [ RunTime:0.0030s ]
SQL: SELECT * FROM `et_orders` WHERE `state` = 6  [ RunTime:0.0000s ]
SQL: SELECT * FROM `et_shopmessage` WHERE `state` = 3 LIMIT 18,3   [ RunTime:0.0000s ]
INFO: [ view_parse ] --START--
NOTIC: [2] file_get_contents(./Application/Admin/View/Public/left.html): failed to open stream: No such file or directory D:\phpStudy\WWW\tp\ThinkPHP\Library\Think\Template.class.php 第 696 行.
INFO: [ template_filter ] --START--
INFO: Run Behavior\ContentReplaceBehavior [ RunTime:0.000000s ]
INFO: [ template_filter ] --END-- [ RunTime:0.000000s ]
INFO: Run Behavior\ParseTemplateBehavior [ RunTime:0.018001s ]
INFO: [ view_parse ] --END-- [ RunTime:0.018001s ]
INFO: [ view_filter ] --START--
INFO: Run Behavior\WriteHtmlCacheBehavior [ RunTime:0.001000s ]
INFO: [ view_filter ] --END-- [ RunTime:0.001000s ]
INFO: [ app_end ] --START--
INFO: Run Behavior\ShowPageTraceBehavior [ RunTime:0.001000s ]
INFO: [ app_end ] --END-- [ RunTime:0.001000s ]

[ 2017-06-30T10:32:19+08:00 ] 127.0.0.1 /index.php/Admin/Index/index/p/2.html
INFO: [ app_init ] --START--
INFO: Run Behavior\BuildLiteBehavior [ RunTime:0.000000s ]
INFO: [ app_init ] --END-- [ RunTime:0.001000s ]
INFO: [ app_begin ] --START--
INFO: Run Behavior\ReadHtmlCacheBehavior [ RunTime:0.000000s ]
INFO: [ app_begin ] --END-- [ RunTime:0.001000s ]
SQL: SHOW COLUMNS FROM `et_shopmessage` [ RunTime:0.0030s ]
SQL: SELECT * FROM `et_shopmessage` WHERE `state` = 3  [ RunTime:0.0010s ]
SQL: SELECT * FROM `et_shopmessage`  [ RunTime:0.0000s ]
SQL: SHOW COLUMNS FROM `et_orders` [ RunTime:0.0050s ]
SQL: SELECT * FROM `et_orders` WHERE `state` = 6  [ RunTime:0.0010s ]
SQL: SELECT * FROM `et_shopmessage` WHERE `state` = 3 LIMIT 3,3   [ RunTime:0.0010s ]
INFO: [ view_parse ] --START--
NOTIC: [2] file_get_contents(./Application/Admin/View/Public/left.html): failed to open stream: No such file or directory D:\phpStudy\WWW\tp\ThinkPHP\Library\Think\Template.class.php 第 696 行.
INFO: [ template_filter ] --START--
INFO: Run Behavior\ContentReplaceBehavior [ RunTime:0.000000s ]
INFO: [ template_filter ] --END-- [ RunTime:0.000000s ]
INFO: Run Behavior\ParseTemplateBehavior [ RunTime:0.011001s ]
INFO: [ view_parse ] --END-- [ RunTime:0.011001s ]
INFO: [ view_filter ] --START--
INFO: Run Behavior\WriteHtmlCacheBehavior [ RunTime:0.001000s ]
INFO: [ view_filter ] --END-- [ RunTime:0.001000s ]
INFO: [ app_end ] --START--
INFO: Run Behavior\ShowPageTraceBehavior [ RunTime:0.000000s ]
INFO: [ app_end ] --END-- [ RunTime:0.001000s ]

[ 2017-06-30T10:32:26+08:00 ] 127.0.0.1 /index.php/Admin/Index/index/p/3.html
INFO: [ app_init ] --START--
INFO: Run Behavior\BuildLiteBehavior [ RunTime:0.000000s ]
INFO: [ app_init ] --END-- [ RunTime:0.000000s ]
INFO: [ app_begin ] --START--
INFO: Run Behavior\ReadHtmlCacheBehavior [ RunTime:0.001000s ]
INFO: [ app_begin ] --END-- [ RunTime:0.001000s ]
SQL: SHOW COLUMNS FROM `et_shopmessage` [ RunTime:0.0030s ]
SQL: SELECT * FROM `et_shopmessage` WHERE `state` = 3  [ RunTime:0.0000s ]
SQL: SELECT * FROM `et_shopmessage`  [ RunTime:0.0000s ]
SQL: SHOW COLUMNS FROM `et_orders` [ RunTime:0.0030s ]
SQL: SELECT * FROM `et_orders` WHERE `state` = 6  [ RunTime:0.0010s ]
SQL: SELECT * FROM `et_shopmessage` WHERE `state` = 3 LIMIT 6,3   [ RunTime:0.0010s ]
INFO: [ view_parse ] --START--
NOTIC: [2] file_get_contents(./Application/Admin/View/Public/left.html): failed to open stream: No such file or directory D:\phpStudy\WWW\tp\ThinkPHP\Library\Think\Template.class.php 第 696 行.
INFO: [ template_filter ] --START--
INFO: Run Behavior\ContentReplaceBehavior [ RunTime:0.000000s ]
INFO: [ template_filter ] --END-- [ RunTime:0.000000s ]
INFO: Run Behavior\ParseTemplateBehavior [ RunTime:0.011000s ]
INFO: [ view_parse ] --END-- [ RunTime:0.011000s ]
INFO: [ view_filter ] --START--
INFO: Run Behavior\WriteHtmlCacheBehavior [ RunTime:0.001000s ]
INFO: [ view_filter ] --END-- [ RunTime:0.001000s ]
INFO: [ app_end ] --START--
INFO: Run Behavior\ShowPageTraceBehavior [ RunTime:0.002000s ]
INFO: [ app_end ] --END-- [ RunTime:0.002000s ]

[ 2017-06-30T10:32:28+08:00 ] 127.0.0.1 /index.php/Admin/Index/index/p/2.html
INFO: [ app_init ] --START--
INFO: Run Behavior\BuildLiteBehavior [ RunTime:0.000000s ]
INFO: [ app_init ] --END-- [ RunTime:0.000000s ]
INFO: [ app_begin ] --START--
INFO: Run Behavior\ReadHtmlCacheBehavior [ RunTime:0.001000s ]
INFO: [ app_begin ] --END-- [ RunTime:0.001000s ]
SQL: SHOW COLUMNS FROM `et_shopmessage` [ RunTime:0.0030s ]
SQL: SELECT * FROM `et_shopmessage` WHERE `state` = 3  [ RunTime:0.0000s ]
SQL: SELECT * FROM `et_shopmessage`  [ RunTime:0.0010s ]
SQL: SHOW COLUMNS FROM `et_orders` [ RunTime:0.0030s ]
SQL: SELECT * FROM `et_orders` WHERE `state` = 6  [ RunTime:0.0010s ]
SQL: SELECT * FROM `et_shopmessage` WHERE `state` = 3 LIMIT 3,3   [ RunTime:0.0000s ]
INFO: [ view_parse ] --START--
NOTIC: [2] file_get_contents(./Application/Admin/View/Public/left.html): failed to open stream: No such file or directory D:\phpStudy\WWW\tp\ThinkPHP\Library\Think\Template.class.php 第 696 行.
INFO: [ template_filter ] --START--
INFO: Run Behavior\ContentReplaceBehavior [ RunTime:0.000000s ]
INFO: [ template_filter ] --END-- [ RunTime:0.000000s ]
INFO: Run Behavior\ParseTemplateBehavior [ RunTime:0.013001s ]
INFO: [ view_parse ] --END-- [ RunTime:0.013001s ]
INFO: [ view_filter ] --START--
INFO: Run Behavior\WriteHtmlCacheBehavior [ RunTime:0.000000s ]
INFO: [ view_filter ] --END-- [ RunTime:0.000000s ]
INFO: [ app_end ] --START--
INFO: Run Behavior\ShowPageTraceBehavior [ RunTime:0.000000s ]
INFO: [ app_end ] --END-- [ RunTime:0.000000s ]

[ 2017-06-30T10:46:05+08:00 ] 127.0.0.1 /index.php/Admin/Index/index/
INFO: [ app_init ] --START--
INFO: Run Behavior\BuildLiteBehavior [ RunTime:0.000000s ]
INFO: [ app_init ] --END-- [ RunTime:0.000000s ]
INFO: [ app_begin ] --START--
INFO: Run Behavior\ReadHtmlCacheBehavior [ RunTime:0.001000s ]
INFO: [ app_begin ] --END-- [ RunTime:0.001000s ]
SQL: SHOW COLUMNS FROM `et_shopmessage` [ RunTime:0.0030s ]
SQL: SELECT * FROM `et_shopmessage` WHERE `state` = 3  [ RunTime:0.0000s ]
SQL: SELECT * FROM `et_shopmessage`  [ RunTime:0.0010s ]
SQL: SHOW COLUMNS FROM `et_orders` [ RunTime:0.0030s ]
SQL: SELECT * FROM `et_orders` WHERE `state` = 6  [ RunTime:0.0010s ]
SQL: SELECT * FROM `et_shopmessage` WHERE `state` = 3 LIMIT 0,3   [ RunTime:0.0000s ]
INFO: [ view_parse ] --START--
NOTIC: [2] file_get_contents(./Application/Admin/View/Public/left.html): failed to open stream: No such file or directory D:\phpStudy\WWW\tp\ThinkPHP\Library\Think\Template.class.php 第 696 行.
INFO: [ template_filter ] --START--
INFO: Run Behavior\ContentReplaceBehavior [ RunTime:0.000000s ]
INFO: [ template_filter ] --END-- [ RunTime:0.000000s ]
INFO: Run Behavior\ParseTemplateBehavior [ RunTime:0.013001s ]
INFO: [ view_parse ] --END-- [ RunTime:0.013001s ]
INFO: [ view_filter ] --START--
INFO: Run Behavior\WriteHtmlCacheBehavior [ RunTime:0.000000s ]
INFO: [ view_filter ] --END-- [ RunTime:0.000000s ]
INFO: [ app_end ] --START--
INFO: Run Behavior\ShowPageTraceBehavior [ RunTime:0.001000s ]
INFO: [ app_end ] --END-- [ RunTime:0.001000s ]

[ 2017-06-30T10:47:49+08:00 ] 127.0.0.1 /index.php/Admin/Index/index/
INFO: [ app_init ] --START--
INFO: Run Behavior\BuildLiteBehavior [ RunTime:0.000000s ]
INFO: [ app_init ] --END-- [ RunTime:0.000000s ]
INFO: [ app_begin ] --START--
INFO: Run Behavior\ReadHtmlCacheBehavior [ RunTime:0.002000s ]
INFO: [ app_begin ] --END-- [ RunTime:0.002000s ]
SQL: SHOW COLUMNS FROM `et_shopmessage` [ RunTime:0.0050s ]
SQL: SELECT * FROM `et_shopmessage` WHERE `state` = 3  [ RunTime:0.0010s ]
SQL: SELECT * FROM `et_shopmessage`  [ RunTime:0.0000s ]
SQL: SHOW COLUMNS FROM `et_orders` [ RunTime:0.0050s ]
SQL: SELECT * FROM `et_orders` WHERE `state` = 6  [ RunTime:0.0000s ]
SQL: SELECT * FROM `et_shopmessage` WHERE `state` = 3 LIMIT 0,3   [ RunTime:0.0000s ]
INFO: [ view_parse ] --START--
NOTIC: [2] file_get_contents(./Application/Admin/View/Public/left.html): failed to open stream: No such file or directory D:\phpStudy\WWW\tp\ThinkPHP\Library\Think\Template.class.php 第 696 行.
INFO: [ template_filter ] --START--
INFO: Run Behavior\ContentReplaceBehavior [ RunTime:0.001000s ]
INFO: [ template_filter ] --END-- [ RunTime:0.001000s ]
INFO: Run Behavior\ParseTemplateBehavior [ RunTime:0.012000s ]
INFO: [ view_parse ] --END-- [ RunTime:0.012000s ]
INFO: [ view_filter ] --START--
INFO: Run Behavior\WriteHtmlCacheBehavior [ RunTime:0.000000s ]
INFO: [ view_filter ] --END-- [ RunTime:0.000000s ]
INFO: [ app_end ] --START--
INFO: Run Behavior\ShowPageTraceBehavior [ RunTime:0.001000s ]
INFO: [ app_end ] --END-- [ RunTime:0.001000s ]

[ 2017-06-30T10:47:56+08:00 ] 127.0.0.1 /index.php/Admin/Index/index
INFO: [ app_init ] --START--
INFO: Run Behavior\BuildLiteBehavior [ RunTime:0.000000s ]
INFO: [ app_init ] --END-- [ RunTime:0.001000s ]
INFO: [ app_begin ] --START--
INFO: Run Behavior\ReadHtmlCacheBehavior [ RunTime:0.000000s ]
INFO: [ app_begin ] --END-- [ RunTime:0.000000s ]
SQL: SHOW COLUMNS FROM `et_shopmessage` [ RunTime:0.0050s ]
SQL: SELECT * FROM `et_shopmessage` WHERE `state` = 3  [ RunTime:0.0010s ]
SQL: SELECT * FROM `et_shopmessage`  [ RunTime:0.0000s ]
SQL: SHOW COLUMNS FROM `et_orders` [ RunTime:0.0020s ]
SQL: SELECT * FROM `et_orders` WHERE `state` = 6  [ RunTime:0.0000s ]
SQL: SELECT * FROM `et_shopmessage` WHERE `state` = 3 LIMIT 0,3   [ RunTime:0.0000s ]
INFO: [ view_parse ] --START--
NOTIC: [2] file_get_contents(./Application/Admin/View/Public/left.html): failed to open stream: No such file or directory D:\phpStudy\WWW\tp\ThinkPHP\Library\Think\Template.class.php 第 696 行.
INFO: [ template_filter ] --START--
INFO: Run Behavior\ContentReplaceBehavior [ RunTime:0.000000s ]
INFO: [ template_filter ] --END-- [ RunTime:0.000000s ]
INFO: Run Behavior\ParseTemplateBehavior [ RunTime:0.011001s ]
INFO: [ view_parse ] --END-- [ RunTime:0.011001s ]
INFO: [ view_filter ] --START--
INFO: Run Behavior\WriteHtmlCacheBehavior [ RunTime:0.001000s ]
INFO: [ view_filter ] --END-- [ RunTime:0.001000s ]
INFO: [ app_end ] --START--
INFO: Run Behavior\ShowPageTraceBehavior [ RunTime:0.000000s ]
INFO: [ app_end ] --END-- [ RunTime:0.000000s ]

[ 2017-06-30T10:48:03+08:00 ] 127.0.0.1 /index.php/Admin/Index/index/p/3.html
INFO: [ app_init ] --START--
INFO: Run Behavior\BuildLiteBehavior [ RunTime:0.000000s ]
INFO: [ app_init ] --END-- [ RunTime:0.000000s ]
INFO: [ app_begin ] --START--
INFO: Run Behavior\ReadHtmlCacheBehavior [ RunTime:0.000000s ]
INFO: [ app_begin ] --END-- [ RunTime:0.000000s ]
SQL: SHOW COLUMNS FROM `et_shopmessage` [ RunTime:0.0040s ]
SQL: SELECT * FROM `et_shopmessage` WHERE `state` = 3  [ RunTime:0.0010s ]
SQL: SELECT * FROM `et_shopmessage`  [ RunTime:0.0000s ]
SQL: SHOW COLUMNS FROM `et_orders` [ RunTime:0.0040s ]
SQL: SELECT * FROM `et_orders` WHERE `state` = 6  [ RunTime:0.0000s ]
SQL: SELECT * FROM `et_shopmessage` WHERE `state` = 3 LIMIT 6,3   [ RunTime:0.0010s ]
INFO: [ view_parse ] --START--
NOTIC: [2] file_get_contents(./Application/Admin/View/Public/left.html): failed to open stream: No such file or directory D:\phpStudy\WWW\tp\ThinkPHP\Library\Think\Template.class.php 第 696 行.
INFO: [ template_filter ] --START--
INFO: Run Behavior\ContentReplaceBehavior [ RunTime:0.000000s ]
INFO: [ template_filter ] --END-- [ RunTime:0.000000s ]
INFO: Run Behavior\ParseTemplateBehavior [ RunTime:0.010000s ]
INFO: [ view_parse ] --END-- [ RunTime:0.011000s ]
INFO: [ view_filter ] --START--
INFO: Run Behavior\WriteHtmlCacheBehavior [ RunTime:0.000000s ]
INFO: [ view_filter ] --END-- [ RunTime:0.000000s ]
INFO: [ app_end ] --START--
INFO: Run Behavior\ShowPageTraceBehavior [ RunTime:0.001000s ]
INFO: [ app_end ] --END-- [ RunTime:0.001000s ]

[ 2017-06-30T10:48:06+08:00 ] 127.0.0.1 /index.php/Admin/Index/index
INFO: [ app_init ] --START--
INFO: Run Behavior\BuildLiteBehavior [ RunTime:0.000000s ]
INFO: [ app_init ] --END-- [ RunTime:0.000000s ]
INFO: [ app_begin ] --START--
INFO: Run Behavior\ReadHtmlCacheBehavior [ RunTime:0.001000s ]
INFO: [ app_begin ] --END-- [ RunTime:0.001000s ]
SQL: SHOW COLUMNS FROM `et_shopmessage` [ RunTime:0.0020s ]
SQL: SELECT * FROM `et_shopmessage` WHERE `state` = 3  [ RunTime:0.0000s ]
SQL: SELECT * FROM `et_shopmessage`  [ RunTime:0.0010s ]
SQL: SHOW COLUMNS FROM `et_orders` [ RunTime:0.0030s ]
SQL: SELECT * FROM `et_orders` WHERE `state` = 6  [ RunTime:0.0000s ]
SQL: SELECT * FROM `et_shopmessage` WHERE `state` = 3 LIMIT 0,3   [ RunTime:0.0010s ]
INFO: [ view_parse ] --START--
NOTIC: [2] file_get_contents(./Application/Admin/View/Public/left.html): failed to open stream: No such file or directory D:\phpStudy\WWW\tp\ThinkPHP\Library\Think\Template.class.php 第 696 行.
INFO: [ template_filter ] --START--
INFO: Run Behavior\ContentReplaceBehavior [ RunTime:0.001000s ]
INFO: [ template_filter ] --END-- [ RunTime:0.001000s ]
INFO: Run Behavior\ParseTemplateBehavior [ RunTime:0.017001s ]
INFO: [ view_parse ] --END-- [ RunTime:0.018002s ]
INFO: [ view_filter ] --START--
INFO: Run Behavior\WriteHtmlCacheBehavior [ RunTime:0.000000s ]
INFO: [ view_filter ] --END-- [ RunTime:0.000000s ]
INFO: [ app_end ] --START--
INFO: Run Behavior\ShowPageTraceBehavior [ RunTime:0.001000s ]
INFO: [ app_end ] --END-- [ RunTime:0.001000s ]

[ 2017-06-30T10:53:09+08:00 ] 127.0.0.1 /index.php/Admin/Index/index
INFO: [ app_init ] --START--
INFO: Run Behavior\BuildLiteBehavior [ RunTime:0.000000s ]
INFO: [ app_init ] --END-- [ RunTime:0.001000s ]
INFO: [ app_begin ] --START--
INFO: Run Behavior\ReadHtmlCacheBehavior [ RunTime:0.001000s ]
INFO: [ app_begin ] --END-- [ RunTime:0.001000s ]
SQL: SHOW COLUMNS FROM `et_shopmessage` [ RunTime:0.0040s ]
SQL: SELECT * FROM `et_shopmessage` WHERE `state` = 3  [ RunTime:0.0010s ]
SQL: SELECT * FROM `et_shopmessage`  [ RunTime:0.0000s ]
SQL: SHOW COLUMNS FROM `et_orders` [ RunTime:0.0040s ]
SQL: SELECT * FROM `et_orders` WHERE `state` = 6  [ RunTime:0.0010s ]
SQL: SELECT * FROM `et_shopmessage` WHERE `state` = 3 LIMIT 0,3   [ RunTime:0.0000s ]
INFO: [ view_parse ] --START--
NOTIC: [2] file_get_contents(./Application/Admin/View/Public/left.html): failed to open stream: No such file or directory D:\phpStudy\WWW\tp\ThinkPHP\Library\Think\Template.class.php 第 696 行.
INFO: [ template_filter ] --START--
INFO: Run Behavior\ContentReplaceBehavior [ RunTime:0.000000s ]
INFO: [ template_filter ] --END-- [ RunTime:0.000000s ]
INFO: Run Behavior\ParseTemplateBehavior [ RunTime:0.012000s ]
INFO: [ view_parse ] --END-- [ RunTime:0.012000s ]
INFO: [ view_filter ] --START--
INFO: Run Behavior\WriteHtmlCacheBehavior [ RunTime:0.001000s ]
INFO: [ view_filter ] --END-- [ RunTime:0.001000s ]
INFO: [ app_end ] --START--
INFO: Run Behavior\ShowPageTraceBehavior [ RunTime:0.001001s ]
INFO: [ app_end ] --END-- [ RunTime:0.001001s ]

[ 2017-06-30T10:53:12+08:00 ] 127.0.0.1 /index.php/Admin/Index/index/p/3.html
INFO: [ app_init ] --START--
INFO: Run Behavior\BuildLiteBehavior [ RunTime:0.000000s ]
INFO: [ app_init ] --END-- [ RunTime:0.000000s ]
INFO: [ app_begin ] --START--
INFO: Run Behavior\ReadHtmlCacheBehavior [ RunTime:0.000000s ]
INFO: [ app_begin ] --END-- [ RunTime:0.000000s ]
SQL: SHOW COLUMNS FROM `et_shopmessage` [ RunTime:0.0030s ]
SQL: SELECT * FROM `et_shopmessage` WHERE `state` = 3  [ RunTime:0.0000s ]
SQL: SELECT * FROM `et_shopmessage`  [ RunTime:0.0010s ]
SQL: SHOW COLUMNS FROM `et_orders` [ RunTime:0.0030s ]
SQL: SELECT * FROM `et_orders` WHERE `state` = 6  [ RunTime:0.0010s ]
SQL: SELECT * FROM `et_shopmessage` WHERE `state` = 3 LIMIT 6,3   [ RunTime:0.0000s ]
INFO: [ view_parse ] --START--
NOTIC: [2] file_get_contents(./Application/Admin/View/Public/left.html): failed to open stream: No such file or directory D:\phpStudy\WWW\tp\ThinkPHP\Library\Think\Template.class.php 第 696 行.
INFO: [ template_filter ] --START--
INFO: Run Behavior\ContentReplaceBehavior [ RunTime:0.001000s ]
INFO: [ template_filter ] --END-- [ RunTime:0.001000s ]
INFO: Run Behavior\ParseTemplateBehavior [ RunTime:0.013001s ]
INFO: [ view_parse ] --END-- [ RunTime:0.013001s ]
INFO: [ view_filter ] --START--
INFO: Run Behavior\WriteHtmlCacheBehavior [ RunTime:0.000000s ]
INFO: [ view_filter ] --END-- [ RunTime:0.000000s ]
INFO: [ app_end ] --START--
INFO: Run Behavior\ShowPageTraceBehavior [ RunTime:0.001000s ]
INFO: [ app_end ] --END-- [ RunTime:0.001000s ]

[ 2017-06-30T10:53:19+08:00 ] 127.0.0.1 /index.php/Admin/Index/index/index
INFO: [ app_init ] --START--
INFO: Run Behavior\BuildLiteBehavior [ RunTime:0.000000s ]
INFO: [ app_init ] --END-- [ RunTime:0.000000s ]
INFO: [ app_begin ] --START--
INFO: Run Behavior\ReadHtmlCacheBehavior [ RunTime:0.001000s ]
INFO: [ app_begin ] --END-- [ RunTime:0.001000s ]
SQL: SHOW COLUMNS FROM `et_shopmessage` [ RunTime:0.0030s ]
SQL: SELECT * FROM `et_shopmessage` WHERE `state` = 3  [ RunTime:0.0000s ]
SQL: SELECT * FROM `et_shopmessage`  [ RunTime:0.0010s ]
SQL: SHOW COLUMNS FROM `et_orders` [ RunTime:0.0040s ]
SQL: SELECT * FROM `et_orders` WHERE `state` = 6  [ RunTime:0.0010s ]
SQL: SELECT * FROM `et_shopmessage` WHERE `state` = 3 LIMIT 0,3   [ RunTime:0.0010s ]
INFO: [ view_parse ] --START--
NOTIC: [2] file_get_contents(./Application/Admin/View/Public/left.html): failed to open stream: No such file or directory D:\phpStudy\WWW\tp\ThinkPHP\Library\Think\Template.class.php 第 696 行.
INFO: [ template_filter ] --START--
INFO: Run Behavior\ContentReplaceBehavior [ RunTime:0.000000s ]
INFO: [ template_filter ] --END-- [ RunTime:0.000000s ]
INFO: Run Behavior\ParseTemplateBehavior [ RunTime:0.011001s ]
INFO: [ view_parse ] --END-- [ RunTime:0.011001s ]
INFO: [ view_filter ] --START--
INFO: Run Behavior\WriteHtmlCacheBehavior [ RunTime:0.000000s ]
INFO: [ view_filter ] --END-- [ RunTime:0.000000s ]
INFO: [ app_end ] --START--
INFO: Run Behavior\ShowPageTraceBehavior [ RunTime:0.000000s ]
INFO: [ app_end ] --END-- [ RunTime:0.000000s ]

[ 2017-06-30T10:55:09+08:00 ] 127.0.0.1 /index.php/Admin/Index/index/index
INFO: [ app_init ] --START--
INFO: Run Behavior\BuildLiteBehavior [ RunTime:0.000000s ]
INFO: [ app_init ] --END-- [ RunTime:0.001000s ]
INFO: [ app_begin ] --START--
INFO: Run Behavior\ReadHtmlCacheBehavior [ RunTime:0.001000s ]
INFO: [ app_begin ] --END-- [ RunTime:0.001000s ]
SQL: SHOW COLUMNS FROM `et_shopmessage` [ RunTime:0.0040s ]
SQL: SELECT * FROM `et_shopmessage` WHERE `state` = 3  [ RunTime:0.0000s ]
SQL: SELECT * FROM `et_shopmessage`  [ RunTime:0.0000s ]
SQL: SHOW COLUMNS FROM `et_orders` [ RunTime:0.0030s ]
SQL: SELECT * FROM `et_orders` WHERE `state` = 6  [ RunTime:0.0000s ]
SQL: SELECT * FROM `et_shopmessage` WHERE `state` = 3 LIMIT 0,3   [ RunTime:0.0000s ]
INFO: [ view_parse ] --START--
NOTIC: [2] file_get_contents(./Application/Admin/View/Public/left.html): failed to open stream: No such file or directory D:\phpStudy\WWW\tp\ThinkPHP\Library\Think\Template.class.php 第 696 行.
INFO: [ template_filter ] --START--
INFO: Run Behavior\ContentReplaceBehavior [ RunTime:0.000000s ]
INFO: [ template_filter ] --END-- [ RunTime:0.001000s ]
INFO: Run Behavior\ParseTemplateBehavior [ RunTime:0.012001s ]
INFO: [ view_parse ] --END-- [ RunTime:0.012001s ]
INFO: [ view_filter ] --START--
INFO: Run Behavior\WriteHtmlCacheBehavior [ RunTime:0.000000s ]
INFO: [ view_filter ] --END-- [ RunTime:0.000000s ]
INFO: [ app_end ] --START--
INFO: Run Behavior\ShowPageTraceBehavior [ RunTime:0.001000s ]
INFO: [ app_end ] --END-- [ RunTime:0.001000s ]

[ 2017-06-30T10:55:13+08:00 ] 127.0.0.1 /index.php/Admin/Index/index/jiaoyi
INFO: [ app_init ] --START--
INFO: Run Behavior\BuildLiteBehavior [ RunTime:0.000000s ]
INFO: [ app_init ] --END-- [ RunTime:0.000000s ]
INFO: [ app_begin ] --START--
INFO: Run Behavior\ReadHtmlCacheBehavior [ RunTime:0.001000s ]
INFO: [ app_begin ] --END-- [ RunTime:0.001000s ]
SQL: SHOW COLUMNS FROM `et_shopmessage` [ RunTime:0.0050s ]
SQL: SELECT * FROM `et_shopmessage` WHERE `state` = 3  [ RunTime:0.0010s ]
SQL: SELECT * FROM `et_shopmessage`  [ RunTime:0.0000s ]
SQL: SHOW COLUMNS FROM `et_orders` [ RunTime:0.0030s ]
SQL: SELECT * FROM `et_orders` WHERE `state` = 6  [ RunTime:0.0010s ]
SQL: SELECT * FROM `et_shopmessage` WHERE `state` = 3 LIMIT 0,3   [ RunTime:0.0010s ]
INFO: [ view_parse ] --START--
NOTIC: [2] file_get_contents(./Application/Admin/View/Public/left.html): failed to open stream: No such file or directory D:\phpStudy\WWW\tp\ThinkPHP\Library\Think\Template.class.php 第 696 行.
INFO: [ template_filter ] --START--
INFO: Run Behavior\ContentReplaceBehavior [ RunTime:0.000000s ]
INFO: [ template_filter ] --END-- [ RunTime:0.000000s ]
INFO: Run Behavior\ParseTemplateBehavior [ RunTime:0.013001s ]
INFO: [ view_parse ] --END-- [ RunTime:0.013001s ]
INFO: [ view_filter ] --START--
INFO: Run Behavior\WriteHtmlCacheBehavior [ RunTime:0.000000s ]
INFO: [ view_filter ] --END-- [ RunTime:0.000000s ]
INFO: [ app_end ] --START--
INFO: Run Behavior\ShowPageTraceBehavior [ RunTime:0.001000s ]
INFO: [ app_end ] --END-- [ RunTime:0.001000s ]

[ 2017-06-30T10:55:30+08:00 ] 127.0.0.1 /index.php/Admin/Index/index/jiaoyi
INFO: [ app_init ] --START--
INFO: Run Behavior\BuildLiteBehavior [ RunTime:0.000000s ]
INFO: [ app_init ] --END-- [ RunTime:0.000000s ]
INFO: [ app_begin ] --START--
INFO: Run Behavior\ReadHtmlCacheBehavior [ RunTime:0.001000s ]
INFO: [ app_begin ] --END-- [ RunTime:0.001000s ]
SQL: SHOW COLUMNS FROM `et_shopmessage` [ RunTime:0.0030s ]
SQL: SELECT * FROM `et_shopmessage` WHERE `state` = 3  [ RunTime:0.0020s ]
SQL: SELECT * FROM `et_shopmessage`  [ RunTime:0.0000s ]
SQL: SHOW COLUMNS FROM `et_orders` [ RunTime:0.0030s ]
SQL: SELECT * FROM `et_orders` WHERE `state` = 6  [ RunTime:0.0010s ]
SQL: SELECT * FROM `et_shopmessage` WHERE `state` = 3 LIMIT 0,3   [ RunTime:0.0000s ]
INFO: [ view_parse ] --START--
NOTIC: [2] file_get_contents(./Application/Admin/View/Public/left.html): failed to open stream: No such file or directory D:\phpStudy\WWW\tp\ThinkPHP\Library\Think\Template.class.php 第 696 行.
INFO: [ template_filter ] --START--
INFO: Run Behavior\ContentReplaceBehavior [ RunTime:0.000000s ]
INFO: [ template_filter ] --END-- [ RunTime:0.000000s ]
INFO: Run Behavior\ParseTemplateBehavior [ RunTime:0.012000s ]
INFO: [ view_parse ] --END-- [ RunTime:0.012000s ]
INFO: [ view_filter ] --START--
INFO: Run Behavior\WriteHtmlCacheBehavior [ RunTime:0.001000s ]
INFO: [ view_filter ] --END-- [ RunTime:0.001000s ]
INFO: [ app_end ] --START--
INFO: Run Behavior\ShowPageTraceBehavior [ RunTime:0.001000s ]
INFO: [ app_end ] --END-- [ RunTime:0.001000s ]

[ 2017-06-30T10:56:29+08:00 ] 127.0.0.1 /index.php/Admin/Index/index/jiaoyi
INFO: [ app_init ] --START--
INFO: Run Behavior\BuildLiteBehavior [ RunTime:0.000000s ]
INFO: [ app_init ] --END-- [ RunTime:0.000000s ]
INFO: [ app_begin ] --START--
INFO: Run Behavior\ReadHtmlCacheBehavior [ RunTime:0.001000s ]
INFO: [ app_begin ] --END-- [ RunTime:0.001000s ]
SQL: SHOW COLUMNS FROM `et_shopmessage` [ RunTime:0.0030s ]
SQL: SELECT * FROM `et_shopmessage` WHERE `state` = 3  [ RunTime:0.0000s ]
SQL: SELECT * FROM `et_shopmessage`  [ RunTime:0.0000s ]
SQL: SHOW COLUMNS FROM `et_orders` [ RunTime:0.0030s ]
SQL: SELECT * FROM `et_orders` WHERE `state` = 6  [ RunTime:0.0000s ]
SQL: SELECT * FROM `et_shopmessage` WHERE `state` = 3 LIMIT 0,3   [ RunTime:0.0010s ]
INFO: [ view_parse ] --START--
NOTIC: [2] file_get_contents(./Application/Admin/View/Public/left.html): failed to open stream: No such file or directory D:\phpStudy\WWW\tp\ThinkPHP\Library\Think\Template.class.php 第 696 行.
INFO: [ template_filter ] --START--
INFO: Run Behavior\ContentReplaceBehavior [ RunTime:0.000000s ]
INFO: [ template_filter ] --END-- [ RunTime:0.001000s ]
INFO: Run Behavior\ParseTemplateBehavior [ RunTime:0.012000s ]
INFO: [ view_parse ] --END-- [ RunTime:0.012000s ]
INFO: [ view_filter ] --START--
INFO: Run Behavior\WriteHtmlCacheBehavior [ RunTime:0.000000s ]
INFO: [ view_filter ] --END-- [ RunTime:0.000000s ]
INFO: [ app_end ] --START--
INFO: Run Behavior\ShowPageTraceBehavior [ RunTime:0.001000s ]
INFO: [ app_end ] --END-- [ RunTime:0.001000s ]

[ 2017-06-30T10:56:42+08:00 ] 127.0.0.1 /index.php/Admin/Index/index/jiaoyi
INFO: [ app_init ] --START--
INFO: Run Behavior\BuildLiteBehavior [ RunTime:0.000000s ]
INFO: [ app_init ] --END-- [ RunTime:0.001000s ]
INFO: [ app_begin ] --START--
INFO: Run Behavior\ReadHtmlCacheBehavior [ RunTime:0.000000s ]
INFO: [ app_begin ] --END-- [ RunTime:0.000000s ]
SQL: SHOW COLUMNS FROM `et_shopmessage` [ RunTime:0.0040s ]
SQL: SELECT * FROM `et_shopmessage` WHERE `state` = 3  [ RunTime:0.0010s ]
SQL: SELECT * FROM `et_shopmessage`  [ RunTime:0.0000s ]
SQL: SHOW COLUMNS FROM `et_orders` [ RunTime:0.0030s ]
SQL: SELECT * FROM `et_orders` WHERE `state` = 6  [ RunTime:0.0000s ]
SQL: SELECT * FROM `et_shopmessage` WHERE `state` = 3 LIMIT 0,3   [ RunTime:0.0000s ]
INFO: [ view_parse ] --START--
NOTIC: [2] file_get_contents(./Application/Admin/View/Public/left.html): failed to open stream: No such file or directory D:\phpStudy\WWW\tp\ThinkPHP\Library\Think\Template.class.php 第 696 行.
INFO: [ template_filter ] --START--
INFO: Run Behavior\ContentReplaceBehavior [ RunTime:0.000000s ]
INFO: [ template_filter ] --END-- [ RunTime:0.000000s ]
INFO: Run Behavior\ParseTemplateBehavior [ RunTime:0.012000s ]
INFO: [ view_parse ] --END-- [ RunTime:0.012000s ]
INFO: [ view_filter ] --START--
INFO: Run Behavior\WriteHtmlCacheBehavior [ RunTime:0.000000s ]
INFO: [ view_filter ] --END-- [ RunTime:0.000000s ]
INFO: [ app_end ] --START--
INFO: Run Behavior\ShowPageTraceBehavior [ RunTime:0.001000s ]
INFO: [ app_end ] --END-- [ RunTime:0.001000s ]

[ 2017-06-30T10:56:44+08:00 ] 127.0.0.1 /index.php/Admin/Index/index/jiaoyi
INFO: [ app_init ] --START--
INFO: Run Behavior\BuildLiteBehavior [ RunTime:0.000000s ]
INFO: [ app_init ] --END-- [ RunTime:0.001001s ]
INFO: [ app_begin ] --START--
INFO: Run Behavior\ReadHtmlCacheBehavior [ RunTime:0.001000s ]
INFO: [ app_begin ] --END-- [ RunTime:0.001000s ]
SQL: SHOW COLUMNS FROM `et_shopmessage` [ RunTime:0.0090s ]
SQL: SELECT * FROM `et_shopmessage` WHERE `state` = 3  [ RunTime:0.0010s ]
SQL: SELECT * FROM `et_shopmessage`  [ RunTime:0.0010s ]
SQL: SHOW COLUMNS FROM `et_orders` [ RunTime:0.0040s ]
SQL: SELECT * FROM `et_orders` WHERE `state` = 6  [ RunTime:0.0000s ]
SQL: SELECT * FROM `et_shopmessage` WHERE `state` = 3 LIMIT 0,3   [ RunTime:0.0010s ]
INFO: [ view_parse ] --START--
NOTIC: [2] file_get_contents(./Application/Admin/View/Public/left.html): failed to open stream: No such file or directory D:\phpStudy\WWW\tp\ThinkPHP\Library\Think\Template.class.php 第 696 行.
INFO: [ template_filter ] --START--
INFO: Run Behavior\ContentReplaceBehavior [ RunTime:0.001000s ]
INFO: [ template_filter ] --END-- [ RunTime:0.001000s ]
INFO: Run Behavior\ParseTemplateBehavior [ RunTime:0.014000s ]
INFO: [ view_parse ] --END-- [ RunTime:0.014000s ]
INFO: [ view_filter ] --START--
INFO: Run Behavior\WriteHtmlCacheBehavior [ RunTime:0.001000s ]
INFO: [ view_filter ] --END-- [ RunTime:0.001000s ]
INFO: [ app_end ] --START--
INFO: Run Behavior\ShowPageTraceBehavior [ RunTime:0.001000s ]
INFO: [ app_end ] --END-- [ RunTime:0.001000s ]

[ 2017-06-30T10:56:59+08:00 ] 127.0.0.1 /index.php/Admin/Index/index/index
INFO: [ app_init ] --START--
INFO: Run Behavior\BuildLiteBehavior [ RunTime:0.000000s ]
INFO: [ app_init ] --END-- [ RunTime:0.000000s ]
INFO: [ app_begin ] --START--
INFO: Run Behavior\ReadHtmlCacheBehavior [ RunTime:0.001000s ]
INFO: [ app_begin ] --END-- [ RunTime:0.001000s ]
SQL: SHOW COLUMNS FROM `et_shopmessage` [ RunTime:0.0030s ]
SQL: SELECT * FROM `et_shopmessage` WHERE `state` = 3  [ RunTime:0.0000s ]
SQL: SELECT * FROM `et_shopmessage`  [ RunTime:0.0010s ]
SQL: SHOW COLUMNS FROM `et_orders` [ RunTime:0.0030s ]
SQL: SELECT * FROM `et_orders` WHERE `state` = 6  [ RunTime:0.0000s ]
SQL: SELECT * FROM `et_shopmessage` WHERE `state` = 3 LIMIT 0,3   [ RunTime:0.0010s ]
INFO: [ view_parse ] --START--
NOTIC: [2] file_get_contents(./Application/Admin/View/Public/left.html): failed to open stream: No such file or directory D:\phpStudy\WWW\tp\ThinkPHP\Library\Think\Template.class.php 第 696 行.
INFO: [ template_filter ] --START--
INFO: Run Behavior\ContentReplaceBehavior [ RunTime:0.001000s ]
INFO: [ template_filter ] --END-- [ RunTime:0.001000s ]
INFO: Run Behavior\ParseTemplateBehavior [ RunTime:0.012001s ]
INFO: [ view_parse ] --END-- [ RunTime:0.012001s ]
INFO: [ view_filter ] --START--
INFO: Run Behavior\WriteHtmlCacheBehavior [ RunTime:0.000000s ]
INFO: [ view_filter ] --END-- [ RunTime:0.000000s ]
INFO: [ app_end ] --START--
INFO: Run Behavior\ShowPageTraceBehavior [ RunTime:0.001000s ]
INFO: [ app_end ] --END-- [ RunTime:0.001000s ]

[ 2017-06-30T10:57:40+08:00 ] 127.0.0.1 /index.php/Admin/Index/index/index
INFO: [ app_init ] --START--
INFO: Run Behavior\BuildLiteBehavior [ RunTime:0.000000s ]
INFO: [ app_init ] --END-- [ RunTime:0.000000s ]
INFO: [ app_begin ] --START--
INFO: Run Behavior\ReadHtmlCacheBehavior [ RunTime:0.001001s ]
INFO: [ app_begin ] --END-- [ RunTime:0.001001s ]
SQL: SHOW COLUMNS FROM `et_shopmessage` [ RunTime:0.0030s ]
SQL: SELECT * FROM `et_shopmessage` WHERE `state` = 3  [ RunTime:0.0000s ]
SQL: SELECT * FROM `et_shopmessage`  [ RunTime:0.0000s ]
SQL: SHOW COLUMNS FROM `et_orders` [ RunTime:0.0030s ]
SQL: SELECT * FROM `et_orders` WHERE `state` = 6  [ RunTime:0.0010s ]
SQL: SELECT * FROM `et_shopmessage` WHERE `state` = 3 LIMIT 0,3   [ RunTime:0.0010s ]
INFO: [ view_parse ] --START--
NOTIC: [2] file_get_contents(./Application/Admin/View/Public/left.html): failed to open stream: No such file or directory D:\phpStudy\WWW\tp\ThinkPHP\Library\Think\Template.class.php 第 696 行.
INFO: [ template_filter ] --START--
INFO: Run Behavior\ContentReplaceBehavior [ RunTime:0.000000s ]
INFO: [ template_filter ] --END-- [ RunTime:0.000000s ]
INFO: Run Behavior\ParseTemplateBehavior [ RunTime:0.013000s ]
INFO: [ view_parse ] --END-- [ RunTime:0.013000s ]
INFO: [ view_filter ] --START--
INFO: Run Behavior\WriteHtmlCacheBehavior [ RunTime:0.000000s ]
INFO: [ view_filter ] --END-- [ RunTime:0.000000s ]
INFO: [ app_end ] --START--
INFO: Run Behavior\ShowPageTraceBehavior [ RunTime:0.001000s ]
INFO: [ app_end ] --END-- [ RunTime:0.001000s ]

[ 2017-06-30T10:57:42+08:00 ] 127.0.0.1 /index.php/Admin/Index/jiaoyi
INFO: [ app_init ] --START--
INFO: Run Behavior\BuildLiteBehavior [ RunTime:0.000000s ]
INFO: [ app_init ] --END-- [ RunTime:0.001000s ]
INFO: [ app_begin ] --START--
INFO: Run Behavior\ReadHtmlCacheBehavior [ RunTime:0.000000s ]
INFO: [ app_begin ] --END-- [ RunTime:0.000000s ]
ERR: 模板不存在:./Application/Admin/View/Index/jiaoyi.html

[ 2017-06-30T10:57:54+08:00 ] 127.0.0.1 /index.php/Admin/Index/index/index
INFO: [ app_init ] --START--
INFO: Run Behavior\BuildLiteBehavior [ RunTime:0.000000s ]
INFO: [ app_init ] --END-- [ RunTime:0.000000s ]
INFO: [ app_begin ] --START--
INFO: Run Behavior\ReadHtmlCacheBehavior [ RunTime:0.001000s ]
INFO: [ app_begin ] --END-- [ RunTime:0.001000s ]
SQL: SHOW COLUMNS FROM `et_shopmessage` [ RunTime:0.0030s ]
SQL: SELECT * FROM `et_shopmessage` WHERE `state` = 3  [ RunTime:0.0010s ]
SQL: SELECT * FROM `et_shopmessage`  [ RunTime:0.0000s ]
SQL: SHOW COLUMNS FROM `et_orders` [ RunTime:0.0050s ]
SQL: SELECT * FROM `et_orders` WHERE `state` = 6  [ RunTime:0.0000s ]
SQL: SELECT * FROM `et_shopmessage` WHERE `state` = 3 LIMIT 0,3   [ RunTime:0.0010s ]
INFO: [ view_parse ] --START--
NOTIC: [2] file_get_contents(./Application/Admin/View/Public/left.html): failed to open stream: No such file or directory D:\phpStudy\WWW\tp\ThinkPHP\Library\Think\Template.class.php 第 696 行.
INFO: [ template_filter ] --START--
INFO: Run Behavior\ContentReplaceBehavior [ RunTime:0.000000s ]
INFO: [ template_filter ] --END-- [ RunTime:0.000000s ]
INFO: Run Behavior\ParseTemplateBehavior [ RunTime:0.011001s ]
INFO: [ view_parse ] --END-- [ RunTime:0.011001s ]
INFO: [ view_filter ] --START--
INFO: Run Behavior\WriteHtmlCacheBehavior [ RunTime:0.001000s ]
INFO: [ view_filter ] --END-- [ RunTime:0.001000s ]
INFO: [ app_end ] --START--
INFO: Run Behavior\ShowPageTraceBehavior [ RunTime:0.001000s ]
INFO: [ app_end ] --END-- [ RunTime:0.001000s ]

[ 2017-06-30T10:58:42+08:00 ] 127.0.0.1 /index.php/Admin/Index/index/index
INFO: [ app_init ] --START--
INFO: Run Behavior\BuildLiteBehavior [ RunTime:0.000000s ]
INFO: [ app_init ] --END-- [ RunTime:0.001000s ]
INFO: [ app_begin ] --START--
INFO: Run Behavior\ReadHtmlCacheBehavior [ RunTime:0.001000s ]
INFO: [ app_begin ] --END-- [ RunTime:0.001000s ]
SQL: SHOW COLUMNS FROM `et_shopmessage` [ RunTime:0.0030s ]
SQL: SELECT * FROM `et_shopmessage` WHERE `state` = 3  [ RunTime:0.0000s ]
SQL: SELECT * FROM `et_shopmessage`  [ RunTime:0.0010s ]
SQL: SHOW COLUMNS FROM `et_orders` [ RunTime:0.0030s ]
SQL: SELECT * FROM `et_orders` WHERE `state` = 6  [ RunTime:0.0000s ]
SQL: SELECT * FROM `et_shopmessage` WHERE `state` = 3 LIMIT 0,3   [ RunTime:0.0010s ]
INFO: [ view_parse ] --START--
NOTIC: [2] file_get_contents(./Application/Admin/View/Public/left.html): failed to open stream: No such file or directory D:\phpStudy\WWW\tp\ThinkPHP\Library\Think\Template.class.php 第 696 行.
INFO: [ template_filter ] --START--
INFO: Run Behavior\ContentReplaceBehavior [ RunTime:0.000000s ]
INFO: [ template_filter ] --END-- [ RunTime:0.000000s ]
INFO: Run Behavior\ParseTemplateBehavior [ RunTime:0.011001s ]
INFO: [ view_parse ] --END-- [ RunTime:0.011001s ]
INFO: [ view_filter ] --START--
INFO: Run Behavior\WriteHtmlCacheBehavior [ RunTime:0.000000s ]
INFO: [ view_filter ] --END-- [ RunTime:0.001000s ]
INFO: [ app_end ] --START--
INFO: Run Behavior\ShowPageTraceBehavior [ RunTime:0.001000s ]
INFO: [ app_end ] --END-- [ RunTime:0.001000s ]

[ 2017-06-30T10:58:44+08:00 ] 127.0.0.1 /index.php/Admin/Index/index
INFO: [ app_init ] --START--
INFO: Run Behavior\BuildLiteBehavior [ RunTime:0.000000s ]
INFO: [ app_init ] --END-- [ RunTime:0.001000s ]
INFO: [ app_begin ] --START--
INFO: Run Behavior\ReadHtmlCacheBehavior [ RunTime:0.001000s ]
INFO: [ app_begin ] --END-- [ RunTime:0.002000s ]
SQL: SHOW COLUMNS FROM `et_shopmessage` [ RunTime:0.0260s ]
SQL: SELECT * FROM `et_shopmessage` WHERE `state` = 3  [ RunTime:0.0150s ]
SQL: SELECT * FROM `et_shopmessage`  [ RunTime:0.0010s ]
SQL: SHOW COLUMNS FROM `et_orders` [ RunTime:0.0110s ]
SQL: SELECT * FROM `et_orders` WHERE `state` = 6  [ RunTime:0.0060s ]
SQL: SELECT * FROM `et_shopmessage` WHERE `state` = 3 LIMIT 0,3   [ RunTime:0.0100s ]
INFO: [ view_parse ] --START--
NOTIC: [2] file_get_contents(./Application/Admin/View/Public/left.html): failed to open stream: No such file or directory D:\phpStudy\WWW\tp\ThinkPHP\Library\Think\Template.class.php 第 696 行.
INFO: [ template_filter ] --START--
INFO: Run Behavior\ContentReplaceBehavior [ RunTime:0.001000s ]
INFO: [ template_filter ] --END-- [ RunTime:0.001000s ]
INFO: Run Behavior\ParseTemplateBehavior [ RunTime:0.017001s ]
INFO: [ view_parse ] --END-- [ RunTime:0.017001s ]
INFO: [ view_filter ] --START--
INFO: Run Behavior\WriteHtmlCacheBehavior [ RunTime:0.001000s ]
INFO: [ view_filter ] --END-- [ RunTime:0.001000s ]
INFO: [ app_end ] --START--
INFO: Run Behavior\ShowPageTraceBehavior [ RunTime:0.001000s ]
INFO: [ app_end ] --END-- [ RunTime:0.001000s ]

[ 2017-06-30T10:59:12+08:00 ] 127.0.0.1 /index.php/Admin/Index/jiaoyi
INFO: [ app_init ] --START--
INFO: Run Behavior\BuildLiteBehavior [ RunTime:0.000000s ]
INFO: [ app_init ] --END-- [ RunTime:0.001000s ]
INFO: [ app_begin ] --START--
INFO: Run Behavior\ReadHtmlCacheBehavior [ RunTime:0.000000s ]
INFO: [ app_begin ] --END-- [ RunTime:0.000000s ]
INFO: [ view_parse ] --START--
NOTIC: [2] file_get_contents(./Application/Admin/View/Public/left.html): failed to open stream: No such file or directory D:\phpStudy\WWW\tp\ThinkPHP\Library\Think\Template.class.php 第 696 行.
INFO: [ template_filter ] --START--
INFO: Run Behavior\ContentReplaceBehavior [ RunTime:0.000000s ]
INFO: [ template_filter ] --END-- [ RunTime:0.000000s ]
INFO: Run Behavior\ParseTemplateBehavior [ RunTime:0.012001s ]
INFO: [ view_parse ] --END-- [ RunTime:0.012001s ]
INFO: [ view_filter ] --START--
INFO: Run Behavior\WriteHtmlCacheBehavior [ RunTime:0.000000s ]
INFO: [ view_filter ] --END-- [ RunTime:0.000000s ]
INFO: [ app_end ] --START--
INFO: Run Behavior\ShowPageTraceBehavior [ RunTime:0.001000s ]
INFO: [ app_end ] --END-- [ RunTime:0.001000s ]

[ 2017-06-30T12:17:21+08:00 ] 127.0.0.1 /index.php/Admin/Index/index
INFO: [ app_init ] --START--
INFO: Run Behavior\BuildLiteBehavior [ RunTime:0.000000s ]
INFO: [ app_init ] --END-- [ RunTime:0.000000s ]
INFO: [ app_begin ] --START--
INFO: Run Behavior\ReadHtmlCacheBehavior [ RunTime:0.001000s ]
INFO: [ app_begin ] --END-- [ RunTime:0.001000s ]
SQL: SHOW COLUMNS FROM `et_shopmessage` [ RunTime:0.0040s ]
SQL: SELECT * FROM `et_shopmessage` WHERE `state` = 3  [ RunTime:0.0000s ]
SQL: SELECT * FROM `et_shopmessage`  [ RunTime:0.0000s ]
SQL: SHOW COLUMNS FROM `et_orders` [ RunTime:0.0050s ]
SQL: SELECT * FROM `et_orders` WHERE `state` = 6  [ RunTime:0.0000s ]
SQL: SELECT * FROM `et_shopmessage` WHERE `state` = 3 LIMIT 0,3   [ RunTime:0.0000s ]
INFO: [ view_parse ] --START--
NOTIC: [2] file_get_contents(./Application/Admin/View/Public/left.html): failed to open stream: No such file or directory D:\phpStudy\WWW\tp\ThinkPHP\Library\Think\Template.class.php 第 696 行.
INFO: [ template_filter ] --START--
INFO: Run Behavior\ContentReplaceBehavior [ RunTime:0.000000s ]
INFO: [ template_filter ] --END-- [ RunTime:0.000000s ]
INFO: Run Behavior\ParseTemplateBehavior [ RunTime:0.015001s ]
INFO: [ view_parse ] --END-- [ RunTime:0.015001s ]
INFO: [ view_filter ] --START--
INFO: Run Behavior\WriteHtmlCacheBehavior [ RunTime:0.000000s ]
INFO: [ view_filter ] --END-- [ RunTime:0.000000s ]
INFO: [ app_end ] --START--
INFO: Run Behavior\ShowPageTraceBehavior [ RunTime:0.001000s ]
INFO: [ app_end ] --END-- [ RunTime:0.001000s ]

[ 2017-06-30T12:17:44+08:00 ] 127.0.0.1 /index.php/Admin/Index/loadlgoin
INFO: [ app_init ] --START--
INFO: Run Behavior\BuildLiteBehavior [ RunTime:0.000000s ]
INFO: [ app_init ] --END-- [ RunTime:0.000000s ]
INFO: [ app_begin ] --START--
INFO: Run Behavior\ReadHtmlCacheBehavior [ RunTime:0.000000s ]
INFO: [ app_begin ] --END-- [ RunTime:0.000000s ]
ERR: 非法操作:loadlgoin

[ 2017-06-30T12:18:14+08:00 ] 127.0.0.1 /index.php/Admin/Index/loadlogin
INFO: [ app_init ] --START--
INFO: Run Behavior\BuildLiteBehavior [ RunTime:0.000000s ]
INFO: [ app_init ] --END-- [ RunTime:0.000000s ]
INFO: [ app_begin ] --START--
INFO: Run Behavior\ReadHtmlCacheBehavior [ RunTime:0.001000s ]
INFO: [ app_begin ] --END-- [ RunTime:0.001000s ]
INFO: [ view_parse ] --START--
INFO: [ template_filter ] --START--
INFO: Run Behavior\ContentReplaceBehavior [ RunTime:0.001000s ]
INFO: [ template_filter ] --END-- [ RunTime:0.001000s ]
INFO: Run Behavior\ParseTemplateBehavior [ RunTime:0.009000s ]
INFO: [ view_parse ] --END-- [ RunTime:0.009000s ]
INFO: [ view_filter ] --START--
INFO: Run Behavior\WriteHtmlCacheBehavior [ RunTime:0.000000s ]
INFO: [ view_filter ] --END-- [ RunTime:0.000000s ]
INFO: [ app_end ] --START--
INFO: Run Behavior\ShowPageTraceBehavior [ RunTime:0.001000s ]
INFO: [ app_end ] --END-- [ RunTime:0.001000s ]

[ 2017-06-30T12:18:23+08:00 ] 127.0.0.1 /index.php/Admin/Index/login.html
INFO: [ app_init ] --START--
INFO: Run Behavior\BuildLiteBehavior [ RunTime:0.000000s ]
INFO: [ app_init ] --END-- [ RunTime:0.001000s ]
INFO: [ app_begin ] --START--
INFO: Run Behavior\ReadHtmlCacheBehavior [ RunTime:0.001001s ]
INFO: [ app_begin ] --END-- [ RunTime:0.001001s ]
SQL: SHOW COLUMNS FROM `et_root` [ RunTime:0.0250s ]
SQL: SELECT * FROM `et_root` WHERE `username` = 'admin' LIMIT 1   [ RunTime:0.0010s ]
NOTIC: [8] A session had already been started - ignoring session_start() D:\phpStudy\WWW\tp\ThinkPHP\Common\functions.php 第 1263 行.

[ 2017-06-30T12:18:23+08:00 ] 127.0.0.1 /index.php/Admin/Index/Index/index
INFO: [ app_init ] --START--
INFO: Run Behavior\BuildLiteBehavior [ RunTime:0.000000s ]
INFO: [ app_init ] --END-- [ RunTime:0.000000s ]
INFO: [ app_begin ] --START--
INFO: Run Behavior\ReadHtmlCacheBehavior [ RunTime:0.001000s ]
INFO: [ app_begin ] --END-- [ RunTime:0.001000s ]
SQL: SHOW COLUMNS FROM `et_shopmessage` [ RunTime:0.0040s ]
SQL: SELECT * FROM `et_shopmessage` WHERE `state` = 3  [ RunTime:0.0000s ]
SQL: SELECT * FROM `et_shopmessage`  [ RunTime:0.0000s ]
SQL: SHOW COLUMNS FROM `et_orders` [ RunTime:0.0030s ]
SQL: SELECT * FROM `et_orders` WHERE `state` = 6  [ RunTime:0.0040s ]
SQL: SELECT * FROM `et_shopmessage` WHERE `state` = 3 LIMIT 0,3   [ RunTime:0.0010s ]
INFO: [ view_parse ] --START--
NOTIC: [2] file_get_contents(./Application/Admin/View/Public/left.html): failed to open stream: No such file or directory D:\phpStudy\WWW\tp\ThinkPHP\Library\Think\Template.class.php 第 696 行.
INFO: [ template_filter ] --START--
INFO: Run Behavior\ContentReplaceBehavior [ RunTime:0.000000s ]
INFO: [ template_filter ] --END-- [ RunTime:0.000000s ]
INFO: Run Behavior\ParseTemplateBehavior [ RunTime:0.014001s ]
INFO: [ view_parse ] --END-- [ RunTime:0.014001s ]
INFO: [ view_filter ] --START--
INFO: Run Behavior\WriteHtmlCacheBehavior [ RunTime:0.000000s ]
INFO: [ view_filter ] --END-- [ RunTime:0.000000s ]
INFO: [ app_end ] --START--
INFO: Run Behavior\ShowPageTraceBehavior [ RunTime:0.001000s ]
INFO: [ app_end ] --END-- [ RunTime:0.001000s ]

[ 2017-06-30T12:23:04+08:00 ] 127.0.0.1 /index.php/Admin/Index/Index/p/2.html
INFO: [ app_init ] --START--
INFO: Run Behavior\BuildLiteBehavior [ RunTime:0.000000s ]
INFO: [ app_init ] --END-- [ RunTime:0.001000s ]
INFO: [ app_begin ] --START--
INFO: Run Behavior\ReadHtmlCacheBehavior [ RunTime:0.001000s ]
INFO: [ app_begin ] --END-- [ RunTime:0.001000s ]
SQL: SHOW COLUMNS FROM `et_shopmessage` [ RunTime:0.0040s ]
SQL: SELECT * FROM `et_shopmessage` WHERE `state` = 3  [ RunTime:0.0000s ]
SQL: SELECT * FROM `et_shopmessage`  [ RunTime:0.0000s ]
SQL: SHOW COLUMNS FROM `et_orders` [ RunTime:0.0030s ]
SQL: SELECT * FROM `et_orders` WHERE `state` = 6  [ RunTime:0.0010s ]
SQL: SELECT * FROM `et_shopmessage` WHERE `state` = 3 LIMIT 3,3   [ RunTime:0.0000s ]
INFO: [ view_parse ] --START--
NOTIC: [2] file_get_contents(./Application/Admin/View/Public/left.html): failed to open stream: No such file or directory D:\phpStudy\WWW\tp\ThinkPHP\Library\Think\Template.class.php 第 696 行.
INFO: [ template_filter ] --START--
INFO: Run Behavior\ContentReplaceBehavior [ RunTime:0.000000s ]
INFO: [ template_filter ] --END-- [ RunTime:0.000000s ]
INFO: Run Behavior\ParseTemplateBehavior [ RunTime:0.011000s ]
INFO: [ view_parse ] --END-- [ RunTime:0.011000s ]
INFO: [ view_filter ] --START--
INFO: Run Behavior\WriteHtmlCacheBehavior [ RunTime:0.001000s ]
INFO: [ view_filter ] --END-- [ RunTime:0.001000s ]
INFO: [ app_end ] --START--
INFO: Run Behavior\ShowPageTraceBehavior [ RunTime:0.001001s ]
INFO: [ app_end ] --END-- [ RunTime:0.001001s ]

[ 2017-06-30T12:23:06+08:00 ] 127.0.0.1 /index.php/Admin/Index/Index/p/3.html
INFO: [ app_init ] --START--
INFO: Run Behavior\BuildLiteBehavior [ RunTime:0.000000s ]
INFO: [ app_init ] --END-- [ RunTime:0.000000s ]
INFO: [ app_begin ] --START--
INFO: Run Behavior\ReadHtmlCacheBehavior [ RunTime:0.001000s ]
INFO: [ app_begin ] --END-- [ RunTime:0.001000s ]
SQL: SHOW COLUMNS FROM `et_shopmessage` [ RunTime:0.0030s ]
SQL: SELECT * FROM `et_shopmessage` WHERE `state` = 3  [ RunTime:0.0010s ]
SQL: SELECT * FROM `et_shopmessage`  [ RunTime:0.0000s ]
SQL: SHOW COLUMNS FROM `et_orders` [ RunTime:0.0030s ]
SQL: SELECT * FROM `et_orders` WHERE `state` = 6  [ RunTime:0.0010s ]
SQL: SELECT * FROM `et_shopmessage` WHERE `state` = 3 LIMIT 6,3   [ RunTime:0.0010s ]
INFO: [ view_parse ] --START--
NOTIC: [2] file_get_contents(./Application/Admin/View/Public/left.html): failed to open stream: No such file or directory D:\phpStudy\WWW\tp\ThinkPHP\Library\Think\Template.class.php 第 696 行.
INFO: [ template_filter ] --START--
INFO: Run Behavior\ContentReplaceBehavior [ RunTime:0.000000s ]
INFO: [ template_filter ] --END-- [ RunTime:0.000000s ]
INFO: Run Behavior\ParseTemplateBehavior [ RunTime:0.011001s ]
INFO: [ view_parse ] --END-- [ RunTime:0.011001s ]
INFO: [ view_filter ] --START--
INFO: Run Behavior\WriteHtmlCacheBehavior [ RunTime:0.000000s ]
INFO: [ view_filter ] --END-- [ RunTime:0.000000s ]
INFO: [ app_end ] --START--
INFO: Run Behavior\ShowPageTraceBehavior [ RunTime:0.000000s ]
INFO: [ app_end ] --END-- [ RunTime:0.000000s ]

[ 2017-06-30T12:23:11+08:00 ] 127.0.0.1 /index.php/Admin/Index/Index/p/2.html
INFO: [ app_init ] --START--
INFO: Run Behavior\BuildLiteBehavior [ RunTime:0.001001s ]
INFO: [ app_init ] --END-- [ RunTime:0.001001s ]
INFO: [ app_begin ] --START--
INFO: Run Behavior\ReadHtmlCacheBehavior [ RunTime:0.001000s ]
INFO: [ app_begin ] --END-- [ RunTime:0.001000s ]
SQL: SHOW COLUMNS FROM `et_shopmessage` [ RunTime:0.0030s ]
SQL: SELECT * FROM `et_shopmessage` WHERE `state` = 3  [ RunTime:0.0010s ]
SQL: SELECT * FROM `et_shopmessage`  [ RunTime:0.0000s ]
SQL: SHOW COLUMNS FROM `et_orders` [ RunTime:0.0030s ]
SQL: SELECT * FROM `et_orders` WHERE `state` = 6  [ RunTime:0.0000s ]
SQL: SELECT * FROM `et_shopmessage` WHERE `state` = 3 LIMIT 3,3   [ RunTime:0.0010s ]
INFO: [ view_parse ] --START--
NOTIC: [2] file_get_contents(./Application/Admin/View/Public/left.html): failed to open stream: No such file or directory D:\phpStudy\WWW\tp\ThinkPHP\Library\Think\Template.class.php 第 696 行.
INFO: [ template_filter ] --START--
INFO: Run Behavior\ContentReplaceBehavior [ RunTime:0.001000s ]
INFO: [ template_filter ] --END-- [ RunTime:0.001000s ]
INFO: Run Behavior\ParseTemplateBehavior [ RunTime:0.011001s ]
INFO: [ view_parse ] --END-- [ RunTime:0.011001s ]
INFO: [ view_filter ] --START--
INFO: Run Behavior\WriteHtmlCacheBehavior [ RunTime:0.000000s ]
INFO: [ view_filter ] --END-- [ RunTime:0.000000s ]
INFO: [ app_end ] --START--
INFO: Run Behavior\ShowPageTraceBehavior [ RunTime:0.001000s ]
INFO: [ app_end ] --END-- [ RunTime:0.001000s ]

[ 2017-06-30T12:23:13+08:00 ] 127.0.0.1 /index.php/Admin/Index/Index/p/1.html
INFO: [ app_init ] --START--
INFO: Run Behavior\BuildLiteBehavior [ RunTime:0.000000s ]
INFO: [ app_init ] --END-- [ RunTime:0.000000s ]
INFO: [ app_begin ] --START--
INFO: Run Behavior\ReadHtmlCacheBehavior [ RunTime:0.001000s ]
INFO: [ app_begin ] --END-- [ RunTime:0.001000s ]
SQL: SHOW COLUMNS FROM `et_shopmessage` [ RunTime:0.0040s ]
SQL: SELECT * FROM `et_shopmessage` WHERE `state` = 3  [ RunTime:0.0010s ]
SQL: SELECT * FROM `et_shopmessage`  [ RunTime:0.0000s ]
SQL: SHOW COLUMNS FROM `et_orders` [ RunTime:0.0030s ]
SQL: SELECT * FROM `et_orders` WHERE `state` = 6  [ RunTime:0.0000s ]
SQL: SELECT * FROM `et_shopmessage` WHERE `state` = 3 LIMIT 0,3   [ RunTime:0.0000s ]
INFO: [ view_parse ] --START--
NOTIC: [2] file_get_contents(./Application/Admin/View/Public/left.html): failed to open stream: No such file or directory D:\phpStudy\WWW\tp\ThinkPHP\Library\Think\Template.class.php 第 696 行.
INFO: [ template_filter ] --START--
INFO: Run Behavior\ContentReplaceBehavior [ RunTime:0.000000s ]
INFO: [ template_filter ] --END-- [ RunTime:0.000000s ]
INFO: Run Behavior\ParseTemplateBehavior [ RunTime:0.011000s ]
INFO: [ view_parse ] --END-- [ RunTime:0.011000s ]
INFO: [ view_filter ] --START--
INFO: Run Behavior\WriteHtmlCacheBehavior [ RunTime:0.000000s ]
INFO: [ view_filter ] --END-- [ RunTime:0.000000s ]
INFO: [ app_end ] --START--
INFO: Run Behavior\ShowPageTraceBehavior [ RunTime:0.001000s ]
INFO: [ app_end ] --END-- [ RunTime:0.001000s ]

[ 2017-06-30T12:23:14+08:00 ] 127.0.0.1 /index.php/Admin/Index/Index/p/2.html
INFO: [ app_init ] --START--
INFO: Run Behavior\BuildLiteBehavior [ RunTime:0.000000s ]
INFO: [ app_init ] --END-- [ RunTime:0.001000s ]
INFO: [ app_begin ] --START--
INFO: Run Behavior\ReadHtmlCacheBehavior [ RunTime:0.000000s ]
INFO: [ app_begin ] --END-- [ RunTime:0.000000s ]
SQL: SHOW COLUMNS FROM `et_shopmessage` [ RunTime:0.0030s ]
SQL: SELECT * FROM `et_shopmessage` WHERE `state` = 3  [ RunTime:0.0000s ]
SQL: SELECT * FROM `et_shopmessage`  [ RunTime:0.0010s ]
SQL: SHOW COLUMNS FROM `et_orders` [ RunTime:0.0030s ]
SQL: SELECT * FROM `et_orders` WHERE `state` = 6  [ RunTime:0.0000s ]
SQL: SELECT * FROM `et_shopmessage` WHERE `state` = 3 LIMIT 3,3   [ RunTime:0.0010s ]
INFO: [ view_parse ] --START--
NOTIC: [2] file_get_contents(./Application/Admin/View/Public/left.html): failed to open stream: No such file or directory D:\phpStudy\WWW\tp\ThinkPHP\Library\Think\Template.class.php 第 696 行.
INFO: [ template_filter ] --START--
INFO: Run Behavior\ContentReplaceBehavior [ RunTime:0.000000s ]
INFO: [ template_filter ] --END-- [ RunTime:0.000000s ]
INFO: Run Behavior\ParseTemplateBehavior [ RunTime:0.011000s ]
INFO: [ view_parse ] --END-- [ RunTime:0.011000s ]
INFO: [ view_filter ] --START--
INFO: Run Behavior\WriteHtmlCacheBehavior [ RunTime:0.000000s ]
INFO: [ view_filter ] --END-- [ RunTime:0.000000s ]
INFO: [ app_end ] --START--
INFO: Run Behavior\ShowPageTraceBehavior [ RunTime:0.001000s ]
INFO: [ app_end ] --END-- [ RunTime:0.001000s ]

[ 2017-06-30T12:23:16+08:00 ] 127.0.0.1 /index.php/Admin/Index/Index/p/1.html
INFO: [ app_init ] --START--
INFO: Run Behavior\BuildLiteBehavior [ RunTime:0.000000s ]
INFO: [ app_init ] --END-- [ RunTime:0.000000s ]
INFO: [ app_begin ] --START--
INFO: Run Behavior\ReadHtmlCacheBehavior [ RunTime:0.001000s ]
INFO: [ app_begin ] --END-- [ RunTime:0.001000s ]
SQL: SHOW COLUMNS FROM `et_shopmessage` [ RunTime:0.0030s ]
SQL: SELECT * FROM `et_shopmessage` WHERE `state` = 3  [ RunTime:0.0010s ]
SQL: SELECT * FROM `et_shopmessage`  [ RunTime:0.0000s ]
SQL: SHOW COLUMNS FROM `et_orders` [ RunTime:0.0030s ]
SQL: SELECT * FROM `et_orders` WHERE `state` = 6  [ RunTime:0.0010s ]
SQL: SELECT * FROM `et_shopmessage` WHERE `state` = 3 LIMIT 0,3   [ RunTime:0.0000s ]
INFO: [ view_parse ] --START--
NOTIC: [2] file_get_contents(./Application/Admin/View/Public/left.html): failed to open stream: No such file or directory D:\phpStudy\WWW\tp\ThinkPHP\Library\Think\Template.class.php 第 696 行.
INFO: [ template_filter ] --START--
INFO: Run Behavior\ContentReplaceBehavior [ RunTime:0.000000s ]
INFO: [ template_filter ] --END-- [ RunTime:0.000000s ]
INFO: Run Behavior\ParseTemplateBehavior [ RunTime:0.010000s ]
INFO: [ view_parse ] --END-- [ RunTime:0.010000s ]
INFO: [ view_filter ] --START--
INFO: Run Behavior\WriteHtmlCacheBehavior [ RunTime:0.000000s ]
INFO: [ view_filter ] --END-- [ RunTime:0.000000s ]
INFO: [ app_end ] --START--
INFO: Run Behavior\ShowPageTraceBehavior [ RunTime:0.000000s ]
INFO: [ app_end ] --END-- [ RunTime:0.000000s ]

[ 2017-06-30T12:23:17+08:00 ] 127.0.0.1 /index.php/Admin/Index/Index/p/3.html
INFO: [ app_init ] --START--
INFO: Run Behavior\BuildLiteBehavior [ RunTime:0.000000s ]
INFO: [ app_init ] --END-- [ RunTime:0.002000s ]
INFO: [ app_begin ] --START--
INFO: Run Behavior\ReadHtmlCacheBehavior [ RunTime:0.000000s ]
INFO: [ app_begin ] --END-- [ RunTime:0.001000s ]
SQL: SHOW COLUMNS FROM `et_shopmessage` [ RunTime:0.0040s ]
SQL: SELECT * FROM `et_shopmessage` WHERE `state` = 3  [ RunTime:0.0010s ]
SQL: SELECT * FROM `et_shopmessage`  [ RunTime:0.0000s ]
SQL: SHOW COLUMNS FROM `et_orders` [ RunTime:0.0030s ]
SQL: SELECT * FROM `et_orders` WHERE `state` = 6  [ RunTime:0.0000s ]
SQL: SELECT * FROM `et_shopmessage` WHERE `state` = 3 LIMIT 6,3   [ RunTime:0.0010s ]
INFO: [ view_parse ] --START--
NOTIC: [2] file_get_contents(./Application/Admin/View/Public/left.html): failed to open stream: No such file or directory D:\phpStudy\WWW\tp\ThinkPHP\Library\Think\Template.class.php 第 696 行.
INFO: [ template_filter ] --START--
INFO: Run Behavior\ContentReplaceBehavior [ RunTime:0.001000s ]
INFO: [ template_filter ] --END-- [ RunTime:0.001000s ]
INFO: Run Behavior\ParseTemplateBehavior [ RunTime:0.013001s ]
INFO: [ view_parse ] --END-- [ RunTime:0.013001s ]
INFO: [ view_filter ] --START--
INFO: Run Behavior\WriteHtmlCacheBehavior [ RunTime:0.000000s ]
INFO: [ view_filter ] --END-- [ RunTime:0.000000s ]
INFO: [ app_end ] --START--
INFO: Run Behavior\ShowPageTraceBehavior [ RunTime:0.001000s ]
INFO: [ app_end ] --END-- [ RunTime:0.001000s ]

[ 2017-06-30T12:24:03+08:00 ] 127.0.0.1 /index.php/Admin/Index/Index/p/1.html
INFO: [ app_init ] --START--
INFO: Run Behavior\BuildLiteBehavior [ RunTime:0.000000s ]
INFO: [ app_init ] --END-- [ RunTime:0.000000s ]
INFO: [ app_begin ] --START--
INFO: Run Behavior\ReadHtmlCacheBehavior [ RunTime:0.001000s ]
INFO: [ app_begin ] --END-- [ RunTime:0.001000s ]
SQL: SHOW COLUMNS FROM `et_shopmessage` [ RunTime:0.0040s ]
SQL: SELECT * FROM `et_shopmessage` WHERE `state` = 3  [ RunTime:0.0010s ]
SQL: SELECT * FROM `et_shopmessage`  [ RunTime:0.0000s ]
SQL: SHOW COLUMNS FROM `et_orders` [ RunTime:0.0040s ]
SQL: SELECT * FROM `et_orders` WHERE `state` = 6  [ RunTime:0.0000s ]
SQL: SELECT * FROM `et_shopmessage` WHERE `state` = 3 LIMIT 0,3   [ RunTime:0.0000s ]
INFO: [ view_parse ] --START--
NOTIC: [2] file_get_contents(./Application/Admin/View/Public/left.html): failed to open stream: No such file or directory D:\phpStudy\WWW\tp\ThinkPHP\Library\Think\Template.class.php 第 696 行.
INFO: [ template_filter ] --START--
INFO: Run Behavior\ContentReplaceBehavior [ RunTime:0.000000s ]
INFO: [ template_filter ] --END-- [ RunTime:0.000000s ]
INFO: Run Behavior\ParseTemplateBehavior [ RunTime:0.011000s ]
INFO: [ view_parse ] --END-- [ RunTime:0.011000s ]
INFO: [ view_filter ] --START--
INFO: Run Behavior\WriteHtmlCacheBehavior [ RunTime:0.000000s ]
INFO: [ view_filter ] --END-- [ RunTime:0.001001s ]
INFO: [ app_end ] --START--
INFO: Run Behavior\ShowPageTraceBehavior [ RunTime:0.001000s ]
INFO: [ app_end ] --END-- [ RunTime:0.001000s ]

[ 2017-06-30T13:38:00+08:00 ] 127.0.0.1 /index.php/Admin/Index/Index/p/2.html
INFO: [ app_init ] --START--
INFO: Run Behavior\BuildLiteBehavior [ RunTime:0.000000s ]
INFO: [ app_init ] --END-- [ RunTime:0.000000s ]
INFO: [ app_begin ] --START--
INFO: Run Behavior\ReadHtmlCacheBehavior [ RunTime:0.001000s ]
INFO: [ app_begin ] --END-- [ RunTime:0.001000s ]
SQL: SHOW COLUMNS FROM `et_shopmessage` [ RunTime:0.0030s ]
SQL: SELECT * FROM `et_shopmessage` WHERE `state` = 3  [ RunTime:0.0000s ]
SQL: SELECT * FROM `et_shopmessage`  [ RunTime:0.0010s ]
SQL: SHOW COLUMNS FROM `et_orders` [ RunTime:0.0030s ]
SQL: SELECT * FROM `et_orders` WHERE `state` = 6  [ RunTime:0.0010s ]
SQL: SELECT * FROM `et_shopmessage` WHERE `state` = 3 LIMIT 3,3   [ RunTime:0.0000s ]
INFO: [ view_parse ] --START--
NOTIC: [2] file_get_contents(./Application/Admin/View/Public/left.html): failed to open stream: No such file or directory D:\phpStudy\WWW\tp\ThinkPHP\Library\Think\Template.class.php 第 696 行.
INFO: [ template_filter ] --START--
INFO: Run Behavior\ContentReplaceBehavior [ RunTime:0.000000s ]
INFO: [ template_filter ] --END-- [ RunTime:0.000000s ]
INFO: Run Behavior\ParseTemplateBehavior [ RunTime:0.011000s ]
INFO: [ view_parse ] --END-- [ RunTime:0.011000s ]
INFO: [ view_filter ] --START--
INFO: Run Behavior\WriteHtmlCacheBehavior [ RunTime:0.000000s ]
INFO: [ view_filter ] --END-- [ RunTime:0.000000s ]
INFO: [ app_end ] --START--
INFO: Run Behavior\ShowPageTraceBehavior [ RunTime:0.000000s ]
INFO: [ app_end ] --END-- [ RunTime:0.001000s ]

