[ 2017-09-13T15:38:57+08:00 ] 124.239.137.28 /index.php/admin
INFO: [ app_init ] --START--
INFO: Run Behavior\BuildLiteBehavior [ RunTime:0.000017s ]
INFO: [ app_init ] --END-- [ RunTime:0.000332s ]
INFO: [ app_begin ] --START--
INFO: Run Behavior\ReadHtmlCacheBehavior [ RunTime:0.000491s ]
INFO: [ app_begin ] --END-- [ RunTime:0.000546s ]
NOTIC: [8] A session had already been started - ignoring session_start() D:\wm\ThinkPHP\Common\functions.php 第 1263 行.

[ 2017-09-13T15:38:58+08:00 ] 124.239.137.28 /index.php/Admin/Login/loadlogin.html
INFO: [ app_init ] --START--
INFO: Run Behavior\BuildLiteBehavior [ RunTime:0.000014s ]
INFO: [ app_init ] --END-- [ RunTime:0.000316s ]
INFO: [ app_begin ] --START--
INFO: Run Behavior\ReadHtmlCacheBehavior [ RunTime:0.000444s ]
INFO: [ app_begin ] --END-- [ RunTime:0.000499s ]
NOTIC: [8] A session had already been started - ignoring session_start() D:\wm\ThinkPHP\Common\functions.php 第 1263 行.
INFO: [ view_parse ] --START--
INFO: [ template_filter ] --START--
INFO: Run Behavior\ContentReplaceBehavior [ RunTime:0.068709s ]
INFO: [ template_filter ] --END-- [ RunTime:0.068856s ]
INFO: Run Behavior\ParseTemplateBehavior [ RunTime:0.127558s ]
INFO: [ view_parse ] --END-- [ RunTime:0.127620s ]
INFO: [ view_filter ] --START--
INFO: Run Behavior\WriteHtmlCacheBehavior [ RunTime:0.021211s ]
INFO: [ view_filter ] --END-- [ RunTime:0.021314s ]
INFO: [ app_end ] --START--
INFO: Run Behavior\ShowPageTraceBehavior [ RunTime:0.000740s ]
INFO: [ app_end ] --END-- [ RunTime:0.000795s ]

[ 2017-09-13T15:39:03+08:00 ] 124.239.137.28 /index.php/Admin/Login/login.html
INFO: [ app_init ] --START--
INFO: Run Behavior\BuildLiteBehavior [ RunTime:0.000029s ]
INFO: [ app_init ] --END-- [ RunTime:0.000667s ]
INFO: [ app_begin ] --START--
INFO: Run Behavior\ReadHtmlCacheBehavior [ RunTime:0.000881s ]
INFO: [ app_begin ] --END-- [ RunTime:0.000963s ]
NOTIC: [8] A session had already been started - ignoring session_start() D:\wm\ThinkPHP\Common\functions.php 第 1263 行.
SQL: SHOW COLUMNS FROM `et_root` [ RunTime:0.0346s ]
SQL: SELECT * FROM `et_root` WHERE `username` = 'admin' LIMIT 1   [ RunTime:0.0398s ]
NOTIC: [8] A session had already been started - ignoring session_start() D:\wm\ThinkPHP\Common\functions.php 第 1263 行.

[ 2017-09-13T15:39:03+08:00 ] 124.239.137.28 /index.php/Admin/Index/index.html
INFO: [ app_init ] --START--
INFO: Run Behavior\BuildLiteBehavior [ RunTime:0.000016s ]
INFO: [ app_init ] --END-- [ RunTime:0.000298s ]
INFO: [ app_begin ] --START--
INFO: Run Behavior\ReadHtmlCacheBehavior [ RunTime:0.000542s ]
INFO: [ app_begin ] --END-- [ RunTime:0.000596s ]
NOTIC: [8] A session had already been started - ignoring session_start() D:\wm\ThinkPHP\Common\functions.php 第 1263 行.
SQL: SHOW COLUMNS FROM `et_shopmessage` [ RunTime:0.0029s ]
SQL: SELECT * FROM `et_shopmessage` WHERE `state` = 3  [ RunTime:0.0004s ]
SQL: SHOW COLUMNS FROM `et_orders` [ RunTime:0.0019s ]
SQL: SELECT * FROM `et_orders` WHERE `state` IN ('1','2') AND `states` = 1 AND `statu` = 1  [ RunTime:0.0035s ]
SQL: SELECT * FROM `et_shopmessage` WHERE `state` = 3 LIMIT 0,10   [ RunTime:0.0005s ]
SQL: SELECT * FROM `et_shopmessage` WHERE `state` IN ('1','2')  [ RunTime:0.0034s ]
SQL: SELECT * FROM `et_orders` WHERE `state` IN ('3','4','5') AND `states` = 1 AND `shopid` = 6 AND `statu` = 2  [ RunTime:0.0018s ]
SQL: SELECT * FROM `et_orders` WHERE `state` IN ('3','4','5') AND `states` = 1 AND `shopid` = 7 AND `statu` = 2  [ RunTime:0.0023s ]
SQL: SELECT * FROM `et_orders` WHERE `state` IN ('3','4','5') AND `states` = 1 AND `shopid` = 13 AND `statu` = 2  [ RunTime:0.0018s ]
SQL: SELECT * FROM `et_orders` WHERE `state` IN ('3','4','5') AND `states` = 1 AND `shopid` = 42 AND `statu` = 2  [ RunTime:0.0438s ]
SQL: SELECT * FROM `et_orders` WHERE `state` IN ('3','4','5') AND `states` = 1 AND `shopid` = 44 AND `statu` = 2  [ RunTime:0.0013s ]
SQL: SELECT * FROM `et_orders` WHERE `state` IN ('3','4','5') AND `states` = 1 AND `shopid` = 45 AND `statu` = 2  [ RunTime:0.0012s ]
SQL: SELECT * FROM `et_orders` WHERE `state` IN ('3','4','5') AND `states` = 1 AND `shopid` = 50 AND `statu` = 2  [ RunTime:0.0014s ]
INFO: [ view_parse ] --START--
NOTIC: [2] file_get_contents(./Application/Admin/View/Public/left.html): failed to open stream: No such file or directory D:\wm\ThinkPHP\Library\Think\Template.class.php 第 696 行.
INFO: [ template_filter ] --START--
INFO: Run Behavior\ContentReplaceBehavior [ RunTime:0.000284s ]
INFO: [ template_filter ] --END-- [ RunTime:0.000381s ]
NOTIC: [8] Undefined variable: shopname D:\wm\Application\Runtime\Cache\Admin\b595b808c2ebeeeb0478ffc30bb4e87a.php 第 331 行.
INFO: Run Behavior\ParseTemplateBehavior [ RunTime:0.136470s ]
INFO: [ view_parse ] --END-- [ RunTime:0.136549s ]
INFO: [ view_filter ] --START--
INFO: Run Behavior\WriteHtmlCacheBehavior [ RunTime:0.000321s ]
INFO: [ view_filter ] --END-- [ RunTime:0.000373s ]
INFO: [ app_end ] --START--
INFO: Run Behavior\ShowPageTraceBehavior [ RunTime:0.000512s ]
INFO: [ app_end ] --END-- [ RunTime:0.000739s ]

[ 2017-09-13T16:45:24+08:00 ] 157.119.172.2 /index.php/admin
INFO: [ app_init ] --START--
INFO: Run Behavior\BuildLiteBehavior [ RunTime:0.000016s ]
INFO: [ app_init ] --END-- [ RunTime:0.000375s ]
INFO: [ app_begin ] --START--
INFO: Run Behavior\ReadHtmlCacheBehavior [ RunTime:0.000508s ]
INFO: [ app_begin ] --END-- [ RunTime:0.000562s ]
NOTIC: [8] A session had already been started - ignoring session_start() D:\wm\ThinkPHP\Common\functions.php 第 1263 行.
SQL: SHOW COLUMNS FROM `et_shopmessage` [ RunTime:0.0017s ]
SQL: SELECT * FROM `et_shopmessage` WHERE `state` = 3  [ RunTime:0.0003s ]
SQL: SHOW COLUMNS FROM `et_orders` [ RunTime:0.0024s ]
SQL: SELECT * FROM `et_orders` WHERE `state` IN ('1','2') AND `states` = 1 AND `statu` = 1  [ RunTime:0.0034s ]
SQL: SELECT * FROM `et_shopmessage` WHERE `state` = 3 LIMIT 0,10   [ RunTime:0.0004s ]
SQL: SELECT * FROM `et_shopmessage` WHERE `state` IN ('1','2')  [ RunTime:0.0003s ]
SQL: SELECT * FROM `et_orders` WHERE `state` IN ('3','4','5') AND `states` = 1 AND `shopid` = 6 AND `statu` = 2  [ RunTime:0.0008s ]
SQL: SELECT * FROM `et_orders` WHERE `state` IN ('3','4','5') AND `states` = 1 AND `shopid` = 7 AND `statu` = 2  [ RunTime:0.0008s ]
SQL: SELECT * FROM `et_orders` WHERE `state` IN ('3','4','5') AND `states` = 1 AND `shopid` = 13 AND `statu` = 2  [ RunTime:0.0010s ]
SQL: SELECT * FROM `et_orders` WHERE `state` IN ('3','4','5') AND `states` = 1 AND `shopid` = 42 AND `statu` = 2  [ RunTime:0.0011s ]
SQL: SELECT * FROM `et_orders` WHERE `state` IN ('3','4','5') AND `states` = 1 AND `shopid` = 44 AND `statu` = 2  [ RunTime:0.0009s ]
SQL: SELECT * FROM `et_orders` WHERE `state` IN ('3','4','5') AND `states` = 1 AND `shopid` = 45 AND `statu` = 2  [ RunTime:0.0009s ]
SQL: SELECT * FROM `et_orders` WHERE `state` IN ('3','4','5') AND `states` = 1 AND `shopid` = 50 AND `statu` = 2  [ RunTime:0.0008s ]
INFO: [ view_parse ] --START--
NOTIC: [2] file_get_contents(./Application/Admin/View/Public/left.html): failed to open stream: No such file or directory D:\wm\ThinkPHP\Library\Think\Template.class.php 第 696 行.
INFO: [ template_filter ] --START--
INFO: Run Behavior\ContentReplaceBehavior [ RunTime:0.000204s ]
INFO: [ template_filter ] --END-- [ RunTime:0.000277s ]
NOTIC: [8] Undefined variable: shopname D:\wm\Application\Runtime\Cache\Admin\b595b808c2ebeeeb0478ffc30bb4e87a.php 第 331 行.
INFO: Run Behavior\ParseTemplateBehavior [ RunTime:0.069642s ]
INFO: [ view_parse ] --END-- [ RunTime:0.069694s ]
INFO: [ view_filter ] --START--
INFO: Run Behavior\WriteHtmlCacheBehavior [ RunTime:0.000267s ]
INFO: [ view_filter ] --END-- [ RunTime:0.000306s ]
INFO: [ app_end ] --START--
INFO: Run Behavior\ShowPageTraceBehavior [ RunTime:0.000431s ]
INFO: [ app_end ] --END-- [ RunTime:0.000482s ]

[ 2017-09-13T16:45:28+08:00 ] 157.119.172.2 /index.php/Admin/Shop/userlist.html
INFO: [ app_init ] --START--
INFO: Run Behavior\BuildLiteBehavior [ RunTime:0.000014s ]
INFO: [ app_init ] --END-- [ RunTime:0.000358s ]
INFO: [ app_begin ] --START--
INFO: Run Behavior\ReadHtmlCacheBehavior [ RunTime:0.000435s ]
INFO: [ app_begin ] --END-- [ RunTime:0.000494s ]
NOTIC: [8] A session had already been started - ignoring session_start() D:\wm\ThinkPHP\Common\functions.php 第 1263 行.
SQL: SHOW COLUMNS FROM `et_user` [ RunTime:0.0024s ]
SQL: SELECT COUNT(*) AS tp_count FROM `et_user` LIMIT 1   [ RunTime:0.0002s ]
SQL: SELECT * FROM `et_user` ORDER BY uid desc LIMIT 0,10   [ RunTime:0.0007s ]
SQL: SHOW COLUMNS FROM `et_orders` [ RunTime:0.0394s ]
SQL: SELECT * FROM `et_orders` WHERE `uid` = 69 AND `statu` = 2  [ RunTime:0.0016s ]
SQL: SELECT * FROM `et_orders` WHERE `uid` = 68 AND `statu` = 2  [ RunTime:0.0014s ]
SQL: SELECT * FROM `et_orders` WHERE `uid` = 67 AND `statu` = 2  [ RunTime:0.0014s ]
SQL: SELECT * FROM `et_orders` WHERE `uid` = 66 AND `statu` = 2  [ RunTime:0.0013s ]
SQL: SELECT * FROM `et_orders` WHERE `uid` = 65 AND `statu` = 2  [ RunTime:0.0009s ]
SQL: SELECT * FROM `et_orders` WHERE `uid` = 64 AND `statu` = 2  [ RunTime:0.0009s ]
SQL: SELECT * FROM `et_orders` WHERE `uid` = 63 AND `statu` = 2  [ RunTime:0.0009s ]
SQL: SELECT * FROM `et_orders` WHERE `uid` = 62 AND `statu` = 2  [ RunTime:0.0009s ]
SQL: SELECT * FROM `et_orders` WHERE `uid` = 61 AND `statu` = 2  [ RunTime:0.0008s ]
SQL: SELECT * FROM `et_orders` WHERE `uid` = 60 AND `statu` = 2  [ RunTime:0.0013s ]
INFO: [ view_parse ] --START--
NOTIC: [2] file_get_contents(./Application/Admin/View/Public/left.html): failed to open stream: No such file or directory D:\wm\ThinkPHP\Library\Think\Template.class.php 第 696 行.
INFO: [ template_filter ] --START--
INFO: Run Behavior\ContentReplaceBehavior [ RunTime:0.000164s ]
INFO: [ template_filter ] --END-- [ RunTime:0.000223s ]
NOTIC: [8] Undefined variable: name D:\wm\Application\Runtime\Cache\Admin\304548361027e1020d694061233a2a89.php 第 307 行.
INFO: Run Behavior\ParseTemplateBehavior [ RunTime:0.030947s ]
INFO: [ view_parse ] --END-- [ RunTime:0.031012s ]
INFO: [ view_filter ] --START--
INFO: Run Behavior\WriteHtmlCacheBehavior [ RunTime:0.000376s ]
INFO: [ view_filter ] --END-- [ RunTime:0.000429s ]
INFO: [ app_end ] --START--
INFO: Run Behavior\ShowPageTraceBehavior [ RunTime:0.000514s ]
INFO: [ app_end ] --END-- [ RunTime:0.000580s ]

[ 2017-09-13T16:45:41+08:00 ] 124.239.137.25 /index.php/Admin/Shop/userlist/p/2.html
INFO: [ app_init ] --START--
INFO: Run Behavior\BuildLiteBehavior [ RunTime:0.000015s ]
INFO: [ app_init ] --END-- [ RunTime:0.000312s ]
INFO: [ app_begin ] --START--
INFO: Run Behavior\ReadHtmlCacheBehavior [ RunTime:0.000503s ]
INFO: [ app_begin ] --END-- [ RunTime:0.000560s ]
NOTIC: [8] A session had already been started - ignoring session_start() D:\wm\ThinkPHP\Common\functions.php 第 1263 行.
SQL: SHOW COLUMNS FROM `et_user` [ RunTime:0.0027s ]
SQL: SELECT COUNT(*) AS tp_count FROM `et_user` LIMIT 1   [ RunTime:0.0002s ]
SQL: SELECT * FROM `et_user` ORDER BY uid desc LIMIT 10,10   [ RunTime:0.0005s ]
SQL: SHOW COLUMNS FROM `et_orders` [ RunTime:0.0020s ]
SQL: SELECT * FROM `et_orders` WHERE `uid` = 59 AND `statu` = 2  [ RunTime:0.0009s ]
SQL: SELECT * FROM `et_orders` WHERE `uid` = 58 AND `statu` = 2  [ RunTime:0.0009s ]
SQL: SELECT * FROM `et_orders` WHERE `uid` = 57 AND `statu` = 2  [ RunTime:0.0009s ]
SQL: SELECT * FROM `et_orders` WHERE `uid` = 56 AND `statu` = 2  [ RunTime:0.0008s ]
SQL: SELECT * FROM `et_orders` WHERE `uid` = 55 AND `statu` = 2  [ RunTime:0.0009s ]
SQL: SELECT * FROM `et_orders` WHERE `uid` = 54 AND `statu` = 2  [ RunTime:0.0010s ]
SQL: SELECT * FROM `et_orders` WHERE `uid` = 53 AND `statu` = 2  [ RunTime:0.0009s ]
SQL: SELECT * FROM `et_orders` WHERE `uid` = 52 AND `statu` = 2  [ RunTime:0.0009s ]
SQL: SELECT * FROM `et_orders` WHERE `uid` = 51 AND `statu` = 2  [ RunTime:0.0009s ]
SQL: SELECT * FROM `et_orders` WHERE `uid` = 50 AND `statu` = 2  [ RunTime:0.0009s ]
INFO: [ view_parse ] --START--
NOTIC: [2] file_get_contents(./Application/Admin/View/Public/left.html): failed to open stream: No such file or directory D:\wm\ThinkPHP\Library\Think\Template.class.php 第 696 行.
INFO: [ template_filter ] --START--
INFO: Run Behavior\ContentReplaceBehavior [ RunTime:0.000171s ]
INFO: [ template_filter ] --END-- [ RunTime:0.000246s ]
NOTIC: [8] Undefined variable: name D:\wm\Application\Runtime\Cache\Admin\304548361027e1020d694061233a2a89.php 第 307 行.
INFO: Run Behavior\ParseTemplateBehavior [ RunTime:0.070960s ]
INFO: [ view_parse ] --END-- [ RunTime:0.071083s ]
INFO: [ view_filter ] --START--
INFO: Run Behavior\WriteHtmlCacheBehavior [ RunTime:0.000303s ]
INFO: [ view_filter ] --END-- [ RunTime:0.000344s ]
INFO: [ app_end ] --START--
INFO: Run Behavior\ShowPageTraceBehavior [ RunTime:0.000520s ]
INFO: [ app_end ] --END-- [ RunTime:0.000573s ]

[ 2017-09-13T16:45:43+08:00 ] 124.239.137.25 /index.php/Admin/Shop/userlist/p/3.html
INFO: [ app_init ] --START--
INFO: Run Behavior\BuildLiteBehavior [ RunTime:0.000018s ]
INFO: [ app_init ] --END-- [ RunTime:0.000308s ]
INFO: [ app_begin ] --START--
INFO: Run Behavior\ReadHtmlCacheBehavior [ RunTime:0.000569s ]
INFO: [ app_begin ] --END-- [ RunTime:0.000641s ]
NOTIC: [8] A session had already been started - ignoring session_start() D:\wm\ThinkPHP\Common\functions.php 第 1263 行.
SQL: SHOW COLUMNS FROM `et_user` [ RunTime:0.0031s ]
SQL: SELECT COUNT(*) AS tp_count FROM `et_user` LIMIT 1   [ RunTime:0.0003s ]
SQL: SELECT * FROM `et_user` ORDER BY uid desc LIMIT 20,10   [ RunTime:0.0003s ]
SQL: SHOW COLUMNS FROM `et_orders` [ RunTime:0.0027s ]
SQL: SELECT * FROM `et_orders` WHERE `uid` = 49 AND `statu` = 2  [ RunTime:0.0010s ]
SQL: SELECT * FROM `et_orders` WHERE `uid` = 48 AND `statu` = 2  [ RunTime:0.0009s ]
SQL: SELECT * FROM `et_orders` WHERE `uid` = 47 AND `statu` = 2  [ RunTime:0.0010s ]
SQL: SELECT * FROM `et_orders` WHERE `uid` = 46 AND `statu` = 2  [ RunTime:0.0009s ]
SQL: SELECT * FROM `et_orders` WHERE `uid` = 45 AND `statu` = 2  [ RunTime:0.0008s ]
SQL: SELECT * FROM `et_orders` WHERE `uid` = 44 AND `statu` = 2  [ RunTime:0.0009s ]
SQL: SELECT * FROM `et_orders` WHERE `uid` = 43 AND `statu` = 2  [ RunTime:0.0009s ]
SQL: SELECT * FROM `et_orders` WHERE `uid` = 41 AND `statu` = 2  [ RunTime:0.0008s ]
SQL: SELECT * FROM `et_orders` WHERE `uid` = 40 AND `statu` = 2  [ RunTime:0.0008s ]
SQL: SELECT * FROM `et_orders` WHERE `uid` = 38 AND `statu` = 2  [ RunTime:0.0011s ]
INFO: [ view_parse ] --START--
NOTIC: [2] file_get_contents(./Application/Admin/View/Public/left.html): failed to open stream: No such file or directory D:\wm\ThinkPHP\Library\Think\Template.class.php 第 696 行.
INFO: [ template_filter ] --START--
INFO: Run Behavior\ContentReplaceBehavior [ RunTime:0.000183s ]
INFO: [ template_filter ] --END-- [ RunTime:0.000251s ]
NOTIC: [8] Undefined variable: name D:\wm\Application\Runtime\Cache\Admin\304548361027e1020d694061233a2a89.php 第 307 行.
INFO: Run Behavior\ParseTemplateBehavior [ RunTime:0.013374s ]
INFO: [ view_parse ] --END-- [ RunTime:0.013427s ]
INFO: [ view_filter ] --START--
INFO: Run Behavior\WriteHtmlCacheBehavior [ RunTime:0.000273s ]
INFO: [ view_filter ] --END-- [ RunTime:0.000313s ]
INFO: [ app_end ] --START--
INFO: Run Behavior\ShowPageTraceBehavior [ RunTime:0.000456s ]
INFO: [ app_end ] --END-- [ RunTime:0.000507s ]

[ 2017-09-13T16:45:51+08:00 ] 157.119.172.2 /index.php/Admin/Shop/userdetail?uid=41
INFO: [ app_init ] --START--
INFO: Run Behavior\BuildLiteBehavior [ RunTime:0.000023s ]
INFO: [ app_init ] --END-- [ RunTime:0.000400s ]
INFO: [ app_begin ] --START--
INFO: Run Behavior\ReadHtmlCacheBehavior [ RunTime:0.000520s ]
INFO: [ app_begin ] --END-- [ RunTime:0.000576s ]
NOTIC: [8] A session had already been started - ignoring session_start() D:\wm\ThinkPHP\Common\functions.php 第 1263 行.
SQL: SHOW COLUMNS FROM `et_user` [ RunTime:0.0024s ]
SQL: SELECT * FROM `et_user` WHERE `uid` = 41 LIMIT 1   [ RunTime:0.0166s ]
SQL: SHOW COLUMNS FROM `et_shipping_address` [ RunTime:0.0372s ]
SQL: SELECT * FROM `et_shipping_address` WHERE `userid` = 41  [ RunTime:0.0003s ]
INFO: [ view_parse ] --START--
NOTIC: [2] file_get_contents(./Application/Admin/View/Public/left.html): failed to open stream: No such file or directory D:\wm\ThinkPHP\Library\Think\Template.class.php 第 696 行.
INFO: [ template_filter ] --START--
INFO: Run Behavior\ContentReplaceBehavior [ RunTime:0.000172s ]
INFO: [ template_filter ] --END-- [ RunTime:0.000241s ]
INFO: Run Behavior\ParseTemplateBehavior [ RunTime:0.011336s ]
INFO: [ view_parse ] --END-- [ RunTime:0.011408s ]
INFO: [ view_filter ] --START--
INFO: Run Behavior\WriteHtmlCacheBehavior [ RunTime:0.000311s ]
INFO: [ view_filter ] --END-- [ RunTime:0.000400s ]
INFO: [ app_end ] --START--
INFO: Run Behavior\ShowPageTraceBehavior [ RunTime:0.000467s ]
INFO: [ app_end ] --END-- [ RunTime:0.000519s ]

[ 2017-09-13T18:52:27+08:00 ] 183.57.53.196 /index.php/Admin/Login/loadlogin.html
INFO: [ app_init ] --START--
INFO: Run Behavior\BuildLiteBehavior [ RunTime:0.000017s ]
INFO: [ app_init ] --END-- [ RunTime:0.000326s ]
INFO: [ app_begin ] --START--
INFO: Run Behavior\ReadHtmlCacheBehavior [ RunTime:0.000603s ]
INFO: [ app_begin ] --END-- [ RunTime:0.000669s ]
NOTIC: [8] A session had already been started - ignoring session_start() D:\wm\ThinkPHP\Common\functions.php 第 1263 行.
INFO: [ view_parse ] --START--
INFO: [ template_filter ] --START--
INFO: Run Behavior\ContentReplaceBehavior [ RunTime:0.000056s ]
INFO: [ template_filter ] --END-- [ RunTime:0.000121s ]
INFO: Run Behavior\ParseTemplateBehavior [ RunTime:0.073385s ]
INFO: [ view_parse ] --END-- [ RunTime:0.073445s ]
INFO: [ view_filter ] --START--
INFO: Run Behavior\WriteHtmlCacheBehavior [ RunTime:0.017360s ]
INFO: [ view_filter ] --END-- [ RunTime:0.017421s ]
INFO: [ app_end ] --START--
INFO: Run Behavior\ShowPageTraceBehavior [ RunTime:0.000573s ]
INFO: [ app_end ] --END-- [ RunTime:0.000632s ]

[ 2017-09-13T19:18:01+08:00 ] 183.57.53.222 /index.php/admin
INFO: [ app_init ] --START--
INFO: Run Behavior\BuildLiteBehavior [ RunTime:0.000017s ]
INFO: [ app_init ] --END-- [ RunTime:0.000309s ]
INFO: [ app_begin ] --START--
INFO: Run Behavior\ReadHtmlCacheBehavior [ RunTime:0.000470s ]
INFO: [ app_begin ] --END-- [ RunTime:0.000524s ]
NOTIC: [8] A session had already been started - ignoring session_start() D:\wm\ThinkPHP\Common\functions.php 第 1263 行.

[ 2017-09-13T19:18:01+08:00 ] 183.57.53.222 /index.php/Admin/Login/loadlogin.html
INFO: [ app_init ] --START--
INFO: Run Behavior\BuildLiteBehavior [ RunTime:0.000025s ]
INFO: [ app_init ] --END-- [ RunTime:0.000389s ]
INFO: [ app_begin ] --START--
INFO: Run Behavior\ReadHtmlCacheBehavior [ RunTime:0.000661s ]
INFO: [ app_begin ] --END-- [ RunTime:0.000716s ]
NOTIC: [8] A session had already been started - ignoring session_start() D:\wm\ThinkPHP\Common\functions.php 第 1263 行.
INFO: [ view_parse ] --START--
INFO: [ template_filter ] --START--
INFO: Run Behavior\ContentReplaceBehavior [ RunTime:0.000052s ]
INFO: [ template_filter ] --END-- [ RunTime:0.000102s ]
INFO: Run Behavior\ParseTemplateBehavior [ RunTime:0.005146s ]
INFO: [ view_parse ] --END-- [ RunTime:0.005200s ]
INFO: [ view_filter ] --START--
INFO: Run Behavior\WriteHtmlCacheBehavior [ RunTime:0.000275s ]
INFO: [ view_filter ] --END-- [ RunTime:0.000330s ]
INFO: [ app_end ] --START--
INFO: Run Behavior\ShowPageTraceBehavior [ RunTime:0.000519s ]
INFO: [ app_end ] --END-- [ RunTime:0.000570s ]

[ 2017-09-13T19:25:14+08:00 ] 183.57.53.197 /index.php/Admin/Index/index.html
INFO: [ app_init ] --START--
INFO: Run Behavior\BuildLiteBehavior [ RunTime:0.000023s ]
INFO: [ app_init ] --END-- [ RunTime:0.000425s ]
INFO: [ app_begin ] --START--
INFO: Run Behavior\ReadHtmlCacheBehavior [ RunTime:0.000488s ]
INFO: [ app_begin ] --END-- [ RunTime:0.000542s ]
NOTIC: [8] A session had already been started - ignoring session_start() D:\wm\ThinkPHP\Common\functions.php 第 1263 行.

[ 2017-09-13T19:25:14+08:00 ] 183.57.53.197 /index.php/Admin/Login/loadlogin.html
INFO: [ app_init ] --START--
INFO: Run Behavior\BuildLiteBehavior [ RunTime:0.000021s ]
INFO: [ app_init ] --END-- [ RunTime:0.000317s ]
INFO: [ app_begin ] --START--
INFO: Run Behavior\ReadHtmlCacheBehavior [ RunTime:0.000566s ]
INFO: [ app_begin ] --END-- [ RunTime:0.000637s ]
NOTIC: [8] A session had already been started - ignoring session_start() D:\wm\ThinkPHP\Common\functions.php 第 1263 行.
INFO: [ view_parse ] --START--
INFO: [ template_filter ] --START--
INFO: Run Behavior\ContentReplaceBehavior [ RunTime:0.000055s ]
INFO: [ template_filter ] --END-- [ RunTime:0.000114s ]
INFO: Run Behavior\ParseTemplateBehavior [ RunTime:0.005893s ]
INFO: [ view_parse ] --END-- [ RunTime:0.005946s ]
INFO: [ view_filter ] --START--
INFO: Run Behavior\WriteHtmlCacheBehavior [ RunTime:0.000240s ]
INFO: [ view_filter ] --END-- [ RunTime:0.000281s ]
INFO: [ app_end ] --START--
INFO: Run Behavior\ShowPageTraceBehavior [ RunTime:0.000532s ]
INFO: [ app_end ] --END-- [ RunTime:0.000578s ]

[ 2017-09-13T21:03:56+08:00 ] 163.177.90.152 /index.php/Admin/Shop/userdetail?uid%3D41
INFO: [ app_init ] --START--
INFO: Run Behavior\BuildLiteBehavior [ RunTime:0.000017s ]
INFO: [ app_init ] --END-- [ RunTime:0.000342s ]
INFO: [ app_begin ] --START--
INFO: Run Behavior\ReadHtmlCacheBehavior [ RunTime:0.000497s ]
INFO: [ app_begin ] --END-- [ RunTime:0.000567s ]
NOTIC: [8] A session had already been started - ignoring session_start() D:\wm\ThinkPHP\Common\functions.php 第 1263 行.

[ 2017-09-13T21:03:56+08:00 ] 163.177.90.152 /index.php/Admin/Login/loadlogin.html
INFO: [ app_init ] --START--
INFO: Run Behavior\BuildLiteBehavior [ RunTime:0.000031s ]
INFO: [ app_init ] --END-- [ RunTime:0.000474s ]
INFO: [ app_begin ] --START--
INFO: Run Behavior\ReadHtmlCacheBehavior [ RunTime:0.000591s ]
INFO: [ app_begin ] --END-- [ RunTime:0.000645s ]
NOTIC: [8] A session had already been started - ignoring session_start() D:\wm\ThinkPHP\Common\functions.php 第 1263 行.
INFO: [ view_parse ] --START--
INFO: [ template_filter ] --START--
INFO: Run Behavior\ContentReplaceBehavior [ RunTime:0.000059s ]
INFO: [ template_filter ] --END-- [ RunTime:0.000152s ]
INFO: Run Behavior\ParseTemplateBehavior [ RunTime:0.005373s ]
INFO: [ view_parse ] --END-- [ RunTime:0.005426s ]
INFO: [ view_filter ] --START--
INFO: Run Behavior\WriteHtmlCacheBehavior [ RunTime:0.000282s ]
INFO: [ view_filter ] --END-- [ RunTime:0.000319s ]
INFO: [ app_end ] --START--
INFO: Run Behavior\ShowPageTraceBehavior [ RunTime:0.000445s ]
INFO: [ app_end ] --END-- [ RunTime:0.000492s ]

