[ 2017-08-08T10:38:54+08:00 ] 129.127.113.105 /index.php/Admin/Index/index.html
INFO: [ app_init ] --START--
INFO: Run Behavior\BuildLiteBehavior [ RunTime:0.000026s ]
INFO: [ app_init ] --END-- [ RunTime:0.000367s ]
INFO: [ app_begin ] --START--
INFO: Run Behavior\ReadHtmlCacheBehavior [ RunTime:0.000658s ]
INFO: [ app_begin ] --END-- [ RunTime:0.000730s ]
NOTIC: [8] A session had already been started - ignoring session_start() D:\wm\ThinkPHP\Common\functions.php 第 1263 行.

[ 2017-08-08T10:38:54+08:00 ] 129.127.113.105 /index.php/Admin/Login/loadlogin.html
INFO: [ app_init ] --START--
INFO: Run Behavior\BuildLiteBehavior [ RunTime:0.000026s ]
INFO: [ app_init ] --END-- [ RunTime:0.000343s ]
INFO: [ app_begin ] --START--
INFO: Run Behavior\ReadHtmlCacheBehavior [ RunTime:0.000488s ]
INFO: [ app_begin ] --END-- [ RunTime:0.000543s ]
NOTIC: [8] A session had already been started - ignoring session_start() D:\wm\ThinkPHP\Common\functions.php 第 1263 行.
INFO: [ view_parse ] --START--
INFO: [ template_filter ] --START--
INFO: Run Behavior\ContentReplaceBehavior [ RunTime:0.000058s ]
INFO: [ template_filter ] --END-- [ RunTime:0.000136s ]
INFO: Run Behavior\ParseTemplateBehavior [ RunTime:0.118477s ]
INFO: [ view_parse ] --END-- [ RunTime:0.118604s ]
INFO: [ view_filter ] --START--
INFO: Run Behavior\WriteHtmlCacheBehavior [ RunTime:0.020774s ]
INFO: [ view_filter ] --END-- [ RunTime:0.020844s ]
INFO: [ app_end ] --START--
INFO: Run Behavior\ShowPageTraceBehavior [ RunTime:0.001164s ]
INFO: [ app_end ] --END-- [ RunTime:0.001223s ]

[ 2017-08-08T10:39:03+08:00 ] 129.127.113.105 /index.php/Admin/Login/login.html
INFO: [ app_init ] --START--
INFO: Run Behavior\BuildLiteBehavior [ RunTime:0.000017s ]
INFO: [ app_init ] --END-- [ RunTime:0.000319s ]
INFO: [ app_begin ] --START--
INFO: Run Behavior\ReadHtmlCacheBehavior [ RunTime:0.000484s ]
INFO: [ app_begin ] --END-- [ RunTime:0.000543s ]
NOTIC: [8] A session had already been started - ignoring session_start() D:\wm\ThinkPHP\Common\functions.php 第 1263 行.
SQL: SHOW COLUMNS FROM `et_root` [ RunTime:0.0026s ]
SQL: SELECT * FROM `et_root` WHERE `username` = 'admin' LIMIT 1   [ RunTime:0.0003s ]
NOTIC: [8] A session had already been started - ignoring session_start() D:\wm\ThinkPHP\Common\functions.php 第 1263 行.

[ 2017-08-08T10:39:04+08:00 ] 129.127.113.105 /index.php/Admin/Index/index.html
INFO: [ app_init ] --START--
INFO: Run Behavior\BuildLiteBehavior [ RunTime:0.000018s ]
INFO: [ app_init ] --END-- [ RunTime:0.000350s ]
INFO: [ app_begin ] --START--
INFO: Run Behavior\ReadHtmlCacheBehavior [ RunTime:0.000524s ]
INFO: [ app_begin ] --END-- [ RunTime:0.000593s ]
NOTIC: [8] A session had already been started - ignoring session_start() D:\wm\ThinkPHP\Common\functions.php 第 1263 行.
SQL: SHOW COLUMNS FROM `et_shopmessage` [ RunTime:0.0039s ]
SQL: SELECT * FROM `et_shopmessage` WHERE `state` = 3  [ RunTime:0.0008s ]
SQL: SHOW COLUMNS FROM `et_orders` [ RunTime:0.0019s ]
SQL: SELECT * FROM `et_orders` WHERE `state` IN ('1','2') AND `states` = 1 AND `statu` = 1  [ RunTime:0.0013s ]
SQL: SELECT * FROM `et_shopmessage` WHERE `state` = 3 LIMIT 0,10   [ RunTime:0.0008s ]
SQL: SELECT * FROM `et_shopmessage` WHERE `state` IN ('1','2')  [ RunTime:0.0005s ]
SQL: SELECT * FROM `et_orders` WHERE `state` IN ('3','4','5') AND `states` = 1 AND `shopid` = 6 AND `statu` = 2  [ RunTime:0.0004s ]
SQL: SELECT * FROM `et_orders` WHERE `state` IN ('3','4','5') AND `states` = 1 AND `shopid` = 7 AND `statu` = 2  [ RunTime:0.0004s ]
SQL: SELECT * FROM `et_orders` WHERE `state` IN ('3','4','5') AND `states` = 1 AND `shopid` = 13 AND `statu` = 2  [ RunTime:0.0005s ]
SQL: SELECT * FROM `et_orders` WHERE `state` IN ('3','4','5') AND `states` = 1 AND `shopid` = 39 AND `statu` = 2  [ RunTime:0.0004s ]
SQL: SELECT * FROM `et_orders` WHERE `state` IN ('3','4','5') AND `states` = 1 AND `shopid` = 42 AND `statu` = 2  [ RunTime:0.0004s ]
INFO: [ view_parse ] --START--
NOTIC: [2] file_get_contents(./Application/Admin/View/Public/left.html): failed to open stream: No such file or directory D:\wm\ThinkPHP\Library\Think\Template.class.php 第 696 行.
INFO: [ template_filter ] --START--
INFO: Run Behavior\ContentReplaceBehavior [ RunTime:0.000254s ]
INFO: [ template_filter ] --END-- [ RunTime:0.000354s ]
NOTIC: [8] Undefined variable: shopname D:\wm\Application\Runtime\Cache\Admin\b595b808c2ebeeeb0478ffc30bb4e87a.php 第 332 行.
INFO: Run Behavior\ParseTemplateBehavior [ RunTime:0.067050s ]
INFO: [ view_parse ] --END-- [ RunTime:0.067163s ]
INFO: [ view_filter ] --START--
INFO: Run Behavior\WriteHtmlCacheBehavior [ RunTime:0.000384s ]
INFO: [ view_filter ] --END-- [ RunTime:0.000446s ]
INFO: [ app_end ] --START--
INFO: Run Behavior\ShowPageTraceBehavior [ RunTime:0.000796s ]
INFO: [ app_end ] --END-- [ RunTime:0.000864s ]

[ 2017-08-08T10:39:11+08:00 ] 129.127.113.105 /index.php/Admin/Index/index.html
INFO: [ app_init ] --START--
INFO: Run Behavior\BuildLiteBehavior [ RunTime:0.000027s ]
INFO: [ app_init ] --END-- [ RunTime:0.000455s ]
INFO: [ app_begin ] --START--
INFO: Run Behavior\ReadHtmlCacheBehavior [ RunTime:0.000866s ]
INFO: [ app_begin ] --END-- [ RunTime:0.000949s ]
NOTIC: [8] A session had already been started - ignoring session_start() D:\wm\ThinkPHP\Common\functions.php 第 1263 行.
SQL: SHOW COLUMNS FROM `et_shopmessage` [ RunTime:0.0039s ]
SQL: SELECT * FROM `et_shopmessage` WHERE `state` = 3  [ RunTime:0.0010s ]
SQL: SHOW COLUMNS FROM `et_orders` [ RunTime:0.0039s ]
SQL: SELECT * FROM `et_orders` WHERE `state` IN ('1','2') AND `states` = 1 AND `statu` = 1  [ RunTime:0.0019s ]
SQL: SELECT * FROM `et_shopmessage` WHERE `state` = 3 LIMIT 0,10   [ RunTime:0.0008s ]
SQL: SELECT * FROM `et_shopmessage` WHERE `state` IN ('1','2')  [ RunTime:0.0005s ]
SQL: SELECT * FROM `et_orders` WHERE `state` IN ('3','4','5') AND `states` = 1 AND `shopid` = 6 AND `statu` = 2  [ RunTime:0.0007s ]
SQL: SELECT * FROM `et_orders` WHERE `state` IN ('3','4','5') AND `states` = 1 AND `shopid` = 7 AND `statu` = 2  [ RunTime:0.0007s ]
SQL: SELECT * FROM `et_orders` WHERE `state` IN ('3','4','5') AND `states` = 1 AND `shopid` = 13 AND `statu` = 2  [ RunTime:0.0007s ]
SQL: SELECT * FROM `et_orders` WHERE `state` IN ('3','4','5') AND `states` = 1 AND `shopid` = 39 AND `statu` = 2  [ RunTime:0.0008s ]
SQL: SELECT * FROM `et_orders` WHERE `state` IN ('3','4','5') AND `states` = 1 AND `shopid` = 42 AND `statu` = 2  [ RunTime:0.0007s ]
INFO: [ view_parse ] --START--
NOTIC: [2] file_get_contents(./Application/Admin/View/Public/left.html): failed to open stream: No such file or directory D:\wm\ThinkPHP\Library\Think\Template.class.php 第 696 行.
INFO: [ template_filter ] --START--
INFO: Run Behavior\ContentReplaceBehavior [ RunTime:0.000207s ]
INFO: [ template_filter ] --END-- [ RunTime:0.000277s ]
NOTIC: [8] Undefined variable: shopname D:\wm\Application\Runtime\Cache\Admin\b595b808c2ebeeeb0478ffc30bb4e87a.php 第 332 行.
INFO: Run Behavior\ParseTemplateBehavior [ RunTime:0.018471s ]
INFO: [ view_parse ] --END-- [ RunTime:0.018560s ]
INFO: [ view_filter ] --START--
INFO: Run Behavior\WriteHtmlCacheBehavior [ RunTime:0.000182s ]
INFO: [ view_filter ] --END-- [ RunTime:0.000221s ]
INFO: [ app_end ] --START--
INFO: Run Behavior\ShowPageTraceBehavior [ RunTime:0.000597s ]
INFO: [ app_end ] --END-- [ RunTime:0.000659s ]

[ 2017-08-08T10:39:29+08:00 ] 129.127.113.105 /index.php/Admin/Index/passrenzheng.html
INFO: [ app_init ] --START--
INFO: Run Behavior\BuildLiteBehavior [ RunTime:0.000019s ]
INFO: [ app_init ] --END-- [ RunTime:0.000303s ]
INFO: [ app_begin ] --START--
INFO: Run Behavior\ReadHtmlCacheBehavior [ RunTime:0.000472s ]
INFO: [ app_begin ] --END-- [ RunTime:0.000530s ]
NOTIC: [8] A session had already been started - ignoring session_start() D:\wm\ThinkPHP\Common\functions.php 第 1263 行.
NOTIC: [8] Use of undefined constant id - assumed 'id' D:\wm\Application\Admin\Controller\IndexController.class.php 第 314 行.
NOTIC: [8] Array to string conversion D:\wm\Application\Admin\Controller\IndexController.class.php 第 314 行.
SQL: SHOW COLUMNS FROM `et_shopmessage` [ RunTime:0.0028s ]
SQL: UPDATE `et_shopmessage` SET `state`='2' WHERE `shopid` = 43 [ RunTime:0.0615s ]

[ 2017-08-08T10:39:31+08:00 ] 129.127.113.105 /index.php/Admin/Index/index.html
INFO: [ app_init ] --START--
INFO: Run Behavior\BuildLiteBehavior [ RunTime:0.000019s ]
INFO: [ app_init ] --END-- [ RunTime:0.000341s ]
INFO: [ app_begin ] --START--
INFO: Run Behavior\ReadHtmlCacheBehavior [ RunTime:0.000743s ]
INFO: [ app_begin ] --END-- [ RunTime:0.000832s ]
NOTIC: [8] A session had already been started - ignoring session_start() D:\wm\ThinkPHP\Common\functions.php 第 1263 行.
SQL: SHOW COLUMNS FROM `et_shopmessage` [ RunTime:0.0043s ]
SQL: SELECT * FROM `et_shopmessage` WHERE `state` = 3  [ RunTime:0.0004s ]
SQL: SHOW COLUMNS FROM `et_orders` [ RunTime:0.0016s ]
SQL: SELECT * FROM `et_orders` WHERE `state` IN ('1','2') AND `states` = 1 AND `statu` = 1  [ RunTime:0.0012s ]
SQL: SELECT * FROM `et_shopmessage` WHERE `state` = 3 LIMIT 0,10   [ RunTime:0.0005s ]
SQL: SELECT * FROM `et_shopmessage` WHERE `state` IN ('1','2')  [ RunTime:0.0005s ]
SQL: SELECT * FROM `et_orders` WHERE `state` IN ('3','4','5') AND `states` = 1 AND `shopid` = 6 AND `statu` = 2  [ RunTime:0.0005s ]
SQL: SELECT * FROM `et_orders` WHERE `state` IN ('3','4','5') AND `states` = 1 AND `shopid` = 7 AND `statu` = 2  [ RunTime:0.0004s ]
SQL: SELECT * FROM `et_orders` WHERE `state` IN ('3','4','5') AND `states` = 1 AND `shopid` = 13 AND `statu` = 2  [ RunTime:0.0005s ]
SQL: SELECT * FROM `et_orders` WHERE `state` IN ('3','4','5') AND `states` = 1 AND `shopid` = 39 AND `statu` = 2  [ RunTime:0.0006s ]
SQL: SELECT * FROM `et_orders` WHERE `state` IN ('3','4','5') AND `states` = 1 AND `shopid` = 42 AND `statu` = 2  [ RunTime:0.0004s ]
SQL: SELECT * FROM `et_orders` WHERE `state` IN ('3','4','5') AND `states` = 1 AND `shopid` = 43 AND `statu` = 2  [ RunTime:0.0004s ]
INFO: [ view_parse ] --START--
NOTIC: [2] file_get_contents(./Application/Admin/View/Public/left.html): failed to open stream: No such file or directory D:\wm\ThinkPHP\Library\Think\Template.class.php 第 696 行.
INFO: [ template_filter ] --START--
INFO: Run Behavior\ContentReplaceBehavior [ RunTime:0.000590s ]
INFO: [ template_filter ] --END-- [ RunTime:0.000723s ]
NOTIC: [8] Undefined variable: shopname D:\wm\Application\Runtime\Cache\Admin\b595b808c2ebeeeb0478ffc30bb4e87a.php 第 332 行.
INFO: Run Behavior\ParseTemplateBehavior [ RunTime:0.016453s ]
INFO: [ view_parse ] --END-- [ RunTime:0.016539s ]
INFO: [ view_filter ] --START--
INFO: Run Behavior\WriteHtmlCacheBehavior [ RunTime:0.000332s ]
INFO: [ view_filter ] --END-- [ RunTime:0.000404s ]
INFO: [ app_end ] --START--
INFO: Run Behavior\ShowPageTraceBehavior [ RunTime:0.000767s ]
INFO: [ app_end ] --END-- [ RunTime:0.000841s ]

[ 2017-08-08T10:40:05+08:00 ] 129.127.113.105 /index.php/Admin/Shop/userlist.html
INFO: [ app_init ] --START--
INFO: Run Behavior\BuildLiteBehavior [ RunTime:0.000027s ]
INFO: [ app_init ] --END-- [ RunTime:0.000747s ]
INFO: [ app_begin ] --START--
INFO: Run Behavior\ReadHtmlCacheBehavior [ RunTime:0.000796s ]
INFO: [ app_begin ] --END-- [ RunTime:0.000890s ]
NOTIC: [8] A session had already been started - ignoring session_start() D:\wm\ThinkPHP\Common\functions.php 第 1263 行.
SQL: SHOW COLUMNS FROM `et_user` [ RunTime:0.0024s ]
SQL: SELECT COUNT(*) AS tp_count FROM `et_user` LIMIT 1   [ RunTime:0.0003s ]
ERR: 1054:Unknown column 'addtime' in 'order clause'
 [ SQL语句 ] : SELECT * FROM `et_user` ORDER BY addtime desc LIMIT 0,10  
ERR: 1054:Unknown column 'addtime' in 'order clause'
 [ SQL语句 ] : SELECT * FROM `et_user` ORDER BY addtime desc LIMIT 0,10  

[ 2017-08-08T10:40:15+08:00 ] 129.127.113.105 /index.php/Admin/Shop/userlist.html
INFO: [ app_init ] --START--
INFO: Run Behavior\BuildLiteBehavior [ RunTime:0.000029s ]
INFO: [ app_init ] --END-- [ RunTime:0.000617s ]
INFO: [ app_begin ] --START--
INFO: Run Behavior\ReadHtmlCacheBehavior [ RunTime:0.000537s ]
INFO: [ app_begin ] --END-- [ RunTime:0.000594s ]
NOTIC: [8] A session had already been started - ignoring session_start() D:\wm\ThinkPHP\Common\functions.php 第 1263 行.
SQL: SHOW COLUMNS FROM `et_user` [ RunTime:0.0036s ]
SQL: SELECT COUNT(*) AS tp_count FROM `et_user` LIMIT 1   [ RunTime:0.0003s ]
ERR: 1054:Unknown column 'addtime' in 'order clause'
 [ SQL语句 ] : SELECT * FROM `et_user` ORDER BY addtime desc LIMIT 0,10  
ERR: 1054:Unknown column 'addtime' in 'order clause'
 [ SQL语句 ] : SELECT * FROM `et_user` ORDER BY addtime desc LIMIT 0,10  

[ 2017-08-08T10:40:19+08:00 ] 129.127.113.105 /index.php/Admin/User/ready.html
INFO: [ app_init ] --START--
INFO: Run Behavior\BuildLiteBehavior [ RunTime:0.000024s ]
INFO: [ app_init ] --END-- [ RunTime:0.000424s ]
INFO: [ app_begin ] --START--
INFO: Run Behavior\ReadHtmlCacheBehavior [ RunTime:0.000725s ]
INFO: [ app_begin ] --END-- [ RunTime:0.000803s ]
NOTIC: [8] A session had already been started - ignoring session_start() D:\wm\ThinkPHP\Common\functions.php 第 1263 行.
SQL: SHOW COLUMNS FROM `et_shopmessage` [ RunTime:0.0032s ]
SQL: SELECT COUNT(*) AS tp_count FROM `et_shopmessage` WHERE `state` IN ('1','2') LIMIT 1   [ RunTime:0.0004s ]
SQL: SELECT * FROM `et_shopmessage` WHERE `state` IN ('1','2') ORDER BY addtime desc LIMIT 0,10   [ RunTime:0.0006s ]
SQL: SELECT * FROM `et_shopmessage` WHERE `state` IN ('1','2')  [ RunTime:0.0005s ]
SQL: SHOW COLUMNS FROM `et_orders` [ RunTime:0.0032s ]
SQL: SELECT * FROM `et_orders` WHERE `state` IN ('3','4','5') AND `states` = 1 AND `shopid` = 6 AND `statu` = 2  [ RunTime:0.0019s ]
SQL: SELECT * FROM `et_orders` WHERE `state` IN ('3','4','5') AND `states` = 1 AND `shopid` = 7 AND `statu` = 2  [ RunTime:0.0017s ]
SQL: SELECT * FROM `et_orders` WHERE `state` IN ('3','4','5') AND `states` = 1 AND `shopid` = 13 AND `statu` = 2  [ RunTime:0.0019s ]
SQL: SELECT * FROM `et_orders` WHERE `state` IN ('3','4','5') AND `states` = 1 AND `shopid` = 39 AND `statu` = 2  [ RunTime:0.0019s ]
SQL: SELECT * FROM `et_orders` WHERE `state` IN ('3','4','5') AND `states` = 1 AND `shopid` = 42 AND `statu` = 2  [ RunTime:0.0006s ]
SQL: SELECT * FROM `et_orders` WHERE `state` IN ('3','4','5') AND `states` = 1 AND `shopid` = 43 AND `statu` = 2  [ RunTime:0.0006s ]
SQL: SELECT * FROM `et_orders` WHERE `state` IN ('1','2') AND `states` = 1 AND `statu` = 1  [ RunTime:0.0027s ]
SQL: SELECT COUNT(*) AS tp_count FROM `et_shopmessage` WHERE `state` = 3 LIMIT 1   [ RunTime:0.0004s ]
INFO: [ view_parse ] --START--
NOTIC: [2] file_get_contents(./Application/Admin/View/Public/left.html): failed to open stream: No such file or directory D:\wm\ThinkPHP\Library\Think\Template.class.php 第 696 行.
INFO: [ template_filter ] --START--
INFO: Run Behavior\ContentReplaceBehavior [ RunTime:0.000215s ]
INFO: [ template_filter ] --END-- [ RunTime:0.000291s ]
NOTIC: [8] Undefined variable: shopname D:\wm\Application\Runtime\Cache\Admin\76953b2fe37f9a159d1f2ee01dfc93ad.php 第 337 行.
INFO: Run Behavior\ParseTemplateBehavior [ RunTime:0.069957s ]
INFO: [ view_parse ] --END-- [ RunTime:0.070116s ]
INFO: [ view_filter ] --START--
INFO: Run Behavior\WriteHtmlCacheBehavior [ RunTime:0.000414s ]
INFO: [ view_filter ] --END-- [ RunTime:0.000467s ]
INFO: [ app_end ] --START--
INFO: Run Behavior\ShowPageTraceBehavior [ RunTime:0.000606s ]
INFO: [ app_end ] --END-- [ RunTime:0.000663s ]

[ 2017-08-08T10:40:22+08:00 ] 129.127.113.105 /index.php/Admin/User/index.html
INFO: [ app_init ] --START--
INFO: Run Behavior\BuildLiteBehavior [ RunTime:0.000017s ]
INFO: [ app_init ] --END-- [ RunTime:0.000315s ]
INFO: [ app_begin ] --START--
INFO: Run Behavior\ReadHtmlCacheBehavior [ RunTime:0.000482s ]
INFO: [ app_begin ] --END-- [ RunTime:0.000555s ]
NOTIC: [8] A session had already been started - ignoring session_start() D:\wm\ThinkPHP\Common\functions.php 第 1263 行.
SQL: SHOW COLUMNS FROM `et_shopmessage` [ RunTime:0.0029s ]
SQL: SELECT * FROM `et_shopmessage` WHERE `state` = 3  [ RunTime:0.0004s ]
SQL: SHOW COLUMNS FROM `et_orders` [ RunTime:0.0020s ]
SQL: SELECT * FROM `et_orders` WHERE `state` IN ('1','2') AND `states` = 1 AND `statu` = 1  [ RunTime:0.0017s ]
SQL: SELECT * FROM `et_shopmessage` WHERE `state` = 3 LIMIT 0,10   [ RunTime:0.0005s ]
SQL: SELECT * FROM `et_shopmessage` WHERE `state` IN ('1','2')  [ RunTime:0.0005s ]
SQL: SELECT * FROM `et_orders` WHERE `state` IN ('3','4','5') AND `states` = 1 AND `shopid` = 6 AND `statu` = 2  [ RunTime:0.0008s ]
SQL: SELECT * FROM `et_orders` WHERE `state` IN ('3','4','5') AND `states` = 1 AND `shopid` = 7 AND `statu` = 2  [ RunTime:0.0005s ]
SQL: SELECT * FROM `et_orders` WHERE `state` IN ('3','4','5') AND `states` = 1 AND `shopid` = 13 AND `statu` = 2  [ RunTime:0.0005s ]
SQL: SELECT * FROM `et_orders` WHERE `state` IN ('3','4','5') AND `states` = 1 AND `shopid` = 39 AND `statu` = 2  [ RunTime:0.0004s ]
SQL: SELECT * FROM `et_orders` WHERE `state` IN ('3','4','5') AND `states` = 1 AND `shopid` = 42 AND `statu` = 2  [ RunTime:0.0005s ]
SQL: SELECT * FROM `et_orders` WHERE `state` IN ('3','4','5') AND `states` = 1 AND `shopid` = 43 AND `statu` = 2  [ RunTime:0.0004s ]
SQL: SELECT COUNT(*) AS tp_count FROM `et_shopmessage` WHERE `state` IN ('1','2') LIMIT 1   [ RunTime:0.0003s ]
INFO: [ view_parse ] --START--
NOTIC: [2] file_get_contents(./Application/Admin/View/Public/left.html): failed to open stream: No such file or directory D:\wm\ThinkPHP\Library\Think\Template.class.php 第 696 行.
INFO: [ template_filter ] --START--
INFO: Run Behavior\ContentReplaceBehavior [ RunTime:0.000226s ]
INFO: [ template_filter ] --END-- [ RunTime:0.000337s ]
NOTIC: [8] Undefined variable: shopname D:\wm\Application\Runtime\Cache\Admin\65e605872ed5d34210f5b33beb13f5a3.php 第 340 行.
INFO: Run Behavior\ParseTemplateBehavior [ RunTime:0.046940s ]
INFO: [ view_parse ] --END-- [ RunTime:0.047013s ]
INFO: [ view_filter ] --START--
INFO: Run Behavior\WriteHtmlCacheBehavior [ RunTime:0.000345s ]
INFO: [ view_filter ] --END-- [ RunTime:0.000393s ]
INFO: [ app_end ] --START--
INFO: Run Behavior\ShowPageTraceBehavior [ RunTime:0.000527s ]
INFO: [ app_end ] --END-- [ RunTime:0.000652s ]

[ 2017-08-08T10:40:25+08:00 ] 129.127.113.105 /index.php/Admin/User/tuidan.html
INFO: [ app_init ] --START--
INFO: Run Behavior\BuildLiteBehavior [ RunTime:0.000016s ]
INFO: [ app_init ] --END-- [ RunTime:0.000413s ]
INFO: [ app_begin ] --START--
INFO: Run Behavior\ReadHtmlCacheBehavior [ RunTime:0.000488s ]
INFO: [ app_begin ] --END-- [ RunTime:0.000544s ]
NOTIC: [8] A session had already been started - ignoring session_start() D:\wm\ThinkPHP\Common\functions.php 第 1263 行.
SQL: SHOW COLUMNS FROM `et_orders` [ RunTime:0.0716s ]
SQL: SELECT * FROM `et_orders` WHERE `state` IN ('1','2') AND `states` = 1 AND `statu` = 1  [ RunTime:0.0012s ]
SQL: SELECT * FROM `et_orders` WHERE `state` IN ('1','2') AND `states` = 1 AND `statu` = 1 LIMIT 0,10   [ RunTime:0.0005s ]
SQL: SHOW COLUMNS FROM `et_user` [ RunTime:0.0020s ]
SQL: SELECT `username`,`mobile` FROM `et_user` WHERE `uid` = 37 LIMIT 1   [ RunTime:0.0003s ]
SQL: SHOW COLUMNS FROM `et_shopmessage` [ RunTime:0.0018s ]
SQL: SELECT `shopname` FROM `et_shopmessage` WHERE `shopid` = 41 LIMIT 1   [ RunTime:0.0002s ]
SQL: SELECT `username`,`mobile` FROM `et_user` WHERE `uid` = 37 LIMIT 1   [ RunTime:0.0002s ]
SQL: SELECT `shopname` FROM `et_shopmessage` WHERE `shopid` = 41 LIMIT 1   [ RunTime:0.0002s ]
SQL: SELECT `username`,`mobile` FROM `et_user` WHERE `uid` = 37 LIMIT 1   [ RunTime:0.0002s ]
SQL: SELECT `shopname` FROM `et_shopmessage` WHERE `shopid` = 41 LIMIT 1   [ RunTime:0.0002s ]
SQL: SELECT `username`,`mobile` FROM `et_user` WHERE `uid` = 37 LIMIT 1   [ RunTime:0.0002s ]
SQL: SELECT `shopname` FROM `et_shopmessage` WHERE `shopid` = 41 LIMIT 1   [ RunTime:0.0002s ]
SQL: SELECT `username`,`mobile` FROM `et_user` WHERE `uid` = 37 LIMIT 1   [ RunTime:0.0002s ]
SQL: SELECT `shopname` FROM `et_shopmessage` WHERE `shopid` = 13 LIMIT 1   [ RunTime:0.0002s ]
SQL: SELECT `username`,`mobile` FROM `et_user` WHERE `uid` = 37 LIMIT 1   [ RunTime:0.0002s ]
SQL: SELECT `shopname` FROM `et_shopmessage` WHERE `shopid` = 13 LIMIT 1   [ RunTime:0.0002s ]
SQL: SELECT `username`,`mobile` FROM `et_user` WHERE `uid` = 37 LIMIT 1   [ RunTime:0.0002s ]
SQL: SELECT `shopname` FROM `et_shopmessage` WHERE `shopid` = 13 LIMIT 1   [ RunTime:0.0002s ]
SQL: SELECT `username`,`mobile` FROM `et_user` WHERE `uid` = 37 LIMIT 1   [ RunTime:0.0002s ]
SQL: SELECT `shopname` FROM `et_shopmessage` WHERE `shopid` = 13 LIMIT 1   [ RunTime:0.0002s ]
SQL: SELECT `username`,`mobile` FROM `et_user` WHERE `uid` = 37 LIMIT 1   [ RunTime:0.0002s ]
SQL: SELECT `shopname` FROM `et_shopmessage` WHERE `shopid` = 13 LIMIT 1   [ RunTime:0.0002s ]
SQL: SELECT `username`,`mobile` FROM `et_user` WHERE `uid` = 37 LIMIT 1   [ RunTime:0.0002s ]
SQL: SELECT `shopname` FROM `et_shopmessage` WHERE `shopid` = 13 LIMIT 1   [ RunTime:0.0002s ]
SQL: SELECT COUNT(*) AS tp_count FROM `et_shopmessage` WHERE `state` IN ('1','2') LIMIT 1   [ RunTime:0.0002s ]
SQL: SELECT * FROM `et_shopmessage` WHERE `state` = 3  [ RunTime:0.0003s ]
SQL: SELECT * FROM `et_shopmessage` WHERE `state` IN ('1','2')  [ RunTime:0.0004s ]
SQL: SELECT * FROM `et_orders` WHERE `state` IN ('3','4','5') AND `states` = 1 AND `shopid` = 6 AND `statu` = 2  [ RunTime:0.0005s ]
SQL: SELECT * FROM `et_orders` WHERE `state` IN ('3','4','5') AND `states` = 1 AND `shopid` = 7 AND `statu` = 2  [ RunTime:0.0006s ]
SQL: SELECT * FROM `et_orders` WHERE `state` IN ('3','4','5') AND `states` = 1 AND `shopid` = 13 AND `statu` = 2  [ RunTime:0.0005s ]
SQL: SELECT * FROM `et_orders` WHERE `state` IN ('3','4','5') AND `states` = 1 AND `shopid` = 39 AND `statu` = 2  [ RunTime:0.0004s ]
SQL: SELECT * FROM `et_orders` WHERE `state` IN ('3','4','5') AND `states` = 1 AND `shopid` = 42 AND `statu` = 2  [ RunTime:0.0004s ]
SQL: SELECT * FROM `et_orders` WHERE `state` IN ('3','4','5') AND `states` = 1 AND `shopid` = 43 AND `statu` = 2  [ RunTime:0.0004s ]
INFO: [ view_parse ] --START--
NOTIC: [2] file_get_contents(./Application/Admin/View/Public/left.html): failed to open stream: No such file or directory D:\wm\ThinkPHP\Library\Think\Template.class.php 第 696 行.
INFO: [ template_filter ] --START--
INFO: Run Behavior\ContentReplaceBehavior [ RunTime:0.000214s ]
INFO: [ template_filter ] --END-- [ RunTime:0.000273s ]
NOTIC: [8] Undefined variable: shopname D:\wm\Application\Runtime\Cache\Admin\4ec748e5ac0cf883d713bebd5f983eaf.php 第 339 行.
INFO: Run Behavior\ParseTemplateBehavior [ RunTime:0.030948s ]
INFO: [ view_parse ] --END-- [ RunTime:0.031012s ]
INFO: [ view_filter ] --START--
INFO: Run Behavior\WriteHtmlCacheBehavior [ RunTime:0.000285s ]
INFO: [ view_filter ] --END-- [ RunTime:0.000328s ]
INFO: [ app_end ] --START--
INFO: Run Behavior\ShowPageTraceBehavior [ RunTime:0.000444s ]
INFO: [ app_end ] --END-- [ RunTime:0.000499s ]

[ 2017-08-08T10:41:57+08:00 ] 129.127.113.105 /index.php/Admin/User/tuidan.html
INFO: [ app_init ] --START--
INFO: Run Behavior\BuildLiteBehavior [ RunTime:0.000022s ]
INFO: [ app_init ] --END-- [ RunTime:0.000415s ]
INFO: [ app_begin ] --START--
INFO: Run Behavior\ReadHtmlCacheBehavior [ RunTime:0.000775s ]
INFO: [ app_begin ] --END-- [ RunTime:0.000857s ]
NOTIC: [8] A session had already been started - ignoring session_start() D:\wm\ThinkPHP\Common\functions.php 第 1263 行.
SQL: SHOW COLUMNS FROM `et_orders` [ RunTime:0.0018s ]
SQL: SELECT * FROM `et_orders` WHERE `state` IN ('1','2') AND `states` = 1 AND `statu` = 1  [ RunTime:0.0011s ]
SQL: SELECT * FROM `et_orders` WHERE `state` IN ('1','2') AND `states` = 1 AND `statu` = 1 LIMIT 0,10   [ RunTime:0.0004s ]
SQL: SHOW COLUMNS FROM `et_user` [ RunTime:0.0015s ]
SQL: SELECT `username`,`mobile` FROM `et_user` WHERE `uid` = 37 LIMIT 1   [ RunTime:0.0004s ]
SQL: SHOW COLUMNS FROM `et_shopmessage` [ RunTime:0.0028s ]
SQL: SELECT `shopname` FROM `et_shopmessage` WHERE `shopid` = 41 LIMIT 1   [ RunTime:0.0003s ]
SQL: SELECT `username`,`mobile` FROM `et_user` WHERE `uid` = 37 LIMIT 1   [ RunTime:0.0002s ]
SQL: SELECT `shopname` FROM `et_shopmessage` WHERE `shopid` = 41 LIMIT 1   [ RunTime:0.0002s ]
SQL: SELECT `username`,`mobile` FROM `et_user` WHERE `uid` = 37 LIMIT 1   [ RunTime:0.0002s ]
SQL: SELECT `shopname` FROM `et_shopmessage` WHERE `shopid` = 41 LIMIT 1   [ RunTime:0.0002s ]
SQL: SELECT `username`,`mobile` FROM `et_user` WHERE `uid` = 37 LIMIT 1   [ RunTime:0.0006s ]
SQL: SELECT `shopname` FROM `et_shopmessage` WHERE `shopid` = 41 LIMIT 1   [ RunTime:0.0003s ]
SQL: SELECT `username`,`mobile` FROM `et_user` WHERE `uid` = 37 LIMIT 1   [ RunTime:0.0002s ]
SQL: SELECT `shopname` FROM `et_shopmessage` WHERE `shopid` = 13 LIMIT 1   [ RunTime:0.0002s ]
SQL: SELECT `username`,`mobile` FROM `et_user` WHERE `uid` = 37 LIMIT 1   [ RunTime:0.0002s ]
SQL: SELECT `shopname` FROM `et_shopmessage` WHERE `shopid` = 13 LIMIT 1   [ RunTime:0.0002s ]
SQL: SELECT `username`,`mobile` FROM `et_user` WHERE `uid` = 37 LIMIT 1   [ RunTime:0.0002s ]
SQL: SELECT `shopname` FROM `et_shopmessage` WHERE `shopid` = 13 LIMIT 1   [ RunTime:0.0003s ]
SQL: SELECT `username`,`mobile` FROM `et_user` WHERE `uid` = 37 LIMIT 1   [ RunTime:0.0003s ]
SQL: SELECT `shopname` FROM `et_shopmessage` WHERE `shopid` = 13 LIMIT 1   [ RunTime:0.0003s ]
SQL: SELECT `username`,`mobile` FROM `et_user` WHERE `uid` = 37 LIMIT 1   [ RunTime:0.0002s ]
SQL: SELECT `shopname` FROM `et_shopmessage` WHERE `shopid` = 13 LIMIT 1   [ RunTime:0.0004s ]
SQL: SELECT `username`,`mobile` FROM `et_user` WHERE `uid` = 37 LIMIT 1   [ RunTime:0.0002s ]
SQL: SELECT `shopname` FROM `et_shopmessage` WHERE `shopid` = 13 LIMIT 1   [ RunTime:0.0002s ]
SQL: SELECT COUNT(*) AS tp_count FROM `et_shopmessage` WHERE `state` IN ('1','2') LIMIT 1   [ RunTime:0.0006s ]
SQL: SELECT * FROM `et_shopmessage` WHERE `state` = 3  [ RunTime:0.0003s ]
SQL: SELECT * FROM `et_shopmessage` WHERE `state` IN ('1','2')  [ RunTime:0.0003s ]
SQL: SELECT * FROM `et_orders` WHERE `state` IN ('3','4','5') AND `states` = 1 AND `shopid` = 6 AND `statu` = 2  [ RunTime:0.0005s ]
SQL: SELECT * FROM `et_orders` WHERE `state` IN ('3','4','5') AND `states` = 1 AND `shopid` = 7 AND `statu` = 2  [ RunTime:0.0005s ]
SQL: SELECT * FROM `et_orders` WHERE `state` IN ('3','4','5') AND `states` = 1 AND `shopid` = 13 AND `statu` = 2  [ RunTime:0.0005s ]
SQL: SELECT * FROM `et_orders` WHERE `state` IN ('3','4','5') AND `states` = 1 AND `shopid` = 39 AND `statu` = 2  [ RunTime:0.0005s ]
SQL: SELECT * FROM `et_orders` WHERE `state` IN ('3','4','5') AND `states` = 1 AND `shopid` = 42 AND `statu` = 2  [ RunTime:0.0004s ]
SQL: SELECT * FROM `et_orders` WHERE `state` IN ('3','4','5') AND `states` = 1 AND `shopid` = 43 AND `statu` = 2  [ RunTime:0.0005s ]
INFO: [ view_parse ] --START--
NOTIC: [2] file_get_contents(./Application/Admin/View/Public/left.html): failed to open stream: No such file or directory D:\wm\ThinkPHP\Library\Think\Template.class.php 第 696 行.
INFO: [ template_filter ] --START--
INFO: Run Behavior\ContentReplaceBehavior [ RunTime:0.000241s ]
INFO: [ template_filter ] --END-- [ RunTime:0.000338s ]
NOTIC: [8] Undefined variable: shopname D:\wm\Application\Runtime\Cache\Admin\4ec748e5ac0cf883d713bebd5f983eaf.php 第 339 行.
INFO: Run Behavior\ParseTemplateBehavior [ RunTime:0.071655s ]
INFO: [ view_parse ] --END-- [ RunTime:0.071752s ]
INFO: [ view_filter ] --START--
INFO: Run Behavior\WriteHtmlCacheBehavior [ RunTime:0.002151s ]
INFO: [ view_filter ] --END-- [ RunTime:0.002466s ]
INFO: [ app_end ] --START--
INFO: Run Behavior\ShowPageTraceBehavior [ RunTime:0.000944s ]
INFO: [ app_end ] --END-- [ RunTime:0.001025s ]

[ 2017-08-08T10:42:24+08:00 ] 129.127.113.105 /index.php/Admin/Shop/userlist.html
INFO: [ app_init ] --START--
INFO: Run Behavior\BuildLiteBehavior [ RunTime:0.000018s ]
INFO: [ app_init ] --END-- [ RunTime:0.000298s ]
INFO: [ app_begin ] --START--
INFO: Run Behavior\ReadHtmlCacheBehavior [ RunTime:0.000544s ]
INFO: [ app_begin ] --END-- [ RunTime:0.000599s ]
NOTIC: [8] A session had already been started - ignoring session_start() D:\wm\ThinkPHP\Common\functions.php 第 1263 行.
SQL: SHOW COLUMNS FROM `et_user` [ RunTime:0.0036s ]
SQL: SELECT COUNT(*) AS tp_count FROM `et_user` LIMIT 1   [ RunTime:0.0003s ]
ERR: 1054:Unknown column 'addtime' in 'order clause'
 [ SQL语句 ] : SELECT * FROM `et_user` ORDER BY addtime desc LIMIT 0,10  
ERR: 1054:Unknown column 'addtime' in 'order clause'
 [ SQL语句 ] : SELECT * FROM `et_user` ORDER BY addtime desc LIMIT 0,10  

[ 2017-08-08T10:42:30+08:00 ] 129.127.113.105 /index.php/Admin/User/ready.html
INFO: [ app_init ] --START--
INFO: Run Behavior\BuildLiteBehavior [ RunTime:0.000019s ]
INFO: [ app_init ] --END-- [ RunTime:0.000473s ]
INFO: [ app_begin ] --START--
INFO: Run Behavior\ReadHtmlCacheBehavior [ RunTime:0.000571s ]
INFO: [ app_begin ] --END-- [ RunTime:0.000628s ]
NOTIC: [8] A session had already been started - ignoring session_start() D:\wm\ThinkPHP\Common\functions.php 第 1263 行.
SQL: SHOW COLUMNS FROM `et_shopmessage` [ RunTime:0.0027s ]
SQL: SELECT COUNT(*) AS tp_count FROM `et_shopmessage` WHERE `state` IN ('1','2') LIMIT 1   [ RunTime:0.0004s ]
SQL: SELECT * FROM `et_shopmessage` WHERE `state` IN ('1','2') ORDER BY addtime desc LIMIT 0,10   [ RunTime:0.0005s ]
SQL: SELECT * FROM `et_shopmessage` WHERE `state` IN ('1','2')  [ RunTime:0.0006s ]
SQL: SHOW COLUMNS FROM `et_orders` [ RunTime:0.0035s ]
SQL: SELECT * FROM `et_orders` WHERE `state` IN ('3','4','5') AND `states` = 1 AND `shopid` = 6 AND `statu` = 2  [ RunTime:0.0006s ]
SQL: SELECT * FROM `et_orders` WHERE `state` IN ('3','4','5') AND `states` = 1 AND `shopid` = 7 AND `statu` = 2  [ RunTime:0.0004s ]
SQL: SELECT * FROM `et_orders` WHERE `state` IN ('3','4','5') AND `states` = 1 AND `shopid` = 13 AND `statu` = 2  [ RunTime:0.0004s ]
SQL: SELECT * FROM `et_orders` WHERE `state` IN ('3','4','5') AND `states` = 1 AND `shopid` = 39 AND `statu` = 2  [ RunTime:0.0005s ]
SQL: SELECT * FROM `et_orders` WHERE `state` IN ('3','4','5') AND `states` = 1 AND `shopid` = 42 AND `statu` = 2  [ RunTime:0.0004s ]
SQL: SELECT * FROM `et_orders` WHERE `state` IN ('3','4','5') AND `states` = 1 AND `shopid` = 43 AND `statu` = 2  [ RunTime:0.0004s ]
SQL: SELECT * FROM `et_orders` WHERE `state` IN ('1','2') AND `states` = 1 AND `statu` = 1  [ RunTime:0.0012s ]
SQL: SELECT COUNT(*) AS tp_count FROM `et_shopmessage` WHERE `state` = 3 LIMIT 1   [ RunTime:0.0003s ]
INFO: [ view_parse ] --START--
NOTIC: [2] file_get_contents(./Application/Admin/View/Public/left.html): failed to open stream: No such file or directory D:\wm\ThinkPHP\Library\Think\Template.class.php 第 696 行.
INFO: [ template_filter ] --START--
INFO: Run Behavior\ContentReplaceBehavior [ RunTime:0.000235s ]
INFO: [ template_filter ] --END-- [ RunTime:0.000313s ]
NOTIC: [8] Undefined variable: shopname D:\wm\Application\Runtime\Cache\Admin\76953b2fe37f9a159d1f2ee01dfc93ad.php 第 337 行.
INFO: Run Behavior\ParseTemplateBehavior [ RunTime:0.052089s ]
INFO: [ view_parse ] --END-- [ RunTime:0.052152s ]
INFO: [ view_filter ] --START--
INFO: Run Behavior\WriteHtmlCacheBehavior [ RunTime:0.000274s ]
INFO: [ view_filter ] --END-- [ RunTime:0.000322s ]
INFO: [ app_end ] --START--
INFO: Run Behavior\ShowPageTraceBehavior [ RunTime:0.000622s ]
INFO: [ app_end ] --END-- [ RunTime:0.000695s ]

[ 2017-08-08T10:42:42+08:00 ] 129.127.113.105 /index.php/Admin/User/index.html
INFO: [ app_init ] --START--
INFO: Run Behavior\BuildLiteBehavior [ RunTime:0.000017s ]
INFO: [ app_init ] --END-- [ RunTime:0.000369s ]
INFO: [ app_begin ] --START--
INFO: Run Behavior\ReadHtmlCacheBehavior [ RunTime:0.000617s ]
INFO: [ app_begin ] --END-- [ RunTime:0.000682s ]
NOTIC: [8] A session had already been started - ignoring session_start() D:\wm\ThinkPHP\Common\functions.php 第 1263 行.
SQL: SHOW COLUMNS FROM `et_shopmessage` [ RunTime:0.0035s ]
SQL: SELECT * FROM `et_shopmessage` WHERE `state` = 3  [ RunTime:0.0004s ]
SQL: SHOW COLUMNS FROM `et_orders` [ RunTime:0.0022s ]
SQL: SELECT * FROM `et_orders` WHERE `state` IN ('1','2') AND `states` = 1 AND `statu` = 1  [ RunTime:0.0015s ]
SQL: SELECT * FROM `et_shopmessage` WHERE `state` = 3 LIMIT 0,10   [ RunTime:0.0003s ]
SQL: SELECT * FROM `et_shopmessage` WHERE `state` IN ('1','2')  [ RunTime:0.0004s ]
SQL: SELECT * FROM `et_orders` WHERE `state` IN ('3','4','5') AND `states` = 1 AND `shopid` = 6 AND `statu` = 2  [ RunTime:0.0006s ]
SQL: SELECT * FROM `et_orders` WHERE `state` IN ('3','4','5') AND `states` = 1 AND `shopid` = 7 AND `statu` = 2  [ RunTime:0.0005s ]
SQL: SELECT * FROM `et_orders` WHERE `state` IN ('3','4','5') AND `states` = 1 AND `shopid` = 13 AND `statu` = 2  [ RunTime:0.0006s ]
SQL: SELECT * FROM `et_orders` WHERE `state` IN ('3','4','5') AND `states` = 1 AND `shopid` = 39 AND `statu` = 2  [ RunTime:0.0006s ]
SQL: SELECT * FROM `et_orders` WHERE `state` IN ('3','4','5') AND `states` = 1 AND `shopid` = 42 AND `statu` = 2  [ RunTime:0.0006s ]
SQL: SELECT * FROM `et_orders` WHERE `state` IN ('3','4','5') AND `states` = 1 AND `shopid` = 43 AND `statu` = 2  [ RunTime:0.0005s ]
SQL: SELECT COUNT(*) AS tp_count FROM `et_shopmessage` WHERE `state` IN ('1','2') LIMIT 1   [ RunTime:0.0003s ]
INFO: [ view_parse ] --START--
NOTIC: [2] file_get_contents(./Application/Admin/View/Public/left.html): failed to open stream: No such file or directory D:\wm\ThinkPHP\Library\Think\Template.class.php 第 696 行.
INFO: [ template_filter ] --START--
INFO: Run Behavior\ContentReplaceBehavior [ RunTime:0.000376s ]
INFO: [ template_filter ] --END-- [ RunTime:0.000478s ]
NOTIC: [8] Undefined variable: shopname D:\wm\Application\Runtime\Cache\Admin\65e605872ed5d34210f5b33beb13f5a3.php 第 340 行.
INFO: Run Behavior\ParseTemplateBehavior [ RunTime:0.020664s ]
INFO: [ view_parse ] --END-- [ RunTime:0.020717s ]
INFO: [ view_filter ] --START--
INFO: Run Behavior\WriteHtmlCacheBehavior [ RunTime:0.000199s ]
INFO: [ view_filter ] --END-- [ RunTime:0.000249s ]
INFO: [ app_end ] --START--
INFO: Run Behavior\ShowPageTraceBehavior [ RunTime:0.000459s ]
INFO: [ app_end ] --END-- [ RunTime:0.000525s ]

[ 2017-08-08T10:43:00+08:00 ] 129.127.113.105 /index.php/Admin/User/ready.html
INFO: [ app_init ] --START--
INFO: Run Behavior\BuildLiteBehavior [ RunTime:0.000025s ]
INFO: [ app_init ] --END-- [ RunTime:0.000417s ]
INFO: [ app_begin ] --START--
INFO: Run Behavior\ReadHtmlCacheBehavior [ RunTime:0.000682s ]
INFO: [ app_begin ] --END-- [ RunTime:0.000758s ]
NOTIC: [8] A session had already been started - ignoring session_start() D:\wm\ThinkPHP\Common\functions.php 第 1263 行.
SQL: SHOW COLUMNS FROM `et_shopmessage` [ RunTime:0.0034s ]
SQL: SELECT COUNT(*) AS tp_count FROM `et_shopmessage` WHERE `state` IN ('1','2') LIMIT 1   [ RunTime:0.0004s ]
SQL: SELECT * FROM `et_shopmessage` WHERE `state` IN ('1','2') ORDER BY addtime desc LIMIT 0,10   [ RunTime:0.0005s ]
SQL: SELECT * FROM `et_shopmessage` WHERE `state` IN ('1','2')  [ RunTime:0.0003s ]
SQL: SHOW COLUMNS FROM `et_orders` [ RunTime:0.0028s ]
SQL: SELECT * FROM `et_orders` WHERE `state` IN ('3','4','5') AND `states` = 1 AND `shopid` = 6 AND `statu` = 2  [ RunTime:0.0007s ]
SQL: SELECT * FROM `et_orders` WHERE `state` IN ('3','4','5') AND `states` = 1 AND `shopid` = 7 AND `statu` = 2  [ RunTime:0.0004s ]
SQL: SELECT * FROM `et_orders` WHERE `state` IN ('3','4','5') AND `states` = 1 AND `shopid` = 13 AND `statu` = 2  [ RunTime:0.0006s ]
SQL: SELECT * FROM `et_orders` WHERE `state` IN ('3','4','5') AND `states` = 1 AND `shopid` = 39 AND `statu` = 2  [ RunTime:0.0004s ]
SQL: SELECT * FROM `et_orders` WHERE `state` IN ('3','4','5') AND `states` = 1 AND `shopid` = 42 AND `statu` = 2  [ RunTime:0.0006s ]
SQL: SELECT * FROM `et_orders` WHERE `state` IN ('3','4','5') AND `states` = 1 AND `shopid` = 43 AND `statu` = 2  [ RunTime:0.0005s ]
SQL: SELECT * FROM `et_orders` WHERE `state` IN ('1','2') AND `states` = 1 AND `statu` = 1  [ RunTime:0.0012s ]
SQL: SELECT COUNT(*) AS tp_count FROM `et_shopmessage` WHERE `state` = 3 LIMIT 1   [ RunTime:0.0003s ]
INFO: [ view_parse ] --START--
NOTIC: [2] file_get_contents(./Application/Admin/View/Public/left.html): failed to open stream: No such file or directory D:\wm\ThinkPHP\Library\Think\Template.class.php 第 696 行.
INFO: [ template_filter ] --START--
INFO: Run Behavior\ContentReplaceBehavior [ RunTime:0.000336s ]
INFO: [ template_filter ] --END-- [ RunTime:0.000453s ]
NOTIC: [8] Undefined variable: shopname D:\wm\Application\Runtime\Cache\Admin\76953b2fe37f9a159d1f2ee01dfc93ad.php 第 337 行.
INFO: Run Behavior\ParseTemplateBehavior [ RunTime:0.016922s ]
INFO: [ view_parse ] --END-- [ RunTime:0.016993s ]
INFO: [ view_filter ] --START--
INFO: Run Behavior\WriteHtmlCacheBehavior [ RunTime:0.000295s ]
INFO: [ view_filter ] --END-- [ RunTime:0.000335s ]
INFO: [ app_end ] --START--
INFO: Run Behavior\ShowPageTraceBehavior [ RunTime:0.000657s ]
INFO: [ app_end ] --END-- [ RunTime:0.000722s ]

[ 2017-08-08T13:16:16+08:00 ] 113.108.10.5 /index.php/Admin/User/index.html
INFO: [ app_init ] --START--
INFO: Run Behavior\BuildLiteBehavior [ RunTime:0.000018s ]
INFO: [ app_init ] --END-- [ RunTime:0.000424s ]
INFO: [ app_begin ] --START--
INFO: Run Behavior\ReadHtmlCacheBehavior [ RunTime:0.000585s ]
INFO: [ app_begin ] --END-- [ RunTime:0.000657s ]
NOTIC: [8] A session had already been started - ignoring session_start() D:\wm\ThinkPHP\Common\functions.php 第 1263 行.

[ 2017-08-08T13:16:17+08:00 ] 113.108.10.5 /index.php/Admin/Login/loadlogin.html
INFO: [ app_init ] --START--
INFO: Run Behavior\BuildLiteBehavior [ RunTime:0.000023s ]
INFO: [ app_init ] --END-- [ RunTime:0.000357s ]
INFO: [ app_begin ] --START--
INFO: Run Behavior\ReadHtmlCacheBehavior [ RunTime:0.000565s ]
INFO: [ app_begin ] --END-- [ RunTime:0.000627s ]
NOTIC: [8] A session had already been started - ignoring session_start() D:\wm\ThinkPHP\Common\functions.php 第 1263 行.
INFO: [ view_parse ] --START--
INFO: [ template_filter ] --START--
INFO: Run Behavior\ContentReplaceBehavior [ RunTime:0.000057s ]
INFO: [ template_filter ] --END-- [ RunTime:0.000124s ]
INFO: Run Behavior\ParseTemplateBehavior [ RunTime:0.174962s ]
INFO: [ view_parse ] --END-- [ RunTime:0.175082s ]
INFO: [ view_filter ] --START--
INFO: Run Behavior\WriteHtmlCacheBehavior [ RunTime:0.023925s ]
INFO: [ view_filter ] --END-- [ RunTime:0.024029s ]
INFO: [ app_end ] --START--
INFO: Run Behavior\ShowPageTraceBehavior [ RunTime:0.000703s ]
INFO: [ app_end ] --END-- [ RunTime:0.000771s ]

[ 2017-08-08T13:50:44+08:00 ] 129.127.113.105 /index.php/Admin/Index/index.html
INFO: [ app_init ] --START--
INFO: Run Behavior\BuildLiteBehavior [ RunTime:0.000022s ]
INFO: [ app_init ] --END-- [ RunTime:0.000482s ]
INFO: [ app_begin ] --START--
INFO: Run Behavior\ReadHtmlCacheBehavior [ RunTime:0.000715s ]
INFO: [ app_begin ] --END-- [ RunTime:0.000790s ]
NOTIC: [8] A session had already been started - ignoring session_start() D:\wm\ThinkPHP\Common\functions.php 第 1263 行.
SQL: SHOW COLUMNS FROM `et_shopmessage` [ RunTime:0.0554s ]
SQL: SELECT * FROM `et_shopmessage` WHERE `state` = 3  [ RunTime:0.0005s ]
SQL: SHOW COLUMNS FROM `et_orders` [ RunTime:0.0029s ]
SQL: SELECT * FROM `et_orders` WHERE `state` IN ('1','2') AND `states` = 1 AND `statu` = 1  [ RunTime:0.0014s ]
SQL: SELECT * FROM `et_shopmessage` WHERE `state` = 3 LIMIT 0,10   [ RunTime:0.0007s ]
SQL: SELECT * FROM `et_shopmessage` WHERE `state` IN ('1','2')  [ RunTime:0.0004s ]
SQL: SELECT * FROM `et_orders` WHERE `state` IN ('3','4','5') AND `states` = 1 AND `shopid` = 6 AND `statu` = 2  [ RunTime:0.0007s ]
SQL: SELECT * FROM `et_orders` WHERE `state` IN ('3','4','5') AND `states` = 1 AND `shopid` = 7 AND `statu` = 2  [ RunTime:0.0005s ]
SQL: SELECT * FROM `et_orders` WHERE `state` IN ('3','4','5') AND `states` = 1 AND `shopid` = 13 AND `statu` = 2  [ RunTime:0.0005s ]
SQL: SELECT * FROM `et_orders` WHERE `state` IN ('3','4','5') AND `states` = 1 AND `shopid` = 39 AND `statu` = 2  [ RunTime:0.0005s ]
SQL: SELECT * FROM `et_orders` WHERE `state` IN ('3','4','5') AND `states` = 1 AND `shopid` = 42 AND `statu` = 2  [ RunTime:0.0005s ]
SQL: SELECT * FROM `et_orders` WHERE `state` IN ('3','4','5') AND `states` = 1 AND `shopid` = 43 AND `statu` = 2  [ RunTime:0.0015s ]
INFO: [ view_parse ] --START--
NOTIC: [2] file_get_contents(./Application/Admin/View/Public/left.html): failed to open stream: No such file or directory D:\wm\ThinkPHP\Library\Think\Template.class.php 第 696 行.
INFO: [ template_filter ] --START--
INFO: Run Behavior\ContentReplaceBehavior [ RunTime:0.000206s ]
INFO: [ template_filter ] --END-- [ RunTime:0.000291s ]
NOTIC: [8] Undefined variable: shopname D:\wm\Application\Runtime\Cache\Admin\b595b808c2ebeeeb0478ffc30bb4e87a.php 第 332 行.
INFO: Run Behavior\ParseTemplateBehavior [ RunTime:0.058348s ]
INFO: [ view_parse ] --END-- [ RunTime:0.058430s ]
INFO: [ view_filter ] --START--
INFO: Run Behavior\WriteHtmlCacheBehavior [ RunTime:0.000520s ]
INFO: [ view_filter ] --END-- [ RunTime:0.000575s ]
INFO: [ app_end ] --START--
INFO: Run Behavior\ShowPageTraceBehavior [ RunTime:0.000581s ]
INFO: [ app_end ] --END-- [ RunTime:0.000659s ]

