[ 2017-09-18T14:00:01+08:00 ] 124.239.137.28 /index.php/admin
INFO: [ app_init ] --START--
INFO: Run Behavior\BuildLiteBehavior [ RunTime:0.000014s ]
INFO: [ app_init ] --END-- [ RunTime:0.000281s ]
INFO: [ app_begin ] --START--
INFO: Run Behavior\ReadHtmlCacheBehavior [ RunTime:0.000722s ]
INFO: [ app_begin ] --END-- [ RunTime:0.000823s ]
NOTIC: [8] A session had already been started - ignoring session_start() D:\wm\ThinkPHP\Common\functions.php 第 1263 行.

[ 2017-09-18T14:00:01+08:00 ] 124.239.137.28 /index.php/Admin/Login/loadlogin.html
INFO: [ app_init ] --START--
INFO: Run Behavior\BuildLiteBehavior [ RunTime:0.000015s ]
INFO: [ app_init ] --END-- [ RunTime:0.000287s ]
INFO: [ app_begin ] --START--
INFO: Run Behavior\ReadHtmlCacheBehavior [ RunTime:0.000421s ]
INFO: [ app_begin ] --END-- [ RunTime:0.000473s ]
NOTIC: [8] A session had already been started - ignoring session_start() D:\wm\ThinkPHP\Common\functions.php 第 1263 行.
INFO: [ view_parse ] --START--
INFO: [ template_filter ] --START--
INFO: Run Behavior\ContentReplaceBehavior [ RunTime:0.000067s ]
INFO: [ template_filter ] --END-- [ RunTime:0.000131s ]
INFO: Run Behavior\ParseTemplateBehavior [ RunTime:0.039823s ]
INFO: [ view_parse ] --END-- [ RunTime:0.039916s ]
INFO: [ view_filter ] --START--
INFO: Run Behavior\WriteHtmlCacheBehavior [ RunTime:0.000244s ]
INFO: [ view_filter ] --END-- [ RunTime:0.000290s ]
INFO: [ app_end ] --START--
INFO: Run Behavior\ShowPageTraceBehavior [ RunTime:0.000384s ]
INFO: [ app_end ] --END-- [ RunTime:0.000433s ]

[ 2017-09-18T14:00:07+08:00 ] 110.249.130.170 /index.php/Admin/Login/login.html
INFO: [ app_init ] --START--
INFO: Run Behavior\BuildLiteBehavior [ RunTime:0.000016s ]
INFO: [ app_init ] --END-- [ RunTime:0.000323s ]
INFO: [ app_begin ] --START--
INFO: Run Behavior\ReadHtmlCacheBehavior [ RunTime:0.000355s ]
INFO: [ app_begin ] --END-- [ RunTime:0.000405s ]
NOTIC: [8] A session had already been started - ignoring session_start() D:\wm\ThinkPHP\Common\functions.php 第 1263 行.
SQL: SHOW COLUMNS FROM `et_root` [ RunTime:0.0023s ]
SQL: SELECT * FROM `et_root` WHERE `username` = 'admin' LIMIT 1   [ RunTime:0.0003s ]
NOTIC: [8] A session had already been started - ignoring session_start() D:\wm\ThinkPHP\Common\functions.php 第 1263 行.

[ 2017-09-18T14:00:07+08:00 ] 110.249.130.170 /index.php/Admin/Index/index.html
INFO: [ app_init ] --START--
INFO: Run Behavior\BuildLiteBehavior [ RunTime:0.000017s ]
INFO: [ app_init ] --END-- [ RunTime:0.000336s ]
INFO: [ app_begin ] --START--
INFO: Run Behavior\ReadHtmlCacheBehavior [ RunTime:0.000558s ]
INFO: [ app_begin ] --END-- [ RunTime:0.000613s ]
NOTIC: [8] A session had already been started - ignoring session_start() D:\wm\ThinkPHP\Common\functions.php 第 1263 行.
SQL: SHOW COLUMNS FROM `et_shopmessage` [ RunTime:0.0030s ]
SQL: SELECT * FROM `et_shopmessage` WHERE `state` = 3  [ RunTime:0.0004s ]
SQL: SHOW COLUMNS FROM `et_orders` [ RunTime:0.0020s ]
SQL: SELECT * FROM `et_orders` WHERE `state` IN ('1','2') AND `states` = 1 AND `statu` = 1  [ RunTime:0.0039s ]
SQL: SELECT * FROM `et_shopmessage` WHERE `state` = 3 LIMIT 0,10   [ RunTime:0.0005s ]
SQL: SELECT * FROM `et_shopmessage` WHERE `state` IN ('1','2')  [ RunTime:0.0004s ]
SQL: SELECT * FROM `et_orders` WHERE `state` IN ('3','4','5') AND `states` = 1 AND `shopid` = 6 AND `statu` = 2  [ RunTime:0.0009s ]
SQL: SELECT * FROM `et_orders` WHERE `state` IN ('3','4','5') AND `states` = 1 AND `shopid` = 7 AND `statu` = 2  [ RunTime:0.0010s ]
SQL: SELECT * FROM `et_orders` WHERE `state` IN ('3','4','5') AND `states` = 1 AND `shopid` = 13 AND `statu` = 2  [ RunTime:0.0011s ]
SQL: SELECT * FROM `et_orders` WHERE `state` IN ('3','4','5') AND `states` = 1 AND `shopid` = 42 AND `statu` = 2  [ RunTime:0.0011s ]
SQL: SELECT * FROM `et_orders` WHERE `state` IN ('3','4','5') AND `states` = 1 AND `shopid` = 44 AND `statu` = 2  [ RunTime:0.0009s ]
SQL: SELECT * FROM `et_orders` WHERE `state` IN ('3','4','5') AND `states` = 1 AND `shopid` = 45 AND `statu` = 2  [ RunTime:0.0010s ]
SQL: SELECT * FROM `et_orders` WHERE `state` IN ('3','4','5') AND `states` = 1 AND `shopid` = 50 AND `statu` = 2  [ RunTime:0.0008s ]
SQL: SELECT * FROM `et_orders` WHERE `state` IN ('3','4','5') AND `states` = 1 AND `shopid` = 51 AND `statu` = 2  [ RunTime:0.0008s ]
SQL: SELECT * FROM `et_orders` WHERE `state` IN ('3','4','5') AND `states` = 1 AND `shopid` = 52 AND `statu` = 2  [ RunTime:0.0009s ]
SQL: SELECT * FROM `et_orders` WHERE `state` IN ('3','4','5') AND `states` = 1 AND `shopid` = 53 AND `statu` = 2  [ RunTime:0.0009s ]
INFO: [ view_parse ] --START--
NOTIC: [2] file_get_contents(./Application/Admin/View/Public/left.html): failed to open stream: No such file or directory D:\wm\ThinkPHP\Library\Think\Template.class.php 第 696 行.
INFO: [ template_filter ] --START--
INFO: Run Behavior\ContentReplaceBehavior [ RunTime:0.000203s ]
INFO: [ template_filter ] --END-- [ RunTime:0.000283s ]
NOTIC: [8] Undefined variable: shopname D:\wm\Application\Runtime\Cache\Admin\b595b808c2ebeeeb0478ffc30bb4e87a.php 第 331 行.
INFO: Run Behavior\ParseTemplateBehavior [ RunTime:0.068986s ]
INFO: [ view_parse ] --END-- [ RunTime:0.069100s ]
INFO: [ view_filter ] --START--
INFO: Run Behavior\WriteHtmlCacheBehavior [ RunTime:0.000458s ]
INFO: [ view_filter ] --END-- [ RunTime:0.000523s ]
INFO: [ app_end ] --START--
INFO: Run Behavior\ShowPageTraceBehavior [ RunTime:0.000646s ]
INFO: [ app_end ] --END-- [ RunTime:0.000726s ]

[ 2017-09-18T14:00:11+08:00 ] 110.249.130.170 /index.php/Admin/User/tuidan.html
INFO: [ app_init ] --START--
INFO: Run Behavior\BuildLiteBehavior [ RunTime:0.000016s ]
INFO: [ app_init ] --END-- [ RunTime:0.000289s ]
INFO: [ app_begin ] --START--
INFO: Run Behavior\ReadHtmlCacheBehavior [ RunTime:0.000429s ]
INFO: [ app_begin ] --END-- [ RunTime:0.000587s ]
NOTIC: [8] A session had already been started - ignoring session_start() D:\wm\ThinkPHP\Common\functions.php 第 1263 行.
SQL: SHOW COLUMNS FROM `et_orders` [ RunTime:0.0020s ]
SQL: SELECT * FROM `et_orders` WHERE `state` IN ('1','2') AND `states` = 1 AND `statu` = 1  [ RunTime:0.0036s ]
SQL: SELECT * FROM `et_orders` WHERE `state` IN ('1','2') AND `states` = 1 AND `statu` = 1 LIMIT 0,10   [ RunTime:0.0005s ]
SQL: SHOW COLUMNS FROM `et_user` [ RunTime:0.0022s ]
SQL: SELECT `username`,`mobile` FROM `et_user` WHERE `uid` = 37 LIMIT 1   [ RunTime:0.0002s ]
SQL: SHOW COLUMNS FROM `et_shopmessage` [ RunTime:0.0017s ]
SQL: SELECT `shopname` FROM `et_shopmessage` WHERE `shopid` = 41 LIMIT 1   [ RunTime:0.0002s ]
SQL: SELECT `username`,`mobile` FROM `et_user` WHERE `uid` = 37 LIMIT 1   [ RunTime:0.0002s ]
SQL: SELECT `shopname` FROM `et_shopmessage` WHERE `shopid` = 41 LIMIT 1   [ RunTime:0.0002s ]
SQL: SELECT `username`,`mobile` FROM `et_user` WHERE `uid` = 37 LIMIT 1   [ RunTime:0.0002s ]
SQL: SELECT `shopname` FROM `et_shopmessage` WHERE `shopid` = 41 LIMIT 1   [ RunTime:0.0002s ]
SQL: SELECT `username`,`mobile` FROM `et_user` WHERE `uid` = 37 LIMIT 1   [ RunTime:0.0002s ]
SQL: SELECT `shopname` FROM `et_shopmessage` WHERE `shopid` = 41 LIMIT 1   [ RunTime:0.0002s ]
SQL: SELECT `username`,`mobile` FROM `et_user` WHERE `uid` = 37 LIMIT 1   [ RunTime:0.0002s ]
SQL: SELECT `shopname` FROM `et_shopmessage` WHERE `shopid` = 13 LIMIT 1   [ RunTime:0.0002s ]
SQL: SELECT `username`,`mobile` FROM `et_user` WHERE `uid` = 37 LIMIT 1   [ RunTime:0.0002s ]
SQL: SELECT `shopname` FROM `et_shopmessage` WHERE `shopid` = 13 LIMIT 1   [ RunTime:0.0002s ]
SQL: SELECT `username`,`mobile` FROM `et_user` WHERE `uid` = 37 LIMIT 1   [ RunTime:0.0002s ]
SQL: SELECT `shopname` FROM `et_shopmessage` WHERE `shopid` = 13 LIMIT 1   [ RunTime:0.0002s ]
SQL: SELECT `username`,`mobile` FROM `et_user` WHERE `uid` = 37 LIMIT 1   [ RunTime:0.0002s ]
SQL: SELECT `shopname` FROM `et_shopmessage` WHERE `shopid` = 13 LIMIT 1   [ RunTime:0.0002s ]
SQL: SELECT `username`,`mobile` FROM `et_user` WHERE `uid` = 37 LIMIT 1   [ RunTime:0.0002s ]
SQL: SELECT `shopname` FROM `et_shopmessage` WHERE `shopid` = 13 LIMIT 1   [ RunTime:0.0002s ]
SQL: SELECT `username`,`mobile` FROM `et_user` WHERE `uid` = 37 LIMIT 1   [ RunTime:0.0002s ]
SQL: SELECT `shopname` FROM `et_shopmessage` WHERE `shopid` = 13 LIMIT 1   [ RunTime:0.0002s ]
SQL: SELECT COUNT(*) AS tp_count FROM `et_shopmessage` WHERE `state` IN ('1','2') LIMIT 1   [ RunTime:0.0002s ]
SQL: SELECT * FROM `et_shopmessage` WHERE `state` = 3  [ RunTime:0.0003s ]
SQL: SELECT * FROM `et_shopmessage` WHERE `state` IN ('1','2')  [ RunTime:0.0003s ]
SQL: SELECT * FROM `et_orders` WHERE `state` IN ('3','4','5') AND `states` = 1 AND `shopid` = 6 AND `statu` = 2  [ RunTime:0.0011s ]
SQL: SELECT * FROM `et_orders` WHERE `state` IN ('3','4','5') AND `states` = 1 AND `shopid` = 7 AND `statu` = 2  [ RunTime:0.0008s ]
SQL: SELECT * FROM `et_orders` WHERE `state` IN ('3','4','5') AND `states` = 1 AND `shopid` = 13 AND `statu` = 2  [ RunTime:0.0010s ]
SQL: SELECT * FROM `et_orders` WHERE `state` IN ('3','4','5') AND `states` = 1 AND `shopid` = 42 AND `statu` = 2  [ RunTime:0.0010s ]
SQL: SELECT * FROM `et_orders` WHERE `state` IN ('3','4','5') AND `states` = 1 AND `shopid` = 44 AND `statu` = 2  [ RunTime:0.0009s ]
SQL: SELECT * FROM `et_orders` WHERE `state` IN ('3','4','5') AND `states` = 1 AND `shopid` = 45 AND `statu` = 2  [ RunTime:0.0009s ]
SQL: SELECT * FROM `et_orders` WHERE `state` IN ('3','4','5') AND `states` = 1 AND `shopid` = 50 AND `statu` = 2  [ RunTime:0.0008s ]
SQL: SELECT * FROM `et_orders` WHERE `state` IN ('3','4','5') AND `states` = 1 AND `shopid` = 51 AND `statu` = 2  [ RunTime:0.0008s ]
SQL: SELECT * FROM `et_orders` WHERE `state` IN ('3','4','5') AND `states` = 1 AND `shopid` = 52 AND `statu` = 2  [ RunTime:0.0008s ]
SQL: SELECT * FROM `et_orders` WHERE `state` IN ('3','4','5') AND `states` = 1 AND `shopid` = 53 AND `statu` = 2  [ RunTime:0.0009s ]
INFO: [ view_parse ] --START--
NOTIC: [2] file_get_contents(./Application/Admin/View/Public/left.html): failed to open stream: No such file or directory D:\wm\ThinkPHP\Library\Think\Template.class.php 第 696 行.
INFO: [ template_filter ] --START--
INFO: Run Behavior\ContentReplaceBehavior [ RunTime:0.000216s ]
INFO: [ template_filter ] --END-- [ RunTime:0.000282s ]
NOTIC: [8] Undefined variable: shopname D:\wm\Application\Runtime\Cache\Admin\4ec748e5ac0cf883d713bebd5f983eaf.php 第 339 行.
INFO: Run Behavior\ParseTemplateBehavior [ RunTime:0.056387s ]
INFO: [ view_parse ] --END-- [ RunTime:0.056488s ]
INFO: [ view_filter ] --START--
INFO: Run Behavior\WriteHtmlCacheBehavior [ RunTime:0.000415s ]
INFO: [ view_filter ] --END-- [ RunTime:0.000482s ]
INFO: [ app_end ] --START--
INFO: Run Behavior\ShowPageTraceBehavior [ RunTime:0.000708s ]
INFO: [ app_end ] --END-- [ RunTime:0.000782s ]

[ 2017-09-18T14:00:23+08:00 ] 110.249.130.170 /index.php/Admin/User/jiaoyi.html
INFO: [ app_init ] --START--
INFO: Run Behavior\BuildLiteBehavior [ RunTime:0.000026s ]
INFO: [ app_init ] --END-- [ RunTime:0.000403s ]
INFO: [ app_begin ] --START--
INFO: Run Behavior\ReadHtmlCacheBehavior [ RunTime:0.000506s ]
INFO: [ app_begin ] --END-- [ RunTime:0.000563s ]
NOTIC: [8] A session had already been started - ignoring session_start() D:\wm\ThinkPHP\Common\functions.php 第 1263 行.
SQL: SHOW COLUMNS FROM `et_shopmessage` [ RunTime:0.0031s ]
SQL: SELECT * FROM `et_shopmessage` WHERE `state` IN ('1','2')  [ RunTime:0.0005s ]
SQL: SHOW COLUMNS FROM `et_orders` [ RunTime:0.0018s ]
SQL: SELECT * FROM `et_orders` WHERE `shopid` = 6 AND `states` = 1 AND `statu` = 2 AND `state` IN ('3','4','5')  [ RunTime:0.0010s ]
SQL: SELECT * FROM `et_orders` WHERE `shopid` = 7 AND `states` = 1 AND `statu` = 2 AND `state` IN ('3','4','5')  [ RunTime:0.0711s ]
SQL: SELECT * FROM `et_orders` WHERE `shopid` = 13 AND `states` = 1 AND `statu` = 2 AND `state` IN ('3','4','5')  [ RunTime:0.0011s ]
SQL: SELECT * FROM `et_orders` WHERE `shopid` = 42 AND `states` = 1 AND `statu` = 2 AND `state` IN ('3','4','5')  [ RunTime:0.0011s ]
SQL: SELECT * FROM `et_orders` WHERE `shopid` = 44 AND `states` = 1 AND `statu` = 2 AND `state` IN ('3','4','5')  [ RunTime:0.0009s ]
SQL: SELECT * FROM `et_orders` WHERE `shopid` = 45 AND `states` = 1 AND `statu` = 2 AND `state` IN ('3','4','5')  [ RunTime:0.0009s ]
SQL: SELECT * FROM `et_orders` WHERE `shopid` = 50 AND `states` = 1 AND `statu` = 2 AND `state` IN ('3','4','5')  [ RunTime:0.0009s ]
SQL: SELECT * FROM `et_orders` WHERE `shopid` = 51 AND `states` = 1 AND `statu` = 2 AND `state` IN ('3','4','5')  [ RunTime:0.0008s ]
SQL: SELECT * FROM `et_orders` WHERE `shopid` = 52 AND `states` = 1 AND `statu` = 2 AND `state` IN ('3','4','5')  [ RunTime:0.0009s ]
SQL: SELECT * FROM `et_orders` WHERE `shopid` = 53 AND `states` = 1 AND `statu` = 2 AND `state` IN ('3','4','5')  [ RunTime:0.0009s ]
SQL: SELECT DISTINCT  et_shopmessage.shopid,et_shopmessage.shopname,et_shopmessage.mobile,et_shopmessage.addtime FROM `et_shopmessage` INNER JOIN et_orders ON et_shopmessage.shopid = et_orders.shopid  WHERE et_shopmessage.state IN ('1','2')  [ RunTime:0.1259s ]
SQL: SELECT * FROM `et_orders` WHERE `state` IN ('3','4','5') AND `states` = 1 AND `shopid` = 13 AND `statu` = 2  [ RunTime:0.0013s ]
SQL: SELECT * FROM `et_orders` WHERE `state` IN ('3','4','5') AND `states` = 1 AND `shopid` = 13 AND `statu` = 2 AND `pay` = 1  [ RunTime:0.0009s ]
SQL: SELECT * FROM `et_orders` WHERE `state` IN ('3','4','5') AND `states` = 1 AND `shopid` = 13 AND `statu` = 2 AND `pay` = 2  [ RunTime:0.0008s ]
SQL: SELECT * FROM `et_orders` WHERE `state` IN ('3','4','5') AND `states` = 1 AND `shopid` = 13 AND `statu` = 2 AND `pay` = 3  [ RunTime:0.0010s ]
SQL: SELECT * FROM `et_orders` WHERE `state` IN ('3','4','5') AND `states` = 1 AND `shopid` = 42 AND `statu` = 2  [ RunTime:0.0011s ]
SQL: SELECT * FROM `et_orders` WHERE `state` IN ('3','4','5') AND `states` = 1 AND `shopid` = 42 AND `statu` = 2 AND `pay` = 1  [ RunTime:0.0009s ]
SQL: SELECT * FROM `et_orders` WHERE `state` IN ('3','4','5') AND `states` = 1 AND `shopid` = 42 AND `statu` = 2 AND `pay` = 2  [ RunTime:0.0009s ]
SQL: SELECT * FROM `et_orders` WHERE `state` IN ('3','4','5') AND `states` = 1 AND `shopid` = 42 AND `statu` = 2 AND `pay` = 3  [ RunTime:0.0011s ]
SQL: SELECT * FROM `et_orders` WHERE `state` IN ('3','4','5') AND `states` = 1 AND `shopid` = 45 AND `statu` = 2  [ RunTime:0.0009s ]
SQL: SELECT * FROM `et_orders` WHERE `state` IN ('3','4','5') AND `states` = 1 AND `shopid` = 45 AND `statu` = 2 AND `pay` = 1  [ RunTime:0.0008s ]
SQL: SELECT * FROM `et_orders` WHERE `state` IN ('3','4','5') AND `states` = 1 AND `shopid` = 45 AND `statu` = 2 AND `pay` = 2  [ RunTime:0.0008s ]
SQL: SELECT * FROM `et_orders` WHERE `state` IN ('3','4','5') AND `states` = 1 AND `shopid` = 45 AND `statu` = 2 AND `pay` = 3  [ RunTime:0.0009s ]
SQL: SELECT * FROM `et_orders` WHERE `state` IN ('3','4','5') AND `states` = 1 AND `shopid` = 44 AND `statu` = 2  [ RunTime:0.0008s ]
SQL: SELECT * FROM `et_orders` WHERE `state` IN ('3','4','5') AND `states` = 1 AND `shopid` = 44 AND `statu` = 2 AND `pay` = 1  [ RunTime:0.0008s ]
SQL: SELECT * FROM `et_orders` WHERE `state` IN ('3','4','5') AND `states` = 1 AND `shopid` = 44 AND `statu` = 2 AND `pay` = 2  [ RunTime:0.0008s ]
SQL: SELECT * FROM `et_orders` WHERE `state` IN ('3','4','5') AND `states` = 1 AND `shopid` = 44 AND `statu` = 2 AND `pay` = 3  [ RunTime:0.0009s ]
SQL: SELECT * FROM `et_shopmessage` WHERE `state` IN ('1','2')  [ RunTime:0.0004s ]
SQL: SELECT * FROM `et_orders` WHERE `state` IN ('3','4','5') AND `states` = 1 AND `shopid` = 6 AND `statu` = 2  [ RunTime:0.0008s ]
SQL: SELECT * FROM `et_orders` WHERE `state` IN ('3','4','5') AND `states` = 1 AND `shopid` = 7 AND `statu` = 2  [ RunTime:0.0008s ]
SQL: SELECT * FROM `et_orders` WHERE `state` IN ('3','4','5') AND `states` = 1 AND `shopid` = 13 AND `statu` = 2  [ RunTime:0.0010s ]
SQL: SELECT * FROM `et_orders` WHERE `state` IN ('3','4','5') AND `states` = 1 AND `shopid` = 42 AND `statu` = 2  [ RunTime:0.0010s ]
SQL: SELECT * FROM `et_orders` WHERE `state` IN ('3','4','5') AND `states` = 1 AND `shopid` = 44 AND `statu` = 2  [ RunTime:0.0008s ]
SQL: SELECT * FROM `et_orders` WHERE `state` IN ('3','4','5') AND `states` = 1 AND `shopid` = 45 AND `statu` = 2  [ RunTime:0.0008s ]
SQL: SELECT * FROM `et_orders` WHERE `state` IN ('3','4','5') AND `states` = 1 AND `shopid` = 50 AND `statu` = 2  [ RunTime:0.0008s ]
SQL: SELECT * FROM `et_orders` WHERE `state` IN ('3','4','5') AND `states` = 1 AND `shopid` = 51 AND `statu` = 2  [ RunTime:0.0008s ]
SQL: SELECT * FROM `et_orders` WHERE `state` IN ('3','4','5') AND `states` = 1 AND `shopid` = 52 AND `statu` = 2  [ RunTime:0.0008s ]
SQL: SELECT * FROM `et_orders` WHERE `state` IN ('3','4','5') AND `states` = 1 AND `shopid` = 53 AND `statu` = 2  [ RunTime:0.0008s ]
SQL: SELECT COUNT(*) AS tp_count FROM `et_shopmessage` WHERE `state` IN ('1','2') LIMIT 1   [ RunTime:0.0002s ]
SQL: SELECT * FROM `et_shopmessage` WHERE `state` = 3  [ RunTime:0.0003s ]
SQL: SELECT * FROM `et_orders` WHERE `state` IN ('1','2') AND `states` = 1 AND `statu` = 1  [ RunTime:0.0032s ]
INFO: [ view_parse ] --START--
NOTIC: [2] file_get_contents(./Application/Admin/View/Public/left.html): failed to open stream: No such file or directory D:\wm\ThinkPHP\Library\Think\Template.class.php 第 696 行.
INFO: [ template_filter ] --START--
INFO: Run Behavior\ContentReplaceBehavior [ RunTime:0.000186s ]
INFO: [ template_filter ] --END-- [ RunTime:0.000252s ]
NOTIC: [8] Undefined variable: shopname D:\wm\Application\Runtime\Cache\Admin\bc70a48993e454faf1547da30a85a25c.php 第 339 行.
INFO: Run Behavior\ParseTemplateBehavior [ RunTime:0.090306s ]
INFO: [ view_parse ] --END-- [ RunTime:0.090358s ]
INFO: [ view_filter ] --START--
INFO: Run Behavior\WriteHtmlCacheBehavior [ RunTime:0.000230s ]
INFO: [ view_filter ] --END-- [ RunTime:0.000267s ]
INFO: [ app_end ] --START--
INFO: Run Behavior\ShowPageTraceBehavior [ RunTime:0.000484s ]
INFO: [ app_end ] --END-- [ RunTime:0.000537s ]

[ 2017-09-18T17:00:51+08:00 ] 112.90.82.218 /index.php/Admin/User/tuidan.html
INFO: [ app_init ] --START--
INFO: Run Behavior\BuildLiteBehavior [ RunTime:0.000023s ]
INFO: [ app_init ] --END-- [ RunTime:0.000429s ]
INFO: [ app_begin ] --START--
INFO: Run Behavior\ReadHtmlCacheBehavior [ RunTime:0.000592s ]
INFO: [ app_begin ] --END-- [ RunTime:0.000660s ]
NOTIC: [8] A session had already been started - ignoring session_start() D:\wm\ThinkPHP\Common\functions.php 第 1263 行.

[ 2017-09-18T17:00:51+08:00 ] 112.90.82.218 /index.php/Admin/Login/loadlogin.html
INFO: [ app_init ] --START--
INFO: Run Behavior\BuildLiteBehavior [ RunTime:0.000015s ]
INFO: [ app_init ] --END-- [ RunTime:0.000294s ]
INFO: [ app_begin ] --START--
INFO: Run Behavior\ReadHtmlCacheBehavior [ RunTime:0.000383s ]
INFO: [ app_begin ] --END-- [ RunTime:0.000435s ]
NOTIC: [8] A session had already been started - ignoring session_start() D:\wm\ThinkPHP\Common\functions.php 第 1263 行.
INFO: [ view_parse ] --START--
INFO: [ template_filter ] --START--
INFO: Run Behavior\ContentReplaceBehavior [ RunTime:0.000048s ]
INFO: [ template_filter ] --END-- [ RunTime:0.000097s ]
INFO: Run Behavior\ParseTemplateBehavior [ RunTime:0.005104s ]
INFO: [ view_parse ] --END-- [ RunTime:0.005156s ]
INFO: [ view_filter ] --START--
INFO: Run Behavior\WriteHtmlCacheBehavior [ RunTime:0.000236s ]
INFO: [ view_filter ] --END-- [ RunTime:0.000285s ]
INFO: [ app_end ] --START--
INFO: Run Behavior\ShowPageTraceBehavior [ RunTime:0.000651s ]
INFO: [ app_end ] --END-- [ RunTime:0.000705s ]

