[ 2017-07-11T12:23:25+08:00 ] 43.246.231.242 /index.php/Admin/Index/index
INFO: [ app_init ] --START--
INFO: Run Behavior\BuildLiteBehavior [ RunTime:0.000016s ]
INFO: [ app_init ] --END-- [ RunTime:0.000307s ]
INFO: [ app_begin ] --START--
INFO: Run Behavior\ReadHtmlCacheBehavior [ RunTime:0.000715s ]
INFO: [ app_begin ] --END-- [ RunTime:0.000785s ]
NOTIC: [8] A session had already been started - ignoring session_start() D:\wm\ThinkPHP\Common\functions.php 第 1263 行.
SQL: SHOW COLUMNS FROM `et_shopmessage` [ RunTime:0.0235s ]
SQL: SELECT * FROM `et_shopmessage` WHERE `state` = 3  [ RunTime:0.0005s ]
SQL: SELECT * FROM `et_shopmessage`  [ RunTime:0.0230s ]
SQL: SHOW COLUMNS FROM `et_orders` [ RunTime:0.0026s ]
SQL: SELECT * FROM `et_orders` WHERE `state` IN ('1','2') AND `states` = 1 AND `statu` = 1  [ RunTime:0.0005s ]
SQL: SELECT * FROM `et_shopmessage` WHERE `state` = 3 LIMIT 0,3   [ RunTime:0.0007s ]
INFO: [ view_parse ] --START--
NOTIC: [2] file_get_contents(./Application/Admin/View/Public/left.html): failed to open stream: No such file or directory D:\wm\ThinkPHP\Library\Think\Template.class.php 第 696 行.
INFO: [ template_filter ] --START--
INFO: Run Behavior\ContentReplaceBehavior [ RunTime:0.000319s ]
INFO: [ template_filter ] --END-- [ RunTime:0.000425s ]
INFO: Run Behavior\ParseTemplateBehavior [ RunTime:0.437761s ]
INFO: [ view_parse ] --END-- [ RunTime:0.437899s ]
INFO: [ view_filter ] --START--
INFO: Run Behavior\WriteHtmlCacheBehavior [ RunTime:0.013458s ]
INFO: [ view_filter ] --END-- [ RunTime:0.013547s ]
INFO: [ app_end ] --START--
INFO: Run Behavior\ShowPageTraceBehavior [ RunTime:0.000556s ]
INFO: [ app_end ] --END-- [ RunTime:0.000676s ]

