[ 2017-11-10T09:31:00+08:00 ] 127.0.0.1 /index.php/Admin/User/category?shopid=45
INFO: [ app_init ] --START--
INFO: Run Behavior\BuildLiteBehavior [ RunTime:0.000029s ]
INFO: [ app_init ] --END-- [ RunTime:0.000894s ]
INFO: [ app_begin ] --START--
INFO: Run Behavior\ReadHtmlCacheBehavior [ RunTime:0.000674s ]
INFO: [ app_begin ] --END-- [ RunTime:0.000722s ]

[ 2017-11-10T09:31:00+08:00 ] 127.0.0.1 /index.php/Admin/Login/loadlogin.html
INFO: [ app_init ] --START--
INFO: Run Behavior\BuildLiteBehavior [ RunTime:0.000018s ]
INFO: [ app_init ] --END-- [ RunTime:0.000390s ]
INFO: [ app_begin ] --START--
INFO: Run Behavior\ReadHtmlCacheBehavior [ RunTime:0.000461s ]
INFO: [ app_begin ] --END-- [ RunTime:0.000506s ]
INFO: [ view_parse ] --START--
INFO: [ template_filter ] --START--
INFO: Run Behavior\ContentReplaceBehavior [ RunTime:0.000050s ]
INFO: [ template_filter ] --END-- [ RunTime:0.000114s ]
INFO: Run Behavior\ParseTemplateBehavior [ RunTime:0.006090s ]
INFO: [ view_parse ] --END-- [ RunTime:0.006142s ]
INFO: [ view_filter ] --START--
INFO: Run Behavior\WriteHtmlCacheBehavior [ RunTime:0.000419s ]
INFO: [ view_filter ] --END-- [ RunTime:0.000449s ]
INFO: [ app_end ] --START--
INFO: Run Behavior\ShowPageTraceBehavior [ RunTime:0.000657s ]
INFO: [ app_end ] --END-- [ RunTime:0.000693s ]

[ 2017-11-10T09:31:09+08:00 ] 127.0.0.1 /index.php/Admin/Login/login.html
INFO: [ app_init ] --START--
INFO: Run Behavior\BuildLiteBehavior [ RunTime:0.000009s ]
INFO: [ app_init ] --END-- [ RunTime:0.000351s ]
INFO: [ app_begin ] --START--
INFO: Run Behavior\ReadHtmlCacheBehavior [ RunTime:0.000569s ]
INFO: [ app_begin ] --END-- [ RunTime:0.000603s ]
SQL: SHOW COLUMNS FROM `et_root` [ RunTime:0.0221s ]
SQL: SELECT * FROM `et_root` WHERE `username` = 'admin' LIMIT 1   [ RunTime:0.0005s ]
NOTIC: [8] A session had already been started - ignoring session_start() F:\phpStudy\WWW\tp\ThinkPHP\Common\functions.php 第 1263 行.

[ 2017-11-10T09:31:11+08:00 ] 127.0.0.1 /index.php/Admin/Index/index.html
INFO: [ app_init ] --START--
INFO: Run Behavior\BuildLiteBehavior [ RunTime:0.000037s ]
INFO: [ app_init ] --END-- [ RunTime:0.000813s ]
INFO: [ app_begin ] --START--
INFO: Run Behavior\ReadHtmlCacheBehavior [ RunTime:0.001489s ]
INFO: [ app_begin ] --END-- [ RunTime:0.001593s ]
SQL: SHOW COLUMNS FROM `et_shopmessage` [ RunTime:0.0282s ]
SQL: SELECT * FROM `et_shopmessage` WHERE `state` = 3  [ RunTime:0.0014s ]
SQL: SHOW COLUMNS FROM `et_orders` [ RunTime:0.0324s ]
SQL: SELECT * FROM `et_orders` WHERE `state` IN ('1','2') AND `states` = 1 AND `statu` = 1  [ RunTime:0.0143s ]
SQL: SELECT * FROM `et_shopmessage` WHERE `state` = 3 LIMIT 0,10   [ RunTime:0.0010s ]
SQL: SELECT * FROM `et_shopmessage` WHERE `state` IN ('1','2')  [ RunTime:0.0011s ]
SQL: SELECT * FROM `et_orders` WHERE `state` IN ('3','4','5') AND `states` = 1 AND `shopid` = 13 AND `statu` = 2  [ RunTime:0.0034s ]
SQL: SELECT * FROM `et_orders` WHERE `state` IN ('3','4','5') AND `states` = 1 AND `shopid` = 45 AND `statu` = 2  [ RunTime:0.0034s ]
SQL: SELECT * FROM `et_orders` WHERE `state` IN ('3','4','5') AND `states` = 1 AND `shopid` = 50 AND `statu` = 2  [ RunTime:0.0033s ]
SQL: SELECT * FROM `et_orders` WHERE `state` IN ('3','4','5') AND `states` = 1 AND `shopid` = 51 AND `statu` = 2  [ RunTime:0.0028s ]
SQL: SELECT * FROM `et_orders` WHERE `state` IN ('3','4','5') AND `states` = 1 AND `shopid` = 52 AND `statu` = 2  [ RunTime:0.0013s ]
SQL: SELECT * FROM `et_orders` WHERE `state` IN ('3','4','5') AND `states` = 1 AND `shopid` = 53 AND `statu` = 2  [ RunTime:0.0013s ]
SQL: SELECT * FROM `et_orders` WHERE `state` IN ('3','4','5') AND `states` = 1 AND `shopid` = 54 AND `statu` = 2  [ RunTime:0.0013s ]
SQL: SELECT * FROM `et_orders` WHERE `state` IN ('3','4','5') AND `states` = 1 AND `shopid` = 56 AND `statu` = 2  [ RunTime:0.0014s ]
SQL: SELECT * FROM `et_orders` WHERE `state` IN ('3','4','5') AND `states` = 1 AND `shopid` = 57 AND `statu` = 2  [ RunTime:0.0013s ]
SQL: SELECT * FROM `et_orders` WHERE `state` IN ('3','4','5') AND `states` = 1 AND `shopid` = 58 AND `statu` = 2  [ RunTime:0.0013s ]
SQL: SELECT * FROM `et_orders` WHERE `state` IN ('3','4','5') AND `states` = 1 AND `shopid` = 59 AND `statu` = 2  [ RunTime:0.0013s ]
SQL: SELECT * FROM `et_orders` WHERE `state` IN ('3','4','5') AND `states` = 1 AND `shopid` = 61 AND `statu` = 2  [ RunTime:0.0013s ]
SQL: SELECT * FROM `et_orders` WHERE `state` IN ('3','4','5') AND `states` = 1 AND `shopid` = 62 AND `statu` = 2  [ RunTime:0.0013s ]
SQL: SELECT * FROM `et_orders` WHERE `state` IN ('3','4','5') AND `states` = 1 AND `shopid` = 63 AND `statu` = 2  [ RunTime:0.0013s ]
SQL: SELECT COUNT(*) AS tp_count FROM `et_orders` LIMIT 1   [ RunTime:0.0005s ]
INFO: [ view_parse ] --START--
NOTIC: [2] file_get_contents(./Application/Admin/View/Public/left.html): failed to open stream: No such file or directory F:\phpStudy\WWW\tp\ThinkPHP\Library\Think\Template.class.php 第 696 行.
INFO: [ template_filter ] --START--
INFO: Run Behavior\ContentReplaceBehavior [ RunTime:0.000126s ]
INFO: [ template_filter ] --END-- [ RunTime:0.000171s ]
NOTIC: [8] Undefined variable: shopname F:\phpStudy\WWW\tp\Application\Runtime\Cache\Admin\b595b808c2ebeeeb0478ffc30bb4e87a.php 第 359 行.
INFO: Run Behavior\ParseTemplateBehavior [ RunTime:0.017205s ]
INFO: [ view_parse ] --END-- [ RunTime:0.017247s ]
INFO: [ view_filter ] --START--
INFO: Run Behavior\WriteHtmlCacheBehavior [ RunTime:0.000368s ]
INFO: [ view_filter ] --END-- [ RunTime:0.000396s ]
INFO: [ app_end ] --START--
INFO: Run Behavior\ShowPageTraceBehavior [ RunTime:0.000612s ]
INFO: [ app_end ] --END-- [ RunTime:0.000649s ]

[ 2017-11-10T09:32:03+08:00 ] 127.0.0.1 /index.php/Admin/User/ready.html
INFO: [ app_init ] --START--
INFO: Run Behavior\BuildLiteBehavior [ RunTime:0.000011s ]
INFO: [ app_init ] --END-- [ RunTime:0.000350s ]
INFO: [ app_begin ] --START--
INFO: Run Behavior\ReadHtmlCacheBehavior [ RunTime:0.000576s ]
INFO: [ app_begin ] --END-- [ RunTime:0.000614s ]
SQL: SHOW COLUMNS FROM `et_shopmessage` [ RunTime:0.0176s ]
SQL: SELECT COUNT(*) AS tp_count FROM `et_shopmessage` WHERE `state` IN ('1','2') LIMIT 1   [ RunTime:0.0008s ]
SQL: SELECT * FROM `et_shopmessage` WHERE `state` IN ('1','2') ORDER BY addtime desc LIMIT 0,5   [ RunTime:0.0022s ]
SQL: SELECT * FROM `et_shopmessage` WHERE `state` IN ('1','2')  [ RunTime:0.0013s ]
SQL: SHOW COLUMNS FROM `et_orders` [ RunTime:0.0140s ]
SQL: SELECT * FROM `et_orders` WHERE `state` IN ('3','4','5') AND `states` = 1 AND `shopid` = 13 AND `statu` = 2  [ RunTime:0.0021s ]
SQL: SELECT * FROM `et_orders` WHERE `state` IN ('3','4','5') AND `states` = 1 AND `shopid` = 45 AND `statu` = 2  [ RunTime:0.0018s ]
SQL: SELECT * FROM `et_orders` WHERE `state` IN ('3','4','5') AND `states` = 1 AND `shopid` = 50 AND `statu` = 2  [ RunTime:0.0017s ]
SQL: SELECT * FROM `et_orders` WHERE `state` IN ('3','4','5') AND `states` = 1 AND `shopid` = 51 AND `statu` = 2  [ RunTime:0.0017s ]
SQL: SELECT * FROM `et_orders` WHERE `state` IN ('3','4','5') AND `states` = 1 AND `shopid` = 52 AND `statu` = 2  [ RunTime:0.0017s ]
SQL: SELECT * FROM `et_orders` WHERE `state` IN ('3','4','5') AND `states` = 1 AND `shopid` = 53 AND `statu` = 2  [ RunTime:0.0017s ]
SQL: SELECT * FROM `et_orders` WHERE `state` IN ('3','4','5') AND `states` = 1 AND `shopid` = 54 AND `statu` = 2  [ RunTime:0.0018s ]
SQL: SELECT * FROM `et_orders` WHERE `state` IN ('3','4','5') AND `states` = 1 AND `shopid` = 56 AND `statu` = 2  [ RunTime:0.0019s ]
SQL: SELECT * FROM `et_orders` WHERE `state` IN ('3','4','5') AND `states` = 1 AND `shopid` = 57 AND `statu` = 2  [ RunTime:0.0017s ]
SQL: SELECT * FROM `et_orders` WHERE `state` IN ('3','4','5') AND `states` = 1 AND `shopid` = 58 AND `statu` = 2  [ RunTime:0.0017s ]
SQL: SELECT * FROM `et_orders` WHERE `state` IN ('3','4','5') AND `states` = 1 AND `shopid` = 59 AND `statu` = 2  [ RunTime:0.0016s ]
SQL: SELECT * FROM `et_orders` WHERE `state` IN ('3','4','5') AND `states` = 1 AND `shopid` = 61 AND `statu` = 2  [ RunTime:0.0017s ]
SQL: SELECT * FROM `et_orders` WHERE `state` IN ('3','4','5') AND `states` = 1 AND `shopid` = 62 AND `statu` = 2  [ RunTime:0.0016s ]
SQL: SELECT * FROM `et_orders` WHERE `state` IN ('3','4','5') AND `states` = 1 AND `shopid` = 63 AND `statu` = 2  [ RunTime:0.0010s ]
SQL: SELECT * FROM `et_orders` WHERE `state` IN ('1','2') AND `states` = 1 AND `statu` = 1  [ RunTime:0.0026s ]
SQL: SELECT COUNT(*) AS tp_count FROM `et_shopmessage` WHERE `state` = 3 LIMIT 1   [ RunTime:0.0003s ]
INFO: [ view_parse ] --START--
NOTIC: [2] file_get_contents(./Application/Admin/View/Public/left.html): failed to open stream: No such file or directory F:\phpStudy\WWW\tp\ThinkPHP\Library\Think\Template.class.php 第 696 行.
INFO: [ template_filter ] --START--
INFO: Run Behavior\ContentReplaceBehavior [ RunTime:0.000096s ]
INFO: [ template_filter ] --END-- [ RunTime:0.000130s ]
NOTIC: [8] Undefined variable: shopname F:\phpStudy\WWW\tp\Application\Runtime\Cache\Admin\76953b2fe37f9a159d1f2ee01dfc93ad.php 第 358 行.
INFO: Run Behavior\ParseTemplateBehavior [ RunTime:0.028051s ]
INFO: [ view_parse ] --END-- [ RunTime:0.028096s ]
INFO: [ view_filter ] --START--
INFO: Run Behavior\WriteHtmlCacheBehavior [ RunTime:0.000347s ]
INFO: [ view_filter ] --END-- [ RunTime:0.000374s ]
INFO: [ app_end ] --START--
INFO: Run Behavior\ShowPageTraceBehavior [ RunTime:0.000667s ]
INFO: [ app_end ] --END-- [ RunTime:0.000707s ]

[ 2017-11-10T09:32:06+08:00 ] 127.0.0.1 /index.php/Admin/User/forms?shopid=45
INFO: [ app_init ] --START--
INFO: Run Behavior\BuildLiteBehavior [ RunTime:0.000011s ]
INFO: [ app_init ] --END-- [ RunTime:0.000296s ]
INFO: [ app_begin ] --START--
INFO: Run Behavior\ReadHtmlCacheBehavior [ RunTime:0.000403s ]
INFO: [ app_begin ] --END-- [ RunTime:0.000439s ]
SQL: SHOW COLUMNS FROM `et_shopmessage` [ RunTime:0.0166s ]
SQL: SELECT * FROM `et_shopmessage` WHERE `shopid` = 45 LIMIT 1   [ RunTime:0.0011s ]
SQL: SHOW COLUMNS FROM `et_orders` [ RunTime:0.0150s ]
SQL: SELECT * FROM `et_orders` WHERE `shopid` = 45 AND `statu` = 2 AND `state` IN ('3','4','5')  [ RunTime:0.0048s ]
SQL: SELECT * FROM `et_orders` WHERE `shopid` = 45 AND `statu` = 2 AND `pay` = 1 AND `state` IN ('3','4','5')  [ RunTime:0.0020s ]
SQL: SELECT * FROM `et_orders` WHERE `shopid` = 45 AND `statu` = 2 AND `pay` = 2 AND `state` IN ('3','4','5')  [ RunTime:0.0022s ]
SQL: SELECT * FROM `et_orders` WHERE `shopid` = 45 AND `statu` = 2 AND `pay` = 3 AND `state` IN ('3','4','5')  [ RunTime:0.0025s ]
SQL: SELECT COUNT(*) AS tp_count FROM `et_orders` WHERE `shopid` = 45 AND `statu` = 2 AND `state` IN ('3','4','5') LIMIT 1   [ RunTime:0.0008s ]
SQL: SHOW COLUMNS FROM `et_shop` [ RunTime:0.0620s ]
SQL: SELECT * FROM `et_shop` WHERE `shopid` = 45 LIMIT 1   [ RunTime:0.0007s ]
INFO: [ view_parse ] --START--
NOTIC: [2] file_get_contents(./Application/Admin/View/Public/left.html): failed to open stream: No such file or directory F:\phpStudy\WWW\tp\ThinkPHP\Library\Think\Template.class.php 第 696 行.
INFO: [ template_filter ] --START--
INFO: Run Behavior\ContentReplaceBehavior [ RunTime:0.000486s ]
INFO: [ template_filter ] --END-- [ RunTime:0.000627s ]
INFO: Run Behavior\ParseTemplateBehavior [ RunTime:0.036864s ]
INFO: [ view_parse ] --END-- [ RunTime:0.037015s ]
INFO: [ view_filter ] --START--
INFO: Run Behavior\WriteHtmlCacheBehavior [ RunTime:0.000944s ]
INFO: [ view_filter ] --END-- [ RunTime:0.001066s ]
INFO: [ app_end ] --START--
INFO: Run Behavior\ShowPageTraceBehavior [ RunTime:0.001965s ]
INFO: [ app_end ] --END-- [ RunTime:0.002119s ]

[ 2017-11-10T09:32:20+08:00 ] 127.0.0.1 /index.php/Admin/User/category?shopid=45
INFO: [ app_init ] --START--
INFO: Run Behavior\BuildLiteBehavior [ RunTime:0.000010s ]
INFO: [ app_init ] --END-- [ RunTime:0.000294s ]
INFO: [ app_begin ] --START--
INFO: Run Behavior\ReadHtmlCacheBehavior [ RunTime:0.000404s ]
INFO: [ app_begin ] --END-- [ RunTime:0.000440s ]
SQL: SHOW COLUMNS FROM `et_shopmessage` [ RunTime:0.0164s ]
SQL: SELECT * FROM `et_shopmessage` WHERE `shopid` = 45 LIMIT 1   [ RunTime:0.0011s ]
SQL: SHOW COLUMNS FROM `et_category` [ RunTime:0.0394s ]
SQL: SELECT * FROM `et_category` WHERE `shopid` = 45 AND `up` = -1 LIMIT 1   [ RunTime:0.0012s ]
SQL: SELECT * FROM `et_category` WHERE `cid` = 370 LIMIT 1   [ RunTime:0.0005s ]
SQL: SELECT * FROM `et_category` WHERE `cid` = 368 LIMIT 1   [ RunTime:0.0005s ]
SQL: SELECT * FROM `et_category` WHERE `cid` = 364 LIMIT 1   [ RunTime:0.0005s ]
SQL: SELECT * FROM `et_category` WHERE `cid` = 366 LIMIT 1   [ RunTime:0.0005s ]
SQL: SELECT * FROM `et_category` WHERE `cid` = 373 LIMIT 1   [ RunTime:0.0005s ]
SQL: SELECT * FROM `et_category` WHERE `cid` = 0 LIMIT 1   [ RunTime:0.0004s ]
SQL: SHOW COLUMNS FROM `et_orders` [ RunTime:0.0155s ]
SQL: SELECT * FROM `et_orders` WHERE `shopid` = 45 AND `statu` = 2 AND `states` IN ('3','4','5')  [ RunTime:0.0036s ]
SQL: SHOW COLUMNS FROM `et_shopgoods` [ RunTime:0.0423s ]
SQL: SELECT * FROM `et_shopgoods` WHERE `cid` = 367 AND `shopid` = 45  [ RunTime:0.0171s ]
SQL: SELECT * FROM `et_orders` WHERE `shopid` = 45 AND `state` IN ('3','4','5')  [ RunTime:0.0027s ]
SQL: SELECT * FROM `et_shopgoods` WHERE `cid` = 370 AND `shopid` = 45  [ RunTime:0.0027s ]
SQL: SELECT * FROM `et_orders` WHERE `shopid` = 45 AND `state` IN ('3','4','5')  [ RunTime:0.0028s ]
SQL: SELECT * FROM `et_shopgoods` WHERE `cid` = 368 AND `shopid` = 45  [ RunTime:0.0052s ]
SQL: SELECT * FROM `et_orders` WHERE `shopid` = 45 AND `state` IN ('3','4','5')  [ RunTime:0.0052s ]
SQL: SELECT * FROM `et_shopgoods` WHERE `cid` = 364 AND `shopid` = 45  [ RunTime:0.0052s ]
SQL: SELECT * FROM `et_orders` WHERE `shopid` = 45 AND `state` IN ('3','4','5')  [ RunTime:0.0052s ]
SQL: SELECT * FROM `et_shopgoods` WHERE `cid` = 366 AND `shopid` = 45  [ RunTime:0.0046s ]
SQL: SELECT * FROM `et_orders` WHERE `shopid` = 45 AND `state` IN ('3','4','5')  [ RunTime:0.0031s ]
SQL: SELECT * FROM `et_shopgoods` WHERE `cid` = 373 AND `shopid` = 45  [ RunTime:0.0028s ]
SQL: SELECT * FROM `et_orders` WHERE `shopid` = 45 AND `state` IN ('3','4','5')  [ RunTime:0.0028s ]
SQL: SELECT COUNT(*) AS tp_count FROM `et_shopgoods` WHERE `cid` = 367 LIMIT 1   [ RunTime:0.0014s ]
SQL: SELECT COUNT(*) AS tp_count FROM `et_shopgoods` WHERE `cid` = 370 LIMIT 1   [ RunTime:0.0014s ]
SQL: SELECT COUNT(*) AS tp_count FROM `et_shopgoods` WHERE `cid` = 368 LIMIT 1   [ RunTime:0.0013s ]
SQL: SELECT COUNT(*) AS tp_count FROM `et_shopgoods` WHERE `cid` = 364 LIMIT 1   [ RunTime:0.0014s ]
SQL: SELECT COUNT(*) AS tp_count FROM `et_shopgoods` WHERE `cid` = 366 LIMIT 1   [ RunTime:0.0013s ]
SQL: SELECT COUNT(*) AS tp_count FROM `et_shopgoods` WHERE `cid` = 373 LIMIT 1   [ RunTime:0.0013s ]
INFO: [ view_parse ] --START--
NOTIC: [2] file_get_contents(./Application/Admin/View/Public/left.html): failed to open stream: No such file or directory F:\phpStudy\WWW\tp\ThinkPHP\Library\Think\Template.class.php 第 696 行.
INFO: [ template_filter ] --START--
INFO: Run Behavior\ContentReplaceBehavior [ RunTime:0.000173s ]
INFO: [ template_filter ] --END-- [ RunTime:0.000218s ]
INFO: Run Behavior\ParseTemplateBehavior [ RunTime:0.016379s ]
INFO: [ view_parse ] --END-- [ RunTime:0.016444s ]
INFO: [ view_filter ] --START--
INFO: Run Behavior\WriteHtmlCacheBehavior [ RunTime:0.000301s ]
INFO: [ view_filter ] --END-- [ RunTime:0.000338s ]
INFO: [ app_end ] --START--
INFO: Run Behavior\ShowPageTraceBehavior [ RunTime:0.000696s ]
INFO: [ app_end ] --END-- [ RunTime:0.000757s ]

[ 2017-11-10T09:36:33+08:00 ] 127.0.0.1 /index.php/Admin/User/category?shopid=45
INFO: [ app_init ] --START--
INFO: Run Behavior\BuildLiteBehavior [ RunTime:0.000012s ]
INFO: [ app_init ] --END-- [ RunTime:0.000366s ]
INFO: [ app_begin ] --START--
INFO: Run Behavior\ReadHtmlCacheBehavior [ RunTime:0.000632s ]
INFO: [ app_begin ] --END-- [ RunTime:0.000680s ]
SQL: SHOW COLUMNS FROM `et_shopmessage` [ RunTime:0.0257s ]
SQL: SELECT * FROM `et_shopmessage` WHERE `shopid` = 45 LIMIT 1   [ RunTime:0.0013s ]
SQL: SHOW COLUMNS FROM `et_category` [ RunTime:0.0251s ]
SQL: SELECT * FROM `et_category` WHERE `shopid` = 45 AND `up` = -1 LIMIT 1   [ RunTime:0.0012s ]
SQL: SELECT * FROM `et_category` WHERE `cid` = 370 LIMIT 1   [ RunTime:0.0007s ]
SQL: SELECT * FROM `et_category` WHERE `cid` = 368 LIMIT 1   [ RunTime:0.0007s ]
SQL: SELECT * FROM `et_category` WHERE `cid` = 364 LIMIT 1   [ RunTime:0.0007s ]
SQL: SELECT * FROM `et_category` WHERE `cid` = 366 LIMIT 1   [ RunTime:0.0007s ]
SQL: SELECT * FROM `et_category` WHERE `cid` = 373 LIMIT 1   [ RunTime:0.0007s ]
SQL: SELECT * FROM `et_category` WHERE `cid` = 0 LIMIT 1   [ RunTime:0.0006s ]
SQL: SHOW COLUMNS FROM `et_orders` [ RunTime:0.0254s ]
SQL: SELECT * FROM `et_orders` WHERE `shopid` = 45 AND `statu` = 2 AND `states` IN ('3','4','5')  [ RunTime:0.0036s ]
SQL: SHOW COLUMNS FROM `et_shopgoods` [ RunTime:0.0195s ]
SQL: SELECT * FROM `et_shopgoods` WHERE `cid` = 367 AND `shopid` = 45  [ RunTime:0.0035s ]
SQL: SELECT * FROM `et_orders` WHERE `shopid` = 45 AND `state` IN ('3','4','5')  [ RunTime:0.0033s ]
SQL: SELECT * FROM `et_shopgoods` WHERE `cid` = 370 AND `shopid` = 45  [ RunTime:0.0033s ]
SQL: SELECT * FROM `et_orders` WHERE `shopid` = 45 AND `state` IN ('3','4','5')  [ RunTime:0.0032s ]
SQL: SELECT * FROM `et_shopgoods` WHERE `cid` = 368 AND `shopid` = 45  [ RunTime:0.0034s ]
SQL: SELECT * FROM `et_orders` WHERE `shopid` = 45 AND `state` IN ('3','4','5')  [ RunTime:0.0034s ]
SQL: SELECT * FROM `et_shopgoods` WHERE `cid` = 364 AND `shopid` = 45  [ RunTime:0.0033s ]
SQL: SELECT * FROM `et_orders` WHERE `shopid` = 45 AND `state` IN ('3','4','5')  [ RunTime:0.0033s ]
SQL: SELECT * FROM `et_shopgoods` WHERE `cid` = 366 AND `shopid` = 45  [ RunTime:0.0034s ]
SQL: SELECT * FROM `et_orders` WHERE `shopid` = 45 AND `state` IN ('3','4','5')  [ RunTime:0.0034s ]
SQL: SELECT * FROM `et_shopgoods` WHERE `cid` = 373 AND `shopid` = 45  [ RunTime:0.0033s ]
SQL: SELECT * FROM `et_orders` WHERE `shopid` = 45 AND `state` IN ('3','4','5')  [ RunTime:0.0033s ]
SQL: SELECT COUNT(*) AS tp_count FROM `et_shopgoods` WHERE `cid` = 367 LIMIT 1   [ RunTime:0.0018s ]
SQL: SELECT COUNT(*) AS tp_count FROM `et_shopgoods` WHERE `cid` = 370 LIMIT 1   [ RunTime:0.0016s ]
SQL: SELECT COUNT(*) AS tp_count FROM `et_shopgoods` WHERE `cid` = 368 LIMIT 1   [ RunTime:0.0016s ]
SQL: SELECT COUNT(*) AS tp_count FROM `et_shopgoods` WHERE `cid` = 364 LIMIT 1   [ RunTime:0.0016s ]
SQL: SELECT COUNT(*) AS tp_count FROM `et_shopgoods` WHERE `cid` = 366 LIMIT 1   [ RunTime:0.0016s ]
SQL: SELECT COUNT(*) AS tp_count FROM `et_shopgoods` WHERE `cid` = 373 LIMIT 1   [ RunTime:0.0016s ]
INFO: [ view_parse ] --START--
NOTIC: [2] file_get_contents(./Application/Admin/View/Public/left.html): failed to open stream: No such file or directory F:\phpStudy\WWW\tp\ThinkPHP\Library\Think\Template.class.php 第 696 行.
INFO: [ template_filter ] --START--
INFO: Run Behavior\ContentReplaceBehavior [ RunTime:0.000551s ]
INFO: [ template_filter ] --END-- [ RunTime:0.000699s ]
INFO: Run Behavior\ParseTemplateBehavior [ RunTime:0.044104s ]
INFO: [ view_parse ] --END-- [ RunTime:0.044239s ]
INFO: [ view_filter ] --START--
INFO: Run Behavior\WriteHtmlCacheBehavior [ RunTime:0.001503s ]
INFO: [ view_filter ] --END-- [ RunTime:0.001623s ]
INFO: [ app_end ] --START--
INFO: Run Behavior\ShowPageTraceBehavior [ RunTime:0.002539s ]
INFO: [ app_end ] --END-- [ RunTime:0.002710s ]

