[ 2017-10-07T01:47:40+08:00 ] 49.178.31.79 /index.php/Admin/User/jiaoyi.html
INFO: [ app_init ] --START--
INFO: Run Behavior\BuildLiteBehavior [ RunTime:0.000019s ]
INFO: [ app_init ] --END-- [ RunTime:0.000331s ]
INFO: [ app_begin ] --START--
INFO: Run Behavior\ReadHtmlCacheBehavior [ RunTime:0.000536s ]
INFO: [ app_begin ] --END-- [ RunTime:0.000594s ]
NOTIC: [8] A session had already been started - ignoring session_start() D:\wm\ThinkPHP\Common\functions.php 第 1263 行.

[ 2017-10-07T01:47:41+08:00 ] 49.178.31.79 /index.php/Admin/Login/loadlogin.html
INFO: [ app_init ] --START--
INFO: Run Behavior\BuildLiteBehavior [ RunTime:0.000017s ]
INFO: [ app_init ] --END-- [ RunTime:0.000336s ]
INFO: [ app_begin ] --START--
INFO: Run Behavior\ReadHtmlCacheBehavior [ RunTime:0.000432s ]
INFO: [ app_begin ] --END-- [ RunTime:0.000493s ]
NOTIC: [8] A session had already been started - ignoring session_start() D:\wm\ThinkPHP\Common\functions.php 第 1263 行.
INFO: [ view_parse ] --START--
INFO: [ template_filter ] --START--
INFO: Run Behavior\ContentReplaceBehavior [ RunTime:0.000073s ]
INFO: [ template_filter ] --END-- [ RunTime:0.000127s ]
INFO: Run Behavior\ParseTemplateBehavior [ RunTime:0.005530s ]
INFO: [ view_parse ] --END-- [ RunTime:0.005594s ]
INFO: [ view_filter ] --START--
INFO: Run Behavior\WriteHtmlCacheBehavior [ RunTime:0.000263s ]
INFO: [ view_filter ] --END-- [ RunTime:0.000307s ]
INFO: [ app_end ] --START--
INFO: Run Behavior\ShowPageTraceBehavior [ RunTime:0.000484s ]
INFO: [ app_end ] --END-- [ RunTime:0.000530s ]

[ 2017-10-07T04:48:43+08:00 ] 113.108.21.80 /index.php/Admin/Login/loadlogin.html
INFO: [ app_init ] --START--
INFO: Run Behavior\BuildLiteBehavior [ RunTime:0.000016s ]
INFO: [ app_init ] --END-- [ RunTime:0.000319s ]
INFO: [ app_begin ] --START--
INFO: Run Behavior\ReadHtmlCacheBehavior [ RunTime:0.000513s ]
INFO: [ app_begin ] --END-- [ RunTime:0.000568s ]
NOTIC: [8] A session had already been started - ignoring session_start() D:\wm\ThinkPHP\Common\functions.php 第 1263 行.
INFO: [ view_parse ] --START--
INFO: [ template_filter ] --START--
INFO: Run Behavior\ContentReplaceBehavior [ RunTime:0.000049s ]
INFO: [ template_filter ] --END-- [ RunTime:0.000099s ]
INFO: Run Behavior\ParseTemplateBehavior [ RunTime:0.005284s ]
INFO: [ view_parse ] --END-- [ RunTime:0.005337s ]
INFO: [ view_filter ] --START--
INFO: Run Behavior\WriteHtmlCacheBehavior [ RunTime:0.000299s ]
INFO: [ view_filter ] --END-- [ RunTime:0.000337s ]
INFO: [ app_end ] --START--
INFO: Run Behavior\ShowPageTraceBehavior [ RunTime:0.000534s ]
INFO: [ app_end ] --END-- [ RunTime:0.000579s ]

[ 2017-10-07T06:23:05+08:00 ] 14.17.3.65 /index.php/Admin/User/jiaoyi.html
INFO: [ app_init ] --START--
INFO: Run Behavior\BuildLiteBehavior [ RunTime:0.000028s ]
INFO: [ app_init ] --END-- [ RunTime:0.000521s ]
INFO: [ app_begin ] --START--
INFO: Run Behavior\ReadHtmlCacheBehavior [ RunTime:0.000802s ]
INFO: [ app_begin ] --END-- [ RunTime:0.000938s ]
NOTIC: [8] A session had already been started - ignoring session_start() D:\wm\ThinkPHP\Common\functions.php 第 1263 行.

[ 2017-10-07T06:23:05+08:00 ] 14.17.3.65 /index.php/Admin/Login/loadlogin.html
INFO: [ app_init ] --START--
INFO: Run Behavior\BuildLiteBehavior [ RunTime:0.000017s ]
INFO: [ app_init ] --END-- [ RunTime:0.000351s ]
INFO: [ app_begin ] --START--
INFO: Run Behavior\ReadHtmlCacheBehavior [ RunTime:0.000514s ]
INFO: [ app_begin ] --END-- [ RunTime:0.000577s ]
NOTIC: [8] A session had already been started - ignoring session_start() D:\wm\ThinkPHP\Common\functions.php 第 1263 行.
INFO: [ view_parse ] --START--
INFO: [ template_filter ] --START--
INFO: Run Behavior\ContentReplaceBehavior [ RunTime:0.000059s ]
INFO: [ template_filter ] --END-- [ RunTime:0.000113s ]
INFO: Run Behavior\ParseTemplateBehavior [ RunTime:0.006055s ]
INFO: [ view_parse ] --END-- [ RunTime:0.006163s ]
INFO: [ view_filter ] --START--
INFO: Run Behavior\WriteHtmlCacheBehavior [ RunTime:0.000304s ]
INFO: [ view_filter ] --END-- [ RunTime:0.000344s ]
INFO: [ app_end ] --START--
INFO: Run Behavior\ShowPageTraceBehavior [ RunTime:0.000720s ]
INFO: [ app_end ] --END-- [ RunTime:0.000778s ]

[ 2017-10-07T10:52:09+08:00 ] 218.215.32.206 /index.php/Admin/User/jiaoyi.html
INFO: [ app_init ] --START--
INFO: Run Behavior\BuildLiteBehavior [ RunTime:0.000017s ]
INFO: [ app_init ] --END-- [ RunTime:0.000372s ]
INFO: [ app_begin ] --START--
INFO: Run Behavior\ReadHtmlCacheBehavior [ RunTime:0.000723s ]
INFO: [ app_begin ] --END-- [ RunTime:0.000828s ]
NOTIC: [8] A session had already been started - ignoring session_start() D:\wm\ThinkPHP\Common\functions.php 第 1263 行.

[ 2017-10-07T10:52:11+08:00 ] 218.215.32.206 /index.php/Admin/Login/loadlogin.html
INFO: [ app_init ] --START--
INFO: Run Behavior\BuildLiteBehavior [ RunTime:0.000019s ]
INFO: [ app_init ] --END-- [ RunTime:0.000368s ]
INFO: [ app_begin ] --START--
INFO: Run Behavior\ReadHtmlCacheBehavior [ RunTime:0.000520s ]
INFO: [ app_begin ] --END-- [ RunTime:0.000574s ]
NOTIC: [8] A session had already been started - ignoring session_start() D:\wm\ThinkPHP\Common\functions.php 第 1263 行.
INFO: [ view_parse ] --START--
INFO: [ template_filter ] --START--
INFO: Run Behavior\ContentReplaceBehavior [ RunTime:0.000071s ]
INFO: [ template_filter ] --END-- [ RunTime:0.000149s ]
INFO: Run Behavior\ParseTemplateBehavior [ RunTime:0.080516s ]
INFO: [ view_parse ] --END-- [ RunTime:0.080610s ]
INFO: [ view_filter ] --START--
INFO: Run Behavior\WriteHtmlCacheBehavior [ RunTime:0.016112s ]
INFO: [ view_filter ] --END-- [ RunTime:0.016188s ]
INFO: [ app_end ] --START--
INFO: Run Behavior\ShowPageTraceBehavior [ RunTime:0.000720s ]
INFO: [ app_end ] --END-- [ RunTime:0.000788s ]

[ 2017-10-07T11:56:00+08:00 ] 113.108.21.80 /index.php/Admin/Login/loadlogin.html
INFO: [ app_init ] --START--
INFO: Run Behavior\BuildLiteBehavior [ RunTime:0.000032s ]
INFO: [ app_init ] --END-- [ RunTime:0.002820s ]
INFO: [ app_begin ] --START--
INFO: Run Behavior\ReadHtmlCacheBehavior [ RunTime:0.002366s ]
INFO: [ app_begin ] --END-- [ RunTime:0.002465s ]
NOTIC: [8] A session had already been started - ignoring session_start() D:\wm\ThinkPHP\Common\functions.php 第 1263 行.
INFO: [ view_parse ] --START--
INFO: [ template_filter ] --START--
INFO: Run Behavior\ContentReplaceBehavior [ RunTime:0.000075s ]
INFO: [ template_filter ] --END-- [ RunTime:0.000159s ]
INFO: Run Behavior\ParseTemplateBehavior [ RunTime:0.034431s ]
INFO: [ view_parse ] --END-- [ RunTime:0.034494s ]
INFO: [ view_filter ] --START--
INFO: Run Behavior\WriteHtmlCacheBehavior [ RunTime:0.022327s ]
INFO: [ view_filter ] --END-- [ RunTime:0.022410s ]
INFO: [ app_end ] --START--
INFO: Run Behavior\ShowPageTraceBehavior [ RunTime:0.008619s ]
INFO: [ app_end ] --END-- [ RunTime:0.008722s ]

[ 2017-10-07T14:55:50+08:00 ] 218.215.32.206 /index.php/Admin/User/jiaoyi.html
INFO: [ app_init ] --START--
INFO: Run Behavior\BuildLiteBehavior [ RunTime:0.000016s ]
INFO: [ app_init ] --END-- [ RunTime:0.000326s ]
INFO: [ app_begin ] --START--
INFO: Run Behavior\ReadHtmlCacheBehavior [ RunTime:0.000768s ]
INFO: [ app_begin ] --END-- [ RunTime:0.000943s ]
NOTIC: [8] A session had already been started - ignoring session_start() D:\wm\ThinkPHP\Common\functions.php 第 1263 行.

[ 2017-10-07T14:55:52+08:00 ] 218.215.32.206 /index.php/Admin/Login/loadlogin.html
INFO: [ app_init ] --START--
INFO: Run Behavior\BuildLiteBehavior [ RunTime:0.000017s ]
INFO: [ app_init ] --END-- [ RunTime:0.000330s ]
INFO: [ app_begin ] --START--
INFO: Run Behavior\ReadHtmlCacheBehavior [ RunTime:0.000526s ]
INFO: [ app_begin ] --END-- [ RunTime:0.000579s ]
NOTIC: [8] A session had already been started - ignoring session_start() D:\wm\ThinkPHP\Common\functions.php 第 1263 行.
INFO: [ view_parse ] --START--
INFO: [ template_filter ] --START--
INFO: Run Behavior\ContentReplaceBehavior [ RunTime:0.000070s ]
INFO: [ template_filter ] --END-- [ RunTime:0.000201s ]
INFO: Run Behavior\ParseTemplateBehavior [ RunTime:0.092677s ]
INFO: [ view_parse ] --END-- [ RunTime:0.092871s ]
INFO: [ view_filter ] --START--
INFO: Run Behavior\WriteHtmlCacheBehavior [ RunTime:0.018961s ]
INFO: [ view_filter ] --END-- [ RunTime:0.019071s ]
INFO: [ app_end ] --START--
INFO: Run Behavior\ShowPageTraceBehavior [ RunTime:0.008233s ]
INFO: [ app_end ] --END-- [ RunTime:0.008308s ]

[ 2017-10-07T17:48:26+08:00 ] 218.215.32.206 /index.php/Admin/User/jiaoyi.html
INFO: [ app_init ] --START--
INFO: Run Behavior\BuildLiteBehavior [ RunTime:0.000016s ]
INFO: [ app_init ] --END-- [ RunTime:0.000375s ]
INFO: [ app_begin ] --START--
INFO: Run Behavior\ReadHtmlCacheBehavior [ RunTime:0.000716s ]
INFO: [ app_begin ] --END-- [ RunTime:0.000801s ]
NOTIC: [8] A session had already been started - ignoring session_start() D:\wm\ThinkPHP\Common\functions.php 第 1263 行.

[ 2017-10-07T17:48:27+08:00 ] 218.215.32.206 /index.php/Admin/Login/loadlogin.html
INFO: [ app_init ] --START--
INFO: Run Behavior\BuildLiteBehavior [ RunTime:0.000015s ]
INFO: [ app_init ] --END-- [ RunTime:0.000342s ]
INFO: [ app_begin ] --START--
INFO: Run Behavior\ReadHtmlCacheBehavior [ RunTime:0.000564s ]
INFO: [ app_begin ] --END-- [ RunTime:0.000659s ]
NOTIC: [8] A session had already been started - ignoring session_start() D:\wm\ThinkPHP\Common\functions.php 第 1263 行.
INFO: [ view_parse ] --START--
INFO: [ template_filter ] --START--
INFO: Run Behavior\ContentReplaceBehavior [ RunTime:0.000070s ]
INFO: [ template_filter ] --END-- [ RunTime:0.000157s ]
INFO: Run Behavior\ParseTemplateBehavior [ RunTime:0.018201s ]
INFO: [ view_parse ] --END-- [ RunTime:0.018290s ]
INFO: [ view_filter ] --START--
INFO: Run Behavior\WriteHtmlCacheBehavior [ RunTime:0.000505s ]
INFO: [ view_filter ] --END-- [ RunTime:0.000617s ]
INFO: [ app_end ] --START--
INFO: Run Behavior\ShowPageTraceBehavior [ RunTime:0.000591s ]
INFO: [ app_end ] --END-- [ RunTime:0.000672s ]

[ 2017-10-07T19:27:06+08:00 ] 49.178.31.79 /index.php/Admin/User/jiaoyi.html
INFO: [ app_init ] --START--
INFO: Run Behavior\BuildLiteBehavior [ RunTime:0.000032s ]
INFO: [ app_init ] --END-- [ RunTime:0.002101s ]
INFO: [ app_begin ] --START--
INFO: Run Behavior\ReadHtmlCacheBehavior [ RunTime:0.002612s ]
INFO: [ app_begin ] --END-- [ RunTime:0.002711s ]
NOTIC: [8] A session had already been started - ignoring session_start() D:\wm\ThinkPHP\Common\functions.php 第 1263 行.

[ 2017-10-07T19:27:06+08:00 ] 49.178.31.79 /index.php/Admin/Login/loadlogin.html
INFO: [ app_init ] --START--
INFO: Run Behavior\BuildLiteBehavior [ RunTime:0.000016s ]
INFO: [ app_init ] --END-- [ RunTime:0.000336s ]
INFO: [ app_begin ] --START--
INFO: Run Behavior\ReadHtmlCacheBehavior [ RunTime:0.000483s ]
INFO: [ app_begin ] --END-- [ RunTime:0.000542s ]
NOTIC: [8] A session had already been started - ignoring session_start() D:\wm\ThinkPHP\Common\functions.php 第 1263 行.
INFO: [ view_parse ] --START--
INFO: [ template_filter ] --START--
INFO: Run Behavior\ContentReplaceBehavior [ RunTime:0.000086s ]
INFO: [ template_filter ] --END-- [ RunTime:0.000186s ]
INFO: Run Behavior\ParseTemplateBehavior [ RunTime:0.060530s ]
INFO: [ view_parse ] --END-- [ RunTime:0.060617s ]
INFO: [ view_filter ] --START--
INFO: Run Behavior\WriteHtmlCacheBehavior [ RunTime:0.022716s ]
INFO: [ view_filter ] --END-- [ RunTime:0.022779s ]
INFO: [ app_end ] --START--
INFO: Run Behavior\ShowPageTraceBehavior [ RunTime:0.003561s ]
INFO: [ app_end ] --END-- [ RunTime:0.003624s ]

[ 2017-10-07T20:48:28+08:00 ] 49.178.31.79 /index.php/Admin/User/jiaoyi.html
INFO: [ app_init ] --START--
INFO: Run Behavior\BuildLiteBehavior [ RunTime:0.000028s ]
INFO: [ app_init ] --END-- [ RunTime:0.000676s ]
INFO: [ app_begin ] --START--
INFO: Run Behavior\ReadHtmlCacheBehavior [ RunTime:0.000852s ]
INFO: [ app_begin ] --END-- [ RunTime:0.000937s ]
NOTIC: [8] A session had already been started - ignoring session_start() D:\wm\ThinkPHP\Common\functions.php 第 1263 行.

[ 2017-10-07T20:48:28+08:00 ] 49.178.31.79 /index.php/Admin/Login/loadlogin.html
INFO: [ app_init ] --START--
INFO: Run Behavior\BuildLiteBehavior [ RunTime:0.000018s ]
INFO: [ app_init ] --END-- [ RunTime:0.000364s ]
INFO: [ app_begin ] --START--
INFO: Run Behavior\ReadHtmlCacheBehavior [ RunTime:0.000598s ]
INFO: [ app_begin ] --END-- [ RunTime:0.000661s ]
NOTIC: [8] A session had already been started - ignoring session_start() D:\wm\ThinkPHP\Common\functions.php 第 1263 行.
INFO: [ view_parse ] --START--
INFO: [ template_filter ] --START--
INFO: Run Behavior\ContentReplaceBehavior [ RunTime:0.000057s ]
INFO: [ template_filter ] --END-- [ RunTime:0.000111s ]
INFO: Run Behavior\ParseTemplateBehavior [ RunTime:0.005459s ]
INFO: [ view_parse ] --END-- [ RunTime:0.005592s ]
INFO: [ view_filter ] --START--
INFO: Run Behavior\WriteHtmlCacheBehavior [ RunTime:0.000293s ]
INFO: [ view_filter ] --END-- [ RunTime:0.000337s ]
INFO: [ app_end ] --START--
INFO: Run Behavior\ShowPageTraceBehavior [ RunTime:0.000500s ]
INFO: [ app_end ] --END-- [ RunTime:0.000545s ]

[ 2017-10-07T21:56:01+08:00 ] 183.197.99.8 /index.php/Admin/Login/loadlogin.html
INFO: [ app_init ] --START--
INFO: Run Behavior\BuildLiteBehavior [ RunTime:0.000018s ]
INFO: [ app_init ] --END-- [ RunTime:0.000331s ]
INFO: [ app_begin ] --START--
INFO: Run Behavior\ReadHtmlCacheBehavior [ RunTime:0.000509s ]
INFO: [ app_begin ] --END-- [ RunTime:0.000561s ]
NOTIC: [8] A session had already been started - ignoring session_start() D:\wm\ThinkPHP\Common\functions.php 第 1263 行.
INFO: [ view_parse ] --START--
INFO: [ template_filter ] --START--
INFO: Run Behavior\ContentReplaceBehavior [ RunTime:0.000076s ]
INFO: [ template_filter ] --END-- [ RunTime:0.000138s ]
INFO: Run Behavior\ParseTemplateBehavior [ RunTime:0.005332s ]
INFO: [ view_parse ] --END-- [ RunTime:0.005420s ]
INFO: [ view_filter ] --START--
INFO: Run Behavior\WriteHtmlCacheBehavior [ RunTime:0.000306s ]
INFO: [ view_filter ] --END-- [ RunTime:0.000355s ]
INFO: [ app_end ] --START--
INFO: Run Behavior\ShowPageTraceBehavior [ RunTime:0.000466s ]
INFO: [ app_end ] --END-- [ RunTime:0.000527s ]

[ 2017-10-07T21:56:09+08:00 ] 183.197.99.8 /index.php/Admin/Login/login.html
INFO: [ app_init ] --START--
INFO: Run Behavior\BuildLiteBehavior [ RunTime:0.000024s ]
INFO: [ app_init ] --END-- [ RunTime:0.000462s ]
INFO: [ app_begin ] --START--
INFO: Run Behavior\ReadHtmlCacheBehavior [ RunTime:0.000894s ]
INFO: [ app_begin ] --END-- [ RunTime:0.000976s ]
NOTIC: [8] A session had already been started - ignoring session_start() D:\wm\ThinkPHP\Common\functions.php 第 1263 行.
SQL: SHOW COLUMNS FROM `et_root` [ RunTime:0.3887s ]
SQL: SELECT * FROM `et_root` WHERE `username` = ' admin' LIMIT 1   [ RunTime:0.3528s ]

[ 2017-10-07T21:56:17+08:00 ] 183.197.99.8 /index.php/Admin/Login/login.html
INFO: [ app_init ] --START--
INFO: Run Behavior\BuildLiteBehavior [ RunTime:0.000016s ]
INFO: [ app_init ] --END-- [ RunTime:0.000373s ]
INFO: [ app_begin ] --START--
INFO: Run Behavior\ReadHtmlCacheBehavior [ RunTime:0.000432s ]
INFO: [ app_begin ] --END-- [ RunTime:0.000482s ]
NOTIC: [8] A session had already been started - ignoring session_start() D:\wm\ThinkPHP\Common\functions.php 第 1263 行.
SQL: SHOW COLUMNS FROM `et_root` [ RunTime:0.0020s ]
SQL: SELECT * FROM `et_root` WHERE `username` = 'admin' LIMIT 1   [ RunTime:0.0002s ]
NOTIC: [8] A session had already been started - ignoring session_start() D:\wm\ThinkPHP\Common\functions.php 第 1263 行.

[ 2017-10-07T21:56:28+08:00 ] 183.197.99.8 /index.php/Admin/Index/index.html
INFO: [ app_init ] --START--
INFO: Run Behavior\BuildLiteBehavior [ RunTime:0.000016s ]
INFO: [ app_init ] --END-- [ RunTime:0.000352s ]
INFO: [ app_begin ] --START--
INFO: Run Behavior\ReadHtmlCacheBehavior [ RunTime:0.000535s ]
INFO: [ app_begin ] --END-- [ RunTime:0.000591s ]
NOTIC: [8] A session had already been started - ignoring session_start() D:\wm\ThinkPHP\Common\functions.php 第 1263 行.
SQL: SHOW COLUMNS FROM `et_shopmessage` [ RunTime:0.0019s ]
SQL: SELECT * FROM `et_shopmessage` WHERE `state` = 3  [ RunTime:0.0004s ]
SQL: SHOW COLUMNS FROM `et_orders` [ RunTime:3.9816s ]
SQL: SELECT * FROM `et_orders` WHERE `state` IN ('1','2') AND `states` = 1 AND `statu` = 1  [ RunTime:4.8199s ]
SQL: SELECT * FROM `et_shopmessage` WHERE `state` = 3 LIMIT 0,10   [ RunTime:0.0005s ]
SQL: SELECT * FROM `et_shopmessage` WHERE `state` IN ('1','2')  [ RunTime:0.0004s ]
SQL: SELECT * FROM `et_orders` WHERE `state` IN ('3','4','5') AND `states` = 1 AND `shopid` = 13 AND `statu` = 2  [ RunTime:0.0010s ]
SQL: SELECT * FROM `et_orders` WHERE `state` IN ('3','4','5') AND `states` = 1 AND `shopid` = 50 AND `statu` = 2  [ RunTime:0.0015s ]
SQL: SELECT * FROM `et_orders` WHERE `state` IN ('3','4','5') AND `states` = 1 AND `shopid` = 51 AND `statu` = 2  [ RunTime:0.0010s ]
SQL: SELECT * FROM `et_orders` WHERE `state` IN ('3','4','5') AND `states` = 1 AND `shopid` = 52 AND `statu` = 2  [ RunTime:0.0010s ]
SQL: SELECT * FROM `et_orders` WHERE `state` IN ('3','4','5') AND `states` = 1 AND `shopid` = 53 AND `statu` = 2  [ RunTime:0.0009s ]
SQL: SELECT * FROM `et_orders` WHERE `state` IN ('3','4','5') AND `states` = 1 AND `shopid` = 54 AND `statu` = 2  [ RunTime:0.0009s ]
SQL: SELECT * FROM `et_orders` WHERE `state` IN ('3','4','5') AND `states` = 1 AND `shopid` = 56 AND `statu` = 2  [ RunTime:0.0010s ]
SQL: SELECT * FROM `et_orders` WHERE `state` IN ('3','4','5') AND `states` = 1 AND `shopid` = 57 AND `statu` = 2  [ RunTime:0.0010s ]
SQL: SELECT * FROM `et_orders` WHERE `state` IN ('3','4','5') AND `states` = 1 AND `shopid` = 58 AND `statu` = 2  [ RunTime:0.0010s ]
SQL: SELECT * FROM `et_orders` WHERE `state` IN ('3','4','5') AND `states` = 1 AND `shopid` = 59 AND `statu` = 2  [ RunTime:0.0009s ]
INFO: [ view_parse ] --START--
NOTIC: [2] file_get_contents(./Application/Admin/View/Public/left.html): failed to open stream: No such file or directory D:\wm\ThinkPHP\Library\Think\Template.class.php 第 696 行.
INFO: [ template_filter ] --START--
INFO: Run Behavior\ContentReplaceBehavior [ RunTime:0.000216s ]
INFO: [ template_filter ] --END-- [ RunTime:0.000284s ]
NOTIC: [8] Undefined variable: shopname D:\wm\Application\Runtime\Cache\Admin\b595b808c2ebeeeb0478ffc30bb4e87a.php 第 332 行.
INFO: Run Behavior\ParseTemplateBehavior [ RunTime:1.146003s ]
INFO: [ view_parse ] --END-- [ RunTime:1.146088s ]
INFO: [ view_filter ] --START--
INFO: Run Behavior\WriteHtmlCacheBehavior [ RunTime:0.000321s ]
INFO: [ view_filter ] --END-- [ RunTime:0.000364s ]
INFO: [ app_end ] --START--
INFO: Run Behavior\ShowPageTraceBehavior [ RunTime:0.000541s ]
INFO: [ app_end ] --END-- [ RunTime:0.000590s ]

[ 2017-10-07T21:56:37+08:00 ] 183.197.99.8 /index.php/Admin/User/ready.html
INFO: [ app_init ] --START--
INFO: Run Behavior\BuildLiteBehavior [ RunTime:0.000016s ]
INFO: [ app_init ] --END-- [ RunTime:0.000398s ]
INFO: [ app_begin ] --START--
INFO: Run Behavior\ReadHtmlCacheBehavior [ RunTime:0.000476s ]
INFO: [ app_begin ] --END-- [ RunTime:0.000528s ]
NOTIC: [8] A session had already been started - ignoring session_start() D:\wm\ThinkPHP\Common\functions.php 第 1263 行.
SQL: SHOW COLUMNS FROM `et_shopmessage` [ RunTime:0.0017s ]
SQL: SELECT COUNT(*) AS tp_count FROM `et_shopmessage` WHERE `state` IN ('1','2') LIMIT 1   [ RunTime:0.0003s ]
SQL: SELECT * FROM `et_shopmessage` WHERE `state` IN ('1','2') ORDER BY addtime desc LIMIT 0,10   [ RunTime:2.1214s ]
SQL: SELECT * FROM `et_shopmessage` WHERE `state` IN ('1','2')  [ RunTime:0.4186s ]
SQL: SHOW COLUMNS FROM `et_orders` [ RunTime:0.0032s ]
SQL: SELECT * FROM `et_orders` WHERE `state` IN ('3','4','5') AND `states` = 1 AND `shopid` = 13 AND `statu` = 2  [ RunTime:0.0011s ]
SQL: SELECT * FROM `et_orders` WHERE `state` IN ('3','4','5') AND `states` = 1 AND `shopid` = 50 AND `statu` = 2  [ RunTime:0.0009s ]
SQL: SELECT * FROM `et_orders` WHERE `state` IN ('3','4','5') AND `states` = 1 AND `shopid` = 51 AND `statu` = 2  [ RunTime:0.0009s ]
SQL: SELECT * FROM `et_orders` WHERE `state` IN ('3','4','5') AND `states` = 1 AND `shopid` = 52 AND `statu` = 2  [ RunTime:0.0010s ]
SQL: SELECT * FROM `et_orders` WHERE `state` IN ('3','4','5') AND `states` = 1 AND `shopid` = 53 AND `statu` = 2  [ RunTime:0.0009s ]
SQL: SELECT * FROM `et_orders` WHERE `state` IN ('3','4','5') AND `states` = 1 AND `shopid` = 54 AND `statu` = 2  [ RunTime:0.0009s ]
SQL: SELECT * FROM `et_orders` WHERE `state` IN ('3','4','5') AND `states` = 1 AND `shopid` = 56 AND `statu` = 2  [ RunTime:0.0010s ]
SQL: SELECT * FROM `et_orders` WHERE `state` IN ('3','4','5') AND `states` = 1 AND `shopid` = 57 AND `statu` = 2  [ RunTime:0.0009s ]
SQL: SELECT * FROM `et_orders` WHERE `state` IN ('3','4','5') AND `states` = 1 AND `shopid` = 58 AND `statu` = 2  [ RunTime:0.0010s ]
SQL: SELECT * FROM `et_orders` WHERE `state` IN ('3','4','5') AND `states` = 1 AND `shopid` = 59 AND `statu` = 2  [ RunTime:0.0008s ]
SQL: SELECT * FROM `et_orders` WHERE `state` IN ('1','2') AND `states` = 1 AND `statu` = 1  [ RunTime:0.9896s ]
SQL: SELECT COUNT(*) AS tp_count FROM `et_shopmessage` WHERE `state` = 3 LIMIT 1   [ RunTime:0.0005s ]
INFO: [ view_parse ] --START--
NOTIC: [2] file_get_contents(./Application/Admin/View/Public/left.html): failed to open stream: No such file or directory D:\wm\ThinkPHP\Library\Think\Template.class.php 第 696 行.
INFO: [ template_filter ] --START--
INFO: Run Behavior\ContentReplaceBehavior [ RunTime:0.000294s ]
INFO: [ template_filter ] --END-- [ RunTime:0.000383s ]
NOTIC: [8] Undefined variable: shopname D:\wm\Application\Runtime\Cache\Admin\76953b2fe37f9a159d1f2ee01dfc93ad.php 第 337 行.
INFO: Run Behavior\ParseTemplateBehavior [ RunTime:0.052315s ]
INFO: [ view_parse ] --END-- [ RunTime:0.052396s ]
INFO: [ view_filter ] --START--
INFO: Run Behavior\WriteHtmlCacheBehavior [ RunTime:0.000344s ]
INFO: [ view_filter ] --END-- [ RunTime:0.000394s ]
INFO: [ app_end ] --START--
INFO: Run Behavior\ShowPageTraceBehavior [ RunTime:0.000508s ]
INFO: [ app_end ] --END-- [ RunTime:0.000567s ]

[ 2017-10-07T21:56:46+08:00 ] 183.197.99.8 /index.php/Admin/User/forms?shopid=13
INFO: [ app_init ] --START--
INFO: Run Behavior\BuildLiteBehavior [ RunTime:0.000022s ]
INFO: [ app_init ] --END-- [ RunTime:0.000379s ]
INFO: [ app_begin ] --START--
INFO: Run Behavior\ReadHtmlCacheBehavior [ RunTime:0.000499s ]
INFO: [ app_begin ] --END-- [ RunTime:0.000556s ]
NOTIC: [8] A session had already been started - ignoring session_start() D:\wm\ThinkPHP\Common\functions.php 第 1263 行.
SQL: SHOW COLUMNS FROM `et_shopmessage` [ RunTime:0.0023s ]
SQL: SELECT * FROM `et_shopmessage` WHERE `shopid` = 13 LIMIT 1   [ RunTime:0.0004s ]
SQL: SHOW COLUMNS FROM `et_orders` [ RunTime:0.0024s ]
SQL: SELECT * FROM `et_orders` WHERE `shopid` = 13 AND `statu` = 2 AND `state` IN ('3','4','5')  [ RunTime:0.0012s ]
SQL: SELECT * FROM `et_orders` WHERE `shopid` = 13 AND `statu` = 2 AND `pay` = 1 AND `state` IN ('3','4','5')  [ RunTime:0.0009s ]
SQL: SELECT * FROM `et_orders` WHERE `shopid` = 13 AND `statu` = 2 AND `pay` = 2 AND `state` IN ('3','4','5')  [ RunTime:0.0010s ]
SQL: SELECT * FROM `et_orders` WHERE `shopid` = 13 AND `statu` = 2 AND `pay` = 3 AND `state` IN ('3','4','5')  [ RunTime:0.0011s ]
SQL: SELECT COUNT(*) AS tp_count FROM `et_orders` WHERE `shopid` = 13 AND `statu` = 2 AND `state` IN ('3','4','5') LIMIT 1   [ RunTime:0.0135s ]
INFO: [ view_parse ] --START--
NOTIC: [2] file_get_contents(./Application/Admin/View/Public/left.html): failed to open stream: No such file or directory D:\wm\ThinkPHP\Library\Think\Template.class.php 第 696 行.
INFO: [ template_filter ] --START--
INFO: Run Behavior\ContentReplaceBehavior [ RunTime:0.000177s ]
INFO: [ template_filter ] --END-- [ RunTime:0.000247s ]
INFO: Run Behavior\ParseTemplateBehavior [ RunTime:0.040823s ]
INFO: [ view_parse ] --END-- [ RunTime:0.040895s ]
INFO: [ view_filter ] --START--
INFO: Run Behavior\WriteHtmlCacheBehavior [ RunTime:0.000490s ]
INFO: [ view_filter ] --END-- [ RunTime:0.000532s ]
INFO: [ app_end ] --START--
INFO: Run Behavior\ShowPageTraceBehavior [ RunTime:0.000532s ]
INFO: [ app_end ] --END-- [ RunTime:0.000585s ]

[ 2017-10-07T21:56:58+08:00 ] 183.197.99.8 /index.php/Admin/User/forms?shopid=13
INFO: [ app_init ] --START--
INFO: Run Behavior\BuildLiteBehavior [ RunTime:0.000016s ]
INFO: [ app_init ] --END-- [ RunTime:0.000386s ]
INFO: [ app_begin ] --START--
INFO: Run Behavior\ReadHtmlCacheBehavior [ RunTime:0.000461s ]
INFO: [ app_begin ] --END-- [ RunTime:0.000524s ]
NOTIC: [8] A session had already been started - ignoring session_start() D:\wm\ThinkPHP\Common\functions.php 第 1263 行.
SQL: SHOW COLUMNS FROM `et_shopmessage` [ RunTime:0.0026s ]
SQL: SELECT * FROM `et_shopmessage` WHERE `shopid` = 13 LIMIT 1   [ RunTime:0.0004s ]
SQL: SHOW COLUMNS FROM `et_orders` [ RunTime:0.0017s ]
SQL: SELECT * FROM `et_orders` WHERE `shopid` = 13 AND `statu` = 2 AND `state` IN ('3','4','5')  [ RunTime:0.0012s ]
SQL: SELECT * FROM `et_orders` WHERE `shopid` = 13 AND `statu` = 2 AND `pay` = 1 AND `state` IN ('3','4','5')  [ RunTime:0.0009s ]
SQL: SELECT * FROM `et_orders` WHERE `shopid` = 13 AND `statu` = 2 AND `pay` = 2 AND `state` IN ('3','4','5')  [ RunTime:0.0009s ]
SQL: SELECT * FROM `et_orders` WHERE `shopid` = 13 AND `statu` = 2 AND `pay` = 3 AND `state` IN ('3','4','5')  [ RunTime:0.0012s ]
SQL: SELECT COUNT(*) AS tp_count FROM `et_orders` WHERE `shopid` = 13 AND `statu` = 2 AND `state` IN ('3','4','5') LIMIT 1   [ RunTime:0.0004s ]
INFO: [ view_parse ] --START--
NOTIC: [2] file_get_contents(./Application/Admin/View/Public/left.html): failed to open stream: No such file or directory D:\wm\ThinkPHP\Library\Think\Template.class.php 第 696 行.
INFO: [ template_filter ] --START--
INFO: Run Behavior\ContentReplaceBehavior [ RunTime:0.000201s ]
INFO: [ template_filter ] --END-- [ RunTime:0.000274s ]
INFO: Run Behavior\ParseTemplateBehavior [ RunTime:0.916779s ]
INFO: [ view_parse ] --END-- [ RunTime:0.916843s ]
INFO: [ view_filter ] --START--
INFO: Run Behavior\WriteHtmlCacheBehavior [ RunTime:0.000360s ]
INFO: [ view_filter ] --END-- [ RunTime:0.000409s ]
INFO: [ app_end ] --START--
INFO: Run Behavior\ShowPageTraceBehavior [ RunTime:0.000488s ]
INFO: [ app_end ] --END-- [ RunTime:0.000547s ]

[ 2017-10-07T21:57:16+08:00 ] 183.197.99.8 /index.php/Admin/User/ready.html
INFO: [ app_init ] --START--
INFO: Run Behavior\BuildLiteBehavior [ RunTime:0.000018s ]
INFO: [ app_init ] --END-- [ RunTime:0.000320s ]
INFO: [ app_begin ] --START--
INFO: Run Behavior\ReadHtmlCacheBehavior [ RunTime:0.000457s ]
INFO: [ app_begin ] --END-- [ RunTime:0.000513s ]
NOTIC: [8] A session had already been started - ignoring session_start() D:\wm\ThinkPHP\Common\functions.php 第 1263 行.
SQL: SHOW COLUMNS FROM `et_shopmessage` [ RunTime:0.0024s ]
SQL: SELECT COUNT(*) AS tp_count FROM `et_shopmessage` WHERE `state` IN ('1','2') LIMIT 1   [ RunTime:0.0003s ]
SQL: SELECT * FROM `et_shopmessage` WHERE `state` IN ('1','2') ORDER BY addtime desc LIMIT 0,10   [ RunTime:0.0005s ]
SQL: SELECT * FROM `et_shopmessage` WHERE `state` IN ('1','2')  [ RunTime:0.0004s ]
SQL: SHOW COLUMNS FROM `et_orders` [ RunTime:0.0026s ]
SQL: SELECT * FROM `et_orders` WHERE `state` IN ('3','4','5') AND `states` = 1 AND `shopid` = 13 AND `statu` = 2  [ RunTime:0.0023s ]
SQL: SELECT * FROM `et_orders` WHERE `state` IN ('3','4','5') AND `states` = 1 AND `shopid` = 50 AND `statu` = 2  [ RunTime:0.0013s ]
SQL: SELECT * FROM `et_orders` WHERE `state` IN ('3','4','5') AND `states` = 1 AND `shopid` = 51 AND `statu` = 2  [ RunTime:0.0013s ]
SQL: SELECT * FROM `et_orders` WHERE `state` IN ('3','4','5') AND `states` = 1 AND `shopid` = 52 AND `statu` = 2  [ RunTime:0.0012s ]
SQL: SELECT * FROM `et_orders` WHERE `state` IN ('3','4','5') AND `states` = 1 AND `shopid` = 53 AND `statu` = 2  [ RunTime:0.0012s ]
SQL: SELECT * FROM `et_orders` WHERE `state` IN ('3','4','5') AND `states` = 1 AND `shopid` = 54 AND `statu` = 2  [ RunTime:0.0011s ]
SQL: SELECT * FROM `et_orders` WHERE `state` IN ('3','4','5') AND `states` = 1 AND `shopid` = 56 AND `statu` = 2  [ RunTime:0.0012s ]
SQL: SELECT * FROM `et_orders` WHERE `state` IN ('3','4','5') AND `states` = 1 AND `shopid` = 57 AND `statu` = 2  [ RunTime:0.0015s ]
SQL: SELECT * FROM `et_orders` WHERE `state` IN ('3','4','5') AND `states` = 1 AND `shopid` = 58 AND `statu` = 2  [ RunTime:0.0016s ]
SQL: SELECT * FROM `et_orders` WHERE `state` IN ('3','4','5') AND `states` = 1 AND `shopid` = 59 AND `statu` = 2  [ RunTime:0.0012s ]
SQL: SELECT * FROM `et_orders` WHERE `state` IN ('1','2') AND `states` = 1 AND `statu` = 1  [ RunTime:0.0060s ]
SQL: SELECT COUNT(*) AS tp_count FROM `et_shopmessage` WHERE `state` = 3 LIMIT 1   [ RunTime:0.0006s ]
INFO: [ view_parse ] --START--
NOTIC: [2] file_get_contents(./Application/Admin/View/Public/left.html): failed to open stream: No such file or directory D:\wm\ThinkPHP\Library\Think\Template.class.php 第 696 行.
INFO: [ template_filter ] --START--
INFO: Run Behavior\ContentReplaceBehavior [ RunTime:0.000197s ]
INFO: [ template_filter ] --END-- [ RunTime:0.000276s ]
NOTIC: [8] Undefined variable: shopname D:\wm\Application\Runtime\Cache\Admin\76953b2fe37f9a159d1f2ee01dfc93ad.php 第 337 行.
INFO: Run Behavior\ParseTemplateBehavior [ RunTime:0.680720s ]
INFO: [ view_parse ] --END-- [ RunTime:0.680776s ]
INFO: [ view_filter ] --START--
INFO: Run Behavior\WriteHtmlCacheBehavior [ RunTime:0.000300s ]
INFO: [ view_filter ] --END-- [ RunTime:0.000345s ]
INFO: [ app_end ] --START--
INFO: Run Behavior\ShowPageTraceBehavior [ RunTime:0.000544s ]
INFO: [ app_end ] --END-- [ RunTime:0.000598s ]

[ 2017-10-07T21:57:21+08:00 ] 183.197.99.8 /index.php/Admin/User/start.html
INFO: [ app_init ] --START--
INFO: Run Behavior\BuildLiteBehavior [ RunTime:0.000017s ]
INFO: [ app_init ] --END-- [ RunTime:0.000344s ]
INFO: [ app_begin ] --START--
INFO: Run Behavior\ReadHtmlCacheBehavior [ RunTime:0.000447s ]
INFO: [ app_begin ] --END-- [ RunTime:0.000498s ]
NOTIC: [8] A session had already been started - ignoring session_start() D:\wm\ThinkPHP\Common\functions.php 第 1263 行.
SQL: SHOW COLUMNS FROM `et_shopmessage` [ RunTime:0.0025s ]
SQL: UPDATE `et_shopmessage` SET `flag`='1' WHERE `shopid` = 13 [ RunTime:1.9011s ]

[ 2017-10-07T21:57:23+08:00 ] 183.197.99.8 /index.php/Admin/User/ready.html
INFO: [ app_init ] --START--
INFO: Run Behavior\BuildLiteBehavior [ RunTime:0.000016s ]
INFO: [ app_init ] --END-- [ RunTime:0.000363s ]
INFO: [ app_begin ] --START--
INFO: Run Behavior\ReadHtmlCacheBehavior [ RunTime:0.000472s ]
INFO: [ app_begin ] --END-- [ RunTime:0.000530s ]
NOTIC: [8] A session had already been started - ignoring session_start() D:\wm\ThinkPHP\Common\functions.php 第 1263 行.
SQL: SHOW COLUMNS FROM `et_shopmessage` [ RunTime:0.0018s ]
SQL: SELECT COUNT(*) AS tp_count FROM `et_shopmessage` WHERE `state` IN ('1','2') LIMIT 1   [ RunTime:0.0003s ]
SQL: SELECT * FROM `et_shopmessage` WHERE `state` IN ('1','2') ORDER BY addtime desc LIMIT 0,10   [ RunTime:0.0005s ]
SQL: SELECT * FROM `et_shopmessage` WHERE `state` IN ('1','2')  [ RunTime:0.0003s ]
SQL: SHOW COLUMNS FROM `et_orders` [ RunTime:0.0024s ]
SQL: SELECT * FROM `et_orders` WHERE `state` IN ('3','4','5') AND `states` = 1 AND `shopid` = 13 AND `statu` = 2  [ RunTime:0.0010s ]
SQL: SELECT * FROM `et_orders` WHERE `state` IN ('3','4','5') AND `states` = 1 AND `shopid` = 50 AND `statu` = 2  [ RunTime:0.0009s ]
SQL: SELECT * FROM `et_orders` WHERE `state` IN ('3','4','5') AND `states` = 1 AND `shopid` = 51 AND `statu` = 2  [ RunTime:0.0011s ]
SQL: SELECT * FROM `et_orders` WHERE `state` IN ('3','4','5') AND `states` = 1 AND `shopid` = 52 AND `statu` = 2  [ RunTime:0.0010s ]
SQL: SELECT * FROM `et_orders` WHERE `state` IN ('3','4','5') AND `states` = 1 AND `shopid` = 53 AND `statu` = 2  [ RunTime:0.0010s ]
SQL: SELECT * FROM `et_orders` WHERE `state` IN ('3','4','5') AND `states` = 1 AND `shopid` = 54 AND `statu` = 2  [ RunTime:0.0011s ]
SQL: SELECT * FROM `et_orders` WHERE `state` IN ('3','4','5') AND `states` = 1 AND `shopid` = 56 AND `statu` = 2  [ RunTime:0.0010s ]
SQL: SELECT * FROM `et_orders` WHERE `state` IN ('3','4','5') AND `states` = 1 AND `shopid` = 57 AND `statu` = 2  [ RunTime:0.0010s ]
SQL: SELECT * FROM `et_orders` WHERE `state` IN ('3','4','5') AND `states` = 1 AND `shopid` = 58 AND `statu` = 2  [ RunTime:0.0010s ]
SQL: SELECT * FROM `et_orders` WHERE `state` IN ('3','4','5') AND `states` = 1 AND `shopid` = 59 AND `statu` = 2  [ RunTime:0.0010s ]
SQL: SELECT * FROM `et_orders` WHERE `state` IN ('1','2') AND `states` = 1 AND `statu` = 1  [ RunTime:0.0037s ]
SQL: SELECT COUNT(*) AS tp_count FROM `et_shopmessage` WHERE `state` = 3 LIMIT 1   [ RunTime:0.0003s ]
INFO: [ view_parse ] --START--
NOTIC: [2] file_get_contents(./Application/Admin/View/Public/left.html): failed to open stream: No such file or directory D:\wm\ThinkPHP\Library\Think\Template.class.php 第 696 行.
INFO: [ template_filter ] --START--
INFO: Run Behavior\ContentReplaceBehavior [ RunTime:0.000278s ]
INFO: [ template_filter ] --END-- [ RunTime:0.000373s ]
NOTIC: [8] Undefined variable: shopname D:\wm\Application\Runtime\Cache\Admin\76953b2fe37f9a159d1f2ee01dfc93ad.php 第 337 行.
INFO: Run Behavior\ParseTemplateBehavior [ RunTime:0.017994s ]
INFO: [ view_parse ] --END-- [ RunTime:0.018065s ]
INFO: [ view_filter ] --START--
INFO: Run Behavior\WriteHtmlCacheBehavior [ RunTime:0.000511s ]
INFO: [ view_filter ] --END-- [ RunTime:0.000582s ]
INFO: [ app_end ] --START--
INFO: Run Behavior\ShowPageTraceBehavior [ RunTime:0.000793s ]
INFO: [ app_end ] --END-- [ RunTime:0.000872s ]

[ 2017-10-07T22:00:03+08:00 ] 183.197.99.8 /index.php/Admin/User/forms?shopid=13
INFO: [ app_init ] --START--
INFO: Run Behavior\BuildLiteBehavior [ RunTime:0.000023s ]
INFO: [ app_init ] --END-- [ RunTime:0.000416s ]
INFO: [ app_begin ] --START--
INFO: Run Behavior\ReadHtmlCacheBehavior [ RunTime:0.000649s ]
INFO: [ app_begin ] --END-- [ RunTime:0.000721s ]
NOTIC: [8] A session had already been started - ignoring session_start() D:\wm\ThinkPHP\Common\functions.php 第 1263 行.
SQL: SHOW COLUMNS FROM `et_shopmessage` [ RunTime:0.0028s ]
SQL: SELECT * FROM `et_shopmessage` WHERE `shopid` = 13 LIMIT 1   [ RunTime:0.0005s ]
SQL: SHOW COLUMNS FROM `et_orders` [ RunTime:0.0032s ]
SQL: SELECT * FROM `et_orders` WHERE `shopid` = 13 AND `statu` = 2 AND `state` IN ('3','4','5')  [ RunTime:0.0027s ]
SQL: SELECT * FROM `et_orders` WHERE `shopid` = 13 AND `statu` = 2 AND `pay` = 1 AND `state` IN ('3','4','5')  [ RunTime:0.0010s ]
SQL: SELECT * FROM `et_orders` WHERE `shopid` = 13 AND `statu` = 2 AND `pay` = 2 AND `state` IN ('3','4','5')  [ RunTime:0.0010s ]
SQL: SELECT * FROM `et_orders` WHERE `shopid` = 13 AND `statu` = 2 AND `pay` = 3 AND `state` IN ('3','4','5')  [ RunTime:0.0011s ]
SQL: SELECT COUNT(*) AS tp_count FROM `et_orders` WHERE `shopid` = 13 AND `statu` = 2 AND `state` IN ('3','4','5') LIMIT 1   [ RunTime:0.0005s ]
INFO: [ view_parse ] --START--
NOTIC: [2] file_get_contents(./Application/Admin/View/Public/left.html): failed to open stream: No such file or directory D:\wm\ThinkPHP\Library\Think\Template.class.php 第 696 行.
INFO: [ template_filter ] --START--
INFO: Run Behavior\ContentReplaceBehavior [ RunTime:0.000165s ]
INFO: [ template_filter ] --END-- [ RunTime:0.000225s ]
INFO: Run Behavior\ParseTemplateBehavior [ RunTime:0.011071s ]
INFO: [ view_parse ] --END-- [ RunTime:0.011290s ]
INFO: [ view_filter ] --START--
INFO: Run Behavior\WriteHtmlCacheBehavior [ RunTime:0.000349s ]
INFO: [ view_filter ] --END-- [ RunTime:0.000397s ]
INFO: [ app_end ] --START--
INFO: Run Behavior\ShowPageTraceBehavior [ RunTime:0.000518s ]
INFO: [ app_end ] --END-- [ RunTime:0.000578s ]

[ 2017-10-07T22:00:18+08:00 ] 183.197.99.8 /index.php/Admin/User/orderlist?shopid=13
INFO: [ app_init ] --START--
INFO: Run Behavior\BuildLiteBehavior [ RunTime:0.000018s ]
INFO: [ app_init ] --END-- [ RunTime:0.000355s ]
INFO: [ app_begin ] --START--
INFO: Run Behavior\ReadHtmlCacheBehavior [ RunTime:0.000551s ]
INFO: [ app_begin ] --END-- [ RunTime:0.000628s ]
NOTIC: [8] A session had already been started - ignoring session_start() D:\wm\ThinkPHP\Common\functions.php 第 1263 行.
SQL: SHOW COLUMNS FROM `et_shopmessage` [ RunTime:0.0023s ]
SQL: SELECT * FROM `et_shopmessage` WHERE `shopid` = 13 LIMIT 1   [ RunTime:0.0004s ]
SQL: SHOW COLUMNS FROM `et_orders` [ RunTime:0.0024s ]
SQL: SELECT * FROM `et_orders` WHERE `shopid` = 13 AND `statu` = 2  [ RunTime:0.0015s ]
SQL: SELECT * FROM `et_orders` WHERE `shopid` = 13 AND `statu` = 2 ORDER BY addtime desc LIMIT 0,10   [ RunTime:4.8336s ]
SQL: SHOW COLUMNS FROM `et_ordergoods` [ RunTime:2.1833s ]
SQL: SELECT * FROM `et_ordergoods` WHERE `orderid` = '15230861505962917'  [ RunTime:3.3777s ]
SQL: SHOW COLUMNS FROM `et_shopgoods` [ RunTime:0.0025s ]
SQL: SELECT `goodsname` FROM `et_shopgoods` WHERE `goodsid` = 151 LIMIT 1   [ RunTime:0.2442s ]
NOTIC: [8] Undefined index: goodsname D:\wm\Application\Admin\Controller\UserController.class.php 第 641 行.
SQL: SELECT `goodsname` FROM `et_shopgoods` WHERE `goodsid` = 152 LIMIT 1   [ RunTime:0.2285s ]
SQL: SELECT * FROM `et_ordergoods` WHERE `orderid` = '1234561505962849'  [ RunTime:0.0012s ]
SQL: SELECT `goodsname` FROM `et_shopgoods` WHERE `goodsid` = 151 LIMIT 1   [ RunTime:0.0003s ]
NOTIC: [8] Undefined index: goodsname D:\wm\Application\Admin\Controller\UserController.class.php 第 641 行.
SQL: SELECT * FROM `et_ordergoods` WHERE `orderid` = '1234561505961870'  [ RunTime:0.0010s ]
SQL: SELECT `goodsname` FROM `et_shopgoods` WHERE `goodsid` = 146 LIMIT 1   [ RunTime:0.6162s ]
NOTIC: [8] Undefined index: goodsname D:\wm\Application\Admin\Controller\UserController.class.php 第 641 行.
SQL: SELECT * FROM `et_ordergoods` WHERE `orderid` = '1505270711'  [ RunTime:0.0011s ]
SQL: SELECT `goodsname` FROM `et_shopgoods` WHERE `goodsid` = 146 LIMIT 1   [ RunTime:0.0002s ]
NOTIC: [8] Undefined index: goodsname D:\wm\Application\Admin\Controller\UserController.class.php 第 641 行.
SQL: SELECT * FROM `et_ordergoods` WHERE `orderid` = '1504754694'  [ RunTime:0.0010s ]
SQL: SELECT `goodsname` FROM `et_shopgoods` WHERE `goodsid` = 146 LIMIT 1   [ RunTime:0.0002s ]
NOTIC: [8] Undefined index: goodsname D:\wm\Application\Admin\Controller\UserController.class.php 第 641 行.
SQL: SELECT `goodsname` FROM `et_shopgoods` WHERE `goodsid` = 151 LIMIT 1   [ RunTime:0.0002s ]
SQL: SELECT * FROM `et_ordergoods` WHERE `orderid` = '1504754632'  [ RunTime:0.0009s ]
SQL: SELECT `goodsname` FROM `et_shopgoods` WHERE `goodsid` = 146 LIMIT 1   [ RunTime:0.0002s ]
NOTIC: [8] Undefined index: goodsname D:\wm\Application\Admin\Controller\UserController.class.php 第 641 行.
SQL: SELECT * FROM `et_ordergoods` WHERE `orderid` = '1504754479'  [ RunTime:0.0019s ]
SQL: SELECT `goodsname` FROM `et_shopgoods` WHERE `goodsid` = 146 LIMIT 1   [ RunTime:0.0002s ]
NOTIC: [8] Undefined index: goodsname D:\wm\Application\Admin\Controller\UserController.class.php 第 641 行.
SQL: SELECT * FROM `et_ordergoods` WHERE `orderid` = '1504754407'  [ RunTime:0.0009s ]
SQL: SELECT `goodsname` FROM `et_shopgoods` WHERE `goodsid` = 146 LIMIT 1   [ RunTime:0.0002s ]
NOTIC: [8] Undefined index: goodsname D:\wm\Application\Admin\Controller\UserController.class.php 第 641 行.
SQL: SELECT * FROM `et_ordergoods` WHERE `orderid` = '1504754265'  [ RunTime:0.0011s ]
SQL: SELECT `goodsname` FROM `et_shopgoods` WHERE `goodsid` = 146 LIMIT 1   [ RunTime:0.0002s ]
NOTIC: [8] Undefined index: goodsname D:\wm\Application\Admin\Controller\UserController.class.php 第 641 行.
SQL: SELECT * FROM `et_ordergoods` WHERE `orderid` = '1504754011'  [ RunTime:0.0010s ]
SQL: SELECT `goodsname` FROM `et_shopgoods` WHERE `goodsid` = 146 LIMIT 1   [ RunTime:0.0002s ]
NOTIC: [8] Undefined index: goodsname D:\wm\Application\Admin\Controller\UserController.class.php 第 641 行.
INFO: [ view_parse ] --START--
NOTIC: [2] file_get_contents(./Application/Admin/View/Public/left.html): failed to open stream: No such file or directory D:\wm\ThinkPHP\Library\Think\Template.class.php 第 696 行.
INFO: [ template_filter ] --START--
INFO: Run Behavior\ContentReplaceBehavior [ RunTime:0.000222s ]
INFO: [ template_filter ] --END-- [ RunTime:0.000295s ]
INFO: Run Behavior\ParseTemplateBehavior [ RunTime:0.039879s ]
INFO: [ view_parse ] --END-- [ RunTime:0.039942s ]
INFO: [ view_filter ] --START--
INFO: Run Behavior\WriteHtmlCacheBehavior [ RunTime:0.000315s ]
INFO: [ view_filter ] --END-- [ RunTime:0.000354s ]
INFO: [ app_end ] --START--
INFO: Run Behavior\ShowPageTraceBehavior [ RunTime:0.000515s ]
INFO: [ app_end ] --END-- [ RunTime:0.000565s ]

[ 2017-10-07T22:01:53+08:00 ] 183.197.99.8 /index.php/Admin/User/ready.html
INFO: [ app_init ] --START--
INFO: Run Behavior\BuildLiteBehavior [ RunTime:0.000021s ]
INFO: [ app_init ] --END-- [ RunTime:0.000331s ]
INFO: [ app_begin ] --START--
INFO: Run Behavior\ReadHtmlCacheBehavior [ RunTime:0.000449s ]
INFO: [ app_begin ] --END-- [ RunTime:0.000502s ]
NOTIC: [8] A session had already been started - ignoring session_start() D:\wm\ThinkPHP\Common\functions.php 第 1263 行.
SQL: SHOW COLUMNS FROM `et_shopmessage` [ RunTime:0.0017s ]
SQL: SELECT COUNT(*) AS tp_count FROM `et_shopmessage` WHERE `state` IN ('1','2') LIMIT 1   [ RunTime:0.0003s ]
SQL: SELECT * FROM `et_shopmessage` WHERE `state` IN ('1','2') ORDER BY addtime desc LIMIT 0,10   [ RunTime:0.0009s ]
SQL: SELECT * FROM `et_shopmessage` WHERE `state` IN ('1','2')  [ RunTime:0.0005s ]
SQL: SHOW COLUMNS FROM `et_orders` [ RunTime:0.0026s ]
SQL: SELECT * FROM `et_orders` WHERE `state` IN ('3','4','5') AND `states` = 1 AND `shopid` = 13 AND `statu` = 2  [ RunTime:0.0012s ]
SQL: SELECT * FROM `et_orders` WHERE `state` IN ('3','4','5') AND `states` = 1 AND `shopid` = 50 AND `statu` = 2  [ RunTime:0.0012s ]
SQL: SELECT * FROM `et_orders` WHERE `state` IN ('3','4','5') AND `states` = 1 AND `shopid` = 51 AND `statu` = 2  [ RunTime:0.0012s ]
SQL: SELECT * FROM `et_orders` WHERE `state` IN ('3','4','5') AND `states` = 1 AND `shopid` = 52 AND `statu` = 2  [ RunTime:0.0011s ]
SQL: SELECT * FROM `et_orders` WHERE `state` IN ('3','4','5') AND `states` = 1 AND `shopid` = 53 AND `statu` = 2  [ RunTime:0.0011s ]
SQL: SELECT * FROM `et_orders` WHERE `state` IN ('3','4','5') AND `states` = 1 AND `shopid` = 54 AND `statu` = 2  [ RunTime:0.0012s ]
SQL: SELECT * FROM `et_orders` WHERE `state` IN ('3','4','5') AND `states` = 1 AND `shopid` = 56 AND `statu` = 2  [ RunTime:0.0013s ]
SQL: SELECT * FROM `et_orders` WHERE `state` IN ('3','4','5') AND `states` = 1 AND `shopid` = 57 AND `statu` = 2  [ RunTime:0.0010s ]
SQL: SELECT * FROM `et_orders` WHERE `state` IN ('3','4','5') AND `states` = 1 AND `shopid` = 58 AND `statu` = 2  [ RunTime:0.0010s ]
SQL: SELECT * FROM `et_orders` WHERE `state` IN ('3','4','5') AND `states` = 1 AND `shopid` = 59 AND `statu` = 2  [ RunTime:0.0010s ]
SQL: SELECT * FROM `et_orders` WHERE `state` IN ('1','2') AND `states` = 1 AND `statu` = 1  [ RunTime:0.0049s ]
SQL: SELECT COUNT(*) AS tp_count FROM `et_shopmessage` WHERE `state` = 3 LIMIT 1   [ RunTime:0.0005s ]
INFO: [ view_parse ] --START--
NOTIC: [2] file_get_contents(./Application/Admin/View/Public/left.html): failed to open stream: No such file or directory D:\wm\ThinkPHP\Library\Think\Template.class.php 第 696 行.
INFO: [ template_filter ] --START--
INFO: Run Behavior\ContentReplaceBehavior [ RunTime:0.000179s ]
INFO: [ template_filter ] --END-- [ RunTime:0.000247s ]
NOTIC: [8] Undefined variable: shopname D:\wm\Application\Runtime\Cache\Admin\76953b2fe37f9a159d1f2ee01dfc93ad.php 第 337 行.
INFO: Run Behavior\ParseTemplateBehavior [ RunTime:0.014795s ]
INFO: [ view_parse ] --END-- [ RunTime:0.014848s ]
INFO: [ view_filter ] --START--
INFO: Run Behavior\WriteHtmlCacheBehavior [ RunTime:0.000284s ]
INFO: [ view_filter ] --END-- [ RunTime:0.000327s ]
INFO: [ app_end ] --START--
INFO: Run Behavior\ShowPageTraceBehavior [ RunTime:0.000486s ]
INFO: [ app_end ] --END-- [ RunTime:0.000539s ]

[ 2017-10-07T22:09:24+08:00 ] 183.197.99.8 /index.php/Admin/User/forms?shopid=13
INFO: [ app_init ] --START--
INFO: Run Behavior\BuildLiteBehavior [ RunTime:0.000017s ]
INFO: [ app_init ] --END-- [ RunTime:0.000312s ]
INFO: [ app_begin ] --START--
INFO: Run Behavior\ReadHtmlCacheBehavior [ RunTime:0.000599s ]
INFO: [ app_begin ] --END-- [ RunTime:0.000669s ]
NOTIC: [8] A session had already been started - ignoring session_start() D:\wm\ThinkPHP\Common\functions.php 第 1263 行.
SQL: SHOW COLUMNS FROM `et_shopmessage` [ RunTime:0.0030s ]
SQL: SELECT * FROM `et_shopmessage` WHERE `shopid` = 13 LIMIT 1   [ RunTime:0.0003s ]
SQL: SHOW COLUMNS FROM `et_orders` [ RunTime:0.0019s ]
SQL: SELECT * FROM `et_orders` WHERE `shopid` = 13 AND `statu` = 2 AND `state` IN ('3','4','5')  [ RunTime:0.0012s ]
SQL: SELECT * FROM `et_orders` WHERE `shopid` = 13 AND `statu` = 2 AND `pay` = 1 AND `state` IN ('3','4','5')  [ RunTime:0.0009s ]
SQL: SELECT * FROM `et_orders` WHERE `shopid` = 13 AND `statu` = 2 AND `pay` = 2 AND `state` IN ('3','4','5')  [ RunTime:0.0011s ]
SQL: SELECT * FROM `et_orders` WHERE `shopid` = 13 AND `statu` = 2 AND `pay` = 3 AND `state` IN ('3','4','5')  [ RunTime:0.0011s ]
SQL: SELECT COUNT(*) AS tp_count FROM `et_orders` WHERE `shopid` = 13 AND `statu` = 2 AND `state` IN ('3','4','5') LIMIT 1   [ RunTime:0.0006s ]
INFO: [ view_parse ] --START--
NOTIC: [2] file_get_contents(./Application/Admin/View/Public/left.html): failed to open stream: No such file or directory D:\wm\ThinkPHP\Library\Think\Template.class.php 第 696 行.
INFO: [ template_filter ] --START--
INFO: Run Behavior\ContentReplaceBehavior [ RunTime:0.000190s ]
INFO: [ template_filter ] --END-- [ RunTime:0.000246s ]
INFO: Run Behavior\ParseTemplateBehavior [ RunTime:0.011919s ]
INFO: [ view_parse ] --END-- [ RunTime:0.011983s ]
INFO: [ view_filter ] --START--
INFO: Run Behavior\WriteHtmlCacheBehavior [ RunTime:0.000267s ]
INFO: [ view_filter ] --END-- [ RunTime:0.000306s ]
INFO: [ app_end ] --START--
INFO: Run Behavior\ShowPageTraceBehavior [ RunTime:0.000509s ]
INFO: [ app_end ] --END-- [ RunTime:0.000560s ]

[ 2017-10-07T22:09:39+08:00 ] 183.197.99.8 /index.php/Admin/Root/roots.html
INFO: [ app_init ] --START--
INFO: Run Behavior\BuildLiteBehavior [ RunTime:0.000021s ]
INFO: [ app_init ] --END-- [ RunTime:0.000381s ]
INFO: [ app_begin ] --START--
INFO: Run Behavior\ReadHtmlCacheBehavior [ RunTime:0.000605s ]
INFO: [ app_begin ] --END-- [ RunTime:0.000674s ]
NOTIC: [8] A session had already been started - ignoring session_start() D:\wm\ThinkPHP\Common\functions.php 第 1263 行.
SQL: SHOW COLUMNS FROM `et_root` [ RunTime:0.0032s ]
SQL: SELECT COUNT(*) AS tp_count FROM `et_root` LIMIT 1   [ RunTime:0.0003s ]
SQL: SELECT * FROM `et_root` ORDER BY uid desc LIMIT 0,10   [ RunTime:0.7395s ]
INFO: [ view_parse ] --START--
NOTIC: [2] file_get_contents(./Application/Admin/View/Public/left.html): failed to open stream: No such file or directory D:\wm\ThinkPHP\Library\Think\Template.class.php 第 696 行.
INFO: [ template_filter ] --START--
INFO: Run Behavior\ContentReplaceBehavior [ RunTime:0.000310s ]
INFO: [ template_filter ] --END-- [ RunTime:0.000418s ]
NOTIC: [8] Undefined index: flag D:\wm\Application\Runtime\Cache\Admin\68c0e834e7bf6be4832d4eb2f6eca78d.php 第 357 行.
NOTIC: [8] Undefined index: flag D:\wm\Application\Runtime\Cache\Admin\68c0e834e7bf6be4832d4eb2f6eca78d.php 第 393 行.
NOTIC: [8] Undefined index: flag D:\wm\Application\Runtime\Cache\Admin\68c0e834e7bf6be4832d4eb2f6eca78d.php 第 357 行.
INFO: Run Behavior\ParseTemplateBehavior [ RunTime:0.049414s ]
INFO: [ view_parse ] --END-- [ RunTime:0.049529s ]
INFO: [ view_filter ] --START--
INFO: Run Behavior\WriteHtmlCacheBehavior [ RunTime:0.000529s ]
INFO: [ view_filter ] --END-- [ RunTime:0.000599s ]
INFO: [ app_end ] --START--
INFO: Run Behavior\ShowPageTraceBehavior [ RunTime:0.000787s ]
INFO: [ app_end ] --END-- [ RunTime:0.000861s ]

[ 2017-10-07T22:09:53+08:00 ] 183.197.99.8 /index.php/Admin/Shop/outthis.html
INFO: [ app_init ] --START--
INFO: Run Behavior\BuildLiteBehavior [ RunTime:0.000017s ]
INFO: [ app_init ] --END-- [ RunTime:0.000323s ]
INFO: [ app_begin ] --START--
INFO: Run Behavior\ReadHtmlCacheBehavior [ RunTime:0.000533s ]
INFO: [ app_begin ] --END-- [ RunTime:0.000597s ]
NOTIC: [8] A session had already been started - ignoring session_start() D:\wm\ThinkPHP\Common\functions.php 第 1263 行.
SQL: SHOW COLUMNS FROM `et_shopmessage` [ RunTime:0.0022s ]
SQL: SELECT COUNT(*) AS tp_count FROM `et_shopmessage` WHERE `state` = 4 LIMIT 1   [ RunTime:0.0004s ]
SQL: SELECT * FROM `et_shopmessage` WHERE `state` = 4 ORDER BY addtime desc LIMIT 0,10   [ RunTime:0.5141s ]
SQL: SELECT COUNT(*) AS tp_count FROM `et_shopmessage` WHERE `states` = 2 LIMIT 1   [ RunTime:0.4305s ]
SQL: SHOW COLUMNS FROM `et_backtalk` [ RunTime:1.6158s ]
SQL: SELECT COUNT(*) AS tp_count FROM `et_backtalk` LIMIT 1   [ RunTime:2.0982s ]
SQL: SHOW COLUMNS FROM `et_backmessage` [ RunTime:1.3471s ]
SQL: SELECT COUNT(*) AS tp_count FROM `et_backmessage` LIMIT 1   [ RunTime:0.1111s ]
SQL: SELECT COUNT(*) AS tp_count FROM `et_shopmessage` WHERE `state` = 4 LIMIT 1   [ RunTime:0.0003s ]
SQL: SELECT COUNT(*) AS tp_count FROM `et_backtalk` LIMIT 1   [ RunTime:0.0002s ]
INFO: [ view_parse ] --START--
NOTIC: [2] file_get_contents(./Application/Admin/View/Public/left.html): failed to open stream: No such file or directory D:\wm\ThinkPHP\Library\Think\Template.class.php 第 696 行.
INFO: [ template_filter ] --START--
INFO: Run Behavior\ContentReplaceBehavior [ RunTime:0.000185s ]
INFO: [ template_filter ] --END-- [ RunTime:0.000252s ]
NOTIC: [8] Undefined variable: shopname D:\wm\Application\Runtime\Cache\Admin\eb3a254593c55e1dcad454506313897c.php 第 349 行.
INFO: Run Behavior\ParseTemplateBehavior [ RunTime:0.199712s ]
INFO: [ view_parse ] --END-- [ RunTime:0.199817s ]
INFO: [ view_filter ] --START--
INFO: Run Behavior\WriteHtmlCacheBehavior [ RunTime:0.000298s ]
INFO: [ view_filter ] --END-- [ RunTime:0.000340s ]
INFO: [ app_end ] --START--
INFO: Run Behavior\ShowPageTraceBehavior [ RunTime:0.000495s ]
INFO: [ app_end ] --END-- [ RunTime:0.000560s ]

[ 2017-10-07T22:09:53+08:00 ] 183.197.99.8 /index.php/Admin/Shop/outthis.html
INFO: [ app_init ] --START--
INFO: Run Behavior\BuildLiteBehavior [ RunTime:0.000016s ]
INFO: [ app_init ] --END-- [ RunTime:0.000331s ]
INFO: [ app_begin ] --START--
INFO: Run Behavior\ReadHtmlCacheBehavior [ RunTime:0.000455s ]
INFO: [ app_begin ] --END-- [ RunTime:0.000510s ]
NOTIC: [8] A session had already been started - ignoring session_start() D:\wm\ThinkPHP\Common\functions.php 第 1263 行.
SQL: SHOW COLUMNS FROM `et_shopmessage` [ RunTime:0.0023s ]
SQL: SELECT COUNT(*) AS tp_count FROM `et_shopmessage` WHERE `state` = 4 LIMIT 1   [ RunTime:0.0003s ]
SQL: SELECT * FROM `et_shopmessage` WHERE `state` = 4 ORDER BY addtime desc LIMIT 0,10   [ RunTime:0.0003s ]
SQL: SELECT COUNT(*) AS tp_count FROM `et_shopmessage` WHERE `states` = 2 LIMIT 1   [ RunTime:0.0002s ]
SQL: SHOW COLUMNS FROM `et_backtalk` [ RunTime:0.0024s ]
SQL: SELECT COUNT(*) AS tp_count FROM `et_backtalk` LIMIT 1   [ RunTime:0.0002s ]
SQL: SHOW COLUMNS FROM `et_backmessage` [ RunTime:0.0019s ]
SQL: SELECT COUNT(*) AS tp_count FROM `et_backmessage` LIMIT 1   [ RunTime:0.0002s ]
SQL: SELECT COUNT(*) AS tp_count FROM `et_shopmessage` WHERE `state` = 4 LIMIT 1   [ RunTime:0.0002s ]
SQL: SELECT COUNT(*) AS tp_count FROM `et_backtalk` LIMIT 1   [ RunTime:0.0002s ]
INFO: [ view_parse ] --START--
NOTIC: [2] file_get_contents(./Application/Admin/View/Public/left.html): failed to open stream: No such file or directory D:\wm\ThinkPHP\Library\Think\Template.class.php 第 696 行.
INFO: [ template_filter ] --START--
INFO: Run Behavior\ContentReplaceBehavior [ RunTime:0.000248s ]
INFO: [ template_filter ] --END-- [ RunTime:0.000316s ]
NOTIC: [8] Undefined variable: shopname D:\wm\Application\Runtime\Cache\Admin\eb3a254593c55e1dcad454506313897c.php 第 349 行.
INFO: Run Behavior\ParseTemplateBehavior [ RunTime:0.012874s ]
INFO: [ view_parse ] --END-- [ RunTime:0.012926s ]
INFO: [ view_filter ] --START--
INFO: Run Behavior\WriteHtmlCacheBehavior [ RunTime:0.000263s ]
INFO: [ view_filter ] --END-- [ RunTime:0.000300s ]
INFO: [ app_end ] --START--
INFO: Run Behavior\ShowPageTraceBehavior [ RunTime:0.000508s ]
INFO: [ app_end ] --END-- [ RunTime:0.000554s ]

[ 2017-10-07T23:41:37+08:00 ] 49.178.31.79 /index.php/Admin/User/jiaoyi.html
INFO: [ app_init ] --START--
INFO: Run Behavior\BuildLiteBehavior [ RunTime:0.000016s ]
INFO: [ app_init ] --END-- [ RunTime:0.000297s ]
INFO: [ app_begin ] --START--
INFO: Run Behavior\ReadHtmlCacheBehavior [ RunTime:0.000531s ]
INFO: [ app_begin ] --END-- [ RunTime:0.000585s ]
NOTIC: [8] A session had already been started - ignoring session_start() D:\wm\ThinkPHP\Common\functions.php 第 1263 行.

[ 2017-10-07T23:41:39+08:00 ] 49.178.31.79 /index.php/Admin/Login/loadlogin.html
INFO: [ app_init ] --START--
INFO: Run Behavior\BuildLiteBehavior [ RunTime:0.000021s ]
INFO: [ app_init ] --END-- [ RunTime:0.000468s ]
INFO: [ app_begin ] --START--
INFO: Run Behavior\ReadHtmlCacheBehavior [ RunTime:0.000515s ]
INFO: [ app_begin ] --END-- [ RunTime:0.000609s ]
NOTIC: [8] A session had already been started - ignoring session_start() D:\wm\ThinkPHP\Common\functions.php 第 1263 行.
INFO: [ view_parse ] --START--
INFO: [ template_filter ] --START--
INFO: Run Behavior\ContentReplaceBehavior [ RunTime:0.000052s ]
INFO: [ template_filter ] --END-- [ RunTime:0.000103s ]
INFO: Run Behavior\ParseTemplateBehavior [ RunTime:0.005092s ]
INFO: [ view_parse ] --END-- [ RunTime:0.005144s ]
INFO: [ view_filter ] --START--
INFO: Run Behavior\WriteHtmlCacheBehavior [ RunTime:0.000307s ]
INFO: [ view_filter ] --END-- [ RunTime:0.000347s ]
INFO: [ app_end ] --START--
INFO: Run Behavior\ShowPageTraceBehavior [ RunTime:0.000560s ]
INFO: [ app_end ] --END-- [ RunTime:0.000610s ]

